<?xml version="1.0" encoding="UTF-8"?>
<testsuites name="CC_RentalInvoicewithSplitTenderTestSuite" time="459" tests="1" failures="0" errors="0">
   <testsuite name="CC_RentalInvoicewithSplitTenderTestSuite" tests="1" failures="0" errors="0" time="459" timestamp="2017-11-21 19:04:52" hostname="agawhande - ANIL110.e-emphasys.com" id="Test Suites/CC_RentalInvoicewithSplitTenderTestSuite">
      <properties>
         <property name="deviceName" value=""/>
         <property name="devicePlatform" value=""/>
         <property name="logFolder" value="C:\\Users\\agawhande\\git\\CreditCard\\Reports\\CC_RentalInvoicewithSplitTenderTestSuite\\20171121_190444"/>
         <property name="logFiles" value="C:\\Users\\agawhande\\git\\CreditCard\\Reports\\CC_RentalInvoicewithSplitTenderTestSuite\\20171121_190444\\execution0.log"/>
         <property name="attachments" value=""/>
         <property name="hostName" value="agawhande - ANIL110.e-emphasys.com"/>
         <property name="os" value="Windows 7 64bit"/>
         <property name="katalonVersion" value="4.8.0.2"/>
         <property name="browser" value="Firefox 56.0"/>
         <property name="hostAddress" value="192.168.25.228"/>
         <property name="sessionId" value="242dc994-1ed6-40bb-9743-92c4e05ba676"/>
         <property name="seleniumVersion" value="unknown"/>
         <property name="proxyInformation" value="ProxyInformation{proxyOption=NO_PROXY, proxyServerType=, password=, proxyServerAddress=, proxyServerPort=0}"/>
         <property name="platform" value="Windows 7"/>
      </properties>
      <testcase name="Test Cases/Rental/Base_RentalContract/CreditCardRegression/TC004_RentalContractInvoice_SplitTender" classname="Test Cases/Rental/Base_RentalContract/CreditCardRegression/TC004_RentalContractInvoice_SplitTender" status="PASSED">
         <system-out><![CDATA[2017-11-21 19:04:52 - [TEST_CASE][PASSED] - Test Cases/Rental/Base_RentalContract/CreditCardRegression/TC004_RentalContractInvoice_SplitTender: Test Cases/Rental/Base_RentalContract/CreditCardRegression/TC004_RentalContractInvoice_SplitTender

2017-11-21 19:04:53 - [TEST_STEP][PASSED] - callTestCase: Call Test Case 'Test Cases/Equipment/Base_EquipmentPurchase/EPO_CreateNrecieve' successfully

2017-11-21 19:04:53 - [TEST_CASE][PASSED] - Test Cases/Equipment/Base_EquipmentPurchase/EPO_CreateNrecieve: Test Cases/Equipment/Base_EquipmentPurchase/EPO_CreateNrecieve

2017-11-21 19:04:53 - [TEST_STEP][PASSED] - callTestCase: Call Test Case 'Test Cases/Equipment/Base_EquipmentPurchase/Base_EPO_CreateHeaderNline' successfully

2017-11-21 19:04:53 - [TEST_CASE][PASSED] - Test Cases/Equipment/Base_EquipmentPurchase/Base_EPO_CreateHeaderNline: Test Cases/Equipment/Base_EquipmentPurchase/Base_EPO_CreateHeaderNline

2017-11-21 19:04:54 - [TEST_STEP][PASSED] - callTestCase: Call Test Case 'Test Cases/Common/Base_Common_OpenSession' successfully

2017-11-21 19:04:54 - [TEST_CASE][PASSED] - Test Cases/Common/Base_Common_OpenSession: Test Cases/Common/Base_Common_OpenSession

2017-11-21 19:04:54 - [TEST_STEP][PASSED] - openBrowser: Browser is opened with url: 'https://rgajbhiye:Robin$123@proxima-ln4.e-emphasys.com:8441/webui/servlet/login'

2017-11-21 19:05:02 - [MESSAGE][PASSED] - Browser is opened with url: 'https://rgajbhiye:Robin$123@proxima-ln4.e-emphasys.com:8441/webui/servlet/login'

2017-11-21 19:05:02 - [TEST_STEP][PASSED] - waitForPageLoad: Wait for page load successfully

2017-11-21 19:05:02 - [MESSAGE][PASSED] - Wait for page load successfully

2017-11-21 19:05:02 - [TEST_STEP][PASSED] - maximizeWindow: Current window maximized

2017-11-21 19:05:02 - [MESSAGE][PASSED] - Current window maximized

2017-11-21 19:05:02 - [TEST_STEP][PASSED] - click: Object: 'Object Repository/Common/HomePage/HomePage_more' is clicked on

2017-11-21 19:05:06 - [MESSAGE][PASSED] - Object: 'Object Repository/Common/HomePage/HomePage_more' is clicked on

2017-11-21 19:05:06 - [TEST_STEP][PASSED] - click: Object: 'Object Repository/Common/HomePage/HomePage_Option' is clicked on

2017-11-21 19:05:06 - [MESSAGE][PASSED] - Object: 'Object Repository/Common/HomePage/HomePage_Option' is clicked on

2017-11-21 19:05:06 - [TEST_STEP][PASSED] - click: Object: 'Object Repository/Common/HomePage/HomePage_RunProgram_' is clicked on

2017-11-21 19:05:06 - [MESSAGE][PASSED] - Object: 'Object Repository/Common/HomePage/HomePage_RunProgram_' is clicked on

2017-11-21 19:05:06 - [TEST_STEP][PASSED] - sendKeys: Keys 'tdext8150s000' sent to object: 'Object Repository/Common/HomePage/HomePage_Session_ID'

2017-11-21 19:05:07 - [MESSAGE][PASSED] - Keys 'tdext8150s000' sent to object: 'Object Repository/Common/HomePage/HomePage_Session_ID'

2017-11-21 19:05:07 - [TEST_STEP][PASSED] - click: Object: 'Object Repository/Common/HomePage/HomePage_OkButton' is clicked on

2017-11-21 19:05:07 - [MESSAGE][PASSED] - Object: 'Object Repository/Common/HomePage/HomePage_OkButton' is clicked on

2017-11-21 19:05:07 - [MESSAGE][PASSED] - Call Test Case 'Test Cases/Common/Base_Common_OpenSession' successfully

2017-11-21 19:05:07 - [TEST_STEP][PASSED] - waitForElementPresent: Object 'Object Repository/Equipment/EquipmentPurchase/EPO_Header/EPO_Header_New' is present

2017-11-21 19:05:10 - [MESSAGE][PASSED] - Object 'Object Repository/Equipment/EquipmentPurchase/EPO_Header/EPO_Header_New' is present

2017-11-21 19:05:10 - [TEST_STEP][PASSED] - click: Object: 'Object Repository/Equipment/EquipmentPurchase/EPO_Header/EPO_Header_New' is clicked on

2017-11-21 19:05:10 - [MESSAGE][PASSED] - Object: 'Object Repository/Equipment/EquipmentPurchase/EPO_Header/EPO_Header_New' is clicked on

2017-11-21 19:05:10 - [TEST_STEP][PASSED] - click: Object: 'Object Repository/Equipment/EquipmentPurchase/EPO_Header/EPO_Header_Customer' is clicked on

2017-11-21 19:05:10 - [MESSAGE][PASSED] - Object: 'Object Repository/Equipment/EquipmentPurchase/EPO_Header/EPO_Header_Customer' is clicked on

2017-11-21 19:05:10 - [TEST_STEP][PASSED] - setText: Text 'M00000010' is set on object 'Object Repository/Equipment/EquipmentPurchase/EPO_Header/EPO_Header_Customer'

2017-11-21 19:05:10 - [MESSAGE][PASSED] - Text 'M00000010' is set on object 'Object Repository/Equipment/EquipmentPurchase/EPO_Header/EPO_Header_Customer'

2017-11-21 19:05:10 - [TEST_STEP][PASSED] - click: Object: 'Object Repository/Equipment/EquipmentPurchase/EPO_Header/EPO_Header_Save' is clicked on

2017-11-21 19:05:11 - [MESSAGE][PASSED] - Object: 'Object Repository/Equipment/EquipmentPurchase/EPO_Header/EPO_Header_Save' is clicked on

2017-11-21 19:05:11 - [TEST_STEP][PASSED] - delay: Delayed 5 second(s)

2017-11-21 19:05:16 - [MESSAGE][PASSED] - Delayed 5 second(s)

2017-11-21 19:05:16 - [TEST_STEP][PASSED] - click: Object: 'Object Repository/Equipment/EquipmentPurchase/EPO_Header/EPO_Header_Action' is clicked on

2017-11-21 19:05:16 - [MESSAGE][PASSED] - Object: 'Object Repository/Equipment/EquipmentPurchase/EPO_Header/EPO_Header_Action' is clicked on

2017-11-21 19:05:16 - [TEST_STEP][PASSED] - click: Object: 'Object Repository/Equipment/EquipmentPurchase/EPO_Header/EPO_Header_Action_OrderLines' is clicked on

2017-11-21 19:05:16 - [MESSAGE][PASSED] - Object: 'Object Repository/Equipment/EquipmentPurchase/EPO_Header/EPO_Header_Action_OrderLines' is clicked on

2017-11-21 19:05:16 - [TEST_STEP][PASSED] - waitForElementPresent: Object 'Object Repository/Equipment/EquipmentPurchase/EPO_Line/EPO_MultiLine_New' is present

2017-11-21 19:05:18 - [MESSAGE][PASSED] - Object 'Object Repository/Equipment/EquipmentPurchase/EPO_Line/EPO_MultiLine_New' is present

2017-11-21 19:05:18 - [TEST_STEP][PASSED] - click: Object: 'Object Repository/Equipment/EquipmentPurchase/EPO_Line/EPO_MultiLine_New' is clicked on

2017-11-21 19:05:18 - [MESSAGE][PASSED] - Object: 'Object Repository/Equipment/EquipmentPurchase/EPO_Line/EPO_MultiLine_New' is clicked on

2017-11-21 19:05:18 - [TEST_STEP][PASSED] - waitForElementPresent: Object 'Object Repository/Equipment/EquipmentPurchase/EPO_Line/EPO_Line_Model' is present

2017-11-21 19:05:19 - [MESSAGE][PASSED] - Object 'Object Repository/Equipment/EquipmentPurchase/EPO_Line/EPO_Line_Model' is present

2017-11-21 19:05:19 - [TEST_STEP][PASSED] - click: Object: 'Object Repository/Equipment/EquipmentPurchase/EPO_Line/EPO_Line_Model' is clicked on

2017-11-21 19:05:19 - [MESSAGE][PASSED] - Object: 'Object Repository/Equipment/EquipmentPurchase/EPO_Line/EPO_Line_Model' is clicked on

2017-11-21 19:05:19 - [TEST_STEP][PASSED] - delay: Delayed 2 second(s)

2017-11-21 19:05:21 - [MESSAGE][PASSED] - Delayed 2 second(s)

2017-11-21 19:05:21 - [TEST_STEP][PASSED] - setText: Text '1032' is set on object 'Object Repository/Equipment/EquipmentPurchase/EPO_Line/EPO_Line_Model'

2017-11-21 19:05:21 - [MESSAGE][PASSED] - Text '1032' is set on object 'Object Repository/Equipment/EquipmentPurchase/EPO_Line/EPO_Line_Model'

2017-11-21 19:05:21 - [TEST_STEP][PASSED] - click: Object: 'Object Repository/Equipment/EquipmentPurchase/EPO_Line/EPO_Line_NeworUsed' is clicked on

2017-11-21 19:05:21 - [MESSAGE][PASSED] - Object: 'Object Repository/Equipment/EquipmentPurchase/EPO_Line/EPO_Line_NeworUsed' is clicked on

2017-11-21 19:05:21 - [TEST_STEP][PASSED] - click: Object: 'Object Repository/Equipment/EquipmentPurchase/EPO_Line/EPO_Line_NewEquipOption' is clicked on

2017-11-21 19:05:22 - [MESSAGE][PASSED] - Object: 'Object Repository/Equipment/EquipmentPurchase/EPO_Line/EPO_Line_NewEquipOption' is clicked on

2017-11-21 19:05:22 - [TEST_STEP][PASSED] - click: Object: 'Object Repository/Equipment/EquipmentPurchase/EPO_Line/EPO_Line_PlannedDate' is clicked on

2017-11-21 19:05:22 - [MESSAGE][PASSED] - Object: 'Object Repository/Equipment/EquipmentPurchase/EPO_Line/EPO_Line_PlannedDate' is clicked on

2017-11-21 19:05:22 - [TEST_STEP][PASSED] - delay: Delayed 2 second(s)

2017-11-21 19:05:24 - [MESSAGE][PASSED] - Delayed 2 second(s)

2017-11-21 19:05:24 - [TEST_STEP][PASSED] - setText: Text '+10' is set on object 'Object Repository/Equipment/EquipmentPurchase/EPO_Line/EPO_Line_PlannedDate'

2017-11-21 19:05:24 - [MESSAGE][PASSED] - Text '+10' is set on object 'Object Repository/Equipment/EquipmentPurchase/EPO_Line/EPO_Line_PlannedDate'

2017-11-21 19:05:24 - [TEST_STEP][PASSED] - click: Object: 'Object Repository/Equipment/EquipmentPurchase/EPO_Line/EPO_Line_Price' is clicked on

2017-11-21 19:05:24 - [MESSAGE][PASSED] - Object: 'Object Repository/Equipment/EquipmentPurchase/EPO_Line/EPO_Line_Price' is clicked on

2017-11-21 19:05:24 - [TEST_STEP][PASSED] - delay: Delayed 2 second(s)

2017-11-21 19:05:26 - [MESSAGE][PASSED] - Delayed 2 second(s)

2017-11-21 19:05:26 - [TEST_STEP][PASSED] - setText: Text '100' is set on object 'Object Repository/Equipment/EquipmentPurchase/EPO_Line/EPO_Line_Price'

2017-11-21 19:05:26 - [MESSAGE][PASSED] - Text '100' is set on object 'Object Repository/Equipment/EquipmentPurchase/EPO_Line/EPO_Line_Price'

2017-11-21 19:05:26 - [TEST_STEP][PASSED] - click: Object: 'Object Repository/Equipment/EquipmentPurchase/EPO_Line/EPO_Line_Save' is clicked on

2017-11-21 19:05:27 - [MESSAGE][PASSED] - Object: 'Object Repository/Equipment/EquipmentPurchase/EPO_Line/EPO_Line_Save' is clicked on

2017-11-21 19:05:27 - [TEST_STEP][PASSED] - click: Object: 'Object Repository/Equipment/EquipmentPurchase/EPO_Line/EPO_Line_importNO' is clicked on

2017-11-21 19:05:27 - [MESSAGE][PASSED] - Object: 'Object Repository/Equipment/EquipmentPurchase/EPO_Line/EPO_Line_importNO' is clicked on

2017-11-21 19:05:27 - [TEST_STEP][PASSED] - click: Object: 'Object Repository/Equipment/EquipmentPurchase/EPO_Line/EPO_Line_SaveNclose' is clicked on

2017-11-21 19:05:28 - [MESSAGE][PASSED] - Object: 'Object Repository/Equipment/EquipmentPurchase/EPO_Line/EPO_Line_SaveNclose' is clicked on

2017-11-21 19:05:28 - [TEST_STEP][PASSED] - delay: Delayed 2 second(s)

2017-11-21 19:05:30 - [MESSAGE][PASSED] - Delayed 2 second(s)

2017-11-21 19:05:30 - [TEST_STEP][PASSED] - click: Object: 'Object Repository/Equipment/EquipmentPurchase/EPO_Line/EPO_MultiLine_SavenClose' is clicked on

2017-11-21 19:05:30 - [MESSAGE][PASSED] - Object: 'Object Repository/Equipment/EquipmentPurchase/EPO_Line/EPO_MultiLine_SavenClose' is clicked on

2017-11-21 19:05:30 - [MESSAGE][PASSED] - Call Test Case 'Test Cases/Equipment/Base_EquipmentPurchase/Base_EPO_CreateHeaderNline' successfully

2017-11-21 19:05:30 - [TEST_STEP][PASSED] - callTestCase: Call Test Case 'Test Cases/Equipment/Base_EquipmentPurchase/Base_EPO_Reciept' successfully

2017-11-21 19:05:30 - [TEST_CASE][PASSED] - Test Cases/Equipment/Base_EquipmentPurchase/Base_EPO_Reciept: Test Cases/Equipment/Base_EquipmentPurchase/Base_EPO_Reciept

2017-11-21 19:05:30 - [TEST_STEP][PASSED] - click: Object: 'Object Repository/Equipment/EquipmentPurchase/EPO_Header/EPO_Header_Action' is clicked on

2017-11-21 19:05:31 - [MESSAGE][PASSED] - Object: 'Object Repository/Equipment/EquipmentPurchase/EPO_Header/EPO_Header_Action' is clicked on

2017-11-21 19:05:31 - [TEST_STEP][PASSED] - click: Object: 'Object Repository/Equipment/EquipmentPurchase/EPO_Header/EPO_Header_Action_SendForApproval' is clicked on

2017-11-21 19:05:31 - [MESSAGE][PASSED] - Object: 'Object Repository/Equipment/EquipmentPurchase/EPO_Header/EPO_Header_Action_SendForApproval' is clicked on

2017-11-21 19:05:31 - [TEST_STEP][PASSED] - delay: Delayed 5 second(s)

2017-11-21 19:05:36 - [MESSAGE][PASSED] - Delayed 5 second(s)

2017-11-21 19:05:36 - [TEST_STEP][PASSED] - click: Object: 'Object Repository/Equipment/EquipmentPurchase/EPO_Header/EPO_Header_Action' is clicked on

2017-11-21 19:05:36 - [MESSAGE][PASSED] - Object: 'Object Repository/Equipment/EquipmentPurchase/EPO_Header/EPO_Header_Action' is clicked on

2017-11-21 19:05:36 - [TEST_STEP][PASSED] - click: Object: 'Object Repository/Equipment/EquipmentPurchase/EPO_Header/EPO_Header_Apporve' is clicked on

2017-11-21 19:05:36 - [MESSAGE][PASSED] - Object: 'Object Repository/Equipment/EquipmentPurchase/EPO_Header/EPO_Header_Apporve' is clicked on

2017-11-21 19:05:36 - [TEST_STEP][PASSED] - delay: Delayed 5 second(s)

2017-11-21 19:05:41 - [MESSAGE][PASSED] - Delayed 5 second(s)

2017-11-21 19:05:41 - [TEST_STEP][PASSED] - click: Object: 'Object Repository/Equipment/EquipmentPurchase/EPO_Header/EPO_Header_Print' is clicked on

2017-11-21 19:05:41 - [MESSAGE][PASSED] - Object: 'Object Repository/Equipment/EquipmentPurchase/EPO_Header/EPO_Header_Print' is clicked on

2017-11-21 19:05:41 - [TEST_STEP][PASSED] - click: Object: 'Object Repository/Equipment/EquipmentPurchase/EPO_Header/EPO_Print_FinalPrint' is clicked on

2017-11-21 19:05:42 - [MESSAGE][PASSED] - Object: 'Object Repository/Equipment/EquipmentPurchase/EPO_Header/EPO_Print_FinalPrint' is clicked on

2017-11-21 19:05:42 - [TEST_STEP][PASSED] - click: Object: 'Object Repository/Equipment/EquipmentPurchase/EPO_Header/EPO_Print_PrintOption' is clicked on

2017-11-21 19:05:42 - [MESSAGE][PASSED] - Object: 'Object Repository/Equipment/EquipmentPurchase/EPO_Header/EPO_Print_PrintOption' is clicked on

2017-11-21 19:05:42 - [TEST_STEP][PASSED] - click: Object: 'Object Repository/Equipment/EquipmentPurchase/EPO_Header/EPO_Print_Device' is clicked on

2017-11-21 19:05:45 - [MESSAGE][PASSED] - Object: 'Object Repository/Equipment/EquipmentPurchase/EPO_Header/EPO_Print_Device' is clicked on

2017-11-21 19:05:45 - [TEST_STEP][PASSED] - setText: Text 'D' is set on object 'Object Repository/Equipment/EquipmentPurchase/EPO_Header/EPO_Print_Device'

2017-11-21 19:05:45 - [MESSAGE][PASSED] - Text 'D' is set on object 'Object Repository/Equipment/EquipmentPurchase/EPO_Header/EPO_Print_Device'

2017-11-21 19:05:45 - [TEST_STEP][PASSED] - click: Object: 'Object Repository/Equipment/EquipmentPurchase/EPO_Header/EPO_Print_Continue' is clicked on

2017-11-21 19:05:45 - [MESSAGE][PASSED] - Object: 'Object Repository/Equipment/EquipmentPurchase/EPO_Header/EPO_Print_Continue' is clicked on

2017-11-21 19:05:45 - [TEST_STEP][PASSED] - delay: Delayed 5 second(s)

2017-11-21 19:05:50 - [MESSAGE][PASSED] - Delayed 5 second(s)

2017-11-21 19:05:50 - [TEST_STEP][PASSED] - click: Object: 'Object Repository/Equipment/EquipmentPurchase/EPO_Header/EPO_Header_EPOtab' is clicked on

2017-11-21 19:05:51 - [MESSAGE][PASSED] - Object: 'Object Repository/Equipment/EquipmentPurchase/EPO_Header/EPO_Header_EPOtab' is clicked on

2017-11-21 19:05:51 - [TEST_STEP][PASSED] - click: Object: 'Object Repository/Equipment/EquipmentPurchase/EPO_Header/EPO_Print_Close' is clicked on

2017-11-21 19:05:51 - [MESSAGE][PASSED] - Object: 'Object Repository/Equipment/EquipmentPurchase/EPO_Header/EPO_Print_Close' is clicked on

2017-11-21 19:05:51 - [TEST_STEP][PASSED] - delay: Delayed 3 second(s)

2017-11-21 19:05:54 - [MESSAGE][PASSED] - Delayed 3 second(s)

2017-11-21 19:05:54 - [TEST_STEP][PASSED] - click: Object: 'Object Repository/Equipment/EquipmentPurchase/EPO_Header/EPO_Header_Action' is clicked on

2017-11-21 19:05:54 - [MESSAGE][PASSED] - Object: 'Object Repository/Equipment/EquipmentPurchase/EPO_Header/EPO_Header_Action' is clicked on

2017-11-21 19:05:54 - [TEST_STEP][PASSED] - click: Object: 'Object Repository/Equipment/EquipmentPurchase/EPO_Header/EPO_Action_Reciept' is clicked on

2017-11-21 19:05:54 - [MESSAGE][PASSED] - Object: 'Object Repository/Equipment/EquipmentPurchase/EPO_Header/EPO_Action_Reciept' is clicked on

2017-11-21 19:05:54 - [TEST_STEP][PASSED] - waitForElementPresent: Object 'Object Repository/Equipment/EquipmentPurchase/EPO_Receipt/EPO_Reciept_Save' is present

2017-11-21 19:05:56 - [MESSAGE][PASSED] - Object 'Object Repository/Equipment/EquipmentPurchase/EPO_Receipt/EPO_Reciept_Save' is present

2017-11-21 19:05:56 - [TEST_STEP][PASSED] - click: Object: 'Object Repository/Equipment/EquipmentPurchase/EPO_Receipt/EPO_Reciept_Save' is clicked on

2017-11-21 19:05:56 - [MESSAGE][PASSED] - Object: 'Object Repository/Equipment/EquipmentPurchase/EPO_Receipt/EPO_Reciept_Save' is clicked on

2017-11-21 19:05:56 - [TEST_STEP][PASSED] - delay: Delayed 3 second(s)

2017-11-21 19:05:59 - [MESSAGE][PASSED] - Delayed 3 second(s)

2017-11-21 19:05:59 - [TEST_STEP][PASSED] - click: Object: 'Object Repository/Equipment/EquipmentPurchase/EPO_Receipt/EPO_Receipt_Action' is clicked on

2017-11-21 19:05:59 - [MESSAGE][PASSED] - Object: 'Object Repository/Equipment/EquipmentPurchase/EPO_Receipt/EPO_Receipt_Action' is clicked on

2017-11-21 19:05:59 - [TEST_STEP][PASSED] - click: Object: 'Object Repository/Equipment/EquipmentPurchase/EPO_Receipt/EPO_Receipt_Action_ReceiptLine' is clicked on

2017-11-21 19:05:59 - [MESSAGE][PASSED] - Object: 'Object Repository/Equipment/EquipmentPurchase/EPO_Receipt/EPO_Receipt_Action_ReceiptLine' is clicked on

2017-11-21 19:05:59 - [TEST_STEP][PASSED] - waitForElementPresent: Object 'Object Repository/Equipment/EquipmentPurchase/EPO_Receipt_Line/EPO_ReceiptLine_New' is present

2017-11-21 19:06:00 - [MESSAGE][PASSED] - Object 'Object Repository/Equipment/EquipmentPurchase/EPO_Receipt_Line/EPO_ReceiptLine_New' is present

2017-11-21 19:06:00 - [TEST_STEP][PASSED] - click: Object: 'Object Repository/Equipment/EquipmentPurchase/EPO_Receipt_Line/EPO_ReceiptLine_New' is clicked on

2017-11-21 19:06:01 - [MESSAGE][PASSED] - Object: 'Object Repository/Equipment/EquipmentPurchase/EPO_Receipt_Line/EPO_ReceiptLine_New' is clicked on

2017-11-21 19:06:01 - [TEST_STEP][PASSED] - waitForElementPresent: Object 'Object Repository/Equipment/EquipmentPurchase/EPO_Receipt_Line/EPO_RecieptLine_Select' is present

2017-11-21 19:06:01 - [MESSAGE][PASSED] - Object 'Object Repository/Equipment/EquipmentPurchase/EPO_Receipt_Line/EPO_RecieptLine_Select' is present

2017-11-21 19:06:01 - [TEST_STEP][PASSED] - click: Object: 'Object Repository/Equipment/EquipmentPurchase/EPO_Receipt_Line/EPO_RecieptLine_Select' is clicked on

2017-11-21 19:06:02 - [MESSAGE][PASSED] - Object: 'Object Repository/Equipment/EquipmentPurchase/EPO_Receipt_Line/EPO_RecieptLine_Select' is clicked on

2017-11-21 19:06:02 - [TEST_STEP][PASSED] - delay: Delayed 3 second(s)

2017-11-21 19:06:05 - [MESSAGE][PASSED] - Delayed 3 second(s)

2017-11-21 19:06:05 - [TEST_STEP][PASSED] - click: Object: 'Object Repository/Equipment/EquipmentPurchase/EPO_Receipt_Line/EPO_ReceiptLine_SavenClose' is clicked on

2017-11-21 19:06:05 - [MESSAGE][PASSED] - Object: 'Object Repository/Equipment/EquipmentPurchase/EPO_Receipt_Line/EPO_ReceiptLine_SavenClose' is clicked on

2017-11-21 19:06:05 - [TEST_STEP][PASSED] - waitForElementPresent: Object 'Object Repository/Equipment/EquipmentPurchase/EPO_Receipt_Line/EPO_RecieptLineAction' is present

2017-11-21 19:06:05 - [MESSAGE][PASSED] - Object 'Object Repository/Equipment/EquipmentPurchase/EPO_Receipt_Line/EPO_RecieptLineAction' is present

2017-11-21 19:06:05 - [TEST_STEP][PASSED] - Statement - G_Unit = com.kms.katalon.core.webui.keyword.WebUiBuiltInKeywords.getText(com.kms.katalon.core.testobject.ObjectRepository.findTestObject(Equipment/EquipmentPurchase/EPO_Receipt/EPO_Reciept_Unit)): Text of object 'Object Repository/Equipment/EquipmentPurchase/EPO_Receipt/EPO_Reciept_Unit' is: 'MD0018352'

2017-11-21 19:06:06 - [MESSAGE][PASSED] - Text of object 'Object Repository/Equipment/EquipmentPurchase/EPO_Receipt/EPO_Reciept_Unit' is: 'MD0018352'

2017-11-21 19:06:06 - [TEST_STEP][PASSED] - click: Object: 'Object Repository/Equipment/EquipmentPurchase/EPO_Receipt_Line/EPO_RecieptLineAction' is clicked on

2017-11-21 19:06:06 - [MESSAGE][PASSED] - Object: 'Object Repository/Equipment/EquipmentPurchase/EPO_Receipt_Line/EPO_RecieptLineAction' is clicked on

2017-11-21 19:06:06 - [TEST_STEP][PASSED] - click: Object: 'Object Repository/Equipment/EquipmentPurchase/EPO_Receipt/EPO_Action_Confirm' is clicked on

2017-11-21 19:06:06 - [MESSAGE][PASSED] - Object: 'Object Repository/Equipment/EquipmentPurchase/EPO_Receipt/EPO_Action_Confirm' is clicked on

2017-11-21 19:06:06 - [TEST_STEP][PASSED] - click: Object: 'Object Repository/Equipment/EquipmentPurchase/EPO_Receipt/EPO_Reciept_MeterOK' is clicked on

2017-11-21 19:06:07 - [MESSAGE][PASSED] - Object: 'Object Repository/Equipment/EquipmentPurchase/EPO_Receipt/EPO_Reciept_MeterOK' is clicked on

2017-11-21 19:06:07 - [TEST_STEP][PASSED] - waitForElementPresent: Object 'Object Repository/Equipment/EquipmentPurchase/EPO_Receipt/EPO_RecieptPrint_Device' is present

2017-11-21 19:06:08 - [MESSAGE][PASSED] - Object 'Object Repository/Equipment/EquipmentPurchase/EPO_Receipt/EPO_RecieptPrint_Device' is present

2017-11-21 19:06:08 - [TEST_STEP][PASSED] - click: Object: 'Object Repository/Equipment/EquipmentPurchase/EPO_Receipt/EPO_RecieptPrint_Device' is clicked on

2017-11-21 19:06:08 - [MESSAGE][PASSED] - Object: 'Object Repository/Equipment/EquipmentPurchase/EPO_Receipt/EPO_RecieptPrint_Device' is clicked on

2017-11-21 19:06:08 - [TEST_STEP][PASSED] - setText: Text 'D' is set on object 'Object Repository/Equipment/EquipmentPurchase/EPO_Receipt/EPO_RecieptPrint_Device'

2017-11-21 19:06:09 - [MESSAGE][PASSED] - Text 'D' is set on object 'Object Repository/Equipment/EquipmentPurchase/EPO_Receipt/EPO_RecieptPrint_Device'

2017-11-21 19:06:09 - [TEST_STEP][PASSED] - click: Object: 'Object Repository/Equipment/EquipmentPurchase/EPO_Receipt/EPO_RecieptPrint_Continue' is clicked on

2017-11-21 19:06:09 - [MESSAGE][PASSED] - Object: 'Object Repository/Equipment/EquipmentPurchase/EPO_Receipt/EPO_RecieptPrint_Continue' is clicked on

2017-11-21 19:06:09 - [TEST_STEP][PASSED] - delay: Delayed 3 second(s)

2017-11-21 19:06:12 - [MESSAGE][PASSED] - Delayed 3 second(s)

2017-11-21 19:06:12 - [TEST_STEP][PASSED] - click: Object: 'Object Repository/Equipment/EquipmentPurchase/EPO_Receipt/EPO_RecieptPrint_ProcessCompleted' is clicked on

2017-11-21 19:06:12 - [MESSAGE][PASSED] - Object: 'Object Repository/Equipment/EquipmentPurchase/EPO_Receipt/EPO_RecieptPrint_ProcessCompleted' is clicked on

2017-11-21 19:06:12 - [TEST_STEP][PASSED] - delay: Delayed 10 second(s)

2017-11-21 19:06:22 - [MESSAGE][PASSED] - Delayed 10 second(s)

2017-11-21 19:06:22 - [MESSAGE][PASSED] - Call Test Case 'Test Cases/Equipment/Base_EquipmentPurchase/Base_EPO_Reciept' successfully

2017-11-21 19:06:22 - [MESSAGE][PASSED] - Call Test Case 'Test Cases/Equipment/Base_EquipmentPurchase/EPO_CreateNrecieve' successfully

2017-11-21 19:06:22 - [TEST_STEP][PASSED] - callTestCase: Call Test Case 'Test Cases/Rental/Base_RentalContract/Base_CreateRentalInvoice_HeaderlineInvoice_SplitTender' successfully

2017-11-21 19:06:22 - [TEST_CASE][PASSED] - Test Cases/Rental/Base_RentalContract/Base_CreateRentalInvoice_HeaderlineInvoice_SplitTender: Test Cases/Rental/Base_RentalContract/Base_CreateRentalInvoice_HeaderlineInvoice_SplitTender

2017-11-21 19:06:23 - [TEST_STEP][PASSED] - callTestCase: Call Test Case 'Test Cases/Rental/Base_RentalContract/Base_CreateRentalHeader' successfully

2017-11-21 19:06:23 - [TEST_CASE][PASSED] - Test Cases/Rental/Base_RentalContract/Base_CreateRentalHeader: Test Cases/Rental/Base_RentalContract/Base_CreateRentalHeader

2017-11-21 19:06:23 - [TEST_STEP][PASSED] - callTestCase: Call Test Case 'Test Cases/Common/Base_Common_OpenSession' successfully

2017-11-21 19:06:23 - [TEST_CASE][PASSED] - Test Cases/Common/Base_Common_OpenSession: Test Cases/Common/Base_Common_OpenSession

2017-11-21 19:06:23 - [TEST_STEP][PASSED] - openBrowser: Browser is opened with url: 'https://rgajbhiye:Robin$123@proxima-ln4.e-emphasys.com:8441/webui/servlet/login'

2017-11-21 19:06:23 - [MESSAGE][WARNING] - A browser is already opened. Closing browser and opening a new one

2017-11-21 19:06:30 - [MESSAGE][PASSED] - Browser is opened with url: 'https://rgajbhiye:Robin$123@proxima-ln4.e-emphasys.com:8441/webui/servlet/login'

2017-11-21 19:06:30 - [TEST_STEP][PASSED] - waitForPageLoad: Wait for page load successfully

2017-11-21 19:06:30 - [MESSAGE][PASSED] - Wait for page load successfully

2017-11-21 19:06:30 - [TEST_STEP][PASSED] - maximizeWindow: Current window maximized

2017-11-21 19:06:30 - [MESSAGE][PASSED] - Current window maximized

2017-11-21 19:06:30 - [TEST_STEP][PASSED] - click: Object: 'Object Repository/Common/HomePage/HomePage_more' is clicked on

2017-11-21 19:06:34 - [MESSAGE][PASSED] - Object: 'Object Repository/Common/HomePage/HomePage_more' is clicked on

2017-11-21 19:06:34 - [TEST_STEP][PASSED] - click: Object: 'Object Repository/Common/HomePage/HomePage_Option' is clicked on

2017-11-21 19:06:35 - [MESSAGE][PASSED] - Object: 'Object Repository/Common/HomePage/HomePage_Option' is clicked on

2017-11-21 19:06:35 - [TEST_STEP][PASSED] - click: Object: 'Object Repository/Common/HomePage/HomePage_RunProgram_' is clicked on

2017-11-21 19:06:35 - [MESSAGE][PASSED] - Object: 'Object Repository/Common/HomePage/HomePage_RunProgram_' is clicked on

2017-11-21 19:06:35 - [TEST_STEP][PASSED] - sendKeys: Keys 'erext4100s004' sent to object: 'Object Repository/Common/HomePage/HomePage_Session_ID'

2017-11-21 19:06:35 - [MESSAGE][PASSED] - Keys 'erext4100s004' sent to object: 'Object Repository/Common/HomePage/HomePage_Session_ID'

2017-11-21 19:06:35 - [TEST_STEP][PASSED] - click: Object: 'Object Repository/Common/HomePage/HomePage_OkButton' is clicked on

2017-11-21 19:06:36 - [MESSAGE][PASSED] - Object: 'Object Repository/Common/HomePage/HomePage_OkButton' is clicked on

2017-11-21 19:06:36 - [MESSAGE][PASSED] - Call Test Case 'Test Cases/Common/Base_Common_OpenSession' successfully

2017-11-21 19:06:36 - [TEST_STEP][PASSED] - click: Object: 'Object Repository/Rental/RentalHeader/RentalContract.Customer' is clicked on

2017-11-21 19:06:39 - [MESSAGE][PASSED] - Object: 'Object Repository/Rental/RentalHeader/RentalContract.Customer' is clicked on

2017-11-21 19:06:39 - [TEST_STEP][PASSED] - setText: Text 'M00000010' is set on object 'Object Repository/Rental/RentalHeader/RentalContract.Customer'

2017-11-21 19:06:40 - [MESSAGE][PASSED] - Text 'M00000010' is set on object 'Object Repository/Rental/RentalHeader/RentalContract.Customer'

2017-11-21 19:06:40 - [TEST_STEP][PASSED] - delay: Delayed 2 second(s)

2017-11-21 19:06:42 - [MESSAGE][PASSED] - Delayed 2 second(s)

2017-11-21 19:06:42 - [TEST_STEP][PASSED] - click: Object: 'Object Repository/Rental/RentalHeader/RentalContract.CustPO' is clicked on

2017-11-21 19:06:42 - [MESSAGE][PASSED] - Object: 'Object Repository/Rental/RentalHeader/RentalContract.CustPO' is clicked on

2017-11-21 19:06:42 - [TEST_STEP][PASSED] - delay: Delayed 3 second(s)

2017-11-21 19:06:45 - [MESSAGE][PASSED] - Delayed 3 second(s)

2017-11-21 19:06:45 - [TEST_STEP][PASSED] - click: Object: 'Object Repository/Rental/RentalHeader/RentalContract.OtherDetailsTab' is clicked on

2017-11-21 19:06:45 - [MESSAGE][PASSED] - Object: 'Object Repository/Rental/RentalHeader/RentalContract.OtherDetailsTab' is clicked on

2017-11-21 19:06:45 - [TEST_STEP][PASSED] - delay: Delayed 5 second(s)

2017-11-21 19:06:50 - [MESSAGE][PASSED] - Delayed 5 second(s)

2017-11-21 19:06:50 - [TEST_STEP][PASSED] - click: Object: 'Object Repository/Rental/RentalHeader/Rental Contract.ModeOfPayment' is clicked on

2017-11-21 19:06:50 - [MESSAGE][PASSED] - Object: 'Object Repository/Rental/RentalHeader/Rental Contract.ModeOfPayment' is clicked on

2017-11-21 19:06:50 - [TEST_STEP][PASSED] - delay: Delayed 2 second(s)

2017-11-21 19:06:52 - [MESSAGE][PASSED] - Delayed 2 second(s)

2017-11-21 19:06:52 - [TEST_STEP][PASSED] - click: Object: 'Object Repository/Rental/RentalHeader/RentalContract.CreditCardoption' is clicked on

2017-11-21 19:06:53 - [MESSAGE][PASSED] - Object: 'Object Repository/Rental/RentalHeader/RentalContract.CreditCardoption' is clicked on

2017-11-21 19:06:53 - [TEST_STEP][PASSED] - delay: Delayed 3 second(s)

2017-11-21 19:06:56 - [MESSAGE][PASSED] - Delayed 3 second(s)

2017-11-21 19:06:56 - [TEST_STEP][PASSED] - click: Object: 'Object Repository/Rental/RentalHeader/RentalContract.GeneralTab' is clicked on

2017-11-21 19:06:56 - [MESSAGE][PASSED] - Object: 'Object Repository/Rental/RentalHeader/RentalContract.GeneralTab' is clicked on

2017-11-21 19:06:56 - [TEST_STEP][PASSED] - delay: Delayed 5 second(s)

2017-11-21 19:07:01 - [MESSAGE][PASSED] - Delayed 5 second(s)

2017-11-21 19:07:01 - [TEST_STEP][PASSED] - click: Object: 'Object Repository/Rental/RentalHeader/RentalContract.Newbuttonline' is clicked on

2017-11-21 19:07:01 - [MESSAGE][PASSED] - Object: 'Object Repository/Rental/RentalHeader/RentalContract.Newbuttonline' is clicked on

2017-11-21 19:07:01 - [TEST_STEP][PASSED] - delay: Delayed 5 second(s)

2017-11-21 19:07:06 - [MESSAGE][PASSED] - Delayed 5 second(s)

2017-11-21 19:07:06 - [TEST_STEP][PASSED] - click: Object: 'Object Repository/Rental/RentalHeader/RentalContract.SetLine' is clicked on

2017-11-21 19:07:06 - [MESSAGE][PASSED] - Object: 'Object Repository/Rental/RentalHeader/RentalContract.SetLine' is clicked on

2017-11-21 19:07:06 - [TEST_STEP][PASSED] - delay: Delayed 5 second(s)

2017-11-21 19:07:11 - [MESSAGE][PASSED] - Delayed 5 second(s)

2017-11-21 19:07:11 - [TEST_STEP][PASSED] - scrollToElement: Scroll to object 'Object Repository/Rental/RentalHeader/RentalContract.Unit' successfully

2017-11-21 19:07:12 - [MESSAGE][PASSED] - Scroll to object 'Object Repository/Rental/RentalHeader/RentalContract.Unit' successfully

2017-11-21 19:07:12 - [TEST_STEP][PASSED] - delay: Delayed 3 second(s)

2017-11-21 19:07:15 - [MESSAGE][PASSED] - Delayed 3 second(s)

2017-11-21 19:07:15 - [TEST_STEP][NOT_RUN] - getText: NOT_RUN: getText

2017-11-21 19:07:15 - [MESSAGE][NOT_RUN] - NOT_RUN: getText

2017-11-21 19:07:15 - [TEST_STEP][PASSED] - click: Object: 'Object Repository/Rental/RentalHeader/RentalContract.Unit' is clicked on

2017-11-21 19:07:15 - [MESSAGE][PASSED] - Object: 'Object Repository/Rental/RentalHeader/RentalContract.Unit' is clicked on

2017-11-21 19:07:15 - [TEST_STEP][PASSED] - delay: Delayed 5 second(s)

2017-11-21 19:07:20 - [MESSAGE][PASSED] - Delayed 5 second(s)

2017-11-21 19:07:20 - [TEST_STEP][PASSED] - setText: Text 'MD0018352' is set on object 'Object Repository/Rental/RentalHeader/RentalContract.Unit'

2017-11-21 19:07:20 - [MESSAGE][PASSED] - Text 'MD0018352' is set on object 'Object Repository/Rental/RentalHeader/RentalContract.Unit'

2017-11-21 19:07:20 - [TEST_STEP][PASSED] - delay: Delayed 5 second(s)

2017-11-21 19:07:25 - [MESSAGE][PASSED] - Delayed 5 second(s)

2017-11-21 19:07:25 - [TEST_STEP][PASSED] - scrollToElement: Scroll to object 'Object Repository/Rental/RentalHeader/RentalContract.MultipleInsurence' successfully

2017-11-21 19:07:25 - [MESSAGE][PASSED] - Scroll to object 'Object Repository/Rental/RentalHeader/RentalContract.MultipleInsurence' successfully

2017-11-21 19:07:25 - [TEST_STEP][PASSED] - delay: Delayed 5 second(s)

2017-11-21 19:07:30 - [MESSAGE][PASSED] - Delayed 5 second(s)

2017-11-21 19:07:30 - [TEST_STEP][PASSED] - doubleClick: Object: 'Object Repository/Rental/RentalHeader/RentalContract.MultipleInsurence' is double clicked on

2017-11-21 19:07:30 - [MESSAGE][PASSED] - Object: 'Object Repository/Rental/RentalHeader/RentalContract.MultipleInsurence' is double clicked on

2017-11-21 19:07:30 - [TEST_STEP][PASSED] - delay: Delayed 5 second(s)

2017-11-21 19:07:35 - [MESSAGE][PASSED] - Delayed 5 second(s)

2017-11-21 19:07:35 - [TEST_STEP][PASSED] - click: Object: 'Object Repository/Rental/RentalHeader/RentalContract.MultipleInsurence' is clicked on

2017-11-21 19:07:36 - [MESSAGE][PASSED] - Object: 'Object Repository/Rental/RentalHeader/RentalContract.MultipleInsurence' is clicked on

2017-11-21 19:07:36 - [TEST_STEP][NOT_RUN] - doubleClick: NOT_RUN: doubleClick

2017-11-21 19:07:36 - [MESSAGE][NOT_RUN] - NOT_RUN: doubleClick

2017-11-21 19:07:36 - [TEST_STEP][PASSED] - delay: Delayed 5 second(s)

2017-11-21 19:07:41 - [MESSAGE][PASSED] - Delayed 5 second(s)

2017-11-21 19:07:41 - [TEST_STEP][PASSED] - click: Object: 'Object Repository/Rental/RentalHeader/RentalContract.MultiInsNO' is clicked on

2017-11-21 19:07:41 - [MESSAGE][PASSED] - Object: 'Object Repository/Rental/RentalHeader/RentalContract.MultiInsNO' is clicked on

2017-11-21 19:07:41 - [TEST_STEP][PASSED] - delay: Delayed 5 second(s)

2017-11-21 19:07:46 - [MESSAGE][PASSED] - Delayed 5 second(s)

2017-11-21 19:07:46 - [TEST_STEP][PASSED] - scrollToElement: Scroll to object 'Object Repository/Rental/RentalHeader/RentalContract.GrossRateline' successfully

2017-11-21 19:07:46 - [MESSAGE][PASSED] - Scroll to object 'Object Repository/Rental/RentalHeader/RentalContract.GrossRateline' successfully

2017-11-21 19:07:46 - [TEST_STEP][NOT_RUN] - delay: NOT_RUN: delay

2017-11-21 19:07:46 - [MESSAGE][NOT_RUN] - NOT_RUN: delay

2017-11-21 19:07:46 - [TEST_STEP][PASSED] - doubleClick: Object: 'Object Repository/Rental/RentalHeader/RentalContract.GrossRateline' is double clicked on

2017-11-21 19:07:46 - [MESSAGE][PASSED] - Object: 'Object Repository/Rental/RentalHeader/RentalContract.GrossRateline' is double clicked on

2017-11-21 19:07:46 - [TEST_STEP][PASSED] - delay: Delayed 2 second(s)

2017-11-21 19:07:48 - [MESSAGE][PASSED] - Delayed 2 second(s)

2017-11-21 19:07:48 - [TEST_STEP][PASSED] - click: Object: 'Object Repository/Rental/RentalHeader/RentalContract.GrossRateline' is clicked on

2017-11-21 19:07:49 - [MESSAGE][PASSED] - Object: 'Object Repository/Rental/RentalHeader/RentalContract.GrossRateline' is clicked on

2017-11-21 19:07:49 - [TEST_STEP][PASSED] - delay: Delayed 2 second(s)

2017-11-21 19:07:51 - [MESSAGE][PASSED] - Delayed 2 second(s)

2017-11-21 19:07:51 - [TEST_STEP][PASSED] - setText: Text '100' is set on object 'Object Repository/Rental/RentalHeader/RentalContract.GrossRateline'

2017-11-21 19:07:51 - [MESSAGE][PASSED] - Text '100' is set on object 'Object Repository/Rental/RentalHeader/RentalContract.GrossRateline'

2017-11-21 19:07:51 - [TEST_STEP][PASSED] - delay: Delayed 4 second(s)

2017-11-21 19:07:55 - [MESSAGE][PASSED] - Delayed 4 second(s)

2017-11-21 19:07:55 - [TEST_STEP][PASSED] - click: Object: 'Object Repository/Rental/RentalHeader/RentalContract.SaveHeader' is clicked on

2017-11-21 19:07:55 - [MESSAGE][PASSED] - Object: 'Object Repository/Rental/RentalHeader/RentalContract.SaveHeader' is clicked on

2017-11-21 19:07:55 - [TEST_STEP][PASSED] - delay: Delayed 5 second(s)

2017-11-21 19:08:00 - [MESSAGE][PASSED] - Delayed 5 second(s)

2017-11-21 19:08:00 - [TEST_STEP][PASSED] - click: Object: 'Object Repository/Rental/RentalHeader/RentalContract.Action' is clicked on

2017-11-21 19:08:00 - [MESSAGE][PASSED] - Object: 'Object Repository/Rental/RentalHeader/RentalContract.Action' is clicked on

2017-11-21 19:08:00 - [TEST_STEP][PASSED] - delay: Delayed 8 second(s)

2017-11-21 19:08:08 - [MESSAGE][PASSED] - Delayed 8 second(s)

2017-11-21 19:08:08 - [TEST_STEP][PASSED] - click: Object: 'Object Repository/Rental/RentalHeader/RentalContract.Release' is clicked on

2017-11-21 19:08:09 - [MESSAGE][PASSED] - Object: 'Object Repository/Rental/RentalHeader/RentalContract.Release' is clicked on

2017-11-21 19:08:09 - [TEST_STEP][PASSED] - delay: Delayed 12 second(s)

2017-11-21 19:08:21 - [MESSAGE][PASSED] - Delayed 12 second(s)

2017-11-21 19:08:21 - [TEST_STEP][PASSED] - click: Object: 'Object Repository/Rental/RentalHeader/RentalContract.ActionDelivery' is clicked on

2017-11-21 19:08:21 - [MESSAGE][PASSED] - Object: 'Object Repository/Rental/RentalHeader/RentalContract.ActionDelivery' is clicked on

2017-11-21 19:08:21 - [TEST_STEP][PASSED] - delay: Delayed 6 second(s)

2017-11-21 19:08:27 - [MESSAGE][PASSED] - Delayed 6 second(s)

2017-11-21 19:08:27 - [TEST_STEP][PASSED] - click: Object: 'Object Repository/Rental/RentalHeader/RentalContract.ConfirmDelivery' is clicked on

2017-11-21 19:08:27 - [MESSAGE][PASSED] - Object: 'Object Repository/Rental/RentalHeader/RentalContract.ConfirmDelivery' is clicked on

2017-11-21 19:08:27 - [TEST_STEP][PASSED] - delay: Delayed 8 second(s)

2017-11-21 19:08:35 - [MESSAGE][PASSED] - Delayed 8 second(s)

2017-11-21 19:08:35 - [TEST_STEP][NOT_RUN] - waitForElementPresent: NOT_RUN: waitForElementPresent

2017-11-21 19:08:35 - [MESSAGE][NOT_RUN] - NOT_RUN: waitForElementPresent

2017-11-21 19:08:35 - [TEST_STEP][NOT_RUN] - delay: NOT_RUN: delay

2017-11-21 19:08:35 - [MESSAGE][NOT_RUN] - NOT_RUN: delay

2017-11-21 19:08:35 - [TEST_STEP][PASSED] - click: Object: 'Object Repository/Rental/RentalHeader/RentalContract.DeliveryProceed' is clicked on

2017-11-21 19:08:36 - [MESSAGE][PASSED] - Object: 'Object Repository/Rental/RentalHeader/RentalContract.DeliveryProceed' is clicked on

2017-11-21 19:08:36 - [TEST_STEP][PASSED] - delay: Delayed 12 second(s)

2017-11-21 19:08:48 - [MESSAGE][PASSED] - Delayed 12 second(s)

2017-11-21 19:08:48 - [TEST_STEP][NOT_RUN] - waitForElementPresent: NOT_RUN: waitForElementPresent

2017-11-21 19:08:48 - [MESSAGE][NOT_RUN] - NOT_RUN: waitForElementPresent

2017-11-21 19:08:48 - [TEST_STEP][NOT_RUN] - delay: NOT_RUN: delay

2017-11-21 19:08:48 - [MESSAGE][NOT_RUN] - NOT_RUN: delay

2017-11-21 19:08:48 - [TEST_STEP][NOT_RUN] - click: NOT_RUN: click

2017-11-21 19:08:48 - [MESSAGE][NOT_RUN] - NOT_RUN: click

2017-11-21 19:08:48 - [TEST_STEP][PASSED] - delay: Delayed 8 second(s)

2017-11-21 19:08:56 - [MESSAGE][PASSED] - Delayed 8 second(s)

2017-11-21 19:08:56 - [TEST_STEP][PASSED] - click: Object: 'Object Repository/Rental/RentalHeader/RentalContract.InspetionReportClose' is clicked on

2017-11-21 19:08:56 - [MESSAGE][PASSED] - Object: 'Object Repository/Rental/RentalHeader/RentalContract.InspetionReportClose' is clicked on

2017-11-21 19:08:56 - [TEST_STEP][PASSED] - delay: Delayed 5 second(s)

2017-11-21 19:09:01 - [MESSAGE][PASSED] - Delayed 5 second(s)

2017-11-21 19:09:01 - [TEST_STEP][PASSED] - click: Object: 'Object Repository/Rental/RentalHeader/RentalContract.BillofLaddingClosed' is clicked on

2017-11-21 19:09:01 - [MESSAGE][PASSED] - Object: 'Object Repository/Rental/RentalHeader/RentalContract.BillofLaddingClosed' is clicked on

2017-11-21 19:09:01 - [TEST_STEP][PASSED] - delay: Delayed 5 second(s)

2017-11-21 19:09:06 - [MESSAGE][PASSED] - Delayed 5 second(s)

2017-11-21 19:09:06 - [TEST_STEP][PASSED] - click: Object: 'Object Repository/Rental/RentalHeader/RentalContract.EqipRentalMemoclosed' is clicked on

2017-11-21 19:09:06 - [MESSAGE][PASSED] - Object: 'Object Repository/Rental/RentalHeader/RentalContract.EqipRentalMemoclosed' is clicked on

2017-11-21 19:09:06 - [TEST_STEP][PASSED] - delay: Delayed 5 second(s)

2017-11-21 19:09:11 - [MESSAGE][PASSED] - Delayed 5 second(s)

2017-11-21 19:09:11 - [TEST_STEP][PASSED] - click: Object: 'Object Repository/Rental/RentalHeader/RentalContract.InspectionOrdergnerated' is clicked on

2017-11-21 19:09:11 - [MESSAGE][PASSED] - Object: 'Object Repository/Rental/RentalHeader/RentalContract.InspectionOrdergnerated' is clicked on

2017-11-21 19:09:11 - [MESSAGE][PASSED] - Call Test Case 'Test Cases/Rental/Base_RentalContract/Base_CreateRentalHeader' successfully

2017-11-21 19:09:11 - [TEST_STEP][PASSED] - delay: Delayed 4 second(s)

2017-11-21 19:09:15 - [MESSAGE][PASSED] - Delayed 4 second(s)

2017-11-21 19:09:15 - [TEST_STEP][PASSED] - click: Object: 'Object Repository/Rental/RentalHeader/RentalInvoice/RentalInvoice.InvoicingscheduleTab' is clicked on

2017-11-21 19:09:16 - [MESSAGE][PASSED] - Object: 'Object Repository/Rental/RentalHeader/RentalInvoice/RentalInvoice.InvoicingscheduleTab' is clicked on

2017-11-21 19:09:16 - [TEST_STEP][PASSED] - delay: Delayed 4 second(s)

2017-11-21 19:09:20 - [MESSAGE][PASSED] - Delayed 4 second(s)

2017-11-21 19:09:20 - [TEST_STEP][PASSED] - click: Object: 'Object Repository/Rental/RentalHeader/RentalInvoice/RentalInvoice.Action' is clicked on

2017-11-21 19:09:20 - [MESSAGE][PASSED] - Object: 'Object Repository/Rental/RentalHeader/RentalInvoice/RentalInvoice.Action' is clicked on

2017-11-21 19:09:20 - [TEST_STEP][PASSED] - delay: Delayed 4 second(s)

2017-11-21 19:09:24 - [MESSAGE][PASSED] - Delayed 4 second(s)

2017-11-21 19:09:24 - [TEST_STEP][PASSED] - click: Object: 'Object Repository/Rental/RentalHeader/RentalInvoice/RentalInvoice.ProcessInvoice' is clicked on

2017-11-21 19:09:24 - [MESSAGE][PASSED] - Object: 'Object Repository/Rental/RentalHeader/RentalInvoice/RentalInvoice.ProcessInvoice' is clicked on

2017-11-21 19:09:24 - [TEST_STEP][PASSED] - delay: Delayed 4 second(s)

2017-11-21 19:09:28 - [MESSAGE][PASSED] - Delayed 4 second(s)

2017-11-21 19:09:28 - [TEST_STEP][PASSED] - click: Object: 'Object Repository/Rental/RentalHeader/RentalInvoice/RentalInvoice.ProcessInvoice2' is clicked on

2017-11-21 19:09:28 - [MESSAGE][PASSED] - Object: 'Object Repository/Rental/RentalHeader/RentalInvoice/RentalInvoice.ProcessInvoice2' is clicked on

2017-11-21 19:09:28 - [TEST_STEP][PASSED] - delay: Delayed 0 second(s)

2017-11-21 19:09:28 - [MESSAGE][PASSED] - Delayed 0 second(s)

2017-11-21 19:09:28 - [TEST_STEP][PASSED] - click: Object: 'Object Repository/Rental/RentalHeader/RentalInvoice/RentalInvoice.InvoiceProcessYES' is clicked on

2017-11-21 19:09:29 - [MESSAGE][PASSED] - Object: 'Object Repository/Rental/RentalHeader/RentalInvoice/RentalInvoice.InvoiceProcessYES' is clicked on

2017-11-21 19:09:29 - [TEST_STEP][PASSED] - delay: Delayed 0 second(s)

2017-11-21 19:09:29 - [MESSAGE][PASSED] - Delayed 0 second(s)

2017-11-21 19:09:29 - [TEST_STEP][PASSED] - setText: Text 'PUBL' is set on object 'Object Repository/Rental/RentalHeader/RentalInvoice/ServiceCreditCard.PaymentGateway'

2017-11-21 19:09:31 - [MESSAGE][PASSED] - Text 'PUBL' is set on object 'Object Repository/Rental/RentalHeader/RentalInvoice/ServiceCreditCard.PaymentGateway'

2017-11-21 19:09:31 - [TEST_STEP][NOT_RUN] - sendKeys: NOT_RUN: sendKeys

2017-11-21 19:09:31 - [MESSAGE][NOT_RUN] - NOT_RUN: sendKeys

2017-11-21 19:09:31 - [TEST_STEP][PASSED] - doubleClick: Object: 'Object Repository/Rental/RentalHeader/RentalInvoice/ServiceCreditCard.CardType' is double clicked on

2017-11-21 19:09:31 - [MESSAGE][PASSED] - Object: 'Object Repository/Rental/RentalHeader/RentalInvoice/ServiceCreditCard.CardType' is double clicked on

2017-11-21 19:09:31 - [TEST_STEP][PASSED] - setText: Text 'Visa Card' is set on object 'Object Repository/Rental/RentalHeader/RentalInvoice/ServiceCreditCard.CardType'

2017-11-21 19:09:31 - [MESSAGE][PASSED] - Text 'Visa Card' is set on object 'Object Repository/Rental/RentalHeader/RentalInvoice/ServiceCreditCard.CardType'

2017-11-21 19:09:31 - [TEST_STEP][PASSED] - delay: Delayed 2 second(s)

2017-11-21 19:09:33 - [MESSAGE][PASSED] - Delayed 2 second(s)

2017-11-21 19:09:33 - [TEST_STEP][PASSED] - doubleClick: Object: 'Object Repository/Rental/RentalHeader/RentalInvoice/ServiceCreditCard.Enter CC No' is double clicked on

2017-11-21 19:09:33 - [MESSAGE][PASSED] - Object: 'Object Repository/Rental/RentalHeader/RentalInvoice/ServiceCreditCard.Enter CC No' is double clicked on

2017-11-21 19:09:33 - [TEST_STEP][PASSED] - setText: Text '4012000033330026' is set on object 'Object Repository/Rental/RentalHeader/RentalInvoice/ServiceCreditCard.Enter CC No'

2017-11-21 19:09:34 - [MESSAGE][PASSED] - Text '4012000033330026' is set on object 'Object Repository/Rental/RentalHeader/RentalInvoice/ServiceCreditCard.Enter CC No'

2017-11-21 19:09:34 - [TEST_STEP][PASSED] - delay: Delayed 5 second(s)

2017-11-21 19:09:39 - [MESSAGE][PASSED] - Delayed 5 second(s)

2017-11-21 19:09:39 - [TEST_STEP][PASSED] - click: Object: 'Object Repository/Rental/RentalHeader/RentalInvoice/ServiceCreditCard.CVV2' is clicked on

2017-11-21 19:09:39 - [MESSAGE][PASSED] - Object: 'Object Repository/Rental/RentalHeader/RentalInvoice/ServiceCreditCard.CVV2' is clicked on

2017-11-21 19:09:39 - [TEST_STEP][PASSED] - setText: Text '456' is set on object 'Object Repository/Rental/RentalHeader/RentalInvoice/ServiceCreditCard.CVV2'

2017-11-21 19:09:39 - [MESSAGE][PASSED] - Text '456' is set on object 'Object Repository/Rental/RentalHeader/RentalInvoice/ServiceCreditCard.CVV2'

2017-11-21 19:09:39 - [TEST_STEP][NOT_RUN] - sendKeys: NOT_RUN: sendKeys

2017-11-21 19:09:39 - [MESSAGE][NOT_RUN] - NOT_RUN: sendKeys

2017-11-21 19:09:39 - [TEST_STEP][NOT_RUN] - delay: NOT_RUN: delay

2017-11-21 19:09:39 - [MESSAGE][NOT_RUN] - NOT_RUN: delay

2017-11-21 19:09:39 - [TEST_STEP][PASSED] - delay: Delayed 8 second(s)

2017-11-21 19:09:47 - [MESSAGE][PASSED] - Delayed 8 second(s)

2017-11-21 19:09:47 - [TEST_STEP][PASSED] - setText: Text '09' is set on object 'Object Repository/Rental/RentalHeader/RentalInvoice/ServiceCreditCard.ExpiryMonth'

2017-11-21 19:09:48 - [MESSAGE][PASSED] - Text '09' is set on object 'Object Repository/Rental/RentalHeader/RentalInvoice/ServiceCreditCard.ExpiryMonth'

2017-11-21 19:09:48 - [TEST_STEP][PASSED] - setText: Text '99' is set on object 'Object Repository/Rental/RentalHeader/RentalInvoice/ServiceCreditCard.ExpiryYear'

2017-11-21 19:09:48 - [MESSAGE][PASSED] - Text '99' is set on object 'Object Repository/Rental/RentalHeader/RentalInvoice/ServiceCreditCard.ExpiryYear'

2017-11-21 19:09:48 - [TEST_STEP][NOT_RUN] - click: NOT_RUN: click

2017-11-21 19:09:48 - [MESSAGE][NOT_RUN] - NOT_RUN: click

2017-11-21 19:09:48 - [TEST_STEP][NOT_RUN] - delay: NOT_RUN: delay

2017-11-21 19:09:48 - [MESSAGE][NOT_RUN] - NOT_RUN: delay

2017-11-21 19:09:48 - [TEST_STEP][NOT_RUN] - click: NOT_RUN: click

2017-11-21 19:09:48 - [MESSAGE][NOT_RUN] - NOT_RUN: click

2017-11-21 19:09:48 - [TEST_STEP][NOT_RUN] - delay: NOT_RUN: delay

2017-11-21 19:09:48 - [MESSAGE][NOT_RUN] - NOT_RUN: delay

2017-11-21 19:09:48 - [TEST_STEP][NOT_RUN] - click: NOT_RUN: click

2017-11-21 19:09:48 - [MESSAGE][NOT_RUN] - NOT_RUN: click

2017-11-21 19:09:48 - [TEST_STEP][NOT_RUN] - delay: NOT_RUN: delay

2017-11-21 19:09:48 - [MESSAGE][NOT_RUN] - NOT_RUN: delay

2017-11-21 19:09:48 - [TEST_STEP][NOT_RUN] - click: NOT_RUN: click

2017-11-21 19:09:48 - [MESSAGE][NOT_RUN] - NOT_RUN: click

2017-11-21 19:09:48 - [TEST_STEP][NOT_RUN] - delay: NOT_RUN: delay

2017-11-21 19:09:48 - [MESSAGE][NOT_RUN] - NOT_RUN: delay

2017-11-21 19:09:48 - [TEST_STEP][NOT_RUN] - closeBrowser: NOT_RUN: closeBrowser

2017-11-21 19:09:48 - [MESSAGE][NOT_RUN] - NOT_RUN: closeBrowser

2017-11-21 19:09:48 - [MESSAGE][PASSED] - Call Test Case 'Test Cases/Rental/Base_RentalContract/Base_CreateRentalInvoice_HeaderlineInvoice_SplitTender' successfully

2017-11-21 19:09:48 - [TEST_STEP][PASSED] - callTestCase: Call Test Case 'Test Cases/Rental/Base_RentalContract/Base_CreateRentalInvoicewithSpitTenderDetails_SplitTender' successfully

2017-11-21 19:09:48 - [TEST_CASE][PASSED] - Test Cases/Rental/Base_RentalContract/Base_CreateRentalInvoicewithSpitTenderDetails_SplitTender: Test Cases/Rental/Base_RentalContract/Base_CreateRentalInvoicewithSpitTenderDetails_SplitTender

2017-11-21 19:09:48 - [TEST_STEP][PASSED] - delay: Delayed 5 second(s)

2017-11-21 19:09:53 - [MESSAGE][PASSED] - Delayed 5 second(s)

2017-11-21 19:09:53 - [TEST_STEP][PASSED] - doubleClick: Object: 'Object Repository/Rental/Rental_SplitTenderDetails/SplitTenderDetails' is double clicked on

2017-11-21 19:09:54 - [MESSAGE][PASSED] - Object: 'Object Repository/Rental/Rental_SplitTenderDetails/SplitTenderDetails' is double clicked on

2017-11-21 19:09:54 - [TEST_STEP][PASSED] - click: Object: 'Object Repository/Rental/Rental_SplitTenderDetails/SplitTenderDetails.Yes' is clicked on

2017-11-21 19:09:54 - [MESSAGE][PASSED] - Object: 'Object Repository/Rental/Rental_SplitTenderDetails/SplitTenderDetails.Yes' is clicked on

2017-11-21 19:09:54 - [TEST_STEP][PASSED] - delay: Delayed 3 second(s)

2017-11-21 19:09:57 - [MESSAGE][PASSED] - Delayed 3 second(s)

2017-11-21 19:09:57 - [TEST_STEP][PASSED] - click: Object: 'Object Repository/Rental/Rental_SplitTenderDetails/SplitTender.LineSession' is clicked on

2017-11-21 19:09:57 - [MESSAGE][PASSED] - Object: 'Object Repository/Rental/Rental_SplitTenderDetails/SplitTender.LineSession' is clicked on

2017-11-21 19:09:57 - [TEST_STEP][PASSED] - delay: Delayed 2 second(s)

2017-11-21 19:09:59 - [MESSAGE][PASSED] - Delayed 2 second(s)

2017-11-21 19:09:59 - [TEST_STEP][PASSED] - Statement - G_OrderAmt = com.kms.katalon.core.webui.keyword.WebUiBuiltInKeywords.getText(com.kms.katalon.core.testobject.ObjectRepository.findTestObject(Rental/Rental_SplitTenderDetails/SplitTender.OrderAmtHeader), CONTINUE_ON_FAILURE): Text of object 'Object Repository/Rental/Rental_SplitTenderDetails/SplitTender.OrderAmtHeader' is: '110.00'

2017-11-21 19:09:59 - [MESSAGE][PASSED] - Text of object 'Object Repository/Rental/Rental_SplitTenderDetails/SplitTender.OrderAmtHeader' is: '110.00'

2017-11-21 19:09:59 - [TEST_STEP][PASSED] - Statement - G_SplitOrderAmt2 = G_OrderAmt - 2: null

2017-11-21 19:09:59 - [TEST_STEP][PASSED] - comment: ***********************Line1 started***********************

2017-11-21 19:09:59 - [TEST_STEP][PASSED] - click: Object: 'Object Repository/Rental/Rental_SplitTenderDetails/SplitTender.NewButton' is clicked on

2017-11-21 19:10:00 - [MESSAGE][PASSED] - Object: 'Object Repository/Rental/Rental_SplitTenderDetails/SplitTender.NewButton' is clicked on

2017-11-21 19:10:00 - [TEST_STEP][PASSED] - delay: Delayed 2 second(s)

2017-11-21 19:10:02 - [MESSAGE][PASSED] - Delayed 2 second(s)

2017-11-21 19:10:02 - [TEST_STEP][PASSED] - doubleClick: Object: 'Object Repository/Rental/Rental_SplitTenderDetails/SplitTender.ModeofPayment' is double clicked on

2017-11-21 19:10:02 - [MESSAGE][PASSED] - Object: 'Object Repository/Rental/Rental_SplitTenderDetails/SplitTender.ModeofPayment' is double clicked on

2017-11-21 19:10:02 - [TEST_STEP][PASSED] - click: Object: 'Object Repository/Rental/Rental_SplitTenderDetails/SplitTender.ModeOfPaymentCreditCard1' is clicked on

2017-11-21 19:10:03 - [MESSAGE][PASSED] - Object: 'Object Repository/Rental/Rental_SplitTenderDetails/SplitTender.ModeOfPaymentCreditCard1' is clicked on

2017-11-21 19:10:03 - [TEST_STEP][PASSED] - click: Object: 'Object Repository/Rental/Rental_SplitTenderDetails/SplitTender.LineCCNo' is clicked on

2017-11-21 19:10:03 - [MESSAGE][PASSED] - Object: 'Object Repository/Rental/Rental_SplitTenderDetails/SplitTender.LineCCNo' is clicked on

2017-11-21 19:10:03 - [TEST_STEP][PASSED] - delay: Delayed 2 second(s)

2017-11-21 19:10:05 - [MESSAGE][PASSED] - Delayed 2 second(s)

2017-11-21 19:10:05 - [TEST_STEP][PASSED] - setText: Text '4012000033330026' is set on object 'Object Repository/Rental/Rental_SplitTenderDetails/SplitTender.LineCCNo'

2017-11-21 19:10:05 - [MESSAGE][PASSED] - Text '4012000033330026' is set on object 'Object Repository/Rental/Rental_SplitTenderDetails/SplitTender.LineCCNo'

2017-11-21 19:10:05 - [TEST_STEP][PASSED] - delay: Delayed 5 second(s)

2017-11-21 19:10:10 - [MESSAGE][PASSED] - Delayed 5 second(s)

2017-11-21 19:10:10 - [TEST_STEP][PASSED] - doubleClick: Object: 'Object Repository/Rental/Rental_SplitTenderDetails/SplitTender.LineCVV' is double clicked on

2017-11-21 19:10:11 - [MESSAGE][PASSED] - Object: 'Object Repository/Rental/Rental_SplitTenderDetails/SplitTender.LineCVV' is double clicked on

2017-11-21 19:10:11 - [TEST_STEP][PASSED] - delay: Delayed 2 second(s)

2017-11-21 19:10:13 - [MESSAGE][PASSED] - Delayed 2 second(s)

2017-11-21 19:10:13 - [TEST_STEP][PASSED] - setText: Text '456' is set on object 'Object Repository/Rental/Rental_SplitTenderDetails/SplitTender.LineCVV'

2017-11-21 19:10:13 - [MESSAGE][PASSED] - Text '456' is set on object 'Object Repository/Rental/Rental_SplitTenderDetails/SplitTender.LineCVV'

2017-11-21 19:10:13 - [TEST_STEP][PASSED] - delay: Delayed 5 second(s)

2017-11-21 19:10:18 - [MESSAGE][PASSED] - Delayed 5 second(s)

2017-11-21 19:10:18 - [TEST_STEP][PASSED] - scrollToElement: Scroll to object 'Object Repository/Rental/Rental_SplitTenderDetails/SplitTender.LineOrderAmount1' successfully

2017-11-21 19:10:18 - [MESSAGE][PASSED] - Scroll to object 'Object Repository/Rental/Rental_SplitTenderDetails/SplitTender.LineOrderAmount1' successfully

2017-11-21 19:10:18 - [TEST_STEP][PASSED] - delay: Delayed 5 second(s)

2017-11-21 19:10:23 - [MESSAGE][PASSED] - Delayed 5 second(s)

2017-11-21 19:10:23 - [TEST_STEP][PASSED] - click: Object: 'Object Repository/Rental/Rental_SplitTenderDetails/SplitTender.LineOrderAmount1' is clicked on

2017-11-21 19:10:23 - [MESSAGE][PASSED] - Object: 'Object Repository/Rental/Rental_SplitTenderDetails/SplitTender.LineOrderAmount1' is clicked on

2017-11-21 19:10:23 - [TEST_STEP][PASSED] - delay: Delayed 3 second(s)

2017-11-21 19:10:26 - [MESSAGE][PASSED] - Delayed 3 second(s)

2017-11-21 19:10:26 - [TEST_STEP][PASSED] - setText: Text '1.00' is set on object 'Object Repository/Rental/Rental_SplitTenderDetails/SplitTender.LineOrderAmount1'

2017-11-21 19:10:27 - [MESSAGE][PASSED] - Text '1.00' is set on object 'Object Repository/Rental/Rental_SplitTenderDetails/SplitTender.LineOrderAmount1'

2017-11-21 19:10:27 - [TEST_STEP][PASSED] - delay: Delayed 2 second(s)

2017-11-21 19:10:29 - [MESSAGE][PASSED] - Delayed 2 second(s)

2017-11-21 19:10:29 - [TEST_STEP][PASSED] - comment: ***********************Line2 started***********************

2017-11-21 19:10:29 - [TEST_STEP][PASSED] - click: Object: 'Object Repository/Rental/Rental_SplitTenderDetails/SplitTender.NewButton' is clicked on

2017-11-21 19:10:29 - [MESSAGE][PASSED] - Object: 'Object Repository/Rental/Rental_SplitTenderDetails/SplitTender.NewButton' is clicked on

2017-11-21 19:10:29 - [TEST_STEP][PASSED] - delay: Delayed 2 second(s)

2017-11-21 19:10:31 - [MESSAGE][PASSED] - Delayed 2 second(s)

2017-11-21 19:10:31 - [TEST_STEP][PASSED] - doubleClick: Object: 'Object Repository/Rental/Rental_SplitTenderDetails/SplitTender.ModeofPayment1' is double clicked on

2017-11-21 19:10:31 - [MESSAGE][PASSED] - Object: 'Object Repository/Rental/Rental_SplitTenderDetails/SplitTender.ModeofPayment1' is double clicked on

2017-11-21 19:10:31 - [TEST_STEP][PASSED] - click: Object: 'Object Repository/Rental/Rental_SplitTenderDetails/SplitTender.ModeOfPaymentCreditCard2' is clicked on

2017-11-21 19:10:32 - [MESSAGE][PASSED] - Object: 'Object Repository/Rental/Rental_SplitTenderDetails/SplitTender.ModeOfPaymentCreditCard2' is clicked on

2017-11-21 19:10:32 - [TEST_STEP][PASSED] - delay: Delayed 3 second(s)

2017-11-21 19:10:35 - [MESSAGE][PASSED] - Delayed 3 second(s)

2017-11-21 19:10:35 - [TEST_STEP][PASSED] - click: Object: 'Object Repository/Rental/Rental_SplitTenderDetails/SplitTender.Line2CCNo' is clicked on

2017-11-21 19:10:35 - [MESSAGE][PASSED] - Object: 'Object Repository/Rental/Rental_SplitTenderDetails/SplitTender.Line2CCNo' is clicked on

2017-11-21 19:10:35 - [TEST_STEP][PASSED] - delay: Delayed 2 second(s)

2017-11-21 19:10:37 - [MESSAGE][PASSED] - Delayed 2 second(s)

2017-11-21 19:10:37 - [TEST_STEP][PASSED] - setText: Text '4111123400062020' is set on object 'Object Repository/Rental/Rental_SplitTenderDetails/SplitTender.Line2CCNo'

2017-11-21 19:10:37 - [MESSAGE][PASSED] - Text '4111123400062020' is set on object 'Object Repository/Rental/Rental_SplitTenderDetails/SplitTender.Line2CCNo'

2017-11-21 19:10:37 - [TEST_STEP][PASSED] - delay: Delayed 2 second(s)

2017-11-21 19:10:39 - [MESSAGE][PASSED] - Delayed 2 second(s)

2017-11-21 19:10:39 - [TEST_STEP][PASSED] - click: Object: 'Object Repository/Rental/Rental_SplitTenderDetails/SplitTender.Line2CVV' is clicked on

2017-11-21 19:10:39 - [MESSAGE][PASSED] - Object: 'Object Repository/Rental/Rental_SplitTenderDetails/SplitTender.Line2CVV' is clicked on

2017-11-21 19:10:39 - [TEST_STEP][PASSED] - delay: Delayed 3 second(s)

2017-11-21 19:10:42 - [MESSAGE][PASSED] - Delayed 3 second(s)

2017-11-21 19:10:42 - [TEST_STEP][PASSED] - setText: Text '456' is set on object 'Object Repository/Rental/Rental_SplitTenderDetails/SplitTender.Line2CVV'

2017-11-21 19:10:43 - [MESSAGE][PASSED] - Text '456' is set on object 'Object Repository/Rental/Rental_SplitTenderDetails/SplitTender.Line2CVV'

2017-11-21 19:10:43 - [TEST_STEP][PASSED] - delay: Delayed 3 second(s)

2017-11-21 19:10:46 - [MESSAGE][PASSED] - Delayed 3 second(s)

2017-11-21 19:10:46 - [TEST_STEP][PASSED] - click: Object: 'Object Repository/Rental/Rental_SplitTenderDetails/SplitTender.CardTypeLine2' is clicked on

2017-11-21 19:10:46 - [MESSAGE][PASSED] - Object: 'Object Repository/Rental/Rental_SplitTenderDetails/SplitTender.CardTypeLine2' is clicked on

2017-11-21 19:10:46 - [TEST_STEP][PASSED] - delay: Delayed 5 second(s)

2017-11-21 19:10:51 - [MESSAGE][PASSED] - Delayed 5 second(s)

2017-11-21 19:10:51 - [TEST_STEP][PASSED] - sendKeys: Keys 'Visa' sent to object: 'Object Repository/Rental/Rental_SplitTenderDetails/SplitTender.CardTypeLine2'

2017-11-21 19:10:51 - [MESSAGE][PASSED] - Keys 'Visa' sent to object: 'Object Repository/Rental/Rental_SplitTenderDetails/SplitTender.CardTypeLine2'

2017-11-21 19:10:51 - [TEST_STEP][PASSED] - delay: Delayed 5 second(s)

2017-11-21 19:10:56 - [MESSAGE][PASSED] - Delayed 5 second(s)

2017-11-21 19:10:56 - [TEST_STEP][PASSED] - click: Object: 'Object Repository/Rental/Rental_SplitTenderDetails/SplitTender.ExpiryMonthLine2' is clicked on

2017-11-21 19:10:56 - [MESSAGE][PASSED] - Object: 'Object Repository/Rental/Rental_SplitTenderDetails/SplitTender.ExpiryMonthLine2' is clicked on

2017-11-21 19:10:56 - [TEST_STEP][PASSED] - delay: Delayed 3 second(s)

2017-11-21 19:10:59 - [MESSAGE][PASSED] - Delayed 3 second(s)

2017-11-21 19:10:59 - [TEST_STEP][PASSED] - setText: Text '09' is set on object 'Object Repository/Rental/Rental_SplitTenderDetails/SplitTender.ExpiryMonthLine2'

2017-11-21 19:11:00 - [MESSAGE][PASSED] - Text '09' is set on object 'Object Repository/Rental/Rental_SplitTenderDetails/SplitTender.ExpiryMonthLine2'

2017-11-21 19:11:00 - [TEST_STEP][PASSED] - delay: Delayed 2 second(s)

2017-11-21 19:11:02 - [MESSAGE][PASSED] - Delayed 2 second(s)

2017-11-21 19:11:02 - [TEST_STEP][PASSED] - click: Object: 'Object Repository/Rental/Rental_SplitTenderDetails/SplitTender.ExpiryYearLine2' is clicked on

2017-11-21 19:11:02 - [MESSAGE][PASSED] - Object: 'Object Repository/Rental/Rental_SplitTenderDetails/SplitTender.ExpiryYearLine2' is clicked on

2017-11-21 19:11:02 - [TEST_STEP][PASSED] - delay: Delayed 2 second(s)

2017-11-21 19:11:04 - [MESSAGE][PASSED] - Delayed 2 second(s)

2017-11-21 19:11:04 - [TEST_STEP][PASSED] - setText: Text '99' is set on object 'Object Repository/Rental/Rental_SplitTenderDetails/SplitTender.ExpiryYearLine2'

2017-11-21 19:11:04 - [MESSAGE][PASSED] - Text '99' is set on object 'Object Repository/Rental/Rental_SplitTenderDetails/SplitTender.ExpiryYearLine2'

2017-11-21 19:11:04 - [TEST_STEP][PASSED] - delay: Delayed 3 second(s)

2017-11-21 19:11:07 - [MESSAGE][PASSED] - Delayed 3 second(s)

2017-11-21 19:11:07 - [TEST_STEP][PASSED] - scrollToElement: Scroll to object 'Object Repository/Rental/Rental_SplitTenderDetails/SplitTender.LineOrderAmount2' successfully

2017-11-21 19:11:07 - [MESSAGE][PASSED] - Scroll to object 'Object Repository/Rental/Rental_SplitTenderDetails/SplitTender.LineOrderAmount2' successfully

2017-11-21 19:11:07 - [TEST_STEP][PASSED] - delay: Delayed 2 second(s)

2017-11-21 19:11:09 - [MESSAGE][PASSED] - Delayed 2 second(s)

2017-11-21 19:11:09 - [TEST_STEP][PASSED] - click: Object: 'Object Repository/Rental/Rental_SplitTenderDetails/SplitTender.LineOrderAmount2' is clicked on

2017-11-21 19:11:10 - [MESSAGE][PASSED] - Object: 'Object Repository/Rental/Rental_SplitTenderDetails/SplitTender.LineOrderAmount2' is clicked on

2017-11-21 19:11:10 - [TEST_STEP][PASSED] - delay: Delayed 2 second(s)

2017-11-21 19:11:12 - [MESSAGE][PASSED] - Delayed 2 second(s)

2017-11-21 19:11:12 - [TEST_STEP][PASSED] - setText: Text '1.00' is set on object 'Object Repository/Rental/Rental_SplitTenderDetails/SplitTender.LineOrderAmount2'

2017-11-21 19:11:12 - [MESSAGE][PASSED] - Text '1.00' is set on object 'Object Repository/Rental/Rental_SplitTenderDetails/SplitTender.LineOrderAmount2'

2017-11-21 19:11:12 - [TEST_STEP][PASSED] - delay: Delayed 2 second(s)

2017-11-21 19:11:14 - [MESSAGE][PASSED] - Delayed 2 second(s)

2017-11-21 19:11:14 - [TEST_STEP][PASSED] - comment: ***********************Line3 started***********************

2017-11-21 19:11:14 - [TEST_STEP][PASSED] - click: Object: 'Object Repository/Rental/Rental_SplitTenderDetails/SplitTender.NewButton' is clicked on

2017-11-21 19:11:14 - [MESSAGE][PASSED] - Object: 'Object Repository/Rental/Rental_SplitTenderDetails/SplitTender.NewButton' is clicked on

2017-11-21 19:11:14 - [TEST_STEP][PASSED] - delay: Delayed 3 second(s)

2017-11-21 19:11:17 - [MESSAGE][PASSED] - Delayed 3 second(s)

2017-11-21 19:11:17 - [TEST_STEP][PASSED] - doubleClick: Object: 'Object Repository/Rental/Rental_SplitTenderDetails/SplitTender.ModeofPayment2' is double clicked on

2017-11-21 19:11:18 - [MESSAGE][PASSED] - Object: 'Object Repository/Rental/Rental_SplitTenderDetails/SplitTender.ModeofPayment2' is double clicked on

2017-11-21 19:11:18 - [TEST_STEP][PASSED] - delay: Delayed 5 second(s)

2017-11-21 19:11:23 - [MESSAGE][PASSED] - Delayed 5 second(s)

2017-11-21 19:11:23 - [TEST_STEP][NOT_RUN] - click: NOT_RUN: click

2017-11-21 19:11:23 - [MESSAGE][NOT_RUN] - NOT_RUN: click

2017-11-21 19:11:23 - [TEST_STEP][PASSED] - click: Object: 'Object Repository/Rental/Rental_SplitTenderDetails/SplitTender.ModeOfPaymentCash' is clicked on

2017-11-21 19:11:23 - [MESSAGE][PASSED] - Object: 'Object Repository/Rental/Rental_SplitTenderDetails/SplitTender.ModeOfPaymentCash' is clicked on

2017-11-21 19:11:23 - [TEST_STEP][PASSED] - delay: Delayed 10 second(s)

2017-11-21 19:11:33 - [MESSAGE][PASSED] - Delayed 10 second(s)

2017-11-21 19:11:33 - [TEST_STEP][NOT_RUN] - scrollToElement: NOT_RUN: scrollToElement

2017-11-21 19:11:33 - [MESSAGE][NOT_RUN] - NOT_RUN: scrollToElement

2017-11-21 19:11:33 - [TEST_STEP][PASSED] - click: Object: 'Object Repository/Rental/Rental_SplitTenderDetails/SplitTender.LineOrderAmount3' is clicked on

2017-11-21 19:11:34 - [MESSAGE][PASSED] - Object: 'Object Repository/Rental/Rental_SplitTenderDetails/SplitTender.LineOrderAmount3' is clicked on

2017-11-21 19:11:34 - [TEST_STEP][PASSED] - delay: Delayed 2 second(s)

2017-11-21 19:11:36 - [MESSAGE][PASSED] - Delayed 2 second(s)

2017-11-21 19:11:36 - [TEST_STEP][PASSED] - setText: Text '108.0' is set on object 'Object Repository/Rental/Rental_SplitTenderDetails/SplitTender.LineOrderAmount3'

2017-11-21 19:11:36 - [MESSAGE][PASSED] - Text '108.0' is set on object 'Object Repository/Rental/Rental_SplitTenderDetails/SplitTender.LineOrderAmount3'

2017-11-21 19:11:36 - [TEST_STEP][NOT_RUN] - delay: NOT_RUN: delay

2017-11-21 19:11:36 - [MESSAGE][NOT_RUN] - NOT_RUN: delay

2017-11-21 19:11:36 - [TEST_STEP][NOT_RUN] - click: NOT_RUN: click

2017-11-21 19:11:36 - [MESSAGE][NOT_RUN] - NOT_RUN: click

2017-11-21 19:11:36 - [TEST_STEP][PASSED] - delay: Delayed 5 second(s)

2017-11-21 19:11:41 - [MESSAGE][PASSED] - Delayed 5 second(s)

2017-11-21 19:11:41 - [TEST_STEP][PASSED] - click: Object: 'Object Repository/Rental/Rental_SplitTenderDetails/SplitTender.Action' is clicked on

2017-11-21 19:11:41 - [MESSAGE][PASSED] - Object: 'Object Repository/Rental/Rental_SplitTenderDetails/SplitTender.Action' is clicked on

2017-11-21 19:11:41 - [TEST_STEP][PASSED] - delay: Delayed 2 second(s)

2017-11-21 19:11:43 - [MESSAGE][PASSED] - Delayed 2 second(s)

2017-11-21 19:11:43 - [TEST_STEP][PASSED] - click: Object: 'Object Repository/Rental/Rental_SplitTenderDetails/SplitTender.ApplyTax' is clicked on

2017-11-21 19:11:43 - [MESSAGE][PASSED] - Object: 'Object Repository/Rental/Rental_SplitTenderDetails/SplitTender.ApplyTax' is clicked on

2017-11-21 19:11:43 - [TEST_STEP][PASSED] - delay: Delayed 2 second(s)

2017-11-21 19:11:45 - [MESSAGE][PASSED] - Delayed 2 second(s)

2017-11-21 19:11:45 - [TEST_STEP][PASSED] - Statement - G_SplitInvoiceAmt1 = com.kms.katalon.core.webui.keyword.WebUiBuiltInKeywords.getText(com.kms.katalon.core.testobject.ObjectRepository.findTestObject(Rental/Rental_SplitTenderDetails/SplitTender.InvoiceAmt1)): Text of object 'Object Repository/Rental/Rental_SplitTenderDetails/SplitTender.InvoiceAmt1' is: '1.00'

2017-11-21 19:11:45 - [MESSAGE][PASSED] - Text of object 'Object Repository/Rental/Rental_SplitTenderDetails/SplitTender.InvoiceAmt1' is: '1.00'

2017-11-21 19:11:45 - [TEST_STEP][PASSED] - Statement - G_SplitInvoiceAmt2 = com.kms.katalon.core.webui.keyword.WebUiBuiltInKeywords.getText(com.kms.katalon.core.testobject.ObjectRepository.findTestObject(Rental/Rental_SplitTenderDetails/SplitTender.InvoiceAmt2)): Text of object 'Object Repository/Rental/Rental_SplitTenderDetails/SplitTender.InvoiceAmt2' is: '108.00'

2017-11-21 19:11:46 - [MESSAGE][PASSED] - Text of object 'Object Repository/Rental/Rental_SplitTenderDetails/SplitTender.InvoiceAmt2' is: '108.00'

2017-11-21 19:11:46 - [TEST_STEP][PASSED] - click: Object: 'Object Repository/Rental/Rental_SplitTenderDetails/SplitTender.SaveClose' is clicked on

2017-11-21 19:11:46 - [MESSAGE][PASSED] - Object: 'Object Repository/Rental/Rental_SplitTenderDetails/SplitTender.SaveClose' is clicked on

2017-11-21 19:11:46 - [TEST_STEP][PASSED] - delay: Delayed 2 second(s)

2017-11-21 19:11:48 - [MESSAGE][PASSED] - Delayed 2 second(s)

2017-11-21 19:11:48 - [TEST_STEP][PASSED] - click: Object: 'Object Repository/Rental/Rental_SplitTenderDetails/SplitTender.CCProcess' is clicked on

2017-11-21 19:11:48 - [MESSAGE][PASSED] - Object: 'Object Repository/Rental/Rental_SplitTenderDetails/SplitTender.CCProcess' is clicked on

2017-11-21 19:11:48 - [TEST_STEP][PASSED] - delay: Delayed 13 second(s)

2017-11-21 19:12:01 - [MESSAGE][PASSED] - Delayed 13 second(s)

2017-11-21 19:12:01 - [TEST_STEP][PASSED] - click: Object: 'Object Repository/Rental/Rental_SplitTenderDetails/SplitTender.PrintDevice' is clicked on

2017-11-21 19:12:10 - [MESSAGE][PASSED] - Object: 'Object Repository/Rental/Rental_SplitTenderDetails/SplitTender.PrintDevice' is clicked on

2017-11-21 19:12:10 - [TEST_STEP][PASSED] - delay: Delayed 10 second(s)

2017-11-21 19:12:20 - [MESSAGE][PASSED] - Delayed 10 second(s)

2017-11-21 19:12:20 - [TEST_STEP][PASSED] - click: Object: 'Object Repository/Rental/Rental_SplitTenderDetails/SplitTender.PrintOK' is clicked on

2017-11-21 19:12:20 - [MESSAGE][PASSED] - Object: 'Object Repository/Rental/Rental_SplitTenderDetails/SplitTender.PrintOK' is clicked on

2017-11-21 19:12:20 - [TEST_STEP][PASSED] - delay: Delayed 5 second(s)

2017-11-21 19:12:25 - [MESSAGE][PASSED] - Delayed 5 second(s)

2017-11-21 19:12:25 - [TEST_STEP][PASSED] - click: Object: 'Object Repository/Rental/Rental_SplitTenderDetails/SplitTender.CloseRentalInvocieSession' is clicked on

2017-11-21 19:12:26 - [MESSAGE][PASSED] - Object: 'Object Repository/Rental/Rental_SplitTenderDetails/SplitTender.CloseRentalInvocieSession' is clicked on

2017-11-21 19:12:26 - [TEST_STEP][PASSED] - delay: Delayed 5 second(s)

2017-11-21 19:12:31 - [MESSAGE][PASSED] - Delayed 5 second(s)

2017-11-21 19:12:31 - [TEST_STEP][PASSED] - closeBrowser: Browser is closed

2017-11-21 19:12:31 - [MESSAGE][PASSED] - Browser is closed

2017-11-21 19:12:31 - [MESSAGE][PASSED] - Call Test Case 'Test Cases/Rental/Base_RentalContract/Base_CreateRentalInvoicewithSpitTenderDetails_SplitTender' successfully]]></system-out>
         <system-err><![CDATA[]]></system-err>
      </testcase>
      <system-out><![CDATA[2017-11-21 19:04:52 - [TEST_SUITE][PASSED] - CC_RentalInvoicewithSplitTenderTestSuite: Test Cases/Rental/Base_RentalContract/CreditCardRegression/TC004_RentalContractInvoice_SplitTender]]></system-out>
      <system-err><![CDATA[]]></system-err>
   </testsuite>
</testsuites>
