<?xml version="1.0" encoding="UTF-8"?>
<testsuites name="CC_RentalInvoicewithSplitTenderTestSuite" time="476" tests="0" failures="0" errors="0">
   <testsuite name="CC_RentalInvoicewithSplitTenderTestSuite" tests="0" failures="0" errors="0" time="476" timestamp="2017-11-17 14:45:09" hostname="agawhande - ANIL110.e-emphasys.com" id="Test Suites/CC_RentalInvoicewithSplitTenderTestSuite">
      <properties>
         <property name="deviceName" value=""/>
         <property name="devicePlatform" value=""/>
         <property name="logFolder" value="C:\\Users\\agawhande\\git\\CreditCard\\Reports\\CC_RentalInvoicewithSplitTenderTestSuite\\20171117_144500"/>
         <property name="logFiles" value="C:\\Users\\agawhande\\git\\CreditCard\\Reports\\CC_RentalInvoicewithSplitTenderTestSuite\\20171117_144500\\execution0.log"/>
         <property name="attachments" value="C:\\Users\\agawhande\\git\\CreditCard\\Reports\\CC_RentalInvoicewithSplitTenderTestSuite\\20171117_144500\\1510910528609.png, C:\\Users\\agawhande\\git\\CreditCard\\Reports\\CC_RentalInvoicewithSplitTenderTestSuite\\20171117_144500\\1510910586251.png"/>
         <property name="hostName" value="agawhande - ANIL110.e-emphasys.com"/>
         <property name="os" value="Windows 7 64bit"/>
         <property name="katalonVersion" value="4.8.0.2"/>
         <property name="browser" value="Firefox 56.0"/>
         <property name="hostAddress" value="192.168.25.228"/>
         <property name="sessionId" value="5fb2193e-c841-4f5c-876c-950a2db7cbf1"/>
         <property name="seleniumVersion" value="unknown"/>
         <property name="proxyInformation" value="ProxyInformation{proxyOption=NO_PROXY, proxyServerType=, password=, proxyServerAddress=, proxyServerPort=0}"/>
         <property name="platform" value="Windows 7"/>
      </properties>
      <testcase name="Test Cases/Rental/Base_RentalContract/CreditCardRegression/TC004_RentalContractInvoice_SplitTender - Iteration 1" classname="Test Cases/Rental/Base_RentalContract/CreditCardRegression/TC004_RentalContractInvoice_SplitTender" status="INCOMPLETE">
         <system-out><![CDATA[2017-11-17 14:45:09 - [TEST_CASE][INCOMPLETE] - Test Cases/Rental/Base_RentalContract/CreditCardRegression/TC004_RentalContractInvoice_SplitTender - Iteration 1: null

2017-11-17 14:45:10 - [TEST_STEP][PASSED] - callTestCase: Call Test Case 'Test Cases/Equipment/Base_EquipmentPurchase/EPO_CreateNrecieve' successfully

2017-11-17 14:45:10 - [TEST_CASE][PASSED] - Test Cases/Equipment/Base_EquipmentPurchase/EPO_CreateNrecieve: Test Cases/Equipment/Base_EquipmentPurchase/EPO_CreateNrecieve

2017-11-17 14:45:11 - [TEST_STEP][PASSED] - callTestCase: Call Test Case 'Test Cases/Equipment/Base_EquipmentPurchase/Base_EPO_CreateHeaderNline' successfully

2017-11-17 14:45:11 - [TEST_CASE][PASSED] - Test Cases/Equipment/Base_EquipmentPurchase/Base_EPO_CreateHeaderNline: Test Cases/Equipment/Base_EquipmentPurchase/Base_EPO_CreateHeaderNline

2017-11-17 14:45:11 - [TEST_STEP][PASSED] - callTestCase: Call Test Case 'Test Cases/Common/Base_Common_OpenSession' successfully

2017-11-17 14:45:11 - [TEST_CASE][PASSED] - Test Cases/Common/Base_Common_OpenSession: Test Cases/Common/Base_Common_OpenSession

2017-11-17 14:45:11 - [TEST_STEP][PASSED] - openBrowser: Browser is opened with url: 'https://rgajbhiye:Robin$123@proxima-ln4.e-emphasys.com:8441/webui/servlet/login'

2017-11-17 14:45:20 - [MESSAGE][PASSED] - Browser is opened with url: 'https://rgajbhiye:Robin$123@proxima-ln4.e-emphasys.com:8441/webui/servlet/login'

2017-11-17 14:45:20 - [TEST_STEP][PASSED] - waitForPageLoad: Wait for page load successfully

2017-11-17 14:45:20 - [MESSAGE][PASSED] - Wait for page load successfully

2017-11-17 14:45:20 - [TEST_STEP][PASSED] - maximizeWindow: Current window maximized

2017-11-17 14:45:20 - [MESSAGE][PASSED] - Current window maximized

2017-11-17 14:45:20 - [TEST_STEP][PASSED] - click: Object: 'Object Repository/Common/HomePage/HomePage_more' is clicked on

2017-11-17 14:45:24 - [MESSAGE][PASSED] - Object: 'Object Repository/Common/HomePage/HomePage_more' is clicked on

2017-11-17 14:45:24 - [TEST_STEP][PASSED] - click: Object: 'Object Repository/Common/HomePage/HomePage_Option' is clicked on

2017-11-17 14:45:24 - [MESSAGE][PASSED] - Object: 'Object Repository/Common/HomePage/HomePage_Option' is clicked on

2017-11-17 14:45:24 - [TEST_STEP][PASSED] - click: Object: 'Object Repository/Common/HomePage/HomePage_RunProgram_' is clicked on

2017-11-17 14:45:24 - [MESSAGE][PASSED] - Object: 'Object Repository/Common/HomePage/HomePage_RunProgram_' is clicked on

2017-11-17 14:45:24 - [TEST_STEP][PASSED] - sendKeys: Keys 'tdext8150s000' sent to object: 'Object Repository/Common/HomePage/HomePage_Session_ID'

2017-11-17 14:45:25 - [MESSAGE][PASSED] - Keys 'tdext8150s000' sent to object: 'Object Repository/Common/HomePage/HomePage_Session_ID'

2017-11-17 14:45:25 - [TEST_STEP][PASSED] - click: Object: 'Object Repository/Common/HomePage/HomePage_OkButton' is clicked on

2017-11-17 14:45:25 - [MESSAGE][PASSED] - Object: 'Object Repository/Common/HomePage/HomePage_OkButton' is clicked on

2017-11-17 14:45:25 - [MESSAGE][PASSED] - Call Test Case 'Test Cases/Common/Base_Common_OpenSession' successfully

2017-11-17 14:45:25 - [TEST_STEP][PASSED] - waitForElementPresent: Object 'Object Repository/Equipment/EquipmentPurchase/EPO_Header/EPO_Header_New' is present

2017-11-17 14:45:28 - [MESSAGE][PASSED] - Object 'Object Repository/Equipment/EquipmentPurchase/EPO_Header/EPO_Header_New' is present

2017-11-17 14:45:28 - [TEST_STEP][PASSED] - click: Object: 'Object Repository/Equipment/EquipmentPurchase/EPO_Header/EPO_Header_New' is clicked on

2017-11-17 14:45:28 - [MESSAGE][PASSED] - Object: 'Object Repository/Equipment/EquipmentPurchase/EPO_Header/EPO_Header_New' is clicked on

2017-11-17 14:45:28 - [TEST_STEP][PASSED] - click: Object: 'Object Repository/Equipment/EquipmentPurchase/EPO_Header/EPO_Header_Customer' is clicked on

2017-11-17 14:45:28 - [MESSAGE][PASSED] - Object: 'Object Repository/Equipment/EquipmentPurchase/EPO_Header/EPO_Header_Customer' is clicked on

2017-11-17 14:45:28 - [TEST_STEP][PASSED] - setText: Text 'M00000010' is set on object 'Object Repository/Equipment/EquipmentPurchase/EPO_Header/EPO_Header_Customer'

2017-11-17 14:45:29 - [MESSAGE][PASSED] - Text 'M00000010' is set on object 'Object Repository/Equipment/EquipmentPurchase/EPO_Header/EPO_Header_Customer'

2017-11-17 14:45:29 - [TEST_STEP][PASSED] - click: Object: 'Object Repository/Equipment/EquipmentPurchase/EPO_Header/EPO_Header_Save' is clicked on

2017-11-17 14:45:29 - [MESSAGE][PASSED] - Object: 'Object Repository/Equipment/EquipmentPurchase/EPO_Header/EPO_Header_Save' is clicked on

2017-11-17 14:45:29 - [TEST_STEP][PASSED] - delay: Delayed 5 second(s)

2017-11-17 14:45:34 - [MESSAGE][PASSED] - Delayed 5 second(s)

2017-11-17 14:45:34 - [TEST_STEP][PASSED] - click: Object: 'Object Repository/Equipment/EquipmentPurchase/EPO_Header/EPO_Header_Action' is clicked on

2017-11-17 14:45:34 - [MESSAGE][PASSED] - Object: 'Object Repository/Equipment/EquipmentPurchase/EPO_Header/EPO_Header_Action' is clicked on

2017-11-17 14:45:34 - [TEST_STEP][PASSED] - click: Object: 'Object Repository/Equipment/EquipmentPurchase/EPO_Header/EPO_Header_Action_OrderLines' is clicked on

2017-11-17 14:45:34 - [MESSAGE][PASSED] - Object: 'Object Repository/Equipment/EquipmentPurchase/EPO_Header/EPO_Header_Action_OrderLines' is clicked on

2017-11-17 14:45:34 - [TEST_STEP][PASSED] - waitForElementPresent: Object 'Object Repository/Equipment/EquipmentPurchase/EPO_Line/EPO_MultiLine_New' is present

2017-11-17 14:45:35 - [MESSAGE][PASSED] - Object 'Object Repository/Equipment/EquipmentPurchase/EPO_Line/EPO_MultiLine_New' is present

2017-11-17 14:45:35 - [TEST_STEP][PASSED] - click: Object: 'Object Repository/Equipment/EquipmentPurchase/EPO_Line/EPO_MultiLine_New' is clicked on

2017-11-17 14:45:36 - [MESSAGE][PASSED] - Object: 'Object Repository/Equipment/EquipmentPurchase/EPO_Line/EPO_MultiLine_New' is clicked on

2017-11-17 14:45:36 - [TEST_STEP][PASSED] - waitForElementPresent: Object 'Object Repository/Equipment/EquipmentPurchase/EPO_Line/EPO_Line_Model' is present

2017-11-17 14:45:37 - [MESSAGE][PASSED] - Object 'Object Repository/Equipment/EquipmentPurchase/EPO_Line/EPO_Line_Model' is present

2017-11-17 14:45:37 - [TEST_STEP][PASSED] - click: Object: 'Object Repository/Equipment/EquipmentPurchase/EPO_Line/EPO_Line_Model' is clicked on

2017-11-17 14:45:37 - [MESSAGE][PASSED] - Object: 'Object Repository/Equipment/EquipmentPurchase/EPO_Line/EPO_Line_Model' is clicked on

2017-11-17 14:45:37 - [TEST_STEP][PASSED] - delay: Delayed 2 second(s)

2017-11-17 14:45:39 - [MESSAGE][PASSED] - Delayed 2 second(s)

2017-11-17 14:45:39 - [TEST_STEP][PASSED] - setText: Text '1032' is set on object 'Object Repository/Equipment/EquipmentPurchase/EPO_Line/EPO_Line_Model'

2017-11-17 14:45:39 - [MESSAGE][PASSED] - Text '1032' is set on object 'Object Repository/Equipment/EquipmentPurchase/EPO_Line/EPO_Line_Model'

2017-11-17 14:45:39 - [TEST_STEP][PASSED] - click: Object: 'Object Repository/Equipment/EquipmentPurchase/EPO_Line/EPO_Line_NeworUsed' is clicked on

2017-11-17 14:45:39 - [MESSAGE][PASSED] - Object: 'Object Repository/Equipment/EquipmentPurchase/EPO_Line/EPO_Line_NeworUsed' is clicked on

2017-11-17 14:45:39 - [TEST_STEP][PASSED] - click: Object: 'Object Repository/Equipment/EquipmentPurchase/EPO_Line/EPO_Line_NewEquipOption' is clicked on

2017-11-17 14:45:39 - [MESSAGE][PASSED] - Object: 'Object Repository/Equipment/EquipmentPurchase/EPO_Line/EPO_Line_NewEquipOption' is clicked on

2017-11-17 14:45:39 - [TEST_STEP][PASSED] - click: Object: 'Object Repository/Equipment/EquipmentPurchase/EPO_Line/EPO_Line_PlannedDate' is clicked on

2017-11-17 14:45:40 - [MESSAGE][PASSED] - Object: 'Object Repository/Equipment/EquipmentPurchase/EPO_Line/EPO_Line_PlannedDate' is clicked on

2017-11-17 14:45:40 - [TEST_STEP][PASSED] - delay: Delayed 2 second(s)

2017-11-17 14:45:42 - [MESSAGE][PASSED] - Delayed 2 second(s)

2017-11-17 14:45:42 - [TEST_STEP][PASSED] - setText: Text '+10' is set on object 'Object Repository/Equipment/EquipmentPurchase/EPO_Line/EPO_Line_PlannedDate'

2017-11-17 14:45:42 - [MESSAGE][PASSED] - Text '+10' is set on object 'Object Repository/Equipment/EquipmentPurchase/EPO_Line/EPO_Line_PlannedDate'

2017-11-17 14:45:42 - [TEST_STEP][PASSED] - click: Object: 'Object Repository/Equipment/EquipmentPurchase/EPO_Line/EPO_Line_Price' is clicked on

2017-11-17 14:45:42 - [MESSAGE][PASSED] - Object: 'Object Repository/Equipment/EquipmentPurchase/EPO_Line/EPO_Line_Price' is clicked on

2017-11-17 14:45:42 - [TEST_STEP][PASSED] - delay: Delayed 2 second(s)

2017-11-17 14:45:44 - [MESSAGE][PASSED] - Delayed 2 second(s)

2017-11-17 14:45:44 - [TEST_STEP][PASSED] - setText: Text '100' is set on object 'Object Repository/Equipment/EquipmentPurchase/EPO_Line/EPO_Line_Price'

2017-11-17 14:45:44 - [MESSAGE][PASSED] - Text '100' is set on object 'Object Repository/Equipment/EquipmentPurchase/EPO_Line/EPO_Line_Price'

2017-11-17 14:45:44 - [TEST_STEP][PASSED] - click: Object: 'Object Repository/Equipment/EquipmentPurchase/EPO_Line/EPO_Line_Save' is clicked on

2017-11-17 14:45:44 - [MESSAGE][PASSED] - Object: 'Object Repository/Equipment/EquipmentPurchase/EPO_Line/EPO_Line_Save' is clicked on

2017-11-17 14:45:44 - [TEST_STEP][PASSED] - click: Object: 'Object Repository/Equipment/EquipmentPurchase/EPO_Line/EPO_Line_importNO' is clicked on

2017-11-17 14:45:45 - [MESSAGE][PASSED] - Object: 'Object Repository/Equipment/EquipmentPurchase/EPO_Line/EPO_Line_importNO' is clicked on

2017-11-17 14:45:45 - [TEST_STEP][PASSED] - click: Object: 'Object Repository/Equipment/EquipmentPurchase/EPO_Line/EPO_Line_SaveNclose' is clicked on

2017-11-17 14:45:45 - [MESSAGE][PASSED] - Object: 'Object Repository/Equipment/EquipmentPurchase/EPO_Line/EPO_Line_SaveNclose' is clicked on

2017-11-17 14:45:45 - [TEST_STEP][PASSED] - delay: Delayed 2 second(s)

2017-11-17 14:45:47 - [MESSAGE][PASSED] - Delayed 2 second(s)

2017-11-17 14:45:47 - [TEST_STEP][PASSED] - click: Object: 'Object Repository/Equipment/EquipmentPurchase/EPO_Line/EPO_MultiLine_SavenClose' is clicked on

2017-11-17 14:45:48 - [MESSAGE][PASSED] - Object: 'Object Repository/Equipment/EquipmentPurchase/EPO_Line/EPO_MultiLine_SavenClose' is clicked on

2017-11-17 14:45:48 - [MESSAGE][PASSED] - Call Test Case 'Test Cases/Equipment/Base_EquipmentPurchase/Base_EPO_CreateHeaderNline' successfully

2017-11-17 14:45:48 - [TEST_STEP][PASSED] - callTestCase: Call Test Case 'Test Cases/Equipment/Base_EquipmentPurchase/Base_EPO_Reciept' successfully

2017-11-17 14:45:48 - [TEST_CASE][PASSED] - Test Cases/Equipment/Base_EquipmentPurchase/Base_EPO_Reciept: Test Cases/Equipment/Base_EquipmentPurchase/Base_EPO_Reciept

2017-11-17 14:45:48 - [TEST_STEP][PASSED] - click: Object: 'Object Repository/Equipment/EquipmentPurchase/EPO_Header/EPO_Header_Action' is clicked on

2017-11-17 14:45:48 - [MESSAGE][PASSED] - Object: 'Object Repository/Equipment/EquipmentPurchase/EPO_Header/EPO_Header_Action' is clicked on

2017-11-17 14:45:48 - [TEST_STEP][PASSED] - click: Object: 'Object Repository/Equipment/EquipmentPurchase/EPO_Header/EPO_Header_Action_SendForApproval' is clicked on

2017-11-17 14:45:48 - [MESSAGE][PASSED] - Object: 'Object Repository/Equipment/EquipmentPurchase/EPO_Header/EPO_Header_Action_SendForApproval' is clicked on

2017-11-17 14:45:48 - [TEST_STEP][PASSED] - delay: Delayed 5 second(s)

2017-11-17 14:45:53 - [MESSAGE][PASSED] - Delayed 5 second(s)

2017-11-17 14:45:53 - [TEST_STEP][PASSED] - click: Object: 'Object Repository/Equipment/EquipmentPurchase/EPO_Header/EPO_Header_Action' is clicked on

2017-11-17 14:45:54 - [MESSAGE][PASSED] - Object: 'Object Repository/Equipment/EquipmentPurchase/EPO_Header/EPO_Header_Action' is clicked on

2017-11-17 14:45:54 - [TEST_STEP][PASSED] - click: Object: 'Object Repository/Equipment/EquipmentPurchase/EPO_Header/EPO_Header_Apporve' is clicked on

2017-11-17 14:45:54 - [MESSAGE][PASSED] - Object: 'Object Repository/Equipment/EquipmentPurchase/EPO_Header/EPO_Header_Apporve' is clicked on

2017-11-17 14:45:54 - [TEST_STEP][PASSED] - delay: Delayed 5 second(s)

2017-11-17 14:45:59 - [MESSAGE][PASSED] - Delayed 5 second(s)

2017-11-17 14:45:59 - [TEST_STEP][PASSED] - click: Object: 'Object Repository/Equipment/EquipmentPurchase/EPO_Header/EPO_Header_Print' is clicked on

2017-11-17 14:45:59 - [MESSAGE][PASSED] - Object: 'Object Repository/Equipment/EquipmentPurchase/EPO_Header/EPO_Header_Print' is clicked on

2017-11-17 14:45:59 - [TEST_STEP][PASSED] - click: Object: 'Object Repository/Equipment/EquipmentPurchase/EPO_Header/EPO_Print_FinalPrint' is clicked on

2017-11-17 14:46:00 - [MESSAGE][PASSED] - Object: 'Object Repository/Equipment/EquipmentPurchase/EPO_Header/EPO_Print_FinalPrint' is clicked on

2017-11-17 14:46:00 - [TEST_STEP][PASSED] - click: Object: 'Object Repository/Equipment/EquipmentPurchase/EPO_Header/EPO_Print_PrintOption' is clicked on

2017-11-17 14:46:00 - [MESSAGE][PASSED] - Object: 'Object Repository/Equipment/EquipmentPurchase/EPO_Header/EPO_Print_PrintOption' is clicked on

2017-11-17 14:46:00 - [TEST_STEP][PASSED] - click: Object: 'Object Repository/Equipment/EquipmentPurchase/EPO_Header/EPO_Print_Device' is clicked on

2017-11-17 14:46:02 - [MESSAGE][PASSED] - Object: 'Object Repository/Equipment/EquipmentPurchase/EPO_Header/EPO_Print_Device' is clicked on

2017-11-17 14:46:02 - [TEST_STEP][PASSED] - setText: Text 'D' is set on object 'Object Repository/Equipment/EquipmentPurchase/EPO_Header/EPO_Print_Device'

2017-11-17 14:46:02 - [MESSAGE][PASSED] - Text 'D' is set on object 'Object Repository/Equipment/EquipmentPurchase/EPO_Header/EPO_Print_Device'

2017-11-17 14:46:02 - [TEST_STEP][PASSED] - click: Object: 'Object Repository/Equipment/EquipmentPurchase/EPO_Header/EPO_Print_Continue' is clicked on

2017-11-17 14:46:03 - [MESSAGE][PASSED] - Object: 'Object Repository/Equipment/EquipmentPurchase/EPO_Header/EPO_Print_Continue' is clicked on

2017-11-17 14:46:03 - [TEST_STEP][PASSED] - delay: Delayed 5 second(s)

2017-11-17 14:46:08 - [MESSAGE][PASSED] - Delayed 5 second(s)

2017-11-17 14:46:08 - [TEST_STEP][PASSED] - click: Object: 'Object Repository/Equipment/EquipmentPurchase/EPO_Header/EPO_Header_EPOtab' is clicked on

2017-11-17 14:46:08 - [MESSAGE][PASSED] - Object: 'Object Repository/Equipment/EquipmentPurchase/EPO_Header/EPO_Header_EPOtab' is clicked on

2017-11-17 14:46:08 - [TEST_STEP][PASSED] - click: Object: 'Object Repository/Equipment/EquipmentPurchase/EPO_Header/EPO_Print_Close' is clicked on

2017-11-17 14:46:08 - [MESSAGE][PASSED] - Object: 'Object Repository/Equipment/EquipmentPurchase/EPO_Header/EPO_Print_Close' is clicked on

2017-11-17 14:46:08 - [TEST_STEP][PASSED] - delay: Delayed 3 second(s)

2017-11-17 14:46:11 - [MESSAGE][PASSED] - Delayed 3 second(s)

2017-11-17 14:46:11 - [TEST_STEP][PASSED] - click: Object: 'Object Repository/Equipment/EquipmentPurchase/EPO_Header/EPO_Header_Action' is clicked on

2017-11-17 14:46:11 - [MESSAGE][PASSED] - Object: 'Object Repository/Equipment/EquipmentPurchase/EPO_Header/EPO_Header_Action' is clicked on

2017-11-17 14:46:11 - [TEST_STEP][PASSED] - click: Object: 'Object Repository/Equipment/EquipmentPurchase/EPO_Header/EPO_Action_Reciept' is clicked on

2017-11-17 14:46:11 - [MESSAGE][PASSED] - Object: 'Object Repository/Equipment/EquipmentPurchase/EPO_Header/EPO_Action_Reciept' is clicked on

2017-11-17 14:46:11 - [TEST_STEP][PASSED] - waitForElementPresent: Object 'Object Repository/Equipment/EquipmentPurchase/EPO_Receipt/EPO_Reciept_Save' is present

2017-11-17 14:46:13 - [MESSAGE][PASSED] - Object 'Object Repository/Equipment/EquipmentPurchase/EPO_Receipt/EPO_Reciept_Save' is present

2017-11-17 14:46:13 - [TEST_STEP][PASSED] - click: Object: 'Object Repository/Equipment/EquipmentPurchase/EPO_Receipt/EPO_Reciept_Save' is clicked on

2017-11-17 14:46:13 - [MESSAGE][PASSED] - Object: 'Object Repository/Equipment/EquipmentPurchase/EPO_Receipt/EPO_Reciept_Save' is clicked on

2017-11-17 14:46:13 - [TEST_STEP][PASSED] - delay: Delayed 3 second(s)

2017-11-17 14:46:16 - [MESSAGE][PASSED] - Delayed 3 second(s)

2017-11-17 14:46:16 - [TEST_STEP][PASSED] - click: Object: 'Object Repository/Equipment/EquipmentPurchase/EPO_Receipt/EPO_Receipt_Action' is clicked on

2017-11-17 14:46:16 - [MESSAGE][PASSED] - Object: 'Object Repository/Equipment/EquipmentPurchase/EPO_Receipt/EPO_Receipt_Action' is clicked on

2017-11-17 14:46:16 - [TEST_STEP][PASSED] - click: Object: 'Object Repository/Equipment/EquipmentPurchase/EPO_Receipt/EPO_Receipt_Action_ReceiptLine' is clicked on

2017-11-17 14:46:16 - [MESSAGE][PASSED] - Object: 'Object Repository/Equipment/EquipmentPurchase/EPO_Receipt/EPO_Receipt_Action_ReceiptLine' is clicked on

2017-11-17 14:46:16 - [TEST_STEP][PASSED] - waitForElementPresent: Object 'Object Repository/Equipment/EquipmentPurchase/EPO_Receipt_Line/EPO_ReceiptLine_New' is present

2017-11-17 14:46:17 - [MESSAGE][PASSED] - Object 'Object Repository/Equipment/EquipmentPurchase/EPO_Receipt_Line/EPO_ReceiptLine_New' is present

2017-11-17 14:46:17 - [TEST_STEP][PASSED] - click: Object: 'Object Repository/Equipment/EquipmentPurchase/EPO_Receipt_Line/EPO_ReceiptLine_New' is clicked on

2017-11-17 14:46:17 - [MESSAGE][PASSED] - Object: 'Object Repository/Equipment/EquipmentPurchase/EPO_Receipt_Line/EPO_ReceiptLine_New' is clicked on

2017-11-17 14:46:17 - [TEST_STEP][PASSED] - waitForElementPresent: Object 'Object Repository/Equipment/EquipmentPurchase/EPO_Receipt_Line/EPO_RecieptLine_Select' is present

2017-11-17 14:46:18 - [MESSAGE][PASSED] - Object 'Object Repository/Equipment/EquipmentPurchase/EPO_Receipt_Line/EPO_RecieptLine_Select' is present

2017-11-17 14:46:18 - [TEST_STEP][PASSED] - click: Object: 'Object Repository/Equipment/EquipmentPurchase/EPO_Receipt_Line/EPO_RecieptLine_Select' is clicked on

2017-11-17 14:46:18 - [MESSAGE][PASSED] - Object: 'Object Repository/Equipment/EquipmentPurchase/EPO_Receipt_Line/EPO_RecieptLine_Select' is clicked on

2017-11-17 14:46:18 - [TEST_STEP][PASSED] - delay: Delayed 3 second(s)

2017-11-17 14:46:21 - [MESSAGE][PASSED] - Delayed 3 second(s)

2017-11-17 14:46:21 - [TEST_STEP][PASSED] - click: Object: 'Object Repository/Equipment/EquipmentPurchase/EPO_Receipt_Line/EPO_ReceiptLine_SavenClose' is clicked on

2017-11-17 14:46:21 - [MESSAGE][PASSED] - Object: 'Object Repository/Equipment/EquipmentPurchase/EPO_Receipt_Line/EPO_ReceiptLine_SavenClose' is clicked on

2017-11-17 14:46:21 - [TEST_STEP][PASSED] - waitForElementPresent: Object 'Object Repository/Equipment/EquipmentPurchase/EPO_Receipt_Line/EPO_RecieptLineAction' is present

2017-11-17 14:46:22 - [MESSAGE][PASSED] - Object 'Object Repository/Equipment/EquipmentPurchase/EPO_Receipt_Line/EPO_RecieptLineAction' is present

2017-11-17 14:46:22 - [TEST_STEP][PASSED] - Statement - G_Unit = com.kms.katalon.core.webui.keyword.WebUiBuiltInKeywords.getText(com.kms.katalon.core.testobject.ObjectRepository.findTestObject(Equipment/EquipmentPurchase/EPO_Receipt/EPO_Reciept_Unit)): Text of object 'Object Repository/Equipment/EquipmentPurchase/EPO_Receipt/EPO_Reciept_Unit' is: 'MD0018337'

2017-11-17 14:46:22 - [MESSAGE][PASSED] - Text of object 'Object Repository/Equipment/EquipmentPurchase/EPO_Receipt/EPO_Reciept_Unit' is: 'MD0018337'

2017-11-17 14:46:22 - [TEST_STEP][PASSED] - click: Object: 'Object Repository/Equipment/EquipmentPurchase/EPO_Receipt_Line/EPO_RecieptLineAction' is clicked on

2017-11-17 14:46:22 - [MESSAGE][PASSED] - Object: 'Object Repository/Equipment/EquipmentPurchase/EPO_Receipt_Line/EPO_RecieptLineAction' is clicked on

2017-11-17 14:46:22 - [TEST_STEP][PASSED] - click: Object: 'Object Repository/Equipment/EquipmentPurchase/EPO_Receipt/EPO_Action_Confirm' is clicked on

2017-11-17 14:46:22 - [MESSAGE][PASSED] - Object: 'Object Repository/Equipment/EquipmentPurchase/EPO_Receipt/EPO_Action_Confirm' is clicked on

2017-11-17 14:46:22 - [TEST_STEP][PASSED] - click: Object: 'Object Repository/Equipment/EquipmentPurchase/EPO_Receipt/EPO_Reciept_MeterOK' is clicked on

2017-11-17 14:46:23 - [MESSAGE][PASSED] - Object: 'Object Repository/Equipment/EquipmentPurchase/EPO_Receipt/EPO_Reciept_MeterOK' is clicked on

2017-11-17 14:46:23 - [TEST_STEP][PASSED] - waitForElementPresent: Object 'Object Repository/Equipment/EquipmentPurchase/EPO_Receipt/EPO_RecieptPrint_Device' is present

2017-11-17 14:46:25 - [MESSAGE][PASSED] - Object 'Object Repository/Equipment/EquipmentPurchase/EPO_Receipt/EPO_RecieptPrint_Device' is present

2017-11-17 14:46:25 - [TEST_STEP][PASSED] - click: Object: 'Object Repository/Equipment/EquipmentPurchase/EPO_Receipt/EPO_RecieptPrint_Device' is clicked on

2017-11-17 14:46:25 - [MESSAGE][PASSED] - Object: 'Object Repository/Equipment/EquipmentPurchase/EPO_Receipt/EPO_RecieptPrint_Device' is clicked on

2017-11-17 14:46:25 - [TEST_STEP][PASSED] - setText: Text 'D' is set on object 'Object Repository/Equipment/EquipmentPurchase/EPO_Receipt/EPO_RecieptPrint_Device'

2017-11-17 14:46:25 - [MESSAGE][PASSED] - Text 'D' is set on object 'Object Repository/Equipment/EquipmentPurchase/EPO_Receipt/EPO_RecieptPrint_Device'

2017-11-17 14:46:25 - [TEST_STEP][PASSED] - click: Object: 'Object Repository/Equipment/EquipmentPurchase/EPO_Receipt/EPO_RecieptPrint_Continue' is clicked on

2017-11-17 14:46:25 - [MESSAGE][PASSED] - Object: 'Object Repository/Equipment/EquipmentPurchase/EPO_Receipt/EPO_RecieptPrint_Continue' is clicked on

2017-11-17 14:46:25 - [TEST_STEP][PASSED] - delay: Delayed 3 second(s)

2017-11-17 14:46:28 - [MESSAGE][PASSED] - Delayed 3 second(s)

2017-11-17 14:46:28 - [TEST_STEP][PASSED] - click: Object: 'Object Repository/Equipment/EquipmentPurchase/EPO_Receipt/EPO_RecieptPrint_ProcessCompleted' is clicked on

2017-11-17 14:46:28 - [MESSAGE][PASSED] - Object: 'Object Repository/Equipment/EquipmentPurchase/EPO_Receipt/EPO_RecieptPrint_ProcessCompleted' is clicked on

2017-11-17 14:46:28 - [TEST_STEP][PASSED] - delay: Delayed 10 second(s)

2017-11-17 14:46:38 - [MESSAGE][PASSED] - Delayed 10 second(s)

2017-11-17 14:46:38 - [MESSAGE][PASSED] - Call Test Case 'Test Cases/Equipment/Base_EquipmentPurchase/Base_EPO_Reciept' successfully

2017-11-17 14:46:38 - [MESSAGE][PASSED] - Call Test Case 'Test Cases/Equipment/Base_EquipmentPurchase/EPO_CreateNrecieve' successfully

2017-11-17 14:46:39 - [TEST_STEP][PASSED] - callTestCase: Call Test Case 'Test Cases/Rental/Base_RentalContract/Base_CreateRentalInvoice_HeaderlineInvoice_SplitTender' successfully

2017-11-17 14:46:39 - [TEST_CASE][PASSED] - Test Cases/Rental/Base_RentalContract/Base_CreateRentalInvoice_HeaderlineInvoice_SplitTender: Test Cases/Rental/Base_RentalContract/Base_CreateRentalInvoice_HeaderlineInvoice_SplitTender

2017-11-17 14:46:39 - [TEST_STEP][PASSED] - callTestCase: Call Test Case 'Test Cases/Rental/Base_RentalContract/Base_CreateRentalHeader' successfully

2017-11-17 14:46:39 - [TEST_CASE][PASSED] - Test Cases/Rental/Base_RentalContract/Base_CreateRentalHeader: Test Cases/Rental/Base_RentalContract/Base_CreateRentalHeader

2017-11-17 14:46:39 - [TEST_STEP][PASSED] - callTestCase: Call Test Case 'Test Cases/Common/Base_Common_OpenSession' successfully

2017-11-17 14:46:39 - [TEST_CASE][PASSED] - Test Cases/Common/Base_Common_OpenSession: Test Cases/Common/Base_Common_OpenSession

2017-11-17 14:46:39 - [TEST_STEP][PASSED] - openBrowser: Browser is opened with url: 'https://rgajbhiye:Robin$123@proxima-ln4.e-emphasys.com:8441/webui/servlet/login'

2017-11-17 14:46:39 - [MESSAGE][WARNING] - A browser is already opened. Closing browser and opening a new one

2017-11-17 14:46:46 - [MESSAGE][PASSED] - Browser is opened with url: 'https://rgajbhiye:Robin$123@proxima-ln4.e-emphasys.com:8441/webui/servlet/login'

2017-11-17 14:46:46 - [TEST_STEP][PASSED] - waitForPageLoad: Wait for page load successfully

2017-11-17 14:46:46 - [MESSAGE][PASSED] - Wait for page load successfully

2017-11-17 14:46:46 - [TEST_STEP][PASSED] - maximizeWindow: Current window maximized

2017-11-17 14:46:46 - [MESSAGE][PASSED] - Current window maximized

2017-11-17 14:46:46 - [TEST_STEP][PASSED] - click: Object: 'Object Repository/Common/HomePage/HomePage_more' is clicked on

2017-11-17 14:46:49 - [MESSAGE][PASSED] - Object: 'Object Repository/Common/HomePage/HomePage_more' is clicked on

2017-11-17 14:46:49 - [TEST_STEP][PASSED] - click: Object: 'Object Repository/Common/HomePage/HomePage_Option' is clicked on

2017-11-17 14:46:49 - [MESSAGE][PASSED] - Object: 'Object Repository/Common/HomePage/HomePage_Option' is clicked on

2017-11-17 14:46:49 - [TEST_STEP][PASSED] - click: Object: 'Object Repository/Common/HomePage/HomePage_RunProgram_' is clicked on

2017-11-17 14:46:49 - [MESSAGE][PASSED] - Object: 'Object Repository/Common/HomePage/HomePage_RunProgram_' is clicked on

2017-11-17 14:46:49 - [TEST_STEP][PASSED] - sendKeys: Keys 'erext4100s004' sent to object: 'Object Repository/Common/HomePage/HomePage_Session_ID'

2017-11-17 14:46:50 - [MESSAGE][PASSED] - Keys 'erext4100s004' sent to object: 'Object Repository/Common/HomePage/HomePage_Session_ID'

2017-11-17 14:46:50 - [TEST_STEP][PASSED] - click: Object: 'Object Repository/Common/HomePage/HomePage_OkButton' is clicked on

2017-11-17 14:46:50 - [MESSAGE][PASSED] - Object: 'Object Repository/Common/HomePage/HomePage_OkButton' is clicked on

2017-11-17 14:46:50 - [MESSAGE][PASSED] - Call Test Case 'Test Cases/Common/Base_Common_OpenSession' successfully

2017-11-17 14:46:50 - [TEST_STEP][PASSED] - click: Object: 'Object Repository/Rental/RentalHeader/RentalContract.Customer' is clicked on

2017-11-17 14:46:53 - [MESSAGE][PASSED] - Object: 'Object Repository/Rental/RentalHeader/RentalContract.Customer' is clicked on

2017-11-17 14:46:53 - [TEST_STEP][PASSED] - setText: Text 'M00000010' is set on object 'Object Repository/Rental/RentalHeader/RentalContract.Customer'

2017-11-17 14:46:54 - [MESSAGE][PASSED] - Text 'M00000010' is set on object 'Object Repository/Rental/RentalHeader/RentalContract.Customer'

2017-11-17 14:46:54 - [TEST_STEP][PASSED] - delay: Delayed 2 second(s)

2017-11-17 14:46:56 - [MESSAGE][PASSED] - Delayed 2 second(s)

2017-11-17 14:46:56 - [TEST_STEP][PASSED] - click: Object: 'Object Repository/Rental/RentalHeader/RentalContract.CustPO' is clicked on

2017-11-17 14:46:56 - [MESSAGE][PASSED] - Object: 'Object Repository/Rental/RentalHeader/RentalContract.CustPO' is clicked on

2017-11-17 14:46:56 - [TEST_STEP][PASSED] - delay: Delayed 3 second(s)

2017-11-17 14:46:59 - [MESSAGE][PASSED] - Delayed 3 second(s)

2017-11-17 14:46:59 - [TEST_STEP][PASSED] - click: Object: 'Object Repository/Rental/RentalHeader/RentalContract.OtherDetailsTab' is clicked on

2017-11-17 14:46:59 - [MESSAGE][PASSED] - Object: 'Object Repository/Rental/RentalHeader/RentalContract.OtherDetailsTab' is clicked on

2017-11-17 14:46:59 - [TEST_STEP][PASSED] - delay: Delayed 5 second(s)

2017-11-17 14:47:04 - [MESSAGE][PASSED] - Delayed 5 second(s)

2017-11-17 14:47:04 - [TEST_STEP][PASSED] - click: Object: 'Object Repository/Rental/RentalHeader/Rental Contract.ModeOfPayment' is clicked on

2017-11-17 14:47:04 - [MESSAGE][PASSED] - Object: 'Object Repository/Rental/RentalHeader/Rental Contract.ModeOfPayment' is clicked on

2017-11-17 14:47:04 - [TEST_STEP][PASSED] - delay: Delayed 2 second(s)

2017-11-17 14:47:06 - [MESSAGE][PASSED] - Delayed 2 second(s)

2017-11-17 14:47:06 - [TEST_STEP][PASSED] - click: Object: 'Object Repository/Rental/RentalHeader/RentalContract.CreditCardoption' is clicked on

2017-11-17 14:47:07 - [MESSAGE][PASSED] - Object: 'Object Repository/Rental/RentalHeader/RentalContract.CreditCardoption' is clicked on

2017-11-17 14:47:07 - [TEST_STEP][PASSED] - delay: Delayed 3 second(s)

2017-11-17 14:47:10 - [MESSAGE][PASSED] - Delayed 3 second(s)

2017-11-17 14:47:10 - [TEST_STEP][PASSED] - click: Object: 'Object Repository/Rental/RentalHeader/RentalContract.GeneralTab' is clicked on

2017-11-17 14:47:10 - [MESSAGE][PASSED] - Object: 'Object Repository/Rental/RentalHeader/RentalContract.GeneralTab' is clicked on

2017-11-17 14:47:10 - [TEST_STEP][PASSED] - delay: Delayed 5 second(s)

2017-11-17 14:47:15 - [MESSAGE][PASSED] - Delayed 5 second(s)

2017-11-17 14:47:15 - [TEST_STEP][PASSED] - click: Object: 'Object Repository/Rental/RentalHeader/RentalContract.Newbuttonline' is clicked on

2017-11-17 14:47:15 - [MESSAGE][PASSED] - Object: 'Object Repository/Rental/RentalHeader/RentalContract.Newbuttonline' is clicked on

2017-11-17 14:47:15 - [TEST_STEP][PASSED] - delay: Delayed 5 second(s)

2017-11-17 14:47:20 - [MESSAGE][PASSED] - Delayed 5 second(s)

2017-11-17 14:47:20 - [TEST_STEP][PASSED] - click: Object: 'Object Repository/Rental/RentalHeader/RentalContract.SetLine' is clicked on

2017-11-17 14:47:20 - [MESSAGE][PASSED] - Object: 'Object Repository/Rental/RentalHeader/RentalContract.SetLine' is clicked on

2017-11-17 14:47:20 - [TEST_STEP][PASSED] - delay: Delayed 5 second(s)

2017-11-17 14:47:25 - [MESSAGE][PASSED] - Delayed 5 second(s)

2017-11-17 14:47:25 - [TEST_STEP][PASSED] - scrollToElement: Scroll to object 'Object Repository/Rental/RentalHeader/RentalContract.Unit' successfully

2017-11-17 14:47:25 - [MESSAGE][PASSED] - Scroll to object 'Object Repository/Rental/RentalHeader/RentalContract.Unit' successfully

2017-11-17 14:47:25 - [TEST_STEP][PASSED] - delay: Delayed 3 second(s)

2017-11-17 14:47:28 - [MESSAGE][PASSED] - Delayed 3 second(s)

2017-11-17 14:47:28 - [TEST_STEP][NOT_RUN] - getText: NOT_RUN: getText

2017-11-17 14:47:28 - [MESSAGE][NOT_RUN] - NOT_RUN: getText

2017-11-17 14:47:28 - [TEST_STEP][PASSED] - click: Object: 'Object Repository/Rental/RentalHeader/RentalContract.Unit' is clicked on

2017-11-17 14:47:29 - [MESSAGE][PASSED] - Object: 'Object Repository/Rental/RentalHeader/RentalContract.Unit' is clicked on

2017-11-17 14:47:29 - [TEST_STEP][PASSED] - delay: Delayed 5 second(s)

2017-11-17 14:47:34 - [MESSAGE][PASSED] - Delayed 5 second(s)

2017-11-17 14:47:34 - [TEST_STEP][PASSED] - setText: Text 'MD0018337' is set on object 'Object Repository/Rental/RentalHeader/RentalContract.Unit'

2017-11-17 14:47:34 - [MESSAGE][PASSED] - Text 'MD0018337' is set on object 'Object Repository/Rental/RentalHeader/RentalContract.Unit'

2017-11-17 14:47:34 - [TEST_STEP][PASSED] - delay: Delayed 5 second(s)

2017-11-17 14:47:39 - [MESSAGE][PASSED] - Delayed 5 second(s)

2017-11-17 14:47:39 - [TEST_STEP][PASSED] - scrollToElement: Scroll to object 'Object Repository/Rental/RentalHeader/RentalContract.MultipleInsurence' successfully

2017-11-17 14:47:39 - [MESSAGE][PASSED] - Scroll to object 'Object Repository/Rental/RentalHeader/RentalContract.MultipleInsurence' successfully

2017-11-17 14:47:39 - [TEST_STEP][PASSED] - delay: Delayed 5 second(s)

2017-11-17 14:47:44 - [MESSAGE][PASSED] - Delayed 5 second(s)

2017-11-17 14:47:44 - [TEST_STEP][PASSED] - doubleClick: Object: 'Object Repository/Rental/RentalHeader/RentalContract.MultipleInsurence' is double clicked on

2017-11-17 14:47:44 - [MESSAGE][PASSED] - Object: 'Object Repository/Rental/RentalHeader/RentalContract.MultipleInsurence' is double clicked on

2017-11-17 14:47:44 - [TEST_STEP][PASSED] - delay: Delayed 5 second(s)

2017-11-17 14:47:49 - [MESSAGE][PASSED] - Delayed 5 second(s)

2017-11-17 14:47:49 - [TEST_STEP][PASSED] - click: Object: 'Object Repository/Rental/RentalHeader/RentalContract.MultipleInsurence' is clicked on

2017-11-17 14:47:50 - [MESSAGE][PASSED] - Object: 'Object Repository/Rental/RentalHeader/RentalContract.MultipleInsurence' is clicked on

2017-11-17 14:47:50 - [TEST_STEP][NOT_RUN] - doubleClick: NOT_RUN: doubleClick

2017-11-17 14:47:50 - [MESSAGE][NOT_RUN] - NOT_RUN: doubleClick

2017-11-17 14:47:50 - [TEST_STEP][PASSED] - delay: Delayed 5 second(s)

2017-11-17 14:47:55 - [MESSAGE][PASSED] - Delayed 5 second(s)

2017-11-17 14:47:55 - [TEST_STEP][PASSED] - click: Object: 'Object Repository/Rental/RentalHeader/RentalContract.MultiInsNO' is clicked on

2017-11-17 14:47:55 - [MESSAGE][PASSED] - Object: 'Object Repository/Rental/RentalHeader/RentalContract.MultiInsNO' is clicked on

2017-11-17 14:47:55 - [TEST_STEP][PASSED] - delay: Delayed 5 second(s)

2017-11-17 14:48:00 - [MESSAGE][PASSED] - Delayed 5 second(s)

2017-11-17 14:48:00 - [TEST_STEP][PASSED] - scrollToElement: Scroll to object 'Object Repository/Rental/RentalHeader/RentalContract.GrossRateline' successfully

2017-11-17 14:48:00 - [MESSAGE][PASSED] - Scroll to object 'Object Repository/Rental/RentalHeader/RentalContract.GrossRateline' successfully

2017-11-17 14:48:00 - [TEST_STEP][NOT_RUN] - delay: NOT_RUN: delay

2017-11-17 14:48:00 - [MESSAGE][NOT_RUN] - NOT_RUN: delay

2017-11-17 14:48:00 - [TEST_STEP][PASSED] - doubleClick: Object: 'Object Repository/Rental/RentalHeader/RentalContract.GrossRateline' is double clicked on

2017-11-17 14:48:00 - [MESSAGE][PASSED] - Object: 'Object Repository/Rental/RentalHeader/RentalContract.GrossRateline' is double clicked on

2017-11-17 14:48:00 - [TEST_STEP][PASSED] - delay: Delayed 2 second(s)

2017-11-17 14:48:02 - [MESSAGE][PASSED] - Delayed 2 second(s)

2017-11-17 14:48:02 - [TEST_STEP][PASSED] - click: Object: 'Object Repository/Rental/RentalHeader/RentalContract.GrossRateline' is clicked on

2017-11-17 14:48:03 - [MESSAGE][PASSED] - Object: 'Object Repository/Rental/RentalHeader/RentalContract.GrossRateline' is clicked on

2017-11-17 14:48:03 - [TEST_STEP][PASSED] - delay: Delayed 2 second(s)

2017-11-17 14:48:05 - [MESSAGE][PASSED] - Delayed 2 second(s)

2017-11-17 14:48:05 - [TEST_STEP][PASSED] - setText: Text '100' is set on object 'Object Repository/Rental/RentalHeader/RentalContract.GrossRateline'

2017-11-17 14:48:05 - [MESSAGE][PASSED] - Text '100' is set on object 'Object Repository/Rental/RentalHeader/RentalContract.GrossRateline'

2017-11-17 14:48:05 - [TEST_STEP][PASSED] - delay: Delayed 4 second(s)

2017-11-17 14:48:09 - [MESSAGE][PASSED] - Delayed 4 second(s)

2017-11-17 14:48:09 - [TEST_STEP][PASSED] - click: Object: 'Object Repository/Rental/RentalHeader/RentalContract.SaveHeader' is clicked on

2017-11-17 14:48:09 - [MESSAGE][PASSED] - Object: 'Object Repository/Rental/RentalHeader/RentalContract.SaveHeader' is clicked on

2017-11-17 14:48:09 - [TEST_STEP][PASSED] - delay: Delayed 5 second(s)

2017-11-17 14:48:14 - [MESSAGE][PASSED] - Delayed 5 second(s)

2017-11-17 14:48:14 - [TEST_STEP][PASSED] - click: Object: 'Object Repository/Rental/RentalHeader/RentalContract.Action' is clicked on

2017-11-17 14:48:14 - [MESSAGE][PASSED] - Object: 'Object Repository/Rental/RentalHeader/RentalContract.Action' is clicked on

2017-11-17 14:48:14 - [TEST_STEP][PASSED] - delay: Delayed 8 second(s)

2017-11-17 14:48:22 - [MESSAGE][PASSED] - Delayed 8 second(s)

2017-11-17 14:48:22 - [TEST_STEP][PASSED] - click: Object: 'Object Repository/Rental/RentalHeader/RentalContract.Release' is clicked on

2017-11-17 14:48:23 - [MESSAGE][PASSED] - Object: 'Object Repository/Rental/RentalHeader/RentalContract.Release' is clicked on

2017-11-17 14:48:23 - [TEST_STEP][PASSED] - delay: Delayed 12 second(s)

2017-11-17 14:48:35 - [MESSAGE][PASSED] - Delayed 12 second(s)

2017-11-17 14:48:35 - [TEST_STEP][PASSED] - click: Object: 'Object Repository/Rental/RentalHeader/RentalContract.ActionDelivery' is clicked on

2017-11-17 14:48:35 - [MESSAGE][PASSED] - Object: 'Object Repository/Rental/RentalHeader/RentalContract.ActionDelivery' is clicked on

2017-11-17 14:48:35 - [TEST_STEP][PASSED] - delay: Delayed 6 second(s)

2017-11-17 14:48:41 - [MESSAGE][PASSED] - Delayed 6 second(s)

2017-11-17 14:48:41 - [TEST_STEP][PASSED] - click: Object: 'Object Repository/Rental/RentalHeader/RentalContract.ConfirmDelivery' is clicked on

2017-11-17 14:48:41 - [MESSAGE][PASSED] - Object: 'Object Repository/Rental/RentalHeader/RentalContract.ConfirmDelivery' is clicked on

2017-11-17 14:48:41 - [TEST_STEP][PASSED] - delay: Delayed 8 second(s)

2017-11-17 14:48:49 - [MESSAGE][PASSED] - Delayed 8 second(s)

2017-11-17 14:48:49 - [TEST_STEP][NOT_RUN] - waitForElementPresent: NOT_RUN: waitForElementPresent

2017-11-17 14:48:49 - [MESSAGE][NOT_RUN] - NOT_RUN: waitForElementPresent

2017-11-17 14:48:49 - [TEST_STEP][NOT_RUN] - delay: NOT_RUN: delay

2017-11-17 14:48:49 - [MESSAGE][NOT_RUN] - NOT_RUN: delay

2017-11-17 14:48:49 - [TEST_STEP][PASSED] - click: Object: 'Object Repository/Rental/RentalHeader/RentalContract.DeliveryProceed' is clicked on

2017-11-17 14:48:49 - [MESSAGE][PASSED] - Object: 'Object Repository/Rental/RentalHeader/RentalContract.DeliveryProceed' is clicked on

2017-11-17 14:48:49 - [TEST_STEP][PASSED] - delay: Delayed 12 second(s)

2017-11-17 14:49:01 - [MESSAGE][PASSED] - Delayed 12 second(s)

2017-11-17 14:49:01 - [TEST_STEP][NOT_RUN] - waitForElementPresent: NOT_RUN: waitForElementPresent

2017-11-17 14:49:01 - [MESSAGE][NOT_RUN] - NOT_RUN: waitForElementPresent

2017-11-17 14:49:01 - [TEST_STEP][NOT_RUN] - delay: NOT_RUN: delay

2017-11-17 14:49:01 - [MESSAGE][NOT_RUN] - NOT_RUN: delay

2017-11-17 14:49:01 - [TEST_STEP][NOT_RUN] - click: NOT_RUN: click

2017-11-17 14:49:01 - [MESSAGE][NOT_RUN] - NOT_RUN: click

2017-11-17 14:49:01 - [TEST_STEP][PASSED] - delay: Delayed 8 second(s)

2017-11-17 14:49:09 - [MESSAGE][PASSED] - Delayed 8 second(s)

2017-11-17 14:49:09 - [TEST_STEP][PASSED] - click: Object: 'Object Repository/Rental/RentalHeader/RentalContract.InspetionReportClose' is clicked on

2017-11-17 14:49:10 - [MESSAGE][PASSED] - Object: 'Object Repository/Rental/RentalHeader/RentalContract.InspetionReportClose' is clicked on

2017-11-17 14:49:10 - [TEST_STEP][PASSED] - delay: Delayed 5 second(s)

2017-11-17 14:49:15 - [MESSAGE][PASSED] - Delayed 5 second(s)

2017-11-17 14:49:15 - [TEST_STEP][PASSED] - click: Object: 'Object Repository/Rental/RentalHeader/RentalContract.BillofLaddingClosed' is clicked on

2017-11-17 14:49:15 - [MESSAGE][PASSED] - Object: 'Object Repository/Rental/RentalHeader/RentalContract.BillofLaddingClosed' is clicked on

2017-11-17 14:49:15 - [TEST_STEP][PASSED] - delay: Delayed 5 second(s)

2017-11-17 14:49:20 - [MESSAGE][PASSED] - Delayed 5 second(s)

2017-11-17 14:49:20 - [TEST_STEP][PASSED] - click: Object: 'Object Repository/Rental/RentalHeader/RentalContract.EqipRentalMemoclosed' is clicked on

2017-11-17 14:49:20 - [MESSAGE][PASSED] - Object: 'Object Repository/Rental/RentalHeader/RentalContract.EqipRentalMemoclosed' is clicked on

2017-11-17 14:49:20 - [TEST_STEP][PASSED] - delay: Delayed 5 second(s)

2017-11-17 14:49:25 - [MESSAGE][PASSED] - Delayed 5 second(s)

2017-11-17 14:49:25 - [TEST_STEP][PASSED] - click: Object: 'Object Repository/Rental/RentalHeader/RentalContract.InspectionOrdergnerated' is clicked on

2017-11-17 14:49:25 - [MESSAGE][PASSED] - Object: 'Object Repository/Rental/RentalHeader/RentalContract.InspectionOrdergnerated' is clicked on

2017-11-17 14:49:25 - [MESSAGE][PASSED] - Call Test Case 'Test Cases/Rental/Base_RentalContract/Base_CreateRentalHeader' successfully

2017-11-17 14:49:25 - [TEST_STEP][PASSED] - delay: Delayed 4 second(s)

2017-11-17 14:49:29 - [MESSAGE][PASSED] - Delayed 4 second(s)

2017-11-17 14:49:29 - [TEST_STEP][PASSED] - click: Object: 'Object Repository/Rental/RentalHeader/RentalInvoice/RentalInvoice.InvoicingscheduleTab' is clicked on

2017-11-17 14:49:30 - [MESSAGE][PASSED] - Object: 'Object Repository/Rental/RentalHeader/RentalInvoice/RentalInvoice.InvoicingscheduleTab' is clicked on

2017-11-17 14:49:30 - [TEST_STEP][PASSED] - delay: Delayed 4 second(s)

2017-11-17 14:49:34 - [MESSAGE][PASSED] - Delayed 4 second(s)

2017-11-17 14:49:34 - [TEST_STEP][PASSED] - click: Object: 'Object Repository/Rental/RentalHeader/RentalInvoice/RentalInvoice.Action' is clicked on

2017-11-17 14:49:34 - [MESSAGE][PASSED] - Object: 'Object Repository/Rental/RentalHeader/RentalInvoice/RentalInvoice.Action' is clicked on

2017-11-17 14:49:34 - [TEST_STEP][PASSED] - delay: Delayed 4 second(s)

2017-11-17 14:49:38 - [MESSAGE][PASSED] - Delayed 4 second(s)

2017-11-17 14:49:38 - [TEST_STEP][PASSED] - click: Object: 'Object Repository/Rental/RentalHeader/RentalInvoice/RentalInvoice.ProcessInvoice' is clicked on

2017-11-17 14:49:38 - [MESSAGE][PASSED] - Object: 'Object Repository/Rental/RentalHeader/RentalInvoice/RentalInvoice.ProcessInvoice' is clicked on

2017-11-17 14:49:38 - [TEST_STEP][PASSED] - delay: Delayed 4 second(s)

2017-11-17 14:49:42 - [MESSAGE][PASSED] - Delayed 4 second(s)

2017-11-17 14:49:42 - [TEST_STEP][PASSED] - click: Object: 'Object Repository/Rental/RentalHeader/RentalInvoice/RentalInvoice.ProcessInvoice2' is clicked on

2017-11-17 14:49:42 - [MESSAGE][PASSED] - Object: 'Object Repository/Rental/RentalHeader/RentalInvoice/RentalInvoice.ProcessInvoice2' is clicked on

2017-11-17 14:49:42 - [TEST_STEP][PASSED] - delay: Delayed 0 second(s)

2017-11-17 14:49:42 - [MESSAGE][PASSED] - Delayed 0 second(s)

2017-11-17 14:49:42 - [TEST_STEP][PASSED] - click: Object: 'Object Repository/Rental/RentalHeader/RentalInvoice/RentalInvoice.InvoiceProcessYES' is clicked on

2017-11-17 14:49:43 - [MESSAGE][PASSED] - Object: 'Object Repository/Rental/RentalHeader/RentalInvoice/RentalInvoice.InvoiceProcessYES' is clicked on

2017-11-17 14:49:43 - [TEST_STEP][PASSED] - delay: Delayed 0 second(s)

2017-11-17 14:49:43 - [MESSAGE][PASSED] - Delayed 0 second(s)

2017-11-17 14:49:43 - [TEST_STEP][PASSED] - setText: Text 'PUBL' is set on object 'Object Repository/Rental/RentalHeader/RentalInvoice/ServiceCreditCard.PaymentGateway'

2017-11-17 14:49:44 - [MESSAGE][PASSED] - Text 'PUBL' is set on object 'Object Repository/Rental/RentalHeader/RentalInvoice/ServiceCreditCard.PaymentGateway'

2017-11-17 14:49:44 - [TEST_STEP][NOT_RUN] - sendKeys: NOT_RUN: sendKeys

2017-11-17 14:49:44 - [MESSAGE][NOT_RUN] - NOT_RUN: sendKeys

2017-11-17 14:49:44 - [TEST_STEP][PASSED] - doubleClick: Object: 'Object Repository/Rental/RentalHeader/RentalInvoice/ServiceCreditCard.CardType' is double clicked on

2017-11-17 14:49:44 - [MESSAGE][PASSED] - Object: 'Object Repository/Rental/RentalHeader/RentalInvoice/ServiceCreditCard.CardType' is double clicked on

2017-11-17 14:49:44 - [TEST_STEP][PASSED] - setText: Text 'Visa Card' is set on object 'Object Repository/Rental/RentalHeader/RentalInvoice/ServiceCreditCard.CardType'

2017-11-17 14:49:45 - [MESSAGE][PASSED] - Text 'Visa Card' is set on object 'Object Repository/Rental/RentalHeader/RentalInvoice/ServiceCreditCard.CardType'

2017-11-17 14:49:45 - [TEST_STEP][PASSED] - delay: Delayed 2 second(s)

2017-11-17 14:49:47 - [MESSAGE][PASSED] - Delayed 2 second(s)

2017-11-17 14:49:47 - [TEST_STEP][PASSED] - doubleClick: Object: 'Object Repository/Rental/RentalHeader/RentalInvoice/ServiceCreditCard.Enter CC No' is double clicked on

2017-11-17 14:49:47 - [MESSAGE][PASSED] - Object: 'Object Repository/Rental/RentalHeader/RentalInvoice/ServiceCreditCard.Enter CC No' is double clicked on

2017-11-17 14:49:47 - [TEST_STEP][PASSED] - sendKeys: Keys '4012000033330026' sent to object: 'Object Repository/Rental/RentalHeader/RentalInvoice/ServiceCreditCard.Enter CC No'

2017-11-17 14:49:47 - [MESSAGE][PASSED] - Keys '4012000033330026' sent to object: 'Object Repository/Rental/RentalHeader/RentalInvoice/ServiceCreditCard.Enter CC No'

2017-11-17 14:49:47 - [TEST_STEP][PASSED] - delay: Delayed 2 second(s)

2017-11-17 14:49:49 - [MESSAGE][PASSED] - Delayed 2 second(s)

2017-11-17 14:49:49 - [TEST_STEP][PASSED] - click: Object: 'Object Repository/Rental/RentalHeader/RentalInvoice/ServiceCreditCard.CVV2' is clicked on

2017-11-17 14:49:49 - [MESSAGE][PASSED] - Object: 'Object Repository/Rental/RentalHeader/RentalInvoice/ServiceCreditCard.CVV2' is clicked on

2017-11-17 14:49:49 - [TEST_STEP][PASSED] - sendKeys: Keys '865' sent to object: 'Object Repository/Rental/RentalHeader/RentalInvoice/ServiceCreditCard.CVV2'

2017-11-17 14:49:50 - [MESSAGE][PASSED] - Keys '865' sent to object: 'Object Repository/Rental/RentalHeader/RentalInvoice/ServiceCreditCard.CVV2'

2017-11-17 14:49:50 - [TEST_STEP][NOT_RUN] - sendKeys: NOT_RUN: sendKeys

2017-11-17 14:49:50 - [MESSAGE][NOT_RUN] - NOT_RUN: sendKeys

2017-11-17 14:49:50 - [TEST_STEP][NOT_RUN] - delay: NOT_RUN: delay

2017-11-17 14:49:50 - [MESSAGE][NOT_RUN] - NOT_RUN: delay

2017-11-17 14:49:50 - [TEST_STEP][PASSED] - delay: Delayed 3 second(s)

2017-11-17 14:49:53 - [MESSAGE][PASSED] - Delayed 3 second(s)

2017-11-17 14:49:53 - [TEST_STEP][PASSED] - setText: Text '09' is set on object 'Object Repository/Rental/RentalHeader/RentalInvoice/ServiceCreditCard.ExpiryMonth'

2017-11-17 14:49:53 - [MESSAGE][PASSED] - Text '09' is set on object 'Object Repository/Rental/RentalHeader/RentalInvoice/ServiceCreditCard.ExpiryMonth'

2017-11-17 14:49:53 - [TEST_STEP][PASSED] - setText: Text '99' is set on object 'Object Repository/Rental/RentalHeader/RentalInvoice/ServiceCreditCard.ExpiryYear'

2017-11-17 14:49:53 - [MESSAGE][PASSED] - Text '99' is set on object 'Object Repository/Rental/RentalHeader/RentalInvoice/ServiceCreditCard.ExpiryYear'

2017-11-17 14:49:53 - [TEST_STEP][NOT_RUN] - click: NOT_RUN: click

2017-11-17 14:49:53 - [MESSAGE][NOT_RUN] - NOT_RUN: click

2017-11-17 14:49:53 - [TEST_STEP][NOT_RUN] - delay: NOT_RUN: delay

2017-11-17 14:49:53 - [MESSAGE][NOT_RUN] - NOT_RUN: delay

2017-11-17 14:49:53 - [TEST_STEP][NOT_RUN] - click: NOT_RUN: click

2017-11-17 14:49:53 - [MESSAGE][NOT_RUN] - NOT_RUN: click

2017-11-17 14:49:53 - [TEST_STEP][NOT_RUN] - delay: NOT_RUN: delay

2017-11-17 14:49:53 - [MESSAGE][NOT_RUN] - NOT_RUN: delay

2017-11-17 14:49:53 - [TEST_STEP][NOT_RUN] - click: NOT_RUN: click

2017-11-17 14:49:53 - [MESSAGE][NOT_RUN] - NOT_RUN: click

2017-11-17 14:49:53 - [TEST_STEP][NOT_RUN] - delay: NOT_RUN: delay

2017-11-17 14:49:53 - [MESSAGE][NOT_RUN] - NOT_RUN: delay

2017-11-17 14:49:53 - [TEST_STEP][NOT_RUN] - click: NOT_RUN: click

2017-11-17 14:49:53 - [MESSAGE][NOT_RUN] - NOT_RUN: click

2017-11-17 14:49:53 - [TEST_STEP][NOT_RUN] - delay: NOT_RUN: delay

2017-11-17 14:49:53 - [MESSAGE][NOT_RUN] - NOT_RUN: delay

2017-11-17 14:49:53 - [TEST_STEP][NOT_RUN] - closeBrowser: NOT_RUN: closeBrowser

2017-11-17 14:49:53 - [MESSAGE][NOT_RUN] - NOT_RUN: closeBrowser

2017-11-17 14:49:53 - [MESSAGE][PASSED] - Call Test Case 'Test Cases/Rental/Base_RentalContract/Base_CreateRentalInvoice_HeaderlineInvoice_SplitTender' successfully

2017-11-17 14:49:53 - [TEST_STEP][INCOMPLETE] - callTestCase: null

2017-11-17 14:49:53 - [TEST_CASE][INCOMPLETE] - Test Cases/Rental/Base_RentalContract/Base_CreateRentalInvoicewithSpitTenderDetails_SplitTender: null

2017-11-17 14:49:53 - [TEST_STEP][PASSED] - delay: Delayed 5 second(s)

2017-11-17 14:49:58 - [MESSAGE][PASSED] - Delayed 5 second(s)

2017-11-17 14:49:58 - [TEST_STEP][PASSED] - doubleClick: Object: 'Object Repository/Rental/Rental_SplitTenderDetails/SplitTenderDetails' is double clicked on

2017-11-17 14:49:59 - [MESSAGE][PASSED] - Object: 'Object Repository/Rental/Rental_SplitTenderDetails/SplitTenderDetails' is double clicked on

2017-11-17 14:49:59 - [TEST_STEP][PASSED] - click: Object: 'Object Repository/Rental/Rental_SplitTenderDetails/SplitTenderDetails.Yes' is clicked on

2017-11-17 14:49:59 - [MESSAGE][PASSED] - Object: 'Object Repository/Rental/Rental_SplitTenderDetails/SplitTenderDetails.Yes' is clicked on

2017-11-17 14:49:59 - [TEST_STEP][PASSED] - delay: Delayed 3 second(s)

2017-11-17 14:50:02 - [MESSAGE][PASSED] - Delayed 3 second(s)

2017-11-17 14:50:02 - [TEST_STEP][PASSED] - click: Object: 'Object Repository/Rental/Rental_SplitTenderDetails/SplitTender.LineSession' is clicked on

2017-11-17 14:50:02 - [MESSAGE][PASSED] - Object: 'Object Repository/Rental/Rental_SplitTenderDetails/SplitTender.LineSession' is clicked on

2017-11-17 14:50:02 - [TEST_STEP][PASSED] - delay: Delayed 2 second(s)

2017-11-17 14:50:04 - [MESSAGE][PASSED] - Delayed 2 second(s)

2017-11-17 14:50:04 - [TEST_STEP][PASSED] - Statement - G_OrderAmt = com.kms.katalon.core.webui.keyword.WebUiBuiltInKeywords.getText(com.kms.katalon.core.testobject.ObjectRepository.findTestObject(Rental/Rental_SplitTenderDetails/SplitTender.OrderAmtHeader), CONTINUE_ON_FAILURE): Text of object 'Object Repository/Rental/Rental_SplitTenderDetails/SplitTender.OrderAmtHeader' is: '110.00'

2017-11-17 14:50:04 - [MESSAGE][PASSED] - Text of object 'Object Repository/Rental/Rental_SplitTenderDetails/SplitTender.OrderAmtHeader' is: '110.00'

2017-11-17 14:50:04 - [TEST_STEP][PASSED] - Statement - G_SplitOrderAmt2 = G_OrderAmt - 2: null

2017-11-17 14:50:04 - [TEST_STEP][PASSED] - comment: ***********************Line1 started***********************

2017-11-17 14:50:04 - [TEST_STEP][PASSED] - click: Object: 'Object Repository/Rental/Rental_SplitTenderDetails/SplitTender.NewButton' is clicked on

2017-11-17 14:50:05 - [MESSAGE][PASSED] - Object: 'Object Repository/Rental/Rental_SplitTenderDetails/SplitTender.NewButton' is clicked on

2017-11-17 14:50:05 - [TEST_STEP][PASSED] - delay: Delayed 2 second(s)

2017-11-17 14:50:07 - [MESSAGE][PASSED] - Delayed 2 second(s)

2017-11-17 14:50:07 - [TEST_STEP][PASSED] - doubleClick: Object: 'Object Repository/Rental/Rental_SplitTenderDetails/SplitTender.ModeofPayment' is double clicked on

2017-11-17 14:50:07 - [MESSAGE][PASSED] - Object: 'Object Repository/Rental/Rental_SplitTenderDetails/SplitTender.ModeofPayment' is double clicked on

2017-11-17 14:50:07 - [TEST_STEP][PASSED] - click: Object: 'Object Repository/Rental/Rental_SplitTenderDetails/SplitTender.ModeOfPaymentCreditCard1' is clicked on

2017-11-17 14:50:07 - [MESSAGE][PASSED] - Object: 'Object Repository/Rental/Rental_SplitTenderDetails/SplitTender.ModeOfPaymentCreditCard1' is clicked on

2017-11-17 14:50:07 - [TEST_STEP][PASSED] - click: Object: 'Object Repository/Rental/Rental_SplitTenderDetails/SplitTender.LineCCNo' is clicked on

2017-11-17 14:50:08 - [MESSAGE][PASSED] - Object: 'Object Repository/Rental/Rental_SplitTenderDetails/SplitTender.LineCCNo' is clicked on

2017-11-17 14:50:08 - [TEST_STEP][PASSED] - delay: Delayed 2 second(s)

2017-11-17 14:50:10 - [MESSAGE][PASSED] - Delayed 2 second(s)

2017-11-17 14:50:10 - [TEST_STEP][PASSED] - setText: Text '4012000033330026' is set on object 'Object Repository/Rental/Rental_SplitTenderDetails/SplitTender.LineCCNo'

2017-11-17 14:50:10 - [MESSAGE][PASSED] - Text '4012000033330026' is set on object 'Object Repository/Rental/Rental_SplitTenderDetails/SplitTender.LineCCNo'

2017-11-17 14:50:10 - [TEST_STEP][PASSED] - delay: Delayed 5 second(s)

2017-11-17 14:50:15 - [MESSAGE][PASSED] - Delayed 5 second(s)

2017-11-17 14:50:15 - [TEST_STEP][NOT_RUN] - click: NOT_RUN: click

2017-11-17 14:50:15 - [MESSAGE][NOT_RUN] - NOT_RUN: click

2017-11-17 14:50:15 - [TEST_STEP][NOT_RUN] - setText: NOT_RUN: setText

2017-11-17 14:50:15 - [MESSAGE][NOT_RUN] - NOT_RUN: setText

2017-11-17 14:50:15 - [TEST_STEP][PASSED] - scrollToElement: Scroll to object 'Object Repository/Rental/Rental_SplitTenderDetails/SplitTender.LineOrderAmount1' successfully

2017-11-17 14:50:15 - [MESSAGE][PASSED] - Scroll to object 'Object Repository/Rental/Rental_SplitTenderDetails/SplitTender.LineOrderAmount1' successfully

2017-11-17 14:50:15 - [TEST_STEP][PASSED] - delay: Delayed 5 second(s)

2017-11-17 14:50:20 - [MESSAGE][PASSED] - Delayed 5 second(s)

2017-11-17 14:50:20 - [TEST_STEP][PASSED] - click: Object: 'Object Repository/Rental/Rental_SplitTenderDetails/SplitTender.LineOrderAmount1' is clicked on

2017-11-17 14:50:20 - [MESSAGE][PASSED] - Object: 'Object Repository/Rental/Rental_SplitTenderDetails/SplitTender.LineOrderAmount1' is clicked on

2017-11-17 14:50:20 - [TEST_STEP][PASSED] - delay: Delayed 3 second(s)

2017-11-17 14:50:23 - [MESSAGE][PASSED] - Delayed 3 second(s)

2017-11-17 14:50:23 - [TEST_STEP][PASSED] - setText: Text '1.00' is set on object 'Object Repository/Rental/Rental_SplitTenderDetails/SplitTender.LineOrderAmount1'

2017-11-17 14:50:24 - [MESSAGE][PASSED] - Text '1.00' is set on object 'Object Repository/Rental/Rental_SplitTenderDetails/SplitTender.LineOrderAmount1'

2017-11-17 14:50:24 - [TEST_STEP][PASSED] - delay: Delayed 2 second(s)

2017-11-17 14:50:26 - [MESSAGE][PASSED] - Delayed 2 second(s)

2017-11-17 14:50:26 - [TEST_STEP][PASSED] - comment: ***********************Line2 started***********************

2017-11-17 14:50:26 - [TEST_STEP][PASSED] - click: Object: 'Object Repository/Rental/Rental_SplitTenderDetails/SplitTender.NewButton' is clicked on

2017-11-17 14:50:26 - [MESSAGE][PASSED] - Object: 'Object Repository/Rental/Rental_SplitTenderDetails/SplitTender.NewButton' is clicked on

2017-11-17 14:50:26 - [TEST_STEP][PASSED] - delay: Delayed 2 second(s)

2017-11-17 14:50:28 - [MESSAGE][PASSED] - Delayed 2 second(s)

2017-11-17 14:50:28 - [TEST_STEP][PASSED] - doubleClick: Object: 'Object Repository/Rental/Rental_SplitTenderDetails/SplitTender.ModeofPayment1' is double clicked on

2017-11-17 14:50:28 - [MESSAGE][PASSED] - Object: 'Object Repository/Rental/Rental_SplitTenderDetails/SplitTender.ModeofPayment1' is double clicked on

2017-11-17 14:50:28 - [TEST_STEP][PASSED] - click: Object: 'Object Repository/Rental/Rental_SplitTenderDetails/SplitTender.ModeOfPaymentCreditCard2' is clicked on

2017-11-17 14:50:29 - [MESSAGE][PASSED] - Object: 'Object Repository/Rental/Rental_SplitTenderDetails/SplitTender.ModeOfPaymentCreditCard2' is clicked on

2017-11-17 14:50:29 - [TEST_STEP][PASSED] - delay: Delayed 3 second(s)

2017-11-17 14:50:32 - [MESSAGE][PASSED] - Delayed 3 second(s)

2017-11-17 14:50:32 - [TEST_STEP][PASSED] - click: Object: 'Object Repository/Rental/Rental_SplitTenderDetails/SplitTender.Line2CCNo' is clicked on

2017-11-17 14:50:32 - [MESSAGE][PASSED] - Object: 'Object Repository/Rental/Rental_SplitTenderDetails/SplitTender.Line2CCNo' is clicked on

2017-11-17 14:50:32 - [TEST_STEP][PASSED] - delay: Delayed 2 second(s)

2017-11-17 14:50:34 - [MESSAGE][PASSED] - Delayed 2 second(s)

2017-11-17 14:50:34 - [TEST_STEP][PASSED] - setText: Text '4111123400062020' is set on object 'Object Repository/Rental/Rental_SplitTenderDetails/SplitTender.Line2CCNo'

2017-11-17 14:50:34 - [MESSAGE][PASSED] - Text '4111123400062020' is set on object 'Object Repository/Rental/Rental_SplitTenderDetails/SplitTender.Line2CCNo'

2017-11-17 14:50:34 - [TEST_STEP][PASSED] - delay: Delayed 2 second(s)

2017-11-17 14:50:36 - [MESSAGE][PASSED] - Delayed 2 second(s)

2017-11-17 14:50:36 - [TEST_STEP][PASSED] - click: Object: 'Object Repository/Rental/Rental_SplitTenderDetails/SplitTender.Line2CVV' is clicked on

2017-11-17 14:50:36 - [MESSAGE][PASSED] - Object: 'Object Repository/Rental/Rental_SplitTenderDetails/SplitTender.Line2CVV' is clicked on

2017-11-17 14:50:36 - [TEST_STEP][PASSED] - delay: Delayed 3 second(s)

2017-11-17 14:50:39 - [MESSAGE][PASSED] - Delayed 3 second(s)

2017-11-17 14:50:39 - [TEST_STEP][PASSED] - setText: Text '865' is set on object 'Object Repository/Rental/Rental_SplitTenderDetails/SplitTender.Line2CVV'

2017-11-17 14:50:40 - [MESSAGE][PASSED] - Text '865' is set on object 'Object Repository/Rental/Rental_SplitTenderDetails/SplitTender.Line2CVV'

2017-11-17 14:50:40 - [TEST_STEP][PASSED] - delay: Delayed 3 second(s)

2017-11-17 14:50:43 - [MESSAGE][PASSED] - Delayed 3 second(s)

2017-11-17 14:50:43 - [TEST_STEP][PASSED] - click: Object: 'Object Repository/Rental/Rental_SplitTenderDetails/SplitTender.CardTypeLine2' is clicked on

2017-11-17 14:50:43 - [MESSAGE][PASSED] - Object: 'Object Repository/Rental/Rental_SplitTenderDetails/SplitTender.CardTypeLine2' is clicked on

2017-11-17 14:50:43 - [TEST_STEP][PASSED] - delay: Delayed 5 second(s)

2017-11-17 14:50:48 - [MESSAGE][PASSED] - Delayed 5 second(s)

2017-11-17 14:50:48 - [TEST_STEP][PASSED] - sendKeys: Keys 'Visa Card' sent to object: 'Object Repository/Rental/Rental_SplitTenderDetails/SplitTender.CardTypeLine2'

2017-11-17 14:50:48 - [MESSAGE][PASSED] - Keys 'Visa Card' sent to object: 'Object Repository/Rental/Rental_SplitTenderDetails/SplitTender.CardTypeLine2'

2017-11-17 14:50:48 - [TEST_STEP][PASSED] - delay: Delayed 5 second(s)

2017-11-17 14:50:53 - [MESSAGE][PASSED] - Delayed 5 second(s)

2017-11-17 14:50:53 - [TEST_STEP][PASSED] - click: Object: 'Object Repository/Rental/Rental_SplitTenderDetails/SplitTender.ExpiryMonthLine2' is clicked on

2017-11-17 14:50:53 - [MESSAGE][PASSED] - Object: 'Object Repository/Rental/Rental_SplitTenderDetails/SplitTender.ExpiryMonthLine2' is clicked on

2017-11-17 14:50:53 - [TEST_STEP][PASSED] - delay: Delayed 3 second(s)

2017-11-17 14:50:56 - [MESSAGE][PASSED] - Delayed 3 second(s)

2017-11-17 14:50:56 - [TEST_STEP][PASSED] - setText: Text '09' is set on object 'Object Repository/Rental/Rental_SplitTenderDetails/SplitTender.ExpiryMonthLine2'

2017-11-17 14:50:57 - [MESSAGE][PASSED] - Text '09' is set on object 'Object Repository/Rental/Rental_SplitTenderDetails/SplitTender.ExpiryMonthLine2'

2017-11-17 14:50:57 - [TEST_STEP][PASSED] - delay: Delayed 2 second(s)

2017-11-17 14:50:59 - [MESSAGE][PASSED] - Delayed 2 second(s)

2017-11-17 14:50:59 - [TEST_STEP][PASSED] - click: Object: 'Object Repository/Rental/Rental_SplitTenderDetails/SplitTender.ExpiryYearLine2' is clicked on

2017-11-17 14:50:59 - [MESSAGE][PASSED] - Object: 'Object Repository/Rental/Rental_SplitTenderDetails/SplitTender.ExpiryYearLine2' is clicked on

2017-11-17 14:50:59 - [TEST_STEP][PASSED] - delay: Delayed 2 second(s)

2017-11-17 14:51:01 - [MESSAGE][PASSED] - Delayed 2 second(s)

2017-11-17 14:51:01 - [TEST_STEP][PASSED] - setText: Text '99' is set on object 'Object Repository/Rental/Rental_SplitTenderDetails/SplitTender.ExpiryYearLine2'

2017-11-17 14:51:01 - [MESSAGE][PASSED] - Text '99' is set on object 'Object Repository/Rental/Rental_SplitTenderDetails/SplitTender.ExpiryYearLine2'

2017-11-17 14:51:01 - [TEST_STEP][PASSED] - delay: Delayed 3 second(s)

2017-11-17 14:51:04 - [MESSAGE][PASSED] - Delayed 3 second(s)

2017-11-17 14:51:04 - [TEST_STEP][PASSED] - scrollToElement: Scroll to object 'Object Repository/Rental/Rental_SplitTenderDetails/SplitTender.LineOrderAmount2' successfully

2017-11-17 14:51:04 - [MESSAGE][PASSED] - Scroll to object 'Object Repository/Rental/Rental_SplitTenderDetails/SplitTender.LineOrderAmount2' successfully

2017-11-17 14:51:04 - [TEST_STEP][PASSED] - delay: Delayed 2 second(s)

2017-11-17 14:51:06 - [MESSAGE][PASSED] - Delayed 2 second(s)

2017-11-17 14:51:06 - [TEST_STEP][PASSED] - click: Object: 'Object Repository/Rental/Rental_SplitTenderDetails/SplitTender.LineOrderAmount2' is clicked on

2017-11-17 14:51:06 - [MESSAGE][PASSED] - Object: 'Object Repository/Rental/Rental_SplitTenderDetails/SplitTender.LineOrderAmount2' is clicked on

2017-11-17 14:51:06 - [TEST_STEP][PASSED] - delay: Delayed 2 second(s)

2017-11-17 14:51:08 - [MESSAGE][PASSED] - Delayed 2 second(s)

2017-11-17 14:51:08 - [TEST_STEP][PASSED] - setText: Text '1.00' is set on object 'Object Repository/Rental/Rental_SplitTenderDetails/SplitTender.LineOrderAmount2'

2017-11-17 14:51:09 - [MESSAGE][PASSED] - Text '1.00' is set on object 'Object Repository/Rental/Rental_SplitTenderDetails/SplitTender.LineOrderAmount2'

2017-11-17 14:51:09 - [TEST_STEP][PASSED] - delay: Delayed 2 second(s)

2017-11-17 14:51:11 - [MESSAGE][PASSED] - Delayed 2 second(s)

2017-11-17 14:51:11 - [TEST_STEP][PASSED] - comment: ***********************Line3 started***********************

2017-11-17 14:51:11 - [TEST_STEP][PASSED] - click: Object: 'Object Repository/Rental/Rental_SplitTenderDetails/SplitTender.NewButton' is clicked on

2017-11-17 14:51:11 - [MESSAGE][PASSED] - Object: 'Object Repository/Rental/Rental_SplitTenderDetails/SplitTender.NewButton' is clicked on

2017-11-17 14:51:11 - [TEST_STEP][PASSED] - delay: Delayed 3 second(s)

2017-11-17 14:51:14 - [MESSAGE][PASSED] - Delayed 3 second(s)

2017-11-17 14:51:14 - [TEST_STEP][PASSED] - doubleClick: Object: 'Object Repository/Rental/Rental_SplitTenderDetails/SplitTender.ModeofPayment2' is double clicked on

2017-11-17 14:51:14 - [MESSAGE][PASSED] - Object: 'Object Repository/Rental/Rental_SplitTenderDetails/SplitTender.ModeofPayment2' is double clicked on

2017-11-17 14:51:14 - [TEST_STEP][PASSED] - delay: Delayed 5 second(s)

2017-11-17 14:51:19 - [MESSAGE][PASSED] - Delayed 5 second(s)

2017-11-17 14:51:19 - [TEST_STEP][NOT_RUN] - click: NOT_RUN: click

2017-11-17 14:51:19 - [MESSAGE][NOT_RUN] - NOT_RUN: click

2017-11-17 14:51:20 - [TEST_STEP][PASSED] - click: Object: 'Object Repository/Rental/Rental_SplitTenderDetails/SplitTender.ModeOfPaymentCash' is clicked on

2017-11-17 14:51:20 - [MESSAGE][PASSED] - Object: 'Object Repository/Rental/Rental_SplitTenderDetails/SplitTender.ModeOfPaymentCash' is clicked on

2017-11-17 14:51:20 - [TEST_STEP][PASSED] - delay: Delayed 10 second(s)

2017-11-17 14:51:30 - [MESSAGE][PASSED] - Delayed 10 second(s)

2017-11-17 14:51:30 - [TEST_STEP][NOT_RUN] - scrollToElement: NOT_RUN: scrollToElement

2017-11-17 14:51:30 - [MESSAGE][NOT_RUN] - NOT_RUN: scrollToElement

2017-11-17 14:51:30 - [TEST_STEP][PASSED] - click: Object: 'Object Repository/Rental/Rental_SplitTenderDetails/SplitTender.LineOrderAmount3' is clicked on

2017-11-17 14:51:30 - [MESSAGE][PASSED] - Object: 'Object Repository/Rental/Rental_SplitTenderDetails/SplitTender.LineOrderAmount3' is clicked on

2017-11-17 14:51:30 - [TEST_STEP][PASSED] - delay: Delayed 2 second(s)

2017-11-17 14:51:32 - [MESSAGE][PASSED] - Delayed 2 second(s)

2017-11-17 14:51:32 - [TEST_STEP][PASSED] - setText: Text '108.0' is set on object 'Object Repository/Rental/Rental_SplitTenderDetails/SplitTender.LineOrderAmount3'

2017-11-17 14:51:33 - [MESSAGE][PASSED] - Text '108.0' is set on object 'Object Repository/Rental/Rental_SplitTenderDetails/SplitTender.LineOrderAmount3'

2017-11-17 14:51:33 - [TEST_STEP][PASSED] - delay: Delayed 2 second(s)

2017-11-17 14:51:35 - [MESSAGE][PASSED] - Delayed 2 second(s)

2017-11-17 14:51:35 - [TEST_STEP][FAILED] - click: Unable to click on object 'Object Repository/Rental/Rental_SplitTenderDetails/SplitTender.Save' (Root cause: com.kms.katalon.core.webui.exception.WebElementNotFoundException: Web element with id: 'Object Repository/Rental/Rental_SplitTenderDetails/SplitTender.Save' located by 'By.xpath: //*[@id = 'xiext8105m000-4-button-std-file.save']' not found)

2017-11-17 14:52:08 - [MESSAGE][FAILED] - Unable to click on object 'Object Repository/Rental/Rental_SplitTenderDetails/SplitTender.Save' (Root cause: com.kms.katalon.core.webui.exception.WebElementNotFoundException: Web element with id: 'Object Repository/Rental/Rental_SplitTenderDetails/SplitTender.Save' located by 'By.xpath: //*[@id = 'xiext8105m000-4-button-std-file.save']' not found)
[[ATTACHMENT|C:\\Users\\agawhande\\git\\CreditCard\\Reports\\CC_RentalInvoicewithSplitTenderTestSuite\\20171117_144500\\1510910528609.png]]

2017-11-17 14:52:08 - [TEST_STEP][PASSED] - delay: Delayed 3 second(s)

2017-11-17 14:52:11 - [MESSAGE][PASSED] - Delayed 3 second(s)

2017-11-17 14:52:11 - [TEST_STEP][PASSED] - click: Object: 'Object Repository/Rental/Rental_SplitTenderDetails/SplitTender.Action' is clicked on

2017-11-17 14:52:12 - [MESSAGE][PASSED] - Object: 'Object Repository/Rental/Rental_SplitTenderDetails/SplitTender.Action' is clicked on

2017-11-17 14:52:12 - [TEST_STEP][PASSED] - delay: Delayed 2 second(s)

2017-11-17 14:52:14 - [MESSAGE][PASSED] - Delayed 2 second(s)

2017-11-17 14:52:14 - [TEST_STEP][PASSED] - click: Object: 'Object Repository/Rental/Rental_SplitTenderDetails/SplitTender.ApplyTax' is clicked on

2017-11-17 14:52:14 - [MESSAGE][PASSED] - Object: 'Object Repository/Rental/Rental_SplitTenderDetails/SplitTender.ApplyTax' is clicked on

2017-11-17 14:52:14 - [TEST_STEP][PASSED] - delay: Delayed 2 second(s)

2017-11-17 14:52:16 - [MESSAGE][PASSED] - Delayed 2 second(s)

2017-11-17 14:52:16 - [TEST_STEP][PASSED] - Statement - G_SplitInvoiceAmt1 = com.kms.katalon.core.webui.keyword.WebUiBuiltInKeywords.getText(com.kms.katalon.core.testobject.ObjectRepository.findTestObject(Rental/Rental_SplitTenderDetails/SplitTender.InvoiceAmt1)): Text of object 'Object Repository/Rental/Rental_SplitTenderDetails/SplitTender.InvoiceAmt1' is: '1.00'

2017-11-17 14:52:16 - [MESSAGE][PASSED] - Text of object 'Object Repository/Rental/Rental_SplitTenderDetails/SplitTender.InvoiceAmt1' is: '1.00'

2017-11-17 14:52:16 - [TEST_STEP][PASSED] - Statement - G_SplitInvoiceAmt2 = com.kms.katalon.core.webui.keyword.WebUiBuiltInKeywords.getText(com.kms.katalon.core.testobject.ObjectRepository.findTestObject(Rental/Rental_SplitTenderDetails/SplitTender.InvoiceAmt2)): Text of object 'Object Repository/Rental/Rental_SplitTenderDetails/SplitTender.InvoiceAmt2' is: '108.00'

2017-11-17 14:52:16 - [MESSAGE][PASSED] - Text of object 'Object Repository/Rental/Rental_SplitTenderDetails/SplitTender.InvoiceAmt2' is: '108.00'

2017-11-17 14:52:16 - [TEST_STEP][PASSED] - click: Object: 'Object Repository/Rental/Rental_SplitTenderDetails/SplitTender.SaveClose' is clicked on

2017-11-17 14:52:16 - [MESSAGE][PASSED] - Object: 'Object Repository/Rental/Rental_SplitTenderDetails/SplitTender.SaveClose' is clicked on

2017-11-17 14:52:16 - [TEST_STEP][PASSED] - delay: Delayed 2 second(s)

2017-11-17 14:52:18 - [MESSAGE][PASSED] - Delayed 2 second(s)

2017-11-17 14:52:18 - [TEST_STEP][PASSED] - click: Object: 'Object Repository/Rental/RentalHeader/RentalInvoice/ServiceCreditCard.Process' is clicked on

2017-11-17 14:52:19 - [MESSAGE][PASSED] - Object: 'Object Repository/Rental/RentalHeader/RentalInvoice/ServiceCreditCard.Process' is clicked on

2017-11-17 14:52:19 - [TEST_STEP][PASSED] - delay: Delayed 13 second(s)

2017-11-17 14:52:32 - [MESSAGE][PASSED] - Delayed 13 second(s)

2017-11-17 14:52:32 - [TEST_STEP][FAILED] - click: Unable to click on object 'Object Repository/Rental/RentalHeader/RentalInvoice/ServiceCreditCard.PrintOK' (Root cause: com.kms.katalon.core.webui.exception.WebElementNotFoundException: Web element with id: 'Object Repository/Rental/RentalHeader/RentalInvoice/ServiceCreditCard.PrintOK' located by 'By.xpath: //*[@id = 'dlg-erext4203m001-10-input-button-0']' not found)

2017-11-17 14:53:06 - [MESSAGE][FAILED] - Unable to click on object 'Object Repository/Rental/RentalHeader/RentalInvoice/ServiceCreditCard.PrintOK' (Root cause: com.kms.katalon.core.webui.exception.WebElementNotFoundException: Web element with id: 'Object Repository/Rental/RentalHeader/RentalInvoice/ServiceCreditCard.PrintOK' located by 'By.xpath: //*[@id = 'dlg-erext4203m001-10-input-button-0']' not found)
[[ATTACHMENT|C:\\Users\\agawhande\\git\\CreditCard\\Reports\\CC_RentalInvoicewithSplitTenderTestSuite\\20171117_144500\\1510910586251.png]]

2017-11-17 14:53:06 - [TEST_STEP][INCOMPLETE] - delay: Delaying browser in 10 second(s)]]></system-out>
         <system-err><![CDATA[2017-11-17 14:45:09 - [TEST_CASE][INCOMPLETE] - Test Cases/Rental/Base_RentalContract/CreditCardRegression/TC004_RentalContractInvoice_SplitTender - Iteration 1: null]]></system-err>
      </testcase>
      <system-out><![CDATA[2017-11-17 14:45:09 - [TEST_SUITE][INCOMPLETE] - CC_RentalInvoicewithSplitTenderTestSuite: null]]></system-out>
      <system-err><![CDATA[2017-11-17 14:45:09 - [TEST_SUITE][INCOMPLETE] - CC_RentalInvoicewithSplitTenderTestSuite: null]]></system-err>
   </testsuite>
</testsuites>
