<?xml version="1.0" encoding="UTF-8"?>
<testsuites name="CC_PartsTestSuite" time="524" tests="1" failures="1" errors="0">
   <testsuite name="CC_PartsTestSuite" tests="1" failures="1" errors="0" time="524" timestamp="2017-12-05 15:10:38" hostname="rgajbhiye - EET-RG.e-emphasys.com" id="Test Suites/Proxima/CC_PartsTestSuite">
      <properties>
         <property name="deviceName" value=""/>
         <property name="devicePlatform" value=""/>
         <property name="logFolder" value="C:\\Users\\rgajbhiye\\git\\CreditCard\\Reports\\Proxima\\CC_PartsTestSuite\\20171205_151030"/>
         <property name="logFiles" value="C:\\Users\\rgajbhiye\\git\\CreditCard\\Reports\\Proxima\\CC_PartsTestSuite\\20171205_151030\\execution0.log"/>
         <property name="attachments" value="C:\\Users\\rgajbhiye\\git\\CreditCard\\Reports\\Proxima\\CC_PartsTestSuite\\20171205_151030\\1512467317371.png, C:\\Users\\rgajbhiye\\git\\CreditCard\\Reports\\Proxima\\CC_PartsTestSuite\\20171205_151030\\1512467351198.png"/>
         <property name="hostName" value="rgajbhiye - EET-RG.e-emphasys.com"/>
         <property name="os" value="Windows 7 64bit"/>
         <property name="katalonVersion" value="5.0.0.1"/>
         <property name="browser" value="Firefox 43.0"/>
         <property name="hostAddress" value="192.168.25.107"/>
         <property name="sessionId" value="c6e5a5e0-829b-4bf8-a5a1-075ec89fdff7"/>
         <property name="seleniumVersion" value="2.53.0"/>
         <property name="proxyInformation" value="ProxyInformation{proxyOption=NO_PROXY, proxyServerType=, password=, proxyServerAddress=, proxyServerPort=0}"/>
         <property name="platform" value="Windows 7"/>
      </properties>
      <testcase name="Test Cases/Parts/CreditCardRegression/TC002_Parts_CreditCard - Iteration 1" classname="Test Cases/Parts/CreditCardRegression/TC002_Parts_CreditCard" status="PASSED">
         <system-out><![CDATA[2017-12-05 15:10:39 - [TEST_CASE][PASSED] - Test Cases/Parts/CreditCardRegression/TC002_Parts_CreditCard - Iteration 1: Test Cases/Parts/CreditCardRegression/TC002_Parts_CreditCard

2017-12-05 15:10:39 - [TEST_STEP][PASSED] - callTestCase: Call Test Case 'Test Cases/Parts/BaseTestCases/Base_Part_CreateHeader_WithCC' successfully

2017-12-05 15:10:39 - [TEST_CASE][PASSED] - Test Cases/Parts/BaseTestCases/Base_Part_CreateHeader_WithCC: Test Cases/Parts/BaseTestCases/Base_Part_CreateHeader_WithCC

2017-12-05 15:10:40 - [TEST_STEP][PASSED] - callTestCase: Call Test Case 'Test Cases/Common/Base_Common_OpenSession' successfully

2017-12-05 15:10:40 - [TEST_CASE][PASSED] - Test Cases/Common/Base_Common_OpenSession: Test Cases/Common/Base_Common_OpenSession

2017-12-05 15:10:40 - [TEST_STEP][PASSED] - openBrowser: Browser is opened with url: 'https://rgajbhiye:Robin$123@proxima-ln4.e-emphasys.com:8441/webui/servlet/login'

2017-12-05 15:10:55 - [MESSAGE][PASSED] - Browser is opened with url: 'https://rgajbhiye:Robin$123@proxima-ln4.e-emphasys.com:8441/webui/servlet/login'

2017-12-05 15:10:55 - [TEST_STEP][PASSED] - waitForPageLoad: Wait for page load successfully

2017-12-05 15:10:55 - [MESSAGE][PASSED] - Wait for page load successfully

2017-12-05 15:10:55 - [TEST_STEP][PASSED] - maximizeWindow: Current window maximized

2017-12-05 15:10:55 - [MESSAGE][PASSED] - Current window maximized

2017-12-05 15:10:55 - [TEST_STEP][PASSED] - click: Object: 'Object Repository/Common/HomePage/HomePage_more' is clicked on

2017-12-05 15:11:05 - [MESSAGE][PASSED] - Object: 'Object Repository/Common/HomePage/HomePage_more' is clicked on

2017-12-05 15:11:05 - [TEST_STEP][PASSED] - click: Object: 'Object Repository/Common/HomePage/HomePage_Option' is clicked on

2017-12-05 15:11:05 - [MESSAGE][PASSED] - Object: 'Object Repository/Common/HomePage/HomePage_Option' is clicked on

2017-12-05 15:11:05 - [TEST_STEP][PASSED] - click: Object: 'Object Repository/Common/HomePage/HomePage_RunProgram_' is clicked on

2017-12-05 15:11:06 - [MESSAGE][PASSED] - Object: 'Object Repository/Common/HomePage/HomePage_RunProgram_' is clicked on

2017-12-05 15:11:06 - [TEST_STEP][PASSED] - sendKeys: Keys 'tdsls4500m002' sent to object: 'Object Repository/Common/HomePage/HomePage_Session_ID'

2017-12-05 15:11:06 - [MESSAGE][PASSED] - Keys 'tdsls4500m002' sent to object: 'Object Repository/Common/HomePage/HomePage_Session_ID'

2017-12-05 15:11:06 - [TEST_STEP][PASSED] - click: Object: 'Object Repository/Common/HomePage/HomePage_OkButton' is clicked on

2017-12-05 15:11:06 - [MESSAGE][PASSED] - Object: 'Object Repository/Common/HomePage/HomePage_OkButton' is clicked on

2017-12-05 15:11:06 - [MESSAGE][PASSED] - Call Test Case 'Test Cases/Common/Base_Common_OpenSession' successfully

2017-12-05 15:11:06 - [TEST_STEP][PASSED] - click: Object: 'Object Repository/Parts/PartsSalesOrder/PartsSaleOrderHeader/PartSaleOrder_NewButton' is clicked on

2017-12-05 15:11:09 - [MESSAGE][PASSED] - Object: 'Object Repository/Parts/PartsSalesOrder/PartsSaleOrderHeader/PartSaleOrder_NewButton' is clicked on

2017-12-05 15:11:09 - [TEST_STEP][PASSED] - waitForElementPresent: Object 'Object Repository/Parts/PartsSalesOrder/PartsSaleOrderHeader/Partsalesorder_customer' is present

2017-12-05 15:11:12 - [MESSAGE][PASSED] - Object 'Object Repository/Parts/PartsSalesOrder/PartsSaleOrderHeader/Partsalesorder_customer' is present

2017-12-05 15:11:12 - [TEST_STEP][PASSED] - setText: Text 'M00000182' is set on object 'Object Repository/Parts/PartsSalesOrder/PartsSaleOrderHeader/Partsalesorder_customer'

2017-12-05 15:11:13 - [MESSAGE][PASSED] - Text 'M00000182' is set on object 'Object Repository/Parts/PartsSalesOrder/PartsSaleOrderHeader/Partsalesorder_customer'

2017-12-05 15:11:13 - [TEST_STEP][NOT_RUN] - sendKeys: NOT_RUN: sendKeys

2017-12-05 15:11:13 - [MESSAGE][NOT_RUN] - NOT_RUN: sendKeys

2017-12-05 15:11:13 - [TEST_STEP][PASSED] - click: Object: 'Object Repository/Parts/PartsSalesOrder/PartsSaleOrderHeader/PartSalesOrder_Tax' is clicked on

2017-12-05 15:11:13 - [MESSAGE][PASSED] - Object: 'Object Repository/Parts/PartsSalesOrder/PartsSaleOrderHeader/PartSalesOrder_Tax' is clicked on

2017-12-05 15:11:13 - [TEST_STEP][PASSED] - click: Object: 'Object Repository/Parts/PartsSalesOrder/PartsSaleOrderHeader/PartSalesorder_Save' is clicked on

2017-12-05 15:11:13 - [MESSAGE][PASSED] - Object: 'Object Repository/Parts/PartsSalesOrder/PartsSaleOrderHeader/PartSalesorder_Save' is clicked on

2017-12-05 15:11:13 - [TEST_STEP][PASSED] - dragAndDropByOffset: Dragged object with id 'Object Repository/Parts/PartsSalesOrder/PartsSaleOrderHeader/PartSalesOrder_scroller' by offset distance x = 0 and y = -100 successfully

2017-12-05 15:11:22 - [MESSAGE][PASSED] - Dragged object with id 'Object Repository/Parts/PartsSalesOrder/PartsSaleOrderHeader/PartSalesOrder_scroller' by offset distance x = 0 and y = -100 successfully

2017-12-05 15:11:22 - [TEST_STEP][PASSED] - delay: Delayed 5 second(s)

2017-12-05 15:11:27 - [MESSAGE][PASSED] - Delayed 5 second(s)

2017-12-05 15:11:27 - [TEST_STEP][PASSED] - Statement - G_Part_PSO = com.kms.katalon.core.webui.keyword.WebUiBuiltInKeywords.getAttribute(com.kms.katalon.core.testobject.ObjectRepository.findTestObject(Parts/PartsSalesOrder/PartsSaleOrderHeader/PartSalesOrder_OrderNo), "value"): Attribute 'value' of object 'Object Repository/Parts/PartsSalesOrder/PartsSaleOrderHeader/PartSalesOrder_OrderNo' is: 'TP0001459'

2017-12-05 15:11:27 - [MESSAGE][PASSED] - Attribute 'value' of object 'Object Repository/Parts/PartsSalesOrder/PartsSaleOrderHeader/PartSalesOrder_OrderNo' is: 'TP0001459'

2017-12-05 15:11:27 - [TEST_STEP][PASSED] - Statement - println("sale order number" + G_Part_PSO): null

2017-12-05 15:11:27 - [TEST_STEP][PASSED] - click: Object: 'Object Repository/Parts/PartsSalesOrder/PartsSaleOrderHeader/PartSaleOrder_OtherDetailsTab' is clicked on

2017-12-05 15:11:27 - [MESSAGE][PASSED] - Object: 'Object Repository/Parts/PartsSalesOrder/PartsSaleOrderHeader/PartSaleOrder_OtherDetailsTab' is clicked on

2017-12-05 15:11:27 - [TEST_STEP][PASSED] - delay: Delayed 2 second(s)

2017-12-05 15:11:29 - [MESSAGE][PASSED] - Delayed 2 second(s)

2017-12-05 15:11:29 - [TEST_STEP][PASSED] - click: Object: 'Object Repository/Parts/PartsSalesOrder/PartsSaleOrderHeader/PartSalesOrder_ModeOfPayment' is clicked on

2017-12-05 15:11:30 - [MESSAGE][PASSED] - Object: 'Object Repository/Parts/PartsSalesOrder/PartsSaleOrderHeader/PartSalesOrder_ModeOfPayment' is clicked on

2017-12-05 15:11:30 - [TEST_STEP][PASSED] - click: Object: 'Object Repository/Parts/PartsSalesOrder/PartsSaleOrderHeader/PartSalesOrder_CreditCardOption' is clicked on

2017-12-05 15:11:30 - [MESSAGE][PASSED] - Object: 'Object Repository/Parts/PartsSalesOrder/PartsSaleOrderHeader/PartSalesOrder_CreditCardOption' is clicked on

2017-12-05 15:11:30 - [TEST_STEP][PASSED] - click: Object: 'Object Repository/Parts/PartsSalesOrder/PartsSaleOrderHeader/PartSalesorder_Save' is clicked on

2017-12-05 15:11:30 - [MESSAGE][PASSED] - Object: 'Object Repository/Parts/PartsSalesOrder/PartsSaleOrderHeader/PartSalesorder_Save' is clicked on

2017-12-05 15:11:30 - [MESSAGE][PASSED] - Call Test Case 'Test Cases/Parts/BaseTestCases/Base_Part_CreateHeader_WithCC' successfully

2017-12-05 15:11:30 - [TEST_STEP][PASSED] - callTestCase: Call Test Case 'Test Cases/Parts/BaseTestCases/Base_Part_AddPartLinePos1' successfully

2017-12-05 15:11:30 - [TEST_CASE][PASSED] - Test Cases/Parts/BaseTestCases/Base_Part_AddPartLinePos1: Test Cases/Parts/BaseTestCases/Base_Part_AddPartLinePos1

2017-12-05 15:11:30 - [TEST_STEP][PASSED] - click: Object: 'Object Repository/Parts/PartsSalesOrder/PartSalesOrderLine1/PartSaleOrderLine1_newpart' is clicked on

2017-12-05 15:11:34 - [MESSAGE][PASSED] - Object: 'Object Repository/Parts/PartsSalesOrder/PartSalesOrderLine1/PartSaleOrderLine1_newpart' is clicked on

2017-12-05 15:11:34 - [TEST_STEP][PASSED] - delay: Delayed 3 second(s)

2017-12-05 15:11:37 - [MESSAGE][PASSED] - Delayed 3 second(s)

2017-12-05 15:11:37 - [TEST_STEP][PASSED] - setText: Text 'KP3' is set on object 'Object Repository/Parts/PartsSalesOrder/PartSalesOrderLine1/PartSaleOrderLine1_PartNumber'

2017-12-05 15:11:38 - [MESSAGE][PASSED] - Text 'KP3' is set on object 'Object Repository/Parts/PartsSalesOrder/PartSalesOrderLine1/PartSaleOrderLine1_PartNumber'

2017-12-05 15:11:38 - [TEST_STEP][PASSED] - scrollToElement: Scroll to object 'Object Repository/Parts/PartsSalesOrder/PartSalesOrderLine1/PartSaleOrderLine1_Quantity' successfully

2017-12-05 15:11:42 - [MESSAGE][PASSED] - Scroll to object 'Object Repository/Parts/PartsSalesOrder/PartSalesOrderLine1/PartSaleOrderLine1_Quantity' successfully

2017-12-05 15:11:42 - [TEST_STEP][PASSED] - click: Object: 'Object Repository/Parts/PartsSalesOrder/PartSalesOrderLine1/PartSaleOrderLine1_Quantity' is clicked on

2017-12-05 15:11:47 - [MESSAGE][PASSED] - Object: 'Object Repository/Parts/PartsSalesOrder/PartSalesOrderLine1/PartSaleOrderLine1_Quantity' is clicked on

2017-12-05 15:11:47 - [TEST_STEP][PASSED] - setText: Text '2' is set on object 'Object Repository/Parts/PartsSalesOrder/PartSalesOrderLine1/PartSaleOrderLine1-Qty1'

2017-12-05 15:11:48 - [MESSAGE][PASSED] - Text '2' is set on object 'Object Repository/Parts/PartsSalesOrder/PartSalesOrderLine1/PartSaleOrderLine1-Qty1'

2017-12-05 15:11:48 - [TEST_STEP][PASSED] - click: Object: 'Object Repository/Parts/PartsSalesOrder/PartsSaleOrderHeader/PartSalesorder_Save' is clicked on

2017-12-05 15:11:49 - [MESSAGE][PASSED] - Object: 'Object Repository/Parts/PartsSalesOrder/PartsSaleOrderHeader/PartSalesorder_Save' is clicked on

2017-12-05 15:11:49 - [TEST_STEP][PASSED] - delay: Delayed 10 second(s)

2017-12-05 15:11:59 - [MESSAGE][PASSED] - Delayed 10 second(s)

2017-12-05 15:11:59 - [TEST_STEP][NOT_RUN] - scrollToElement: NOT_RUN: scrollToElement

2017-12-05 15:11:59 - [MESSAGE][NOT_RUN] - NOT_RUN: scrollToElement

2017-12-05 15:11:59 - [TEST_STEP][NOT_RUN] - Statement - G_InvoiceAmt = com.kms.katalon.core.webui.keyword.WebUiBuiltInKeywords.getText(com.kms.katalon.core.testobject.ObjectRepository.findTestObject(tdtre4101m002/Line1/firmPrice)): NOT_RUN: Statement - G_InvoiceAmt = com.kms.katalon.core.webui.keyword.WebUiBuiltInKeywords.getText(com.kms.katalon.core.testobject.ObjectRepository.findTestObject(tdtre4101m002/Line1/firmPrice))

2017-12-05 15:11:59 - [MESSAGE][NOT_RUN] - NOT_RUN: Statement - G_InvoiceAmt = com.kms.katalon.core.webui.keyword.WebUiBuiltInKeywords.getText(com.kms.katalon.core.testobject.ObjectRepository.findTestObject(tdtre4101m002/Line1/firmPrice))

2017-12-05 15:11:59 - [TEST_STEP][NOT_RUN] - Statement - Qty1 = com.kms.katalon.core.webui.keyword.WebUiBuiltInKeywords.getText(com.kms.katalon.core.testobject.ObjectRepository.findTestObject(tdtre4101m002/Line1/input_tdtre4101s002-Qty)): NOT_RUN: Statement - Qty1 = com.kms.katalon.core.webui.keyword.WebUiBuiltInKeywords.getText(com.kms.katalon.core.testobject.ObjectRepository.findTestObject(tdtre4101m002/Line1/input_tdtre4101s002-Qty))

2017-12-05 15:11:59 - [MESSAGE][NOT_RUN] - NOT_RUN: Statement - Qty1 = com.kms.katalon.core.webui.keyword.WebUiBuiltInKeywords.getText(com.kms.katalon.core.testobject.ObjectRepository.findTestObject(tdtre4101m002/Line1/input_tdtre4101s002-Qty))

2017-12-05 15:11:59 - [TEST_STEP][NOT_RUN] - Statement - G_OrderLineAmt = G_FirmPrice * Qty1: NOT_RUN: Statement - G_OrderLineAmt = G_FirmPrice * Qty1

2017-12-05 15:11:59 - [MESSAGE][NOT_RUN] - NOT_RUN: Statement - G_OrderLineAmt = G_FirmPrice * Qty1

2017-12-05 15:11:59 - [TEST_STEP][NOT_RUN] - Statement - println("GlobalVariable.G_FirmPrice" + G_FirmPrice): NOT_RUN: Statement - println("GlobalVariable.G_FirmPrice" + G_FirmPrice)

2017-12-05 15:11:59 - [MESSAGE][NOT_RUN] - NOT_RUN: Statement - println("GlobalVariable.G_FirmPrice" + G_FirmPrice)

2017-12-05 15:11:59 - [TEST_STEP][NOT_RUN] - Statement - println("GlobalVariable.G_OrderLineAmt" + G_OrderLineAmt): NOT_RUN: Statement - println("GlobalVariable.G_OrderLineAmt" + G_OrderLineAmt)

2017-12-05 15:11:59 - [MESSAGE][NOT_RUN] - NOT_RUN: Statement - println("GlobalVariable.G_OrderLineAmt" + G_OrderLineAmt)

2017-12-05 15:11:59 - [MESSAGE][PASSED] - Call Test Case 'Test Cases/Parts/BaseTestCases/Base_Part_AddPartLinePos1' successfully

2017-12-05 15:11:59 - [TEST_STEP][PASSED] - callTestCase: Call Test Case 'Test Cases/Parts/BaseTestCases/Base_Part_PickPacknInvoiceWithCCSplitPayment' successfully

2017-12-05 15:11:59 - [TEST_CASE][PASSED] - Test Cases/Parts/BaseTestCases/Base_Part_PickPacknInvoiceWithCCSplitPayment: Test Cases/Parts/BaseTestCases/Base_Part_PickPacknInvoiceWithCCSplitPayment

2017-12-05 15:11:59 - [TEST_STEP][PASSED] - click: Object: 'Object Repository/Parts/PartsSalesOrder/PartsSaleOrderHeader/PartSalesOrder_Action' is clicked on

2017-12-05 15:12:00 - [MESSAGE][PASSED] - Object: 'Object Repository/Parts/PartsSalesOrder/PartsSaleOrderHeader/PartSalesOrder_Action' is clicked on

2017-12-05 15:12:00 - [TEST_STEP][PASSED] - delay: Delayed 3 second(s)

2017-12-05 15:12:03 - [MESSAGE][PASSED] - Delayed 3 second(s)

2017-12-05 15:12:03 - [TEST_STEP][PASSED] - waitForElementClickable: Object 'Object Repository/Parts/PartsSalesOrder/PartsSaleOrderHeader/PartSalesOrder_PickPacknInvoice' is clickable

2017-12-05 15:12:03 - [MESSAGE][PASSED] - Object 'Object Repository/Parts/PartsSalesOrder/PartsSaleOrderHeader/PartSalesOrder_PickPacknInvoice' is clickable

2017-12-05 15:12:03 - [TEST_STEP][PASSED] - click: Object: 'Object Repository/Parts/PartsSalesOrder/PartsSaleOrderHeader/PartSalesOrder_PickPacknInvoice' is clicked on

2017-12-05 15:12:03 - [MESSAGE][PASSED] - Object: 'Object Repository/Parts/PartsSalesOrder/PartsSaleOrderHeader/PartSalesOrder_PickPacknInvoice' is clicked on

2017-12-05 15:12:03 - [TEST_STEP][PASSED] - delay: Delayed 5 second(s)

2017-12-05 15:12:08 - [MESSAGE][PASSED] - Delayed 5 second(s)

2017-12-05 15:12:08 - [TEST_STEP][NOT_RUN] - click: NOT_RUN: click

2017-12-05 15:12:08 - [MESSAGE][NOT_RUN] - NOT_RUN: click

2017-12-05 15:12:08 - [TEST_STEP][PASSED] - Statement - If (com.kms.katalon.core.webui.keyword.WebUiBuiltInKeywords.verifyElementVisible(com.kms.katalon.core.testobject.ObjectRepository.findTestObject(Object Repository/Parts/PartsSalesOrder/PartsSaleOrderHeader/PartSalesOrder_LocationOption)) == true): Object: 'Object Repository/Parts/PartsSalesOrder/PartsSaleOrderHeader/PartSalesOrder_LocationOption' is clicked on

2017-12-05 15:12:08 - [MESSAGE][PASSED] - Object 'Object Repository/Parts/PartsSalesOrder/PartsSaleOrderHeader/PartSalesOrder_LocationOption' is visible

2017-12-05 15:12:08 - [TEST_STEP][PASSED] - click: Object: 'Object Repository/Parts/PartsSalesOrder/PartsSaleOrderHeader/PartSalesOrder_LocationOption' is clicked on

2017-12-05 15:12:09 - [MESSAGE][PASSED] - Object: 'Object Repository/Parts/PartsSalesOrder/PartsSaleOrderHeader/PartSalesOrder_LocationOption' is clicked on

2017-12-05 15:12:09 - [TEST_STEP][PASSED] - delay: Delayed 3 second(s)

2017-12-05 15:12:12 - [MESSAGE][PASSED] - Delayed 3 second(s)

2017-12-05 15:12:12 - [TEST_STEP][NOT_RUN] - Statement - If (com.kms.katalon.core.webui.keyword.WebUiBuiltInKeywords.verifyElementVisible(com.kms.katalon.core.testobject.ObjectRepository.findTestObject(Object Repository/Parts/PartsSalesOrder/PartsSaleOrderHeader/PartSaleOrder_PackingSlipClose)) == true): NOT_RUN: Statement - If (com.kms.katalon.core.webui.keyword.WebUiBuiltInKeywords.verifyElementVisible(com.kms.katalon.core.testobject.ObjectRepository.findTestObject(Object Repository/Parts/PartsSalesOrder/PartsSaleOrderHeader/PartSaleOrder_PackingSlipClose)) == true)

2017-12-05 15:12:12 - [MESSAGE][NOT_RUN] - NOT_RUN: Statement - If (com.kms.katalon.core.webui.keyword.WebUiBuiltInKeywords.verifyElementVisible(com.kms.katalon.core.testobject.ObjectRepository.findTestObject(Object Repository/Parts/PartsSalesOrder/PartsSaleOrderHeader/PartSaleOrder_PackingSlipClose)) == true)

2017-12-05 15:12:12 - [TEST_STEP][PASSED] - click: Object: 'Object Repository/Parts/PartsSalesOrder/PartsSaleOrderHeader/PartSalesOrder_ContinueInvoiceOption' is clicked on

2017-12-05 15:12:13 - [MESSAGE][PASSED] - Object: 'Object Repository/Parts/PartsSalesOrder/PartsSaleOrderHeader/PartSalesOrder_ContinueInvoiceOption' is clicked on

2017-12-05 15:12:13 - [TEST_STEP][PASSED] - delay: Delayed 3 second(s)

2017-12-05 15:12:16 - [MESSAGE][PASSED] - Delayed 3 second(s)

2017-12-05 15:12:16 - [TEST_STEP][PASSED] - setText: Text 'PUBL' is set on object 'Object Repository/Parts/PartsSalesOrder/PartSalesOrder_CCInterface/CCInterface_PaymentGateway'

2017-12-05 15:12:16 - [MESSAGE][PASSED] - Text 'PUBL' is set on object 'Object Repository/Parts/PartsSalesOrder/PartSalesOrder_CCInterface/CCInterface_PaymentGateway'

2017-12-05 15:12:16 - [TEST_STEP][PASSED] - doubleClick: Object: 'Object Repository/Parts/PartsSalesOrder/PartSalesOrder_CCInterface/CCInterface_CardType' is double clicked on

2017-12-05 15:12:17 - [MESSAGE][PASSED] - Object: 'Object Repository/Parts/PartsSalesOrder/PartSalesOrder_CCInterface/CCInterface_CardType' is double clicked on

2017-12-05 15:12:17 - [TEST_STEP][PASSED] - delay: Delayed 2 second(s)

2017-12-05 15:12:19 - [MESSAGE][PASSED] - Delayed 2 second(s)

2017-12-05 15:12:19 - [TEST_STEP][PASSED] - setText: Text 'Visa Card' is set on object 'Object Repository/Parts/PartsSalesOrder/PartSalesOrder_CCInterface/CCInterface_CardType'

2017-12-05 15:12:19 - [MESSAGE][PASSED] - Text 'Visa Card' is set on object 'Object Repository/Parts/PartsSalesOrder/PartSalesOrder_CCInterface/CCInterface_CardType'

2017-12-05 15:12:19 - [TEST_STEP][PASSED] - delay: Delayed 3 second(s)

2017-12-05 15:12:22 - [MESSAGE][PASSED] - Delayed 3 second(s)

2017-12-05 15:12:22 - [TEST_STEP][PASSED] - doubleClick: Object: 'Object Repository/Parts/PartsSalesOrder/PartSalesOrder_CCInterface/CCInterface_CardNo' is double clicked on

2017-12-05 15:12:22 - [MESSAGE][PASSED] - Object: 'Object Repository/Parts/PartsSalesOrder/PartSalesOrder_CCInterface/CCInterface_CardNo' is double clicked on

2017-12-05 15:12:22 - [TEST_STEP][PASSED] - setText: Text '4012000033330026' is set on object 'Object Repository/Parts/PartsSalesOrder/PartSalesOrder_CCInterface/CCInterface_CardNo'

2017-12-05 15:12:22 - [MESSAGE][PASSED] - Text '4012000033330026' is set on object 'Object Repository/Parts/PartsSalesOrder/PartSalesOrder_CCInterface/CCInterface_CardNo'

2017-12-05 15:12:22 - [TEST_STEP][PASSED] - setText: Text '456' is set on object 'Object Repository/Parts/PartsSalesOrder/PartSalesOrder_CCInterface/CCInterface_CVV'

2017-12-05 15:12:23 - [MESSAGE][PASSED] - Text '456' is set on object 'Object Repository/Parts/PartsSalesOrder/PartSalesOrder_CCInterface/CCInterface_CVV'

2017-12-05 15:12:23 - [TEST_STEP][PASSED] - setText: Text '09' is set on object 'Object Repository/Parts/PartsSalesOrder/PartSalesOrder_CCInterface/CCInterface_MM'

2017-12-05 15:12:23 - [MESSAGE][PASSED] - Text '09' is set on object 'Object Repository/Parts/PartsSalesOrder/PartSalesOrder_CCInterface/CCInterface_MM'

2017-12-05 15:12:23 - [TEST_STEP][PASSED] - setText: Text '99' is set on object 'Object Repository/Parts/PartsSalesOrder/PartSalesOrder_CCInterface/CCInterface_YY'

2017-12-05 15:12:23 - [MESSAGE][PASSED] - Text '99' is set on object 'Object Repository/Parts/PartsSalesOrder/PartSalesOrder_CCInterface/CCInterface_YY'

2017-12-05 15:12:23 - [TEST_STEP][PASSED] - click: Object: 'Object Repository/Parts/PartsSalesOrder/PartSalesOrder_CCInterface/CCInterface_SplitPayment' is clicked on

2017-12-05 15:12:23 - [MESSAGE][PASSED] - Object: 'Object Repository/Parts/PartsSalesOrder/PartSalesOrder_CCInterface/CCInterface_SplitPayment' is clicked on

2017-12-05 15:12:23 - [TEST_STEP][PASSED] - click: Object: 'Object Repository/Parts/PartsSalesOrder/PartSalesOrder_CCInterface/CCInterface_SplitTenderYes' is clicked on

2017-12-05 15:12:23 - [MESSAGE][PASSED] - Object: 'Object Repository/Parts/PartsSalesOrder/PartSalesOrder_CCInterface/CCInterface_SplitTenderYes' is clicked on

2017-12-05 15:12:23 - [TEST_STEP][PASSED] - click: Object: 'Object Repository/Parts/PartsSalesOrder/PartSalesOrder_CCInterface/CCInterface_SplitPaymentPlus' is clicked on

2017-12-05 15:12:24 - [MESSAGE][PASSED] - Object: 'Object Repository/Parts/PartsSalesOrder/PartSalesOrder_CCInterface/CCInterface_SplitPaymentPlus' is clicked on

2017-12-05 15:12:24 - [TEST_STEP][PASSED] - delay: Delayed 5 second(s)

2017-12-05 15:12:29 - [MESSAGE][PASSED] - Delayed 5 second(s)

2017-12-05 15:12:29 - [TEST_STEP][PASSED] - Statement - G_OrderAmt = com.kms.katalon.core.webui.keyword.WebUiBuiltInKeywords.getText(com.kms.katalon.core.testobject.ObjectRepository.findTestObject(Parts/PartsSalesOrder/PartSalesOrder_CCInterface/CCInterface_OrderTotal)): Text of object 'Object Repository/Parts/PartsSalesOrder/PartSalesOrder_CCInterface/CCInterface_OrderTotal' is: '20.66'

2017-12-05 15:12:29 - [MESSAGE][PASSED] - Text of object 'Object Repository/Parts/PartsSalesOrder/PartSalesOrder_CCInterface/CCInterface_OrderTotal' is: '20.66'

2017-12-05 15:12:29 - [TEST_STEP][PASSED] - Statement - G_SplitOrderAmt2 = G_OrderAmt - 2: null

2017-12-05 15:12:29 - [TEST_STEP][PASSED] - Statement - println(G_SplitOrderAmt1): null

2017-12-05 15:12:29 - [TEST_STEP][PASSED] - Statement - println(G_SplitOrderAmt2): null

2017-12-05 15:12:29 - [TEST_STEP][PASSED] - delay: Delayed 2 second(s)

2017-12-05 15:12:31 - [MESSAGE][PASSED] - Delayed 2 second(s)

2017-12-05 15:12:31 - [TEST_STEP][PASSED] - comment: *********Line 1: Credit Card Started***********************

2017-12-05 15:12:31 - [TEST_STEP][PASSED] - click: Object: 'Object Repository/Parts/PartsSalesOrder/PartSalesOrder_CCInterface/SplitPayment/Page_Infor LN UI (1)/CCInterface_Split_New' is clicked on

2017-12-05 15:12:31 - [MESSAGE][PASSED] - Object: 'Object Repository/Parts/PartsSalesOrder/PartSalesOrder_CCInterface/SplitPayment/Page_Infor LN UI (1)/CCInterface_Split_New' is clicked on

2017-12-05 15:12:31 - [TEST_STEP][PASSED] - delay: Delayed 2 second(s)

2017-12-05 15:12:33 - [MESSAGE][PASSED] - Delayed 2 second(s)

2017-12-05 15:12:33 - [TEST_STEP][PASSED] - click: Object: 'Object Repository/Parts/PartsSalesOrder/PartSalesOrder_CCInterface/SplitPayment/Page_Infor LN UI (1)/CC_Interface_Split_CC1_add' is clicked on

2017-12-05 15:12:33 - [MESSAGE][PASSED] - Object: 'Object Repository/Parts/PartsSalesOrder/PartSalesOrder_CCInterface/SplitPayment/Page_Infor LN UI (1)/CC_Interface_Split_CC1_add' is clicked on

2017-12-05 15:12:33 - [TEST_STEP][PASSED] - delay: Delayed 2 second(s)

2017-12-05 15:12:35 - [MESSAGE][PASSED] - Delayed 2 second(s)

2017-12-05 15:12:35 - [TEST_STEP][PASSED] - sendKeys: Keys '4012000033330026' sent to object: 'Object Repository/Parts/PartsSalesOrder/PartSalesOrder_CCInterface/SplitPayment/Page_Infor LN UI (1)/CC_Interface_Split_CC1_add'

2017-12-05 15:12:36 - [MESSAGE][PASSED] - Keys '4012000033330026' sent to object: 'Object Repository/Parts/PartsSalesOrder/PartSalesOrder_CCInterface/SplitPayment/Page_Infor LN UI (1)/CC_Interface_Split_CC1_add'

2017-12-05 15:12:36 - [TEST_STEP][PASSED] - click: Object: 'Object Repository/Parts/PartsSalesOrder/PartSalesOrder_CCInterface/SplitPayment/Page_Infor LN UI (1)/CCInterface_Split_CVV1_add' is clicked on

2017-12-05 15:12:36 - [MESSAGE][PASSED] - Object: 'Object Repository/Parts/PartsSalesOrder/PartSalesOrder_CCInterface/SplitPayment/Page_Infor LN UI (1)/CCInterface_Split_CVV1_add' is clicked on

2017-12-05 15:12:36 - [TEST_STEP][PASSED] - delay: Delayed 2 second(s)

2017-12-05 15:12:38 - [MESSAGE][PASSED] - Delayed 2 second(s)

2017-12-05 15:12:38 - [TEST_STEP][PASSED] - sendKeys: Keys '456' sent to object: 'Object Repository/Parts/PartsSalesOrder/PartSalesOrder_CCInterface/SplitPayment/Page_Infor LN UI (1)/CCInterface_Split_CVV1_add'

2017-12-05 15:12:38 - [MESSAGE][PASSED] - Keys '456' sent to object: 'Object Repository/Parts/PartsSalesOrder/PartSalesOrder_CCInterface/SplitPayment/Page_Infor LN UI (1)/CCInterface_Split_CVV1_add'

2017-12-05 15:12:38 - [TEST_STEP][NOT_RUN] - scrollToElement: NOT_RUN: scrollToElement

2017-12-05 15:12:38 - [MESSAGE][NOT_RUN] - NOT_RUN: scrollToElement

2017-12-05 15:12:38 - [TEST_STEP][PASSED] - click: Object: 'Object Repository/Parts/PartsSalesOrder/PartSalesOrder_CCInterface/SplitPayment/Page_Infor LN UI (1)/CCInterface_Split_Order1_add' is clicked on

2017-12-05 15:12:38 - [MESSAGE][PASSED] - Object: 'Object Repository/Parts/PartsSalesOrder/PartSalesOrder_CCInterface/SplitPayment/Page_Infor LN UI (1)/CCInterface_Split_Order1_add' is clicked on

2017-12-05 15:12:38 - [TEST_STEP][PASSED] - delay: Delayed 2 second(s)

2017-12-05 15:12:40 - [MESSAGE][PASSED] - Delayed 2 second(s)

2017-12-05 15:12:40 - [TEST_STEP][PASSED] - sendKeys: Keys '1.00' sent to object: 'Object Repository/Parts/PartsSalesOrder/PartSalesOrder_CCInterface/SplitPayment/Page_Infor LN UI (1)/CCInterface_Split_Order1_add'

2017-12-05 15:12:40 - [MESSAGE][PASSED] - Keys '1.00' sent to object: 'Object Repository/Parts/PartsSalesOrder/PartSalesOrder_CCInterface/SplitPayment/Page_Infor LN UI (1)/CCInterface_Split_Order1_add'

2017-12-05 15:12:40 - [TEST_STEP][PASSED] - click: Object: 'Object Repository/Parts/PartsSalesOrder/PartSalesOrder_CCInterface/SplitPayment/Page_Infor LN UI (1)/CCInterface_Split_Save' is clicked on

2017-12-05 15:12:40 - [MESSAGE][PASSED] - Object: 'Object Repository/Parts/PartsSalesOrder/PartSalesOrder_CCInterface/SplitPayment/Page_Infor LN UI (1)/CCInterface_Split_Save' is clicked on

2017-12-05 15:12:40 - [TEST_STEP][PASSED] - comment: *********Line 2: Credit Card Started***********************

2017-12-05 15:12:40 - [TEST_STEP][PASSED] - click: Object: 'Object Repository/Parts/PartsSalesOrder/PartSalesOrder_CCInterface/SplitPayment/Page_Infor LN UI (1)/CCInterface_Split_New' is clicked on

2017-12-05 15:12:41 - [MESSAGE][PASSED] - Object: 'Object Repository/Parts/PartsSalesOrder/PartSalesOrder_CCInterface/SplitPayment/Page_Infor LN UI (1)/CCInterface_Split_New' is clicked on

2017-12-05 15:12:41 - [TEST_STEP][PASSED] - delay: Delayed 2 second(s)

2017-12-05 15:12:43 - [MESSAGE][PASSED] - Delayed 2 second(s)

2017-12-05 15:12:43 - [TEST_STEP][PASSED] - click: Object: 'Object Repository/Parts/PartsSalesOrder/PartSalesOrder_CCInterface/SplitPayment/Page_Infor LN UI (1)/CCInterface_Split_CC2add' is clicked on

2017-12-05 15:12:43 - [MESSAGE][PASSED] - Object: 'Object Repository/Parts/PartsSalesOrder/PartSalesOrder_CCInterface/SplitPayment/Page_Infor LN UI (1)/CCInterface_Split_CC2add' is clicked on

2017-12-05 15:12:43 - [TEST_STEP][PASSED] - delay: Delayed 2 second(s)

2017-12-05 15:12:45 - [MESSAGE][PASSED] - Delayed 2 second(s)

2017-12-05 15:12:45 - [TEST_STEP][PASSED] - setText: Text '4111123400062020' is set on object 'Object Repository/Parts/PartsSalesOrder/PartSalesOrder_CCInterface/SplitPayment/Page_Infor LN UI (1)/CCInterface_Split_CC2add'

2017-12-05 15:12:45 - [MESSAGE][PASSED] - Text '4111123400062020' is set on object 'Object Repository/Parts/PartsSalesOrder/PartSalesOrder_CCInterface/SplitPayment/Page_Infor LN UI (1)/CCInterface_Split_CC2add'

2017-12-05 15:12:45 - [TEST_STEP][PASSED] - delay: Delayed 2 second(s)

2017-12-05 15:12:47 - [MESSAGE][PASSED] - Delayed 2 second(s)

2017-12-05 15:12:47 - [TEST_STEP][PASSED] - click: Object: 'Object Repository/Parts/PartsSalesOrder/PartSalesOrder_CCInterface/SplitPayment/Page_Infor LN UI (1)/CCInterface_Split_CVV2add' is clicked on

2017-12-05 15:12:48 - [MESSAGE][PASSED] - Object: 'Object Repository/Parts/PartsSalesOrder/PartSalesOrder_CCInterface/SplitPayment/Page_Infor LN UI (1)/CCInterface_Split_CVV2add' is clicked on

2017-12-05 15:12:48 - [TEST_STEP][PASSED] - delay: Delayed 2 second(s)

2017-12-05 15:12:50 - [MESSAGE][PASSED] - Delayed 2 second(s)

2017-12-05 15:12:50 - [TEST_STEP][PASSED] - setText: Text '456' is set on object 'Object Repository/Parts/PartsSalesOrder/PartSalesOrder_CCInterface/SplitPayment/Page_Infor LN UI (1)/CCInterface_Split_CVV2add'

2017-12-05 15:12:50 - [MESSAGE][PASSED] - Text '456' is set on object 'Object Repository/Parts/PartsSalesOrder/PartSalesOrder_CCInterface/SplitPayment/Page_Infor LN UI (1)/CCInterface_Split_CVV2add'

2017-12-05 15:12:50 - [TEST_STEP][PASSED] - click: Object: 'Object Repository/Parts/PartsSalesOrder/PartSalesOrder_CCInterface/SplitPayment/Page_Infor LN UI (1)/CCInterface_Split_CardType2' is clicked on

2017-12-05 15:12:50 - [MESSAGE][PASSED] - Object: 'Object Repository/Parts/PartsSalesOrder/PartSalesOrder_CCInterface/SplitPayment/Page_Infor LN UI (1)/CCInterface_Split_CardType2' is clicked on

2017-12-05 15:12:50 - [TEST_STEP][PASSED] - click: Object: 'Object Repository/Parts/PartsSalesOrder/PartSalesOrder_CCInterface/SplitPayment/Page_Infor LN UI (1)/CCInterface_Split_Name2' is clicked on

2017-12-05 15:12:50 - [MESSAGE][PASSED] - Object: 'Object Repository/Parts/PartsSalesOrder/PartSalesOrder_CCInterface/SplitPayment/Page_Infor LN UI (1)/CCInterface_Split_Name2' is clicked on

2017-12-05 15:12:50 - [TEST_STEP][PASSED] - delay: Delayed 2 second(s)

2017-12-05 15:12:52 - [MESSAGE][PASSED] - Delayed 2 second(s)

2017-12-05 15:12:52 - [TEST_STEP][PASSED] - setText: Text 'Test' is set on object 'Object Repository/Parts/PartsSalesOrder/PartSalesOrder_CCInterface/SplitPayment/Page_Infor LN UI (1)/CCInterface_Split_Name2'

2017-12-05 15:12:53 - [MESSAGE][PASSED] - Text 'Test' is set on object 'Object Repository/Parts/PartsSalesOrder/PartSalesOrder_CCInterface/SplitPayment/Page_Infor LN UI (1)/CCInterface_Split_Name2'

2017-12-05 15:12:53 - [TEST_STEP][PASSED] - click: Object: 'Object Repository/Parts/PartsSalesOrder/PartSalesOrder_CCInterface/SplitPayment/Page_Infor LN UI (1)/CCInterface_Split_Month2' is clicked on

2017-12-05 15:12:53 - [MESSAGE][PASSED] - Object: 'Object Repository/Parts/PartsSalesOrder/PartSalesOrder_CCInterface/SplitPayment/Page_Infor LN UI (1)/CCInterface_Split_Month2' is clicked on

2017-12-05 15:12:53 - [TEST_STEP][PASSED] - delay: Delayed 2 second(s)

2017-12-05 15:12:55 - [MESSAGE][PASSED] - Delayed 2 second(s)

2017-12-05 15:12:55 - [TEST_STEP][PASSED] - setText: Text '09' is set on object 'Object Repository/Parts/PartsSalesOrder/PartSalesOrder_CCInterface/SplitPayment/Page_Infor LN UI (1)/CCInterface_Split_Month2'

2017-12-05 15:12:55 - [MESSAGE][PASSED] - Text '09' is set on object 'Object Repository/Parts/PartsSalesOrder/PartSalesOrder_CCInterface/SplitPayment/Page_Infor LN UI (1)/CCInterface_Split_Month2'

2017-12-05 15:12:55 - [TEST_STEP][PASSED] - click: Object: 'Object Repository/Parts/PartsSalesOrder/PartSalesOrder_CCInterface/SplitPayment/Page_Infor LN UI (1)/CCInterface_Split_Year2' is clicked on

2017-12-05 15:12:55 - [MESSAGE][PASSED] - Object: 'Object Repository/Parts/PartsSalesOrder/PartSalesOrder_CCInterface/SplitPayment/Page_Infor LN UI (1)/CCInterface_Split_Year2' is clicked on

2017-12-05 15:12:55 - [TEST_STEP][PASSED] - delay: Delayed 2 second(s)

2017-12-05 15:12:57 - [MESSAGE][PASSED] - Delayed 2 second(s)

2017-12-05 15:12:57 - [TEST_STEP][PASSED] - setText: Text '99' is set on object 'Object Repository/Parts/PartsSalesOrder/PartSalesOrder_CCInterface/SplitPayment/Page_Infor LN UI (1)/CCInterface_Split_Year2'

2017-12-05 15:12:57 - [MESSAGE][PASSED] - Text '99' is set on object 'Object Repository/Parts/PartsSalesOrder/PartSalesOrder_CCInterface/SplitPayment/Page_Infor LN UI (1)/CCInterface_Split_Year2'

2017-12-05 15:12:57 - [TEST_STEP][PASSED] - click: Object: 'Object Repository/Parts/PartsSalesOrder/PartSalesOrder_CCInterface/SplitPayment/Page_Infor LN UI (1)/CCInterface_Split_Order2add' is clicked on

2017-12-05 15:12:58 - [MESSAGE][PASSED] - Object: 'Object Repository/Parts/PartsSalesOrder/PartSalesOrder_CCInterface/SplitPayment/Page_Infor LN UI (1)/CCInterface_Split_Order2add' is clicked on

2017-12-05 15:12:58 - [TEST_STEP][PASSED] - delay: Delayed 2 second(s)

2017-12-05 15:13:00 - [MESSAGE][PASSED] - Delayed 2 second(s)

2017-12-05 15:13:00 - [TEST_STEP][PASSED] - setText: Text '1.00' is set on object 'Object Repository/Parts/PartsSalesOrder/PartSalesOrder_CCInterface/SplitPayment/Page_Infor LN UI (1)/CCInterface_Split_Order2add'

2017-12-05 15:13:00 - [MESSAGE][PASSED] - Text '1.00' is set on object 'Object Repository/Parts/PartsSalesOrder/PartSalesOrder_CCInterface/SplitPayment/Page_Infor LN UI (1)/CCInterface_Split_Order2add'

2017-12-05 15:13:00 - [TEST_STEP][PASSED] - click: Object: 'Object Repository/Parts/PartsSalesOrder/PartSalesOrder_CCInterface/SplitPayment/Page_Infor LN UI (1)/CCInterface_Split_Save' is clicked on

2017-12-05 15:13:00 - [MESSAGE][PASSED] - Object: 'Object Repository/Parts/PartsSalesOrder/PartSalesOrder_CCInterface/SplitPayment/Page_Infor LN UI (1)/CCInterface_Split_Save' is clicked on

2017-12-05 15:13:00 - [TEST_STEP][PASSED] - comment: *********Line 3: Cash Started***********************

2017-12-05 15:13:00 - [TEST_STEP][PASSED] - click: Object: 'Object Repository/Parts/PartsSalesOrder/PartSalesOrder_CCInterface/SplitPayment/Page_Infor LN UI (1)/CCInterface_Split_New' is clicked on

2017-12-05 15:13:00 - [MESSAGE][PASSED] - Object: 'Object Repository/Parts/PartsSalesOrder/PartSalesOrder_CCInterface/SplitPayment/Page_Infor LN UI (1)/CCInterface_Split_New' is clicked on

2017-12-05 15:13:00 - [TEST_STEP][PASSED] - delay: Delayed 2 second(s)

2017-12-05 15:13:02 - [MESSAGE][PASSED] - Delayed 2 second(s)

2017-12-05 15:13:02 - [TEST_STEP][PASSED] - click: Object: 'Object Repository/Parts/PartsSalesOrder/PartSalesOrder_CCInterface/SplitPayment/Line3_Cash/Split_3_ModeOfPayment' is clicked on

2017-12-05 15:13:03 - [MESSAGE][PASSED] - Object: 'Object Repository/Parts/PartsSalesOrder/PartSalesOrder_CCInterface/SplitPayment/Line3_Cash/Split_3_ModeOfPayment' is clicked on

2017-12-05 15:13:03 - [TEST_STEP][PASSED] - click: Object: 'Object Repository/Parts/PartsSalesOrder/PartSalesOrder_CCInterface/SplitPayment/Line3_Cash/Split_3_Cashoption' is clicked on

2017-12-05 15:13:03 - [MESSAGE][PASSED] - Object: 'Object Repository/Parts/PartsSalesOrder/PartSalesOrder_CCInterface/SplitPayment/Line3_Cash/Split_3_Cashoption' is clicked on

2017-12-05 15:13:03 - [TEST_STEP][PASSED] - click: Object: 'Object Repository/Parts/PartsSalesOrder/PartSalesOrder_CCInterface/SplitPayment/Line3_Cash/Split_3_OrderAmt' is clicked on

2017-12-05 15:13:03 - [MESSAGE][PASSED] - Object: 'Object Repository/Parts/PartsSalesOrder/PartSalesOrder_CCInterface/SplitPayment/Line3_Cash/Split_3_OrderAmt' is clicked on

2017-12-05 15:13:03 - [TEST_STEP][PASSED] - delay: Delayed 2 second(s)

2017-12-05 15:13:05 - [MESSAGE][PASSED] - Delayed 2 second(s)

2017-12-05 15:13:05 - [TEST_STEP][PASSED] - setText: Text '18.66' is set on object 'Object Repository/Parts/PartsSalesOrder/PartSalesOrder_CCInterface/SplitPayment/Line3_Cash/Split_3_OrderAmt'

2017-12-05 15:13:06 - [MESSAGE][PASSED] - Text '18.66' is set on object 'Object Repository/Parts/PartsSalesOrder/PartSalesOrder_CCInterface/SplitPayment/Line3_Cash/Split_3_OrderAmt'

2017-12-05 15:13:06 - [TEST_STEP][PASSED] - click: Object: 'Object Repository/Parts/PartsSalesOrder/PartSalesOrder_CCInterface/SplitPayment/Page_Infor LN UI (1)/CCInterface_Split_Save' is clicked on

2017-12-05 15:13:06 - [MESSAGE][PASSED] - Object: 'Object Repository/Parts/PartsSalesOrder/PartSalesOrder_CCInterface/SplitPayment/Page_Infor LN UI (1)/CCInterface_Split_Save' is clicked on

2017-12-05 15:13:06 - [TEST_STEP][PASSED] - click: Object: 'Object Repository/Parts/PartsSalesOrder/PartSalesOrder_CCInterface/SplitPayment/Spilt_Action' is clicked on

2017-12-05 15:13:06 - [MESSAGE][PASSED] - Object: 'Object Repository/Parts/PartsSalesOrder/PartSalesOrder_CCInterface/SplitPayment/Spilt_Action' is clicked on

2017-12-05 15:13:06 - [TEST_STEP][PASSED] - click: Object: 'Object Repository/Parts/PartsSalesOrder/PartSalesOrder_CCInterface/SplitPayment/Split_ApplyTax' is clicked on

2017-12-05 15:13:06 - [MESSAGE][PASSED] - Object: 'Object Repository/Parts/PartsSalesOrder/PartSalesOrder_CCInterface/SplitPayment/Split_ApplyTax' is clicked on

2017-12-05 15:13:06 - [TEST_STEP][PASSED] - delay: Delayed 5 second(s)

2017-12-05 15:13:11 - [MESSAGE][PASSED] - Delayed 5 second(s)

2017-12-05 15:13:11 - [TEST_STEP][PASSED] - click: Object: 'Object Repository/Parts/PartsSalesOrder/PartSalesOrder_CCInterface/SplitPayment/Page_Infor LN UI (1)/Split_Scrollup' is clicked on

2017-12-05 15:13:12 - [MESSAGE][PASSED] - Object: 'Object Repository/Parts/PartsSalesOrder/PartSalesOrder_CCInterface/SplitPayment/Page_Infor LN UI (1)/Split_Scrollup' is clicked on

2017-12-05 15:13:12 - [TEST_STEP][PASSED] - scrollToElement: Scroll to object 'Object Repository/Parts/PartsSalesOrder/PartSalesOrder_CCInterface/SplitPayment/Page_Infor LN UI (1)/Split_InvoiceAmt1' successfully

2017-12-05 15:13:12 - [MESSAGE][PASSED] - Scroll to object 'Object Repository/Parts/PartsSalesOrder/PartSalesOrder_CCInterface/SplitPayment/Page_Infor LN UI (1)/Split_InvoiceAmt1' successfully

2017-12-05 15:13:12 - [TEST_STEP][PASSED] - Statement - G_SplitInvoiceAmt1 = com.kms.katalon.core.webui.keyword.WebUiBuiltInKeywords.getText(com.kms.katalon.core.testobject.ObjectRepository.findTestObject(Parts/PartsSalesOrder/PartSalesOrder_CCInterface/SplitPayment/Page_Infor LN UI (1)/Split_InvoiceAmt1)): Text of object 'Object Repository/Parts/PartsSalesOrder/PartSalesOrder_CCInterface/SplitPayment/Page_Infor LN UI (1)/Split_InvoiceAmt1' is: '1.00'

2017-12-05 15:13:12 - [MESSAGE][PASSED] - Text of object 'Object Repository/Parts/PartsSalesOrder/PartSalesOrder_CCInterface/SplitPayment/Page_Infor LN UI (1)/Split_InvoiceAmt1' is: '1.00'

2017-12-05 15:13:12 - [TEST_STEP][PASSED] - scrollToElement: Scroll to object 'Object Repository/Parts/PartsSalesOrder/PartSalesOrder_CCInterface/SplitPayment/Page_Infor LN UI (1)/Split_InvoiceAmt2' successfully

2017-12-05 15:13:12 - [MESSAGE][PASSED] - Scroll to object 'Object Repository/Parts/PartsSalesOrder/PartSalesOrder_CCInterface/SplitPayment/Page_Infor LN UI (1)/Split_InvoiceAmt2' successfully

2017-12-05 15:13:12 - [TEST_STEP][PASSED] - Statement - G_SplitInvoiceAmt2 = com.kms.katalon.core.webui.keyword.WebUiBuiltInKeywords.getText(com.kms.katalon.core.testobject.ObjectRepository.findTestObject(Parts/PartsSalesOrder/PartSalesOrder_CCInterface/SplitPayment/Page_Infor LN UI (1)/Split_InvoiceAmt2)): Text of object 'Object Repository/Parts/PartsSalesOrder/PartSalesOrder_CCInterface/SplitPayment/Page_Infor LN UI (1)/Split_InvoiceAmt2' is: '18.66'

2017-12-05 15:13:12 - [MESSAGE][PASSED] - Text of object 'Object Repository/Parts/PartsSalesOrder/PartSalesOrder_CCInterface/SplitPayment/Page_Infor LN UI (1)/Split_InvoiceAmt2' is: '18.66'

2017-12-05 15:13:12 - [TEST_STEP][PASSED] - delay: Delayed 5 second(s)

2017-12-05 15:13:17 - [MESSAGE][PASSED] - Delayed 5 second(s)

2017-12-05 15:13:17 - [TEST_STEP][PASSED] - click: Object: 'Object Repository/Parts/PartsSalesOrder/PartSalesOrder_CCInterface/SplitPayment/Split_SaveNclose' is clicked on

2017-12-05 15:13:17 - [MESSAGE][PASSED] - Object: 'Object Repository/Parts/PartsSalesOrder/PartSalesOrder_CCInterface/SplitPayment/Split_SaveNclose' is clicked on

2017-12-05 15:13:17 - [TEST_STEP][PASSED] - click: Object: 'Object Repository/Parts/PartsSalesOrder/PartSalesOrder_CCInterface/CCInterface_Process' is clicked on

2017-12-05 15:13:18 - [MESSAGE][PASSED] - Object: 'Object Repository/Parts/PartsSalesOrder/PartSalesOrder_CCInterface/CCInterface_Process' is clicked on

2017-12-05 15:13:18 - [TEST_STEP][PASSED] - waitForElementPresent: Object 'Object Repository/Parts/PartsSalesOrder/PartsSaleOrderHeader/PartSaleOrder_InvoiceRptDeviceSplit' is not present after 20 second(s)

2017-12-05 15:13:40 - [MESSAGE][WARNING] - Object 'Object Repository/Parts/PartsSalesOrder/PartsSaleOrderHeader/PartSaleOrder_InvoiceRptDeviceSplit' is not present after 20 second(s)

2017-12-05 15:13:40 - [TEST_STEP][PASSED] - setText: Text 'D' is set on object 'Object Repository/Parts/PartsSalesOrder/PartsSaleOrderHeader/PartSaleOrder_InvoiceRptDeviceSplit'

2017-12-05 15:13:48 - [MESSAGE][PASSED] - Text 'D' is set on object 'Object Repository/Parts/PartsSalesOrder/PartsSaleOrderHeader/PartSaleOrder_InvoiceRptDeviceSplit'

2017-12-05 15:13:48 - [TEST_STEP][PASSED] - click: Object: 'Object Repository/Parts/PartsSalesOrder/PartsSaleOrderHeader/PartSaleOrder_InvoiceRptContinueSplit' is clicked on

2017-12-05 15:13:48 - [MESSAGE][PASSED] - Object: 'Object Repository/Parts/PartsSalesOrder/PartsSaleOrderHeader/PartSaleOrder_InvoiceRptContinueSplit' is clicked on

2017-12-05 15:13:48 - [TEST_STEP][PASSED] - delay: Delayed 10 second(s)

2017-12-05 15:13:58 - [MESSAGE][PASSED] - Delayed 10 second(s)

2017-12-05 15:13:58 - [MESSAGE][PASSED] - Call Test Case 'Test Cases/Parts/BaseTestCases/Base_Part_PickPacknInvoiceWithCCSplitPayment' successfully

2017-12-05 15:13:58 - [TEST_STEP][PASSED] - callTestCase: Call Test Case 'Test Cases/Parts/BaseTestCases/Base_Part_GetInvoiceDetails' successfully

2017-12-05 15:13:58 - [TEST_CASE][PASSED] - Test Cases/Parts/BaseTestCases/Base_Part_GetInvoiceDetails: Test Cases/Parts/BaseTestCases/Base_Part_GetInvoiceDetails

2017-12-05 15:13:59 - [TEST_STEP][PASSED] - callTestCase: Call Test Case 'Test Cases/Common/Base_Common_OpenSession' successfully

2017-12-05 15:13:59 - [TEST_CASE][PASSED] - Test Cases/Common/Base_Common_OpenSession: Test Cases/Common/Base_Common_OpenSession

2017-12-05 15:13:59 - [TEST_STEP][PASSED] - openBrowser: Browser is opened with url: 'https://rgajbhiye:Robin$123@proxima-ln4.e-emphasys.com:8441/webui/servlet/login'

2017-12-05 15:13:59 - [MESSAGE][WARNING] - A browser is already opened. Closing browser and opening a new one

2017-12-05 15:14:15 - [MESSAGE][PASSED] - Browser is opened with url: 'https://rgajbhiye:Robin$123@proxima-ln4.e-emphasys.com:8441/webui/servlet/login'

2017-12-05 15:14:15 - [TEST_STEP][PASSED] - waitForPageLoad: Wait for page load successfully

2017-12-05 15:14:15 - [MESSAGE][PASSED] - Wait for page load successfully

2017-12-05 15:14:15 - [TEST_STEP][PASSED] - maximizeWindow: Current window maximized

2017-12-05 15:14:15 - [MESSAGE][PASSED] - Current window maximized

2017-12-05 15:14:15 - [TEST_STEP][PASSED] - click: Object: 'Object Repository/Common/HomePage/HomePage_more' is clicked on

2017-12-05 15:14:24 - [MESSAGE][PASSED] - Object: 'Object Repository/Common/HomePage/HomePage_more' is clicked on

2017-12-05 15:14:24 - [TEST_STEP][PASSED] - click: Object: 'Object Repository/Common/HomePage/HomePage_Option' is clicked on

2017-12-05 15:14:24 - [MESSAGE][PASSED] - Object: 'Object Repository/Common/HomePage/HomePage_Option' is clicked on

2017-12-05 15:14:24 - [TEST_STEP][PASSED] - click: Object: 'Object Repository/Common/HomePage/HomePage_RunProgram_' is clicked on

2017-12-05 15:14:24 - [MESSAGE][PASSED] - Object: 'Object Repository/Common/HomePage/HomePage_RunProgram_' is clicked on

2017-12-05 15:14:24 - [TEST_STEP][PASSED] - sendKeys: Keys 'ttaad4500' sent to object: 'Object Repository/Common/HomePage/HomePage_Session_ID'

2017-12-05 15:14:24 - [MESSAGE][PASSED] - Keys 'ttaad4500' sent to object: 'Object Repository/Common/HomePage/HomePage_Session_ID'

2017-12-05 15:14:24 - [TEST_STEP][PASSED] - click: Object: 'Object Repository/Common/HomePage/HomePage_OkButton' is clicked on

2017-12-05 15:14:24 - [MESSAGE][PASSED] - Object: 'Object Repository/Common/HomePage/HomePage_OkButton' is clicked on

2017-12-05 15:14:24 - [MESSAGE][PASSED] - Call Test Case 'Test Cases/Common/Base_Common_OpenSession' successfully

2017-12-05 15:14:24 - [TEST_STEP][PASSED] - doubleClick: Object: 'Object Repository/Parts/cisli245/cisli245_package' is double clicked on

2017-12-05 15:14:25 - [MESSAGE][PASSED] - Object: 'Object Repository/Parts/cisli245/cisli245_package' is double clicked on

2017-12-05 15:14:25 - [TEST_STEP][PASSED] - setText: Text 'ci' is set on object 'Object Repository/Parts/cisli245/cisli245_package'

2017-12-05 15:14:25 - [MESSAGE][PASSED] - Text 'ci' is set on object 'Object Repository/Parts/cisli245/cisli245_package'

2017-12-05 15:14:25 - [TEST_STEP][PASSED] - doubleClick: Object: 'Object Repository/Parts/cisli245/cisli245_module' is double clicked on

2017-12-05 15:14:25 - [MESSAGE][PASSED] - Object: 'Object Repository/Parts/cisli245/cisli245_module' is double clicked on

2017-12-05 15:14:25 - [TEST_STEP][PASSED] - setText: Text 'sli' is set on object 'Object Repository/Parts/cisli245/cisli245_module'

2017-12-05 15:14:26 - [MESSAGE][PASSED] - Text 'sli' is set on object 'Object Repository/Parts/cisli245/cisli245_module'

2017-12-05 15:14:26 - [TEST_STEP][PASSED] - delay: Delayed 2 second(s)

2017-12-05 15:14:28 - [MESSAGE][PASSED] - Delayed 2 second(s)

2017-12-05 15:14:28 - [TEST_STEP][PASSED] - doubleClick: Object: 'Object Repository/Parts/cisli245/cisli245_table' is double clicked on

2017-12-05 15:14:28 - [MESSAGE][PASSED] - Object: 'Object Repository/Parts/cisli245/cisli245_table' is double clicked on

2017-12-05 15:14:28 - [TEST_STEP][PASSED] - setText: Text '245' is set on object 'Object Repository/Parts/cisli245/cisli245_table'

2017-12-05 15:14:28 - [MESSAGE][PASSED] - Text '245' is set on object 'Object Repository/Parts/cisli245/cisli245_table'

2017-12-05 15:14:28 - [TEST_STEP][PASSED] - click: Object: 'Object Repository/Parts/cisli245/cisli245_ok' is clicked on

2017-12-05 15:14:28 - [MESSAGE][PASSED] - Object: 'Object Repository/Parts/cisli245/cisli245_ok' is clicked on

2017-12-05 15:14:28 - [TEST_STEP][NOT_RUN] - doubleClick: NOT_RUN: doubleClick

2017-12-05 15:14:28 - [MESSAGE][NOT_RUN] - NOT_RUN: doubleClick

2017-12-05 15:14:28 - [TEST_STEP][PASSED] - click: Object: 'Object Repository/Parts/cisli245/cisli245_find' is clicked on

2017-12-05 15:14:29 - [MESSAGE][PASSED] - Object: 'Object Repository/Parts/cisli245/cisli245_find' is clicked on

2017-12-05 15:14:29 - [TEST_STEP][PASSED] - doubleClick: Object: 'Object Repository/Parts/cisli245/cisli245_SaleOrder' is double clicked on

2017-12-05 15:14:30 - [MESSAGE][PASSED] - Object: 'Object Repository/Parts/cisli245/cisli245_SaleOrder' is double clicked on

2017-12-05 15:14:30 - [TEST_STEP][PASSED] - setText: Text 'TP0001459' is set on object 'Object Repository/Parts/cisli245/cisli245_SaleOrder'

2017-12-05 15:14:30 - [MESSAGE][PASSED] - Text 'TP0001459' is set on object 'Object Repository/Parts/cisli245/cisli245_SaleOrder'

2017-12-05 15:14:30 - [TEST_STEP][PASSED] - click: Object: 'Object Repository/Parts/cisli245/cisli245_oksearch' is clicked on

2017-12-05 15:14:30 - [MESSAGE][PASSED] - Object: 'Object Repository/Parts/cisli245/cisli245_oksearch' is clicked on

2017-12-05 15:14:30 - [TEST_STEP][PASSED] - delay: Delayed 3 second(s)

2017-12-05 15:14:33 - [MESSAGE][PASSED] - Delayed 3 second(s)

2017-12-05 15:14:33 - [TEST_STEP][PASSED] - getAttribute: Attribute 'value' of object 'Object Repository/Parts/cisli245/cisli245_OrderNo' is: 'TP0001459'

2017-12-05 15:14:33 - [MESSAGE][PASSED] - Attribute 'value' of object 'Object Repository/Parts/cisli245/cisli245_OrderNo' is: 'TP0001459'

2017-12-05 15:14:33 - [TEST_STEP][PASSED] - Statement - G_InvoiceTnxType = com.kms.katalon.core.webui.keyword.WebUiBuiltInKeywords.getAttribute(com.kms.katalon.core.testobject.ObjectRepository.findTestObject(Parts/cisli245/cisli245_invoice1), "value"): Attribute 'value' of object 'Object Repository/Parts/cisli245/cisli245_invoice1' is: 'ARS'

2017-12-05 15:14:33 - [MESSAGE][PASSED] - Attribute 'value' of object 'Object Repository/Parts/cisli245/cisli245_invoice1' is: 'ARS'

2017-12-05 15:14:33 - [TEST_STEP][PASSED] - Statement - G_InvoiceTnxNo = com.kms.katalon.core.webui.keyword.WebUiBuiltInKeywords.getAttribute(com.kms.katalon.core.testobject.ObjectRepository.findTestObject(Parts/cisli245/cisli245_invoice2), "value"): Attribute 'value' of object 'Object Repository/Parts/cisli245/cisli245_invoice2' is: '16000242'

2017-12-05 15:14:34 - [MESSAGE][PASSED] - Attribute 'value' of object 'Object Repository/Parts/cisli245/cisli245_invoice2' is: '16000242'

2017-12-05 15:14:34 - [TEST_STEP][PASSED] - Statement - G_InvoiceAmt = com.kms.katalon.core.webui.keyword.WebUiBuiltInKeywords.getAttribute(com.kms.katalon.core.testobject.ObjectRepository.findTestObject(Parts/cisli245/cisli245_amount), "value"): Attribute 'value' of object 'Object Repository/Parts/cisli245/cisli245_amount' is: '20.66'

2017-12-05 15:14:34 - [MESSAGE][PASSED] - Attribute 'value' of object 'Object Repository/Parts/cisli245/cisli245_amount' is: '20.66'

2017-12-05 15:14:34 - [MESSAGE][PASSED] - Call Test Case 'Test Cases/Parts/BaseTestCases/Base_Part_GetInvoiceDetails' successfully

2017-12-05 15:14:34 - [TEST_STEP][PASSED] - callTestCase: Call Test Case 'Test Cases/Finance/BaseTestCases/Base_Finance_CheckOpenEntriesForCCSplitPayments' successfully

2017-12-05 15:14:34 - [TEST_CASE][PASSED] - Test Cases/Finance/BaseTestCases/Base_Finance_CheckOpenEntriesForCCSplitPayments: Test Cases/Finance/BaseTestCases/Base_Finance_CheckOpenEntriesForCCSplitPayments

2017-12-05 15:14:34 - [TEST_STEP][PASSED] - callTestCase: Call Test Case 'Test Cases/Common/Base_Common_OpenSession' successfully

2017-12-05 15:14:34 - [TEST_CASE][PASSED] - Test Cases/Common/Base_Common_OpenSession: Test Cases/Common/Base_Common_OpenSession

2017-12-05 15:14:34 - [TEST_STEP][PASSED] - openBrowser: Browser is opened with url: 'https://rgajbhiye:Robin$123@proxima-ln4.e-emphasys.com:8441/webui/servlet/login'

2017-12-05 15:14:34 - [MESSAGE][WARNING] - A browser is already opened. Closing browser and opening a new one

2017-12-05 15:14:41 - [MESSAGE][PASSED] - Browser is opened with url: 'https://rgajbhiye:Robin$123@proxima-ln4.e-emphasys.com:8441/webui/servlet/login'

2017-12-05 15:14:41 - [TEST_STEP][PASSED] - waitForPageLoad: Wait for page load successfully

2017-12-05 15:14:41 - [MESSAGE][PASSED] - Wait for page load successfully

2017-12-05 15:14:41 - [TEST_STEP][PASSED] - maximizeWindow: Current window maximized

2017-12-05 15:14:41 - [MESSAGE][PASSED] - Current window maximized

2017-12-05 15:14:41 - [TEST_STEP][PASSED] - click: Object: 'Object Repository/Common/HomePage/HomePage_more' is clicked on

2017-12-05 15:14:50 - [MESSAGE][PASSED] - Object: 'Object Repository/Common/HomePage/HomePage_more' is clicked on

2017-12-05 15:14:50 - [TEST_STEP][PASSED] - click: Object: 'Object Repository/Common/HomePage/HomePage_Option' is clicked on

2017-12-05 15:14:51 - [MESSAGE][PASSED] - Object: 'Object Repository/Common/HomePage/HomePage_Option' is clicked on

2017-12-05 15:14:51 - [TEST_STEP][PASSED] - click: Object: 'Object Repository/Common/HomePage/HomePage_RunProgram_' is clicked on

2017-12-05 15:14:51 - [MESSAGE][PASSED] - Object: 'Object Repository/Common/HomePage/HomePage_RunProgram_' is clicked on

2017-12-05 15:14:51 - [TEST_STEP][PASSED] - sendKeys: Keys 'tfacr2520m000' sent to object: 'Object Repository/Common/HomePage/HomePage_Session_ID'

2017-12-05 15:14:51 - [MESSAGE][PASSED] - Keys 'tfacr2520m000' sent to object: 'Object Repository/Common/HomePage/HomePage_Session_ID'

2017-12-05 15:14:51 - [TEST_STEP][PASSED] - click: Object: 'Object Repository/Common/HomePage/HomePage_OkButton' is clicked on

2017-12-05 15:14:51 - [MESSAGE][PASSED] - Object: 'Object Repository/Common/HomePage/HomePage_OkButton' is clicked on

2017-12-05 15:14:51 - [MESSAGE][PASSED] - Call Test Case 'Test Cases/Common/Base_Common_OpenSession' successfully

2017-12-05 15:14:51 - [TEST_STEP][PASSED] - click: Object: 'Object Repository/Finance/BaseTestCases_OpenEntries_Service/OpenEntries_DocumentType' is clicked on

2017-12-05 15:14:55 - [MESSAGE][PASSED] - Object: 'Object Repository/Finance/BaseTestCases_OpenEntries_Service/OpenEntries_DocumentType' is clicked on

2017-12-05 15:14:55 - [TEST_STEP][PASSED] - click: Object: 'Object Repository/Finance/BaseTestCases_OpenEntries_Service/OpenEntries_DocumentNo' is clicked on

2017-12-05 15:14:55 - [MESSAGE][PASSED] - Object: 'Object Repository/Finance/BaseTestCases_OpenEntries_Service/OpenEntries_DocumentNo' is clicked on

2017-12-05 15:14:55 - [TEST_STEP][PASSED] - setText: Text 'ARS' is set on object 'Object Repository/Finance/BaseTestCases_OpenEntries_Service/OpenEntries_DocumentType'

2017-12-05 15:14:55 - [MESSAGE][PASSED] - Text 'ARS' is set on object 'Object Repository/Finance/BaseTestCases_OpenEntries_Service/OpenEntries_DocumentType'

2017-12-05 15:14:55 - [TEST_STEP][NOT_RUN] - sendKeys: NOT_RUN: sendKeys

2017-12-05 15:14:55 - [MESSAGE][NOT_RUN] - NOT_RUN: sendKeys

2017-12-05 15:14:55 - [TEST_STEP][NOT_RUN] - delay: NOT_RUN: delay

2017-12-05 15:14:55 - [MESSAGE][NOT_RUN] - NOT_RUN: delay

2017-12-05 15:14:55 - [TEST_STEP][PASSED] - setText: Text '16000242' is set on object 'Object Repository/Finance/BaseTestCases_OpenEntries_Service/OpenEntries_DocumentNo'

2017-12-05 15:14:56 - [MESSAGE][PASSED] - Text '16000242' is set on object 'Object Repository/Finance/BaseTestCases_OpenEntries_Service/OpenEntries_DocumentNo'

2017-12-05 15:14:56 - [TEST_STEP][NOT_RUN] - delay: NOT_RUN: delay

2017-12-05 15:14:56 - [MESSAGE][NOT_RUN] - NOT_RUN: delay

2017-12-05 15:14:56 - [TEST_STEP][NOT_RUN] - sendKeys: NOT_RUN: sendKeys

2017-12-05 15:14:56 - [MESSAGE][NOT_RUN] - NOT_RUN: sendKeys

2017-12-05 15:14:56 - [TEST_STEP][PASSED] - click: Object: 'Object Repository/Finance/BaseTestCases_OpenEntries_Service/OpenEntries_Action' is clicked on

2017-12-05 15:14:57 - [MESSAGE][PASSED] - Object: 'Object Repository/Finance/BaseTestCases_OpenEntries_Service/OpenEntries_Action' is clicked on

2017-12-05 15:14:57 - [TEST_STEP][PASSED] - click: Object: 'Object Repository/Finance/BaseTestCases_OpenEntries_Service/OpenEntries.FullyPaid' is clicked on

2017-12-05 15:14:57 - [MESSAGE][PASSED] - Object: 'Object Repository/Finance/BaseTestCases_OpenEntries_Service/OpenEntries.FullyPaid' is clicked on

2017-12-05 15:14:57 - [TEST_STEP][PASSED] - delay: Delayed 2 second(s)

2017-12-05 15:14:59 - [MESSAGE][PASSED] - Delayed 2 second(s)

2017-12-05 15:14:59 - [TEST_STEP][PASSED] - scrollToElement: Scroll to object 'Object Repository/Finance/BaseTestCases_OpenEntries_Service/OpenEntries.BalanceAmt' successfully

2017-12-05 15:14:59 - [MESSAGE][PASSED] - Scroll to object 'Object Repository/Finance/BaseTestCases_OpenEntries_Service/OpenEntries.BalanceAmt' successfully

2017-12-05 15:14:59 - [TEST_STEP][PASSED] - delay: Delayed 3 second(s)

2017-12-05 15:15:02 - [MESSAGE][PASSED] - Delayed 3 second(s)

2017-12-05 15:15:02 - [TEST_STEP][PASSED] - Statement - BalanceAmount = com.kms.katalon.core.webui.keyword.WebUiBuiltInKeywords.getText(com.kms.katalon.core.testobject.ObjectRepository.findTestObject(Finance/BaseTestCases_OpenEntries_Service/OpenEntries.BalanceAmt)): Text of object 'Object Repository/Finance/BaseTestCases_OpenEntries_Service/OpenEntries.BalanceAmt' is: '18.66'

2017-12-05 15:15:02 - [MESSAGE][PASSED] - Text of object 'Object Repository/Finance/BaseTestCases_OpenEntries_Service/OpenEntries.BalanceAmt' is: '18.66'

2017-12-05 15:15:02 - [TEST_STEP][PASSED] - verifyEqual: Actual object '18.66' and expected object '18.66' are equal

2017-12-05 15:15:02 - [MESSAGE][PASSED] - Actual object '18.66' and expected object '18.66' are equal

2017-12-05 15:15:02 - [TEST_STEP][PASSED] - click: Object: 'Object Repository/Finance/BaseTestCases_OpenEntries_Service/OpenEntries.Reference' is clicked on

2017-12-05 15:15:02 - [MESSAGE][PASSED] - Object: 'Object Repository/Finance/BaseTestCases_OpenEntries_Service/OpenEntries.Reference' is clicked on

2017-12-05 15:15:02 - [TEST_STEP][PASSED] - setText: Text '' is set on object 'Object Repository/Finance/BaseTestCases_OpenEntries_Service/OpenEntries_DocumentType'

2017-12-05 15:15:02 - [MESSAGE][PASSED] - Text '' is set on object 'Object Repository/Finance/BaseTestCases_OpenEntries_Service/OpenEntries_DocumentType'

2017-12-05 15:15:02 - [TEST_STEP][PASSED] - setText: Text '' is set on object 'Object Repository/Finance/BaseTestCases_OpenEntries_Service/OpenEntries_DocumentNo'

2017-12-05 15:15:03 - [MESSAGE][PASSED] - Text '' is set on object 'Object Repository/Finance/BaseTestCases_OpenEntries_Service/OpenEntries_DocumentNo'

2017-12-05 15:15:03 - [TEST_STEP][PASSED] - sendKeys: Keys 'TAB + ' sent to object: 'Object Repository/Finance/BaseTestCases_OpenEntries_Service/OpenEntries_DocumentType'

2017-12-05 15:15:03 - [MESSAGE][PASSED] - Keys 'TAB + ' sent to object: 'Object Repository/Finance/BaseTestCases_OpenEntries_Service/OpenEntries_DocumentType'

2017-12-05 15:15:03 - [TEST_STEP][PASSED] - sendKeys: Keys 'TAB + ' sent to object: 'Object Repository/Finance/BaseTestCases_OpenEntries_Service/OpenEntries_DocumentNo'

2017-12-05 15:15:04 - [MESSAGE][PASSED] - Keys 'TAB + ' sent to object: 'Object Repository/Finance/BaseTestCases_OpenEntries_Service/OpenEntries_DocumentNo'

2017-12-05 15:15:04 - [TEST_STEP][PASSED] - sendKeys: Keys 'M00000182 (ARS/16000242)' sent to object: 'Object Repository/Finance/BaseTestCases_OpenEntries_Service/OpenEntries.Reference'

2017-12-05 15:15:04 - [MESSAGE][PASSED] - Keys 'M00000182 (ARS/16000242)' sent to object: 'Object Repository/Finance/BaseTestCases_OpenEntries_Service/OpenEntries.Reference'

2017-12-05 15:15:04 - [TEST_STEP][PASSED] - click: Object: 'Object Repository/Finance/BaseTestCases_OpenEntries_Service/OpenEntries_DocumentNo' is clicked on

2017-12-05 15:15:04 - [MESSAGE][PASSED] - Object: 'Object Repository/Finance/BaseTestCases_OpenEntries_Service/OpenEntries_DocumentNo' is clicked on

2017-12-05 15:15:04 - [TEST_STEP][PASSED] - delay: Delayed 3 second(s)

2017-12-05 15:15:07 - [MESSAGE][PASSED] - Delayed 3 second(s)

2017-12-05 15:15:07 - [TEST_STEP][PASSED] - scrollToElement: Scroll to object 'Object Repository/Finance/BaseTestCases_OpenEntries_Service/OpenEntries.BalanceAmt' successfully

2017-12-05 15:15:07 - [MESSAGE][PASSED] - Scroll to object 'Object Repository/Finance/BaseTestCases_OpenEntries_Service/OpenEntries.BalanceAmt' successfully

2017-12-05 15:15:07 - [TEST_STEP][PASSED] - Statement - BalanceAmount = com.kms.katalon.core.webui.keyword.WebUiBuiltInKeywords.getText(com.kms.katalon.core.testobject.ObjectRepository.findTestObject(Finance/BaseTestCases_OpenEntries_Service/OpenEntries.BalanceAmt)): Text of object 'Object Repository/Finance/BaseTestCases_OpenEntries_Service/OpenEntries.BalanceAmt' is: '1.00'

2017-12-05 15:15:07 - [MESSAGE][PASSED] - Text of object 'Object Repository/Finance/BaseTestCases_OpenEntries_Service/OpenEntries.BalanceAmt' is: '1.00'

2017-12-05 15:15:07 - [TEST_STEP][PASSED] - verifyEqual: Actual object '1.00' and expected object '1.00' are equal

2017-12-05 15:15:07 - [MESSAGE][PASSED] - Actual object '1.00' and expected object '1.00' are equal

2017-12-05 15:15:07 - [TEST_STEP][PASSED] - Statement - BalanceAmount = com.kms.katalon.core.webui.keyword.WebUiBuiltInKeywords.getText(com.kms.katalon.core.testobject.ObjectRepository.findTestObject(Finance/BaseTestCases_OpenEntries_Service/OpenEntries_BalanceAmtLine2)): Text of object 'Object Repository/Finance/BaseTestCases_OpenEntries_Service/OpenEntries_BalanceAmtLine2' is: '1.00'

2017-12-05 15:15:07 - [MESSAGE][PASSED] - Text of object 'Object Repository/Finance/BaseTestCases_OpenEntries_Service/OpenEntries_BalanceAmtLine2' is: '1.00'

2017-12-05 15:15:07 - [TEST_STEP][PASSED] - verifyEqual: Actual object '1.00' and expected object '1.00' are equal

2017-12-05 15:15:07 - [MESSAGE][PASSED] - Actual object '1.00' and expected object '1.00' are equal

2017-12-05 15:15:07 - [TEST_STEP][PASSED] - delay: Delayed 3 second(s)

2017-12-05 15:15:10 - [MESSAGE][PASSED] - Delayed 3 second(s)

2017-12-05 15:15:10 - [TEST_STEP][PASSED] - closeBrowser: Browser is closed

2017-12-05 15:15:11 - [MESSAGE][PASSED] - Browser is closed

2017-12-05 15:15:11 - [MESSAGE][PASSED] - Call Test Case 'Test Cases/Finance/BaseTestCases/Base_Finance_CheckOpenEntriesForCCSplitPayments' successfully]]></system-out>
         <system-err><![CDATA[]]></system-err>
      </testcase>
      <testcase name="Test Cases/Parts/CreditCardRegression/TC002_Parts_CreditCard - Iteration 2" classname="Test Cases/Parts/CreditCardRegression/TC002_Parts_CreditCard" status="FAILED">
         <failure type="FAILED" message="Test Cases/Parts/CreditCardRegression/TC002_Parts_CreditCard FAILED because (of) Unable to set text 'D' of object 'Object Repository/Parts/PartsSalesOrder/PartsSaleOrderHeader/PartSaleOrder_InvoiceRptDeviceSplit' (Root cause: com.kms.katalon.core.webui.exception.WebElementNotFoundException: Web element with id: 'Object Repository/Parts/PartsSalesOrder/PartsSaleOrderHeader/PartSaleOrder_InvoiceRptDeviceSplit' located by 'By.xpath: //*[@id = 'ttstpsplopen-7-devc-1-lookup-widget']' not found)"/>
         <system-out><![CDATA[2017-12-05 15:15:11 - [TEST_CASE][FAILED] - Test Cases/Parts/CreditCardRegression/TC002_Parts_CreditCard - Iteration 2: Test Cases/Parts/CreditCardRegression/TC002_Parts_CreditCard FAILED because (of) Unable to set text 'D' of object 'Object Repository/Parts/PartsSalesOrder/PartsSaleOrderHeader/PartSaleOrder_InvoiceRptDeviceSplit' (Root cause: com.kms.katalon.core.webui.exception.WebElementNotFoundException: Web element with id: 'Object Repository/Parts/PartsSalesOrder/PartsSaleOrderHeader/PartSaleOrder_InvoiceRptDeviceSplit' located by 'By.xpath: //*[@id = 'ttstpsplopen-7-devc-1-lookup-widget']' not found)

2017-12-05 15:15:11 - [TEST_STEP][PASSED] - callTestCase: Call Test Case 'Test Cases/Parts/BaseTestCases/Base_Part_CreateHeader_WithCC' successfully

2017-12-05 15:15:11 - [TEST_CASE][PASSED] - Test Cases/Parts/BaseTestCases/Base_Part_CreateHeader_WithCC: Test Cases/Parts/BaseTestCases/Base_Part_CreateHeader_WithCC

2017-12-05 15:15:11 - [TEST_STEP][PASSED] - callTestCase: Call Test Case 'Test Cases/Common/Base_Common_OpenSession' successfully

2017-12-05 15:15:11 - [TEST_CASE][PASSED] - Test Cases/Common/Base_Common_OpenSession: Test Cases/Common/Base_Common_OpenSession

2017-12-05 15:15:11 - [TEST_STEP][PASSED] - openBrowser: Browser is opened with url: 'https://rgajbhiye:Robin$123@proxima-ln4.e-emphasys.com:8441/webui/servlet/login'

2017-12-05 15:15:18 - [MESSAGE][PASSED] - Browser is opened with url: 'https://rgajbhiye:Robin$123@proxima-ln4.e-emphasys.com:8441/webui/servlet/login'

2017-12-05 15:15:18 - [TEST_STEP][PASSED] - waitForPageLoad: Wait for page load successfully

2017-12-05 15:15:18 - [MESSAGE][PASSED] - Wait for page load successfully

2017-12-05 15:15:18 - [TEST_STEP][PASSED] - maximizeWindow: Current window maximized

2017-12-05 15:15:18 - [MESSAGE][PASSED] - Current window maximized

2017-12-05 15:15:18 - [TEST_STEP][PASSED] - click: Object: 'Object Repository/Common/HomePage/HomePage_more' is clicked on

2017-12-05 15:15:28 - [MESSAGE][PASSED] - Object: 'Object Repository/Common/HomePage/HomePage_more' is clicked on

2017-12-05 15:15:28 - [TEST_STEP][PASSED] - click: Object: 'Object Repository/Common/HomePage/HomePage_Option' is clicked on

2017-12-05 15:15:28 - [MESSAGE][PASSED] - Object: 'Object Repository/Common/HomePage/HomePage_Option' is clicked on

2017-12-05 15:15:28 - [TEST_STEP][PASSED] - click: Object: 'Object Repository/Common/HomePage/HomePage_RunProgram_' is clicked on

2017-12-05 15:15:28 - [MESSAGE][PASSED] - Object: 'Object Repository/Common/HomePage/HomePage_RunProgram_' is clicked on

2017-12-05 15:15:28 - [TEST_STEP][PASSED] - sendKeys: Keys 'tdsls4500m002' sent to object: 'Object Repository/Common/HomePage/HomePage_Session_ID'

2017-12-05 15:15:28 - [MESSAGE][PASSED] - Keys 'tdsls4500m002' sent to object: 'Object Repository/Common/HomePage/HomePage_Session_ID'

2017-12-05 15:15:28 - [TEST_STEP][PASSED] - click: Object: 'Object Repository/Common/HomePage/HomePage_OkButton' is clicked on

2017-12-05 15:15:29 - [MESSAGE][PASSED] - Object: 'Object Repository/Common/HomePage/HomePage_OkButton' is clicked on

2017-12-05 15:15:29 - [MESSAGE][PASSED] - Call Test Case 'Test Cases/Common/Base_Common_OpenSession' successfully

2017-12-05 15:15:29 - [TEST_STEP][PASSED] - click: Object: 'Object Repository/Parts/PartsSalesOrder/PartsSaleOrderHeader/PartSaleOrder_NewButton' is clicked on

2017-12-05 15:15:31 - [MESSAGE][PASSED] - Object: 'Object Repository/Parts/PartsSalesOrder/PartsSaleOrderHeader/PartSaleOrder_NewButton' is clicked on

2017-12-05 15:15:31 - [TEST_STEP][PASSED] - waitForElementPresent: Object 'Object Repository/Parts/PartsSalesOrder/PartsSaleOrderHeader/Partsalesorder_customer' is present

2017-12-05 15:15:34 - [MESSAGE][PASSED] - Object 'Object Repository/Parts/PartsSalesOrder/PartsSaleOrderHeader/Partsalesorder_customer' is present

2017-12-05 15:15:34 - [TEST_STEP][PASSED] - setText: Text 'M00000182' is set on object 'Object Repository/Parts/PartsSalesOrder/PartsSaleOrderHeader/Partsalesorder_customer'

2017-12-05 15:15:36 - [MESSAGE][PASSED] - Text 'M00000182' is set on object 'Object Repository/Parts/PartsSalesOrder/PartsSaleOrderHeader/Partsalesorder_customer'

2017-12-05 15:15:36 - [TEST_STEP][NOT_RUN] - sendKeys: NOT_RUN: sendKeys

2017-12-05 15:15:36 - [MESSAGE][NOT_RUN] - NOT_RUN: sendKeys

2017-12-05 15:15:36 - [TEST_STEP][PASSED] - click: Object: 'Object Repository/Parts/PartsSalesOrder/PartsSaleOrderHeader/PartSalesOrder_Tax' is clicked on

2017-12-05 15:15:37 - [MESSAGE][PASSED] - Object: 'Object Repository/Parts/PartsSalesOrder/PartsSaleOrderHeader/PartSalesOrder_Tax' is clicked on

2017-12-05 15:15:37 - [TEST_STEP][PASSED] - click: Object: 'Object Repository/Parts/PartsSalesOrder/PartsSaleOrderHeader/PartSalesorder_Save' is clicked on

2017-12-05 15:15:37 - [MESSAGE][PASSED] - Object: 'Object Repository/Parts/PartsSalesOrder/PartsSaleOrderHeader/PartSalesorder_Save' is clicked on

2017-12-05 15:15:37 - [TEST_STEP][PASSED] - dragAndDropByOffset: Dragged object with id 'Object Repository/Parts/PartsSalesOrder/PartsSaleOrderHeader/PartSalesOrder_scroller' by offset distance x = 0 and y = -100 successfully

2017-12-05 15:15:46 - [MESSAGE][PASSED] - Dragged object with id 'Object Repository/Parts/PartsSalesOrder/PartsSaleOrderHeader/PartSalesOrder_scroller' by offset distance x = 0 and y = -100 successfully

2017-12-05 15:15:46 - [TEST_STEP][PASSED] - delay: Delayed 5 second(s)

2017-12-05 15:15:51 - [MESSAGE][PASSED] - Delayed 5 second(s)

2017-12-05 15:15:51 - [TEST_STEP][PASSED] - Statement - G_Part_PSO = com.kms.katalon.core.webui.keyword.WebUiBuiltInKeywords.getAttribute(com.kms.katalon.core.testobject.ObjectRepository.findTestObject(Parts/PartsSalesOrder/PartsSaleOrderHeader/PartSalesOrder_OrderNo), "value"): Attribute 'value' of object 'Object Repository/Parts/PartsSalesOrder/PartsSaleOrderHeader/PartSalesOrder_OrderNo' is: 'TP0001471'

2017-12-05 15:15:51 - [MESSAGE][PASSED] - Attribute 'value' of object 'Object Repository/Parts/PartsSalesOrder/PartsSaleOrderHeader/PartSalesOrder_OrderNo' is: 'TP0001471'

2017-12-05 15:15:51 - [TEST_STEP][PASSED] - Statement - println("sale order number" + G_Part_PSO): null

2017-12-05 15:15:51 - [TEST_STEP][PASSED] - click: Object: 'Object Repository/Parts/PartsSalesOrder/PartsSaleOrderHeader/PartSaleOrder_OtherDetailsTab' is clicked on

2017-12-05 15:15:51 - [MESSAGE][PASSED] - Object: 'Object Repository/Parts/PartsSalesOrder/PartsSaleOrderHeader/PartSaleOrder_OtherDetailsTab' is clicked on

2017-12-05 15:15:51 - [TEST_STEP][PASSED] - delay: Delayed 2 second(s)

2017-12-05 15:15:53 - [MESSAGE][PASSED] - Delayed 2 second(s)

2017-12-05 15:15:53 - [TEST_STEP][PASSED] - click: Object: 'Object Repository/Parts/PartsSalesOrder/PartsSaleOrderHeader/PartSalesOrder_ModeOfPayment' is clicked on

2017-12-05 15:15:53 - [MESSAGE][PASSED] - Object: 'Object Repository/Parts/PartsSalesOrder/PartsSaleOrderHeader/PartSalesOrder_ModeOfPayment' is clicked on

2017-12-05 15:15:53 - [TEST_STEP][PASSED] - click: Object: 'Object Repository/Parts/PartsSalesOrder/PartsSaleOrderHeader/PartSalesOrder_CreditCardOption' is clicked on

2017-12-05 15:15:53 - [MESSAGE][PASSED] - Object: 'Object Repository/Parts/PartsSalesOrder/PartsSaleOrderHeader/PartSalesOrder_CreditCardOption' is clicked on

2017-12-05 15:15:53 - [TEST_STEP][PASSED] - click: Object: 'Object Repository/Parts/PartsSalesOrder/PartsSaleOrderHeader/PartSalesorder_Save' is clicked on

2017-12-05 15:15:54 - [MESSAGE][PASSED] - Object: 'Object Repository/Parts/PartsSalesOrder/PartsSaleOrderHeader/PartSalesorder_Save' is clicked on

2017-12-05 15:15:54 - [MESSAGE][PASSED] - Call Test Case 'Test Cases/Parts/BaseTestCases/Base_Part_CreateHeader_WithCC' successfully

2017-12-05 15:15:54 - [TEST_STEP][PASSED] - callTestCase: Call Test Case 'Test Cases/Parts/BaseTestCases/Base_Part_AddPartLinePos1' successfully

2017-12-05 15:15:54 - [TEST_CASE][PASSED] - Test Cases/Parts/BaseTestCases/Base_Part_AddPartLinePos1: Test Cases/Parts/BaseTestCases/Base_Part_AddPartLinePos1

2017-12-05 15:15:55 - [TEST_STEP][PASSED] - click: Object: 'Object Repository/Parts/PartsSalesOrder/PartSalesOrderLine1/PartSaleOrderLine1_newpart' is clicked on

2017-12-05 15:15:59 - [MESSAGE][PASSED] - Object: 'Object Repository/Parts/PartsSalesOrder/PartSalesOrderLine1/PartSaleOrderLine1_newpart' is clicked on

2017-12-05 15:15:59 - [TEST_STEP][PASSED] - delay: Delayed 3 second(s)

2017-12-05 15:16:02 - [MESSAGE][PASSED] - Delayed 3 second(s)

2017-12-05 15:16:02 - [TEST_STEP][PASSED] - setText: Text 'KP3' is set on object 'Object Repository/Parts/PartsSalesOrder/PartSalesOrderLine1/PartSaleOrderLine1_PartNumber'

2017-12-05 15:16:02 - [MESSAGE][PASSED] - Text 'KP3' is set on object 'Object Repository/Parts/PartsSalesOrder/PartSalesOrderLine1/PartSaleOrderLine1_PartNumber'

2017-12-05 15:16:02 - [TEST_STEP][PASSED] - scrollToElement: Scroll to object 'Object Repository/Parts/PartsSalesOrder/PartSalesOrderLine1/PartSaleOrderLine1_Quantity' successfully

2017-12-05 15:16:06 - [MESSAGE][PASSED] - Scroll to object 'Object Repository/Parts/PartsSalesOrder/PartSalesOrderLine1/PartSaleOrderLine1_Quantity' successfully

2017-12-05 15:16:06 - [TEST_STEP][PASSED] - click: Object: 'Object Repository/Parts/PartsSalesOrder/PartSalesOrderLine1/PartSaleOrderLine1_Quantity' is clicked on

2017-12-05 15:16:11 - [MESSAGE][PASSED] - Object: 'Object Repository/Parts/PartsSalesOrder/PartSalesOrderLine1/PartSaleOrderLine1_Quantity' is clicked on

2017-12-05 15:16:11 - [TEST_STEP][PASSED] - setText: Text '2' is set on object 'Object Repository/Parts/PartsSalesOrder/PartSalesOrderLine1/PartSaleOrderLine1-Qty1'

2017-12-05 15:16:13 - [MESSAGE][PASSED] - Text '2' is set on object 'Object Repository/Parts/PartsSalesOrder/PartSalesOrderLine1/PartSaleOrderLine1-Qty1'

2017-12-05 15:16:13 - [TEST_STEP][PASSED] - click: Object: 'Object Repository/Parts/PartsSalesOrder/PartsSaleOrderHeader/PartSalesorder_Save' is clicked on

2017-12-05 15:16:13 - [MESSAGE][PASSED] - Object: 'Object Repository/Parts/PartsSalesOrder/PartsSaleOrderHeader/PartSalesorder_Save' is clicked on

2017-12-05 15:16:13 - [TEST_STEP][PASSED] - delay: Delayed 10 second(s)

2017-12-05 15:16:23 - [MESSAGE][PASSED] - Delayed 10 second(s)

2017-12-05 15:16:23 - [TEST_STEP][NOT_RUN] - scrollToElement: NOT_RUN: scrollToElement

2017-12-05 15:16:23 - [MESSAGE][NOT_RUN] - NOT_RUN: scrollToElement

2017-12-05 15:16:23 - [TEST_STEP][NOT_RUN] - Statement - G_InvoiceAmt = com.kms.katalon.core.webui.keyword.WebUiBuiltInKeywords.getText(com.kms.katalon.core.testobject.ObjectRepository.findTestObject(tdtre4101m002/Line1/firmPrice)): NOT_RUN: Statement - G_InvoiceAmt = com.kms.katalon.core.webui.keyword.WebUiBuiltInKeywords.getText(com.kms.katalon.core.testobject.ObjectRepository.findTestObject(tdtre4101m002/Line1/firmPrice))

2017-12-05 15:16:23 - [MESSAGE][NOT_RUN] - NOT_RUN: Statement - G_InvoiceAmt = com.kms.katalon.core.webui.keyword.WebUiBuiltInKeywords.getText(com.kms.katalon.core.testobject.ObjectRepository.findTestObject(tdtre4101m002/Line1/firmPrice))

2017-12-05 15:16:23 - [TEST_STEP][NOT_RUN] - Statement - Qty1 = com.kms.katalon.core.webui.keyword.WebUiBuiltInKeywords.getText(com.kms.katalon.core.testobject.ObjectRepository.findTestObject(tdtre4101m002/Line1/input_tdtre4101s002-Qty)): NOT_RUN: Statement - Qty1 = com.kms.katalon.core.webui.keyword.WebUiBuiltInKeywords.getText(com.kms.katalon.core.testobject.ObjectRepository.findTestObject(tdtre4101m002/Line1/input_tdtre4101s002-Qty))

2017-12-05 15:16:23 - [MESSAGE][NOT_RUN] - NOT_RUN: Statement - Qty1 = com.kms.katalon.core.webui.keyword.WebUiBuiltInKeywords.getText(com.kms.katalon.core.testobject.ObjectRepository.findTestObject(tdtre4101m002/Line1/input_tdtre4101s002-Qty))

2017-12-05 15:16:23 - [TEST_STEP][NOT_RUN] - Statement - G_OrderLineAmt = G_FirmPrice * Qty1: NOT_RUN: Statement - G_OrderLineAmt = G_FirmPrice * Qty1

2017-12-05 15:16:23 - [MESSAGE][NOT_RUN] - NOT_RUN: Statement - G_OrderLineAmt = G_FirmPrice * Qty1

2017-12-05 15:16:23 - [TEST_STEP][NOT_RUN] - Statement - println("GlobalVariable.G_FirmPrice" + G_FirmPrice): NOT_RUN: Statement - println("GlobalVariable.G_FirmPrice" + G_FirmPrice)

2017-12-05 15:16:23 - [MESSAGE][NOT_RUN] - NOT_RUN: Statement - println("GlobalVariable.G_FirmPrice" + G_FirmPrice)

2017-12-05 15:16:23 - [TEST_STEP][NOT_RUN] - Statement - println("GlobalVariable.G_OrderLineAmt" + G_OrderLineAmt): NOT_RUN: Statement - println("GlobalVariable.G_OrderLineAmt" + G_OrderLineAmt)

2017-12-05 15:16:23 - [MESSAGE][NOT_RUN] - NOT_RUN: Statement - println("GlobalVariable.G_OrderLineAmt" + G_OrderLineAmt)

2017-12-05 15:16:23 - [MESSAGE][PASSED] - Call Test Case 'Test Cases/Parts/BaseTestCases/Base_Part_AddPartLinePos1' successfully

2017-12-05 15:16:23 - [TEST_STEP][FAILED] - callTestCase: Unable to call Test Case with id 'Test Cases/Parts/BaseTestCases/Base_Part_PickPacknInvoiceWithCCSplitPayment' (Root cause: Call Test Case 'Test Cases/Parts/BaseTestCases/Base_Part_PickPacknInvoiceWithCCSplitPayment' failed)

2017-12-05 15:16:23 - [TEST_CASE][FAILED] - Test Cases/Parts/BaseTestCases/Base_Part_PickPacknInvoiceWithCCSplitPayment: Test Cases/Parts/BaseTestCases/Base_Part_PickPacknInvoiceWithCCSplitPayment FAILED because (of) Unable to set text 'D' of object 'Object Repository/Parts/PartsSalesOrder/PartsSaleOrderHeader/PartSaleOrder_InvoiceRptDeviceSplit' (Root cause: com.kms.katalon.core.webui.exception.WebElementNotFoundException: Web element with id: 'Object Repository/Parts/PartsSalesOrder/PartsSaleOrderHeader/PartSaleOrder_InvoiceRptDeviceSplit' located by 'By.xpath: //*[@id = 'ttstpsplopen-7-devc-1-lookup-widget']' not found)

2017-12-05 15:16:23 - [TEST_STEP][PASSED] - click: Object: 'Object Repository/Parts/PartsSalesOrder/PartsSaleOrderHeader/PartSalesOrder_Action' is clicked on

2017-12-05 15:16:23 - [MESSAGE][PASSED] - Object: 'Object Repository/Parts/PartsSalesOrder/PartsSaleOrderHeader/PartSalesOrder_Action' is clicked on

2017-12-05 15:16:23 - [TEST_STEP][PASSED] - delay: Delayed 3 second(s)

2017-12-05 15:16:26 - [MESSAGE][PASSED] - Delayed 3 second(s)

2017-12-05 15:16:26 - [TEST_STEP][PASSED] - waitForElementClickable: Object 'Object Repository/Parts/PartsSalesOrder/PartsSaleOrderHeader/PartSalesOrder_PickPacknInvoice' is clickable

2017-12-05 15:16:26 - [MESSAGE][PASSED] - Object 'Object Repository/Parts/PartsSalesOrder/PartsSaleOrderHeader/PartSalesOrder_PickPacknInvoice' is clickable

2017-12-05 15:16:26 - [TEST_STEP][PASSED] - click: Object: 'Object Repository/Parts/PartsSalesOrder/PartsSaleOrderHeader/PartSalesOrder_PickPacknInvoice' is clicked on

2017-12-05 15:16:26 - [MESSAGE][PASSED] - Object: 'Object Repository/Parts/PartsSalesOrder/PartsSaleOrderHeader/PartSalesOrder_PickPacknInvoice' is clicked on

2017-12-05 15:16:26 - [TEST_STEP][PASSED] - delay: Delayed 5 second(s)

2017-12-05 15:16:31 - [MESSAGE][PASSED] - Delayed 5 second(s)

2017-12-05 15:16:32 - [TEST_STEP][NOT_RUN] - click: NOT_RUN: click

2017-12-05 15:16:32 - [MESSAGE][NOT_RUN] - NOT_RUN: click

2017-12-05 15:16:32 - [TEST_STEP][PASSED] - Statement - If (com.kms.katalon.core.webui.keyword.WebUiBuiltInKeywords.verifyElementVisible(com.kms.katalon.core.testobject.ObjectRepository.findTestObject(Object Repository/Parts/PartsSalesOrder/PartsSaleOrderHeader/PartSalesOrder_LocationOption)) == true): Object: 'Object Repository/Parts/PartsSalesOrder/PartsSaleOrderHeader/PartSalesOrder_LocationOption' is clicked on

2017-12-05 15:16:32 - [MESSAGE][PASSED] - Object 'Object Repository/Parts/PartsSalesOrder/PartsSaleOrderHeader/PartSalesOrder_LocationOption' is visible

2017-12-05 15:16:32 - [TEST_STEP][PASSED] - click: Object: 'Object Repository/Parts/PartsSalesOrder/PartsSaleOrderHeader/PartSalesOrder_LocationOption' is clicked on

2017-12-05 15:16:32 - [MESSAGE][PASSED] - Object: 'Object Repository/Parts/PartsSalesOrder/PartsSaleOrderHeader/PartSalesOrder_LocationOption' is clicked on

2017-12-05 15:16:32 - [TEST_STEP][PASSED] - delay: Delayed 3 second(s)

2017-12-05 15:16:35 - [MESSAGE][PASSED] - Delayed 3 second(s)

2017-12-05 15:16:35 - [TEST_STEP][NOT_RUN] - Statement - If (com.kms.katalon.core.webui.keyword.WebUiBuiltInKeywords.verifyElementVisible(com.kms.katalon.core.testobject.ObjectRepository.findTestObject(Object Repository/Parts/PartsSalesOrder/PartsSaleOrderHeader/PartSaleOrder_PackingSlipClose)) == true): NOT_RUN: Statement - If (com.kms.katalon.core.webui.keyword.WebUiBuiltInKeywords.verifyElementVisible(com.kms.katalon.core.testobject.ObjectRepository.findTestObject(Object Repository/Parts/PartsSalesOrder/PartsSaleOrderHeader/PartSaleOrder_PackingSlipClose)) == true)

2017-12-05 15:16:35 - [MESSAGE][NOT_RUN] - NOT_RUN: Statement - If (com.kms.katalon.core.webui.keyword.WebUiBuiltInKeywords.verifyElementVisible(com.kms.katalon.core.testobject.ObjectRepository.findTestObject(Object Repository/Parts/PartsSalesOrder/PartsSaleOrderHeader/PartSaleOrder_PackingSlipClose)) == true)

2017-12-05 15:16:35 - [TEST_STEP][PASSED] - click: Object: 'Object Repository/Parts/PartsSalesOrder/PartsSaleOrderHeader/PartSalesOrder_ContinueInvoiceOption' is clicked on

2017-12-05 15:16:36 - [MESSAGE][PASSED] - Object: 'Object Repository/Parts/PartsSalesOrder/PartsSaleOrderHeader/PartSalesOrder_ContinueInvoiceOption' is clicked on

2017-12-05 15:16:36 - [TEST_STEP][PASSED] - delay: Delayed 3 second(s)

2017-12-05 15:16:39 - [MESSAGE][PASSED] - Delayed 3 second(s)

2017-12-05 15:16:39 - [TEST_STEP][PASSED] - setText: Text 'GLOBAL' is set on object 'Object Repository/Parts/PartsSalesOrder/PartSalesOrder_CCInterface/CCInterface_PaymentGateway'

2017-12-05 15:16:40 - [MESSAGE][PASSED] - Text 'GLOBAL' is set on object 'Object Repository/Parts/PartsSalesOrder/PartSalesOrder_CCInterface/CCInterface_PaymentGateway'

2017-12-05 15:16:40 - [TEST_STEP][PASSED] - doubleClick: Object: 'Object Repository/Parts/PartsSalesOrder/PartSalesOrder_CCInterface/CCInterface_CardType' is double clicked on

2017-12-05 15:16:40 - [MESSAGE][PASSED] - Object: 'Object Repository/Parts/PartsSalesOrder/PartSalesOrder_CCInterface/CCInterface_CardType' is double clicked on

2017-12-05 15:16:40 - [TEST_STEP][PASSED] - delay: Delayed 2 second(s)

2017-12-05 15:16:42 - [MESSAGE][PASSED] - Delayed 2 second(s)

2017-12-05 15:16:42 - [TEST_STEP][PASSED] - setText: Text 'DEBIT MASTERCARD' is set on object 'Object Repository/Parts/PartsSalesOrder/PartSalesOrder_CCInterface/CCInterface_CardType'

2017-12-05 15:16:42 - [MESSAGE][PASSED] - Text 'DEBIT MASTERCARD' is set on object 'Object Repository/Parts/PartsSalesOrder/PartSalesOrder_CCInterface/CCInterface_CardType'

2017-12-05 15:16:42 - [TEST_STEP][PASSED] - delay: Delayed 3 second(s)

2017-12-05 15:16:45 - [MESSAGE][PASSED] - Delayed 3 second(s)

2017-12-05 15:16:45 - [TEST_STEP][PASSED] - doubleClick: Object: 'Object Repository/Parts/PartsSalesOrder/PartSalesOrder_CCInterface/CCInterface_CardNo' is double clicked on

2017-12-05 15:16:46 - [MESSAGE][PASSED] - Object: 'Object Repository/Parts/PartsSalesOrder/PartSalesOrder_CCInterface/CCInterface_CardNo' is double clicked on

2017-12-05 15:16:46 - [TEST_STEP][PASSED] - setText: Text '5100270000000007' is set on object 'Object Repository/Parts/PartsSalesOrder/PartSalesOrder_CCInterface/CCInterface_CardNo'

2017-12-05 15:16:46 - [MESSAGE][PASSED] - Text '5100270000000007' is set on object 'Object Repository/Parts/PartsSalesOrder/PartSalesOrder_CCInterface/CCInterface_CardNo'

2017-12-05 15:16:46 - [TEST_STEP][PASSED] - setText: Text '456' is set on object 'Object Repository/Parts/PartsSalesOrder/PartSalesOrder_CCInterface/CCInterface_CVV'

2017-12-05 15:16:46 - [MESSAGE][PASSED] - Text '456' is set on object 'Object Repository/Parts/PartsSalesOrder/PartSalesOrder_CCInterface/CCInterface_CVV'

2017-12-05 15:16:46 - [TEST_STEP][PASSED] - setText: Text '09' is set on object 'Object Repository/Parts/PartsSalesOrder/PartSalesOrder_CCInterface/CCInterface_MM'

2017-12-05 15:16:46 - [MESSAGE][PASSED] - Text '09' is set on object 'Object Repository/Parts/PartsSalesOrder/PartSalesOrder_CCInterface/CCInterface_MM'

2017-12-05 15:16:46 - [TEST_STEP][PASSED] - setText: Text '99' is set on object 'Object Repository/Parts/PartsSalesOrder/PartSalesOrder_CCInterface/CCInterface_YY'

2017-12-05 15:16:46 - [MESSAGE][PASSED] - Text '99' is set on object 'Object Repository/Parts/PartsSalesOrder/PartSalesOrder_CCInterface/CCInterface_YY'

2017-12-05 15:16:46 - [TEST_STEP][PASSED] - click: Object: 'Object Repository/Parts/PartsSalesOrder/PartSalesOrder_CCInterface/CCInterface_SplitPayment' is clicked on

2017-12-05 15:16:47 - [MESSAGE][PASSED] - Object: 'Object Repository/Parts/PartsSalesOrder/PartSalesOrder_CCInterface/CCInterface_SplitPayment' is clicked on

2017-12-05 15:16:47 - [TEST_STEP][PASSED] - click: Object: 'Object Repository/Parts/PartsSalesOrder/PartSalesOrder_CCInterface/CCInterface_SplitTenderYes' is clicked on

2017-12-05 15:16:47 - [MESSAGE][PASSED] - Object: 'Object Repository/Parts/PartsSalesOrder/PartSalesOrder_CCInterface/CCInterface_SplitTenderYes' is clicked on

2017-12-05 15:16:47 - [TEST_STEP][PASSED] - click: Object: 'Object Repository/Parts/PartsSalesOrder/PartSalesOrder_CCInterface/CCInterface_SplitPaymentPlus' is clicked on

2017-12-05 15:16:47 - [MESSAGE][PASSED] - Object: 'Object Repository/Parts/PartsSalesOrder/PartSalesOrder_CCInterface/CCInterface_SplitPaymentPlus' is clicked on

2017-12-05 15:16:47 - [TEST_STEP][PASSED] - delay: Delayed 5 second(s)

2017-12-05 15:16:52 - [MESSAGE][PASSED] - Delayed 5 second(s)

2017-12-05 15:16:52 - [TEST_STEP][PASSED] - Statement - G_OrderAmt = com.kms.katalon.core.webui.keyword.WebUiBuiltInKeywords.getText(com.kms.katalon.core.testobject.ObjectRepository.findTestObject(Parts/PartsSalesOrder/PartSalesOrder_CCInterface/CCInterface_OrderTotal)): Text of object 'Object Repository/Parts/PartsSalesOrder/PartSalesOrder_CCInterface/CCInterface_OrderTotal' is: '20.66'

2017-12-05 15:16:52 - [MESSAGE][PASSED] - Text of object 'Object Repository/Parts/PartsSalesOrder/PartSalesOrder_CCInterface/CCInterface_OrderTotal' is: '20.66'

2017-12-05 15:16:52 - [TEST_STEP][PASSED] - Statement - G_SplitOrderAmt2 = G_OrderAmt - 2: null

2017-12-05 15:16:52 - [TEST_STEP][PASSED] - Statement - println(G_SplitOrderAmt1): null

2017-12-05 15:16:52 - [TEST_STEP][PASSED] - Statement - println(G_SplitOrderAmt2): null

2017-12-05 15:16:52 - [TEST_STEP][PASSED] - delay: Delayed 2 second(s)

2017-12-05 15:16:54 - [MESSAGE][PASSED] - Delayed 2 second(s)

2017-12-05 15:16:54 - [TEST_STEP][PASSED] - comment: *********Line 1: Credit Card Started***********************

2017-12-05 15:16:54 - [TEST_STEP][PASSED] - click: Object: 'Object Repository/Parts/PartsSalesOrder/PartSalesOrder_CCInterface/SplitPayment/Page_Infor LN UI (1)/CCInterface_Split_New' is clicked on

2017-12-05 15:16:55 - [MESSAGE][PASSED] - Object: 'Object Repository/Parts/PartsSalesOrder/PartSalesOrder_CCInterface/SplitPayment/Page_Infor LN UI (1)/CCInterface_Split_New' is clicked on

2017-12-05 15:16:55 - [TEST_STEP][PASSED] - delay: Delayed 2 second(s)

2017-12-05 15:16:57 - [MESSAGE][PASSED] - Delayed 2 second(s)

2017-12-05 15:16:57 - [TEST_STEP][PASSED] - click: Object: 'Object Repository/Parts/PartsSalesOrder/PartSalesOrder_CCInterface/SplitPayment/Page_Infor LN UI (1)/CC_Interface_Split_CC1_add' is clicked on

2017-12-05 15:16:57 - [MESSAGE][PASSED] - Object: 'Object Repository/Parts/PartsSalesOrder/PartSalesOrder_CCInterface/SplitPayment/Page_Infor LN UI (1)/CC_Interface_Split_CC1_add' is clicked on

2017-12-05 15:16:57 - [TEST_STEP][PASSED] - delay: Delayed 2 second(s)

2017-12-05 15:16:59 - [MESSAGE][PASSED] - Delayed 2 second(s)

2017-12-05 15:16:59 - [TEST_STEP][PASSED] - sendKeys: Keys '5100270000000007' sent to object: 'Object Repository/Parts/PartsSalesOrder/PartSalesOrder_CCInterface/SplitPayment/Page_Infor LN UI (1)/CC_Interface_Split_CC1_add'

2017-12-05 15:16:59 - [MESSAGE][PASSED] - Keys '5100270000000007' sent to object: 'Object Repository/Parts/PartsSalesOrder/PartSalesOrder_CCInterface/SplitPayment/Page_Infor LN UI (1)/CC_Interface_Split_CC1_add'

2017-12-05 15:16:59 - [TEST_STEP][PASSED] - click: Object: 'Object Repository/Parts/PartsSalesOrder/PartSalesOrder_CCInterface/SplitPayment/Page_Infor LN UI (1)/CCInterface_Split_CVV1_add' is clicked on

2017-12-05 15:16:59 - [MESSAGE][PASSED] - Object: 'Object Repository/Parts/PartsSalesOrder/PartSalesOrder_CCInterface/SplitPayment/Page_Infor LN UI (1)/CCInterface_Split_CVV1_add' is clicked on

2017-12-05 15:16:59 - [TEST_STEP][PASSED] - delay: Delayed 2 second(s)

2017-12-05 15:17:01 - [MESSAGE][PASSED] - Delayed 2 second(s)

2017-12-05 15:17:01 - [TEST_STEP][PASSED] - sendKeys: Keys '456' sent to object: 'Object Repository/Parts/PartsSalesOrder/PartSalesOrder_CCInterface/SplitPayment/Page_Infor LN UI (1)/CCInterface_Split_CVV1_add'

2017-12-05 15:17:02 - [MESSAGE][PASSED] - Keys '456' sent to object: 'Object Repository/Parts/PartsSalesOrder/PartSalesOrder_CCInterface/SplitPayment/Page_Infor LN UI (1)/CCInterface_Split_CVV1_add'

2017-12-05 15:17:02 - [TEST_STEP][NOT_RUN] - scrollToElement: NOT_RUN: scrollToElement

2017-12-05 15:17:02 - [MESSAGE][NOT_RUN] - NOT_RUN: scrollToElement

2017-12-05 15:17:02 - [TEST_STEP][PASSED] - click: Object: 'Object Repository/Parts/PartsSalesOrder/PartSalesOrder_CCInterface/SplitPayment/Page_Infor LN UI (1)/CCInterface_Split_Order1_add' is clicked on

2017-12-05 15:17:02 - [MESSAGE][PASSED] - Object: 'Object Repository/Parts/PartsSalesOrder/PartSalesOrder_CCInterface/SplitPayment/Page_Infor LN UI (1)/CCInterface_Split_Order1_add' is clicked on

2017-12-05 15:17:02 - [TEST_STEP][PASSED] - delay: Delayed 2 second(s)

2017-12-05 15:17:04 - [MESSAGE][PASSED] - Delayed 2 second(s)

2017-12-05 15:17:04 - [TEST_STEP][PASSED] - sendKeys: Keys '1.00' sent to object: 'Object Repository/Parts/PartsSalesOrder/PartSalesOrder_CCInterface/SplitPayment/Page_Infor LN UI (1)/CCInterface_Split_Order1_add'

2017-12-05 15:17:04 - [MESSAGE][PASSED] - Keys '1.00' sent to object: 'Object Repository/Parts/PartsSalesOrder/PartSalesOrder_CCInterface/SplitPayment/Page_Infor LN UI (1)/CCInterface_Split_Order1_add'

2017-12-05 15:17:04 - [TEST_STEP][PASSED] - click: Object: 'Object Repository/Parts/PartsSalesOrder/PartSalesOrder_CCInterface/SplitPayment/Page_Infor LN UI (1)/CCInterface_Split_Save' is clicked on

2017-12-05 15:17:04 - [MESSAGE][PASSED] - Object: 'Object Repository/Parts/PartsSalesOrder/PartSalesOrder_CCInterface/SplitPayment/Page_Infor LN UI (1)/CCInterface_Split_Save' is clicked on

2017-12-05 15:17:04 - [TEST_STEP][PASSED] - comment: *********Line 2: Credit Card Started***********************

2017-12-05 15:17:04 - [TEST_STEP][PASSED] - click: Object: 'Object Repository/Parts/PartsSalesOrder/PartSalesOrder_CCInterface/SplitPayment/Page_Infor LN UI (1)/CCInterface_Split_New' is clicked on

2017-12-05 15:17:04 - [MESSAGE][PASSED] - Object: 'Object Repository/Parts/PartsSalesOrder/PartSalesOrder_CCInterface/SplitPayment/Page_Infor LN UI (1)/CCInterface_Split_New' is clicked on

2017-12-05 15:17:04 - [TEST_STEP][PASSED] - delay: Delayed 2 second(s)

2017-12-05 15:17:06 - [MESSAGE][PASSED] - Delayed 2 second(s)

2017-12-05 15:17:06 - [TEST_STEP][PASSED] - click: Object: 'Object Repository/Parts/PartsSalesOrder/PartSalesOrder_CCInterface/SplitPayment/Page_Infor LN UI (1)/CCInterface_Split_CC2add' is clicked on

2017-12-05 15:17:07 - [MESSAGE][PASSED] - Object: 'Object Repository/Parts/PartsSalesOrder/PartSalesOrder_CCInterface/SplitPayment/Page_Infor LN UI (1)/CCInterface_Split_CC2add' is clicked on

2017-12-05 15:17:07 - [TEST_STEP][PASSED] - delay: Delayed 2 second(s)

2017-12-05 15:17:09 - [MESSAGE][PASSED] - Delayed 2 second(s)

2017-12-05 15:17:09 - [TEST_STEP][PASSED] - setText: Text '5021230000000007' is set on object 'Object Repository/Parts/PartsSalesOrder/PartSalesOrder_CCInterface/SplitPayment/Page_Infor LN UI (1)/CCInterface_Split_CC2add'

2017-12-05 15:17:09 - [MESSAGE][PASSED] - Text '5021230000000007' is set on object 'Object Repository/Parts/PartsSalesOrder/PartSalesOrder_CCInterface/SplitPayment/Page_Infor LN UI (1)/CCInterface_Split_CC2add'

2017-12-05 15:17:09 - [TEST_STEP][PASSED] - delay: Delayed 2 second(s)

2017-12-05 15:17:11 - [MESSAGE][PASSED] - Delayed 2 second(s)

2017-12-05 15:17:11 - [TEST_STEP][PASSED] - click: Object: 'Object Repository/Parts/PartsSalesOrder/PartSalesOrder_CCInterface/SplitPayment/Page_Infor LN UI (1)/CCInterface_Split_CVV2add' is clicked on

2017-12-05 15:17:11 - [MESSAGE][PASSED] - Object: 'Object Repository/Parts/PartsSalesOrder/PartSalesOrder_CCInterface/SplitPayment/Page_Infor LN UI (1)/CCInterface_Split_CVV2add' is clicked on

2017-12-05 15:17:11 - [TEST_STEP][PASSED] - delay: Delayed 2 second(s)

2017-12-05 15:17:13 - [MESSAGE][PASSED] - Delayed 2 second(s)

2017-12-05 15:17:13 - [TEST_STEP][PASSED] - setText: Text '214' is set on object 'Object Repository/Parts/PartsSalesOrder/PartSalesOrder_CCInterface/SplitPayment/Page_Infor LN UI (1)/CCInterface_Split_CVV2add'

2017-12-05 15:17:13 - [MESSAGE][PASSED] - Text '214' is set on object 'Object Repository/Parts/PartsSalesOrder/PartSalesOrder_CCInterface/SplitPayment/Page_Infor LN UI (1)/CCInterface_Split_CVV2add'

2017-12-05 15:17:13 - [TEST_STEP][PASSED] - click: Object: 'Object Repository/Parts/PartsSalesOrder/PartSalesOrder_CCInterface/SplitPayment/Page_Infor LN UI (1)/CCInterface_Split_CardType2' is clicked on

2017-12-05 15:17:14 - [MESSAGE][PASSED] - Object: 'Object Repository/Parts/PartsSalesOrder/PartSalesOrder_CCInterface/SplitPayment/Page_Infor LN UI (1)/CCInterface_Split_CardType2' is clicked on

2017-12-05 15:17:14 - [TEST_STEP][PASSED] - click: Object: 'Object Repository/Parts/PartsSalesOrder/PartSalesOrder_CCInterface/SplitPayment/Page_Infor LN UI (1)/CCInterface_Split_Name2' is clicked on

2017-12-05 15:17:14 - [MESSAGE][PASSED] - Object: 'Object Repository/Parts/PartsSalesOrder/PartSalesOrder_CCInterface/SplitPayment/Page_Infor LN UI (1)/CCInterface_Split_Name2' is clicked on

2017-12-05 15:17:14 - [TEST_STEP][PASSED] - delay: Delayed 2 second(s)

2017-12-05 15:17:16 - [MESSAGE][PASSED] - Delayed 2 second(s)

2017-12-05 15:17:16 - [TEST_STEP][PASSED] - setText: Text 'Test' is set on object 'Object Repository/Parts/PartsSalesOrder/PartSalesOrder_CCInterface/SplitPayment/Page_Infor LN UI (1)/CCInterface_Split_Name2'

2017-12-05 15:17:16 - [MESSAGE][PASSED] - Text 'Test' is set on object 'Object Repository/Parts/PartsSalesOrder/PartSalesOrder_CCInterface/SplitPayment/Page_Infor LN UI (1)/CCInterface_Split_Name2'

2017-12-05 15:17:16 - [TEST_STEP][PASSED] - click: Object: 'Object Repository/Parts/PartsSalesOrder/PartSalesOrder_CCInterface/SplitPayment/Page_Infor LN UI (1)/CCInterface_Split_Month2' is clicked on

2017-12-05 15:17:16 - [MESSAGE][PASSED] - Object: 'Object Repository/Parts/PartsSalesOrder/PartSalesOrder_CCInterface/SplitPayment/Page_Infor LN UI (1)/CCInterface_Split_Month2' is clicked on

2017-12-05 15:17:16 - [TEST_STEP][PASSED] - delay: Delayed 2 second(s)

2017-12-05 15:17:18 - [MESSAGE][PASSED] - Delayed 2 second(s)

2017-12-05 15:17:18 - [TEST_STEP][PASSED] - setText: Text '09' is set on object 'Object Repository/Parts/PartsSalesOrder/PartSalesOrder_CCInterface/SplitPayment/Page_Infor LN UI (1)/CCInterface_Split_Month2'

2017-12-05 15:17:19 - [MESSAGE][PASSED] - Text '09' is set on object 'Object Repository/Parts/PartsSalesOrder/PartSalesOrder_CCInterface/SplitPayment/Page_Infor LN UI (1)/CCInterface_Split_Month2'

2017-12-05 15:17:19 - [TEST_STEP][PASSED] - click: Object: 'Object Repository/Parts/PartsSalesOrder/PartSalesOrder_CCInterface/SplitPayment/Page_Infor LN UI (1)/CCInterface_Split_Year2' is clicked on

2017-12-05 15:17:19 - [MESSAGE][PASSED] - Object: 'Object Repository/Parts/PartsSalesOrder/PartSalesOrder_CCInterface/SplitPayment/Page_Infor LN UI (1)/CCInterface_Split_Year2' is clicked on

2017-12-05 15:17:19 - [TEST_STEP][PASSED] - delay: Delayed 2 second(s)

2017-12-05 15:17:21 - [MESSAGE][PASSED] - Delayed 2 second(s)

2017-12-05 15:17:21 - [TEST_STEP][PASSED] - setText: Text '99' is set on object 'Object Repository/Parts/PartsSalesOrder/PartSalesOrder_CCInterface/SplitPayment/Page_Infor LN UI (1)/CCInterface_Split_Year2'

2017-12-05 15:17:21 - [MESSAGE][PASSED] - Text '99' is set on object 'Object Repository/Parts/PartsSalesOrder/PartSalesOrder_CCInterface/SplitPayment/Page_Infor LN UI (1)/CCInterface_Split_Year2'

2017-12-05 15:17:21 - [TEST_STEP][PASSED] - click: Object: 'Object Repository/Parts/PartsSalesOrder/PartSalesOrder_CCInterface/SplitPayment/Page_Infor LN UI (1)/CCInterface_Split_Order2add' is clicked on

2017-12-05 15:17:21 - [MESSAGE][PASSED] - Object: 'Object Repository/Parts/PartsSalesOrder/PartSalesOrder_CCInterface/SplitPayment/Page_Infor LN UI (1)/CCInterface_Split_Order2add' is clicked on

2017-12-05 15:17:21 - [TEST_STEP][PASSED] - delay: Delayed 2 second(s)

2017-12-05 15:17:23 - [MESSAGE][PASSED] - Delayed 2 second(s)

2017-12-05 15:17:23 - [TEST_STEP][PASSED] - setText: Text '1.00' is set on object 'Object Repository/Parts/PartsSalesOrder/PartSalesOrder_CCInterface/SplitPayment/Page_Infor LN UI (1)/CCInterface_Split_Order2add'

2017-12-05 15:17:24 - [MESSAGE][PASSED] - Text '1.00' is set on object 'Object Repository/Parts/PartsSalesOrder/PartSalesOrder_CCInterface/SplitPayment/Page_Infor LN UI (1)/CCInterface_Split_Order2add'

2017-12-05 15:17:24 - [TEST_STEP][PASSED] - click: Object: 'Object Repository/Parts/PartsSalesOrder/PartSalesOrder_CCInterface/SplitPayment/Page_Infor LN UI (1)/CCInterface_Split_Save' is clicked on

2017-12-05 15:17:24 - [MESSAGE][PASSED] - Object: 'Object Repository/Parts/PartsSalesOrder/PartSalesOrder_CCInterface/SplitPayment/Page_Infor LN UI (1)/CCInterface_Split_Save' is clicked on

2017-12-05 15:17:24 - [TEST_STEP][PASSED] - comment: *********Line 3: Cash Started***********************

2017-12-05 15:17:24 - [TEST_STEP][PASSED] - click: Object: 'Object Repository/Parts/PartsSalesOrder/PartSalesOrder_CCInterface/SplitPayment/Page_Infor LN UI (1)/CCInterface_Split_New' is clicked on

2017-12-05 15:17:24 - [MESSAGE][PASSED] - Object: 'Object Repository/Parts/PartsSalesOrder/PartSalesOrder_CCInterface/SplitPayment/Page_Infor LN UI (1)/CCInterface_Split_New' is clicked on

2017-12-05 15:17:24 - [TEST_STEP][PASSED] - delay: Delayed 2 second(s)

2017-12-05 15:17:26 - [MESSAGE][PASSED] - Delayed 2 second(s)

2017-12-05 15:17:26 - [TEST_STEP][PASSED] - click: Object: 'Object Repository/Parts/PartsSalesOrder/PartSalesOrder_CCInterface/SplitPayment/Line3_Cash/Split_3_ModeOfPayment' is clicked on

2017-12-05 15:17:26 - [MESSAGE][PASSED] - Object: 'Object Repository/Parts/PartsSalesOrder/PartSalesOrder_CCInterface/SplitPayment/Line3_Cash/Split_3_ModeOfPayment' is clicked on

2017-12-05 15:17:26 - [TEST_STEP][PASSED] - click: Object: 'Object Repository/Parts/PartsSalesOrder/PartSalesOrder_CCInterface/SplitPayment/Line3_Cash/Split_3_Cashoption' is clicked on

2017-12-05 15:17:27 - [MESSAGE][PASSED] - Object: 'Object Repository/Parts/PartsSalesOrder/PartSalesOrder_CCInterface/SplitPayment/Line3_Cash/Split_3_Cashoption' is clicked on

2017-12-05 15:17:27 - [TEST_STEP][PASSED] - click: Object: 'Object Repository/Parts/PartsSalesOrder/PartSalesOrder_CCInterface/SplitPayment/Line3_Cash/Split_3_OrderAmt' is clicked on

2017-12-05 15:17:27 - [MESSAGE][PASSED] - Object: 'Object Repository/Parts/PartsSalesOrder/PartSalesOrder_CCInterface/SplitPayment/Line3_Cash/Split_3_OrderAmt' is clicked on

2017-12-05 15:17:27 - [TEST_STEP][PASSED] - delay: Delayed 2 second(s)

2017-12-05 15:17:29 - [MESSAGE][PASSED] - Delayed 2 second(s)

2017-12-05 15:17:29 - [TEST_STEP][PASSED] - setText: Text '18.66' is set on object 'Object Repository/Parts/PartsSalesOrder/PartSalesOrder_CCInterface/SplitPayment/Line3_Cash/Split_3_OrderAmt'

2017-12-05 15:17:29 - [MESSAGE][PASSED] - Text '18.66' is set on object 'Object Repository/Parts/PartsSalesOrder/PartSalesOrder_CCInterface/SplitPayment/Line3_Cash/Split_3_OrderAmt'

2017-12-05 15:17:29 - [TEST_STEP][PASSED] - click: Object: 'Object Repository/Parts/PartsSalesOrder/PartSalesOrder_CCInterface/SplitPayment/Page_Infor LN UI (1)/CCInterface_Split_Save' is clicked on

2017-12-05 15:17:29 - [MESSAGE][PASSED] - Object: 'Object Repository/Parts/PartsSalesOrder/PartSalesOrder_CCInterface/SplitPayment/Page_Infor LN UI (1)/CCInterface_Split_Save' is clicked on

2017-12-05 15:17:29 - [TEST_STEP][PASSED] - click: Object: 'Object Repository/Parts/PartsSalesOrder/PartSalesOrder_CCInterface/SplitPayment/Spilt_Action' is clicked on

2017-12-05 15:17:30 - [MESSAGE][PASSED] - Object: 'Object Repository/Parts/PartsSalesOrder/PartSalesOrder_CCInterface/SplitPayment/Spilt_Action' is clicked on

2017-12-05 15:17:30 - [TEST_STEP][PASSED] - click: Object: 'Object Repository/Parts/PartsSalesOrder/PartSalesOrder_CCInterface/SplitPayment/Split_ApplyTax' is clicked on

2017-12-05 15:17:30 - [MESSAGE][PASSED] - Object: 'Object Repository/Parts/PartsSalesOrder/PartSalesOrder_CCInterface/SplitPayment/Split_ApplyTax' is clicked on

2017-12-05 15:17:30 - [TEST_STEP][PASSED] - delay: Delayed 5 second(s)

2017-12-05 15:17:35 - [MESSAGE][PASSED] - Delayed 5 second(s)

2017-12-05 15:17:35 - [TEST_STEP][PASSED] - click: Object: 'Object Repository/Parts/PartsSalesOrder/PartSalesOrder_CCInterface/SplitPayment/Page_Infor LN UI (1)/Split_Scrollup' is clicked on

2017-12-05 15:17:35 - [MESSAGE][PASSED] - Object: 'Object Repository/Parts/PartsSalesOrder/PartSalesOrder_CCInterface/SplitPayment/Page_Infor LN UI (1)/Split_Scrollup' is clicked on

2017-12-05 15:17:35 - [TEST_STEP][PASSED] - scrollToElement: Scroll to object 'Object Repository/Parts/PartsSalesOrder/PartSalesOrder_CCInterface/SplitPayment/Page_Infor LN UI (1)/Split_InvoiceAmt1' successfully

2017-12-05 15:17:36 - [MESSAGE][PASSED] - Scroll to object 'Object Repository/Parts/PartsSalesOrder/PartSalesOrder_CCInterface/SplitPayment/Page_Infor LN UI (1)/Split_InvoiceAmt1' successfully

2017-12-05 15:17:36 - [TEST_STEP][PASSED] - Statement - G_SplitInvoiceAmt1 = com.kms.katalon.core.webui.keyword.WebUiBuiltInKeywords.getText(com.kms.katalon.core.testobject.ObjectRepository.findTestObject(Parts/PartsSalesOrder/PartSalesOrder_CCInterface/SplitPayment/Page_Infor LN UI (1)/Split_InvoiceAmt1)): Text of object 'Object Repository/Parts/PartsSalesOrder/PartSalesOrder_CCInterface/SplitPayment/Page_Infor LN UI (1)/Split_InvoiceAmt1' is: '1.00'

2017-12-05 15:17:36 - [MESSAGE][PASSED] - Text of object 'Object Repository/Parts/PartsSalesOrder/PartSalesOrder_CCInterface/SplitPayment/Page_Infor LN UI (1)/Split_InvoiceAmt1' is: '1.00'

2017-12-05 15:17:36 - [TEST_STEP][PASSED] - scrollToElement: Scroll to object 'Object Repository/Parts/PartsSalesOrder/PartSalesOrder_CCInterface/SplitPayment/Page_Infor LN UI (1)/Split_InvoiceAmt2' successfully

2017-12-05 15:17:36 - [MESSAGE][PASSED] - Scroll to object 'Object Repository/Parts/PartsSalesOrder/PartSalesOrder_CCInterface/SplitPayment/Page_Infor LN UI (1)/Split_InvoiceAmt2' successfully

2017-12-05 15:17:36 - [TEST_STEP][PASSED] - Statement - G_SplitInvoiceAmt2 = com.kms.katalon.core.webui.keyword.WebUiBuiltInKeywords.getText(com.kms.katalon.core.testobject.ObjectRepository.findTestObject(Parts/PartsSalesOrder/PartSalesOrder_CCInterface/SplitPayment/Page_Infor LN UI (1)/Split_InvoiceAmt2)): Text of object 'Object Repository/Parts/PartsSalesOrder/PartSalesOrder_CCInterface/SplitPayment/Page_Infor LN UI (1)/Split_InvoiceAmt2' is: '18.66'

2017-12-05 15:17:36 - [MESSAGE][PASSED] - Text of object 'Object Repository/Parts/PartsSalesOrder/PartSalesOrder_CCInterface/SplitPayment/Page_Infor LN UI (1)/Split_InvoiceAmt2' is: '18.66'

2017-12-05 15:17:36 - [TEST_STEP][PASSED] - delay: Delayed 5 second(s)

2017-12-05 15:17:41 - [MESSAGE][PASSED] - Delayed 5 second(s)

2017-12-05 15:17:41 - [TEST_STEP][PASSED] - click: Object: 'Object Repository/Parts/PartsSalesOrder/PartSalesOrder_CCInterface/SplitPayment/Split_SaveNclose' is clicked on

2017-12-05 15:17:41 - [MESSAGE][PASSED] - Object: 'Object Repository/Parts/PartsSalesOrder/PartSalesOrder_CCInterface/SplitPayment/Split_SaveNclose' is clicked on

2017-12-05 15:17:41 - [TEST_STEP][PASSED] - click: Object: 'Object Repository/Parts/PartsSalesOrder/PartSalesOrder_CCInterface/CCInterface_Process' is clicked on

2017-12-05 15:17:41 - [MESSAGE][PASSED] - Object: 'Object Repository/Parts/PartsSalesOrder/PartSalesOrder_CCInterface/CCInterface_Process' is clicked on

2017-12-05 15:17:41 - [TEST_STEP][PASSED] - waitForElementPresent: Object 'Object Repository/Parts/PartsSalesOrder/PartsSaleOrderHeader/PartSaleOrder_InvoiceRptDeviceSplit' is not present after 20 second(s)

2017-12-05 15:18:04 - [MESSAGE][WARNING] - Object 'Object Repository/Parts/PartsSalesOrder/PartsSaleOrderHeader/PartSaleOrder_InvoiceRptDeviceSplit' is not present after 20 second(s)

2017-12-05 15:18:04 - [TEST_STEP][FAILED] - setText: Unable to set text 'D' of object 'Object Repository/Parts/PartsSalesOrder/PartsSaleOrderHeader/PartSaleOrder_InvoiceRptDeviceSplit' (Root cause: com.kms.katalon.core.webui.exception.WebElementNotFoundException: Web element with id: 'Object Repository/Parts/PartsSalesOrder/PartsSaleOrderHeader/PartSaleOrder_InvoiceRptDeviceSplit' located by 'By.xpath: //*[@id = 'ttstpsplopen-7-devc-1-lookup-widget']' not found)

2017-12-05 15:18:37 - [MESSAGE][FAILED] - Unable to set text 'D' of object 'Object Repository/Parts/PartsSalesOrder/PartsSaleOrderHeader/PartSaleOrder_InvoiceRptDeviceSplit' (Root cause: com.kms.katalon.core.webui.exception.WebElementNotFoundException: Web element with id: 'Object Repository/Parts/PartsSalesOrder/PartsSaleOrderHeader/PartSaleOrder_InvoiceRptDeviceSplit' located by 'By.xpath: //*[@id = 'ttstpsplopen-7-devc-1-lookup-widget']' not found)
[[ATTACHMENT|C:\\Users\\rgajbhiye\\git\\CreditCard\\Reports\\Proxima\\CC_PartsTestSuite\\20171205_151030\\1512467317371.png]]

2017-12-05 15:18:37 - [TEST_STEP][FAILED] - click: Unable to click on object 'Object Repository/Parts/PartsSalesOrder/PartsSaleOrderHeader/PartSaleOrder_InvoiceRptContinueSplit' (Root cause: com.kms.katalon.core.webui.exception.WebElementNotFoundException: Web element with id: 'Object Repository/Parts/PartsSalesOrder/PartsSaleOrderHeader/PartSaleOrder_InvoiceRptContinueSplit' located by 'By.xpath: //*[@id = 'ttstpsplopen-7-button-form-exec.cont.process']' not found)

2017-12-05 15:19:11 - [MESSAGE][FAILED] - Unable to click on object 'Object Repository/Parts/PartsSalesOrder/PartsSaleOrderHeader/PartSaleOrder_InvoiceRptContinueSplit' (Root cause: com.kms.katalon.core.webui.exception.WebElementNotFoundException: Web element with id: 'Object Repository/Parts/PartsSalesOrder/PartsSaleOrderHeader/PartSaleOrder_InvoiceRptContinueSplit' located by 'By.xpath: //*[@id = 'ttstpsplopen-7-button-form-exec.cont.process']' not found)
[[ATTACHMENT|C:\\Users\\rgajbhiye\\git\\CreditCard\\Reports\\Proxima\\CC_PartsTestSuite\\20171205_151030\\1512467351198.png]]

2017-12-05 15:19:11 - [TEST_STEP][PASSED] - delay: Delayed 10 second(s)

2017-12-05 15:19:21 - [MESSAGE][PASSED] - Delayed 10 second(s)

2017-12-05 15:19:21 - [MESSAGE][FAILED] - Unable to call Test Case with id 'Test Cases/Parts/BaseTestCases/Base_Part_PickPacknInvoiceWithCCSplitPayment' (Root cause: Call Test Case 'Test Cases/Parts/BaseTestCases/Base_Part_PickPacknInvoiceWithCCSplitPayment' failed)]]></system-out>
         <system-err><![CDATA[2017-12-05 15:15:11 - [TEST_CASE][FAILED] - Test Cases/Parts/CreditCardRegression/TC002_Parts_CreditCard - Iteration 2: Test Cases/Parts/CreditCardRegression/TC002_Parts_CreditCard FAILED because (of) Unable to set text 'D' of object 'Object Repository/Parts/PartsSalesOrder/PartsSaleOrderHeader/PartSaleOrder_InvoiceRptDeviceSplit' (Root cause: com.kms.katalon.core.webui.exception.WebElementNotFoundException: Web element with id: 'Object Repository/Parts/PartsSalesOrder/PartsSaleOrderHeader/PartSaleOrder_InvoiceRptDeviceSplit' located by 'By.xpath: //*[@id = 'ttstpsplopen-7-devc-1-lookup-widget']' not found)]]></system-err>
      </testcase>
      <system-out><![CDATA[2017-12-05 15:10:38 - [TEST_SUITE][FAILED] - CC_PartsTestSuite: Test Cases/Parts/CreditCardRegression/TC002_Parts_CreditCard FAILED because (of) Unable to set text 'D' of object 'Object Repository/Parts/PartsSalesOrder/PartsSaleOrderHeader/PartSaleOrder_InvoiceRptDeviceSplit' (Root cause: com.kms.katalon.core.webui.exception.WebElementNotFoundException: Web element with id: 'Object Repository/Parts/PartsSalesOrder/PartsSaleOrderHeader/PartSaleOrder_InvoiceRptDeviceSplit' located by 'By.xpath: //*[@id = 'ttstpsplopen-7-devc-1-lookup-widget']' not found)]]></system-out>
      <system-err><![CDATA[2017-12-05 15:10:38 - [TEST_SUITE][FAILED] - CC_PartsTestSuite: Test Cases/Parts/CreditCardRegression/TC002_Parts_CreditCard FAILED because (of) Unable to set text 'D' of object 'Object Repository/Parts/PartsSalesOrder/PartsSaleOrderHeader/PartSaleOrder_InvoiceRptDeviceSplit' (Root cause: com.kms.katalon.core.webui.exception.WebElementNotFoundException: Web element with id: 'Object Repository/Parts/PartsSalesOrder/PartsSaleOrderHeader/PartSaleOrder_InvoiceRptDeviceSplit' located by 'By.xpath: //*[@id = 'ttstpsplopen-7-devc-1-lookup-widget']' not found)]]></system-err>
   </testsuite>
</testsuites>
