<?xml version="1.0" encoding="UTF-8"?>
<testsuites name="CC_ServiceSplitTendetTestSuite" time="418" tests="0" failures="1" errors="0">
   <testsuite name="CC_ServiceSplitTendetTestSuite" tests="0" failures="1" errors="0" time="418" timestamp="2017-11-08 18:41:48" hostname="agawhande - ANIL110.e-emphasys.com" id="Test Suites/CC_ServiceSplitTendetTestSuite">
      <properties>
         <property name="deviceName" value=""/>
         <property name="devicePlatform" value=""/>
         <property name="logFolder" value="C:\\Users\\agawhande\\git\\CreditCard\\Reports\\CC_ServiceSplitTendetTestSuite\\20171108_184140"/>
         <property name="logFiles" value="C:\\Users\\agawhande\\git\\CreditCard\\Reports\\CC_ServiceSplitTendetTestSuite\\20171108_184140\\execution0.log"/>
         <property name="attachments" value=""/>
         <property name="hostName" value="agawhande - ANIL110.e-emphasys.com"/>
         <property name="os" value="Windows 7 64bit"/>
         <property name="katalonVersion" value="4.8.0.2"/>
         <property name="browser" value="Firefox 56.0"/>
         <property name="hostAddress" value="192.168.25.228"/>
         <property name="sessionId" value="ad0de5b4-bba9-4f60-93a5-c3f2f406073d"/>
         <property name="seleniumVersion" value="unknown"/>
         <property name="proxyInformation" value="ProxyInformation{proxyOption=NO_PROXY, proxyServerType=, password=, proxyServerAddress=, proxyServerPort=0}"/>
         <property name="platform" value="Windows 7"/>
      </properties>
      <testcase name="Test Cases/Service/CreditCardRegression/TC002_Service_CreditCardSplitTender - Iteration 1" classname="Test Cases/Service/CreditCardRegression/TC002_Service_CreditCardSplitTender" status="FAILED">
         <failure type="FAILED" message="Test Cases/Service/CreditCardRegression/TC002_Service_CreditCardSplitTender FAILED because (of) Unable to verify equal between actual object '900.00' and expected object '1.00' (Root cause: Actual object '900.00' and expected object '1.00' are not equal)"/>
         <system-out><![CDATA[2017-11-08 18:41:48 - [TEST_CASE][FAILED] - Test Cases/Service/CreditCardRegression/TC002_Service_CreditCardSplitTender - Iteration 1: Test Cases/Service/CreditCardRegression/TC002_Service_CreditCardSplitTender FAILED because (of) Unable to verify equal between actual object '900.00' and expected object '1.00' (Root cause: Actual object '900.00' and expected object '1.00' are not equal)

2017-11-08 18:41:49 - [TEST_STEP][PASSED] - callTestCase: Call Test Case 'Test Cases/Service/BaseTestCases/Base_Service_CreateHeader' successfully

2017-11-08 18:41:49 - [TEST_CASE][PASSED] - Test Cases/Service/BaseTestCases/Base_Service_CreateHeader: Test Cases/Service/BaseTestCases/Base_Service_CreateHeader

2017-11-08 18:41:50 - [TEST_STEP][PASSED] - callTestCase: Call Test Case 'Test Cases/Common/Base_Common_OpenSession' successfully

2017-11-08 18:41:50 - [TEST_CASE][PASSED] - Test Cases/Common/Base_Common_OpenSession: Test Cases/Common/Base_Common_OpenSession

2017-11-08 18:41:50 - [TEST_STEP][PASSED] - openBrowser: Browser is opened with url: 'https://rgajbhiye:Robin$123@proxima-ln4.e-emphasys.com:8441/webui/servlet/login'

2017-11-08 18:42:21 - [MESSAGE][PASSED] - Browser is opened with url: 'https://rgajbhiye:Robin$123@proxima-ln4.e-emphasys.com:8441/webui/servlet/login'

2017-11-08 18:42:21 - [TEST_STEP][PASSED] - waitForPageLoad: Wait for page load successfully

2017-11-08 18:42:23 - [MESSAGE][PASSED] - Wait for page load successfully

2017-11-08 18:42:23 - [TEST_STEP][PASSED] - maximizeWindow: Current window maximized

2017-11-08 18:42:23 - [MESSAGE][PASSED] - Current window maximized

2017-11-08 18:42:23 - [TEST_STEP][PASSED] - click: Object: 'Object Repository/Common/HomePage/HomePage_more' is clicked on

2017-11-08 18:42:25 - [MESSAGE][PASSED] - Object: 'Object Repository/Common/HomePage/HomePage_more' is clicked on

2017-11-08 18:42:25 - [TEST_STEP][PASSED] - click: Object: 'Object Repository/Common/HomePage/HomePage_Option' is clicked on

2017-11-08 18:42:25 - [MESSAGE][PASSED] - Object: 'Object Repository/Common/HomePage/HomePage_Option' is clicked on

2017-11-08 18:42:25 - [TEST_STEP][PASSED] - click: Object: 'Object Repository/Common/HomePage/HomePage_RunProgram_' is clicked on

2017-11-08 18:42:26 - [MESSAGE][PASSED] - Object: 'Object Repository/Common/HomePage/HomePage_RunProgram_' is clicked on

2017-11-08 18:42:26 - [TEST_STEP][PASSED] - sendKeys: Keys 'tssoc2100m001' sent to object: 'Object Repository/Common/HomePage/HomePage_Session_ID'

2017-11-08 18:42:26 - [MESSAGE][PASSED] - Keys 'tssoc2100m001' sent to object: 'Object Repository/Common/HomePage/HomePage_Session_ID'

2017-11-08 18:42:26 - [TEST_STEP][PASSED] - click: Object: 'Object Repository/Common/HomePage/HomePage_OkButton' is clicked on

2017-11-08 18:42:27 - [MESSAGE][PASSED] - Object: 'Object Repository/Common/HomePage/HomePage_OkButton' is clicked on

2017-11-08 18:42:27 - [MESSAGE][PASSED] - Call Test Case 'Test Cases/Common/Base_Common_OpenSession' successfully

2017-11-08 18:42:27 - [TEST_STEP][PASSED] - click: Object: 'Object Repository/Service/ServiceOrder/ServiceOrderHeader/ServiceOrderHeader.Newbutton' is clicked on

2017-11-08 18:42:30 - [MESSAGE][PASSED] - Object: 'Object Repository/Service/ServiceOrder/ServiceOrderHeader/ServiceOrderHeader.Newbutton' is clicked on

2017-11-08 18:42:30 - [TEST_STEP][PASSED] - delay: Delayed 3 second(s)

2017-11-08 18:42:33 - [MESSAGE][PASSED] - Delayed 3 second(s)

2017-11-08 18:42:33 - [TEST_STEP][PASSED] - setText: Text 'M00000182' is set on object 'Object Repository/Service/ServiceOrder/ServiceOrderHeader/ServiceOrderHeader.Customer'

2017-11-08 18:42:33 - [MESSAGE][PASSED] - Text 'M00000182' is set on object 'Object Repository/Service/ServiceOrder/ServiceOrderHeader/ServiceOrderHeader.Customer'

2017-11-08 18:42:33 - [TEST_STEP][PASSED] - sendKeys: Keys '' sent to object: 'Object Repository/Service/ServiceOrder/ServiceOrderHeader/ServiceOrderHeader.Customer'

2017-11-08 18:42:33 - [MESSAGE][PASSED] - Keys '' sent to object: 'Object Repository/Service/ServiceOrder/ServiceOrderHeader/ServiceOrderHeader.Customer'

2017-11-08 18:42:33 - [TEST_STEP][PASSED] - delay: Delayed 3 second(s)

2017-11-08 18:42:36 - [MESSAGE][PASSED] - Delayed 3 second(s)

2017-11-08 18:42:36 - [TEST_STEP][PASSED] - setText: Text 'MD0007993' is set on object 'Object Repository/Service/ServiceOrder/ServiceOrderHeader/ServiceOrderHeader.Unit'

2017-11-08 18:42:36 - [MESSAGE][PASSED] - Text 'MD0007993' is set on object 'Object Repository/Service/ServiceOrder/ServiceOrderHeader/ServiceOrderHeader.Unit'

2017-11-08 18:42:36 - [TEST_STEP][PASSED] - click: Object: 'Object Repository/Service/ServiceOrder/ServiceOrderHeader/ServiceOrderHeader.Save' is clicked on

2017-11-08 18:42:37 - [MESSAGE][PASSED] - Object: 'Object Repository/Service/ServiceOrder/ServiceOrderHeader/ServiceOrderHeader.Save' is clicked on

2017-11-08 18:42:37 - [TEST_STEP][PASSED] - click: Object: 'Object Repository/Service/ServiceOrder/ServiceOrderHeader/ServiceOrderHeader.Warning' is clicked on

2017-11-08 18:42:44 - [MESSAGE][PASSED] - Object: 'Object Repository/Service/ServiceOrder/ServiceOrderHeader/ServiceOrderHeader.Warning' is clicked on

2017-11-08 18:42:44 - [TEST_STEP][PASSED] - delay: Delayed 3 second(s)

2017-11-08 18:42:47 - [MESSAGE][PASSED] - Delayed 3 second(s)

2017-11-08 18:42:47 - [TEST_STEP][PASSED] - click: Object: 'Object Repository/Service/ServiceOrder/ServiceOrderHeader/ServiceOrderHeader.PaymentMode' is clicked on

2017-11-08 18:42:47 - [MESSAGE][PASSED] - Object: 'Object Repository/Service/ServiceOrder/ServiceOrderHeader/ServiceOrderHeader.PaymentMode' is clicked on

2017-11-08 18:42:47 - [TEST_STEP][PASSED] - click: Object: 'Object Repository/Service/ServiceOrder/ServiceOrderHeader/ServiceOrderHeader.CreditCardoption' is clicked on

2017-11-08 18:42:47 - [MESSAGE][PASSED] - Object: 'Object Repository/Service/ServiceOrder/ServiceOrderHeader/ServiceOrderHeader.CreditCardoption' is clicked on

2017-11-08 18:42:47 - [TEST_STEP][PASSED] - delay: Delayed 5 second(s)

2017-11-08 18:42:52 - [MESSAGE][PASSED] - Delayed 5 second(s)

2017-11-08 18:42:52 - [TEST_STEP][NOT_RUN] - setText: NOT_RUN: setText

2017-11-08 18:42:52 - [MESSAGE][NOT_RUN] - NOT_RUN: setText

2017-11-08 18:42:52 - [TEST_STEP][PASSED] - click: Object: 'Object Repository/Service/ServiceOrder/ServiceOrderHeader/ServiceOrderHeader.Save' is clicked on

2017-11-08 18:42:52 - [MESSAGE][PASSED] - Object: 'Object Repository/Service/ServiceOrder/ServiceOrderHeader/ServiceOrderHeader.Save' is clicked on

2017-11-08 18:42:52 - [TEST_STEP][PASSED] - delay: Delayed 5 second(s)

2017-11-08 18:42:57 - [MESSAGE][PASSED] - Delayed 5 second(s)

2017-11-08 18:42:57 - [TEST_STEP][PASSED] - Statement - SWOOrderNo = com.kms.katalon.core.webui.keyword.WebUiBuiltInKeywords.getAttribute(com.kms.katalon.core.testobject.ObjectRepository.findTestObject(Service/ServiceOrder/ServiceOrderHeader/ServiceOrderHeader.OrderNo), "value"): Attribute 'value' of object 'Object Repository/Service/ServiceOrder/ServiceOrderHeader/ServiceOrderHeader.OrderNo' is: 'SWO119858'

2017-11-08 18:42:58 - [MESSAGE][PASSED] - Attribute 'value' of object 'Object Repository/Service/ServiceOrder/ServiceOrderHeader/ServiceOrderHeader.OrderNo' is: 'SWO119858'

2017-11-08 18:42:58 - [TEST_STEP][PASSED] - verifyNotEqual: Actual object 'SWO119858' and expected object '' are not equal

2017-11-08 18:42:58 - [MESSAGE][PASSED] - Actual object 'SWO119858' and expected object '' are not equal

2017-11-08 18:42:58 - [TEST_STEP][PASSED] - delay: Delayed 5 second(s)

2017-11-08 18:43:03 - [MESSAGE][PASSED] - Delayed 5 second(s)

2017-11-08 18:43:03 - [TEST_STEP][PASSED] - click: Object: 'Object Repository/Service/ServiceOrder/ServiceOrderHeader/ServiceOrderHeader.Actions' is clicked on

2017-11-08 18:43:03 - [MESSAGE][PASSED] - Object: 'Object Repository/Service/ServiceOrder/ServiceOrderHeader/ServiceOrderHeader.Actions' is clicked on

2017-11-08 18:43:03 - [TEST_STEP][PASSED] - delay: Delayed 3 second(s)

2017-11-08 18:43:06 - [MESSAGE][PASSED] - Delayed 3 second(s)

2017-11-08 18:43:06 - [TEST_STEP][PASSED] - click: Object: 'Object Repository/Service/ServiceOrder/ServiceOrderHeader/ServiceOrderHeader.Segments' is clicked on

2017-11-08 18:43:06 - [MESSAGE][PASSED] - Object: 'Object Repository/Service/ServiceOrder/ServiceOrderHeader/ServiceOrderHeader.Segments' is clicked on

2017-11-08 18:43:06 - [TEST_STEP][PASSED] - delay: Delayed 3 second(s)

2017-11-08 18:43:09 - [MESSAGE][PASSED] - Delayed 3 second(s)

2017-11-08 18:43:09 - [MESSAGE][PASSED] - Call Test Case 'Test Cases/Service/BaseTestCases/Base_Service_CreateHeader' successfully

2017-11-08 18:43:09 - [TEST_STEP][PASSED] - callTestCase: Call Test Case 'Test Cases/Service/BaseTestCases/Base_Service_AddSegment' successfully

2017-11-08 18:43:09 - [TEST_CASE][PASSED] - Test Cases/Service/BaseTestCases/Base_Service_AddSegment: Test Cases/Service/BaseTestCases/Base_Service_AddSegment

2017-11-08 18:43:10 - [TEST_STEP][PASSED] - click: Object: 'Object Repository/Service/ServiceOrder/ServiceOrderSegment/ServiceOrderSegment.ServiceType' is clicked on

2017-11-08 18:43:10 - [MESSAGE][PASSED] - Object: 'Object Repository/Service/ServiceOrder/ServiceOrderSegment/ServiceOrderSegment.ServiceType' is clicked on

2017-11-08 18:43:10 - [TEST_STEP][PASSED] - setText: Text 'ABC' is set on object 'Object Repository/Service/ServiceOrder/ServiceOrderSegment/ServiceOrderSegment.ServiceType'

2017-11-08 18:43:11 - [MESSAGE][PASSED] - Text 'ABC' is set on object 'Object Repository/Service/ServiceOrder/ServiceOrderSegment/ServiceOrderSegment.ServiceType'

2017-11-08 18:43:11 - [TEST_STEP][NOT_RUN] - sendKeys: NOT_RUN: sendKeys

2017-11-08 18:43:11 - [MESSAGE][NOT_RUN] - NOT_RUN: sendKeys

2017-11-08 18:43:11 - [TEST_STEP][PASSED] - delay: Delayed 3 second(s)

2017-11-08 18:43:14 - [MESSAGE][PASSED] - Delayed 3 second(s)

2017-11-08 18:43:14 - [TEST_STEP][PASSED] - click: Object: 'Object Repository/Service/ServiceOrder/ServiceOrderSegment/ServiceOrderSegment.Save' is clicked on

2017-11-08 18:43:14 - [MESSAGE][PASSED] - Object: 'Object Repository/Service/ServiceOrder/ServiceOrderSegment/ServiceOrderSegment.Save' is clicked on

2017-11-08 18:43:14 - [TEST_STEP][PASSED] - delay: Delayed 10 second(s)

2017-11-08 18:43:24 - [MESSAGE][PASSED] - Delayed 10 second(s)

2017-11-08 18:43:24 - [TEST_STEP][PASSED] - click: Object: 'Object Repository/Service/ServiceOrder/ServiceOrderSegment/ServiceOrderSegment.Action' is clicked on

2017-11-08 18:43:24 - [MESSAGE][PASSED] - Object: 'Object Repository/Service/ServiceOrder/ServiceOrderSegment/ServiceOrderSegment.Action' is clicked on

2017-11-08 18:43:24 - [TEST_STEP][PASSED] - delay: Delayed 2 second(s)

2017-11-08 18:43:26 - [MESSAGE][PASSED] - Delayed 2 second(s)

2017-11-08 18:43:26 - [TEST_STEP][PASSED] - click: Object: 'Object Repository/Service/ServiceOrder/ServiceOrderSegment/ServiceOrderSegment.Release' is clicked on

2017-11-08 18:43:26 - [MESSAGE][PASSED] - Object: 'Object Repository/Service/ServiceOrder/ServiceOrderSegment/ServiceOrderSegment.Release' is clicked on

2017-11-08 18:43:26 - [TEST_STEP][PASSED] - delay: Delayed 5 second(s)

2017-11-08 18:43:31 - [MESSAGE][PASSED] - Delayed 5 second(s)

2017-11-08 18:43:31 - [TEST_STEP][NOT_RUN] - click: NOT_RUN: click

2017-11-08 18:43:31 - [MESSAGE][NOT_RUN] - NOT_RUN: click

2017-11-08 18:43:31 - [TEST_STEP][NOT_RUN] - click: NOT_RUN: click

2017-11-08 18:43:31 - [MESSAGE][NOT_RUN] - NOT_RUN: click

2017-11-08 18:43:31 - [TEST_STEP][NOT_RUN] - delay: NOT_RUN: delay

2017-11-08 18:43:31 - [MESSAGE][NOT_RUN] - NOT_RUN: delay

2017-11-08 18:43:31 - [TEST_STEP][NOT_RUN] - setText: NOT_RUN: setText

2017-11-08 18:43:31 - [MESSAGE][NOT_RUN] - NOT_RUN: setText

2017-11-08 18:43:31 - [TEST_STEP][NOT_RUN] - sendKeys: NOT_RUN: sendKeys

2017-11-08 18:43:31 - [MESSAGE][NOT_RUN] - NOT_RUN: sendKeys

2017-11-08 18:43:31 - [TEST_STEP][NOT_RUN] - delay: NOT_RUN: delay

2017-11-08 18:43:31 - [MESSAGE][NOT_RUN] - NOT_RUN: delay

2017-11-08 18:43:31 - [TEST_STEP][NOT_RUN] - click: NOT_RUN: click

2017-11-08 18:43:31 - [MESSAGE][NOT_RUN] - NOT_RUN: click

2017-11-08 18:43:31 - [TEST_STEP][NOT_RUN] - delay: NOT_RUN: delay

2017-11-08 18:43:31 - [MESSAGE][NOT_RUN] - NOT_RUN: delay

2017-11-08 18:43:31 - [TEST_STEP][PASSED] - click: Object: 'Object Repository/Service/ServiceOrder/ServiceOrderSegment/ServiceOrderSegment.Action' is clicked on

2017-11-08 18:43:32 - [MESSAGE][PASSED] - Object: 'Object Repository/Service/ServiceOrder/ServiceOrderSegment/ServiceOrderSegment.Action' is clicked on

2017-11-08 18:43:32 - [TEST_STEP][PASSED] - delay: Delayed 3 second(s)

2017-11-08 18:43:35 - [MESSAGE][PASSED] - Delayed 3 second(s)

2017-11-08 18:43:35 - [MESSAGE][PASSED] - Call Test Case 'Test Cases/Service/BaseTestCases/Base_Service_AddSegment' successfully

2017-11-08 18:43:35 - [TEST_STEP][PASSED] - callTestCase: Call Test Case 'Test Cases/Service/BaseTestCases/Base_Service_Add Others' successfully

2017-11-08 18:43:35 - [TEST_CASE][PASSED] - Test Cases/Service/BaseTestCases/Base_Service_Add Others: Test Cases/Service/BaseTestCases/Base_Service_Add Others

2017-11-08 18:43:35 - [TEST_STEP][PASSED] - click: Object: 'Object Repository/Service/ServiceOrder/ServiceOrderSegment/ServiceOrderSegment.Others' is clicked on

2017-11-08 18:43:35 - [MESSAGE][PASSED] - Object: 'Object Repository/Service/ServiceOrder/ServiceOrderSegment/ServiceOrderSegment.Others' is clicked on

2017-11-08 18:43:35 - [TEST_STEP][PASSED] - delay: Delayed 10 second(s)

2017-11-08 18:43:45 - [MESSAGE][PASSED] - Delayed 10 second(s)

2017-11-08 18:43:45 - [TEST_STEP][PASSED] - click: Object: 'Object Repository/Service/ServiceOrder/ServiceOrderSegment/ServiceOrderSegment.OthersNew' is clicked on

2017-11-08 18:43:46 - [MESSAGE][PASSED] - Object: 'Object Repository/Service/ServiceOrder/ServiceOrderSegment/ServiceOrderSegment.OthersNew' is clicked on

2017-11-08 18:43:46 - [TEST_STEP][PASSED] - delay: Delayed 5 second(s)

2017-11-08 18:43:51 - [MESSAGE][PASSED] - Delayed 5 second(s)

2017-11-08 18:43:51 - [TEST_STEP][PASSED] - click: Object: 'Object Repository/Service/ServiceOrder/ServiceOrderSegment/ServiceOrderSegment.OthersCostComp' is clicked on

2017-11-08 18:43:51 - [MESSAGE][PASSED] - Object: 'Object Repository/Service/ServiceOrder/ServiceOrderSegment/ServiceOrderSegment.OthersCostComp' is clicked on

2017-11-08 18:43:51 - [TEST_STEP][PASSED] - delay: Delayed 2 second(s)

2017-11-08 18:43:53 - [MESSAGE][PASSED] - Delayed 2 second(s)

2017-11-08 18:43:53 - [TEST_STEP][PASSED] - setText: Text 'APP' is set on object 'Object Repository/Service/ServiceOrder/ServiceOrderSegment/ServiceOrderSegment.OthersCostComp'

2017-11-08 18:43:53 - [MESSAGE][PASSED] - Text 'APP' is set on object 'Object Repository/Service/ServiceOrder/ServiceOrderSegment/ServiceOrderSegment.OthersCostComp'

2017-11-08 18:43:53 - [TEST_STEP][PASSED] - delay: Delayed 5 second(s)

2017-11-08 18:43:58 - [MESSAGE][PASSED] - Delayed 5 second(s)

2017-11-08 18:43:58 - [TEST_STEP][PASSED] - scrollToElement: Scroll to object 'Object Repository/Service/ServiceOrder/ServiceOrderSegment/ServiceOrderSegment.Actual Qty' successfully

2017-11-08 18:43:58 - [MESSAGE][PASSED] - Scroll to object 'Object Repository/Service/ServiceOrder/ServiceOrderSegment/ServiceOrderSegment.Actual Qty' successfully

2017-11-08 18:43:58 - [TEST_STEP][PASSED] - click: Object: 'Object Repository/Service/ServiceOrder/ServiceOrderSegment/ServiceOrderSegment.Actual Qty' is clicked on

2017-11-08 18:43:58 - [MESSAGE][PASSED] - Object: 'Object Repository/Service/ServiceOrder/ServiceOrderSegment/ServiceOrderSegment.Actual Qty' is clicked on

2017-11-08 18:43:58 - [TEST_STEP][PASSED] - delay: Delayed 2 second(s)

2017-11-08 18:44:00 - [MESSAGE][PASSED] - Delayed 2 second(s)

2017-11-08 18:44:00 - [TEST_STEP][PASSED] - sendKeys: Keys '2' sent to object: 'Object Repository/Service/ServiceOrder/ServiceOrderSegment/ServiceOrderSegment.Actual Qty'

2017-11-08 18:44:00 - [MESSAGE][PASSED] - Keys '2' sent to object: 'Object Repository/Service/ServiceOrder/ServiceOrderSegment/ServiceOrderSegment.Actual Qty'

2017-11-08 18:44:00 - [TEST_STEP][PASSED] - delay: Delayed 5 second(s)

2017-11-08 18:44:05 - [MESSAGE][PASSED] - Delayed 5 second(s)

2017-11-08 18:44:05 - [TEST_STEP][NOT_RUN] - click: NOT_RUN: click

2017-11-08 18:44:05 - [MESSAGE][NOT_RUN] - NOT_RUN: click

2017-11-08 18:44:05 - [TEST_STEP][PASSED] - click: Object: 'Object Repository/Service/ServiceOrder/ServiceOrderSegment/ServiceOrderSegmentOthers.SaveClose' is clicked on

2017-11-08 18:44:06 - [MESSAGE][PASSED] - Object: 'Object Repository/Service/ServiceOrder/ServiceOrderSegment/ServiceOrderSegmentOthers.SaveClose' is clicked on

2017-11-08 18:44:06 - [TEST_STEP][PASSED] - delay: Delayed 5 second(s)

2017-11-08 18:44:11 - [MESSAGE][PASSED] - Delayed 5 second(s)

2017-11-08 18:44:11 - [TEST_STEP][PASSED] - click: Object: 'Object Repository/Service/ServiceOrder/ServiceOrderSegment/ServiceOrderSegment.SaveClose' is clicked on

2017-11-08 18:44:11 - [MESSAGE][PASSED] - Object: 'Object Repository/Service/ServiceOrder/ServiceOrderSegment/ServiceOrderSegment.SaveClose' is clicked on

2017-11-08 18:44:11 - [MESSAGE][PASSED] - Call Test Case 'Test Cases/Service/BaseTestCases/Base_Service_Add Others' successfully

2017-11-08 18:44:11 - [TEST_STEP][PASSED] - callTestCase: Call Test Case 'Test Cases/Service/BaseTestCases/Base_Service_HeaderInvoice_SplitTender' successfully

2017-11-08 18:44:11 - [TEST_CASE][PASSED] - Test Cases/Service/BaseTestCases/Base_Service_HeaderInvoice_SplitTender: Test Cases/Service/BaseTestCases/Base_Service_HeaderInvoice_SplitTender

2017-11-08 18:44:11 - [TEST_STEP][PASSED] - delay: Delayed 5 second(s)

2017-11-08 18:44:16 - [MESSAGE][PASSED] - Delayed 5 second(s)

2017-11-08 18:44:16 - [TEST_STEP][PASSED] - click: Object: 'Object Repository/Service/ServiceOrder/ServiceOrderHeader/ServiceOrderHeader.Actions' is clicked on

2017-11-08 18:44:17 - [MESSAGE][PASSED] - Object: 'Object Repository/Service/ServiceOrder/ServiceOrderHeader/ServiceOrderHeader.Actions' is clicked on

2017-11-08 18:44:17 - [TEST_STEP][PASSED] - delay: Delayed 3 second(s)

2017-11-08 18:44:20 - [MESSAGE][PASSED] - Delayed 3 second(s)

2017-11-08 18:44:20 - [TEST_STEP][PASSED] - click: Object: 'Object Repository/Service/ServiceOrder/ServiceOrderHeader/ServiceOrderHeader.Costing' is clicked on

2017-11-08 18:44:20 - [MESSAGE][PASSED] - Object: 'Object Repository/Service/ServiceOrder/ServiceOrderHeader/ServiceOrderHeader.Costing' is clicked on

2017-11-08 18:44:20 - [TEST_STEP][PASSED] - delay: Delayed 5 second(s)

2017-11-08 18:44:25 - [MESSAGE][PASSED] - Delayed 5 second(s)

2017-11-08 18:44:25 - [TEST_STEP][PASSED] - click: Object: 'Object Repository/Service/ServiceOrder/ServiceOrderHeader/ServiceOrderHeader.RepriceWarning' is clicked on

2017-11-08 18:44:25 - [MESSAGE][PASSED] - Object: 'Object Repository/Service/ServiceOrder/ServiceOrderHeader/ServiceOrderHeader.RepriceWarning' is clicked on

2017-11-08 18:44:25 - [TEST_STEP][PASSED] - delay: Delayed 3 second(s)

2017-11-08 18:44:28 - [MESSAGE][PASSED] - Delayed 3 second(s)

2017-11-08 18:44:28 - [TEST_STEP][PASSED] - click: Object: 'Object Repository/Service/ServiceOrder/ServiceOrderHeader/ServiceOrderHeader.CostingProcessCont' is clicked on

2017-11-08 18:44:28 - [MESSAGE][PASSED] - Object: 'Object Repository/Service/ServiceOrder/ServiceOrderHeader/ServiceOrderHeader.CostingProcessCont' is clicked on

2017-11-08 18:44:28 - [TEST_STEP][PASSED] - delay: Delayed 3 second(s)

2017-11-08 18:44:31 - [MESSAGE][PASSED] - Delayed 3 second(s)

2017-11-08 18:44:31 - [TEST_STEP][PASSED] - click: Object: 'Object Repository/Service/ServiceOrder/ServiceOrderHeader/ServiceOrderHeader.InvoiceCont' is clicked on

2017-11-08 18:44:31 - [MESSAGE][PASSED] - Object: 'Object Repository/Service/ServiceOrder/ServiceOrderHeader/ServiceOrderHeader.InvoiceCont' is clicked on

2017-11-08 18:44:31 - [TEST_STEP][PASSED] - delay: Delayed 5 second(s)

2017-11-08 18:44:36 - [MESSAGE][PASSED] - Delayed 5 second(s)

2017-11-08 18:44:36 - [TEST_STEP][NOT_RUN] - waitForElementPresent: NOT_RUN: waitForElementPresent

2017-11-08 18:44:36 - [MESSAGE][NOT_RUN] - NOT_RUN: waitForElementPresent

2017-11-08 18:44:36 - [TEST_STEP][NOT_RUN] - doubleClick: NOT_RUN: doubleClick

2017-11-08 18:44:36 - [MESSAGE][NOT_RUN] - NOT_RUN: doubleClick

2017-11-08 18:44:36 - [TEST_STEP][NOT_RUN] - delay: NOT_RUN: delay

2017-11-08 18:44:36 - [MESSAGE][NOT_RUN] - NOT_RUN: delay

2017-11-08 18:44:36 - [TEST_STEP][NOT_RUN] - click: NOT_RUN: click

2017-11-08 18:44:36 - [MESSAGE][NOT_RUN] - NOT_RUN: click

2017-11-08 18:44:36 - [TEST_STEP][PASSED] - delay: Delayed 2 second(s)

2017-11-08 18:44:38 - [MESSAGE][PASSED] - Delayed 2 second(s)

2017-11-08 18:44:38 - [TEST_STEP][PASSED] - setText: Text 'PUBL' is set on object 'Object Repository/Service/ServiceOrder/ServiceCreditCard/ServiceCreditCard.PaymentGateway'

2017-11-08 18:44:39 - [MESSAGE][PASSED] - Text 'PUBL' is set on object 'Object Repository/Service/ServiceOrder/ServiceCreditCard/ServiceCreditCard.PaymentGateway'

2017-11-08 18:44:39 - [TEST_STEP][NOT_RUN] - sendKeys: NOT_RUN: sendKeys

2017-11-08 18:44:39 - [MESSAGE][NOT_RUN] - NOT_RUN: sendKeys

2017-11-08 18:44:39 - [TEST_STEP][PASSED] - doubleClick: Object: 'Object Repository/Service/ServiceOrder/ServiceCreditCard/ServiceCreditCard.CardType' is double clicked on

2017-11-08 18:44:39 - [MESSAGE][PASSED] - Object: 'Object Repository/Service/ServiceOrder/ServiceCreditCard/ServiceCreditCard.CardType' is double clicked on

2017-11-08 18:44:39 - [TEST_STEP][PASSED] - sendKeys: Keys 'Visa Card' sent to object: 'Object Repository/Service/ServiceOrder/ServiceCreditCard/ServiceCreditCard.CardType'

2017-11-08 18:44:39 - [MESSAGE][PASSED] - Keys 'Visa Card' sent to object: 'Object Repository/Service/ServiceOrder/ServiceCreditCard/ServiceCreditCard.CardType'

2017-11-08 18:44:39 - [TEST_STEP][PASSED] - delay: Delayed 2 second(s)

2017-11-08 18:44:41 - [MESSAGE][PASSED] - Delayed 2 second(s)

2017-11-08 18:44:41 - [TEST_STEP][PASSED] - doubleClick: Object: 'Object Repository/Service/ServiceOrder/ServiceCreditCard/ServiceCreditCard.Enter CC No' is double clicked on

2017-11-08 18:44:41 - [MESSAGE][PASSED] - Object: 'Object Repository/Service/ServiceOrder/ServiceCreditCard/ServiceCreditCard.Enter CC No' is double clicked on

2017-11-08 18:44:41 - [TEST_STEP][PASSED] - sendKeys: Keys '4012000033330026' sent to object: 'Object Repository/Service/ServiceOrder/ServiceCreditCard/ServiceCreditCard.Enter CC No'

2017-11-08 18:44:41 - [MESSAGE][PASSED] - Keys '4012000033330026' sent to object: 'Object Repository/Service/ServiceOrder/ServiceCreditCard/ServiceCreditCard.Enter CC No'

2017-11-08 18:44:41 - [TEST_STEP][PASSED] - delay: Delayed 2 second(s)

2017-11-08 18:44:43 - [MESSAGE][PASSED] - Delayed 2 second(s)

2017-11-08 18:44:43 - [TEST_STEP][PASSED] - click: Object: 'Object Repository/Service/ServiceOrder/ServiceCreditCard/ServiceCreditCard.CVV2' is clicked on

2017-11-08 18:44:44 - [MESSAGE][PASSED] - Object: 'Object Repository/Service/ServiceOrder/ServiceCreditCard/ServiceCreditCard.CVV2' is clicked on

2017-11-08 18:44:44 - [TEST_STEP][PASSED] - sendKeys: Keys '865' sent to object: 'Object Repository/Service/ServiceOrder/ServiceCreditCard/ServiceCreditCard.CVV2'

2017-11-08 18:44:44 - [MESSAGE][PASSED] - Keys '865' sent to object: 'Object Repository/Service/ServiceOrder/ServiceCreditCard/ServiceCreditCard.CVV2'

2017-11-08 18:44:44 - [TEST_STEP][NOT_RUN] - sendKeys: NOT_RUN: sendKeys

2017-11-08 18:44:44 - [MESSAGE][NOT_RUN] - NOT_RUN: sendKeys

2017-11-08 18:44:44 - [TEST_STEP][NOT_RUN] - delay: NOT_RUN: delay

2017-11-08 18:44:44 - [MESSAGE][NOT_RUN] - NOT_RUN: delay

2017-11-08 18:44:44 - [TEST_STEP][PASSED] - delay: Delayed 3 second(s)

2017-11-08 18:44:47 - [MESSAGE][PASSED] - Delayed 3 second(s)

2017-11-08 18:44:47 - [TEST_STEP][PASSED] - setText: Text '09' is set on object 'Object Repository/Service/ServiceOrder/ServiceCreditCard/ServiceCreditCard.ExpiryMonth'

2017-11-08 18:44:47 - [MESSAGE][PASSED] - Text '09' is set on object 'Object Repository/Service/ServiceOrder/ServiceCreditCard/ServiceCreditCard.ExpiryMonth'

2017-11-08 18:44:47 - [TEST_STEP][PASSED] - setText: Text '99' is set on object 'Object Repository/Service/ServiceOrder/ServiceCreditCard/ServiceCreditCard.ExpiryYear'

2017-11-08 18:44:47 - [MESSAGE][PASSED] - Text '99' is set on object 'Object Repository/Service/ServiceOrder/ServiceCreditCard/ServiceCreditCard.ExpiryYear'

2017-11-08 18:44:47 - [TEST_STEP][PASSED] - delay: Delayed 2 second(s)

2017-11-08 18:44:49 - [MESSAGE][PASSED] - Delayed 2 second(s)

2017-11-08 18:44:49 - [TEST_STEP][PASSED] - click: Object: 'Object Repository/Service/ServiceOrder/CreditCardSplitTender/SplitTenderDetails' is clicked on

2017-11-08 18:44:49 - [MESSAGE][PASSED] - Object: 'Object Repository/Service/ServiceOrder/CreditCardSplitTender/SplitTenderDetails' is clicked on

2017-11-08 18:44:49 - [TEST_STEP][PASSED] - click: Object: 'Object Repository/Service/ServiceOrder/CreditCardSplitTender/SplitTenderDetails.Yes' is clicked on

2017-11-08 18:44:50 - [MESSAGE][PASSED] - Object: 'Object Repository/Service/ServiceOrder/CreditCardSplitTender/SplitTenderDetails.Yes' is clicked on

2017-11-08 18:44:50 - [TEST_STEP][PASSED] - delay: Delayed 3 second(s)

2017-11-08 18:44:53 - [MESSAGE][PASSED] - Delayed 3 second(s)

2017-11-08 18:44:53 - [TEST_STEP][PASSED] - click: Object: 'Object Repository/Service/ServiceOrder/CreditCardSplitTender/SplitTender.LineSession' is clicked on

2017-11-08 18:44:53 - [MESSAGE][PASSED] - Object: 'Object Repository/Service/ServiceOrder/CreditCardSplitTender/SplitTender.LineSession' is clicked on

2017-11-08 18:44:53 - [TEST_STEP][PASSED] - delay: Delayed 2 second(s)

2017-11-08 18:44:55 - [MESSAGE][PASSED] - Delayed 2 second(s)

2017-11-08 18:44:55 - [TEST_STEP][PASSED] - Statement - G_OrderAmt = com.kms.katalon.core.webui.keyword.WebUiBuiltInKeywords.getText(com.kms.katalon.core.testobject.ObjectRepository.findTestObject(Service/ServiceOrder/CreditCardSplitTender/SplitTender.OrderAmtHeader)): Text of object 'Object Repository/Service/ServiceOrder/CreditCardSplitTender/SplitTender.OrderAmtHeader' is: '14.00'

2017-11-08 18:44:55 - [MESSAGE][PASSED] - Text of object 'Object Repository/Service/ServiceOrder/CreditCardSplitTender/SplitTender.OrderAmtHeader' is: '14.00'

2017-11-08 18:44:55 - [TEST_STEP][PASSED] - Statement - G_SplitOrderAmt2 = G_OrderAmt - 2: null

2017-11-08 18:44:55 - [TEST_STEP][PASSED] - comment: ***********************Line1 started***********************

2017-11-08 18:44:55 - [TEST_STEP][PASSED] - click: Object: 'Object Repository/Service/ServiceOrder/CreditCardSplitTender/SplitTender.NewButton' is clicked on

2017-11-08 18:44:55 - [MESSAGE][PASSED] - Object: 'Object Repository/Service/ServiceOrder/CreditCardSplitTender/SplitTender.NewButton' is clicked on

2017-11-08 18:44:55 - [TEST_STEP][PASSED] - delay: Delayed 2 second(s)

2017-11-08 18:44:57 - [MESSAGE][PASSED] - Delayed 2 second(s)

2017-11-08 18:44:57 - [TEST_STEP][PASSED] - doubleClick: Object: 'Object Repository/Service/ServiceOrder/CreditCardSplitTender/SplitTender.ModeofPayment' is double clicked on

2017-11-08 18:44:57 - [MESSAGE][PASSED] - Object: 'Object Repository/Service/ServiceOrder/CreditCardSplitTender/SplitTender.ModeofPayment' is double clicked on

2017-11-08 18:44:57 - [TEST_STEP][PASSED] - click: Object: 'Object Repository/Service/ServiceOrder/CreditCardSplitTender/SplitTender.ModeOfPaymentCreditCard1' is clicked on

2017-11-08 18:44:57 - [MESSAGE][PASSED] - Object: 'Object Repository/Service/ServiceOrder/CreditCardSplitTender/SplitTender.ModeOfPaymentCreditCard1' is clicked on

2017-11-08 18:44:57 - [TEST_STEP][PASSED] - click: Object: 'Object Repository/Service/ServiceOrder/CreditCardSplitTender/SplitTender.LineCCNo' is clicked on

2017-11-08 18:44:58 - [MESSAGE][PASSED] - Object: 'Object Repository/Service/ServiceOrder/CreditCardSplitTender/SplitTender.LineCCNo' is clicked on

2017-11-08 18:44:58 - [TEST_STEP][PASSED] - delay: Delayed 2 second(s)

2017-11-08 18:45:00 - [MESSAGE][PASSED] - Delayed 2 second(s)

2017-11-08 18:45:00 - [TEST_STEP][PASSED] - setText: Text '4012000033330026' is set on object 'Object Repository/Service/ServiceOrder/CreditCardSplitTender/SplitTender.LineCCNo'

2017-11-08 18:45:00 - [MESSAGE][PASSED] - Text '4012000033330026' is set on object 'Object Repository/Service/ServiceOrder/CreditCardSplitTender/SplitTender.LineCCNo'

2017-11-08 18:45:00 - [TEST_STEP][PASSED] - delay: Delayed 5 second(s)

2017-11-08 18:45:05 - [MESSAGE][PASSED] - Delayed 5 second(s)

2017-11-08 18:45:05 - [TEST_STEP][NOT_RUN] - click: NOT_RUN: click

2017-11-08 18:45:05 - [MESSAGE][NOT_RUN] - NOT_RUN: click

2017-11-08 18:45:05 - [TEST_STEP][NOT_RUN] - setText: NOT_RUN: setText

2017-11-08 18:45:05 - [MESSAGE][NOT_RUN] - NOT_RUN: setText

2017-11-08 18:45:05 - [TEST_STEP][PASSED] - scrollToElement: Scroll to object 'Object Repository/Service/ServiceOrder/CreditCardSplitTender/SplitTender.LineOrderAmount1' successfully

2017-11-08 18:45:05 - [MESSAGE][PASSED] - Scroll to object 'Object Repository/Service/ServiceOrder/CreditCardSplitTender/SplitTender.LineOrderAmount1' successfully

2017-11-08 18:45:05 - [TEST_STEP][PASSED] - delay: Delayed 5 second(s)

2017-11-08 18:45:10 - [MESSAGE][PASSED] - Delayed 5 second(s)

2017-11-08 18:45:10 - [TEST_STEP][PASSED] - click: Object: 'Object Repository/Service/ServiceOrder/CreditCardSplitTender/SplitTender.LineOrderAmount1' is clicked on

2017-11-08 18:45:10 - [MESSAGE][PASSED] - Object: 'Object Repository/Service/ServiceOrder/CreditCardSplitTender/SplitTender.LineOrderAmount1' is clicked on

2017-11-08 18:45:10 - [TEST_STEP][PASSED] - delay: Delayed 3 second(s)

2017-11-08 18:45:13 - [MESSAGE][PASSED] - Delayed 3 second(s)

2017-11-08 18:45:13 - [TEST_STEP][PASSED] - setText: Text '1.00' is set on object 'Object Repository/Service/ServiceOrder/CreditCardSplitTender/SplitTender.LineOrderAmount1'

2017-11-08 18:45:14 - [MESSAGE][PASSED] - Text '1.00' is set on object 'Object Repository/Service/ServiceOrder/CreditCardSplitTender/SplitTender.LineOrderAmount1'

2017-11-08 18:45:14 - [TEST_STEP][PASSED] - delay: Delayed 2 second(s)

2017-11-08 18:45:16 - [MESSAGE][PASSED] - Delayed 2 second(s)

2017-11-08 18:45:16 - [TEST_STEP][PASSED] - comment: ***********************Line2 started***********************

2017-11-08 18:45:16 - [TEST_STEP][PASSED] - click: Object: 'Object Repository/Service/ServiceOrder/CreditCardSplitTender/SplitTender.NewButton' is clicked on

2017-11-08 18:45:16 - [MESSAGE][PASSED] - Object: 'Object Repository/Service/ServiceOrder/CreditCardSplitTender/SplitTender.NewButton' is clicked on

2017-11-08 18:45:16 - [TEST_STEP][PASSED] - delay: Delayed 2 second(s)

2017-11-08 18:45:18 - [MESSAGE][PASSED] - Delayed 2 second(s)

2017-11-08 18:45:18 - [TEST_STEP][PASSED] - doubleClick: Object: 'Object Repository/Service/ServiceOrder/CreditCardSplitTender/SplitTender.ModeofPayment1' is double clicked on

2017-11-08 18:45:18 - [MESSAGE][PASSED] - Object: 'Object Repository/Service/ServiceOrder/CreditCardSplitTender/SplitTender.ModeofPayment1' is double clicked on

2017-11-08 18:45:18 - [TEST_STEP][PASSED] - click: Object: 'Object Repository/Service/ServiceOrder/CreditCardSplitTender/SplitTender.ModeOfPaymentCreditCard2' is clicked on

2017-11-08 18:45:18 - [MESSAGE][PASSED] - Object: 'Object Repository/Service/ServiceOrder/CreditCardSplitTender/SplitTender.ModeOfPaymentCreditCard2' is clicked on

2017-11-08 18:45:18 - [TEST_STEP][PASSED] - delay: Delayed 3 second(s)

2017-11-08 18:45:21 - [MESSAGE][PASSED] - Delayed 3 second(s)

2017-11-08 18:45:21 - [TEST_STEP][PASSED] - click: Object: 'Object Repository/Service/ServiceOrder/CreditCardSplitTender/SplitTender.Line2CCNo' is clicked on

2017-11-08 18:45:22 - [MESSAGE][PASSED] - Object: 'Object Repository/Service/ServiceOrder/CreditCardSplitTender/SplitTender.Line2CCNo' is clicked on

2017-11-08 18:45:22 - [TEST_STEP][PASSED] - delay: Delayed 2 second(s)

2017-11-08 18:45:24 - [MESSAGE][PASSED] - Delayed 2 second(s)

2017-11-08 18:45:24 - [TEST_STEP][PASSED] - setText: Text '4111123400062020' is set on object 'Object Repository/Service/ServiceOrder/CreditCardSplitTender/SplitTender.Line2CCNo'

2017-11-08 18:45:24 - [MESSAGE][PASSED] - Text '4111123400062020' is set on object 'Object Repository/Service/ServiceOrder/CreditCardSplitTender/SplitTender.Line2CCNo'

2017-11-08 18:45:24 - [TEST_STEP][PASSED] - delay: Delayed 2 second(s)

2017-11-08 18:45:26 - [MESSAGE][PASSED] - Delayed 2 second(s)

2017-11-08 18:45:26 - [TEST_STEP][PASSED] - click: Object: 'Object Repository/Service/ServiceOrder/CreditCardSplitTender/SplitTender.Line2CVV' is clicked on

2017-11-08 18:45:26 - [MESSAGE][PASSED] - Object: 'Object Repository/Service/ServiceOrder/CreditCardSplitTender/SplitTender.Line2CVV' is clicked on

2017-11-08 18:45:26 - [TEST_STEP][PASSED] - delay: Delayed 3 second(s)

2017-11-08 18:45:29 - [MESSAGE][PASSED] - Delayed 3 second(s)

2017-11-08 18:45:29 - [TEST_STEP][PASSED] - setText: Text '865' is set on object 'Object Repository/Service/ServiceOrder/CreditCardSplitTender/SplitTender.Line2CVV'

2017-11-08 18:45:29 - [MESSAGE][PASSED] - Text '865' is set on object 'Object Repository/Service/ServiceOrder/CreditCardSplitTender/SplitTender.Line2CVV'

2017-11-08 18:45:29 - [TEST_STEP][PASSED] - delay: Delayed 3 second(s)

2017-11-08 18:45:32 - [MESSAGE][PASSED] - Delayed 3 second(s)

2017-11-08 18:45:32 - [TEST_STEP][PASSED] - click: Object: 'Object Repository/Service/ServiceOrder/CreditCardSplitTender/SplitTender.CardTypeLine2' is clicked on

2017-11-08 18:45:32 - [MESSAGE][PASSED] - Object: 'Object Repository/Service/ServiceOrder/CreditCardSplitTender/SplitTender.CardTypeLine2' is clicked on

2017-11-08 18:45:32 - [TEST_STEP][PASSED] - delay: Delayed 5 second(s)

2017-11-08 18:45:37 - [MESSAGE][PASSED] - Delayed 5 second(s)

2017-11-08 18:45:37 - [TEST_STEP][PASSED] - sendKeys: Keys 'Visa Card' sent to object: 'Object Repository/Service/ServiceOrder/CreditCardSplitTender/SplitTender.CardTypeLine2'

2017-11-08 18:45:38 - [MESSAGE][PASSED] - Keys 'Visa Card' sent to object: 'Object Repository/Service/ServiceOrder/CreditCardSplitTender/SplitTender.CardTypeLine2'

2017-11-08 18:45:38 - [TEST_STEP][PASSED] - delay: Delayed 5 second(s)

2017-11-08 18:45:43 - [MESSAGE][PASSED] - Delayed 5 second(s)

2017-11-08 18:45:43 - [TEST_STEP][PASSED] - click: Object: 'Object Repository/Service/ServiceOrder/CreditCardSplitTender/SplitTender.ExpiryMonthLine2' is clicked on

2017-11-08 18:45:43 - [MESSAGE][PASSED] - Object: 'Object Repository/Service/ServiceOrder/CreditCardSplitTender/SplitTender.ExpiryMonthLine2' is clicked on

2017-11-08 18:45:43 - [TEST_STEP][PASSED] - delay: Delayed 3 second(s)

2017-11-08 18:45:46 - [MESSAGE][PASSED] - Delayed 3 second(s)

2017-11-08 18:45:46 - [TEST_STEP][PASSED] - setText: Text '09' is set on object 'Object Repository/Service/ServiceOrder/CreditCardSplitTender/SplitTender.ExpiryMonthLine2'

2017-11-08 18:45:46 - [MESSAGE][PASSED] - Text '09' is set on object 'Object Repository/Service/ServiceOrder/CreditCardSplitTender/SplitTender.ExpiryMonthLine2'

2017-11-08 18:45:46 - [TEST_STEP][PASSED] - delay: Delayed 2 second(s)

2017-11-08 18:45:48 - [MESSAGE][PASSED] - Delayed 2 second(s)

2017-11-08 18:45:48 - [TEST_STEP][PASSED] - click: Object: 'Object Repository/Service/ServiceOrder/CreditCardSplitTender/SplitTender.ExpiryYearLine2' is clicked on

2017-11-08 18:45:48 - [MESSAGE][PASSED] - Object: 'Object Repository/Service/ServiceOrder/CreditCardSplitTender/SplitTender.ExpiryYearLine2' is clicked on

2017-11-08 18:45:48 - [TEST_STEP][PASSED] - delay: Delayed 2 second(s)

2017-11-08 18:45:50 - [MESSAGE][PASSED] - Delayed 2 second(s)

2017-11-08 18:45:50 - [TEST_STEP][PASSED] - setText: Text '99' is set on object 'Object Repository/Service/ServiceOrder/CreditCardSplitTender/SplitTender.ExpiryYearLine2'

2017-11-08 18:45:50 - [MESSAGE][PASSED] - Text '99' is set on object 'Object Repository/Service/ServiceOrder/CreditCardSplitTender/SplitTender.ExpiryYearLine2'

2017-11-08 18:45:50 - [TEST_STEP][PASSED] - delay: Delayed 3 second(s)

2017-11-08 18:45:53 - [MESSAGE][PASSED] - Delayed 3 second(s)

2017-11-08 18:45:53 - [TEST_STEP][PASSED] - scrollToElement: Scroll to object 'Object Repository/Service/ServiceOrder/CreditCardSplitTender/SplitTender.LineOrderAmount2' successfully

2017-11-08 18:45:54 - [MESSAGE][PASSED] - Scroll to object 'Object Repository/Service/ServiceOrder/CreditCardSplitTender/SplitTender.LineOrderAmount2' successfully

2017-11-08 18:45:54 - [TEST_STEP][PASSED] - delay: Delayed 2 second(s)

2017-11-08 18:45:56 - [MESSAGE][PASSED] - Delayed 2 second(s)

2017-11-08 18:45:56 - [TEST_STEP][PASSED] - click: Object: 'Object Repository/Service/ServiceOrder/CreditCardSplitTender/SplitTender.LineOrderAmount2' is clicked on

2017-11-08 18:45:56 - [MESSAGE][PASSED] - Object: 'Object Repository/Service/ServiceOrder/CreditCardSplitTender/SplitTender.LineOrderAmount2' is clicked on

2017-11-08 18:45:56 - [TEST_STEP][PASSED] - delay: Delayed 2 second(s)

2017-11-08 18:45:58 - [MESSAGE][PASSED] - Delayed 2 second(s)

2017-11-08 18:45:58 - [TEST_STEP][PASSED] - setText: Text '1.00' is set on object 'Object Repository/Service/ServiceOrder/CreditCardSplitTender/SplitTender.LineOrderAmount2'

2017-11-08 18:45:58 - [MESSAGE][PASSED] - Text '1.00' is set on object 'Object Repository/Service/ServiceOrder/CreditCardSplitTender/SplitTender.LineOrderAmount2'

2017-11-08 18:45:58 - [TEST_STEP][PASSED] - delay: Delayed 2 second(s)

2017-11-08 18:46:00 - [MESSAGE][PASSED] - Delayed 2 second(s)

2017-11-08 18:46:00 - [TEST_STEP][PASSED] - comment: ***********************Line3 started***********************

2017-11-08 18:46:00 - [TEST_STEP][PASSED] - click: Object: 'Object Repository/Service/ServiceOrder/CreditCardSplitTender/SplitTender.NewButton' is clicked on

2017-11-08 18:46:00 - [MESSAGE][PASSED] - Object: 'Object Repository/Service/ServiceOrder/CreditCardSplitTender/SplitTender.NewButton' is clicked on

2017-11-08 18:46:00 - [TEST_STEP][PASSED] - delay: Delayed 3 second(s)

2017-11-08 18:46:03 - [MESSAGE][PASSED] - Delayed 3 second(s)

2017-11-08 18:46:03 - [TEST_STEP][PASSED] - doubleClick: Object: 'Object Repository/Service/ServiceOrder/CreditCardSplitTender/SplitTender.ModeofPayment2' is double clicked on

2017-11-08 18:46:03 - [MESSAGE][PASSED] - Object: 'Object Repository/Service/ServiceOrder/CreditCardSplitTender/SplitTender.ModeofPayment2' is double clicked on

2017-11-08 18:46:03 - [TEST_STEP][PASSED] - delay: Delayed 2 second(s)

2017-11-08 18:46:05 - [MESSAGE][PASSED] - Delayed 2 second(s)

2017-11-08 18:46:05 - [TEST_STEP][PASSED] - click: Object: 'Object Repository/Service/ServiceOrder/CreditCardSplitTender/SplitTender.ModeOfPaymentCash' is clicked on

2017-11-08 18:46:06 - [MESSAGE][PASSED] - Object: 'Object Repository/Service/ServiceOrder/CreditCardSplitTender/SplitTender.ModeOfPaymentCash' is clicked on

2017-11-08 18:46:06 - [TEST_STEP][PASSED] - delay: Delayed 10 second(s)

2017-11-08 18:46:16 - [MESSAGE][PASSED] - Delayed 10 second(s)

2017-11-08 18:46:16 - [TEST_STEP][NOT_RUN] - scrollToElement: NOT_RUN: scrollToElement

2017-11-08 18:46:16 - [MESSAGE][NOT_RUN] - NOT_RUN: scrollToElement

2017-11-08 18:46:16 - [TEST_STEP][PASSED] - click: Object: 'Object Repository/Service/ServiceOrder/CreditCardSplitTender/SplitTender.LineOrderAmount3' is clicked on

2017-11-08 18:46:16 - [MESSAGE][PASSED] - Object: 'Object Repository/Service/ServiceOrder/CreditCardSplitTender/SplitTender.LineOrderAmount3' is clicked on

2017-11-08 18:46:16 - [TEST_STEP][PASSED] - delay: Delayed 2 second(s)

2017-11-08 18:46:18 - [MESSAGE][PASSED] - Delayed 2 second(s)

2017-11-08 18:46:18 - [TEST_STEP][PASSED] - setText: Text '12.0' is set on object 'Object Repository/Service/ServiceOrder/CreditCardSplitTender/SplitTender.LineOrderAmount3'

2017-11-08 18:46:18 - [MESSAGE][PASSED] - Text '12.0' is set on object 'Object Repository/Service/ServiceOrder/CreditCardSplitTender/SplitTender.LineOrderAmount3'

2017-11-08 18:46:18 - [TEST_STEP][PASSED] - delay: Delayed 2 second(s)

2017-11-08 18:46:20 - [MESSAGE][PASSED] - Delayed 2 second(s)

2017-11-08 18:46:20 - [TEST_STEP][PASSED] - click: Object: 'Object Repository/Service/ServiceOrder/CreditCardSplitTender/SplitTender.Save' is clicked on

2017-11-08 18:46:20 - [MESSAGE][PASSED] - Object: 'Object Repository/Service/ServiceOrder/CreditCardSplitTender/SplitTender.Save' is clicked on

2017-11-08 18:46:20 - [TEST_STEP][PASSED] - delay: Delayed 3 second(s)

2017-11-08 18:46:23 - [MESSAGE][PASSED] - Delayed 3 second(s)

2017-11-08 18:46:23 - [TEST_STEP][PASSED] - click: Object: 'Object Repository/Service/ServiceOrder/CreditCardSplitTender/SplitTender.Action' is clicked on

2017-11-08 18:46:24 - [MESSAGE][PASSED] - Object: 'Object Repository/Service/ServiceOrder/CreditCardSplitTender/SplitTender.Action' is clicked on

2017-11-08 18:46:24 - [TEST_STEP][PASSED] - delay: Delayed 2 second(s)

2017-11-08 18:46:26 - [MESSAGE][PASSED] - Delayed 2 second(s)

2017-11-08 18:46:26 - [TEST_STEP][PASSED] - click: Object: 'Object Repository/Service/ServiceOrder/CreditCardSplitTender/SplitTender.ApplyTax' is clicked on

2017-11-08 18:46:26 - [MESSAGE][PASSED] - Object: 'Object Repository/Service/ServiceOrder/CreditCardSplitTender/SplitTender.ApplyTax' is clicked on

2017-11-08 18:46:26 - [TEST_STEP][PASSED] - delay: Delayed 2 second(s)

2017-11-08 18:46:28 - [MESSAGE][PASSED] - Delayed 2 second(s)

2017-11-08 18:46:28 - [TEST_STEP][PASSED] - Statement - G_SplitInvoiceAmt1 = com.kms.katalon.core.webui.keyword.WebUiBuiltInKeywords.getText(com.kms.katalon.core.testobject.ObjectRepository.findTestObject(Service/ServiceOrder/CreditCardSplitTender/SplitTender.InvoiceAmt1)): Text of object 'Object Repository/Service/ServiceOrder/CreditCardSplitTender/SplitTender.InvoiceAmt1' is: '1.00'

2017-11-08 18:46:28 - [MESSAGE][PASSED] - Text of object 'Object Repository/Service/ServiceOrder/CreditCardSplitTender/SplitTender.InvoiceAmt1' is: '1.00'

2017-11-08 18:46:28 - [TEST_STEP][PASSED] - Statement - G_SplitInvoiceAmt2 = com.kms.katalon.core.webui.keyword.WebUiBuiltInKeywords.getText(com.kms.katalon.core.testobject.ObjectRepository.findTestObject(Service/ServiceOrder/CreditCardSplitTender/SplitTender.InvoiceAmt2)): Text of object 'Object Repository/Service/ServiceOrder/CreditCardSplitTender/SplitTender.InvoiceAmt2' is: '12.00'

2017-11-08 18:46:28 - [MESSAGE][PASSED] - Text of object 'Object Repository/Service/ServiceOrder/CreditCardSplitTender/SplitTender.InvoiceAmt2' is: '12.00'

2017-11-08 18:46:28 - [TEST_STEP][PASSED] - click: Object: 'Object Repository/Service/ServiceOrder/CreditCardSplitTender/SplitTender.SaveClose' is clicked on

2017-11-08 18:46:28 - [MESSAGE][PASSED] - Object: 'Object Repository/Service/ServiceOrder/CreditCardSplitTender/SplitTender.SaveClose' is clicked on

2017-11-08 18:46:28 - [TEST_STEP][PASSED] - delay: Delayed 2 second(s)

2017-11-08 18:46:30 - [MESSAGE][PASSED] - Delayed 2 second(s)

2017-11-08 18:46:30 - [TEST_STEP][PASSED] - click: Object: 'Object Repository/Service/ServiceOrder/ServiceCreditCard/ServiceCreditCard.Process' is clicked on

2017-11-08 18:46:30 - [MESSAGE][PASSED] - Object: 'Object Repository/Service/ServiceOrder/ServiceCreditCard/ServiceCreditCard.Process' is clicked on

2017-11-08 18:46:30 - [TEST_STEP][PASSED] - delay: Delayed 13 second(s)

2017-11-08 18:46:43 - [MESSAGE][PASSED] - Delayed 13 second(s)

2017-11-08 18:46:43 - [TEST_STEP][PASSED] - click: Object: 'Object Repository/Service/ServiceOrder/CreditCardSplitTender/SplitTender.PrintOK' is clicked on

2017-11-08 18:46:52 - [MESSAGE][PASSED] - Object: 'Object Repository/Service/ServiceOrder/CreditCardSplitTender/SplitTender.PrintOK' is clicked on

2017-11-08 18:46:52 - [TEST_STEP][PASSED] - delay: Delayed 10 second(s)

2017-11-08 18:47:02 - [MESSAGE][PASSED] - Delayed 10 second(s)

2017-11-08 18:47:02 - [TEST_STEP][PASSED] - click: Object: 'Object Repository/Service/ServiceOrder/CreditCardSplitTender/SplitTender.PrintDevice' is clicked on

2017-11-08 18:47:02 - [MESSAGE][PASSED] - Object: 'Object Repository/Service/ServiceOrder/CreditCardSplitTender/SplitTender.PrintDevice' is clicked on

2017-11-08 18:47:02 - [TEST_STEP][PASSED] - delay: Delayed 5 second(s)

2017-11-08 18:47:07 - [MESSAGE][PASSED] - Delayed 5 second(s)

2017-11-08 18:47:07 - [MESSAGE][PASSED] - Call Test Case 'Test Cases/Service/BaseTestCases/Base_Service_HeaderInvoice_SplitTender' successfully

2017-11-08 18:47:07 - [TEST_STEP][PASSED] - callTestCase: Call Test Case 'Test Cases/Service/BaseTestCases/Base_Service_GetInvoice_SplitTender' successfully

2017-11-08 18:47:08 - [TEST_CASE][PASSED] - Test Cases/Service/BaseTestCases/Base_Service_GetInvoice_SplitTender: Test Cases/Service/BaseTestCases/Base_Service_GetInvoice_SplitTender

2017-11-08 18:47:08 - [TEST_STEP][PASSED] - delay: Delayed 3 second(s)

2017-11-08 18:47:11 - [MESSAGE][PASSED] - Delayed 3 second(s)

2017-11-08 18:47:11 - [TEST_STEP][PASSED] - click: Object: 'Object Repository/Service/ServiceOrder/VerifyServiceOrderInvoice_SplitTender/ServiceorderHeader.HeaderSession' is clicked on

2017-11-08 18:47:11 - [MESSAGE][PASSED] - Object: 'Object Repository/Service/ServiceOrder/VerifyServiceOrderInvoice_SplitTender/ServiceorderHeader.HeaderSession' is clicked on

2017-11-08 18:47:11 - [TEST_STEP][PASSED] - click: Object: 'Object Repository/Service/ServiceOrder/VerifyServiceOrderInvoice_SplitTender/ServiceOrderHeader.InvoiceButton' is clicked on

2017-11-08 18:47:12 - [MESSAGE][PASSED] - Object: 'Object Repository/Service/ServiceOrder/VerifyServiceOrderInvoice_SplitTender/ServiceOrderHeader.InvoiceButton' is clicked on

2017-11-08 18:47:12 - [TEST_STEP][PASSED] - delay: Delayed 3 second(s)

2017-11-08 18:47:15 - [MESSAGE][PASSED] - Delayed 3 second(s)

2017-11-08 18:47:15 - [TEST_STEP][PASSED] - Statement - G_InvoiceTnxType = com.kms.katalon.core.webui.keyword.WebUiBuiltInKeywords.getText(com.kms.katalon.core.testobject.ObjectRepository.findTestObject(Service/ServiceOrder/VerifyServiceOrderInvoice_SplitTender/ServiceOrderHeader.Invoice1)): Text of object 'Object Repository/Service/ServiceOrder/VerifyServiceOrderInvoice_SplitTender/ServiceOrderHeader.Invoice1' is: 'SIS'

2017-11-08 18:47:15 - [MESSAGE][PASSED] - Text of object 'Object Repository/Service/ServiceOrder/VerifyServiceOrderInvoice_SplitTender/ServiceOrderHeader.Invoice1' is: 'SIS'

2017-11-08 18:47:15 - [TEST_STEP][PASSED] - delay: Delayed 3 second(s)

2017-11-08 18:47:18 - [MESSAGE][PASSED] - Delayed 3 second(s)

2017-11-08 18:47:18 - [TEST_STEP][PASSED] - Statement - G_InvoiceTnxNo = com.kms.katalon.core.webui.keyword.WebUiBuiltInKeywords.getText(com.kms.katalon.core.testobject.ObjectRepository.findTestObject(Service/ServiceOrder/VerifyServiceOrderInvoice_SplitTender/ServiceOrderHeader.Invoice2)): Text of object 'Object Repository/Service/ServiceOrder/VerifyServiceOrderInvoice_SplitTender/ServiceOrderHeader.Invoice2' is: '10006762'

2017-11-08 18:47:18 - [MESSAGE][PASSED] - Text of object 'Object Repository/Service/ServiceOrder/VerifyServiceOrderInvoice_SplitTender/ServiceOrderHeader.Invoice2' is: '10006762'

2017-11-08 18:47:18 - [TEST_STEP][PASSED] - Statement - G_InvoiceAmt = com.kms.katalon.core.webui.keyword.WebUiBuiltInKeywords.getText(com.kms.katalon.core.testobject.ObjectRepository.findTestObject(Service/ServiceOrder/VerifyServiceOrderInvoice_SplitTender/ServiceOrderHeader.InvoiceAmountHD)): Text of object 'Object Repository/Service/ServiceOrder/VerifyServiceOrderInvoice_SplitTender/ServiceOrderHeader.InvoiceAmountHD' is: '14.00'

2017-11-08 18:47:18 - [MESSAGE][PASSED] - Text of object 'Object Repository/Service/ServiceOrder/VerifyServiceOrderInvoice_SplitTender/ServiceOrderHeader.InvoiceAmountHD' is: '14.00'

2017-11-08 18:47:18 - [MESSAGE][PASSED] - Call Test Case 'Test Cases/Service/BaseTestCases/Base_Service_GetInvoice_SplitTender' successfully

2017-11-08 18:47:18 - [TEST_STEP][FAILED] - callTestCase: Unable to call Test Case with id 'Test Cases/Finance/BaseTestCases/Base_Finance_CheckOpenEntriesForCCSplitPayments' (Root cause: Call Test Case 'Test Cases/Finance/BaseTestCases/Base_Finance_CheckOpenEntriesForCCSplitPayments' failed)

2017-11-08 18:47:19 - [TEST_CASE][FAILED] - Test Cases/Finance/BaseTestCases/Base_Finance_CheckOpenEntriesForCCSplitPayments: Test Cases/Finance/BaseTestCases/Base_Finance_CheckOpenEntriesForCCSplitPayments FAILED because (of) Unable to verify equal between actual object '900.00' and expected object '1.00' (Root cause: Actual object '900.00' and expected object '1.00' are not equal)

2017-11-08 18:47:21 - [TEST_STEP][PASSED] - callTestCase: Call Test Case 'Test Cases/Common/Base_Common_OpenSession' successfully

2017-11-08 18:47:21 - [TEST_CASE][PASSED] - Test Cases/Common/Base_Common_OpenSession: Test Cases/Common/Base_Common_OpenSession

2017-11-08 18:47:22 - [TEST_STEP][PASSED] - openBrowser: Browser is opened with url: 'https://rgajbhiye:Robin$123@proxima-ln4.e-emphasys.com:8441/webui/servlet/login'

2017-11-08 18:47:22 - [MESSAGE][WARNING] - A browser is already opened. Closing browser and opening a new one

2017-11-08 18:48:00 - [MESSAGE][PASSED] - Browser is opened with url: 'https://rgajbhiye:Robin$123@proxima-ln4.e-emphasys.com:8441/webui/servlet/login'

2017-11-08 18:48:00 - [TEST_STEP][PASSED] - waitForPageLoad: Wait for page load successfully

2017-11-08 18:48:00 - [MESSAGE][PASSED] - Wait for page load successfully

2017-11-08 18:48:00 - [TEST_STEP][PASSED] - maximizeWindow: Current window maximized

2017-11-08 18:48:00 - [MESSAGE][PASSED] - Current window maximized

2017-11-08 18:48:00 - [TEST_STEP][PASSED] - click: Object: 'Object Repository/Common/HomePage/HomePage_more' is clicked on

2017-11-08 18:48:01 - [MESSAGE][PASSED] - Object: 'Object Repository/Common/HomePage/HomePage_more' is clicked on

2017-11-08 18:48:01 - [TEST_STEP][PASSED] - click: Object: 'Object Repository/Common/HomePage/HomePage_Option' is clicked on

2017-11-08 18:48:02 - [MESSAGE][PASSED] - Object: 'Object Repository/Common/HomePage/HomePage_Option' is clicked on

2017-11-08 18:48:02 - [TEST_STEP][PASSED] - click: Object: 'Object Repository/Common/HomePage/HomePage_RunProgram_' is clicked on

2017-11-08 18:48:02 - [MESSAGE][PASSED] - Object: 'Object Repository/Common/HomePage/HomePage_RunProgram_' is clicked on

2017-11-08 18:48:02 - [TEST_STEP][PASSED] - sendKeys: Keys 'tfacr2520m000' sent to object: 'Object Repository/Common/HomePage/HomePage_Session_ID'

2017-11-08 18:48:05 - [MESSAGE][PASSED] - Keys 'tfacr2520m000' sent to object: 'Object Repository/Common/HomePage/HomePage_Session_ID'

2017-11-08 18:48:05 - [TEST_STEP][PASSED] - click: Object: 'Object Repository/Common/HomePage/HomePage_OkButton' is clicked on

2017-11-08 18:48:05 - [MESSAGE][PASSED] - Object: 'Object Repository/Common/HomePage/HomePage_OkButton' is clicked on

2017-11-08 18:48:05 - [MESSAGE][PASSED] - Call Test Case 'Test Cases/Common/Base_Common_OpenSession' successfully

2017-11-08 18:48:05 - [TEST_STEP][PASSED] - click: Object: 'Object Repository/Finance/BaseTestCases_OpenEntries_Service/OpenEntries_DocumentType' is clicked on

2017-11-08 18:48:09 - [MESSAGE][PASSED] - Object: 'Object Repository/Finance/BaseTestCases_OpenEntries_Service/OpenEntries_DocumentType' is clicked on

2017-11-08 18:48:09 - [TEST_STEP][PASSED] - click: Object: 'Object Repository/Finance/BaseTestCases_OpenEntries_Service/OpenEntries_DocumentNo' is clicked on

2017-11-08 18:48:09 - [MESSAGE][PASSED] - Object: 'Object Repository/Finance/BaseTestCases_OpenEntries_Service/OpenEntries_DocumentNo' is clicked on

2017-11-08 18:48:09 - [TEST_STEP][PASSED] - setText: Text 'SIS' is set on object 'Object Repository/Finance/BaseTestCases_OpenEntries_Service/OpenEntries_DocumentType'

2017-11-08 18:48:10 - [MESSAGE][PASSED] - Text 'SIS' is set on object 'Object Repository/Finance/BaseTestCases_OpenEntries_Service/OpenEntries_DocumentType'

2017-11-08 18:48:10 - [TEST_STEP][NOT_RUN] - sendKeys: NOT_RUN: sendKeys

2017-11-08 18:48:10 - [MESSAGE][NOT_RUN] - NOT_RUN: sendKeys

2017-11-08 18:48:10 - [TEST_STEP][NOT_RUN] - delay: NOT_RUN: delay

2017-11-08 18:48:10 - [MESSAGE][NOT_RUN] - NOT_RUN: delay

2017-11-08 18:48:10 - [TEST_STEP][PASSED] - setText: Text '10006762' is set on object 'Object Repository/Finance/BaseTestCases_OpenEntries_Service/OpenEntries_DocumentNo'

2017-11-08 18:48:10 - [MESSAGE][PASSED] - Text '10006762' is set on object 'Object Repository/Finance/BaseTestCases_OpenEntries_Service/OpenEntries_DocumentNo'

2017-11-08 18:48:10 - [TEST_STEP][NOT_RUN] - delay: NOT_RUN: delay

2017-11-08 18:48:10 - [MESSAGE][NOT_RUN] - NOT_RUN: delay

2017-11-08 18:48:10 - [TEST_STEP][NOT_RUN] - sendKeys: NOT_RUN: sendKeys

2017-11-08 18:48:10 - [MESSAGE][NOT_RUN] - NOT_RUN: sendKeys

2017-11-08 18:48:10 - [TEST_STEP][PASSED] - click: Object: 'Object Repository/Finance/BaseTestCases_OpenEntries_Service/OpenEntries_Action' is clicked on

2017-11-08 18:48:11 - [MESSAGE][PASSED] - Object: 'Object Repository/Finance/BaseTestCases_OpenEntries_Service/OpenEntries_Action' is clicked on

2017-11-08 18:48:11 - [TEST_STEP][PASSED] - click: Object: 'Object Repository/Finance/BaseTestCases_OpenEntries_Service/OpenEntries.FullyPaid' is clicked on

2017-11-08 18:48:11 - [MESSAGE][PASSED] - Object: 'Object Repository/Finance/BaseTestCases_OpenEntries_Service/OpenEntries.FullyPaid' is clicked on

2017-11-08 18:48:11 - [TEST_STEP][PASSED] - delay: Delayed 2 second(s)

2017-11-08 18:48:13 - [MESSAGE][PASSED] - Delayed 2 second(s)

2017-11-08 18:48:13 - [TEST_STEP][PASSED] - scrollToElement: Scroll to object 'Object Repository/Finance/BaseTestCases_OpenEntries_Service/OpenEntries.BalanceAmt' successfully

2017-11-08 18:48:13 - [MESSAGE][PASSED] - Scroll to object 'Object Repository/Finance/BaseTestCases_OpenEntries_Service/OpenEntries.BalanceAmt' successfully

2017-11-08 18:48:13 - [TEST_STEP][PASSED] - delay: Delayed 3 second(s)

2017-11-08 18:48:16 - [MESSAGE][PASSED] - Delayed 3 second(s)

2017-11-08 18:48:16 - [TEST_STEP][PASSED] - Statement - BalanceAmount = com.kms.katalon.core.webui.keyword.WebUiBuiltInKeywords.getText(com.kms.katalon.core.testobject.ObjectRepository.findTestObject(Finance/BaseTestCases_OpenEntries_Service/OpenEntries.BalanceAmt)): Text of object 'Object Repository/Finance/BaseTestCases_OpenEntries_Service/OpenEntries.BalanceAmt' is: '12.00'

2017-11-08 18:48:16 - [MESSAGE][PASSED] - Text of object 'Object Repository/Finance/BaseTestCases_OpenEntries_Service/OpenEntries.BalanceAmt' is: '12.00'

2017-11-08 18:48:16 - [TEST_STEP][PASSED] - verifyEqual: Actual object '12.00' and expected object '12.00' are equal

2017-11-08 18:48:16 - [MESSAGE][PASSED] - Actual object '12.00' and expected object '12.00' are equal

2017-11-08 18:48:16 - [TEST_STEP][PASSED] - click: Object: 'Object Repository/Finance/BaseTestCases_OpenEntries_Service/OpenEntries.Reference' is clicked on

2017-11-08 18:48:17 - [MESSAGE][PASSED] - Object: 'Object Repository/Finance/BaseTestCases_OpenEntries_Service/OpenEntries.Reference' is clicked on

2017-11-08 18:48:17 - [TEST_STEP][PASSED] - setText: Text '' is set on object 'Object Repository/Finance/BaseTestCases_OpenEntries_Service/OpenEntries_DocumentType'

2017-11-08 18:48:17 - [MESSAGE][PASSED] - Text '' is set on object 'Object Repository/Finance/BaseTestCases_OpenEntries_Service/OpenEntries_DocumentType'

2017-11-08 18:48:17 - [TEST_STEP][PASSED] - setText: Text '' is set on object 'Object Repository/Finance/BaseTestCases_OpenEntries_Service/OpenEntries_DocumentNo'

2017-11-08 18:48:17 - [MESSAGE][PASSED] - Text '' is set on object 'Object Repository/Finance/BaseTestCases_OpenEntries_Service/OpenEntries_DocumentNo'

2017-11-08 18:48:17 - [TEST_STEP][PASSED] - sendKeys: Keys '' sent to object: 'Object Repository/Finance/BaseTestCases_OpenEntries_Service/OpenEntries_DocumentType'

2017-11-08 18:48:17 - [MESSAGE][PASSED] - Keys '' sent to object: 'Object Repository/Finance/BaseTestCases_OpenEntries_Service/OpenEntries_DocumentType'

2017-11-08 18:48:17 - [TEST_STEP][PASSED] - sendKeys: Keys '' sent to object: 'Object Repository/Finance/BaseTestCases_OpenEntries_Service/OpenEntries_DocumentNo'

2017-11-08 18:48:17 - [MESSAGE][PASSED] - Keys '' sent to object: 'Object Repository/Finance/BaseTestCases_OpenEntries_Service/OpenEntries_DocumentNo'

2017-11-08 18:48:17 - [TEST_STEP][PASSED] - sendKeys: Keys 'M00000182 (SIS/10006762)' sent to object: 'Object Repository/Finance/BaseTestCases_OpenEntries_Service/OpenEntries.Reference'

2017-11-08 18:48:18 - [MESSAGE][PASSED] - Keys 'M00000182 (SIS/10006762)' sent to object: 'Object Repository/Finance/BaseTestCases_OpenEntries_Service/OpenEntries.Reference'

2017-11-08 18:48:18 - [TEST_STEP][PASSED] - click: Object: 'Object Repository/Finance/BaseTestCases_OpenEntries_Service/OpenEntries_DocumentNo' is clicked on

2017-11-08 18:48:19 - [MESSAGE][PASSED] - Object: 'Object Repository/Finance/BaseTestCases_OpenEntries_Service/OpenEntries_DocumentNo' is clicked on

2017-11-08 18:48:19 - [TEST_STEP][PASSED] - delay: Delayed 3 second(s)

2017-11-08 18:48:22 - [MESSAGE][PASSED] - Delayed 3 second(s)

2017-11-08 18:48:22 - [TEST_STEP][PASSED] - scrollToElement: Scroll to object 'Object Repository/Finance/BaseTestCases_OpenEntries_Service/OpenEntries.BalanceAmt' successfully

2017-11-08 18:48:22 - [MESSAGE][PASSED] - Scroll to object 'Object Repository/Finance/BaseTestCases_OpenEntries_Service/OpenEntries.BalanceAmt' successfully

2017-11-08 18:48:22 - [TEST_STEP][PASSED] - Statement - BalanceAmount = com.kms.katalon.core.webui.keyword.WebUiBuiltInKeywords.getText(com.kms.katalon.core.testobject.ObjectRepository.findTestObject(Finance/BaseTestCases_OpenEntries_Service/OpenEntries.BalanceAmt)): Text of object 'Object Repository/Finance/BaseTestCases_OpenEntries_Service/OpenEntries.BalanceAmt' is: '900.00'

2017-11-08 18:48:22 - [MESSAGE][PASSED] - Text of object 'Object Repository/Finance/BaseTestCases_OpenEntries_Service/OpenEntries.BalanceAmt' is: '900.00'

2017-11-08 18:48:22 - [TEST_STEP][FAILED] - verifyEqual: Unable to verify equal between actual object '900.00' and expected object '1.00' (Root cause: Actual object '900.00' and expected object '1.00' are not equal)

2017-11-08 18:48:22 - [MESSAGE][FAILED] - Unable to verify equal between actual object '900.00' and expected object '1.00' (Root cause: Actual object '900.00' and expected object '1.00' are not equal)

2017-11-08 18:48:22 - [TEST_STEP][PASSED] - Statement - BalanceAmount = com.kms.katalon.core.webui.keyword.WebUiBuiltInKeywords.getText(com.kms.katalon.core.testobject.ObjectRepository.findTestObject(Finance/BaseTestCases_OpenEntries_Service/OpenEntries_BalanceAmtLine2)): Text of object 'Object Repository/Finance/BaseTestCases_OpenEntries_Service/OpenEntries_BalanceAmtLine2' is: '100.00'

2017-11-08 18:48:22 - [MESSAGE][PASSED] - Text of object 'Object Repository/Finance/BaseTestCases_OpenEntries_Service/OpenEntries_BalanceAmtLine2' is: '100.00'

2017-11-08 18:48:22 - [TEST_STEP][FAILED] - verifyEqual: Unable to verify equal between actual object '100.00' and expected object '1.00' (Root cause: Actual object '100.00' and expected object '1.00' are not equal)

2017-11-08 18:48:22 - [MESSAGE][FAILED] - Unable to verify equal between actual object '100.00' and expected object '1.00' (Root cause: Actual object '100.00' and expected object '1.00' are not equal)

2017-11-08 18:48:22 - [TEST_STEP][PASSED] - delay: Delayed 3 second(s)

2017-11-08 18:48:25 - [MESSAGE][PASSED] - Delayed 3 second(s)

2017-11-08 18:48:25 - [TEST_STEP][PASSED] - closeBrowser: Browser is closed

2017-11-08 18:48:26 - [MESSAGE][PASSED] - Browser is closed

2017-11-08 18:48:26 - [MESSAGE][FAILED] - Unable to call Test Case with id 'Test Cases/Finance/BaseTestCases/Base_Finance_CheckOpenEntriesForCCSplitPayments' (Root cause: Call Test Case 'Test Cases/Finance/BaseTestCases/Base_Finance_CheckOpenEntriesForCCSplitPayments' failed)]]></system-out>
         <system-err><![CDATA[2017-11-08 18:41:48 - [TEST_CASE][FAILED] - Test Cases/Service/CreditCardRegression/TC002_Service_CreditCardSplitTender - Iteration 1: Test Cases/Service/CreditCardRegression/TC002_Service_CreditCardSplitTender FAILED because (of) Unable to verify equal between actual object '900.00' and expected object '1.00' (Root cause: Actual object '900.00' and expected object '1.00' are not equal)]]></system-err>
      </testcase>
      <testcase name="Test Cases/Service/CreditCardRegression/TC002_Service_CreditCardSplitTender - Iteration 2" classname="Test Cases/Service/CreditCardRegression/TC002_Service_CreditCardSplitTender" status="INCOMPLETE">
         <system-out><![CDATA[2017-11-08 18:48:26 - [TEST_CASE][INCOMPLETE] - Test Cases/Service/CreditCardRegression/TC002_Service_CreditCardSplitTender - Iteration 2: null

2017-11-08 18:48:26 - [TEST_STEP][INCOMPLETE] - callTestCase: null

2017-11-08 18:48:26 - [TEST_CASE][INCOMPLETE] - Test Cases/Service/BaseTestCases/Base_Service_CreateHeader: null

2017-11-08 18:48:26 - [TEST_STEP][PASSED] - callTestCase: Call Test Case 'Test Cases/Common/Base_Common_OpenSession' successfully

2017-11-08 18:48:26 - [TEST_CASE][PASSED] - Test Cases/Common/Base_Common_OpenSession: Test Cases/Common/Base_Common_OpenSession

2017-11-08 18:48:26 - [TEST_STEP][PASSED] - openBrowser: Browser is opened with url: 'https://rgajbhiye:Robin$123@proxima-ln4.e-emphasys.com:8441/webui/servlet/login'

2017-11-08 18:48:33 - [MESSAGE][PASSED] - Browser is opened with url: 'https://rgajbhiye:Robin$123@proxima-ln4.e-emphasys.com:8441/webui/servlet/login'

2017-11-08 18:48:33 - [TEST_STEP][PASSED] - waitForPageLoad: Wait for page load successfully

2017-11-08 18:48:33 - [MESSAGE][PASSED] - Wait for page load successfully

2017-11-08 18:48:33 - [TEST_STEP][PASSED] - maximizeWindow: Current window maximized

2017-11-08 18:48:33 - [MESSAGE][PASSED] - Current window maximized

2017-11-08 18:48:33 - [TEST_STEP][PASSED] - click: Object: 'Object Repository/Common/HomePage/HomePage_more' is clicked on

2017-11-08 18:48:35 - [MESSAGE][PASSED] - Object: 'Object Repository/Common/HomePage/HomePage_more' is clicked on

2017-11-08 18:48:35 - [TEST_STEP][PASSED] - click: Object: 'Object Repository/Common/HomePage/HomePage_Option' is clicked on

2017-11-08 18:48:35 - [MESSAGE][PASSED] - Object: 'Object Repository/Common/HomePage/HomePage_Option' is clicked on

2017-11-08 18:48:35 - [TEST_STEP][PASSED] - click: Object: 'Object Repository/Common/HomePage/HomePage_RunProgram_' is clicked on

2017-11-08 18:48:35 - [MESSAGE][PASSED] - Object: 'Object Repository/Common/HomePage/HomePage_RunProgram_' is clicked on

2017-11-08 18:48:35 - [TEST_STEP][PASSED] - sendKeys: Keys 'tssoc2100m001' sent to object: 'Object Repository/Common/HomePage/HomePage_Session_ID'

2017-11-08 18:48:35 - [MESSAGE][PASSED] - Keys 'tssoc2100m001' sent to object: 'Object Repository/Common/HomePage/HomePage_Session_ID'

2017-11-08 18:48:35 - [TEST_STEP][PASSED] - click: Object: 'Object Repository/Common/HomePage/HomePage_OkButton' is clicked on

2017-11-08 18:48:36 - [MESSAGE][PASSED] - Object: 'Object Repository/Common/HomePage/HomePage_OkButton' is clicked on

2017-11-08 18:48:36 - [MESSAGE][PASSED] - Call Test Case 'Test Cases/Common/Base_Common_OpenSession' successfully

2017-11-08 18:48:36 - [TEST_STEP][PASSED] - click: Object: 'Object Repository/Service/ServiceOrder/ServiceOrderHeader/ServiceOrderHeader.Newbutton' is clicked on

2017-11-08 18:48:40 - [MESSAGE][PASSED] - Object: 'Object Repository/Service/ServiceOrder/ServiceOrderHeader/ServiceOrderHeader.Newbutton' is clicked on

2017-11-08 18:48:40 - [TEST_STEP][PASSED] - delay: Delayed 3 second(s)

2017-11-08 18:48:43 - [MESSAGE][PASSED] - Delayed 3 second(s)

2017-11-08 18:48:43 - [TEST_STEP][PASSED] - setText: Text 'M00000182' is set on object 'Object Repository/Service/ServiceOrder/ServiceOrderHeader/ServiceOrderHeader.Customer'

2017-11-08 18:48:43 - [MESSAGE][PASSED] - Text 'M00000182' is set on object 'Object Repository/Service/ServiceOrder/ServiceOrderHeader/ServiceOrderHeader.Customer'

2017-11-08 18:48:43 - [TEST_STEP][PASSED] - sendKeys: Keys '' sent to object: 'Object Repository/Service/ServiceOrder/ServiceOrderHeader/ServiceOrderHeader.Customer'

2017-11-08 18:48:43 - [MESSAGE][PASSED] - Keys '' sent to object: 'Object Repository/Service/ServiceOrder/ServiceOrderHeader/ServiceOrderHeader.Customer'

2017-11-08 18:48:43 - [TEST_STEP][PASSED] - delay: Delayed 3 second(s)

2017-11-08 18:48:46 - [MESSAGE][PASSED] - Delayed 3 second(s)

2017-11-08 18:48:46 - [TEST_STEP][INCOMPLETE] - setText: Setting text of object 'Object Repository/Service/ServiceOrder/ServiceOrderHeader/ServiceOrderHeader.Unit' to value 'MD0007993']]></system-out>
         <system-err><![CDATA[2017-11-08 18:48:26 - [TEST_CASE][INCOMPLETE] - Test Cases/Service/CreditCardRegression/TC002_Service_CreditCardSplitTender - Iteration 2: null]]></system-err>
      </testcase>
      <system-out><![CDATA[2017-11-08 18:41:48 - [TEST_SUITE][INCOMPLETE] - CC_ServiceSplitTendetTestSuite: null]]></system-out>
      <system-err><![CDATA[2017-11-08 18:41:48 - [TEST_SUITE][INCOMPLETE] - CC_ServiceSplitTendetTestSuite: null]]></system-err>
   </testsuite>
</testsuites>
