<?xml version="1.0" encoding="UTF-8"?>
<testsuites name="CC_RentalInvoice" time="928" tests="0" failures="0" errors="0">
   <testsuite name="CC_RentalInvoice" tests="0" failures="0" errors="0" time="928" timestamp="2017-11-14 12:33:45" hostname="agawhande - ANIL110.e-emphasys.com" id="Test Suites/CC_RentalInvoice">
      <properties>
         <property name="deviceName" value=""/>
         <property name="devicePlatform" value=""/>
         <property name="logFolder" value="C:\\Users\\agawhande\\git\\CreditCard\\Reports\\CC_RentalInvoice\\20171114_123337"/>
         <property name="logFiles" value="C:\\Users\\agawhande\\git\\CreditCard\\Reports\\CC_RentalInvoice\\20171114_123337\\execution0.log"/>
         <property name="attachments" value="C:\\Users\\agawhande\\git\\CreditCard\\Reports\\CC_RentalInvoice\\20171114_123337\\1510643216170.png, C:\\Users\\agawhande\\git\\CreditCard\\Reports\\CC_RentalInvoice\\20171114_123337\\1510643221451.png, C:\\Users\\agawhande\\git\\CreditCard\\Reports\\CC_RentalInvoice\\20171114_123337\\1510643255736.png, C:\\Users\\agawhande\\git\\CreditCard\\Reports\\CC_RentalInvoice\\20171114_123337\\1510643301315.png, C:\\Users\\agawhande\\git\\CreditCard\\Reports\\CC_RentalInvoice\\20171114_123337\\1510643338278.png, C:\\Users\\agawhande\\git\\CreditCard\\Reports\\CC_RentalInvoice\\20171114_123337\\1510643373409.png, C:\\Users\\agawhande\\git\\CreditCard\\Reports\\CC_RentalInvoice\\20171114_123337\\1510643410437.png, C:\\Users\\agawhande\\git\\CreditCard\\Reports\\CC_RentalInvoice\\20171114_123337\\1510643447350.png, C:\\Users\\agawhande\\git\\CreditCard\\Reports\\CC_RentalInvoice\\20171114_123337\\1510643484444.png, C:\\Users\\agawhande\\git\\CreditCard\\Reports\\CC_RentalInvoice\\20171114_123337\\1510643521503.png, C:\\Users\\agawhande\\git\\CreditCard\\Reports\\CC_RentalInvoice\\20171114_123337\\1510643553780.png, C:\\Users\\agawhande\\git\\CreditCard\\Reports\\CC_RentalInvoice\\20171114_123337\\1510643590772.png, C:\\Users\\agawhande\\git\\CreditCard\\Reports\\CC_RentalInvoice\\20171114_123337\\1510643622333.png, C:\\Users\\agawhande\\git\\CreditCard\\Reports\\CC_RentalInvoice\\20171114_123337\\1510643655905.png, C:\\Users\\agawhande\\git\\CreditCard\\Reports\\CC_RentalInvoice\\20171114_123337\\1510643689452.png, C:\\Users\\agawhande\\git\\CreditCard\\Reports\\CC_RentalInvoice\\20171114_123337\\1510643693764.png, C:\\Users\\agawhande\\git\\CreditCard\\Reports\\CC_RentalInvoice\\20171114_123337\\1510643699041.png, C:\\Users\\agawhande\\git\\CreditCard\\Reports\\CC_RentalInvoice\\20171114_123337\\1510643739419.png, C:\\Users\\agawhande\\git\\CreditCard\\Reports\\CC_RentalInvoice\\20171114_123337\\1510643783209.png, C:\\Users\\agawhande\\git\\CreditCard\\Reports\\CC_RentalInvoice\\20171114_123337\\1510643820610.png, C:\\Users\\agawhande\\git\\CreditCard\\Reports\\CC_RentalInvoice\\20171114_123337\\1510643860135.png, C:\\Users\\agawhande\\git\\CreditCard\\Reports\\CC_RentalInvoice\\20171114_123337\\1510643911758.png, C:\\Users\\agawhande\\git\\CreditCard\\Reports\\CC_RentalInvoice\\20171114_123337\\1510643948474.png"/>
         <property name="hostName" value="agawhande - ANIL110.e-emphasys.com"/>
         <property name="os" value="Windows 7 64bit"/>
         <property name="katalonVersion" value="4.8.0.2"/>
         <property name="browser" value="Firefox 56.0"/>
         <property name="hostAddress" value="192.168.25.228"/>
         <property name="sessionId" value="ffddfbce-d4fa-4d1b-a139-d9bcec487c9b"/>
         <property name="seleniumVersion" value="unknown"/>
         <property name="proxyInformation" value="ProxyInformation{proxyOption=NO_PROXY, proxyServerType=, password=, proxyServerAddress=, proxyServerPort=0}"/>
         <property name="platform" value="Windows 7"/>
      </properties>
      <testcase name="Test Cases/Rental/Base_RentalContract/CreditCardRegression/TC003_RentalContractInvoice_CC - Iteration 1" classname="Test Cases/Rental/Base_RentalContract/CreditCardRegression/TC003_RentalContractInvoice_CC" status="INCOMPLETE">
         <system-out><![CDATA[2017-11-14 12:33:45 - [TEST_CASE][INCOMPLETE] - Test Cases/Rental/Base_RentalContract/CreditCardRegression/TC003_RentalContractInvoice_CC - Iteration 1: null

2017-11-14 12:33:47 - [TEST_STEP][PASSED] - callTestCase: Call Test Case 'Test Cases/Rental/Base_RentalContract/Base_CreateRentalHeader' successfully

2017-11-14 12:33:47 - [TEST_CASE][PASSED] - Test Cases/Rental/Base_RentalContract/Base_CreateRentalHeader: Test Cases/Rental/Base_RentalContract/Base_CreateRentalHeader

2017-11-14 12:33:48 - [TEST_STEP][PASSED] - callTestCase: Call Test Case 'Test Cases/Common/Base_Common_OpenSession' successfully

2017-11-14 12:33:48 - [TEST_CASE][PASSED] - Test Cases/Common/Base_Common_OpenSession: Test Cases/Common/Base_Common_OpenSession

2017-11-14 12:33:48 - [TEST_STEP][PASSED] - openBrowser: Browser is opened with url: 'https://rgajbhiye:Robin$123@proxima-ln4.e-emphasys.com:8441/webui/servlet/login'

2017-11-14 12:33:57 - [MESSAGE][PASSED] - Browser is opened with url: 'https://rgajbhiye:Robin$123@proxima-ln4.e-emphasys.com:8441/webui/servlet/login'

2017-11-14 12:33:57 - [TEST_STEP][PASSED] - waitForPageLoad: Wait for page load successfully

2017-11-14 12:33:57 - [MESSAGE][PASSED] - Wait for page load successfully

2017-11-14 12:33:57 - [TEST_STEP][PASSED] - maximizeWindow: Current window maximized

2017-11-14 12:33:57 - [MESSAGE][PASSED] - Current window maximized

2017-11-14 12:33:57 - [TEST_STEP][PASSED] - click: Object: 'Object Repository/Common/HomePage/HomePage_more' is clicked on

2017-11-14 12:34:00 - [MESSAGE][PASSED] - Object: 'Object Repository/Common/HomePage/HomePage_more' is clicked on

2017-11-14 12:34:00 - [TEST_STEP][PASSED] - click: Object: 'Object Repository/Common/HomePage/HomePage_Option' is clicked on

2017-11-14 12:34:00 - [MESSAGE][PASSED] - Object: 'Object Repository/Common/HomePage/HomePage_Option' is clicked on

2017-11-14 12:34:00 - [TEST_STEP][PASSED] - click: Object: 'Object Repository/Common/HomePage/HomePage_RunProgram_' is clicked on

2017-11-14 12:34:00 - [MESSAGE][PASSED] - Object: 'Object Repository/Common/HomePage/HomePage_RunProgram_' is clicked on

2017-11-14 12:34:00 - [TEST_STEP][PASSED] - sendKeys: Keys 'erext4100s004' sent to object: 'Object Repository/Common/HomePage/HomePage_Session_ID'

2017-11-14 12:34:01 - [MESSAGE][PASSED] - Keys 'erext4100s004' sent to object: 'Object Repository/Common/HomePage/HomePage_Session_ID'

2017-11-14 12:34:01 - [TEST_STEP][PASSED] - click: Object: 'Object Repository/Common/HomePage/HomePage_OkButton' is clicked on

2017-11-14 12:34:01 - [MESSAGE][PASSED] - Object: 'Object Repository/Common/HomePage/HomePage_OkButton' is clicked on

2017-11-14 12:34:01 - [MESSAGE][PASSED] - Call Test Case 'Test Cases/Common/Base_Common_OpenSession' successfully

2017-11-14 12:34:01 - [TEST_STEP][PASSED] - click: Object: 'Object Repository/Rental/RentalHeader/RentalContract.Customer' is clicked on

2017-11-14 12:34:05 - [MESSAGE][PASSED] - Object: 'Object Repository/Rental/RentalHeader/RentalContract.Customer' is clicked on

2017-11-14 12:34:05 - [TEST_STEP][PASSED] - setText: Text 'M00000010' is set on object 'Object Repository/Rental/RentalHeader/RentalContract.Customer'

2017-11-14 12:34:05 - [MESSAGE][PASSED] - Text 'M00000010' is set on object 'Object Repository/Rental/RentalHeader/RentalContract.Customer'

2017-11-14 12:34:05 - [TEST_STEP][PASSED] - delay: Delayed 2 second(s)

2017-11-14 12:34:07 - [MESSAGE][PASSED] - Delayed 2 second(s)

2017-11-14 12:34:07 - [TEST_STEP][PASSED] - click: Object: 'Object Repository/Rental/RentalHeader/RentalContract.CustPO' is clicked on

2017-11-14 12:34:07 - [MESSAGE][PASSED] - Object: 'Object Repository/Rental/RentalHeader/RentalContract.CustPO' is clicked on

2017-11-14 12:34:07 - [TEST_STEP][PASSED] - delay: Delayed 3 second(s)

2017-11-14 12:34:10 - [MESSAGE][PASSED] - Delayed 3 second(s)

2017-11-14 12:34:10 - [TEST_STEP][PASSED] - click: Object: 'Object Repository/Rental/RentalHeader/RentalContract.OtherDetailsTab' is clicked on

2017-11-14 12:34:10 - [MESSAGE][PASSED] - Object: 'Object Repository/Rental/RentalHeader/RentalContract.OtherDetailsTab' is clicked on

2017-11-14 12:34:10 - [TEST_STEP][PASSED] - delay: Delayed 5 second(s)

2017-11-14 12:34:15 - [MESSAGE][PASSED] - Delayed 5 second(s)

2017-11-14 12:34:15 - [TEST_STEP][PASSED] - click: Object: 'Object Repository/Rental/RentalHeader/Rental Contract.ModeOfPayment' is clicked on

2017-11-14 12:34:16 - [MESSAGE][PASSED] - Object: 'Object Repository/Rental/RentalHeader/Rental Contract.ModeOfPayment' is clicked on

2017-11-14 12:34:16 - [TEST_STEP][PASSED] - delay: Delayed 2 second(s)

2017-11-14 12:34:18 - [MESSAGE][PASSED] - Delayed 2 second(s)

2017-11-14 12:34:18 - [TEST_STEP][PASSED] - click: Object: 'Object Repository/Rental/RentalHeader/RentalContract.CreditCardoption' is clicked on

2017-11-14 12:34:18 - [MESSAGE][PASSED] - Object: 'Object Repository/Rental/RentalHeader/RentalContract.CreditCardoption' is clicked on

2017-11-14 12:34:18 - [TEST_STEP][PASSED] - delay: Delayed 3 second(s)

2017-11-14 12:34:21 - [MESSAGE][PASSED] - Delayed 3 second(s)

2017-11-14 12:34:21 - [TEST_STEP][PASSED] - click: Object: 'Object Repository/Rental/RentalHeader/RentalContract.GeneralTab' is clicked on

2017-11-14 12:34:21 - [MESSAGE][PASSED] - Object: 'Object Repository/Rental/RentalHeader/RentalContract.GeneralTab' is clicked on

2017-11-14 12:34:21 - [TEST_STEP][PASSED] - delay: Delayed 5 second(s)

2017-11-14 12:34:26 - [MESSAGE][PASSED] - Delayed 5 second(s)

2017-11-14 12:34:26 - [TEST_STEP][PASSED] - click: Object: 'Object Repository/Rental/RentalHeader/RentalContract.Newbuttonline' is clicked on

2017-11-14 12:34:26 - [MESSAGE][PASSED] - Object: 'Object Repository/Rental/RentalHeader/RentalContract.Newbuttonline' is clicked on

2017-11-14 12:34:26 - [TEST_STEP][PASSED] - delay: Delayed 5 second(s)

2017-11-14 12:34:31 - [MESSAGE][PASSED] - Delayed 5 second(s)

2017-11-14 12:34:31 - [TEST_STEP][PASSED] - click: Object: 'Object Repository/Rental/RentalHeader/RentalContract.SetLine' is clicked on

2017-11-14 12:34:31 - [MESSAGE][PASSED] - Object: 'Object Repository/Rental/RentalHeader/RentalContract.SetLine' is clicked on

2017-11-14 12:34:31 - [TEST_STEP][PASSED] - delay: Delayed 5 second(s)

2017-11-14 12:34:36 - [MESSAGE][PASSED] - Delayed 5 second(s)

2017-11-14 12:34:36 - [TEST_STEP][PASSED] - scrollToElement: Scroll to object 'Object Repository/Rental/RentalHeader/RentalContract.Unit' successfully

2017-11-14 12:34:37 - [MESSAGE][PASSED] - Scroll to object 'Object Repository/Rental/RentalHeader/RentalContract.Unit' successfully

2017-11-14 12:34:37 - [TEST_STEP][PASSED] - delay: Delayed 3 second(s)

2017-11-14 12:34:40 - [MESSAGE][PASSED] - Delayed 3 second(s)

2017-11-14 12:34:40 - [TEST_STEP][NOT_RUN] - getText: NOT_RUN: getText

2017-11-14 12:34:40 - [MESSAGE][NOT_RUN] - NOT_RUN: getText

2017-11-14 12:34:40 - [TEST_STEP][PASSED] - click: Object: 'Object Repository/Rental/RentalHeader/RentalContract.Unit' is clicked on

2017-11-14 12:34:40 - [MESSAGE][PASSED] - Object: 'Object Repository/Rental/RentalHeader/RentalContract.Unit' is clicked on

2017-11-14 12:34:40 - [TEST_STEP][PASSED] - delay: Delayed 5 second(s)

2017-11-14 12:34:45 - [MESSAGE][PASSED] - Delayed 5 second(s)

2017-11-14 12:34:45 - [TEST_STEP][PASSED] - setText: Text 'MD0018251' is set on object 'Object Repository/Rental/RentalHeader/RentalContract.Unit'

2017-11-14 12:34:45 - [MESSAGE][PASSED] - Text 'MD0018251' is set on object 'Object Repository/Rental/RentalHeader/RentalContract.Unit'

2017-11-14 12:34:45 - [TEST_STEP][PASSED] - delay: Delayed 5 second(s)

2017-11-14 12:34:50 - [MESSAGE][PASSED] - Delayed 5 second(s)

2017-11-14 12:34:50 - [TEST_STEP][PASSED] - scrollToElement: Scroll to object 'Object Repository/Rental/RentalHeader/RentalContract.MultipleInsurence' successfully

2017-11-14 12:34:50 - [MESSAGE][PASSED] - Scroll to object 'Object Repository/Rental/RentalHeader/RentalContract.MultipleInsurence' successfully

2017-11-14 12:34:50 - [TEST_STEP][PASSED] - delay: Delayed 5 second(s)

2017-11-14 12:34:55 - [MESSAGE][PASSED] - Delayed 5 second(s)

2017-11-14 12:34:55 - [TEST_STEP][PASSED] - doubleClick: Object: 'Object Repository/Rental/RentalHeader/RentalContract.MultipleInsurence' is double clicked on

2017-11-14 12:34:55 - [MESSAGE][PASSED] - Object: 'Object Repository/Rental/RentalHeader/RentalContract.MultipleInsurence' is double clicked on

2017-11-14 12:34:55 - [TEST_STEP][PASSED] - delay: Delayed 5 second(s)

2017-11-14 12:35:00 - [MESSAGE][PASSED] - Delayed 5 second(s)

2017-11-14 12:35:00 - [TEST_STEP][PASSED] - click: Object: 'Object Repository/Rental/RentalHeader/RentalContract.MultipleInsurence' is clicked on

2017-11-14 12:35:01 - [MESSAGE][PASSED] - Object: 'Object Repository/Rental/RentalHeader/RentalContract.MultipleInsurence' is clicked on

2017-11-14 12:35:01 - [TEST_STEP][PASSED] - click: Object: 'Object Repository/Rental/RentalHeader/RentalContract.MultiInsNO' is clicked on

2017-11-14 12:35:01 - [MESSAGE][PASSED] - Object: 'Object Repository/Rental/RentalHeader/RentalContract.MultiInsNO' is clicked on

2017-11-14 12:35:01 - [TEST_STEP][PASSED] - delay: Delayed 5 second(s)

2017-11-14 12:35:06 - [MESSAGE][PASSED] - Delayed 5 second(s)

2017-11-14 12:35:06 - [TEST_STEP][PASSED] - scrollToElement: Scroll to object 'Object Repository/Rental/RentalHeader/RentalContract.GrossRateline' successfully

2017-11-14 12:35:06 - [MESSAGE][PASSED] - Scroll to object 'Object Repository/Rental/RentalHeader/RentalContract.GrossRateline' successfully

2017-11-14 12:35:06 - [TEST_STEP][NOT_RUN] - delay: NOT_RUN: delay

2017-11-14 12:35:06 - [MESSAGE][NOT_RUN] - NOT_RUN: delay

2017-11-14 12:35:06 - [TEST_STEP][PASSED] - doubleClick: Object: 'Object Repository/Rental/RentalHeader/RentalContract.GrossRateline' is double clicked on

2017-11-14 12:35:06 - [MESSAGE][PASSED] - Object: 'Object Repository/Rental/RentalHeader/RentalContract.GrossRateline' is double clicked on

2017-11-14 12:35:06 - [TEST_STEP][PASSED] - delay: Delayed 2 second(s)

2017-11-14 12:35:08 - [MESSAGE][PASSED] - Delayed 2 second(s)

2017-11-14 12:35:08 - [TEST_STEP][PASSED] - click: Object: 'Object Repository/Rental/RentalHeader/RentalContract.GrossRateline' is clicked on

2017-11-14 12:35:08 - [MESSAGE][PASSED] - Object: 'Object Repository/Rental/RentalHeader/RentalContract.GrossRateline' is clicked on

2017-11-14 12:35:08 - [TEST_STEP][PASSED] - delay: Delayed 2 second(s)

2017-11-14 12:35:10 - [MESSAGE][PASSED] - Delayed 2 second(s)

2017-11-14 12:35:10 - [TEST_STEP][PASSED] - setText: Text '100' is set on object 'Object Repository/Rental/RentalHeader/RentalContract.GrossRateline'

2017-11-14 12:35:10 - [MESSAGE][PASSED] - Text '100' is set on object 'Object Repository/Rental/RentalHeader/RentalContract.GrossRateline'

2017-11-14 12:35:10 - [TEST_STEP][PASSED] - delay: Delayed 4 second(s)

2017-11-14 12:35:14 - [MESSAGE][PASSED] - Delayed 4 second(s)

2017-11-14 12:35:14 - [TEST_STEP][PASSED] - click: Object: 'Object Repository/Rental/RentalHeader/RentalContract.SaveHeader' is clicked on

2017-11-14 12:35:15 - [MESSAGE][PASSED] - Object: 'Object Repository/Rental/RentalHeader/RentalContract.SaveHeader' is clicked on

2017-11-14 12:35:15 - [TEST_STEP][PASSED] - delay: Delayed 5 second(s)

2017-11-14 12:35:20 - [MESSAGE][PASSED] - Delayed 5 second(s)

2017-11-14 12:35:20 - [TEST_STEP][PASSED] - click: Object: 'Object Repository/Rental/RentalHeader/RentalContract.Action' is clicked on

2017-11-14 12:35:20 - [MESSAGE][PASSED] - Object: 'Object Repository/Rental/RentalHeader/RentalContract.Action' is clicked on

2017-11-14 12:35:20 - [TEST_STEP][PASSED] - delay: Delayed 8 second(s)

2017-11-14 12:35:28 - [MESSAGE][PASSED] - Delayed 8 second(s)

2017-11-14 12:35:28 - [TEST_STEP][PASSED] - click: Object: 'Object Repository/Rental/RentalHeader/RentalContract.Release' is clicked on

2017-11-14 12:35:28 - [MESSAGE][PASSED] - Object: 'Object Repository/Rental/RentalHeader/RentalContract.Release' is clicked on

2017-11-14 12:35:28 - [TEST_STEP][PASSED] - delay: Delayed 12 second(s)

2017-11-14 12:35:40 - [MESSAGE][PASSED] - Delayed 12 second(s)

2017-11-14 12:35:40 - [TEST_STEP][PASSED] - click: Object: 'Object Repository/Rental/RentalHeader/RentalContract.ActionDelivery' is clicked on

2017-11-14 12:35:40 - [MESSAGE][PASSED] - Object: 'Object Repository/Rental/RentalHeader/RentalContract.ActionDelivery' is clicked on

2017-11-14 12:35:40 - [TEST_STEP][PASSED] - delay: Delayed 6 second(s)

2017-11-14 12:35:46 - [MESSAGE][PASSED] - Delayed 6 second(s)

2017-11-14 12:35:46 - [TEST_STEP][PASSED] - click: Object: 'Object Repository/Rental/RentalHeader/RentalContract.ConfirmDelivery' is clicked on

2017-11-14 12:35:47 - [MESSAGE][PASSED] - Object: 'Object Repository/Rental/RentalHeader/RentalContract.ConfirmDelivery' is clicked on

2017-11-14 12:35:47 - [TEST_STEP][PASSED] - delay: Delayed 8 second(s)

2017-11-14 12:35:55 - [MESSAGE][PASSED] - Delayed 8 second(s)

2017-11-14 12:35:55 - [TEST_STEP][NOT_RUN] - waitForElementPresent: NOT_RUN: waitForElementPresent

2017-11-14 12:35:55 - [MESSAGE][NOT_RUN] - NOT_RUN: waitForElementPresent

2017-11-14 12:35:55 - [TEST_STEP][NOT_RUN] - delay: NOT_RUN: delay

2017-11-14 12:35:55 - [MESSAGE][NOT_RUN] - NOT_RUN: delay

2017-11-14 12:35:55 - [TEST_STEP][PASSED] - click: Object: 'Object Repository/Rental/RentalHeader/RentalContract.DeliveryProceed' is clicked on

2017-11-14 12:35:55 - [MESSAGE][PASSED] - Object: 'Object Repository/Rental/RentalHeader/RentalContract.DeliveryProceed' is clicked on

2017-11-14 12:35:55 - [TEST_STEP][PASSED] - delay: Delayed 12 second(s)

2017-11-14 12:36:07 - [MESSAGE][PASSED] - Delayed 12 second(s)

2017-11-14 12:36:07 - [TEST_STEP][NOT_RUN] - waitForElementPresent: NOT_RUN: waitForElementPresent

2017-11-14 12:36:07 - [MESSAGE][NOT_RUN] - NOT_RUN: waitForElementPresent

2017-11-14 12:36:07 - [TEST_STEP][NOT_RUN] - delay: NOT_RUN: delay

2017-11-14 12:36:07 - [MESSAGE][NOT_RUN] - NOT_RUN: delay

2017-11-14 12:36:07 - [TEST_STEP][NOT_RUN] - click: NOT_RUN: click

2017-11-14 12:36:07 - [MESSAGE][NOT_RUN] - NOT_RUN: click

2017-11-14 12:36:07 - [TEST_STEP][PASSED] - delay: Delayed 8 second(s)

2017-11-14 12:36:15 - [MESSAGE][PASSED] - Delayed 8 second(s)

2017-11-14 12:36:15 - [TEST_STEP][PASSED] - click: Object: 'Object Repository/Rental/RentalHeader/RentalContract.InspetionReportClose' is clicked on

2017-11-14 12:36:15 - [MESSAGE][PASSED] - Object: 'Object Repository/Rental/RentalHeader/RentalContract.InspetionReportClose' is clicked on

2017-11-14 12:36:15 - [TEST_STEP][PASSED] - delay: Delayed 5 second(s)

2017-11-14 12:36:20 - [MESSAGE][PASSED] - Delayed 5 second(s)

2017-11-14 12:36:20 - [TEST_STEP][PASSED] - click: Object: 'Object Repository/Rental/RentalHeader/RentalContract.BillofLaddingClosed' is clicked on

2017-11-14 12:36:20 - [MESSAGE][PASSED] - Object: 'Object Repository/Rental/RentalHeader/RentalContract.BillofLaddingClosed' is clicked on

2017-11-14 12:36:20 - [TEST_STEP][PASSED] - delay: Delayed 5 second(s)

2017-11-14 12:36:25 - [MESSAGE][PASSED] - Delayed 5 second(s)

2017-11-14 12:36:25 - [TEST_STEP][PASSED] - click: Object: 'Object Repository/Rental/RentalHeader/RentalContract.EqipRentalMemoclosed' is clicked on

2017-11-14 12:36:25 - [MESSAGE][PASSED] - Object: 'Object Repository/Rental/RentalHeader/RentalContract.EqipRentalMemoclosed' is clicked on

2017-11-14 12:36:25 - [TEST_STEP][PASSED] - delay: Delayed 5 second(s)

2017-11-14 12:36:30 - [MESSAGE][PASSED] - Delayed 5 second(s)

2017-11-14 12:36:30 - [TEST_STEP][PASSED] - click: Object: 'Object Repository/Rental/RentalHeader/RentalContract.InspectionOrdergnerated' is clicked on

2017-11-14 12:36:31 - [MESSAGE][PASSED] - Object: 'Object Repository/Rental/RentalHeader/RentalContract.InspectionOrdergnerated' is clicked on

2017-11-14 12:36:31 - [MESSAGE][PASSED] - Call Test Case 'Test Cases/Rental/Base_RentalContract/Base_CreateRentalHeader' successfully

2017-11-14 12:36:31 - [TEST_STEP][INCOMPLETE] - callTestCase: null

2017-11-14 12:36:31 - [TEST_CASE][INCOMPLETE] - Test Cases/Rental/Base_RentalContract/Base_CreateRentalInvoice_CC: null

2017-11-14 12:36:31 - [TEST_STEP][INCOMPLETE] - callTestCase: null

2017-11-14 12:36:31 - [TEST_CASE][INCOMPLETE] - Test Cases/Rental/Base_RentalContract/Base_CreateRentalHeader: null

2017-11-14 12:36:31 - [TEST_STEP][PASSED] - callTestCase: Call Test Case 'Test Cases/Common/Base_Common_OpenSession' successfully

2017-11-14 12:36:31 - [TEST_CASE][PASSED] - Test Cases/Common/Base_Common_OpenSession: Test Cases/Common/Base_Common_OpenSession

2017-11-14 12:36:31 - [TEST_STEP][PASSED] - openBrowser: Browser is opened with url: 'https://rgajbhiye:Robin$123@proxima-ln4.e-emphasys.com:8441/webui/servlet/login'

2017-11-14 12:36:31 - [MESSAGE][WARNING] - A browser is already opened. Closing browser and opening a new one

2017-11-14 12:36:42 - [MESSAGE][PASSED] - Browser is opened with url: 'https://rgajbhiye:Robin$123@proxima-ln4.e-emphasys.com:8441/webui/servlet/login'

2017-11-14 12:36:42 - [TEST_STEP][PASSED] - waitForPageLoad: Wait for page load successfully

2017-11-14 12:36:42 - [MESSAGE][PASSED] - Wait for page load successfully

2017-11-14 12:36:42 - [TEST_STEP][PASSED] - maximizeWindow: Current window maximized

2017-11-14 12:36:42 - [MESSAGE][PASSED] - Current window maximized

2017-11-14 12:36:42 - [TEST_STEP][PASSED] - click: Object: 'Object Repository/Common/HomePage/HomePage_more' is clicked on

2017-11-14 12:36:45 - [MESSAGE][PASSED] - Object: 'Object Repository/Common/HomePage/HomePage_more' is clicked on

2017-11-14 12:36:45 - [TEST_STEP][PASSED] - click: Object: 'Object Repository/Common/HomePage/HomePage_Option' is clicked on

2017-11-14 12:36:45 - [MESSAGE][PASSED] - Object: 'Object Repository/Common/HomePage/HomePage_Option' is clicked on

2017-11-14 12:36:45 - [TEST_STEP][PASSED] - click: Object: 'Object Repository/Common/HomePage/HomePage_RunProgram_' is clicked on

2017-11-14 12:36:45 - [MESSAGE][PASSED] - Object: 'Object Repository/Common/HomePage/HomePage_RunProgram_' is clicked on

2017-11-14 12:36:45 - [TEST_STEP][PASSED] - sendKeys: Keys 'erext4100s004' sent to object: 'Object Repository/Common/HomePage/HomePage_Session_ID'

2017-11-14 12:36:45 - [MESSAGE][PASSED] - Keys 'erext4100s004' sent to object: 'Object Repository/Common/HomePage/HomePage_Session_ID'

2017-11-14 12:36:45 - [TEST_STEP][PASSED] - click: Object: 'Object Repository/Common/HomePage/HomePage_OkButton' is clicked on

2017-11-14 12:36:46 - [MESSAGE][PASSED] - Object: 'Object Repository/Common/HomePage/HomePage_OkButton' is clicked on

2017-11-14 12:36:46 - [MESSAGE][PASSED] - Call Test Case 'Test Cases/Common/Base_Common_OpenSession' successfully

2017-11-14 12:36:46 - [TEST_STEP][PASSED] - click: Object: 'Object Repository/Rental/RentalHeader/RentalContract.Customer' is clicked on

2017-11-14 12:36:50 - [MESSAGE][PASSED] - Object: 'Object Repository/Rental/RentalHeader/RentalContract.Customer' is clicked on

2017-11-14 12:36:50 - [TEST_STEP][PASSED] - setText: Text '' is set on object 'Object Repository/Rental/RentalHeader/RentalContract.Customer'

2017-11-14 12:36:50 - [MESSAGE][PASSED] - Text '' is set on object 'Object Repository/Rental/RentalHeader/RentalContract.Customer'

2017-11-14 12:36:50 - [TEST_STEP][PASSED] - delay: Delayed 2 second(s)

2017-11-14 12:36:52 - [MESSAGE][PASSED] - Delayed 2 second(s)

2017-11-14 12:36:52 - [TEST_STEP][PASSED] - click: Object: 'Object Repository/Rental/RentalHeader/RentalContract.CustPO' is clicked on

2017-11-14 12:36:52 - [MESSAGE][PASSED] - Object: 'Object Repository/Rental/RentalHeader/RentalContract.CustPO' is clicked on

2017-11-14 12:36:52 - [TEST_STEP][PASSED] - delay: Delayed 3 second(s)

2017-11-14 12:36:55 - [MESSAGE][PASSED] - Delayed 3 second(s)

2017-11-14 12:36:55 - [TEST_STEP][FAILED] - click: Unable to click on object 'Object Repository/Rental/RentalHeader/RentalContract.OtherDetailsTab' (Root cause: org.openqa.selenium.WebDriverException: Element <div tabindex="-1" class="Tab" aria-selected="false" id="erext4100s004-0-pages-bar-page-3"></div> is not clickable at point (215, 111). Other element would receive the click: <div class="WindowManagerGlass" style="z-index: 1;"></div>
Command duration or timeout: 93 milliseconds
Build info: version: 'unknown', revision: 'unknown', time: 'unknown'
System info: host: 'ANIL110', ip: '192.168.25.228', os.name: 'Windows 7', os.arch: 'amd64', os.version: '6.1', java.version: '1.8.0_102'
Driver info: com.kms.katalon.core.webui.driver.firefox.CFirefoxDriver47
Capabilities [{applicationCacheEnabled=true, rotatable=false, handlesAlerts=true, databaseEnabled=true, version=56.0, platform=WINDOWS, nativeEvents=false, acceptSslCerts=true, webStorageEnabled=true, locationContextEnabled=true, browserName=firefox, takesScreenshot=true, javascriptEnabled=true, cssSelectorsEnabled=true}]
Session ID: ffddfbce-d4fa-4d1b-a139-d9bcec487c9b)

2017-11-14 12:36:56 - [MESSAGE][FAILED] - Unable to click on object 'Object Repository/Rental/RentalHeader/RentalContract.OtherDetailsTab' (Root cause: org.openqa.selenium.WebDriverException: Element <div tabindex="-1" class="Tab" aria-selected="false" id="erext4100s004-0-pages-bar-page-3"></div> is not clickable at point (215, 111). Other element would receive the click: <div class="WindowManagerGlass" style="z-index: 1;"></div>
Command duration or timeout: 93 milliseconds
Build info: version: 'unknown', revision: 'unknown', time: 'unknown'
System info: host: 'ANIL110', ip: '192.168.25.228', os.name: 'Windows 7', os.arch: 'amd64', os.version: '6.1', java.version: '1.8.0_102'
Driver info: com.kms.katalon.core.webui.driver.firefox.CFirefoxDriver47
Capabilities [{applicationCacheEnabled=true, rotatable=false, handlesAlerts=true, databaseEnabled=true, version=56.0, platform=WINDOWS, nativeEvents=false, acceptSslCerts=true, webStorageEnabled=true, locationContextEnabled=true, browserName=firefox, takesScreenshot=true, javascriptEnabled=true, cssSelectorsEnabled=true}]
Session ID: ffddfbce-d4fa-4d1b-a139-d9bcec487c9b)
[[ATTACHMENT|C:\\Users\\agawhande\\git\\CreditCard\\Reports\\CC_RentalInvoice\\20171114_123337\\1510643216170.png]]

2017-11-14 12:36:56 - [TEST_STEP][PASSED] - delay: Delayed 5 second(s)

2017-11-14 12:37:01 - [MESSAGE][PASSED] - Delayed 5 second(s)

2017-11-14 12:37:01 - [TEST_STEP][FAILED] - click: Unable to click on object 'Object Repository/Rental/RentalHeader/Rental Contract.ModeOfPayment' (Root cause: org.openqa.selenium.ElementNotVisibleException: Element is not currently visible and so may not be interacted with
Command duration or timeout: 14 milliseconds
Build info: version: 'unknown', revision: 'unknown', time: 'unknown'
System info: host: 'ANIL110', ip: '192.168.25.228', os.name: 'Windows 7', os.arch: 'amd64', os.version: '6.1', java.version: '1.8.0_102'
Driver info: com.kms.katalon.core.webui.driver.firefox.CFirefoxDriver47
Capabilities [{applicationCacheEnabled=true, rotatable=false, handlesAlerts=true, databaseEnabled=true, version=56.0, platform=WINDOWS, nativeEvents=false, acceptSslCerts=true, webStorageEnabled=true, locationContextEnabled=true, browserName=firefox, takesScreenshot=true, javascriptEnabled=true, cssSelectorsEnabled=true}]
Session ID: ffddfbce-d4fa-4d1b-a139-d9bcec487c9b)

2017-11-14 12:37:01 - [MESSAGE][FAILED] - Unable to click on object 'Object Repository/Rental/RentalHeader/Rental Contract.ModeOfPayment' (Root cause: org.openqa.selenium.ElementNotVisibleException: Element is not currently visible and so may not be interacted with
Command duration or timeout: 14 milliseconds
Build info: version: 'unknown', revision: 'unknown', time: 'unknown'
System info: host: 'ANIL110', ip: '192.168.25.228', os.name: 'Windows 7', os.arch: 'amd64', os.version: '6.1', java.version: '1.8.0_102'
Driver info: com.kms.katalon.core.webui.driver.firefox.CFirefoxDriver47
Capabilities [{applicationCacheEnabled=true, rotatable=false, handlesAlerts=true, databaseEnabled=true, version=56.0, platform=WINDOWS, nativeEvents=false, acceptSslCerts=true, webStorageEnabled=true, locationContextEnabled=true, browserName=firefox, takesScreenshot=true, javascriptEnabled=true, cssSelectorsEnabled=true}]
Session ID: ffddfbce-d4fa-4d1b-a139-d9bcec487c9b)
[[ATTACHMENT|C:\\Users\\agawhande\\git\\CreditCard\\Reports\\CC_RentalInvoice\\20171114_123337\\1510643221451.png]]

2017-11-14 12:37:01 - [TEST_STEP][PASSED] - delay: Delayed 2 second(s)

2017-11-14 12:37:03 - [MESSAGE][PASSED] - Delayed 2 second(s)

2017-11-14 12:37:03 - [TEST_STEP][FAILED] - click: Unable to click on object 'Object Repository/Rental/RentalHeader/RentalContract.CreditCardoption' (Root cause: com.kms.katalon.core.webui.exception.WebElementNotFoundException: Web element with id: 'Object Repository/Rental/RentalHeader/RentalContract.CreditCardoption' located by 'By.xpath: //*[@id = 'item_1-label']' not found)

2017-11-14 12:37:35 - [MESSAGE][FAILED] - Unable to click on object 'Object Repository/Rental/RentalHeader/RentalContract.CreditCardoption' (Root cause: com.kms.katalon.core.webui.exception.WebElementNotFoundException: Web element with id: 'Object Repository/Rental/RentalHeader/RentalContract.CreditCardoption' located by 'By.xpath: //*[@id = 'item_1-label']' not found)
[[ATTACHMENT|C:\\Users\\agawhande\\git\\CreditCard\\Reports\\CC_RentalInvoice\\20171114_123337\\1510643255736.png]]

2017-11-14 12:37:35 - [TEST_STEP][PASSED] - delay: Delayed 3 second(s)

2017-11-14 12:37:38 - [MESSAGE][PASSED] - Delayed 3 second(s)

2017-11-14 12:37:38 - [TEST_STEP][PASSED] - click: Object: 'Object Repository/Rental/RentalHeader/RentalContract.GeneralTab' is clicked on

2017-11-14 12:37:39 - [MESSAGE][PASSED] - Object: 'Object Repository/Rental/RentalHeader/RentalContract.GeneralTab' is clicked on

2017-11-14 12:37:39 - [TEST_STEP][PASSED] - delay: Delayed 5 second(s)

2017-11-14 12:37:44 - [MESSAGE][PASSED] - Delayed 5 second(s)

2017-11-14 12:37:44 - [TEST_STEP][PASSED] - click: Object: 'Object Repository/Rental/RentalHeader/RentalContract.Newbuttonline' is clicked on

2017-11-14 12:37:44 - [MESSAGE][PASSED] - Object: 'Object Repository/Rental/RentalHeader/RentalContract.Newbuttonline' is clicked on

2017-11-14 12:37:44 - [TEST_STEP][PASSED] - delay: Delayed 5 second(s)

2017-11-14 12:37:49 - [MESSAGE][PASSED] - Delayed 5 second(s)

2017-11-14 12:37:49 - [TEST_STEP][FAILED] - click: Unable to click on object 'Object Repository/Rental/RentalHeader/RentalContract.SetLine' (Root cause: com.kms.katalon.core.webui.exception.WebElementNotFoundException: Web element with id: 'Object Repository/Rental/RentalHeader/RentalContract.SetLine' located by 'By.xpath: //*[@id = 'erext4501m001-1-grid-1-erext401.cset-1-0-widget']' not found)

2017-11-14 12:38:21 - [MESSAGE][FAILED] - Unable to click on object 'Object Repository/Rental/RentalHeader/RentalContract.SetLine' (Root cause: com.kms.katalon.core.webui.exception.WebElementNotFoundException: Web element with id: 'Object Repository/Rental/RentalHeader/RentalContract.SetLine' located by 'By.xpath: //*[@id = 'erext4501m001-1-grid-1-erext401.cset-1-0-widget']' not found)
[[ATTACHMENT|C:\\Users\\agawhande\\git\\CreditCard\\Reports\\CC_RentalInvoice\\20171114_123337\\1510643301315.png]]

2017-11-14 12:38:21 - [TEST_STEP][PASSED] - delay: Delayed 5 second(s)

2017-11-14 12:38:26 - [MESSAGE][PASSED] - Delayed 5 second(s)

2017-11-14 12:38:26 - [TEST_STEP][FAILED] - scrollToElement: Unable to scroll to object 'Object Repository/Rental/RentalHeader/RentalContract.Unit' (Root cause: com.kms.katalon.core.webui.exception.WebElementNotFoundException: Web element with id: 'Object Repository/Rental/RentalHeader/RentalContract.Unit' located by 'By.xpath: //*[@id = 'erext4501m001-1-grid-1-erext401.clot-11-0-widget']' not found)

2017-11-14 12:38:58 - [MESSAGE][FAILED] - Unable to scroll to object 'Object Repository/Rental/RentalHeader/RentalContract.Unit' (Root cause: com.kms.katalon.core.webui.exception.WebElementNotFoundException: Web element with id: 'Object Repository/Rental/RentalHeader/RentalContract.Unit' located by 'By.xpath: //*[@id = 'erext4501m001-1-grid-1-erext401.clot-11-0-widget']' not found)
[[ATTACHMENT|C:\\Users\\agawhande\\git\\CreditCard\\Reports\\CC_RentalInvoice\\20171114_123337\\1510643338278.png]]

2017-11-14 12:38:58 - [TEST_STEP][PASSED] - delay: Delayed 3 second(s)

2017-11-14 12:39:01 - [MESSAGE][PASSED] - Delayed 3 second(s)

2017-11-14 12:39:01 - [TEST_STEP][NOT_RUN] - getText: NOT_RUN: getText

2017-11-14 12:39:01 - [MESSAGE][NOT_RUN] - NOT_RUN: getText

2017-11-14 12:39:01 - [TEST_STEP][FAILED] - click: Unable to click on object 'Object Repository/Rental/RentalHeader/RentalContract.Unit' (Root cause: com.kms.katalon.core.webui.exception.WebElementNotFoundException: Web element with id: 'Object Repository/Rental/RentalHeader/RentalContract.Unit' located by 'By.xpath: //*[@id = 'erext4501m001-1-grid-1-erext401.clot-11-0-widget']' not found)

2017-11-14 12:39:33 - [MESSAGE][FAILED] - Unable to click on object 'Object Repository/Rental/RentalHeader/RentalContract.Unit' (Root cause: com.kms.katalon.core.webui.exception.WebElementNotFoundException: Web element with id: 'Object Repository/Rental/RentalHeader/RentalContract.Unit' located by 'By.xpath: //*[@id = 'erext4501m001-1-grid-1-erext401.clot-11-0-widget']' not found)
[[ATTACHMENT|C:\\Users\\agawhande\\git\\CreditCard\\Reports\\CC_RentalInvoice\\20171114_123337\\1510643373409.png]]

2017-11-14 12:39:33 - [TEST_STEP][PASSED] - delay: Delayed 5 second(s)

2017-11-14 12:39:38 - [MESSAGE][PASSED] - Delayed 5 second(s)

2017-11-14 12:39:38 - [TEST_STEP][FAILED] - setText: Unable to set text '' of object 'Object Repository/Rental/RentalHeader/RentalContract.Unit' (Root cause: com.kms.katalon.core.webui.exception.WebElementNotFoundException: Web element with id: 'Object Repository/Rental/RentalHeader/RentalContract.Unit' located by 'By.xpath: //*[@id = 'erext4501m001-1-grid-1-erext401.clot-11-0-widget']' not found)

2017-11-14 12:40:10 - [MESSAGE][FAILED] - Unable to set text '' of object 'Object Repository/Rental/RentalHeader/RentalContract.Unit' (Root cause: com.kms.katalon.core.webui.exception.WebElementNotFoundException: Web element with id: 'Object Repository/Rental/RentalHeader/RentalContract.Unit' located by 'By.xpath: //*[@id = 'erext4501m001-1-grid-1-erext401.clot-11-0-widget']' not found)
[[ATTACHMENT|C:\\Users\\agawhande\\git\\CreditCard\\Reports\\CC_RentalInvoice\\20171114_123337\\1510643410437.png]]

2017-11-14 12:40:10 - [TEST_STEP][PASSED] - delay: Delayed 5 second(s)

2017-11-14 12:40:15 - [MESSAGE][PASSED] - Delayed 5 second(s)

2017-11-14 12:40:15 - [TEST_STEP][FAILED] - scrollToElement: Unable to scroll to object 'Object Repository/Rental/RentalHeader/RentalContract.MultipleInsurence' (Root cause: com.kms.katalon.core.webui.exception.WebElementNotFoundException: Web element with id: 'Object Repository/Rental/RentalHeader/RentalContract.MultipleInsurence' located by 'By.xpath: //*[@id = 'erext4501m001-1-grid-1-erext401.muin-29-0-widget']' not found)

2017-11-14 12:40:47 - [MESSAGE][FAILED] - Unable to scroll to object 'Object Repository/Rental/RentalHeader/RentalContract.MultipleInsurence' (Root cause: com.kms.katalon.core.webui.exception.WebElementNotFoundException: Web element with id: 'Object Repository/Rental/RentalHeader/RentalContract.MultipleInsurence' located by 'By.xpath: //*[@id = 'erext4501m001-1-grid-1-erext401.muin-29-0-widget']' not found)
[[ATTACHMENT|C:\\Users\\agawhande\\git\\CreditCard\\Reports\\CC_RentalInvoice\\20171114_123337\\1510643447350.png]]

2017-11-14 12:40:47 - [TEST_STEP][PASSED] - delay: Delayed 5 second(s)

2017-11-14 12:40:52 - [MESSAGE][PASSED] - Delayed 5 second(s)

2017-11-14 12:40:52 - [TEST_STEP][FAILED] - doubleClick: Unable to double click on object 'Object Repository/Rental/RentalHeader/RentalContract.MultipleInsurence' (Root cause: com.kms.katalon.core.webui.exception.WebElementNotFoundException: Web element with id: 'Object Repository/Rental/RentalHeader/RentalContract.MultipleInsurence' located by 'By.xpath: //*[@id = 'erext4501m001-1-grid-1-erext401.muin-29-0-widget']' not found)

2017-11-14 12:41:24 - [MESSAGE][FAILED] - Unable to double click on object 'Object Repository/Rental/RentalHeader/RentalContract.MultipleInsurence' (Root cause: com.kms.katalon.core.webui.exception.WebElementNotFoundException: Web element with id: 'Object Repository/Rental/RentalHeader/RentalContract.MultipleInsurence' located by 'By.xpath: //*[@id = 'erext4501m001-1-grid-1-erext401.muin-29-0-widget']' not found)
[[ATTACHMENT|C:\\Users\\agawhande\\git\\CreditCard\\Reports\\CC_RentalInvoice\\20171114_123337\\1510643484444.png]]

2017-11-14 12:41:24 - [TEST_STEP][PASSED] - delay: Delayed 5 second(s)

2017-11-14 12:41:29 - [MESSAGE][PASSED] - Delayed 5 second(s)

2017-11-14 12:41:29 - [TEST_STEP][FAILED] - click: Unable to click on object 'Object Repository/Rental/RentalHeader/RentalContract.MultipleInsurence' (Root cause: com.kms.katalon.core.webui.exception.WebElementNotFoundException: Web element with id: 'Object Repository/Rental/RentalHeader/RentalContract.MultipleInsurence' located by 'By.xpath: //*[@id = 'erext4501m001-1-grid-1-erext401.muin-29-0-widget']' not found)

2017-11-14 12:42:01 - [MESSAGE][FAILED] - Unable to click on object 'Object Repository/Rental/RentalHeader/RentalContract.MultipleInsurence' (Root cause: com.kms.katalon.core.webui.exception.WebElementNotFoundException: Web element with id: 'Object Repository/Rental/RentalHeader/RentalContract.MultipleInsurence' located by 'By.xpath: //*[@id = 'erext4501m001-1-grid-1-erext401.muin-29-0-widget']' not found)
[[ATTACHMENT|C:\\Users\\agawhande\\git\\CreditCard\\Reports\\CC_RentalInvoice\\20171114_123337\\1510643521503.png]]

2017-11-14 12:42:01 - [TEST_STEP][FAILED] - click: Unable to click on object 'Object Repository/Rental/RentalHeader/RentalContract.MultiInsNO' (Root cause: com.kms.katalon.core.webui.exception.WebElementNotFoundException: Web element with id: 'Object Repository/Rental/RentalHeader/RentalContract.MultiInsNO' located by 'By.xpath: //*[@id = 'item_1']' not found)

2017-11-14 12:42:34 - [MESSAGE][FAILED] - Unable to click on object 'Object Repository/Rental/RentalHeader/RentalContract.MultiInsNO' (Root cause: com.kms.katalon.core.webui.exception.WebElementNotFoundException: Web element with id: 'Object Repository/Rental/RentalHeader/RentalContract.MultiInsNO' located by 'By.xpath: //*[@id = 'item_1']' not found)
[[ATTACHMENT|C:\\Users\\agawhande\\git\\CreditCard\\Reports\\CC_RentalInvoice\\20171114_123337\\1510643553780.png]]

2017-11-14 12:42:34 - [TEST_STEP][PASSED] - delay: Delayed 5 second(s)

2017-11-14 12:42:39 - [MESSAGE][PASSED] - Delayed 5 second(s)

2017-11-14 12:42:39 - [TEST_STEP][FAILED] - scrollToElement: Unable to scroll to object 'Object Repository/Rental/RentalHeader/RentalContract.GrossRateline' (Root cause: com.kms.katalon.core.webui.exception.WebElementNotFoundException: Web element with id: 'Object Repository/Rental/RentalHeader/RentalContract.GrossRateline' located by 'By.xpath: //*[@id = 'erext4501m001-1-grid-1-erext401.prwd-36-0-widget']' not found)

2017-11-14 12:43:10 - [MESSAGE][FAILED] - Unable to scroll to object 'Object Repository/Rental/RentalHeader/RentalContract.GrossRateline' (Root cause: com.kms.katalon.core.webui.exception.WebElementNotFoundException: Web element with id: 'Object Repository/Rental/RentalHeader/RentalContract.GrossRateline' located by 'By.xpath: //*[@id = 'erext4501m001-1-grid-1-erext401.prwd-36-0-widget']' not found)
[[ATTACHMENT|C:\\Users\\agawhande\\git\\CreditCard\\Reports\\CC_RentalInvoice\\20171114_123337\\1510643590772.png]]

2017-11-14 12:43:10 - [TEST_STEP][NOT_RUN] - delay: NOT_RUN: delay

2017-11-14 12:43:10 - [MESSAGE][NOT_RUN] - NOT_RUN: delay

2017-11-14 12:43:10 - [TEST_STEP][FAILED] - doubleClick: Unable to double click on object 'Object Repository/Rental/RentalHeader/RentalContract.GrossRateline' (Root cause: com.kms.katalon.core.webui.exception.WebElementNotFoundException: Web element with id: 'Object Repository/Rental/RentalHeader/RentalContract.GrossRateline' located by 'By.xpath: //*[@id = 'erext4501m001-1-grid-1-erext401.prwd-36-0-widget']' not found)

2017-11-14 12:43:42 - [MESSAGE][FAILED] - Unable to double click on object 'Object Repository/Rental/RentalHeader/RentalContract.GrossRateline' (Root cause: com.kms.katalon.core.webui.exception.WebElementNotFoundException: Web element with id: 'Object Repository/Rental/RentalHeader/RentalContract.GrossRateline' located by 'By.xpath: //*[@id = 'erext4501m001-1-grid-1-erext401.prwd-36-0-widget']' not found)
[[ATTACHMENT|C:\\Users\\agawhande\\git\\CreditCard\\Reports\\CC_RentalInvoice\\20171114_123337\\1510643622333.png]]

2017-11-14 12:43:42 - [TEST_STEP][PASSED] - delay: Delayed 2 second(s)

2017-11-14 12:43:44 - [MESSAGE][PASSED] - Delayed 2 second(s)

2017-11-14 12:43:44 - [TEST_STEP][FAILED] - click: Unable to click on object 'Object Repository/Rental/RentalHeader/RentalContract.GrossRateline' (Root cause: com.kms.katalon.core.webui.exception.WebElementNotFoundException: Web element with id: 'Object Repository/Rental/RentalHeader/RentalContract.GrossRateline' located by 'By.xpath: //*[@id = 'erext4501m001-1-grid-1-erext401.prwd-36-0-widget']' not found)

2017-11-14 12:44:16 - [MESSAGE][FAILED] - Unable to click on object 'Object Repository/Rental/RentalHeader/RentalContract.GrossRateline' (Root cause: com.kms.katalon.core.webui.exception.WebElementNotFoundException: Web element with id: 'Object Repository/Rental/RentalHeader/RentalContract.GrossRateline' located by 'By.xpath: //*[@id = 'erext4501m001-1-grid-1-erext401.prwd-36-0-widget']' not found)
[[ATTACHMENT|C:\\Users\\agawhande\\git\\CreditCard\\Reports\\CC_RentalInvoice\\20171114_123337\\1510643655905.png]]

2017-11-14 12:44:16 - [TEST_STEP][PASSED] - delay: Delayed 2 second(s)

2017-11-14 12:44:18 - [MESSAGE][PASSED] - Delayed 2 second(s)

2017-11-14 12:44:18 - [TEST_STEP][FAILED] - setText: Unable to set text '100' of object 'Object Repository/Rental/RentalHeader/RentalContract.GrossRateline' (Root cause: com.kms.katalon.core.webui.exception.WebElementNotFoundException: Web element with id: 'Object Repository/Rental/RentalHeader/RentalContract.GrossRateline' located by 'By.xpath: //*[@id = 'erext4501m001-1-grid-1-erext401.prwd-36-0-widget']' not found)

2017-11-14 12:44:49 - [MESSAGE][FAILED] - Unable to set text '100' of object 'Object Repository/Rental/RentalHeader/RentalContract.GrossRateline' (Root cause: com.kms.katalon.core.webui.exception.WebElementNotFoundException: Web element with id: 'Object Repository/Rental/RentalHeader/RentalContract.GrossRateline' located by 'By.xpath: //*[@id = 'erext4501m001-1-grid-1-erext401.prwd-36-0-widget']' not found)
[[ATTACHMENT|C:\\Users\\agawhande\\git\\CreditCard\\Reports\\CC_RentalInvoice\\20171114_123337\\1510643689452.png]]

2017-11-14 12:44:49 - [TEST_STEP][PASSED] - delay: Delayed 4 second(s)

2017-11-14 12:44:53 - [MESSAGE][PASSED] - Delayed 4 second(s)

2017-11-14 12:44:53 - [TEST_STEP][FAILED] - click: Unable to click on object 'Object Repository/Rental/RentalHeader/RentalContract.SaveHeader' (Root cause: org.openqa.selenium.WebDriverException: Element <div tabindex="0" class="Button" id="erext4100s004-0-button-std-file.save" draggable="true"></div> is not clickable at point (51, 79). Other element would receive the click: <div class="WindowManagerGlass" style="z-index: 1;"></div>
Command duration or timeout: 83 milliseconds
Build info: version: 'unknown', revision: 'unknown', time: 'unknown'
System info: host: 'ANIL110', ip: '192.168.25.228', os.name: 'Windows 7', os.arch: 'amd64', os.version: '6.1', java.version: '1.8.0_102'
Driver info: com.kms.katalon.core.webui.driver.firefox.CFirefoxDriver47
Capabilities [{applicationCacheEnabled=true, rotatable=false, handlesAlerts=true, databaseEnabled=true, version=56.0, platform=WINDOWS, nativeEvents=false, acceptSslCerts=true, webStorageEnabled=true, locationContextEnabled=true, browserName=firefox, takesScreenshot=true, javascriptEnabled=true, cssSelectorsEnabled=true}]
Session ID: ffddfbce-d4fa-4d1b-a139-d9bcec487c9b)

2017-11-14 12:44:53 - [MESSAGE][FAILED] - Unable to click on object 'Object Repository/Rental/RentalHeader/RentalContract.SaveHeader' (Root cause: org.openqa.selenium.WebDriverException: Element <div tabindex="0" class="Button" id="erext4100s004-0-button-std-file.save" draggable="true"></div> is not clickable at point (51, 79). Other element would receive the click: <div class="WindowManagerGlass" style="z-index: 1;"></div>
Command duration or timeout: 83 milliseconds
Build info: version: 'unknown', revision: 'unknown', time: 'unknown'
System info: host: 'ANIL110', ip: '192.168.25.228', os.name: 'Windows 7', os.arch: 'amd64', os.version: '6.1', java.version: '1.8.0_102'
Driver info: com.kms.katalon.core.webui.driver.firefox.CFirefoxDriver47
Capabilities [{applicationCacheEnabled=true, rotatable=false, handlesAlerts=true, databaseEnabled=true, version=56.0, platform=WINDOWS, nativeEvents=false, acceptSslCerts=true, webStorageEnabled=true, locationContextEnabled=true, browserName=firefox, takesScreenshot=true, javascriptEnabled=true, cssSelectorsEnabled=true}]
Session ID: ffddfbce-d4fa-4d1b-a139-d9bcec487c9b)
[[ATTACHMENT|C:\\Users\\agawhande\\git\\CreditCard\\Reports\\CC_RentalInvoice\\20171114_123337\\1510643693764.png]]

2017-11-14 12:44:53 - [TEST_STEP][PASSED] - delay: Delayed 5 second(s)

2017-11-14 12:44:58 - [MESSAGE][PASSED] - Delayed 5 second(s)

2017-11-14 12:44:58 - [TEST_STEP][FAILED] - click: Unable to click on object 'Object Repository/Rental/RentalHeader/RentalContract.Action' (Root cause: org.openqa.selenium.WebDriverException: Element <div tabindex="0" class="Button MenuButton TextButton" id="erext4501m001-1-button-std:action"></div> is not clickable at point (708, 446.01666259765625). Other element would receive the click: <div class="WindowManagerGlass" style="z-index: 1;"></div>
Command duration or timeout: 88 milliseconds
Build info: version: 'unknown', revision: 'unknown', time: 'unknown'
System info: host: 'ANIL110', ip: '192.168.25.228', os.name: 'Windows 7', os.arch: 'amd64', os.version: '6.1', java.version: '1.8.0_102'
Driver info: com.kms.katalon.core.webui.driver.firefox.CFirefoxDriver47
Capabilities [{applicationCacheEnabled=true, rotatable=false, handlesAlerts=true, databaseEnabled=true, version=56.0, platform=WINDOWS, nativeEvents=false, acceptSslCerts=true, webStorageEnabled=true, locationContextEnabled=true, browserName=firefox, takesScreenshot=true, javascriptEnabled=true, cssSelectorsEnabled=true}]
Session ID: ffddfbce-d4fa-4d1b-a139-d9bcec487c9b)

2017-11-14 12:44:59 - [MESSAGE][FAILED] - Unable to click on object 'Object Repository/Rental/RentalHeader/RentalContract.Action' (Root cause: org.openqa.selenium.WebDriverException: Element <div tabindex="0" class="Button MenuButton TextButton" id="erext4501m001-1-button-std:action"></div> is not clickable at point (708, 446.01666259765625). Other element would receive the click: <div class="WindowManagerGlass" style="z-index: 1;"></div>
Command duration or timeout: 88 milliseconds
Build info: version: 'unknown', revision: 'unknown', time: 'unknown'
System info: host: 'ANIL110', ip: '192.168.25.228', os.name: 'Windows 7', os.arch: 'amd64', os.version: '6.1', java.version: '1.8.0_102'
Driver info: com.kms.katalon.core.webui.driver.firefox.CFirefoxDriver47
Capabilities [{applicationCacheEnabled=true, rotatable=false, handlesAlerts=true, databaseEnabled=true, version=56.0, platform=WINDOWS, nativeEvents=false, acceptSslCerts=true, webStorageEnabled=true, locationContextEnabled=true, browserName=firefox, takesScreenshot=true, javascriptEnabled=true, cssSelectorsEnabled=true}]
Session ID: ffddfbce-d4fa-4d1b-a139-d9bcec487c9b)
[[ATTACHMENT|C:\\Users\\agawhande\\git\\CreditCard\\Reports\\CC_RentalInvoice\\20171114_123337\\1510643699041.png]]

2017-11-14 12:44:59 - [TEST_STEP][PASSED] - delay: Delayed 8 second(s)

2017-11-14 12:45:07 - [MESSAGE][PASSED] - Delayed 8 second(s)

2017-11-14 12:45:07 - [TEST_STEP][FAILED] - click: Unable to click on object 'Object Repository/Rental/RentalHeader/RentalContract.Release' (Root cause: com.kms.katalon.core.webui.exception.WebElementNotFoundException: Web element with id: 'Object Repository/Rental/RentalHeader/RentalContract.Release' located by 'By.xpath: //*[@id = 'erext4501m001-1-menu-std:action-form-to.erext4201m001']' not found)

2017-11-14 12:45:39 - [MESSAGE][FAILED] - Unable to click on object 'Object Repository/Rental/RentalHeader/RentalContract.Release' (Root cause: com.kms.katalon.core.webui.exception.WebElementNotFoundException: Web element with id: 'Object Repository/Rental/RentalHeader/RentalContract.Release' located by 'By.xpath: //*[@id = 'erext4501m001-1-menu-std:action-form-to.erext4201m001']' not found)
[[ATTACHMENT|C:\\Users\\agawhande\\git\\CreditCard\\Reports\\CC_RentalInvoice\\20171114_123337\\1510643739419.png]]

2017-11-14 12:45:39 - [TEST_STEP][PASSED] - delay: Delayed 12 second(s)

2017-11-14 12:45:51 - [MESSAGE][PASSED] - Delayed 12 second(s)

2017-11-14 12:45:51 - [TEST_STEP][FAILED] - click: Unable to click on object 'Object Repository/Rental/RentalHeader/RentalContract.ActionDelivery' (Root cause: com.kms.katalon.core.webui.exception.WebElementNotFoundException: Web element with id: 'Object Repository/Rental/RentalHeader/RentalContract.ActionDelivery' located by 'By.xpath: //*[@id = 'erext9502m001-2-button-std:action']' not found)

2017-11-14 12:46:23 - [MESSAGE][FAILED] - Unable to click on object 'Object Repository/Rental/RentalHeader/RentalContract.ActionDelivery' (Root cause: com.kms.katalon.core.webui.exception.WebElementNotFoundException: Web element with id: 'Object Repository/Rental/RentalHeader/RentalContract.ActionDelivery' located by 'By.xpath: //*[@id = 'erext9502m001-2-button-std:action']' not found)
[[ATTACHMENT|C:\\Users\\agawhande\\git\\CreditCard\\Reports\\CC_RentalInvoice\\20171114_123337\\1510643783209.png]]

2017-11-14 12:46:23 - [TEST_STEP][PASSED] - delay: Delayed 6 second(s)

2017-11-14 12:46:29 - [MESSAGE][PASSED] - Delayed 6 second(s)

2017-11-14 12:46:29 - [TEST_STEP][FAILED] - click: Unable to click on object 'Object Repository/Rental/RentalHeader/RentalContract.ConfirmDelivery' (Root cause: com.kms.katalon.core.webui.exception.WebElementNotFoundException: Web element with id: 'Object Repository/Rental/RentalHeader/RentalContract.ConfirmDelivery' located by 'By.xpath: //*[@id = 'erext9502m001-2-menu-std:action-form-confirm.delv']' not found)

2017-11-14 12:47:00 - [MESSAGE][FAILED] - Unable to click on object 'Object Repository/Rental/RentalHeader/RentalContract.ConfirmDelivery' (Root cause: com.kms.katalon.core.webui.exception.WebElementNotFoundException: Web element with id: 'Object Repository/Rental/RentalHeader/RentalContract.ConfirmDelivery' located by 'By.xpath: //*[@id = 'erext9502m001-2-menu-std:action-form-confirm.delv']' not found)
[[ATTACHMENT|C:\\Users\\agawhande\\git\\CreditCard\\Reports\\CC_RentalInvoice\\20171114_123337\\1510643820610.png]]

2017-11-14 12:47:00 - [TEST_STEP][PASSED] - delay: Delayed 8 second(s)

2017-11-14 12:47:08 - [MESSAGE][PASSED] - Delayed 8 second(s)

2017-11-14 12:47:08 - [TEST_STEP][NOT_RUN] - waitForElementPresent: NOT_RUN: waitForElementPresent

2017-11-14 12:47:08 - [MESSAGE][NOT_RUN] - NOT_RUN: waitForElementPresent

2017-11-14 12:47:08 - [TEST_STEP][NOT_RUN] - delay: NOT_RUN: delay

2017-11-14 12:47:08 - [MESSAGE][NOT_RUN] - NOT_RUN: delay

2017-11-14 12:47:08 - [TEST_STEP][FAILED] - click: Unable to click on object 'Object Repository/Rental/RentalHeader/RentalContract.DeliveryProceed' (Root cause: com.kms.katalon.core.webui.exception.WebElementNotFoundException: Web element with id: 'Object Repository/Rental/RentalHeader/RentalContract.DeliveryProceed' located by 'By.xpath: //*[@id = 'dlg-erext9502m001-2-input-button-0']' not found)

2017-11-14 12:47:40 - [MESSAGE][FAILED] - Unable to click on object 'Object Repository/Rental/RentalHeader/RentalContract.DeliveryProceed' (Root cause: com.kms.katalon.core.webui.exception.WebElementNotFoundException: Web element with id: 'Object Repository/Rental/RentalHeader/RentalContract.DeliveryProceed' located by 'By.xpath: //*[@id = 'dlg-erext9502m001-2-input-button-0']' not found)
[[ATTACHMENT|C:\\Users\\agawhande\\git\\CreditCard\\Reports\\CC_RentalInvoice\\20171114_123337\\1510643860135.png]]

2017-11-14 12:47:40 - [TEST_STEP][PASSED] - delay: Delayed 12 second(s)

2017-11-14 12:47:52 - [MESSAGE][PASSED] - Delayed 12 second(s)

2017-11-14 12:47:52 - [TEST_STEP][NOT_RUN] - waitForElementPresent: NOT_RUN: waitForElementPresent

2017-11-14 12:47:52 - [MESSAGE][NOT_RUN] - NOT_RUN: waitForElementPresent

2017-11-14 12:47:52 - [TEST_STEP][NOT_RUN] - delay: NOT_RUN: delay

2017-11-14 12:47:52 - [MESSAGE][NOT_RUN] - NOT_RUN: delay

2017-11-14 12:47:52 - [TEST_STEP][NOT_RUN] - click: NOT_RUN: click

2017-11-14 12:47:52 - [MESSAGE][NOT_RUN] - NOT_RUN: click

2017-11-14 12:47:52 - [TEST_STEP][PASSED] - delay: Delayed 8 second(s)

2017-11-14 12:48:00 - [MESSAGE][PASSED] - Delayed 8 second(s)

2017-11-14 12:48:00 - [TEST_STEP][FAILED] - click: Unable to click on object 'Object Repository/Rental/RentalHeader/RentalContract.InspetionReportClose' (Root cause: com.kms.katalon.core.webui.exception.WebElementNotFoundException: Web element with id: 'Object Repository/Rental/RentalHeader/RentalContract.InspetionReportClose' located by 'By.xpath: //*[@id = 'ttstpsplopen-5-button-std-file.close-label']' not found)

2017-11-14 12:48:31 - [MESSAGE][FAILED] - Unable to click on object 'Object Repository/Rental/RentalHeader/RentalContract.InspetionReportClose' (Root cause: com.kms.katalon.core.webui.exception.WebElementNotFoundException: Web element with id: 'Object Repository/Rental/RentalHeader/RentalContract.InspetionReportClose' located by 'By.xpath: //*[@id = 'ttstpsplopen-5-button-std-file.close-label']' not found)
[[ATTACHMENT|C:\\Users\\agawhande\\git\\CreditCard\\Reports\\CC_RentalInvoice\\20171114_123337\\1510643911758.png]]

2017-11-14 12:48:31 - [TEST_STEP][PASSED] - delay: Delayed 5 second(s)

2017-11-14 12:48:36 - [MESSAGE][PASSED] - Delayed 5 second(s)

2017-11-14 12:48:36 - [TEST_STEP][FAILED] - click: Unable to click on object 'Object Repository/Rental/RentalHeader/RentalContract.BillofLaddingClosed' (Root cause: com.kms.katalon.core.webui.exception.WebElementNotFoundException: Web element with id: 'Object Repository/Rental/RentalHeader/RentalContract.BillofLaddingClosed' located by 'By.xpath: //*[@id = 'ttstpsplopen-6-button-std-file.close-label']' not found)

2017-11-14 12:49:08 - [MESSAGE][FAILED] - Unable to click on object 'Object Repository/Rental/RentalHeader/RentalContract.BillofLaddingClosed' (Root cause: com.kms.katalon.core.webui.exception.WebElementNotFoundException: Web element with id: 'Object Repository/Rental/RentalHeader/RentalContract.BillofLaddingClosed' located by 'By.xpath: //*[@id = 'ttstpsplopen-6-button-std-file.close-label']' not found)
[[ATTACHMENT|C:\\Users\\agawhande\\git\\CreditCard\\Reports\\CC_RentalInvoice\\20171114_123337\\1510643948474.png]]

2017-11-14 12:49:08 - [TEST_STEP][PASSED] - delay: Delayed 5 second(s)

2017-11-14 12:49:13 - [MESSAGE][PASSED] - Delayed 5 second(s)

2017-11-14 12:49:13 - [TEST_STEP][INCOMPLETE] - click: Finding web element with id: 'Object Repository/Rental/RentalHeader/RentalContract.EqipRentalMemoclosed' located by 'By.xpath: //*[@id = 'ttstpsplopen-8-button-std-file.close-label']' in '30' second(s)]]></system-out>
         <system-err><![CDATA[2017-11-14 12:33:45 - [TEST_CASE][INCOMPLETE] - Test Cases/Rental/Base_RentalContract/CreditCardRegression/TC003_RentalContractInvoice_CC - Iteration 1: null]]></system-err>
      </testcase>
      <system-out><![CDATA[2017-11-14 12:33:45 - [TEST_SUITE][INCOMPLETE] - CC_RentalInvoice: null]]></system-out>
      <system-err><![CDATA[2017-11-14 12:33:45 - [TEST_SUITE][INCOMPLETE] - CC_RentalInvoice: null]]></system-err>
   </testsuite>
</testsuites>
