<?xml version="1.0" encoding="UTF-8"?>
<testsuites name="CC_RentalInvoicewithSplitTenderTestSuite" time="923" tests="0" failures="1" errors="0">
   <testsuite name="CC_RentalInvoicewithSplitTenderTestSuite" tests="0" failures="1" errors="0" time="923" timestamp="2017-11-17 14:16:46" hostname="agawhande - ANIL110.e-emphasys.com" id="Test Suites/CC_RentalInvoicewithSplitTenderTestSuite">
      <properties>
         <property name="deviceName" value=""/>
         <property name="devicePlatform" value=""/>
         <property name="logFolder" value="C:\\Users\\agawhande\\git\\CreditCard\\Reports\\CC_RentalInvoicewithSplitTenderTestSuite\\20171117_141636"/>
         <property name="logFiles" value="C:\\Users\\agawhande\\git\\CreditCard\\Reports\\CC_RentalInvoicewithSplitTenderTestSuite\\20171117_141636\\execution0.log"/>
         <property name="attachments" value="C:\\Users\\agawhande\\git\\CreditCard\\Reports\\CC_RentalInvoicewithSplitTenderTestSuite\\20171117_141636\\1510908859407.png, C:\\Users\\agawhande\\git\\CreditCard\\Reports\\CC_RentalInvoicewithSplitTenderTestSuite\\20171117_141636\\1510908917080.png, C:\\Users\\agawhande\\git\\CreditCard\\Reports\\CC_RentalInvoicewithSplitTenderTestSuite\\20171117_141636\\1510908960610.png, C:\\Users\\agawhande\\git\\CreditCard\\Reports\\CC_RentalInvoicewithSplitTenderTestSuite\\20171117_141636\\1510909311618.png, C:\\Users\\agawhande\\git\\CreditCard\\Reports\\CC_RentalInvoicewithSplitTenderTestSuite\\20171117_141636\\1510909314026.png, C:\\Users\\agawhande\\git\\CreditCard\\Reports\\CC_RentalInvoicewithSplitTenderTestSuite\\20171117_141636\\1510909316344.png"/>
         <property name="hostName" value="agawhande - ANIL110.e-emphasys.com"/>
         <property name="os" value="Windows 7 64bit"/>
         <property name="katalonVersion" value="4.8.0.2"/>
         <property name="browser" value="Firefox 56.0"/>
         <property name="hostAddress" value="192.168.25.228"/>
         <property name="sessionId" value="07c1a5a2-358e-461b-a6f4-3699e412a953"/>
         <property name="seleniumVersion" value="unknown"/>
         <property name="proxyInformation" value="ProxyInformation{proxyOption=NO_PROXY, proxyServerType=, password=, proxyServerAddress=, proxyServerPort=0}"/>
         <property name="platform" value="Windows 7"/>
      </properties>
      <testcase name="Test Cases/Rental/Base_RentalContract/CreditCardRegression/TC004_RentalContractInvoice_SplitTender - Iteration 1" classname="Test Cases/Rental/Base_RentalContract/CreditCardRegression/TC004_RentalContractInvoice_SplitTender" status="FAILED">
         <failure type="FAILED" message="Test Cases/Rental/Base_RentalContract/CreditCardRegression/TC004_RentalContractInvoice_SplitTender FAILED because (of) Unable to click on object 'Object Repository/Rental/Rental_SplitTenderDetails/SplitTender.Save' (Root cause: com.kms.katalon.core.webui.exception.WebElementNotFoundException: Web element with id: 'Object Repository/Rental/Rental_SplitTenderDetails/SplitTender.Save' located by 'By.xpath: //*[@id = 'xiext8105m000-4-button-std-file.save']' not found)"/>
         <system-out><![CDATA[2017-11-17 14:16:46 - [TEST_CASE][FAILED] - Test Cases/Rental/Base_RentalContract/CreditCardRegression/TC004_RentalContractInvoice_SplitTender - Iteration 1: Test Cases/Rental/Base_RentalContract/CreditCardRegression/TC004_RentalContractInvoice_SplitTender FAILED because (of) Unable to click on object 'Object Repository/Rental/Rental_SplitTenderDetails/SplitTender.Save' (Root cause: com.kms.katalon.core.webui.exception.WebElementNotFoundException: Web element with id: 'Object Repository/Rental/Rental_SplitTenderDetails/SplitTender.Save' located by 'By.xpath: //*[@id = 'xiext8105m000-4-button-std-file.save']' not found)

2017-11-17 14:16:47 - [TEST_STEP][PASSED] - callTestCase: Call Test Case 'Test Cases/Equipment/Base_EquipmentPurchase/EPO_CreateNrecieve' successfully

2017-11-17 14:16:47 - [TEST_CASE][PASSED] - Test Cases/Equipment/Base_EquipmentPurchase/EPO_CreateNrecieve: Test Cases/Equipment/Base_EquipmentPurchase/EPO_CreateNrecieve

2017-11-17 14:16:47 - [TEST_STEP][PASSED] - callTestCase: Call Test Case 'Test Cases/Equipment/Base_EquipmentPurchase/Base_EPO_CreateHeaderNline' successfully

2017-11-17 14:16:48 - [TEST_CASE][PASSED] - Test Cases/Equipment/Base_EquipmentPurchase/Base_EPO_CreateHeaderNline: Test Cases/Equipment/Base_EquipmentPurchase/Base_EPO_CreateHeaderNline

2017-11-17 14:16:48 - [TEST_STEP][PASSED] - callTestCase: Call Test Case 'Test Cases/Common/Base_Common_OpenSession' successfully

2017-11-17 14:16:48 - [TEST_CASE][PASSED] - Test Cases/Common/Base_Common_OpenSession: Test Cases/Common/Base_Common_OpenSession

2017-11-17 14:16:48 - [TEST_STEP][PASSED] - openBrowser: Browser is opened with url: 'https://rgajbhiye:Robin$123@proxima-ln4.e-emphasys.com:8441/webui/servlet/login'

2017-11-17 14:17:05 - [MESSAGE][PASSED] - Browser is opened with url: 'https://rgajbhiye:Robin$123@proxima-ln4.e-emphasys.com:8441/webui/servlet/login'

2017-11-17 14:17:05 - [TEST_STEP][PASSED] - waitForPageLoad: Wait for page load successfully

2017-11-17 14:17:05 - [MESSAGE][PASSED] - Wait for page load successfully

2017-11-17 14:17:05 - [TEST_STEP][PASSED] - maximizeWindow: Current window maximized

2017-11-17 14:17:05 - [MESSAGE][PASSED] - Current window maximized

2017-11-17 14:17:05 - [TEST_STEP][PASSED] - click: Object: 'Object Repository/Common/HomePage/HomePage_more' is clicked on

2017-11-17 14:17:19 - [MESSAGE][PASSED] - Object: 'Object Repository/Common/HomePage/HomePage_more' is clicked on

2017-11-17 14:17:19 - [TEST_STEP][PASSED] - click: Object: 'Object Repository/Common/HomePage/HomePage_Option' is clicked on

2017-11-17 14:17:19 - [MESSAGE][PASSED] - Object: 'Object Repository/Common/HomePage/HomePage_Option' is clicked on

2017-11-17 14:17:19 - [TEST_STEP][PASSED] - click: Object: 'Object Repository/Common/HomePage/HomePage_RunProgram_' is clicked on

2017-11-17 14:17:20 - [MESSAGE][PASSED] - Object: 'Object Repository/Common/HomePage/HomePage_RunProgram_' is clicked on

2017-11-17 14:17:20 - [TEST_STEP][PASSED] - sendKeys: Keys 'tdext8150s000' sent to object: 'Object Repository/Common/HomePage/HomePage_Session_ID'

2017-11-17 14:17:20 - [MESSAGE][PASSED] - Keys 'tdext8150s000' sent to object: 'Object Repository/Common/HomePage/HomePage_Session_ID'

2017-11-17 14:17:20 - [TEST_STEP][PASSED] - click: Object: 'Object Repository/Common/HomePage/HomePage_OkButton' is clicked on

2017-11-17 14:17:21 - [MESSAGE][PASSED] - Object: 'Object Repository/Common/HomePage/HomePage_OkButton' is clicked on

2017-11-17 14:17:21 - [MESSAGE][PASSED] - Call Test Case 'Test Cases/Common/Base_Common_OpenSession' successfully

2017-11-17 14:17:21 - [TEST_STEP][PASSED] - waitForElementPresent: Object 'Object Repository/Equipment/EquipmentPurchase/EPO_Header/EPO_Header_New' is present

2017-11-17 14:17:24 - [MESSAGE][PASSED] - Object 'Object Repository/Equipment/EquipmentPurchase/EPO_Header/EPO_Header_New' is present

2017-11-17 14:17:24 - [TEST_STEP][PASSED] - click: Object: 'Object Repository/Equipment/EquipmentPurchase/EPO_Header/EPO_Header_New' is clicked on

2017-11-17 14:17:24 - [MESSAGE][PASSED] - Object: 'Object Repository/Equipment/EquipmentPurchase/EPO_Header/EPO_Header_New' is clicked on

2017-11-17 14:17:24 - [TEST_STEP][PASSED] - click: Object: 'Object Repository/Equipment/EquipmentPurchase/EPO_Header/EPO_Header_Customer' is clicked on

2017-11-17 14:17:25 - [MESSAGE][PASSED] - Object: 'Object Repository/Equipment/EquipmentPurchase/EPO_Header/EPO_Header_Customer' is clicked on

2017-11-17 14:17:25 - [TEST_STEP][PASSED] - setText: Text 'M00000010' is set on object 'Object Repository/Equipment/EquipmentPurchase/EPO_Header/EPO_Header_Customer'

2017-11-17 14:17:25 - [MESSAGE][PASSED] - Text 'M00000010' is set on object 'Object Repository/Equipment/EquipmentPurchase/EPO_Header/EPO_Header_Customer'

2017-11-17 14:17:25 - [TEST_STEP][PASSED] - click: Object: 'Object Repository/Equipment/EquipmentPurchase/EPO_Header/EPO_Header_Save' is clicked on

2017-11-17 14:17:25 - [MESSAGE][PASSED] - Object: 'Object Repository/Equipment/EquipmentPurchase/EPO_Header/EPO_Header_Save' is clicked on

2017-11-17 14:17:25 - [TEST_STEP][PASSED] - delay: Delayed 5 second(s)

2017-11-17 14:17:30 - [MESSAGE][PASSED] - Delayed 5 second(s)

2017-11-17 14:17:30 - [TEST_STEP][PASSED] - click: Object: 'Object Repository/Equipment/EquipmentPurchase/EPO_Header/EPO_Header_Action' is clicked on

2017-11-17 14:17:30 - [MESSAGE][PASSED] - Object: 'Object Repository/Equipment/EquipmentPurchase/EPO_Header/EPO_Header_Action' is clicked on

2017-11-17 14:17:30 - [TEST_STEP][PASSED] - click: Object: 'Object Repository/Equipment/EquipmentPurchase/EPO_Header/EPO_Header_Action_OrderLines' is clicked on

2017-11-17 14:17:31 - [MESSAGE][PASSED] - Object: 'Object Repository/Equipment/EquipmentPurchase/EPO_Header/EPO_Header_Action_OrderLines' is clicked on

2017-11-17 14:17:31 - [TEST_STEP][PASSED] - waitForElementPresent: Object 'Object Repository/Equipment/EquipmentPurchase/EPO_Line/EPO_MultiLine_New' is present

2017-11-17 14:17:32 - [MESSAGE][PASSED] - Object 'Object Repository/Equipment/EquipmentPurchase/EPO_Line/EPO_MultiLine_New' is present

2017-11-17 14:17:32 - [TEST_STEP][PASSED] - click: Object: 'Object Repository/Equipment/EquipmentPurchase/EPO_Line/EPO_MultiLine_New' is clicked on

2017-11-17 14:17:33 - [MESSAGE][PASSED] - Object: 'Object Repository/Equipment/EquipmentPurchase/EPO_Line/EPO_MultiLine_New' is clicked on

2017-11-17 14:17:33 - [TEST_STEP][PASSED] - waitForElementPresent: Object 'Object Repository/Equipment/EquipmentPurchase/EPO_Line/EPO_Line_Model' is present

2017-11-17 14:17:34 - [MESSAGE][PASSED] - Object 'Object Repository/Equipment/EquipmentPurchase/EPO_Line/EPO_Line_Model' is present

2017-11-17 14:17:34 - [TEST_STEP][PASSED] - click: Object: 'Object Repository/Equipment/EquipmentPurchase/EPO_Line/EPO_Line_Model' is clicked on

2017-11-17 14:17:34 - [MESSAGE][PASSED] - Object: 'Object Repository/Equipment/EquipmentPurchase/EPO_Line/EPO_Line_Model' is clicked on

2017-11-17 14:17:34 - [TEST_STEP][PASSED] - delay: Delayed 2 second(s)

2017-11-17 14:17:36 - [MESSAGE][PASSED] - Delayed 2 second(s)

2017-11-17 14:17:36 - [TEST_STEP][PASSED] - setText: Text '1032' is set on object 'Object Repository/Equipment/EquipmentPurchase/EPO_Line/EPO_Line_Model'

2017-11-17 14:17:36 - [MESSAGE][PASSED] - Text '1032' is set on object 'Object Repository/Equipment/EquipmentPurchase/EPO_Line/EPO_Line_Model'

2017-11-17 14:17:36 - [TEST_STEP][PASSED] - click: Object: 'Object Repository/Equipment/EquipmentPurchase/EPO_Line/EPO_Line_NeworUsed' is clicked on

2017-11-17 14:17:37 - [MESSAGE][PASSED] - Object: 'Object Repository/Equipment/EquipmentPurchase/EPO_Line/EPO_Line_NeworUsed' is clicked on

2017-11-17 14:17:37 - [TEST_STEP][PASSED] - click: Object: 'Object Repository/Equipment/EquipmentPurchase/EPO_Line/EPO_Line_NewEquipOption' is clicked on

2017-11-17 14:17:37 - [MESSAGE][PASSED] - Object: 'Object Repository/Equipment/EquipmentPurchase/EPO_Line/EPO_Line_NewEquipOption' is clicked on

2017-11-17 14:17:37 - [TEST_STEP][PASSED] - click: Object: 'Object Repository/Equipment/EquipmentPurchase/EPO_Line/EPO_Line_PlannedDate' is clicked on

2017-11-17 14:17:37 - [MESSAGE][PASSED] - Object: 'Object Repository/Equipment/EquipmentPurchase/EPO_Line/EPO_Line_PlannedDate' is clicked on

2017-11-17 14:17:37 - [TEST_STEP][PASSED] - delay: Delayed 2 second(s)

2017-11-17 14:17:39 - [MESSAGE][PASSED] - Delayed 2 second(s)

2017-11-17 14:17:39 - [TEST_STEP][PASSED] - setText: Text '+10' is set on object 'Object Repository/Equipment/EquipmentPurchase/EPO_Line/EPO_Line_PlannedDate'

2017-11-17 14:17:39 - [MESSAGE][PASSED] - Text '+10' is set on object 'Object Repository/Equipment/EquipmentPurchase/EPO_Line/EPO_Line_PlannedDate'

2017-11-17 14:17:39 - [TEST_STEP][PASSED] - click: Object: 'Object Repository/Equipment/EquipmentPurchase/EPO_Line/EPO_Line_Price' is clicked on

2017-11-17 14:17:39 - [MESSAGE][PASSED] - Object: 'Object Repository/Equipment/EquipmentPurchase/EPO_Line/EPO_Line_Price' is clicked on

2017-11-17 14:17:39 - [TEST_STEP][PASSED] - delay: Delayed 2 second(s)

2017-11-17 14:17:41 - [MESSAGE][PASSED] - Delayed 2 second(s)

2017-11-17 14:17:41 - [TEST_STEP][PASSED] - setText: Text '100' is set on object 'Object Repository/Equipment/EquipmentPurchase/EPO_Line/EPO_Line_Price'

2017-11-17 14:17:42 - [MESSAGE][PASSED] - Text '100' is set on object 'Object Repository/Equipment/EquipmentPurchase/EPO_Line/EPO_Line_Price'

2017-11-17 14:17:42 - [TEST_STEP][PASSED] - click: Object: 'Object Repository/Equipment/EquipmentPurchase/EPO_Line/EPO_Line_Save' is clicked on

2017-11-17 14:17:42 - [MESSAGE][PASSED] - Object: 'Object Repository/Equipment/EquipmentPurchase/EPO_Line/EPO_Line_Save' is clicked on

2017-11-17 14:17:42 - [TEST_STEP][PASSED] - click: Object: 'Object Repository/Equipment/EquipmentPurchase/EPO_Line/EPO_Line_importNO' is clicked on

2017-11-17 14:17:43 - [MESSAGE][PASSED] - Object: 'Object Repository/Equipment/EquipmentPurchase/EPO_Line/EPO_Line_importNO' is clicked on

2017-11-17 14:17:43 - [TEST_STEP][PASSED] - click: Object: 'Object Repository/Equipment/EquipmentPurchase/EPO_Line/EPO_Line_SaveNclose' is clicked on

2017-11-17 14:17:43 - [MESSAGE][PASSED] - Object: 'Object Repository/Equipment/EquipmentPurchase/EPO_Line/EPO_Line_SaveNclose' is clicked on

2017-11-17 14:17:43 - [TEST_STEP][PASSED] - delay: Delayed 2 second(s)

2017-11-17 14:17:45 - [MESSAGE][PASSED] - Delayed 2 second(s)

2017-11-17 14:17:45 - [TEST_STEP][PASSED] - click: Object: 'Object Repository/Equipment/EquipmentPurchase/EPO_Line/EPO_MultiLine_SavenClose' is clicked on

2017-11-17 14:17:45 - [MESSAGE][PASSED] - Object: 'Object Repository/Equipment/EquipmentPurchase/EPO_Line/EPO_MultiLine_SavenClose' is clicked on

2017-11-17 14:17:45 - [MESSAGE][PASSED] - Call Test Case 'Test Cases/Equipment/Base_EquipmentPurchase/Base_EPO_CreateHeaderNline' successfully

2017-11-17 14:17:45 - [TEST_STEP][PASSED] - callTestCase: Call Test Case 'Test Cases/Equipment/Base_EquipmentPurchase/Base_EPO_Reciept' successfully

2017-11-17 14:17:46 - [TEST_CASE][PASSED] - Test Cases/Equipment/Base_EquipmentPurchase/Base_EPO_Reciept: Test Cases/Equipment/Base_EquipmentPurchase/Base_EPO_Reciept

2017-11-17 14:17:46 - [TEST_STEP][PASSED] - click: Object: 'Object Repository/Equipment/EquipmentPurchase/EPO_Header/EPO_Header_Action' is clicked on

2017-11-17 14:17:46 - [MESSAGE][PASSED] - Object: 'Object Repository/Equipment/EquipmentPurchase/EPO_Header/EPO_Header_Action' is clicked on

2017-11-17 14:17:46 - [TEST_STEP][PASSED] - click: Object: 'Object Repository/Equipment/EquipmentPurchase/EPO_Header/EPO_Header_Action_SendForApproval' is clicked on

2017-11-17 14:17:46 - [MESSAGE][PASSED] - Object: 'Object Repository/Equipment/EquipmentPurchase/EPO_Header/EPO_Header_Action_SendForApproval' is clicked on

2017-11-17 14:17:46 - [TEST_STEP][PASSED] - delay: Delayed 5 second(s)

2017-11-17 14:17:51 - [MESSAGE][PASSED] - Delayed 5 second(s)

2017-11-17 14:17:51 - [TEST_STEP][PASSED] - click: Object: 'Object Repository/Equipment/EquipmentPurchase/EPO_Header/EPO_Header_Action' is clicked on

2017-11-17 14:17:52 - [MESSAGE][PASSED] - Object: 'Object Repository/Equipment/EquipmentPurchase/EPO_Header/EPO_Header_Action' is clicked on

2017-11-17 14:17:52 - [TEST_STEP][PASSED] - click: Object: 'Object Repository/Equipment/EquipmentPurchase/EPO_Header/EPO_Header_Apporve' is clicked on

2017-11-17 14:17:52 - [MESSAGE][PASSED] - Object: 'Object Repository/Equipment/EquipmentPurchase/EPO_Header/EPO_Header_Apporve' is clicked on

2017-11-17 14:17:52 - [TEST_STEP][PASSED] - delay: Delayed 5 second(s)

2017-11-17 14:17:57 - [MESSAGE][PASSED] - Delayed 5 second(s)

2017-11-17 14:17:57 - [TEST_STEP][PASSED] - click: Object: 'Object Repository/Equipment/EquipmentPurchase/EPO_Header/EPO_Header_Print' is clicked on

2017-11-17 14:17:57 - [MESSAGE][PASSED] - Object: 'Object Repository/Equipment/EquipmentPurchase/EPO_Header/EPO_Header_Print' is clicked on

2017-11-17 14:17:57 - [TEST_STEP][PASSED] - click: Object: 'Object Repository/Equipment/EquipmentPurchase/EPO_Header/EPO_Print_FinalPrint' is clicked on

2017-11-17 14:18:00 - [MESSAGE][PASSED] - Object: 'Object Repository/Equipment/EquipmentPurchase/EPO_Header/EPO_Print_FinalPrint' is clicked on

2017-11-17 14:18:00 - [TEST_STEP][PASSED] - click: Object: 'Object Repository/Equipment/EquipmentPurchase/EPO_Header/EPO_Print_PrintOption' is clicked on

2017-11-17 14:18:00 - [MESSAGE][PASSED] - Object: 'Object Repository/Equipment/EquipmentPurchase/EPO_Header/EPO_Print_PrintOption' is clicked on

2017-11-17 14:18:00 - [TEST_STEP][PASSED] - click: Object: 'Object Repository/Equipment/EquipmentPurchase/EPO_Header/EPO_Print_Device' is clicked on

2017-11-17 14:18:02 - [MESSAGE][PASSED] - Object: 'Object Repository/Equipment/EquipmentPurchase/EPO_Header/EPO_Print_Device' is clicked on

2017-11-17 14:18:02 - [TEST_STEP][PASSED] - setText: Text 'D' is set on object 'Object Repository/Equipment/EquipmentPurchase/EPO_Header/EPO_Print_Device'

2017-11-17 14:18:02 - [MESSAGE][PASSED] - Text 'D' is set on object 'Object Repository/Equipment/EquipmentPurchase/EPO_Header/EPO_Print_Device'

2017-11-17 14:18:02 - [TEST_STEP][PASSED] - click: Object: 'Object Repository/Equipment/EquipmentPurchase/EPO_Header/EPO_Print_Continue' is clicked on

2017-11-17 14:18:03 - [MESSAGE][PASSED] - Object: 'Object Repository/Equipment/EquipmentPurchase/EPO_Header/EPO_Print_Continue' is clicked on

2017-11-17 14:18:03 - [TEST_STEP][PASSED] - delay: Delayed 5 second(s)

2017-11-17 14:18:08 - [MESSAGE][PASSED] - Delayed 5 second(s)

2017-11-17 14:18:08 - [TEST_STEP][PASSED] - click: Object: 'Object Repository/Equipment/EquipmentPurchase/EPO_Header/EPO_Header_EPOtab' is clicked on

2017-11-17 14:18:08 - [MESSAGE][PASSED] - Object: 'Object Repository/Equipment/EquipmentPurchase/EPO_Header/EPO_Header_EPOtab' is clicked on

2017-11-17 14:18:08 - [TEST_STEP][PASSED] - click: Object: 'Object Repository/Equipment/EquipmentPurchase/EPO_Header/EPO_Print_Close' is clicked on

2017-11-17 14:18:08 - [MESSAGE][PASSED] - Object: 'Object Repository/Equipment/EquipmentPurchase/EPO_Header/EPO_Print_Close' is clicked on

2017-11-17 14:18:08 - [TEST_STEP][PASSED] - delay: Delayed 3 second(s)

2017-11-17 14:18:11 - [MESSAGE][PASSED] - Delayed 3 second(s)

2017-11-17 14:18:11 - [TEST_STEP][PASSED] - click: Object: 'Object Repository/Equipment/EquipmentPurchase/EPO_Header/EPO_Header_Action' is clicked on

2017-11-17 14:18:12 - [MESSAGE][PASSED] - Object: 'Object Repository/Equipment/EquipmentPurchase/EPO_Header/EPO_Header_Action' is clicked on

2017-11-17 14:18:12 - [TEST_STEP][PASSED] - click: Object: 'Object Repository/Equipment/EquipmentPurchase/EPO_Header/EPO_Action_Reciept' is clicked on

2017-11-17 14:18:12 - [MESSAGE][PASSED] - Object: 'Object Repository/Equipment/EquipmentPurchase/EPO_Header/EPO_Action_Reciept' is clicked on

2017-11-17 14:18:12 - [TEST_STEP][PASSED] - waitForElementPresent: Object 'Object Repository/Equipment/EquipmentPurchase/EPO_Receipt/EPO_Reciept_Save' is present

2017-11-17 14:18:13 - [MESSAGE][PASSED] - Object 'Object Repository/Equipment/EquipmentPurchase/EPO_Receipt/EPO_Reciept_Save' is present

2017-11-17 14:18:13 - [TEST_STEP][PASSED] - click: Object: 'Object Repository/Equipment/EquipmentPurchase/EPO_Receipt/EPO_Reciept_Save' is clicked on

2017-11-17 14:18:14 - [MESSAGE][PASSED] - Object: 'Object Repository/Equipment/EquipmentPurchase/EPO_Receipt/EPO_Reciept_Save' is clicked on

2017-11-17 14:18:14 - [TEST_STEP][PASSED] - delay: Delayed 3 second(s)

2017-11-17 14:18:17 - [MESSAGE][PASSED] - Delayed 3 second(s)

2017-11-17 14:18:17 - [TEST_STEP][PASSED] - click: Object: 'Object Repository/Equipment/EquipmentPurchase/EPO_Receipt/EPO_Receipt_Action' is clicked on

2017-11-17 14:18:17 - [MESSAGE][PASSED] - Object: 'Object Repository/Equipment/EquipmentPurchase/EPO_Receipt/EPO_Receipt_Action' is clicked on

2017-11-17 14:18:17 - [TEST_STEP][PASSED] - click: Object: 'Object Repository/Equipment/EquipmentPurchase/EPO_Receipt/EPO_Receipt_Action_ReceiptLine' is clicked on

2017-11-17 14:18:17 - [MESSAGE][PASSED] - Object: 'Object Repository/Equipment/EquipmentPurchase/EPO_Receipt/EPO_Receipt_Action_ReceiptLine' is clicked on

2017-11-17 14:18:17 - [TEST_STEP][PASSED] - waitForElementPresent: Object 'Object Repository/Equipment/EquipmentPurchase/EPO_Receipt_Line/EPO_ReceiptLine_New' is present

2017-11-17 14:18:18 - [MESSAGE][PASSED] - Object 'Object Repository/Equipment/EquipmentPurchase/EPO_Receipt_Line/EPO_ReceiptLine_New' is present

2017-11-17 14:18:18 - [TEST_STEP][PASSED] - click: Object: 'Object Repository/Equipment/EquipmentPurchase/EPO_Receipt_Line/EPO_ReceiptLine_New' is clicked on

2017-11-17 14:18:18 - [MESSAGE][PASSED] - Object: 'Object Repository/Equipment/EquipmentPurchase/EPO_Receipt_Line/EPO_ReceiptLine_New' is clicked on

2017-11-17 14:18:18 - [TEST_STEP][PASSED] - waitForElementPresent: Object 'Object Repository/Equipment/EquipmentPurchase/EPO_Receipt_Line/EPO_RecieptLine_Select' is present

2017-11-17 14:18:19 - [MESSAGE][PASSED] - Object 'Object Repository/Equipment/EquipmentPurchase/EPO_Receipt_Line/EPO_RecieptLine_Select' is present

2017-11-17 14:18:19 - [TEST_STEP][PASSED] - click: Object: 'Object Repository/Equipment/EquipmentPurchase/EPO_Receipt_Line/EPO_RecieptLine_Select' is clicked on

2017-11-17 14:18:19 - [MESSAGE][PASSED] - Object: 'Object Repository/Equipment/EquipmentPurchase/EPO_Receipt_Line/EPO_RecieptLine_Select' is clicked on

2017-11-17 14:18:19 - [TEST_STEP][PASSED] - delay: Delayed 3 second(s)

2017-11-17 14:18:22 - [MESSAGE][PASSED] - Delayed 3 second(s)

2017-11-17 14:18:22 - [TEST_STEP][PASSED] - click: Object: 'Object Repository/Equipment/EquipmentPurchase/EPO_Receipt_Line/EPO_ReceiptLine_SavenClose' is clicked on

2017-11-17 14:18:23 - [MESSAGE][PASSED] - Object: 'Object Repository/Equipment/EquipmentPurchase/EPO_Receipt_Line/EPO_ReceiptLine_SavenClose' is clicked on

2017-11-17 14:18:23 - [TEST_STEP][PASSED] - waitForElementPresent: Object 'Object Repository/Equipment/EquipmentPurchase/EPO_Receipt_Line/EPO_RecieptLineAction' is present

2017-11-17 14:18:23 - [MESSAGE][PASSED] - Object 'Object Repository/Equipment/EquipmentPurchase/EPO_Receipt_Line/EPO_RecieptLineAction' is present

2017-11-17 14:18:23 - [TEST_STEP][PASSED] - Statement - G_Unit = com.kms.katalon.core.webui.keyword.WebUiBuiltInKeywords.getText(com.kms.katalon.core.testobject.ObjectRepository.findTestObject(Equipment/EquipmentPurchase/EPO_Receipt/EPO_Reciept_Unit)): Text of object 'Object Repository/Equipment/EquipmentPurchase/EPO_Receipt/EPO_Reciept_Unit' is: 'MD0018335'

2017-11-17 14:18:23 - [MESSAGE][PASSED] - Text of object 'Object Repository/Equipment/EquipmentPurchase/EPO_Receipt/EPO_Reciept_Unit' is: 'MD0018335'

2017-11-17 14:18:23 - [TEST_STEP][PASSED] - click: Object: 'Object Repository/Equipment/EquipmentPurchase/EPO_Receipt_Line/EPO_RecieptLineAction' is clicked on

2017-11-17 14:18:24 - [MESSAGE][PASSED] - Object: 'Object Repository/Equipment/EquipmentPurchase/EPO_Receipt_Line/EPO_RecieptLineAction' is clicked on

2017-11-17 14:18:24 - [TEST_STEP][PASSED] - click: Object: 'Object Repository/Equipment/EquipmentPurchase/EPO_Receipt/EPO_Action_Confirm' is clicked on

2017-11-17 14:18:24 - [MESSAGE][PASSED] - Object: 'Object Repository/Equipment/EquipmentPurchase/EPO_Receipt/EPO_Action_Confirm' is clicked on

2017-11-17 14:18:24 - [TEST_STEP][PASSED] - click: Object: 'Object Repository/Equipment/EquipmentPurchase/EPO_Receipt/EPO_Reciept_MeterOK' is clicked on

2017-11-17 14:18:25 - [MESSAGE][PASSED] - Object: 'Object Repository/Equipment/EquipmentPurchase/EPO_Receipt/EPO_Reciept_MeterOK' is clicked on

2017-11-17 14:18:25 - [TEST_STEP][PASSED] - waitForElementPresent: Object 'Object Repository/Equipment/EquipmentPurchase/EPO_Receipt/EPO_RecieptPrint_Device' is present

2017-11-17 14:18:28 - [MESSAGE][PASSED] - Object 'Object Repository/Equipment/EquipmentPurchase/EPO_Receipt/EPO_RecieptPrint_Device' is present

2017-11-17 14:18:28 - [TEST_STEP][PASSED] - click: Object: 'Object Repository/Equipment/EquipmentPurchase/EPO_Receipt/EPO_RecieptPrint_Device' is clicked on

2017-11-17 14:18:28 - [MESSAGE][PASSED] - Object: 'Object Repository/Equipment/EquipmentPurchase/EPO_Receipt/EPO_RecieptPrint_Device' is clicked on

2017-11-17 14:18:28 - [TEST_STEP][PASSED] - setText: Text 'D' is set on object 'Object Repository/Equipment/EquipmentPurchase/EPO_Receipt/EPO_RecieptPrint_Device'

2017-11-17 14:18:28 - [MESSAGE][PASSED] - Text 'D' is set on object 'Object Repository/Equipment/EquipmentPurchase/EPO_Receipt/EPO_RecieptPrint_Device'

2017-11-17 14:18:28 - [TEST_STEP][PASSED] - click: Object: 'Object Repository/Equipment/EquipmentPurchase/EPO_Receipt/EPO_RecieptPrint_Continue' is clicked on

2017-11-17 14:18:29 - [MESSAGE][PASSED] - Object: 'Object Repository/Equipment/EquipmentPurchase/EPO_Receipt/EPO_RecieptPrint_Continue' is clicked on

2017-11-17 14:18:29 - [TEST_STEP][PASSED] - delay: Delayed 3 second(s)

2017-11-17 14:18:32 - [MESSAGE][PASSED] - Delayed 3 second(s)

2017-11-17 14:18:32 - [TEST_STEP][PASSED] - click: Object: 'Object Repository/Equipment/EquipmentPurchase/EPO_Receipt/EPO_RecieptPrint_ProcessCompleted' is clicked on

2017-11-17 14:18:32 - [MESSAGE][PASSED] - Object: 'Object Repository/Equipment/EquipmentPurchase/EPO_Receipt/EPO_RecieptPrint_ProcessCompleted' is clicked on

2017-11-17 14:18:32 - [TEST_STEP][PASSED] - delay: Delayed 10 second(s)

2017-11-17 14:18:42 - [MESSAGE][PASSED] - Delayed 10 second(s)

2017-11-17 14:18:42 - [MESSAGE][PASSED] - Call Test Case 'Test Cases/Equipment/Base_EquipmentPurchase/Base_EPO_Reciept' successfully

2017-11-17 14:18:42 - [MESSAGE][PASSED] - Call Test Case 'Test Cases/Equipment/Base_EquipmentPurchase/EPO_CreateNrecieve' successfully

2017-11-17 14:18:42 - [TEST_STEP][PASSED] - callTestCase: Call Test Case 'Test Cases/Rental/Base_RentalContract/Base_CreateRentalInvoice_HeaderlineInvoice_SplitTender' successfully

2017-11-17 14:18:42 - [TEST_CASE][PASSED] - Test Cases/Rental/Base_RentalContract/Base_CreateRentalInvoice_HeaderlineInvoice_SplitTender: Test Cases/Rental/Base_RentalContract/Base_CreateRentalInvoice_HeaderlineInvoice_SplitTender

2017-11-17 14:18:43 - [TEST_STEP][PASSED] - callTestCase: Call Test Case 'Test Cases/Rental/Base_RentalContract/Base_CreateRentalHeader' successfully

2017-11-17 14:18:43 - [TEST_CASE][PASSED] - Test Cases/Rental/Base_RentalContract/Base_CreateRentalHeader: Test Cases/Rental/Base_RentalContract/Base_CreateRentalHeader

2017-11-17 14:18:43 - [TEST_STEP][PASSED] - callTestCase: Call Test Case 'Test Cases/Common/Base_Common_OpenSession' successfully

2017-11-17 14:18:43 - [TEST_CASE][PASSED] - Test Cases/Common/Base_Common_OpenSession: Test Cases/Common/Base_Common_OpenSession

2017-11-17 14:18:43 - [TEST_STEP][PASSED] - openBrowser: Browser is opened with url: 'https://rgajbhiye:Robin$123@proxima-ln4.e-emphasys.com:8441/webui/servlet/login'

2017-11-17 14:18:43 - [MESSAGE][WARNING] - A browser is already opened. Closing browser and opening a new one

2017-11-17 14:18:53 - [MESSAGE][PASSED] - Browser is opened with url: 'https://rgajbhiye:Robin$123@proxima-ln4.e-emphasys.com:8441/webui/servlet/login'

2017-11-17 14:18:53 - [TEST_STEP][PASSED] - waitForPageLoad: Wait for page load successfully

2017-11-17 14:18:53 - [MESSAGE][PASSED] - Wait for page load successfully

2017-11-17 14:18:53 - [TEST_STEP][PASSED] - maximizeWindow: Current window maximized

2017-11-17 14:18:53 - [MESSAGE][PASSED] - Current window maximized

2017-11-17 14:18:53 - [TEST_STEP][PASSED] - click: Object: 'Object Repository/Common/HomePage/HomePage_more' is clicked on

2017-11-17 14:18:56 - [MESSAGE][PASSED] - Object: 'Object Repository/Common/HomePage/HomePage_more' is clicked on

2017-11-17 14:18:56 - [TEST_STEP][PASSED] - click: Object: 'Object Repository/Common/HomePage/HomePage_Option' is clicked on

2017-11-17 14:18:56 - [MESSAGE][PASSED] - Object: 'Object Repository/Common/HomePage/HomePage_Option' is clicked on

2017-11-17 14:18:56 - [TEST_STEP][PASSED] - click: Object: 'Object Repository/Common/HomePage/HomePage_RunProgram_' is clicked on

2017-11-17 14:18:57 - [MESSAGE][PASSED] - Object: 'Object Repository/Common/HomePage/HomePage_RunProgram_' is clicked on

2017-11-17 14:18:57 - [TEST_STEP][PASSED] - sendKeys: Keys 'erext4100s004' sent to object: 'Object Repository/Common/HomePage/HomePage_Session_ID'

2017-11-17 14:18:57 - [MESSAGE][PASSED] - Keys 'erext4100s004' sent to object: 'Object Repository/Common/HomePage/HomePage_Session_ID'

2017-11-17 14:18:57 - [TEST_STEP][PASSED] - click: Object: 'Object Repository/Common/HomePage/HomePage_OkButton' is clicked on

2017-11-17 14:18:57 - [MESSAGE][PASSED] - Object: 'Object Repository/Common/HomePage/HomePage_OkButton' is clicked on

2017-11-17 14:18:57 - [MESSAGE][PASSED] - Call Test Case 'Test Cases/Common/Base_Common_OpenSession' successfully

2017-11-17 14:18:57 - [TEST_STEP][PASSED] - click: Object: 'Object Repository/Rental/RentalHeader/RentalContract.Customer' is clicked on

2017-11-17 14:19:02 - [MESSAGE][PASSED] - Object: 'Object Repository/Rental/RentalHeader/RentalContract.Customer' is clicked on

2017-11-17 14:19:02 - [TEST_STEP][PASSED] - setText: Text 'M00000010' is set on object 'Object Repository/Rental/RentalHeader/RentalContract.Customer'

2017-11-17 14:19:02 - [MESSAGE][PASSED] - Text 'M00000010' is set on object 'Object Repository/Rental/RentalHeader/RentalContract.Customer'

2017-11-17 14:19:02 - [TEST_STEP][PASSED] - delay: Delayed 2 second(s)

2017-11-17 14:19:04 - [MESSAGE][PASSED] - Delayed 2 second(s)

2017-11-17 14:19:04 - [TEST_STEP][PASSED] - click: Object: 'Object Repository/Rental/RentalHeader/RentalContract.CustPO' is clicked on

2017-11-17 14:19:05 - [MESSAGE][PASSED] - Object: 'Object Repository/Rental/RentalHeader/RentalContract.CustPO' is clicked on

2017-11-17 14:19:05 - [TEST_STEP][PASSED] - delay: Delayed 3 second(s)

2017-11-17 14:19:08 - [MESSAGE][PASSED] - Delayed 3 second(s)

2017-11-17 14:19:08 - [TEST_STEP][PASSED] - click: Object: 'Object Repository/Rental/RentalHeader/RentalContract.OtherDetailsTab' is clicked on

2017-11-17 14:19:08 - [MESSAGE][PASSED] - Object: 'Object Repository/Rental/RentalHeader/RentalContract.OtherDetailsTab' is clicked on

2017-11-17 14:19:08 - [TEST_STEP][PASSED] - delay: Delayed 5 second(s)

2017-11-17 14:19:13 - [MESSAGE][PASSED] - Delayed 5 second(s)

2017-11-17 14:19:13 - [TEST_STEP][PASSED] - click: Object: 'Object Repository/Rental/RentalHeader/Rental Contract.ModeOfPayment' is clicked on

2017-11-17 14:19:13 - [MESSAGE][PASSED] - Object: 'Object Repository/Rental/RentalHeader/Rental Contract.ModeOfPayment' is clicked on

2017-11-17 14:19:13 - [TEST_STEP][PASSED] - delay: Delayed 2 second(s)

2017-11-17 14:19:15 - [MESSAGE][PASSED] - Delayed 2 second(s)

2017-11-17 14:19:15 - [TEST_STEP][PASSED] - click: Object: 'Object Repository/Rental/RentalHeader/RentalContract.CreditCardoption' is clicked on

2017-11-17 14:19:15 - [MESSAGE][PASSED] - Object: 'Object Repository/Rental/RentalHeader/RentalContract.CreditCardoption' is clicked on

2017-11-17 14:19:15 - [TEST_STEP][PASSED] - delay: Delayed 3 second(s)

2017-11-17 14:19:18 - [MESSAGE][PASSED] - Delayed 3 second(s)

2017-11-17 14:19:18 - [TEST_STEP][PASSED] - click: Object: 'Object Repository/Rental/RentalHeader/RentalContract.GeneralTab' is clicked on

2017-11-17 14:19:19 - [MESSAGE][PASSED] - Object: 'Object Repository/Rental/RentalHeader/RentalContract.GeneralTab' is clicked on

2017-11-17 14:19:19 - [TEST_STEP][PASSED] - delay: Delayed 5 second(s)

2017-11-17 14:19:24 - [MESSAGE][PASSED] - Delayed 5 second(s)

2017-11-17 14:19:24 - [TEST_STEP][PASSED] - click: Object: 'Object Repository/Rental/RentalHeader/RentalContract.Newbuttonline' is clicked on

2017-11-17 14:19:24 - [MESSAGE][PASSED] - Object: 'Object Repository/Rental/RentalHeader/RentalContract.Newbuttonline' is clicked on

2017-11-17 14:19:24 - [TEST_STEP][PASSED] - delay: Delayed 5 second(s)

2017-11-17 14:19:29 - [MESSAGE][PASSED] - Delayed 5 second(s)

2017-11-17 14:19:29 - [TEST_STEP][PASSED] - click: Object: 'Object Repository/Rental/RentalHeader/RentalContract.SetLine' is clicked on

2017-11-17 14:19:29 - [MESSAGE][PASSED] - Object: 'Object Repository/Rental/RentalHeader/RentalContract.SetLine' is clicked on

2017-11-17 14:19:29 - [TEST_STEP][PASSED] - delay: Delayed 5 second(s)

2017-11-17 14:19:34 - [MESSAGE][PASSED] - Delayed 5 second(s)

2017-11-17 14:19:34 - [TEST_STEP][PASSED] - scrollToElement: Scroll to object 'Object Repository/Rental/RentalHeader/RentalContract.Unit' successfully

2017-11-17 14:19:34 - [MESSAGE][PASSED] - Scroll to object 'Object Repository/Rental/RentalHeader/RentalContract.Unit' successfully

2017-11-17 14:19:34 - [TEST_STEP][PASSED] - delay: Delayed 3 second(s)

2017-11-17 14:19:37 - [MESSAGE][PASSED] - Delayed 3 second(s)

2017-11-17 14:19:37 - [TEST_STEP][NOT_RUN] - getText: NOT_RUN: getText

2017-11-17 14:19:37 - [MESSAGE][NOT_RUN] - NOT_RUN: getText

2017-11-17 14:19:37 - [TEST_STEP][PASSED] - click: Object: 'Object Repository/Rental/RentalHeader/RentalContract.Unit' is clicked on

2017-11-17 14:19:38 - [MESSAGE][PASSED] - Object: 'Object Repository/Rental/RentalHeader/RentalContract.Unit' is clicked on

2017-11-17 14:19:38 - [TEST_STEP][PASSED] - delay: Delayed 5 second(s)

2017-11-17 14:19:43 - [MESSAGE][PASSED] - Delayed 5 second(s)

2017-11-17 14:19:43 - [TEST_STEP][PASSED] - setText: Text 'MD0018335' is set on object 'Object Repository/Rental/RentalHeader/RentalContract.Unit'

2017-11-17 14:19:43 - [MESSAGE][PASSED] - Text 'MD0018335' is set on object 'Object Repository/Rental/RentalHeader/RentalContract.Unit'

2017-11-17 14:19:43 - [TEST_STEP][PASSED] - delay: Delayed 5 second(s)

2017-11-17 14:19:48 - [MESSAGE][PASSED] - Delayed 5 second(s)

2017-11-17 14:19:48 - [TEST_STEP][PASSED] - scrollToElement: Scroll to object 'Object Repository/Rental/RentalHeader/RentalContract.MultipleInsurence' successfully

2017-11-17 14:19:48 - [MESSAGE][PASSED] - Scroll to object 'Object Repository/Rental/RentalHeader/RentalContract.MultipleInsurence' successfully

2017-11-17 14:19:48 - [TEST_STEP][PASSED] - delay: Delayed 5 second(s)

2017-11-17 14:19:53 - [MESSAGE][PASSED] - Delayed 5 second(s)

2017-11-17 14:19:53 - [TEST_STEP][PASSED] - doubleClick: Object: 'Object Repository/Rental/RentalHeader/RentalContract.MultipleInsurence' is double clicked on

2017-11-17 14:19:53 - [MESSAGE][PASSED] - Object: 'Object Repository/Rental/RentalHeader/RentalContract.MultipleInsurence' is double clicked on

2017-11-17 14:19:53 - [TEST_STEP][PASSED] - delay: Delayed 5 second(s)

2017-11-17 14:19:58 - [MESSAGE][PASSED] - Delayed 5 second(s)

2017-11-17 14:19:58 - [TEST_STEP][PASSED] - click: Object: 'Object Repository/Rental/RentalHeader/RentalContract.MultipleInsurence' is clicked on

2017-11-17 14:19:59 - [MESSAGE][PASSED] - Object: 'Object Repository/Rental/RentalHeader/RentalContract.MultipleInsurence' is clicked on

2017-11-17 14:19:59 - [TEST_STEP][NOT_RUN] - doubleClick: NOT_RUN: doubleClick

2017-11-17 14:19:59 - [MESSAGE][NOT_RUN] - NOT_RUN: doubleClick

2017-11-17 14:19:59 - [TEST_STEP][PASSED] - delay: Delayed 5 second(s)

2017-11-17 14:20:04 - [MESSAGE][PASSED] - Delayed 5 second(s)

2017-11-17 14:20:04 - [TEST_STEP][PASSED] - click: Object: 'Object Repository/Rental/RentalHeader/RentalContract.MultiInsNO' is clicked on

2017-11-17 14:20:04 - [MESSAGE][PASSED] - Object: 'Object Repository/Rental/RentalHeader/RentalContract.MultiInsNO' is clicked on

2017-11-17 14:20:04 - [TEST_STEP][PASSED] - delay: Delayed 5 second(s)

2017-11-17 14:20:09 - [MESSAGE][PASSED] - Delayed 5 second(s)

2017-11-17 14:20:09 - [TEST_STEP][PASSED] - scrollToElement: Scroll to object 'Object Repository/Rental/RentalHeader/RentalContract.GrossRateline' successfully

2017-11-17 14:20:09 - [MESSAGE][PASSED] - Scroll to object 'Object Repository/Rental/RentalHeader/RentalContract.GrossRateline' successfully

2017-11-17 14:20:09 - [TEST_STEP][NOT_RUN] - delay: NOT_RUN: delay

2017-11-17 14:20:09 - [MESSAGE][NOT_RUN] - NOT_RUN: delay

2017-11-17 14:20:09 - [TEST_STEP][PASSED] - doubleClick: Object: 'Object Repository/Rental/RentalHeader/RentalContract.GrossRateline' is double clicked on

2017-11-17 14:20:09 - [MESSAGE][PASSED] - Object: 'Object Repository/Rental/RentalHeader/RentalContract.GrossRateline' is double clicked on

2017-11-17 14:20:09 - [TEST_STEP][PASSED] - delay: Delayed 2 second(s)

2017-11-17 14:20:11 - [MESSAGE][PASSED] - Delayed 2 second(s)

2017-11-17 14:20:11 - [TEST_STEP][PASSED] - click: Object: 'Object Repository/Rental/RentalHeader/RentalContract.GrossRateline' is clicked on

2017-11-17 14:20:11 - [MESSAGE][PASSED] - Object: 'Object Repository/Rental/RentalHeader/RentalContract.GrossRateline' is clicked on

2017-11-17 14:20:11 - [TEST_STEP][PASSED] - delay: Delayed 2 second(s)

2017-11-17 14:20:13 - [MESSAGE][PASSED] - Delayed 2 second(s)

2017-11-17 14:20:13 - [TEST_STEP][PASSED] - setText: Text '100' is set on object 'Object Repository/Rental/RentalHeader/RentalContract.GrossRateline'

2017-11-17 14:20:14 - [MESSAGE][PASSED] - Text '100' is set on object 'Object Repository/Rental/RentalHeader/RentalContract.GrossRateline'

2017-11-17 14:20:14 - [TEST_STEP][PASSED] - delay: Delayed 4 second(s)

2017-11-17 14:20:18 - [MESSAGE][PASSED] - Delayed 4 second(s)

2017-11-17 14:20:18 - [TEST_STEP][PASSED] - click: Object: 'Object Repository/Rental/RentalHeader/RentalContract.SaveHeader' is clicked on

2017-11-17 14:20:18 - [MESSAGE][PASSED] - Object: 'Object Repository/Rental/RentalHeader/RentalContract.SaveHeader' is clicked on

2017-11-17 14:20:18 - [TEST_STEP][PASSED] - delay: Delayed 5 second(s)

2017-11-17 14:20:23 - [MESSAGE][PASSED] - Delayed 5 second(s)

2017-11-17 14:20:23 - [TEST_STEP][PASSED] - click: Object: 'Object Repository/Rental/RentalHeader/RentalContract.Action' is clicked on

2017-11-17 14:20:23 - [MESSAGE][PASSED] - Object: 'Object Repository/Rental/RentalHeader/RentalContract.Action' is clicked on

2017-11-17 14:20:23 - [TEST_STEP][PASSED] - delay: Delayed 8 second(s)

2017-11-17 14:20:31 - [MESSAGE][PASSED] - Delayed 8 second(s)

2017-11-17 14:20:31 - [TEST_STEP][PASSED] - click: Object: 'Object Repository/Rental/RentalHeader/RentalContract.Release' is clicked on

2017-11-17 14:20:31 - [MESSAGE][PASSED] - Object: 'Object Repository/Rental/RentalHeader/RentalContract.Release' is clicked on

2017-11-17 14:20:31 - [TEST_STEP][PASSED] - delay: Delayed 12 second(s)

2017-11-17 14:20:43 - [MESSAGE][PASSED] - Delayed 12 second(s)

2017-11-17 14:20:43 - [TEST_STEP][PASSED] - click: Object: 'Object Repository/Rental/RentalHeader/RentalContract.ActionDelivery' is clicked on

2017-11-17 14:20:44 - [MESSAGE][PASSED] - Object: 'Object Repository/Rental/RentalHeader/RentalContract.ActionDelivery' is clicked on

2017-11-17 14:20:44 - [TEST_STEP][PASSED] - delay: Delayed 6 second(s)

2017-11-17 14:20:50 - [MESSAGE][PASSED] - Delayed 6 second(s)

2017-11-17 14:20:50 - [TEST_STEP][PASSED] - click: Object: 'Object Repository/Rental/RentalHeader/RentalContract.ConfirmDelivery' is clicked on

2017-11-17 14:20:50 - [MESSAGE][PASSED] - Object: 'Object Repository/Rental/RentalHeader/RentalContract.ConfirmDelivery' is clicked on

2017-11-17 14:20:50 - [TEST_STEP][PASSED] - delay: Delayed 8 second(s)

2017-11-17 14:20:58 - [MESSAGE][PASSED] - Delayed 8 second(s)

2017-11-17 14:20:58 - [TEST_STEP][NOT_RUN] - waitForElementPresent: NOT_RUN: waitForElementPresent

2017-11-17 14:20:58 - [MESSAGE][NOT_RUN] - NOT_RUN: waitForElementPresent

2017-11-17 14:20:58 - [TEST_STEP][NOT_RUN] - delay: NOT_RUN: delay

2017-11-17 14:20:58 - [MESSAGE][NOT_RUN] - NOT_RUN: delay

2017-11-17 14:20:58 - [TEST_STEP][PASSED] - click: Object: 'Object Repository/Rental/RentalHeader/RentalContract.DeliveryProceed' is clicked on

2017-11-17 14:20:58 - [MESSAGE][PASSED] - Object: 'Object Repository/Rental/RentalHeader/RentalContract.DeliveryProceed' is clicked on

2017-11-17 14:20:58 - [TEST_STEP][PASSED] - delay: Delayed 12 second(s)

2017-11-17 14:21:10 - [MESSAGE][PASSED] - Delayed 12 second(s)

2017-11-17 14:21:10 - [TEST_STEP][NOT_RUN] - waitForElementPresent: NOT_RUN: waitForElementPresent

2017-11-17 14:21:10 - [MESSAGE][NOT_RUN] - NOT_RUN: waitForElementPresent

2017-11-17 14:21:10 - [TEST_STEP][NOT_RUN] - delay: NOT_RUN: delay

2017-11-17 14:21:10 - [MESSAGE][NOT_RUN] - NOT_RUN: delay

2017-11-17 14:21:10 - [TEST_STEP][NOT_RUN] - click: NOT_RUN: click

2017-11-17 14:21:10 - [MESSAGE][NOT_RUN] - NOT_RUN: click

2017-11-17 14:21:10 - [TEST_STEP][PASSED] - delay: Delayed 8 second(s)

2017-11-17 14:21:18 - [MESSAGE][PASSED] - Delayed 8 second(s)

2017-11-17 14:21:18 - [TEST_STEP][PASSED] - click: Object: 'Object Repository/Rental/RentalHeader/RentalContract.InspetionReportClose' is clicked on

2017-11-17 14:21:18 - [MESSAGE][PASSED] - Object: 'Object Repository/Rental/RentalHeader/RentalContract.InspetionReportClose' is clicked on

2017-11-17 14:21:18 - [TEST_STEP][PASSED] - delay: Delayed 5 second(s)

2017-11-17 14:21:23 - [MESSAGE][PASSED] - Delayed 5 second(s)

2017-11-17 14:21:23 - [TEST_STEP][PASSED] - click: Object: 'Object Repository/Rental/RentalHeader/RentalContract.BillofLaddingClosed' is clicked on

2017-11-17 14:21:24 - [MESSAGE][PASSED] - Object: 'Object Repository/Rental/RentalHeader/RentalContract.BillofLaddingClosed' is clicked on

2017-11-17 14:21:24 - [TEST_STEP][PASSED] - delay: Delayed 5 second(s)

2017-11-17 14:21:29 - [MESSAGE][PASSED] - Delayed 5 second(s)

2017-11-17 14:21:29 - [TEST_STEP][PASSED] - click: Object: 'Object Repository/Rental/RentalHeader/RentalContract.EqipRentalMemoclosed' is clicked on

2017-11-17 14:21:29 - [MESSAGE][PASSED] - Object: 'Object Repository/Rental/RentalHeader/RentalContract.EqipRentalMemoclosed' is clicked on

2017-11-17 14:21:29 - [TEST_STEP][PASSED] - delay: Delayed 5 second(s)

2017-11-17 14:21:34 - [MESSAGE][PASSED] - Delayed 5 second(s)

2017-11-17 14:21:34 - [TEST_STEP][PASSED] - click: Object: 'Object Repository/Rental/RentalHeader/RentalContract.InspectionOrdergnerated' is clicked on

2017-11-17 14:21:34 - [MESSAGE][PASSED] - Object: 'Object Repository/Rental/RentalHeader/RentalContract.InspectionOrdergnerated' is clicked on

2017-11-17 14:21:34 - [MESSAGE][PASSED] - Call Test Case 'Test Cases/Rental/Base_RentalContract/Base_CreateRentalHeader' successfully

2017-11-17 14:21:34 - [TEST_STEP][PASSED] - delay: Delayed 4 second(s)

2017-11-17 14:21:38 - [MESSAGE][PASSED] - Delayed 4 second(s)

2017-11-17 14:21:38 - [TEST_STEP][PASSED] - click: Object: 'Object Repository/Rental/RentalHeader/RentalInvoice/RentalInvoice.InvoicingscheduleTab' is clicked on

2017-11-17 14:21:38 - [MESSAGE][PASSED] - Object: 'Object Repository/Rental/RentalHeader/RentalInvoice/RentalInvoice.InvoicingscheduleTab' is clicked on

2017-11-17 14:21:38 - [TEST_STEP][PASSED] - delay: Delayed 4 second(s)

2017-11-17 14:21:42 - [MESSAGE][PASSED] - Delayed 4 second(s)

2017-11-17 14:21:42 - [TEST_STEP][PASSED] - click: Object: 'Object Repository/Rental/RentalHeader/RentalInvoice/RentalInvoice.Action' is clicked on

2017-11-17 14:21:43 - [MESSAGE][PASSED] - Object: 'Object Repository/Rental/RentalHeader/RentalInvoice/RentalInvoice.Action' is clicked on

2017-11-17 14:21:43 - [TEST_STEP][PASSED] - delay: Delayed 4 second(s)

2017-11-17 14:21:47 - [MESSAGE][PASSED] - Delayed 4 second(s)

2017-11-17 14:21:47 - [TEST_STEP][PASSED] - click: Object: 'Object Repository/Rental/RentalHeader/RentalInvoice/RentalInvoice.ProcessInvoice' is clicked on

2017-11-17 14:21:47 - [MESSAGE][PASSED] - Object: 'Object Repository/Rental/RentalHeader/RentalInvoice/RentalInvoice.ProcessInvoice' is clicked on

2017-11-17 14:21:47 - [TEST_STEP][PASSED] - delay: Delayed 4 second(s)

2017-11-17 14:21:51 - [MESSAGE][PASSED] - Delayed 4 second(s)

2017-11-17 14:21:51 - [TEST_STEP][PASSED] - click: Object: 'Object Repository/Rental/RentalHeader/RentalInvoice/RentalInvoice.ProcessInvoice2' is clicked on

2017-11-17 14:21:51 - [MESSAGE][PASSED] - Object: 'Object Repository/Rental/RentalHeader/RentalInvoice/RentalInvoice.ProcessInvoice2' is clicked on

2017-11-17 14:21:51 - [TEST_STEP][PASSED] - delay: Delayed 0 second(s)

2017-11-17 14:21:51 - [MESSAGE][PASSED] - Delayed 0 second(s)

2017-11-17 14:21:51 - [TEST_STEP][PASSED] - click: Object: 'Object Repository/Rental/RentalHeader/RentalInvoice/RentalInvoice.InvoiceProcessYES' is clicked on

2017-11-17 14:21:52 - [MESSAGE][PASSED] - Object: 'Object Repository/Rental/RentalHeader/RentalInvoice/RentalInvoice.InvoiceProcessYES' is clicked on

2017-11-17 14:21:52 - [TEST_STEP][PASSED] - delay: Delayed 0 second(s)

2017-11-17 14:21:52 - [MESSAGE][PASSED] - Delayed 0 second(s)

2017-11-17 14:21:52 - [TEST_STEP][PASSED] - setText: Text 'PUBL' is set on object 'Object Repository/Rental/RentalHeader/RentalInvoice/ServiceCreditCard.PaymentGateway'

2017-11-17 14:21:54 - [MESSAGE][PASSED] - Text 'PUBL' is set on object 'Object Repository/Rental/RentalHeader/RentalInvoice/ServiceCreditCard.PaymentGateway'

2017-11-17 14:21:54 - [TEST_STEP][NOT_RUN] - sendKeys: NOT_RUN: sendKeys

2017-11-17 14:21:54 - [MESSAGE][NOT_RUN] - NOT_RUN: sendKeys

2017-11-17 14:21:54 - [TEST_STEP][PASSED] - doubleClick: Object: 'Object Repository/Rental/RentalHeader/RentalInvoice/ServiceCreditCard.CardType' is double clicked on

2017-11-17 14:21:54 - [MESSAGE][PASSED] - Object: 'Object Repository/Rental/RentalHeader/RentalInvoice/ServiceCreditCard.CardType' is double clicked on

2017-11-17 14:21:54 - [TEST_STEP][PASSED] - setText: Text 'Visa Card' is set on object 'Object Repository/Rental/RentalHeader/RentalInvoice/ServiceCreditCard.CardType'

2017-11-17 14:21:54 - [MESSAGE][PASSED] - Text 'Visa Card' is set on object 'Object Repository/Rental/RentalHeader/RentalInvoice/ServiceCreditCard.CardType'

2017-11-17 14:21:54 - [TEST_STEP][PASSED] - delay: Delayed 2 second(s)

2017-11-17 14:21:56 - [MESSAGE][PASSED] - Delayed 2 second(s)

2017-11-17 14:21:56 - [TEST_STEP][PASSED] - doubleClick: Object: 'Object Repository/Rental/RentalHeader/RentalInvoice/ServiceCreditCard.Enter CC No' is double clicked on

2017-11-17 14:21:57 - [MESSAGE][PASSED] - Object: 'Object Repository/Rental/RentalHeader/RentalInvoice/ServiceCreditCard.Enter CC No' is double clicked on

2017-11-17 14:21:57 - [TEST_STEP][PASSED] - sendKeys: Keys '4012000033330026' sent to object: 'Object Repository/Rental/RentalHeader/RentalInvoice/ServiceCreditCard.Enter CC No'

2017-11-17 14:21:57 - [MESSAGE][PASSED] - Keys '4012000033330026' sent to object: 'Object Repository/Rental/RentalHeader/RentalInvoice/ServiceCreditCard.Enter CC No'

2017-11-17 14:21:57 - [TEST_STEP][PASSED] - delay: Delayed 2 second(s)

2017-11-17 14:21:59 - [MESSAGE][PASSED] - Delayed 2 second(s)

2017-11-17 14:21:59 - [TEST_STEP][PASSED] - click: Object: 'Object Repository/Rental/RentalHeader/RentalInvoice/ServiceCreditCard.CVV2' is clicked on

2017-11-17 14:21:59 - [MESSAGE][PASSED] - Object: 'Object Repository/Rental/RentalHeader/RentalInvoice/ServiceCreditCard.CVV2' is clicked on

2017-11-17 14:21:59 - [TEST_STEP][PASSED] - sendKeys: Keys '865' sent to object: 'Object Repository/Rental/RentalHeader/RentalInvoice/ServiceCreditCard.CVV2'

2017-11-17 14:21:59 - [MESSAGE][PASSED] - Keys '865' sent to object: 'Object Repository/Rental/RentalHeader/RentalInvoice/ServiceCreditCard.CVV2'

2017-11-17 14:21:59 - [TEST_STEP][NOT_RUN] - sendKeys: NOT_RUN: sendKeys

2017-11-17 14:21:59 - [MESSAGE][NOT_RUN] - NOT_RUN: sendKeys

2017-11-17 14:21:59 - [TEST_STEP][NOT_RUN] - delay: NOT_RUN: delay

2017-11-17 14:21:59 - [MESSAGE][NOT_RUN] - NOT_RUN: delay

2017-11-17 14:21:59 - [TEST_STEP][PASSED] - delay: Delayed 3 second(s)

2017-11-17 14:22:02 - [MESSAGE][PASSED] - Delayed 3 second(s)

2017-11-17 14:22:02 - [TEST_STEP][PASSED] - setText: Text '09' is set on object 'Object Repository/Rental/RentalHeader/RentalInvoice/ServiceCreditCard.ExpiryMonth'

2017-11-17 14:22:03 - [MESSAGE][PASSED] - Text '09' is set on object 'Object Repository/Rental/RentalHeader/RentalInvoice/ServiceCreditCard.ExpiryMonth'

2017-11-17 14:22:03 - [TEST_STEP][PASSED] - setText: Text '99' is set on object 'Object Repository/Rental/RentalHeader/RentalInvoice/ServiceCreditCard.ExpiryYear'

2017-11-17 14:22:03 - [MESSAGE][PASSED] - Text '99' is set on object 'Object Repository/Rental/RentalHeader/RentalInvoice/ServiceCreditCard.ExpiryYear'

2017-11-17 14:22:03 - [TEST_STEP][NOT_RUN] - click: NOT_RUN: click

2017-11-17 14:22:03 - [MESSAGE][NOT_RUN] - NOT_RUN: click

2017-11-17 14:22:03 - [TEST_STEP][NOT_RUN] - delay: NOT_RUN: delay

2017-11-17 14:22:03 - [MESSAGE][NOT_RUN] - NOT_RUN: delay

2017-11-17 14:22:03 - [TEST_STEP][NOT_RUN] - click: NOT_RUN: click

2017-11-17 14:22:03 - [MESSAGE][NOT_RUN] - NOT_RUN: click

2017-11-17 14:22:03 - [TEST_STEP][NOT_RUN] - delay: NOT_RUN: delay

2017-11-17 14:22:03 - [MESSAGE][NOT_RUN] - NOT_RUN: delay

2017-11-17 14:22:03 - [TEST_STEP][NOT_RUN] - click: NOT_RUN: click

2017-11-17 14:22:03 - [MESSAGE][NOT_RUN] - NOT_RUN: click

2017-11-17 14:22:03 - [TEST_STEP][NOT_RUN] - delay: NOT_RUN: delay

2017-11-17 14:22:03 - [MESSAGE][NOT_RUN] - NOT_RUN: delay

2017-11-17 14:22:03 - [TEST_STEP][NOT_RUN] - click: NOT_RUN: click

2017-11-17 14:22:03 - [MESSAGE][NOT_RUN] - NOT_RUN: click

2017-11-17 14:22:03 - [TEST_STEP][NOT_RUN] - delay: NOT_RUN: delay

2017-11-17 14:22:03 - [MESSAGE][NOT_RUN] - NOT_RUN: delay

2017-11-17 14:22:03 - [TEST_STEP][NOT_RUN] - closeBrowser: NOT_RUN: closeBrowser

2017-11-17 14:22:03 - [MESSAGE][NOT_RUN] - NOT_RUN: closeBrowser

2017-11-17 14:22:03 - [MESSAGE][PASSED] - Call Test Case 'Test Cases/Rental/Base_RentalContract/Base_CreateRentalInvoice_HeaderlineInvoice_SplitTender' successfully

2017-11-17 14:22:03 - [TEST_STEP][FAILED] - callTestCase: Unable to call Test Case with id 'Test Cases/Rental/Base_RentalContract/Base_CreateRentalInvoicewithSpitTenderDetails_SplitTender' (Root cause: Call Test Case 'Test Cases/Rental/Base_RentalContract/Base_CreateRentalInvoicewithSpitTenderDetails_SplitTender' failed)

2017-11-17 14:22:03 - [TEST_CASE][FAILED] - Test Cases/Rental/Base_RentalContract/Base_CreateRentalInvoicewithSpitTenderDetails_SplitTender: Test Cases/Rental/Base_RentalContract/Base_CreateRentalInvoicewithSpitTenderDetails_SplitTender FAILED because (of) Unable to click on object 'Object Repository/Rental/Rental_SplitTenderDetails/SplitTender.Save' (Root cause: com.kms.katalon.core.webui.exception.WebElementNotFoundException: Web element with id: 'Object Repository/Rental/Rental_SplitTenderDetails/SplitTender.Save' located by 'By.xpath: //*[@id = 'xiext8105m000-4-button-std-file.save']' not found)

2017-11-17 14:22:04 - [TEST_STEP][PASSED] - delay: Delayed 5 second(s)

2017-11-17 14:22:09 - [MESSAGE][PASSED] - Delayed 5 second(s)

2017-11-17 14:22:09 - [TEST_STEP][PASSED] - doubleClick: Object: 'Object Repository/Rental/Rental_SplitTenderDetails/SplitTenderDetails' is double clicked on

2017-11-17 14:22:09 - [MESSAGE][PASSED] - Object: 'Object Repository/Rental/Rental_SplitTenderDetails/SplitTenderDetails' is double clicked on

2017-11-17 14:22:09 - [TEST_STEP][PASSED] - click: Object: 'Object Repository/Rental/Rental_SplitTenderDetails/SplitTenderDetails.Yes' is clicked on

2017-11-17 14:22:09 - [MESSAGE][PASSED] - Object: 'Object Repository/Rental/Rental_SplitTenderDetails/SplitTenderDetails.Yes' is clicked on

2017-11-17 14:22:09 - [TEST_STEP][PASSED] - delay: Delayed 3 second(s)

2017-11-17 14:22:12 - [MESSAGE][PASSED] - Delayed 3 second(s)

2017-11-17 14:22:12 - [TEST_STEP][PASSED] - click: Object: 'Object Repository/Rental/Rental_SplitTenderDetails/SplitTender.LineSession' is clicked on

2017-11-17 14:22:12 - [MESSAGE][PASSED] - Object: 'Object Repository/Rental/Rental_SplitTenderDetails/SplitTender.LineSession' is clicked on

2017-11-17 14:22:12 - [TEST_STEP][PASSED] - delay: Delayed 2 second(s)

2017-11-17 14:22:14 - [MESSAGE][PASSED] - Delayed 2 second(s)

2017-11-17 14:22:14 - [TEST_STEP][PASSED] - Statement - G_OrderAmt = com.kms.katalon.core.webui.keyword.WebUiBuiltInKeywords.getText(com.kms.katalon.core.testobject.ObjectRepository.findTestObject(Rental/Rental_SplitTenderDetails/SplitTender.OrderAmtHeader), CONTINUE_ON_FAILURE): Text of object 'Object Repository/Rental/Rental_SplitTenderDetails/SplitTender.OrderAmtHeader' is: '110.00'

2017-11-17 14:22:15 - [MESSAGE][PASSED] - Text of object 'Object Repository/Rental/Rental_SplitTenderDetails/SplitTender.OrderAmtHeader' is: '110.00'

2017-11-17 14:22:15 - [TEST_STEP][PASSED] - Statement - G_SplitOrderAmt2 = G_OrderAmt - 2: null

2017-11-17 14:22:15 - [TEST_STEP][PASSED] - comment: ***********************Line1 started***********************

2017-11-17 14:22:15 - [TEST_STEP][PASSED] - click: Object: 'Object Repository/Rental/Rental_SplitTenderDetails/SplitTender.NewButton' is clicked on

2017-11-17 14:22:15 - [MESSAGE][PASSED] - Object: 'Object Repository/Rental/Rental_SplitTenderDetails/SplitTender.NewButton' is clicked on

2017-11-17 14:22:15 - [TEST_STEP][PASSED] - delay: Delayed 2 second(s)

2017-11-17 14:22:17 - [MESSAGE][PASSED] - Delayed 2 second(s)

2017-11-17 14:22:17 - [TEST_STEP][PASSED] - doubleClick: Object: 'Object Repository/Rental/Rental_SplitTenderDetails/SplitTender.ModeofPayment' is double clicked on

2017-11-17 14:22:17 - [MESSAGE][PASSED] - Object: 'Object Repository/Rental/Rental_SplitTenderDetails/SplitTender.ModeofPayment' is double clicked on

2017-11-17 14:22:17 - [TEST_STEP][PASSED] - click: Object: 'Object Repository/Rental/Rental_SplitTenderDetails/SplitTender.ModeOfPaymentCreditCard1' is clicked on

2017-11-17 14:22:18 - [MESSAGE][PASSED] - Object: 'Object Repository/Rental/Rental_SplitTenderDetails/SplitTender.ModeOfPaymentCreditCard1' is clicked on

2017-11-17 14:22:18 - [TEST_STEP][PASSED] - click: Object: 'Object Repository/Rental/Rental_SplitTenderDetails/SplitTender.LineCCNo' is clicked on

2017-11-17 14:22:18 - [MESSAGE][PASSED] - Object: 'Object Repository/Rental/Rental_SplitTenderDetails/SplitTender.LineCCNo' is clicked on

2017-11-17 14:22:18 - [TEST_STEP][PASSED] - delay: Delayed 2 second(s)

2017-11-17 14:22:20 - [MESSAGE][PASSED] - Delayed 2 second(s)

2017-11-17 14:22:20 - [TEST_STEP][PASSED] - setText: Text '4012000033330026' is set on object 'Object Repository/Rental/Rental_SplitTenderDetails/SplitTender.LineCCNo'

2017-11-17 14:22:20 - [MESSAGE][PASSED] - Text '4012000033330026' is set on object 'Object Repository/Rental/Rental_SplitTenderDetails/SplitTender.LineCCNo'

2017-11-17 14:22:20 - [TEST_STEP][PASSED] - delay: Delayed 5 second(s)

2017-11-17 14:22:25 - [MESSAGE][PASSED] - Delayed 5 second(s)

2017-11-17 14:22:25 - [TEST_STEP][NOT_RUN] - click: NOT_RUN: click

2017-11-17 14:22:25 - [MESSAGE][NOT_RUN] - NOT_RUN: click

2017-11-17 14:22:25 - [TEST_STEP][NOT_RUN] - setText: NOT_RUN: setText

2017-11-17 14:22:25 - [MESSAGE][NOT_RUN] - NOT_RUN: setText

2017-11-17 14:22:25 - [TEST_STEP][PASSED] - scrollToElement: Scroll to object 'Object Repository/Rental/Rental_SplitTenderDetails/SplitTender.LineOrderAmount1' successfully

2017-11-17 14:22:26 - [MESSAGE][PASSED] - Scroll to object 'Object Repository/Rental/Rental_SplitTenderDetails/SplitTender.LineOrderAmount1' successfully

2017-11-17 14:22:26 - [TEST_STEP][PASSED] - delay: Delayed 5 second(s)

2017-11-17 14:22:31 - [MESSAGE][PASSED] - Delayed 5 second(s)

2017-11-17 14:22:31 - [TEST_STEP][PASSED] - click: Object: 'Object Repository/Rental/Rental_SplitTenderDetails/SplitTender.LineOrderAmount1' is clicked on

2017-11-17 14:22:31 - [MESSAGE][PASSED] - Object: 'Object Repository/Rental/Rental_SplitTenderDetails/SplitTender.LineOrderAmount1' is clicked on

2017-11-17 14:22:31 - [TEST_STEP][PASSED] - delay: Delayed 3 second(s)

2017-11-17 14:22:34 - [MESSAGE][PASSED] - Delayed 3 second(s)

2017-11-17 14:22:34 - [TEST_STEP][PASSED] - setText: Text '1.00' is set on object 'Object Repository/Rental/Rental_SplitTenderDetails/SplitTender.LineOrderAmount1'

2017-11-17 14:22:34 - [MESSAGE][PASSED] - Text '1.00' is set on object 'Object Repository/Rental/Rental_SplitTenderDetails/SplitTender.LineOrderAmount1'

2017-11-17 14:22:34 - [TEST_STEP][PASSED] - delay: Delayed 2 second(s)

2017-11-17 14:22:36 - [MESSAGE][PASSED] - Delayed 2 second(s)

2017-11-17 14:22:36 - [TEST_STEP][PASSED] - comment: ***********************Line2 started***********************

2017-11-17 14:22:36 - [TEST_STEP][PASSED] - click: Object: 'Object Repository/Rental/Rental_SplitTenderDetails/SplitTender.NewButton' is clicked on

2017-11-17 14:22:36 - [MESSAGE][PASSED] - Object: 'Object Repository/Rental/Rental_SplitTenderDetails/SplitTender.NewButton' is clicked on

2017-11-17 14:22:36 - [TEST_STEP][PASSED] - delay: Delayed 2 second(s)

2017-11-17 14:22:38 - [MESSAGE][PASSED] - Delayed 2 second(s)

2017-11-17 14:22:38 - [TEST_STEP][PASSED] - doubleClick: Object: 'Object Repository/Rental/Rental_SplitTenderDetails/SplitTender.ModeofPayment1' is double clicked on

2017-11-17 14:22:39 - [MESSAGE][PASSED] - Object: 'Object Repository/Rental/Rental_SplitTenderDetails/SplitTender.ModeofPayment1' is double clicked on

2017-11-17 14:22:39 - [TEST_STEP][PASSED] - click: Object: 'Object Repository/Rental/Rental_SplitTenderDetails/SplitTender.ModeOfPaymentCreditCard2' is clicked on

2017-11-17 14:22:39 - [MESSAGE][PASSED] - Object: 'Object Repository/Rental/Rental_SplitTenderDetails/SplitTender.ModeOfPaymentCreditCard2' is clicked on

2017-11-17 14:22:39 - [TEST_STEP][PASSED] - delay: Delayed 3 second(s)

2017-11-17 14:22:42 - [MESSAGE][PASSED] - Delayed 3 second(s)

2017-11-17 14:22:42 - [TEST_STEP][PASSED] - click: Object: 'Object Repository/Rental/Rental_SplitTenderDetails/SplitTender.Line2CCNo' is clicked on

2017-11-17 14:22:42 - [MESSAGE][PASSED] - Object: 'Object Repository/Rental/Rental_SplitTenderDetails/SplitTender.Line2CCNo' is clicked on

2017-11-17 14:22:42 - [TEST_STEP][PASSED] - delay: Delayed 2 second(s)

2017-11-17 14:22:44 - [MESSAGE][PASSED] - Delayed 2 second(s)

2017-11-17 14:22:44 - [TEST_STEP][PASSED] - setText: Text '4111123400062020' is set on object 'Object Repository/Rental/Rental_SplitTenderDetails/SplitTender.Line2CCNo'

2017-11-17 14:22:45 - [MESSAGE][PASSED] - Text '4111123400062020' is set on object 'Object Repository/Rental/Rental_SplitTenderDetails/SplitTender.Line2CCNo'

2017-11-17 14:22:45 - [TEST_STEP][PASSED] - delay: Delayed 2 second(s)

2017-11-17 14:22:47 - [MESSAGE][PASSED] - Delayed 2 second(s)

2017-11-17 14:22:47 - [TEST_STEP][PASSED] - click: Object: 'Object Repository/Rental/Rental_SplitTenderDetails/SplitTender.Line2CVV' is clicked on

2017-11-17 14:22:47 - [MESSAGE][PASSED] - Object: 'Object Repository/Rental/Rental_SplitTenderDetails/SplitTender.Line2CVV' is clicked on

2017-11-17 14:22:47 - [TEST_STEP][PASSED] - delay: Delayed 3 second(s)

2017-11-17 14:22:50 - [MESSAGE][PASSED] - Delayed 3 second(s)

2017-11-17 14:22:50 - [TEST_STEP][PASSED] - setText: Text '865' is set on object 'Object Repository/Rental/Rental_SplitTenderDetails/SplitTender.Line2CVV'

2017-11-17 14:22:50 - [MESSAGE][PASSED] - Text '865' is set on object 'Object Repository/Rental/Rental_SplitTenderDetails/SplitTender.Line2CVV'

2017-11-17 14:22:50 - [TEST_STEP][PASSED] - delay: Delayed 3 second(s)

2017-11-17 14:22:53 - [MESSAGE][PASSED] - Delayed 3 second(s)

2017-11-17 14:22:53 - [TEST_STEP][PASSED] - click: Object: 'Object Repository/Rental/Rental_SplitTenderDetails/SplitTender.CardTypeLine2' is clicked on

2017-11-17 14:22:53 - [MESSAGE][PASSED] - Object: 'Object Repository/Rental/Rental_SplitTenderDetails/SplitTender.CardTypeLine2' is clicked on

2017-11-17 14:22:53 - [TEST_STEP][PASSED] - delay: Delayed 5 second(s)

2017-11-17 14:22:58 - [MESSAGE][PASSED] - Delayed 5 second(s)

2017-11-17 14:22:58 - [TEST_STEP][PASSED] - sendKeys: Keys 'Visa Card' sent to object: 'Object Repository/Rental/Rental_SplitTenderDetails/SplitTender.CardTypeLine2'

2017-11-17 14:22:59 - [MESSAGE][PASSED] - Keys 'Visa Card' sent to object: 'Object Repository/Rental/Rental_SplitTenderDetails/SplitTender.CardTypeLine2'

2017-11-17 14:22:59 - [TEST_STEP][PASSED] - delay: Delayed 5 second(s)

2017-11-17 14:23:04 - [MESSAGE][PASSED] - Delayed 5 second(s)

2017-11-17 14:23:04 - [TEST_STEP][PASSED] - click: Object: 'Object Repository/Rental/Rental_SplitTenderDetails/SplitTender.ExpiryMonthLine2' is clicked on

2017-11-17 14:23:04 - [MESSAGE][PASSED] - Object: 'Object Repository/Rental/Rental_SplitTenderDetails/SplitTender.ExpiryMonthLine2' is clicked on

2017-11-17 14:23:04 - [TEST_STEP][PASSED] - delay: Delayed 3 second(s)

2017-11-17 14:23:07 - [MESSAGE][PASSED] - Delayed 3 second(s)

2017-11-17 14:23:07 - [TEST_STEP][PASSED] - setText: Text '09' is set on object 'Object Repository/Rental/Rental_SplitTenderDetails/SplitTender.ExpiryMonthLine2'

2017-11-17 14:23:07 - [MESSAGE][PASSED] - Text '09' is set on object 'Object Repository/Rental/Rental_SplitTenderDetails/SplitTender.ExpiryMonthLine2'

2017-11-17 14:23:07 - [TEST_STEP][PASSED] - delay: Delayed 2 second(s)

2017-11-17 14:23:09 - [MESSAGE][PASSED] - Delayed 2 second(s)

2017-11-17 14:23:09 - [TEST_STEP][PASSED] - click: Object: 'Object Repository/Rental/Rental_SplitTenderDetails/SplitTender.ExpiryYearLine2' is clicked on

2017-11-17 14:23:09 - [MESSAGE][PASSED] - Object: 'Object Repository/Rental/Rental_SplitTenderDetails/SplitTender.ExpiryYearLine2' is clicked on

2017-11-17 14:23:09 - [TEST_STEP][PASSED] - delay: Delayed 2 second(s)

2017-11-17 14:23:11 - [MESSAGE][PASSED] - Delayed 2 second(s)

2017-11-17 14:23:11 - [TEST_STEP][PASSED] - setText: Text '99' is set on object 'Object Repository/Rental/Rental_SplitTenderDetails/SplitTender.ExpiryYearLine2'

2017-11-17 14:23:12 - [MESSAGE][PASSED] - Text '99' is set on object 'Object Repository/Rental/Rental_SplitTenderDetails/SplitTender.ExpiryYearLine2'

2017-11-17 14:23:12 - [TEST_STEP][PASSED] - delay: Delayed 3 second(s)

2017-11-17 14:23:15 - [MESSAGE][PASSED] - Delayed 3 second(s)

2017-11-17 14:23:15 - [TEST_STEP][PASSED] - scrollToElement: Scroll to object 'Object Repository/Rental/Rental_SplitTenderDetails/SplitTender.LineOrderAmount2' successfully

2017-11-17 14:23:15 - [MESSAGE][PASSED] - Scroll to object 'Object Repository/Rental/Rental_SplitTenderDetails/SplitTender.LineOrderAmount2' successfully

2017-11-17 14:23:15 - [TEST_STEP][PASSED] - delay: Delayed 2 second(s)

2017-11-17 14:23:17 - [MESSAGE][PASSED] - Delayed 2 second(s)

2017-11-17 14:23:17 - [TEST_STEP][PASSED] - click: Object: 'Object Repository/Rental/Rental_SplitTenderDetails/SplitTender.LineOrderAmount2' is clicked on

2017-11-17 14:23:17 - [MESSAGE][PASSED] - Object: 'Object Repository/Rental/Rental_SplitTenderDetails/SplitTender.LineOrderAmount2' is clicked on

2017-11-17 14:23:17 - [TEST_STEP][PASSED] - delay: Delayed 2 second(s)

2017-11-17 14:23:19 - [MESSAGE][PASSED] - Delayed 2 second(s)

2017-11-17 14:23:19 - [TEST_STEP][PASSED] - setText: Text '1.00' is set on object 'Object Repository/Rental/Rental_SplitTenderDetails/SplitTender.LineOrderAmount2'

2017-11-17 14:23:19 - [MESSAGE][PASSED] - Text '1.00' is set on object 'Object Repository/Rental/Rental_SplitTenderDetails/SplitTender.LineOrderAmount2'

2017-11-17 14:23:19 - [TEST_STEP][PASSED] - delay: Delayed 2 second(s)

2017-11-17 14:23:21 - [MESSAGE][PASSED] - Delayed 2 second(s)

2017-11-17 14:23:21 - [TEST_STEP][PASSED] - comment: ***********************Line3 started***********************

2017-11-17 14:23:21 - [TEST_STEP][PASSED] - click: Object: 'Object Repository/Rental/Rental_SplitTenderDetails/SplitTender.NewButton' is clicked on

2017-11-17 14:23:22 - [MESSAGE][PASSED] - Object: 'Object Repository/Rental/Rental_SplitTenderDetails/SplitTender.NewButton' is clicked on

2017-11-17 14:23:22 - [TEST_STEP][PASSED] - delay: Delayed 3 second(s)

2017-11-17 14:23:25 - [MESSAGE][PASSED] - Delayed 3 second(s)

2017-11-17 14:23:25 - [TEST_STEP][PASSED] - doubleClick: Object: 'Object Repository/Rental/Rental_SplitTenderDetails/SplitTender.ModeofPayment2' is double clicked on

2017-11-17 14:23:25 - [MESSAGE][PASSED] - Object: 'Object Repository/Rental/Rental_SplitTenderDetails/SplitTender.ModeofPayment2' is double clicked on

2017-11-17 14:23:25 - [TEST_STEP][PASSED] - delay: Delayed 5 second(s)

2017-11-17 14:23:30 - [MESSAGE][PASSED] - Delayed 5 second(s)

2017-11-17 14:23:30 - [TEST_STEP][NOT_RUN] - click: NOT_RUN: click

2017-11-17 14:23:30 - [MESSAGE][NOT_RUN] - NOT_RUN: click

2017-11-17 14:23:30 - [TEST_STEP][PASSED] - click: Object: 'Object Repository/Rental/Rental_SplitTenderDetails/SplitTender.ModeOfPaymentCash' is clicked on

2017-11-17 14:23:31 - [MESSAGE][PASSED] - Object: 'Object Repository/Rental/Rental_SplitTenderDetails/SplitTender.ModeOfPaymentCash' is clicked on

2017-11-17 14:23:31 - [TEST_STEP][PASSED] - delay: Delayed 10 second(s)

2017-11-17 14:23:41 - [MESSAGE][PASSED] - Delayed 10 second(s)

2017-11-17 14:23:41 - [TEST_STEP][NOT_RUN] - scrollToElement: NOT_RUN: scrollToElement

2017-11-17 14:23:41 - [MESSAGE][NOT_RUN] - NOT_RUN: scrollToElement

2017-11-17 14:23:41 - [TEST_STEP][PASSED] - click: Object: 'Object Repository/Rental/Rental_SplitTenderDetails/SplitTender.LineOrderAmount3' is clicked on

2017-11-17 14:23:41 - [MESSAGE][PASSED] - Object: 'Object Repository/Rental/Rental_SplitTenderDetails/SplitTender.LineOrderAmount3' is clicked on

2017-11-17 14:23:41 - [TEST_STEP][PASSED] - delay: Delayed 2 second(s)

2017-11-17 14:23:43 - [MESSAGE][PASSED] - Delayed 2 second(s)

2017-11-17 14:23:43 - [TEST_STEP][PASSED] - setText: Text '108.0' is set on object 'Object Repository/Rental/Rental_SplitTenderDetails/SplitTender.LineOrderAmount3'

2017-11-17 14:23:43 - [MESSAGE][PASSED] - Text '108.0' is set on object 'Object Repository/Rental/Rental_SplitTenderDetails/SplitTender.LineOrderAmount3'

2017-11-17 14:23:43 - [TEST_STEP][PASSED] - delay: Delayed 2 second(s)

2017-11-17 14:23:45 - [MESSAGE][PASSED] - Delayed 2 second(s)

2017-11-17 14:23:45 - [TEST_STEP][FAILED] - click: Unable to click on object 'Object Repository/Rental/Rental_SplitTenderDetails/SplitTender.Save' (Root cause: com.kms.katalon.core.webui.exception.WebElementNotFoundException: Web element with id: 'Object Repository/Rental/Rental_SplitTenderDetails/SplitTender.Save' located by 'By.xpath: //*[@id = 'xiext8105m000-4-button-std-file.save']' not found)

2017-11-17 14:24:19 - [MESSAGE][FAILED] - Unable to click on object 'Object Repository/Rental/Rental_SplitTenderDetails/SplitTender.Save' (Root cause: com.kms.katalon.core.webui.exception.WebElementNotFoundException: Web element with id: 'Object Repository/Rental/Rental_SplitTenderDetails/SplitTender.Save' located by 'By.xpath: //*[@id = 'xiext8105m000-4-button-std-file.save']' not found)
[[ATTACHMENT|C:\\Users\\agawhande\\git\\CreditCard\\Reports\\CC_RentalInvoicewithSplitTenderTestSuite\\20171117_141636\\1510908859407.png]]

2017-11-17 14:24:19 - [TEST_STEP][PASSED] - delay: Delayed 3 second(s)

2017-11-17 14:24:22 - [MESSAGE][PASSED] - Delayed 3 second(s)

2017-11-17 14:24:22 - [TEST_STEP][PASSED] - click: Object: 'Object Repository/Rental/Rental_SplitTenderDetails/SplitTender.Action' is clicked on

2017-11-17 14:24:23 - [MESSAGE][PASSED] - Object: 'Object Repository/Rental/Rental_SplitTenderDetails/SplitTender.Action' is clicked on

2017-11-17 14:24:23 - [TEST_STEP][PASSED] - delay: Delayed 2 second(s)

2017-11-17 14:24:25 - [MESSAGE][PASSED] - Delayed 2 second(s)

2017-11-17 14:24:25 - [TEST_STEP][PASSED] - click: Object: 'Object Repository/Rental/Rental_SplitTenderDetails/SplitTender.ApplyTax' is clicked on

2017-11-17 14:24:25 - [MESSAGE][PASSED] - Object: 'Object Repository/Rental/Rental_SplitTenderDetails/SplitTender.ApplyTax' is clicked on

2017-11-17 14:24:25 - [TEST_STEP][PASSED] - delay: Delayed 2 second(s)

2017-11-17 14:24:27 - [MESSAGE][PASSED] - Delayed 2 second(s)

2017-11-17 14:24:27 - [TEST_STEP][PASSED] - Statement - G_SplitInvoiceAmt1 = com.kms.katalon.core.webui.keyword.WebUiBuiltInKeywords.getText(com.kms.katalon.core.testobject.ObjectRepository.findTestObject(Rental/Rental_SplitTenderDetails/SplitTender.InvoiceAmt1)): Text of object 'Object Repository/Rental/Rental_SplitTenderDetails/SplitTender.InvoiceAmt1' is: '1.00'

2017-11-17 14:24:27 - [MESSAGE][PASSED] - Text of object 'Object Repository/Rental/Rental_SplitTenderDetails/SplitTender.InvoiceAmt1' is: '1.00'

2017-11-17 14:24:27 - [TEST_STEP][PASSED] - Statement - G_SplitInvoiceAmt2 = com.kms.katalon.core.webui.keyword.WebUiBuiltInKeywords.getText(com.kms.katalon.core.testobject.ObjectRepository.findTestObject(Rental/Rental_SplitTenderDetails/SplitTender.InvoiceAmt2)): Text of object 'Object Repository/Rental/Rental_SplitTenderDetails/SplitTender.InvoiceAmt2' is: '108.00'

2017-11-17 14:24:27 - [MESSAGE][PASSED] - Text of object 'Object Repository/Rental/Rental_SplitTenderDetails/SplitTender.InvoiceAmt2' is: '108.00'

2017-11-17 14:24:27 - [TEST_STEP][PASSED] - click: Object: 'Object Repository/Rental/Rental_SplitTenderDetails/SplitTender.SaveClose' is clicked on

2017-11-17 14:24:27 - [MESSAGE][PASSED] - Object: 'Object Repository/Rental/Rental_SplitTenderDetails/SplitTender.SaveClose' is clicked on

2017-11-17 14:24:27 - [TEST_STEP][PASSED] - delay: Delayed 2 second(s)

2017-11-17 14:24:29 - [MESSAGE][PASSED] - Delayed 2 second(s)

2017-11-17 14:24:29 - [TEST_STEP][PASSED] - click: Object: 'Object Repository/Rental/RentalHeader/RentalInvoice/ServiceCreditCard.Process' is clicked on

2017-11-17 14:24:30 - [MESSAGE][PASSED] - Object: 'Object Repository/Rental/RentalHeader/RentalInvoice/ServiceCreditCard.Process' is clicked on

2017-11-17 14:24:30 - [TEST_STEP][PASSED] - delay: Delayed 13 second(s)

2017-11-17 14:24:43 - [MESSAGE][PASSED] - Delayed 13 second(s)

2017-11-17 14:24:43 - [TEST_STEP][FAILED] - click: Unable to click on object 'Object Repository/Rental/RentalHeader/RentalInvoice/ServiceCreditCard.PrintOK' (Root cause: com.kms.katalon.core.webui.exception.WebElementNotFoundException: Web element with id: 'Object Repository/Rental/RentalHeader/RentalInvoice/ServiceCreditCard.PrintOK' located by 'By.xpath: //*[@id = 'dlg-erext4203m001-10-input-button-0']' not found)

2017-11-17 14:25:17 - [MESSAGE][FAILED] - Unable to click on object 'Object Repository/Rental/RentalHeader/RentalInvoice/ServiceCreditCard.PrintOK' (Root cause: com.kms.katalon.core.webui.exception.WebElementNotFoundException: Web element with id: 'Object Repository/Rental/RentalHeader/RentalInvoice/ServiceCreditCard.PrintOK' located by 'By.xpath: //*[@id = 'dlg-erext4203m001-10-input-button-0']' not found)
[[ATTACHMENT|C:\\Users\\agawhande\\git\\CreditCard\\Reports\\CC_RentalInvoicewithSplitTenderTestSuite\\20171117_141636\\1510908917080.png]]

2017-11-17 14:25:17 - [TEST_STEP][PASSED] - delay: Delayed 10 second(s)

2017-11-17 14:25:27 - [MESSAGE][PASSED] - Delayed 10 second(s)

2017-11-17 14:25:27 - [TEST_STEP][FAILED] - click: Unable to click on object 'Object Repository/Rental/RentalHeader/RentalInvoice/ServiceCreditCard.PrintDevice' (Root cause: com.kms.katalon.core.webui.exception.WebElementNotFoundException: Web element with id: 'Object Repository/Rental/RentalHeader/RentalInvoice/ServiceCreditCard.PrintDevice' located by 'By.xpath: //*[@id = 'ttstpsplopen-13-button-form-exec.cont.process']' not found)

2017-11-17 14:26:00 - [MESSAGE][FAILED] - Unable to click on object 'Object Repository/Rental/RentalHeader/RentalInvoice/ServiceCreditCard.PrintDevice' (Root cause: com.kms.katalon.core.webui.exception.WebElementNotFoundException: Web element with id: 'Object Repository/Rental/RentalHeader/RentalInvoice/ServiceCreditCard.PrintDevice' located by 'By.xpath: //*[@id = 'ttstpsplopen-13-button-form-exec.cont.process']' not found)
[[ATTACHMENT|C:\\Users\\agawhande\\git\\CreditCard\\Reports\\CC_RentalInvoicewithSplitTenderTestSuite\\20171117_141636\\1510908960610.png]]

2017-11-17 14:26:00 - [TEST_STEP][PASSED] - delay: Delayed 5 second(s)

2017-11-17 14:26:05 - [MESSAGE][PASSED] - Delayed 5 second(s)

2017-11-17 14:26:05 - [TEST_STEP][PASSED] - closeBrowser: Browser is closed

2017-11-17 14:26:06 - [MESSAGE][PASSED] - Browser is closed

2017-11-17 14:26:06 - [MESSAGE][FAILED] - Unable to call Test Case with id 'Test Cases/Rental/Base_RentalContract/Base_CreateRentalInvoicewithSpitTenderDetails_SplitTender' (Root cause: Call Test Case 'Test Cases/Rental/Base_RentalContract/Base_CreateRentalInvoicewithSpitTenderDetails_SplitTender' failed)]]></system-out>
         <system-err><![CDATA[2017-11-17 14:16:46 - [TEST_CASE][FAILED] - Test Cases/Rental/Base_RentalContract/CreditCardRegression/TC004_RentalContractInvoice_SplitTender - Iteration 1: Test Cases/Rental/Base_RentalContract/CreditCardRegression/TC004_RentalContractInvoice_SplitTender FAILED because (of) Unable to click on object 'Object Repository/Rental/Rental_SplitTenderDetails/SplitTender.Save' (Root cause: com.kms.katalon.core.webui.exception.WebElementNotFoundException: Web element with id: 'Object Repository/Rental/Rental_SplitTenderDetails/SplitTender.Save' located by 'By.xpath: //*[@id = 'xiext8105m000-4-button-std-file.save']' not found)]]></system-err>
      </testcase>
      <testcase name="Test Cases/Rental/Base_RentalContract/CreditCardRegression/TC004_RentalContractInvoice_SplitTender - Iteration 2" classname="Test Cases/Rental/Base_RentalContract/CreditCardRegression/TC004_RentalContractInvoice_SplitTender" status="INCOMPLETE">
         <system-out><![CDATA[2017-11-17 14:26:06 - [TEST_CASE][INCOMPLETE] - Test Cases/Rental/Base_RentalContract/CreditCardRegression/TC004_RentalContractInvoice_SplitTender - Iteration 2: null

2017-11-17 14:26:06 - [TEST_STEP][PASSED] - callTestCase: Call Test Case 'Test Cases/Equipment/Base_EquipmentPurchase/EPO_CreateNrecieve' successfully

2017-11-17 14:26:06 - [TEST_CASE][PASSED] - Test Cases/Equipment/Base_EquipmentPurchase/EPO_CreateNrecieve: Test Cases/Equipment/Base_EquipmentPurchase/EPO_CreateNrecieve

2017-11-17 14:26:06 - [TEST_STEP][PASSED] - callTestCase: Call Test Case 'Test Cases/Equipment/Base_EquipmentPurchase/Base_EPO_CreateHeaderNline' successfully

2017-11-17 14:26:06 - [TEST_CASE][PASSED] - Test Cases/Equipment/Base_EquipmentPurchase/Base_EPO_CreateHeaderNline: Test Cases/Equipment/Base_EquipmentPurchase/Base_EPO_CreateHeaderNline

2017-11-17 14:26:06 - [TEST_STEP][PASSED] - callTestCase: Call Test Case 'Test Cases/Common/Base_Common_OpenSession' successfully

2017-11-17 14:26:06 - [TEST_CASE][PASSED] - Test Cases/Common/Base_Common_OpenSession: Test Cases/Common/Base_Common_OpenSession

2017-11-17 14:26:06 - [TEST_STEP][PASSED] - openBrowser: Browser is opened with url: 'https://rgajbhiye:Robin$123@proxima-ln4.e-emphasys.com:8441/webui/servlet/login'

2017-11-17 14:26:15 - [MESSAGE][PASSED] - Browser is opened with url: 'https://rgajbhiye:Robin$123@proxima-ln4.e-emphasys.com:8441/webui/servlet/login'

2017-11-17 14:26:15 - [TEST_STEP][PASSED] - waitForPageLoad: Wait for page load successfully

2017-11-17 14:26:15 - [MESSAGE][PASSED] - Wait for page load successfully

2017-11-17 14:26:15 - [TEST_STEP][PASSED] - maximizeWindow: Current window maximized

2017-11-17 14:26:15 - [MESSAGE][PASSED] - Current window maximized

2017-11-17 14:26:15 - [TEST_STEP][PASSED] - click: Object: 'Object Repository/Common/HomePage/HomePage_more' is clicked on

2017-11-17 14:26:18 - [MESSAGE][PASSED] - Object: 'Object Repository/Common/HomePage/HomePage_more' is clicked on

2017-11-17 14:26:18 - [TEST_STEP][PASSED] - click: Object: 'Object Repository/Common/HomePage/HomePage_Option' is clicked on

2017-11-17 14:26:18 - [MESSAGE][PASSED] - Object: 'Object Repository/Common/HomePage/HomePage_Option' is clicked on

2017-11-17 14:26:18 - [TEST_STEP][PASSED] - click: Object: 'Object Repository/Common/HomePage/HomePage_RunProgram_' is clicked on

2017-11-17 14:26:18 - [MESSAGE][PASSED] - Object: 'Object Repository/Common/HomePage/HomePage_RunProgram_' is clicked on

2017-11-17 14:26:18 - [TEST_STEP][PASSED] - sendKeys: Keys 'tdext8150s000' sent to object: 'Object Repository/Common/HomePage/HomePage_Session_ID'

2017-11-17 14:26:19 - [MESSAGE][PASSED] - Keys 'tdext8150s000' sent to object: 'Object Repository/Common/HomePage/HomePage_Session_ID'

2017-11-17 14:26:19 - [TEST_STEP][PASSED] - click: Object: 'Object Repository/Common/HomePage/HomePage_OkButton' is clicked on

2017-11-17 14:26:19 - [MESSAGE][PASSED] - Object: 'Object Repository/Common/HomePage/HomePage_OkButton' is clicked on

2017-11-17 14:26:19 - [MESSAGE][PASSED] - Call Test Case 'Test Cases/Common/Base_Common_OpenSession' successfully

2017-11-17 14:26:19 - [TEST_STEP][PASSED] - waitForElementPresent: Object 'Object Repository/Equipment/EquipmentPurchase/EPO_Header/EPO_Header_New' is present

2017-11-17 14:26:22 - [MESSAGE][PASSED] - Object 'Object Repository/Equipment/EquipmentPurchase/EPO_Header/EPO_Header_New' is present

2017-11-17 14:26:22 - [TEST_STEP][PASSED] - click: Object: 'Object Repository/Equipment/EquipmentPurchase/EPO_Header/EPO_Header_New' is clicked on

2017-11-17 14:26:22 - [MESSAGE][PASSED] - Object: 'Object Repository/Equipment/EquipmentPurchase/EPO_Header/EPO_Header_New' is clicked on

2017-11-17 14:26:22 - [TEST_STEP][PASSED] - click: Object: 'Object Repository/Equipment/EquipmentPurchase/EPO_Header/EPO_Header_Customer' is clicked on

2017-11-17 14:26:22 - [MESSAGE][PASSED] - Object: 'Object Repository/Equipment/EquipmentPurchase/EPO_Header/EPO_Header_Customer' is clicked on

2017-11-17 14:26:22 - [TEST_STEP][PASSED] - setText: Text 'M00000010' is set on object 'Object Repository/Equipment/EquipmentPurchase/EPO_Header/EPO_Header_Customer'

2017-11-17 14:26:22 - [MESSAGE][PASSED] - Text 'M00000010' is set on object 'Object Repository/Equipment/EquipmentPurchase/EPO_Header/EPO_Header_Customer'

2017-11-17 14:26:22 - [TEST_STEP][PASSED] - click: Object: 'Object Repository/Equipment/EquipmentPurchase/EPO_Header/EPO_Header_Save' is clicked on

2017-11-17 14:26:22 - [MESSAGE][PASSED] - Object: 'Object Repository/Equipment/EquipmentPurchase/EPO_Header/EPO_Header_Save' is clicked on

2017-11-17 14:26:22 - [TEST_STEP][PASSED] - delay: Delayed 5 second(s)

2017-11-17 14:26:27 - [MESSAGE][PASSED] - Delayed 5 second(s)

2017-11-17 14:26:27 - [TEST_STEP][PASSED] - click: Object: 'Object Repository/Equipment/EquipmentPurchase/EPO_Header/EPO_Header_Action' is clicked on

2017-11-17 14:26:28 - [MESSAGE][PASSED] - Object: 'Object Repository/Equipment/EquipmentPurchase/EPO_Header/EPO_Header_Action' is clicked on

2017-11-17 14:26:28 - [TEST_STEP][PASSED] - click: Object: 'Object Repository/Equipment/EquipmentPurchase/EPO_Header/EPO_Header_Action_OrderLines' is clicked on

2017-11-17 14:26:28 - [MESSAGE][PASSED] - Object: 'Object Repository/Equipment/EquipmentPurchase/EPO_Header/EPO_Header_Action_OrderLines' is clicked on

2017-11-17 14:26:28 - [TEST_STEP][PASSED] - waitForElementPresent: Object 'Object Repository/Equipment/EquipmentPurchase/EPO_Line/EPO_MultiLine_New' is present

2017-11-17 14:26:29 - [MESSAGE][PASSED] - Object 'Object Repository/Equipment/EquipmentPurchase/EPO_Line/EPO_MultiLine_New' is present

2017-11-17 14:26:29 - [TEST_STEP][PASSED] - click: Object: 'Object Repository/Equipment/EquipmentPurchase/EPO_Line/EPO_MultiLine_New' is clicked on

2017-11-17 14:26:29 - [MESSAGE][PASSED] - Object: 'Object Repository/Equipment/EquipmentPurchase/EPO_Line/EPO_MultiLine_New' is clicked on

2017-11-17 14:26:29 - [TEST_STEP][PASSED] - waitForElementPresent: Object 'Object Repository/Equipment/EquipmentPurchase/EPO_Line/EPO_Line_Model' is present

2017-11-17 14:26:30 - [MESSAGE][PASSED] - Object 'Object Repository/Equipment/EquipmentPurchase/EPO_Line/EPO_Line_Model' is present

2017-11-17 14:26:30 - [TEST_STEP][PASSED] - click: Object: 'Object Repository/Equipment/EquipmentPurchase/EPO_Line/EPO_Line_Model' is clicked on

2017-11-17 14:26:30 - [MESSAGE][PASSED] - Object: 'Object Repository/Equipment/EquipmentPurchase/EPO_Line/EPO_Line_Model' is clicked on

2017-11-17 14:26:30 - [TEST_STEP][PASSED] - delay: Delayed 2 second(s)

2017-11-17 14:26:32 - [MESSAGE][PASSED] - Delayed 2 second(s)

2017-11-17 14:26:32 - [TEST_STEP][PASSED] - setText: Text '1032' is set on object 'Object Repository/Equipment/EquipmentPurchase/EPO_Line/EPO_Line_Model'

2017-11-17 14:26:32 - [MESSAGE][PASSED] - Text '1032' is set on object 'Object Repository/Equipment/EquipmentPurchase/EPO_Line/EPO_Line_Model'

2017-11-17 14:26:32 - [TEST_STEP][PASSED] - click: Object: 'Object Repository/Equipment/EquipmentPurchase/EPO_Line/EPO_Line_NeworUsed' is clicked on

2017-11-17 14:26:33 - [MESSAGE][PASSED] - Object: 'Object Repository/Equipment/EquipmentPurchase/EPO_Line/EPO_Line_NeworUsed' is clicked on

2017-11-17 14:26:33 - [TEST_STEP][PASSED] - click: Object: 'Object Repository/Equipment/EquipmentPurchase/EPO_Line/EPO_Line_NewEquipOption' is clicked on

2017-11-17 14:26:33 - [MESSAGE][PASSED] - Object: 'Object Repository/Equipment/EquipmentPurchase/EPO_Line/EPO_Line_NewEquipOption' is clicked on

2017-11-17 14:26:33 - [TEST_STEP][PASSED] - click: Object: 'Object Repository/Equipment/EquipmentPurchase/EPO_Line/EPO_Line_PlannedDate' is clicked on

2017-11-17 14:26:33 - [MESSAGE][PASSED] - Object: 'Object Repository/Equipment/EquipmentPurchase/EPO_Line/EPO_Line_PlannedDate' is clicked on

2017-11-17 14:26:33 - [TEST_STEP][PASSED] - delay: Delayed 2 second(s)

2017-11-17 14:26:35 - [MESSAGE][PASSED] - Delayed 2 second(s)

2017-11-17 14:26:35 - [TEST_STEP][PASSED] - setText: Text '+10' is set on object 'Object Repository/Equipment/EquipmentPurchase/EPO_Line/EPO_Line_PlannedDate'

2017-11-17 14:26:35 - [MESSAGE][PASSED] - Text '+10' is set on object 'Object Repository/Equipment/EquipmentPurchase/EPO_Line/EPO_Line_PlannedDate'

2017-11-17 14:26:35 - [TEST_STEP][PASSED] - click: Object: 'Object Repository/Equipment/EquipmentPurchase/EPO_Line/EPO_Line_Price' is clicked on

2017-11-17 14:26:35 - [MESSAGE][PASSED] - Object: 'Object Repository/Equipment/EquipmentPurchase/EPO_Line/EPO_Line_Price' is clicked on

2017-11-17 14:26:35 - [TEST_STEP][PASSED] - delay: Delayed 2 second(s)

2017-11-17 14:26:37 - [MESSAGE][PASSED] - Delayed 2 second(s)

2017-11-17 14:26:37 - [TEST_STEP][PASSED] - setText: Text '100' is set on object 'Object Repository/Equipment/EquipmentPurchase/EPO_Line/EPO_Line_Price'

2017-11-17 14:26:37 - [MESSAGE][PASSED] - Text '100' is set on object 'Object Repository/Equipment/EquipmentPurchase/EPO_Line/EPO_Line_Price'

2017-11-17 14:26:37 - [TEST_STEP][PASSED] - click: Object: 'Object Repository/Equipment/EquipmentPurchase/EPO_Line/EPO_Line_Save' is clicked on

2017-11-17 14:26:38 - [MESSAGE][PASSED] - Object: 'Object Repository/Equipment/EquipmentPurchase/EPO_Line/EPO_Line_Save' is clicked on

2017-11-17 14:26:38 - [TEST_STEP][PASSED] - click: Object: 'Object Repository/Equipment/EquipmentPurchase/EPO_Line/EPO_Line_importNO' is clicked on

2017-11-17 14:26:38 - [MESSAGE][PASSED] - Object: 'Object Repository/Equipment/EquipmentPurchase/EPO_Line/EPO_Line_importNO' is clicked on

2017-11-17 14:26:38 - [TEST_STEP][PASSED] - click: Object: 'Object Repository/Equipment/EquipmentPurchase/EPO_Line/EPO_Line_SaveNclose' is clicked on

2017-11-17 14:26:39 - [MESSAGE][PASSED] - Object: 'Object Repository/Equipment/EquipmentPurchase/EPO_Line/EPO_Line_SaveNclose' is clicked on

2017-11-17 14:26:39 - [TEST_STEP][PASSED] - delay: Delayed 2 second(s)

2017-11-17 14:26:41 - [MESSAGE][PASSED] - Delayed 2 second(s)

2017-11-17 14:26:41 - [TEST_STEP][PASSED] - click: Object: 'Object Repository/Equipment/EquipmentPurchase/EPO_Line/EPO_MultiLine_SavenClose' is clicked on

2017-11-17 14:26:41 - [MESSAGE][PASSED] - Object: 'Object Repository/Equipment/EquipmentPurchase/EPO_Line/EPO_MultiLine_SavenClose' is clicked on

2017-11-17 14:26:41 - [MESSAGE][PASSED] - Call Test Case 'Test Cases/Equipment/Base_EquipmentPurchase/Base_EPO_CreateHeaderNline' successfully

2017-11-17 14:26:41 - [TEST_STEP][PASSED] - callTestCase: Call Test Case 'Test Cases/Equipment/Base_EquipmentPurchase/Base_EPO_Reciept' successfully

2017-11-17 14:26:41 - [TEST_CASE][PASSED] - Test Cases/Equipment/Base_EquipmentPurchase/Base_EPO_Reciept: Test Cases/Equipment/Base_EquipmentPurchase/Base_EPO_Reciept

2017-11-17 14:26:41 - [TEST_STEP][PASSED] - click: Object: 'Object Repository/Equipment/EquipmentPurchase/EPO_Header/EPO_Header_Action' is clicked on

2017-11-17 14:26:41 - [MESSAGE][PASSED] - Object: 'Object Repository/Equipment/EquipmentPurchase/EPO_Header/EPO_Header_Action' is clicked on

2017-11-17 14:26:41 - [TEST_STEP][PASSED] - click: Object: 'Object Repository/Equipment/EquipmentPurchase/EPO_Header/EPO_Header_Action_SendForApproval' is clicked on

2017-11-17 14:26:41 - [MESSAGE][PASSED] - Object: 'Object Repository/Equipment/EquipmentPurchase/EPO_Header/EPO_Header_Action_SendForApproval' is clicked on

2017-11-17 14:26:41 - [TEST_STEP][PASSED] - delay: Delayed 5 second(s)

2017-11-17 14:26:46 - [MESSAGE][PASSED] - Delayed 5 second(s)

2017-11-17 14:26:46 - [TEST_STEP][PASSED] - click: Object: 'Object Repository/Equipment/EquipmentPurchase/EPO_Header/EPO_Header_Action' is clicked on

2017-11-17 14:26:47 - [MESSAGE][PASSED] - Object: 'Object Repository/Equipment/EquipmentPurchase/EPO_Header/EPO_Header_Action' is clicked on

2017-11-17 14:26:47 - [TEST_STEP][PASSED] - click: Object: 'Object Repository/Equipment/EquipmentPurchase/EPO_Header/EPO_Header_Apporve' is clicked on

2017-11-17 14:26:47 - [MESSAGE][PASSED] - Object: 'Object Repository/Equipment/EquipmentPurchase/EPO_Header/EPO_Header_Apporve' is clicked on

2017-11-17 14:26:47 - [TEST_STEP][PASSED] - delay: Delayed 5 second(s)

2017-11-17 14:26:52 - [MESSAGE][PASSED] - Delayed 5 second(s)

2017-11-17 14:26:52 - [TEST_STEP][PASSED] - click: Object: 'Object Repository/Equipment/EquipmentPurchase/EPO_Header/EPO_Header_Print' is clicked on

2017-11-17 14:26:52 - [MESSAGE][PASSED] - Object: 'Object Repository/Equipment/EquipmentPurchase/EPO_Header/EPO_Header_Print' is clicked on

2017-11-17 14:26:52 - [TEST_STEP][PASSED] - click: Object: 'Object Repository/Equipment/EquipmentPurchase/EPO_Header/EPO_Print_FinalPrint' is clicked on

2017-11-17 14:26:53 - [MESSAGE][PASSED] - Object: 'Object Repository/Equipment/EquipmentPurchase/EPO_Header/EPO_Print_FinalPrint' is clicked on

2017-11-17 14:26:53 - [TEST_STEP][PASSED] - click: Object: 'Object Repository/Equipment/EquipmentPurchase/EPO_Header/EPO_Print_PrintOption' is clicked on

2017-11-17 14:26:53 - [MESSAGE][PASSED] - Object: 'Object Repository/Equipment/EquipmentPurchase/EPO_Header/EPO_Print_PrintOption' is clicked on

2017-11-17 14:26:53 - [TEST_STEP][PASSED] - click: Object: 'Object Repository/Equipment/EquipmentPurchase/EPO_Header/EPO_Print_Device' is clicked on

2017-11-17 14:26:55 - [MESSAGE][PASSED] - Object: 'Object Repository/Equipment/EquipmentPurchase/EPO_Header/EPO_Print_Device' is clicked on

2017-11-17 14:26:55 - [TEST_STEP][PASSED] - setText: Text 'D' is set on object 'Object Repository/Equipment/EquipmentPurchase/EPO_Header/EPO_Print_Device'

2017-11-17 14:26:55 - [MESSAGE][PASSED] - Text 'D' is set on object 'Object Repository/Equipment/EquipmentPurchase/EPO_Header/EPO_Print_Device'

2017-11-17 14:26:55 - [TEST_STEP][PASSED] - click: Object: 'Object Repository/Equipment/EquipmentPurchase/EPO_Header/EPO_Print_Continue' is clicked on

2017-11-17 14:26:55 - [MESSAGE][PASSED] - Object: 'Object Repository/Equipment/EquipmentPurchase/EPO_Header/EPO_Print_Continue' is clicked on

2017-11-17 14:26:55 - [TEST_STEP][PASSED] - delay: Delayed 5 second(s)

2017-11-17 14:27:00 - [MESSAGE][PASSED] - Delayed 5 second(s)

2017-11-17 14:27:00 - [TEST_STEP][PASSED] - click: Object: 'Object Repository/Equipment/EquipmentPurchase/EPO_Header/EPO_Header_EPOtab' is clicked on

2017-11-17 14:27:01 - [MESSAGE][PASSED] - Object: 'Object Repository/Equipment/EquipmentPurchase/EPO_Header/EPO_Header_EPOtab' is clicked on

2017-11-17 14:27:01 - [TEST_STEP][PASSED] - click: Object: 'Object Repository/Equipment/EquipmentPurchase/EPO_Header/EPO_Print_Close' is clicked on

2017-11-17 14:27:01 - [MESSAGE][PASSED] - Object: 'Object Repository/Equipment/EquipmentPurchase/EPO_Header/EPO_Print_Close' is clicked on

2017-11-17 14:27:01 - [TEST_STEP][PASSED] - delay: Delayed 3 second(s)

2017-11-17 14:27:04 - [MESSAGE][PASSED] - Delayed 3 second(s)

2017-11-17 14:27:04 - [TEST_STEP][PASSED] - click: Object: 'Object Repository/Equipment/EquipmentPurchase/EPO_Header/EPO_Header_Action' is clicked on

2017-11-17 14:27:04 - [MESSAGE][PASSED] - Object: 'Object Repository/Equipment/EquipmentPurchase/EPO_Header/EPO_Header_Action' is clicked on

2017-11-17 14:27:04 - [TEST_STEP][PASSED] - click: Object: 'Object Repository/Equipment/EquipmentPurchase/EPO_Header/EPO_Action_Reciept' is clicked on

2017-11-17 14:27:04 - [MESSAGE][PASSED] - Object: 'Object Repository/Equipment/EquipmentPurchase/EPO_Header/EPO_Action_Reciept' is clicked on

2017-11-17 14:27:04 - [TEST_STEP][PASSED] - waitForElementPresent: Object 'Object Repository/Equipment/EquipmentPurchase/EPO_Receipt/EPO_Reciept_Save' is present

2017-11-17 14:27:06 - [MESSAGE][PASSED] - Object 'Object Repository/Equipment/EquipmentPurchase/EPO_Receipt/EPO_Reciept_Save' is present

2017-11-17 14:27:06 - [TEST_STEP][PASSED] - click: Object: 'Object Repository/Equipment/EquipmentPurchase/EPO_Receipt/EPO_Reciept_Save' is clicked on

2017-11-17 14:27:06 - [MESSAGE][PASSED] - Object: 'Object Repository/Equipment/EquipmentPurchase/EPO_Receipt/EPO_Reciept_Save' is clicked on

2017-11-17 14:27:06 - [TEST_STEP][PASSED] - delay: Delayed 3 second(s)

2017-11-17 14:27:09 - [MESSAGE][PASSED] - Delayed 3 second(s)

2017-11-17 14:27:09 - [TEST_STEP][PASSED] - click: Object: 'Object Repository/Equipment/EquipmentPurchase/EPO_Receipt/EPO_Receipt_Action' is clicked on

2017-11-17 14:27:09 - [MESSAGE][PASSED] - Object: 'Object Repository/Equipment/EquipmentPurchase/EPO_Receipt/EPO_Receipt_Action' is clicked on

2017-11-17 14:27:09 - [TEST_STEP][PASSED] - click: Object: 'Object Repository/Equipment/EquipmentPurchase/EPO_Receipt/EPO_Receipt_Action_ReceiptLine' is clicked on

2017-11-17 14:27:09 - [MESSAGE][PASSED] - Object: 'Object Repository/Equipment/EquipmentPurchase/EPO_Receipt/EPO_Receipt_Action_ReceiptLine' is clicked on

2017-11-17 14:27:09 - [TEST_STEP][PASSED] - waitForElementPresent: Object 'Object Repository/Equipment/EquipmentPurchase/EPO_Receipt_Line/EPO_ReceiptLine_New' is present

2017-11-17 14:27:10 - [MESSAGE][PASSED] - Object 'Object Repository/Equipment/EquipmentPurchase/EPO_Receipt_Line/EPO_ReceiptLine_New' is present

2017-11-17 14:27:10 - [TEST_STEP][PASSED] - click: Object: 'Object Repository/Equipment/EquipmentPurchase/EPO_Receipt_Line/EPO_ReceiptLine_New' is clicked on

2017-11-17 14:27:10 - [MESSAGE][PASSED] - Object: 'Object Repository/Equipment/EquipmentPurchase/EPO_Receipt_Line/EPO_ReceiptLine_New' is clicked on

2017-11-17 14:27:10 - [TEST_STEP][PASSED] - waitForElementPresent: Object 'Object Repository/Equipment/EquipmentPurchase/EPO_Receipt_Line/EPO_RecieptLine_Select' is present

2017-11-17 14:27:11 - [MESSAGE][PASSED] - Object 'Object Repository/Equipment/EquipmentPurchase/EPO_Receipt_Line/EPO_RecieptLine_Select' is present

2017-11-17 14:27:11 - [TEST_STEP][PASSED] - click: Object: 'Object Repository/Equipment/EquipmentPurchase/EPO_Receipt_Line/EPO_RecieptLine_Select' is clicked on

2017-11-17 14:27:11 - [MESSAGE][PASSED] - Object: 'Object Repository/Equipment/EquipmentPurchase/EPO_Receipt_Line/EPO_RecieptLine_Select' is clicked on

2017-11-17 14:27:11 - [TEST_STEP][PASSED] - delay: Delayed 3 second(s)

2017-11-17 14:27:14 - [MESSAGE][PASSED] - Delayed 3 second(s)

2017-11-17 14:27:14 - [TEST_STEP][PASSED] - click: Object: 'Object Repository/Equipment/EquipmentPurchase/EPO_Receipt_Line/EPO_ReceiptLine_SavenClose' is clicked on

2017-11-17 14:27:15 - [MESSAGE][PASSED] - Object: 'Object Repository/Equipment/EquipmentPurchase/EPO_Receipt_Line/EPO_ReceiptLine_SavenClose' is clicked on

2017-11-17 14:27:15 - [TEST_STEP][PASSED] - waitForElementPresent: Object 'Object Repository/Equipment/EquipmentPurchase/EPO_Receipt_Line/EPO_RecieptLineAction' is present

2017-11-17 14:27:15 - [MESSAGE][PASSED] - Object 'Object Repository/Equipment/EquipmentPurchase/EPO_Receipt_Line/EPO_RecieptLineAction' is present

2017-11-17 14:27:15 - [TEST_STEP][PASSED] - Statement - G_Unit = com.kms.katalon.core.webui.keyword.WebUiBuiltInKeywords.getText(com.kms.katalon.core.testobject.ObjectRepository.findTestObject(Equipment/EquipmentPurchase/EPO_Receipt/EPO_Reciept_Unit)): Text of object 'Object Repository/Equipment/EquipmentPurchase/EPO_Receipt/EPO_Reciept_Unit' is: 'MD0018336'

2017-11-17 14:27:15 - [MESSAGE][PASSED] - Text of object 'Object Repository/Equipment/EquipmentPurchase/EPO_Receipt/EPO_Reciept_Unit' is: 'MD0018336'

2017-11-17 14:27:15 - [TEST_STEP][PASSED] - click: Object: 'Object Repository/Equipment/EquipmentPurchase/EPO_Receipt_Line/EPO_RecieptLineAction' is clicked on

2017-11-17 14:27:16 - [MESSAGE][PASSED] - Object: 'Object Repository/Equipment/EquipmentPurchase/EPO_Receipt_Line/EPO_RecieptLineAction' is clicked on

2017-11-17 14:27:16 - [TEST_STEP][PASSED] - click: Object: 'Object Repository/Equipment/EquipmentPurchase/EPO_Receipt/EPO_Action_Confirm' is clicked on

2017-11-17 14:27:16 - [MESSAGE][PASSED] - Object: 'Object Repository/Equipment/EquipmentPurchase/EPO_Receipt/EPO_Action_Confirm' is clicked on

2017-11-17 14:27:16 - [TEST_STEP][PASSED] - click: Object: 'Object Repository/Equipment/EquipmentPurchase/EPO_Receipt/EPO_Reciept_MeterOK' is clicked on

2017-11-17 14:27:16 - [MESSAGE][PASSED] - Object: 'Object Repository/Equipment/EquipmentPurchase/EPO_Receipt/EPO_Reciept_MeterOK' is clicked on

2017-11-17 14:27:16 - [TEST_STEP][PASSED] - waitForElementPresent: Object 'Object Repository/Equipment/EquipmentPurchase/EPO_Receipt/EPO_RecieptPrint_Device' is present

2017-11-17 14:27:18 - [MESSAGE][PASSED] - Object 'Object Repository/Equipment/EquipmentPurchase/EPO_Receipt/EPO_RecieptPrint_Device' is present

2017-11-17 14:27:18 - [TEST_STEP][PASSED] - click: Object: 'Object Repository/Equipment/EquipmentPurchase/EPO_Receipt/EPO_RecieptPrint_Device' is clicked on

2017-11-17 14:27:18 - [MESSAGE][PASSED] - Object: 'Object Repository/Equipment/EquipmentPurchase/EPO_Receipt/EPO_RecieptPrint_Device' is clicked on

2017-11-17 14:27:18 - [TEST_STEP][PASSED] - setText: Text 'D' is set on object 'Object Repository/Equipment/EquipmentPurchase/EPO_Receipt/EPO_RecieptPrint_Device'

2017-11-17 14:27:19 - [MESSAGE][PASSED] - Text 'D' is set on object 'Object Repository/Equipment/EquipmentPurchase/EPO_Receipt/EPO_RecieptPrint_Device'

2017-11-17 14:27:19 - [TEST_STEP][PASSED] - click: Object: 'Object Repository/Equipment/EquipmentPurchase/EPO_Receipt/EPO_RecieptPrint_Continue' is clicked on

2017-11-17 14:27:19 - [MESSAGE][PASSED] - Object: 'Object Repository/Equipment/EquipmentPurchase/EPO_Receipt/EPO_RecieptPrint_Continue' is clicked on

2017-11-17 14:27:19 - [TEST_STEP][PASSED] - delay: Delayed 3 second(s)

2017-11-17 14:27:22 - [MESSAGE][PASSED] - Delayed 3 second(s)

2017-11-17 14:27:22 - [TEST_STEP][PASSED] - click: Object: 'Object Repository/Equipment/EquipmentPurchase/EPO_Receipt/EPO_RecieptPrint_ProcessCompleted' is clicked on

2017-11-17 14:27:22 - [MESSAGE][PASSED] - Object: 'Object Repository/Equipment/EquipmentPurchase/EPO_Receipt/EPO_RecieptPrint_ProcessCompleted' is clicked on

2017-11-17 14:27:22 - [TEST_STEP][PASSED] - delay: Delayed 10 second(s)

2017-11-17 14:27:32 - [MESSAGE][PASSED] - Delayed 10 second(s)

2017-11-17 14:27:32 - [MESSAGE][PASSED] - Call Test Case 'Test Cases/Equipment/Base_EquipmentPurchase/Base_EPO_Reciept' successfully

2017-11-17 14:27:32 - [MESSAGE][PASSED] - Call Test Case 'Test Cases/Equipment/Base_EquipmentPurchase/EPO_CreateNrecieve' successfully

2017-11-17 14:27:32 - [TEST_STEP][PASSED] - callTestCase: Call Test Case 'Test Cases/Rental/Base_RentalContract/Base_CreateRentalInvoice_HeaderlineInvoice_SplitTender' successfully

2017-11-17 14:27:32 - [TEST_CASE][PASSED] - Test Cases/Rental/Base_RentalContract/Base_CreateRentalInvoice_HeaderlineInvoice_SplitTender: Test Cases/Rental/Base_RentalContract/Base_CreateRentalInvoice_HeaderlineInvoice_SplitTender

2017-11-17 14:27:32 - [TEST_STEP][PASSED] - callTestCase: Call Test Case 'Test Cases/Rental/Base_RentalContract/Base_CreateRentalHeader' successfully

2017-11-17 14:27:32 - [TEST_CASE][PASSED] - Test Cases/Rental/Base_RentalContract/Base_CreateRentalHeader: Test Cases/Rental/Base_RentalContract/Base_CreateRentalHeader

2017-11-17 14:27:32 - [TEST_STEP][PASSED] - callTestCase: Call Test Case 'Test Cases/Common/Base_Common_OpenSession' successfully

2017-11-17 14:27:32 - [TEST_CASE][PASSED] - Test Cases/Common/Base_Common_OpenSession: Test Cases/Common/Base_Common_OpenSession

2017-11-17 14:27:32 - [TEST_STEP][PASSED] - openBrowser: Browser is opened with url: 'https://rgajbhiye:Robin$123@proxima-ln4.e-emphasys.com:8441/webui/servlet/login'

2017-11-17 14:27:32 - [MESSAGE][WARNING] - A browser is already opened. Closing browser and opening a new one

2017-11-17 14:27:39 - [MESSAGE][PASSED] - Browser is opened with url: 'https://rgajbhiye:Robin$123@proxima-ln4.e-emphasys.com:8441/webui/servlet/login'

2017-11-17 14:27:39 - [TEST_STEP][PASSED] - waitForPageLoad: Wait for page load successfully

2017-11-17 14:27:39 - [MESSAGE][PASSED] - Wait for page load successfully

2017-11-17 14:27:39 - [TEST_STEP][PASSED] - maximizeWindow: Current window maximized

2017-11-17 14:27:39 - [MESSAGE][PASSED] - Current window maximized

2017-11-17 14:27:39 - [TEST_STEP][PASSED] - click: Object: 'Object Repository/Common/HomePage/HomePage_more' is clicked on

2017-11-17 14:27:43 - [MESSAGE][PASSED] - Object: 'Object Repository/Common/HomePage/HomePage_more' is clicked on

2017-11-17 14:27:43 - [TEST_STEP][PASSED] - click: Object: 'Object Repository/Common/HomePage/HomePage_Option' is clicked on

2017-11-17 14:27:44 - [MESSAGE][PASSED] - Object: 'Object Repository/Common/HomePage/HomePage_Option' is clicked on

2017-11-17 14:27:44 - [TEST_STEP][PASSED] - click: Object: 'Object Repository/Common/HomePage/HomePage_RunProgram_' is clicked on

2017-11-17 14:27:44 - [MESSAGE][PASSED] - Object: 'Object Repository/Common/HomePage/HomePage_RunProgram_' is clicked on

2017-11-17 14:27:44 - [TEST_STEP][PASSED] - sendKeys: Keys 'erext4100s004' sent to object: 'Object Repository/Common/HomePage/HomePage_Session_ID'

2017-11-17 14:27:45 - [MESSAGE][PASSED] - Keys 'erext4100s004' sent to object: 'Object Repository/Common/HomePage/HomePage_Session_ID'

2017-11-17 14:27:45 - [TEST_STEP][PASSED] - click: Object: 'Object Repository/Common/HomePage/HomePage_OkButton' is clicked on

2017-11-17 14:27:45 - [MESSAGE][PASSED] - Object: 'Object Repository/Common/HomePage/HomePage_OkButton' is clicked on

2017-11-17 14:27:45 - [MESSAGE][PASSED] - Call Test Case 'Test Cases/Common/Base_Common_OpenSession' successfully

2017-11-17 14:27:45 - [TEST_STEP][PASSED] - click: Object: 'Object Repository/Rental/RentalHeader/RentalContract.Customer' is clicked on

2017-11-17 14:27:49 - [MESSAGE][PASSED] - Object: 'Object Repository/Rental/RentalHeader/RentalContract.Customer' is clicked on

2017-11-17 14:27:49 - [TEST_STEP][PASSED] - setText: Text 'M00000010' is set on object 'Object Repository/Rental/RentalHeader/RentalContract.Customer'

2017-11-17 14:27:49 - [MESSAGE][PASSED] - Text 'M00000010' is set on object 'Object Repository/Rental/RentalHeader/RentalContract.Customer'

2017-11-17 14:27:49 - [TEST_STEP][PASSED] - delay: Delayed 2 second(s)

2017-11-17 14:27:51 - [MESSAGE][PASSED] - Delayed 2 second(s)

2017-11-17 14:27:51 - [TEST_STEP][PASSED] - click: Object: 'Object Repository/Rental/RentalHeader/RentalContract.CustPO' is clicked on

2017-11-17 14:27:51 - [MESSAGE][PASSED] - Object: 'Object Repository/Rental/RentalHeader/RentalContract.CustPO' is clicked on

2017-11-17 14:27:51 - [TEST_STEP][PASSED] - delay: Delayed 3 second(s)

2017-11-17 14:27:54 - [MESSAGE][PASSED] - Delayed 3 second(s)

2017-11-17 14:27:54 - [TEST_STEP][PASSED] - click: Object: 'Object Repository/Rental/RentalHeader/RentalContract.OtherDetailsTab' is clicked on

2017-11-17 14:27:54 - [MESSAGE][PASSED] - Object: 'Object Repository/Rental/RentalHeader/RentalContract.OtherDetailsTab' is clicked on

2017-11-17 14:27:54 - [TEST_STEP][PASSED] - delay: Delayed 5 second(s)

2017-11-17 14:27:59 - [MESSAGE][PASSED] - Delayed 5 second(s)

2017-11-17 14:27:59 - [TEST_STEP][PASSED] - click: Object: 'Object Repository/Rental/RentalHeader/Rental Contract.ModeOfPayment' is clicked on

2017-11-17 14:28:00 - [MESSAGE][PASSED] - Object: 'Object Repository/Rental/RentalHeader/Rental Contract.ModeOfPayment' is clicked on

2017-11-17 14:28:00 - [TEST_STEP][PASSED] - delay: Delayed 2 second(s)

2017-11-17 14:28:02 - [MESSAGE][PASSED] - Delayed 2 second(s)

2017-11-17 14:28:02 - [TEST_STEP][PASSED] - click: Object: 'Object Repository/Rental/RentalHeader/RentalContract.CreditCardoption' is clicked on

2017-11-17 14:28:02 - [MESSAGE][PASSED] - Object: 'Object Repository/Rental/RentalHeader/RentalContract.CreditCardoption' is clicked on

2017-11-17 14:28:02 - [TEST_STEP][PASSED] - delay: Delayed 3 second(s)

2017-11-17 14:28:05 - [MESSAGE][PASSED] - Delayed 3 second(s)

2017-11-17 14:28:05 - [TEST_STEP][PASSED] - click: Object: 'Object Repository/Rental/RentalHeader/RentalContract.GeneralTab' is clicked on

2017-11-17 14:28:05 - [MESSAGE][PASSED] - Object: 'Object Repository/Rental/RentalHeader/RentalContract.GeneralTab' is clicked on

2017-11-17 14:28:05 - [TEST_STEP][PASSED] - delay: Delayed 5 second(s)

2017-11-17 14:28:10 - [MESSAGE][PASSED] - Delayed 5 second(s)

2017-11-17 14:28:10 - [TEST_STEP][PASSED] - click: Object: 'Object Repository/Rental/RentalHeader/RentalContract.Newbuttonline' is clicked on

2017-11-17 14:28:10 - [MESSAGE][PASSED] - Object: 'Object Repository/Rental/RentalHeader/RentalContract.Newbuttonline' is clicked on

2017-11-17 14:28:10 - [TEST_STEP][PASSED] - delay: Delayed 5 second(s)

2017-11-17 14:28:15 - [MESSAGE][PASSED] - Delayed 5 second(s)

2017-11-17 14:28:15 - [TEST_STEP][PASSED] - click: Object: 'Object Repository/Rental/RentalHeader/RentalContract.SetLine' is clicked on

2017-11-17 14:28:16 - [MESSAGE][PASSED] - Object: 'Object Repository/Rental/RentalHeader/RentalContract.SetLine' is clicked on

2017-11-17 14:28:16 - [TEST_STEP][PASSED] - delay: Delayed 5 second(s)

2017-11-17 14:28:21 - [MESSAGE][PASSED] - Delayed 5 second(s)

2017-11-17 14:28:21 - [TEST_STEP][PASSED] - scrollToElement: Scroll to object 'Object Repository/Rental/RentalHeader/RentalContract.Unit' successfully

2017-11-17 14:28:21 - [MESSAGE][PASSED] - Scroll to object 'Object Repository/Rental/RentalHeader/RentalContract.Unit' successfully

2017-11-17 14:28:21 - [TEST_STEP][PASSED] - delay: Delayed 3 second(s)

2017-11-17 14:28:24 - [MESSAGE][PASSED] - Delayed 3 second(s)

2017-11-17 14:28:24 - [TEST_STEP][NOT_RUN] - getText: NOT_RUN: getText

2017-11-17 14:28:24 - [MESSAGE][NOT_RUN] - NOT_RUN: getText

2017-11-17 14:28:24 - [TEST_STEP][PASSED] - click: Object: 'Object Repository/Rental/RentalHeader/RentalContract.Unit' is clicked on

2017-11-17 14:28:24 - [MESSAGE][PASSED] - Object: 'Object Repository/Rental/RentalHeader/RentalContract.Unit' is clicked on

2017-11-17 14:28:24 - [TEST_STEP][PASSED] - delay: Delayed 5 second(s)

2017-11-17 14:28:29 - [MESSAGE][PASSED] - Delayed 5 second(s)

2017-11-17 14:28:29 - [TEST_STEP][PASSED] - setText: Text 'MD0018336' is set on object 'Object Repository/Rental/RentalHeader/RentalContract.Unit'

2017-11-17 14:28:29 - [MESSAGE][PASSED] - Text 'MD0018336' is set on object 'Object Repository/Rental/RentalHeader/RentalContract.Unit'

2017-11-17 14:28:29 - [TEST_STEP][PASSED] - delay: Delayed 5 second(s)

2017-11-17 14:28:34 - [MESSAGE][PASSED] - Delayed 5 second(s)

2017-11-17 14:28:34 - [TEST_STEP][PASSED] - scrollToElement: Scroll to object 'Object Repository/Rental/RentalHeader/RentalContract.MultipleInsurence' successfully

2017-11-17 14:28:34 - [MESSAGE][PASSED] - Scroll to object 'Object Repository/Rental/RentalHeader/RentalContract.MultipleInsurence' successfully

2017-11-17 14:28:34 - [TEST_STEP][PASSED] - delay: Delayed 5 second(s)

2017-11-17 14:28:39 - [MESSAGE][PASSED] - Delayed 5 second(s)

2017-11-17 14:28:39 - [TEST_STEP][PASSED] - doubleClick: Object: 'Object Repository/Rental/RentalHeader/RentalContract.MultipleInsurence' is double clicked on

2017-11-17 14:28:39 - [MESSAGE][PASSED] - Object: 'Object Repository/Rental/RentalHeader/RentalContract.MultipleInsurence' is double clicked on

2017-11-17 14:28:39 - [TEST_STEP][PASSED] - delay: Delayed 5 second(s)

2017-11-17 14:28:44 - [MESSAGE][PASSED] - Delayed 5 second(s)

2017-11-17 14:28:44 - [TEST_STEP][PASSED] - click: Object: 'Object Repository/Rental/RentalHeader/RentalContract.MultipleInsurence' is clicked on

2017-11-17 14:28:45 - [MESSAGE][PASSED] - Object: 'Object Repository/Rental/RentalHeader/RentalContract.MultipleInsurence' is clicked on

2017-11-17 14:28:45 - [TEST_STEP][NOT_RUN] - doubleClick: NOT_RUN: doubleClick

2017-11-17 14:28:45 - [MESSAGE][NOT_RUN] - NOT_RUN: doubleClick

2017-11-17 14:28:45 - [TEST_STEP][PASSED] - delay: Delayed 5 second(s)

2017-11-17 14:28:50 - [MESSAGE][PASSED] - Delayed 5 second(s)

2017-11-17 14:28:50 - [TEST_STEP][PASSED] - click: Object: 'Object Repository/Rental/RentalHeader/RentalContract.MultiInsNO' is clicked on

2017-11-17 14:28:50 - [MESSAGE][PASSED] - Object: 'Object Repository/Rental/RentalHeader/RentalContract.MultiInsNO' is clicked on

2017-11-17 14:28:50 - [TEST_STEP][PASSED] - delay: Delayed 5 second(s)

2017-11-17 14:28:55 - [MESSAGE][PASSED] - Delayed 5 second(s)

2017-11-17 14:28:55 - [TEST_STEP][PASSED] - scrollToElement: Scroll to object 'Object Repository/Rental/RentalHeader/RentalContract.GrossRateline' successfully

2017-11-17 14:28:55 - [MESSAGE][PASSED] - Scroll to object 'Object Repository/Rental/RentalHeader/RentalContract.GrossRateline' successfully

2017-11-17 14:28:55 - [TEST_STEP][NOT_RUN] - delay: NOT_RUN: delay

2017-11-17 14:28:55 - [MESSAGE][NOT_RUN] - NOT_RUN: delay

2017-11-17 14:28:55 - [TEST_STEP][PASSED] - doubleClick: Object: 'Object Repository/Rental/RentalHeader/RentalContract.GrossRateline' is double clicked on

2017-11-17 14:28:55 - [MESSAGE][PASSED] - Object: 'Object Repository/Rental/RentalHeader/RentalContract.GrossRateline' is double clicked on

2017-11-17 14:28:55 - [TEST_STEP][PASSED] - delay: Delayed 2 second(s)

2017-11-17 14:28:57 - [MESSAGE][PASSED] - Delayed 2 second(s)

2017-11-17 14:28:57 - [TEST_STEP][PASSED] - click: Object: 'Object Repository/Rental/RentalHeader/RentalContract.GrossRateline' is clicked on

2017-11-17 14:28:58 - [MESSAGE][PASSED] - Object: 'Object Repository/Rental/RentalHeader/RentalContract.GrossRateline' is clicked on

2017-11-17 14:28:58 - [TEST_STEP][PASSED] - delay: Delayed 2 second(s)

2017-11-17 14:29:00 - [MESSAGE][PASSED] - Delayed 2 second(s)

2017-11-17 14:29:00 - [TEST_STEP][PASSED] - setText: Text '100' is set on object 'Object Repository/Rental/RentalHeader/RentalContract.GrossRateline'

2017-11-17 14:29:00 - [MESSAGE][PASSED] - Text '100' is set on object 'Object Repository/Rental/RentalHeader/RentalContract.GrossRateline'

2017-11-17 14:29:00 - [TEST_STEP][PASSED] - delay: Delayed 4 second(s)

2017-11-17 14:29:04 - [MESSAGE][PASSED] - Delayed 4 second(s)

2017-11-17 14:29:04 - [TEST_STEP][PASSED] - click: Object: 'Object Repository/Rental/RentalHeader/RentalContract.SaveHeader' is clicked on

2017-11-17 14:29:04 - [MESSAGE][PASSED] - Object: 'Object Repository/Rental/RentalHeader/RentalContract.SaveHeader' is clicked on

2017-11-17 14:29:04 - [TEST_STEP][PASSED] - delay: Delayed 5 second(s)

2017-11-17 14:29:09 - [MESSAGE][PASSED] - Delayed 5 second(s)

2017-11-17 14:29:09 - [TEST_STEP][PASSED] - click: Object: 'Object Repository/Rental/RentalHeader/RentalContract.Action' is clicked on

2017-11-17 14:29:09 - [MESSAGE][PASSED] - Object: 'Object Repository/Rental/RentalHeader/RentalContract.Action' is clicked on

2017-11-17 14:29:09 - [TEST_STEP][PASSED] - delay: Delayed 8 second(s)

2017-11-17 14:29:17 - [MESSAGE][PASSED] - Delayed 8 second(s)

2017-11-17 14:29:17 - [TEST_STEP][PASSED] - click: Object: 'Object Repository/Rental/RentalHeader/RentalContract.Release' is clicked on

2017-11-17 14:29:18 - [MESSAGE][PASSED] - Object: 'Object Repository/Rental/RentalHeader/RentalContract.Release' is clicked on

2017-11-17 14:29:18 - [TEST_STEP][PASSED] - delay: Delayed 12 second(s)

2017-11-17 14:29:30 - [MESSAGE][PASSED] - Delayed 12 second(s)

2017-11-17 14:29:30 - [TEST_STEP][PASSED] - click: Object: 'Object Repository/Rental/RentalHeader/RentalContract.ActionDelivery' is clicked on

2017-11-17 14:29:30 - [MESSAGE][PASSED] - Object: 'Object Repository/Rental/RentalHeader/RentalContract.ActionDelivery' is clicked on

2017-11-17 14:29:30 - [TEST_STEP][PASSED] - delay: Delayed 6 second(s)

2017-11-17 14:29:36 - [MESSAGE][PASSED] - Delayed 6 second(s)

2017-11-17 14:29:36 - [TEST_STEP][PASSED] - click: Object: 'Object Repository/Rental/RentalHeader/RentalContract.ConfirmDelivery' is clicked on

2017-11-17 14:29:36 - [MESSAGE][PASSED] - Object: 'Object Repository/Rental/RentalHeader/RentalContract.ConfirmDelivery' is clicked on

2017-11-17 14:29:36 - [TEST_STEP][PASSED] - delay: Delayed 8 second(s)

2017-11-17 14:29:44 - [MESSAGE][PASSED] - Delayed 8 second(s)

2017-11-17 14:29:44 - [TEST_STEP][NOT_RUN] - waitForElementPresent: NOT_RUN: waitForElementPresent

2017-11-17 14:29:44 - [MESSAGE][NOT_RUN] - NOT_RUN: waitForElementPresent

2017-11-17 14:29:44 - [TEST_STEP][NOT_RUN] - delay: NOT_RUN: delay

2017-11-17 14:29:44 - [MESSAGE][NOT_RUN] - NOT_RUN: delay

2017-11-17 14:29:44 - [TEST_STEP][PASSED] - click: Object: 'Object Repository/Rental/RentalHeader/RentalContract.DeliveryProceed' is clicked on

2017-11-17 14:29:44 - [MESSAGE][PASSED] - Object: 'Object Repository/Rental/RentalHeader/RentalContract.DeliveryProceed' is clicked on

2017-11-17 14:29:44 - [TEST_STEP][PASSED] - delay: Delayed 12 second(s)

2017-11-17 14:29:56 - [MESSAGE][PASSED] - Delayed 12 second(s)

2017-11-17 14:29:56 - [TEST_STEP][NOT_RUN] - waitForElementPresent: NOT_RUN: waitForElementPresent

2017-11-17 14:29:56 - [MESSAGE][NOT_RUN] - NOT_RUN: waitForElementPresent

2017-11-17 14:29:56 - [TEST_STEP][NOT_RUN] - delay: NOT_RUN: delay

2017-11-17 14:29:56 - [MESSAGE][NOT_RUN] - NOT_RUN: delay

2017-11-17 14:29:56 - [TEST_STEP][NOT_RUN] - click: NOT_RUN: click

2017-11-17 14:29:56 - [MESSAGE][NOT_RUN] - NOT_RUN: click

2017-11-17 14:29:56 - [TEST_STEP][PASSED] - delay: Delayed 8 second(s)

2017-11-17 14:30:04 - [MESSAGE][PASSED] - Delayed 8 second(s)

2017-11-17 14:30:04 - [TEST_STEP][PASSED] - click: Object: 'Object Repository/Rental/RentalHeader/RentalContract.InspetionReportClose' is clicked on

2017-11-17 14:30:04 - [MESSAGE][PASSED] - Object: 'Object Repository/Rental/RentalHeader/RentalContract.InspetionReportClose' is clicked on

2017-11-17 14:30:04 - [TEST_STEP][PASSED] - delay: Delayed 5 second(s)

2017-11-17 14:30:09 - [MESSAGE][PASSED] - Delayed 5 second(s)

2017-11-17 14:30:09 - [TEST_STEP][PASSED] - click: Object: 'Object Repository/Rental/RentalHeader/RentalContract.BillofLaddingClosed' is clicked on

2017-11-17 14:30:10 - [MESSAGE][PASSED] - Object: 'Object Repository/Rental/RentalHeader/RentalContract.BillofLaddingClosed' is clicked on

2017-11-17 14:30:10 - [TEST_STEP][PASSED] - delay: Delayed 5 second(s)

2017-11-17 14:30:15 - [MESSAGE][PASSED] - Delayed 5 second(s)

2017-11-17 14:30:15 - [TEST_STEP][PASSED] - click: Object: 'Object Repository/Rental/RentalHeader/RentalContract.EqipRentalMemoclosed' is clicked on

2017-11-17 14:30:15 - [MESSAGE][PASSED] - Object: 'Object Repository/Rental/RentalHeader/RentalContract.EqipRentalMemoclosed' is clicked on

2017-11-17 14:30:15 - [TEST_STEP][PASSED] - delay: Delayed 5 second(s)

2017-11-17 14:30:20 - [MESSAGE][PASSED] - Delayed 5 second(s)

2017-11-17 14:30:20 - [TEST_STEP][PASSED] - click: Object: 'Object Repository/Rental/RentalHeader/RentalContract.InspectionOrdergnerated' is clicked on

2017-11-17 14:30:20 - [MESSAGE][PASSED] - Object: 'Object Repository/Rental/RentalHeader/RentalContract.InspectionOrdergnerated' is clicked on

2017-11-17 14:30:20 - [MESSAGE][PASSED] - Call Test Case 'Test Cases/Rental/Base_RentalContract/Base_CreateRentalHeader' successfully

2017-11-17 14:30:20 - [TEST_STEP][PASSED] - delay: Delayed 4 second(s)

2017-11-17 14:30:24 - [MESSAGE][PASSED] - Delayed 4 second(s)

2017-11-17 14:30:24 - [TEST_STEP][PASSED] - click: Object: 'Object Repository/Rental/RentalHeader/RentalInvoice/RentalInvoice.InvoicingscheduleTab' is clicked on

2017-11-17 14:30:24 - [MESSAGE][PASSED] - Object: 'Object Repository/Rental/RentalHeader/RentalInvoice/RentalInvoice.InvoicingscheduleTab' is clicked on

2017-11-17 14:30:24 - [TEST_STEP][PASSED] - delay: Delayed 4 second(s)

2017-11-17 14:30:28 - [MESSAGE][PASSED] - Delayed 4 second(s)

2017-11-17 14:30:28 - [TEST_STEP][PASSED] - click: Object: 'Object Repository/Rental/RentalHeader/RentalInvoice/RentalInvoice.Action' is clicked on

2017-11-17 14:30:29 - [MESSAGE][PASSED] - Object: 'Object Repository/Rental/RentalHeader/RentalInvoice/RentalInvoice.Action' is clicked on

2017-11-17 14:30:29 - [TEST_STEP][PASSED] - delay: Delayed 4 second(s)

2017-11-17 14:30:33 - [MESSAGE][PASSED] - Delayed 4 second(s)

2017-11-17 14:30:33 - [TEST_STEP][PASSED] - click: Object: 'Object Repository/Rental/RentalHeader/RentalInvoice/RentalInvoice.ProcessInvoice' is clicked on

2017-11-17 14:30:33 - [MESSAGE][PASSED] - Object: 'Object Repository/Rental/RentalHeader/RentalInvoice/RentalInvoice.ProcessInvoice' is clicked on

2017-11-17 14:30:33 - [TEST_STEP][PASSED] - delay: Delayed 4 second(s)

2017-11-17 14:30:37 - [MESSAGE][PASSED] - Delayed 4 second(s)

2017-11-17 14:30:37 - [TEST_STEP][PASSED] - click: Object: 'Object Repository/Rental/RentalHeader/RentalInvoice/RentalInvoice.ProcessInvoice2' is clicked on

2017-11-17 14:30:37 - [MESSAGE][PASSED] - Object: 'Object Repository/Rental/RentalHeader/RentalInvoice/RentalInvoice.ProcessInvoice2' is clicked on

2017-11-17 14:30:37 - [TEST_STEP][PASSED] - delay: Delayed 0 second(s)

2017-11-17 14:30:37 - [MESSAGE][PASSED] - Delayed 0 second(s)

2017-11-17 14:30:37 - [TEST_STEP][PASSED] - click: Object: 'Object Repository/Rental/RentalHeader/RentalInvoice/RentalInvoice.InvoiceProcessYES' is clicked on

2017-11-17 14:30:38 - [MESSAGE][PASSED] - Object: 'Object Repository/Rental/RentalHeader/RentalInvoice/RentalInvoice.InvoiceProcessYES' is clicked on

2017-11-17 14:30:38 - [TEST_STEP][PASSED] - delay: Delayed 0 second(s)

2017-11-17 14:30:38 - [MESSAGE][PASSED] - Delayed 0 second(s)

2017-11-17 14:30:38 - [TEST_STEP][PASSED] - setText: Text 'GLOBAL' is set on object 'Object Repository/Rental/RentalHeader/RentalInvoice/ServiceCreditCard.PaymentGateway'

2017-11-17 14:30:39 - [MESSAGE][PASSED] - Text 'GLOBAL' is set on object 'Object Repository/Rental/RentalHeader/RentalInvoice/ServiceCreditCard.PaymentGateway'

2017-11-17 14:30:39 - [TEST_STEP][NOT_RUN] - sendKeys: NOT_RUN: sendKeys

2017-11-17 14:30:39 - [MESSAGE][NOT_RUN] - NOT_RUN: sendKeys

2017-11-17 14:30:39 - [TEST_STEP][PASSED] - doubleClick: Object: 'Object Repository/Rental/RentalHeader/RentalInvoice/ServiceCreditCard.CardType' is double clicked on

2017-11-17 14:30:39 - [MESSAGE][PASSED] - Object: 'Object Repository/Rental/RentalHeader/RentalInvoice/ServiceCreditCard.CardType' is double clicked on

2017-11-17 14:30:39 - [TEST_STEP][PASSED] - setText: Text 'DEBIT MASTERCARD' is set on object 'Object Repository/Rental/RentalHeader/RentalInvoice/ServiceCreditCard.CardType'

2017-11-17 14:30:40 - [MESSAGE][PASSED] - Text 'DEBIT MASTERCARD' is set on object 'Object Repository/Rental/RentalHeader/RentalInvoice/ServiceCreditCard.CardType'

2017-11-17 14:30:40 - [TEST_STEP][PASSED] - delay: Delayed 2 second(s)

2017-11-17 14:30:42 - [MESSAGE][PASSED] - Delayed 2 second(s)

2017-11-17 14:30:42 - [TEST_STEP][PASSED] - doubleClick: Object: 'Object Repository/Rental/RentalHeader/RentalInvoice/ServiceCreditCard.Enter CC No' is double clicked on

2017-11-17 14:30:42 - [MESSAGE][PASSED] - Object: 'Object Repository/Rental/RentalHeader/RentalInvoice/ServiceCreditCard.Enter CC No' is double clicked on

2017-11-17 14:30:42 - [TEST_STEP][PASSED] - sendKeys: Keys '5100270000000007' sent to object: 'Object Repository/Rental/RentalHeader/RentalInvoice/ServiceCreditCard.Enter CC No'

2017-11-17 14:30:42 - [MESSAGE][PASSED] - Keys '5100270000000007' sent to object: 'Object Repository/Rental/RentalHeader/RentalInvoice/ServiceCreditCard.Enter CC No'

2017-11-17 14:30:42 - [TEST_STEP][PASSED] - delay: Delayed 2 second(s)

2017-11-17 14:30:44 - [MESSAGE][PASSED] - Delayed 2 second(s)

2017-11-17 14:30:44 - [TEST_STEP][PASSED] - click: Object: 'Object Repository/Rental/RentalHeader/RentalInvoice/ServiceCreditCard.CVV2' is clicked on

2017-11-17 14:30:44 - [MESSAGE][PASSED] - Object: 'Object Repository/Rental/RentalHeader/RentalInvoice/ServiceCreditCard.CVV2' is clicked on

2017-11-17 14:30:44 - [TEST_STEP][PASSED] - sendKeys: Keys '865' sent to object: 'Object Repository/Rental/RentalHeader/RentalInvoice/ServiceCreditCard.CVV2'

2017-11-17 14:30:45 - [MESSAGE][PASSED] - Keys '865' sent to object: 'Object Repository/Rental/RentalHeader/RentalInvoice/ServiceCreditCard.CVV2'

2017-11-17 14:30:45 - [TEST_STEP][NOT_RUN] - sendKeys: NOT_RUN: sendKeys

2017-11-17 14:30:45 - [MESSAGE][NOT_RUN] - NOT_RUN: sendKeys

2017-11-17 14:30:45 - [TEST_STEP][NOT_RUN] - delay: NOT_RUN: delay

2017-11-17 14:30:45 - [MESSAGE][NOT_RUN] - NOT_RUN: delay

2017-11-17 14:30:45 - [TEST_STEP][PASSED] - delay: Delayed 3 second(s)

2017-11-17 14:30:48 - [MESSAGE][PASSED] - Delayed 3 second(s)

2017-11-17 14:30:48 - [TEST_STEP][PASSED] - setText: Text '09' is set on object 'Object Repository/Rental/RentalHeader/RentalInvoice/ServiceCreditCard.ExpiryMonth'

2017-11-17 14:30:48 - [MESSAGE][PASSED] - Text '09' is set on object 'Object Repository/Rental/RentalHeader/RentalInvoice/ServiceCreditCard.ExpiryMonth'

2017-11-17 14:30:48 - [TEST_STEP][PASSED] - setText: Text '99' is set on object 'Object Repository/Rental/RentalHeader/RentalInvoice/ServiceCreditCard.ExpiryYear'

2017-11-17 14:30:48 - [MESSAGE][PASSED] - Text '99' is set on object 'Object Repository/Rental/RentalHeader/RentalInvoice/ServiceCreditCard.ExpiryYear'

2017-11-17 14:30:48 - [TEST_STEP][NOT_RUN] - click: NOT_RUN: click

2017-11-17 14:30:48 - [MESSAGE][NOT_RUN] - NOT_RUN: click

2017-11-17 14:30:48 - [TEST_STEP][NOT_RUN] - delay: NOT_RUN: delay

2017-11-17 14:30:48 - [MESSAGE][NOT_RUN] - NOT_RUN: delay

2017-11-17 14:30:48 - [TEST_STEP][NOT_RUN] - click: NOT_RUN: click

2017-11-17 14:30:48 - [MESSAGE][NOT_RUN] - NOT_RUN: click

2017-11-17 14:30:48 - [TEST_STEP][NOT_RUN] - delay: NOT_RUN: delay

2017-11-17 14:30:48 - [MESSAGE][NOT_RUN] - NOT_RUN: delay

2017-11-17 14:30:48 - [TEST_STEP][NOT_RUN] - click: NOT_RUN: click

2017-11-17 14:30:48 - [MESSAGE][NOT_RUN] - NOT_RUN: click

2017-11-17 14:30:48 - [TEST_STEP][NOT_RUN] - delay: NOT_RUN: delay

2017-11-17 14:30:48 - [MESSAGE][NOT_RUN] - NOT_RUN: delay

2017-11-17 14:30:48 - [TEST_STEP][NOT_RUN] - click: NOT_RUN: click

2017-11-17 14:30:48 - [MESSAGE][NOT_RUN] - NOT_RUN: click

2017-11-17 14:30:48 - [TEST_STEP][NOT_RUN] - delay: NOT_RUN: delay

2017-11-17 14:30:48 - [MESSAGE][NOT_RUN] - NOT_RUN: delay

2017-11-17 14:30:48 - [TEST_STEP][NOT_RUN] - closeBrowser: NOT_RUN: closeBrowser

2017-11-17 14:30:48 - [MESSAGE][NOT_RUN] - NOT_RUN: closeBrowser

2017-11-17 14:30:48 - [MESSAGE][PASSED] - Call Test Case 'Test Cases/Rental/Base_RentalContract/Base_CreateRentalInvoice_HeaderlineInvoice_SplitTender' successfully

2017-11-17 14:30:48 - [TEST_STEP][INCOMPLETE] - callTestCase: null

2017-11-17 14:30:48 - [TEST_CASE][INCOMPLETE] - Test Cases/Rental/Base_RentalContract/Base_CreateRentalInvoicewithSpitTenderDetails_SplitTender: null

2017-11-17 14:30:48 - [TEST_STEP][PASSED] - delay: Delayed 5 second(s)

2017-11-17 14:30:53 - [MESSAGE][PASSED] - Delayed 5 second(s)

2017-11-17 14:30:53 - [TEST_STEP][PASSED] - doubleClick: Object: 'Object Repository/Rental/Rental_SplitTenderDetails/SplitTenderDetails' is double clicked on

2017-11-17 14:30:53 - [MESSAGE][PASSED] - Object: 'Object Repository/Rental/Rental_SplitTenderDetails/SplitTenderDetails' is double clicked on

2017-11-17 14:30:53 - [TEST_STEP][PASSED] - click: Object: 'Object Repository/Rental/Rental_SplitTenderDetails/SplitTenderDetails.Yes' is clicked on

2017-11-17 14:30:54 - [MESSAGE][PASSED] - Object: 'Object Repository/Rental/Rental_SplitTenderDetails/SplitTenderDetails.Yes' is clicked on

2017-11-17 14:30:54 - [TEST_STEP][PASSED] - delay: Delayed 3 second(s)

2017-11-17 14:30:57 - [MESSAGE][PASSED] - Delayed 3 second(s)

2017-11-17 14:30:57 - [TEST_STEP][PASSED] - click: Object: 'Object Repository/Rental/Rental_SplitTenderDetails/SplitTender.LineSession' is clicked on

2017-11-17 14:30:57 - [MESSAGE][PASSED] - Object: 'Object Repository/Rental/Rental_SplitTenderDetails/SplitTender.LineSession' is clicked on

2017-11-17 14:30:57 - [TEST_STEP][PASSED] - delay: Delayed 2 second(s)

2017-11-17 14:30:59 - [MESSAGE][PASSED] - Delayed 2 second(s)

2017-11-17 14:30:59 - [TEST_STEP][PASSED] - Statement - G_OrderAmt = com.kms.katalon.core.webui.keyword.WebUiBuiltInKeywords.getText(com.kms.katalon.core.testobject.ObjectRepository.findTestObject(Rental/Rental_SplitTenderDetails/SplitTender.OrderAmtHeader), CONTINUE_ON_FAILURE): Text of object 'Object Repository/Rental/Rental_SplitTenderDetails/SplitTender.OrderAmtHeader' is: '110.00'

2017-11-17 14:30:59 - [MESSAGE][PASSED] - Text of object 'Object Repository/Rental/Rental_SplitTenderDetails/SplitTender.OrderAmtHeader' is: '110.00'

2017-11-17 14:30:59 - [TEST_STEP][PASSED] - Statement - G_SplitOrderAmt2 = G_OrderAmt - 2: null

2017-11-17 14:30:59 - [TEST_STEP][PASSED] - comment: ***********************Line1 started***********************

2017-11-17 14:30:59 - [TEST_STEP][PASSED] - click: Object: 'Object Repository/Rental/Rental_SplitTenderDetails/SplitTender.NewButton' is clicked on

2017-11-17 14:30:59 - [MESSAGE][PASSED] - Object: 'Object Repository/Rental/Rental_SplitTenderDetails/SplitTender.NewButton' is clicked on

2017-11-17 14:30:59 - [TEST_STEP][PASSED] - delay: Delayed 2 second(s)

2017-11-17 14:31:01 - [MESSAGE][PASSED] - Delayed 2 second(s)

2017-11-17 14:31:01 - [TEST_STEP][PASSED] - doubleClick: Object: 'Object Repository/Rental/Rental_SplitTenderDetails/SplitTender.ModeofPayment' is double clicked on

2017-11-17 14:31:02 - [MESSAGE][PASSED] - Object: 'Object Repository/Rental/Rental_SplitTenderDetails/SplitTender.ModeofPayment' is double clicked on

2017-11-17 14:31:02 - [TEST_STEP][PASSED] - click: Object: 'Object Repository/Rental/Rental_SplitTenderDetails/SplitTender.ModeOfPaymentCreditCard1' is clicked on

2017-11-17 14:31:02 - [MESSAGE][PASSED] - Object: 'Object Repository/Rental/Rental_SplitTenderDetails/SplitTender.ModeOfPaymentCreditCard1' is clicked on

2017-11-17 14:31:02 - [TEST_STEP][PASSED] - click: Object: 'Object Repository/Rental/Rental_SplitTenderDetails/SplitTender.LineCCNo' is clicked on

2017-11-17 14:31:02 - [MESSAGE][PASSED] - Object: 'Object Repository/Rental/Rental_SplitTenderDetails/SplitTender.LineCCNo' is clicked on

2017-11-17 14:31:02 - [TEST_STEP][PASSED] - delay: Delayed 2 second(s)

2017-11-17 14:31:04 - [MESSAGE][PASSED] - Delayed 2 second(s)

2017-11-17 14:31:04 - [TEST_STEP][PASSED] - setText: Text '4012000033330026' is set on object 'Object Repository/Rental/Rental_SplitTenderDetails/SplitTender.LineCCNo'

2017-11-17 14:31:04 - [MESSAGE][PASSED] - Text '4012000033330026' is set on object 'Object Repository/Rental/Rental_SplitTenderDetails/SplitTender.LineCCNo'

2017-11-17 14:31:04 - [TEST_STEP][PASSED] - delay: Delayed 5 second(s)

2017-11-17 14:31:09 - [MESSAGE][PASSED] - Delayed 5 second(s)

2017-11-17 14:31:09 - [TEST_STEP][NOT_RUN] - click: NOT_RUN: click

2017-11-17 14:31:09 - [MESSAGE][NOT_RUN] - NOT_RUN: click

2017-11-17 14:31:09 - [TEST_STEP][NOT_RUN] - setText: NOT_RUN: setText

2017-11-17 14:31:09 - [MESSAGE][NOT_RUN] - NOT_RUN: setText

2017-11-17 14:31:09 - [TEST_STEP][PASSED] - scrollToElement: Scroll to object 'Object Repository/Rental/Rental_SplitTenderDetails/SplitTender.LineOrderAmount1' successfully

2017-11-17 14:31:10 - [MESSAGE][PASSED] - Scroll to object 'Object Repository/Rental/Rental_SplitTenderDetails/SplitTender.LineOrderAmount1' successfully

2017-11-17 14:31:10 - [TEST_STEP][PASSED] - delay: Delayed 5 second(s)

2017-11-17 14:31:15 - [MESSAGE][PASSED] - Delayed 5 second(s)

2017-11-17 14:31:15 - [TEST_STEP][PASSED] - click: Object: 'Object Repository/Rental/Rental_SplitTenderDetails/SplitTender.LineOrderAmount1' is clicked on

2017-11-17 14:31:15 - [MESSAGE][PASSED] - Object: 'Object Repository/Rental/Rental_SplitTenderDetails/SplitTender.LineOrderAmount1' is clicked on

2017-11-17 14:31:15 - [TEST_STEP][PASSED] - delay: Delayed 3 second(s)

2017-11-17 14:31:18 - [MESSAGE][PASSED] - Delayed 3 second(s)

2017-11-17 14:31:18 - [TEST_STEP][PASSED] - setText: Text '1.00' is set on object 'Object Repository/Rental/Rental_SplitTenderDetails/SplitTender.LineOrderAmount1'

2017-11-17 14:31:18 - [MESSAGE][PASSED] - Text '1.00' is set on object 'Object Repository/Rental/Rental_SplitTenderDetails/SplitTender.LineOrderAmount1'

2017-11-17 14:31:18 - [TEST_STEP][PASSED] - delay: Delayed 2 second(s)

2017-11-17 14:31:20 - [MESSAGE][PASSED] - Delayed 2 second(s)

2017-11-17 14:31:20 - [TEST_STEP][PASSED] - comment: ***********************Line2 started***********************

2017-11-17 14:31:20 - [TEST_STEP][PASSED] - click: Object: 'Object Repository/Rental/Rental_SplitTenderDetails/SplitTender.NewButton' is clicked on

2017-11-17 14:31:20 - [MESSAGE][PASSED] - Object: 'Object Repository/Rental/Rental_SplitTenderDetails/SplitTender.NewButton' is clicked on

2017-11-17 14:31:20 - [TEST_STEP][PASSED] - delay: Delayed 2 second(s)

2017-11-17 14:31:22 - [MESSAGE][PASSED] - Delayed 2 second(s)

2017-11-17 14:31:22 - [TEST_STEP][PASSED] - doubleClick: Object: 'Object Repository/Rental/Rental_SplitTenderDetails/SplitTender.ModeofPayment1' is double clicked on

2017-11-17 14:31:23 - [MESSAGE][PASSED] - Object: 'Object Repository/Rental/Rental_SplitTenderDetails/SplitTender.ModeofPayment1' is double clicked on

2017-11-17 14:31:23 - [TEST_STEP][PASSED] - click: Object: 'Object Repository/Rental/Rental_SplitTenderDetails/SplitTender.ModeOfPaymentCreditCard2' is clicked on

2017-11-17 14:31:23 - [MESSAGE][PASSED] - Object: 'Object Repository/Rental/Rental_SplitTenderDetails/SplitTender.ModeOfPaymentCreditCard2' is clicked on

2017-11-17 14:31:23 - [TEST_STEP][PASSED] - delay: Delayed 3 second(s)

2017-11-17 14:31:26 - [MESSAGE][PASSED] - Delayed 3 second(s)

2017-11-17 14:31:26 - [TEST_STEP][PASSED] - click: Object: 'Object Repository/Rental/Rental_SplitTenderDetails/SplitTender.Line2CCNo' is clicked on

2017-11-17 14:31:26 - [MESSAGE][PASSED] - Object: 'Object Repository/Rental/Rental_SplitTenderDetails/SplitTender.Line2CCNo' is clicked on

2017-11-17 14:31:26 - [TEST_STEP][PASSED] - delay: Delayed 2 second(s)

2017-11-17 14:31:28 - [MESSAGE][PASSED] - Delayed 2 second(s)

2017-11-17 14:31:28 - [TEST_STEP][PASSED] - setText: Text '4111123400062020' is set on object 'Object Repository/Rental/Rental_SplitTenderDetails/SplitTender.Line2CCNo'

2017-11-17 14:31:29 - [MESSAGE][PASSED] - Text '4111123400062020' is set on object 'Object Repository/Rental/Rental_SplitTenderDetails/SplitTender.Line2CCNo'

2017-11-17 14:31:29 - [TEST_STEP][PASSED] - delay: Delayed 2 second(s)

2017-11-17 14:31:31 - [MESSAGE][PASSED] - Delayed 2 second(s)

2017-11-17 14:31:31 - [TEST_STEP][PASSED] - click: Object: 'Object Repository/Rental/Rental_SplitTenderDetails/SplitTender.Line2CVV' is clicked on

2017-11-17 14:31:31 - [MESSAGE][PASSED] - Object: 'Object Repository/Rental/Rental_SplitTenderDetails/SplitTender.Line2CVV' is clicked on

2017-11-17 14:31:31 - [TEST_STEP][PASSED] - delay: Delayed 3 second(s)

2017-11-17 14:31:34 - [MESSAGE][PASSED] - Delayed 3 second(s)

2017-11-17 14:31:34 - [TEST_STEP][PASSED] - setText: Text '865' is set on object 'Object Repository/Rental/Rental_SplitTenderDetails/SplitTender.Line2CVV'

2017-11-17 14:31:34 - [MESSAGE][PASSED] - Text '865' is set on object 'Object Repository/Rental/Rental_SplitTenderDetails/SplitTender.Line2CVV'

2017-11-17 14:31:34 - [TEST_STEP][PASSED] - delay: Delayed 3 second(s)

2017-11-17 14:31:37 - [MESSAGE][PASSED] - Delayed 3 second(s)

2017-11-17 14:31:37 - [TEST_STEP][PASSED] - click: Object: 'Object Repository/Rental/Rental_SplitTenderDetails/SplitTender.CardTypeLine2' is clicked on

2017-11-17 14:31:38 - [MESSAGE][PASSED] - Object: 'Object Repository/Rental/Rental_SplitTenderDetails/SplitTender.CardTypeLine2' is clicked on

2017-11-17 14:31:38 - [TEST_STEP][PASSED] - delay: Delayed 5 second(s)

2017-11-17 14:31:43 - [MESSAGE][PASSED] - Delayed 5 second(s)

2017-11-17 14:31:43 - [TEST_STEP][PASSED] - sendKeys: Keys 'Visa Card' sent to object: 'Object Repository/Rental/Rental_SplitTenderDetails/SplitTender.CardTypeLine2'

2017-11-17 14:31:43 - [MESSAGE][PASSED] - Keys 'Visa Card' sent to object: 'Object Repository/Rental/Rental_SplitTenderDetails/SplitTender.CardTypeLine2'

2017-11-17 14:31:43 - [TEST_STEP][PASSED] - delay: Delayed 5 second(s)

2017-11-17 14:31:48 - [MESSAGE][PASSED] - Delayed 5 second(s)

2017-11-17 14:31:48 - [TEST_STEP][PASSED] - click: Object: 'Object Repository/Rental/Rental_SplitTenderDetails/SplitTender.ExpiryMonthLine2' is clicked on

2017-11-17 14:31:48 - [MESSAGE][PASSED] - Object: 'Object Repository/Rental/Rental_SplitTenderDetails/SplitTender.ExpiryMonthLine2' is clicked on

2017-11-17 14:31:48 - [TEST_STEP][PASSED] - delay: Delayed 3 second(s)

2017-11-17 14:31:51 - [MESSAGE][PASSED] - Delayed 3 second(s)

2017-11-17 14:31:51 - [TEST_STEP][FAILED] - setText: Unable to set text '09' of object 'Object Repository/Rental/Rental_SplitTenderDetails/SplitTender.ExpiryMonthLine2' (Root cause: org.openqa.selenium.InvalidElementStateException: Element must be user-editable in order to clear it.
Command duration or timeout: 33 milliseconds
Build info: version: 'unknown', revision: 'unknown', time: 'unknown'
System info: host: 'ANIL110', ip: '192.168.25.228', os.name: 'Windows 7', os.arch: 'amd64', os.version: '6.1', java.version: '1.8.0_102'
Driver info: com.kms.katalon.core.webui.driver.firefox.CFirefoxDriver47
Capabilities [{applicationCacheEnabled=true, rotatable=false, handlesAlerts=true, databaseEnabled=true, version=56.0, platform=WINDOWS, nativeEvents=false, acceptSslCerts=true, webStorageEnabled=true, locationContextEnabled=true, browserName=firefox, takesScreenshot=true, javascriptEnabled=true, cssSelectorsEnabled=true}]
Session ID: 07c1a5a2-358e-461b-a6f4-3699e412a953)

2017-11-17 14:31:51 - [MESSAGE][FAILED] - Unable to set text '09' of object 'Object Repository/Rental/Rental_SplitTenderDetails/SplitTender.ExpiryMonthLine2' (Root cause: org.openqa.selenium.InvalidElementStateException: Element must be user-editable in order to clear it.
Command duration or timeout: 33 milliseconds
Build info: version: 'unknown', revision: 'unknown', time: 'unknown'
System info: host: 'ANIL110', ip: '192.168.25.228', os.name: 'Windows 7', os.arch: 'amd64', os.version: '6.1', java.version: '1.8.0_102'
Driver info: com.kms.katalon.core.webui.driver.firefox.CFirefoxDriver47
Capabilities [{applicationCacheEnabled=true, rotatable=false, handlesAlerts=true, databaseEnabled=true, version=56.0, platform=WINDOWS, nativeEvents=false, acceptSslCerts=true, webStorageEnabled=true, locationContextEnabled=true, browserName=firefox, takesScreenshot=true, javascriptEnabled=true, cssSelectorsEnabled=true}]
Session ID: 07c1a5a2-358e-461b-a6f4-3699e412a953)
[[ATTACHMENT|C:\\Users\\agawhande\\git\\CreditCard\\Reports\\CC_RentalInvoicewithSplitTenderTestSuite\\20171117_141636\\1510909311618.png]]

2017-11-17 14:31:51 - [TEST_STEP][PASSED] - delay: Delayed 2 second(s)

2017-11-17 14:31:53 - [MESSAGE][PASSED] - Delayed 2 second(s)

2017-11-17 14:31:53 - [TEST_STEP][FAILED] - click: Unable to click on object 'Object Repository/Rental/Rental_SplitTenderDetails/SplitTender.ExpiryYearLine2' (Root cause: org.openqa.selenium.WebDriverException: Element <label class="Label TextOutputField" id="xiext815m000-12-grid-1-xiext805.exyr.rq-20-1-widget">0</label> is not clickable at point (939.5, 426.5333251953125). Other element would receive the click: <div class="WindowManagerGlass" style="z-index: 1;"></div>
Command duration or timeout: 143 milliseconds
Build info: version: 'unknown', revision: 'unknown', time: 'unknown'
System info: host: 'ANIL110', ip: '192.168.25.228', os.name: 'Windows 7', os.arch: 'amd64', os.version: '6.1', java.version: '1.8.0_102'
Driver info: com.kms.katalon.core.webui.driver.firefox.CFirefoxDriver47
Capabilities [{applicationCacheEnabled=true, rotatable=false, handlesAlerts=true, databaseEnabled=true, version=56.0, platform=WINDOWS, nativeEvents=false, acceptSslCerts=true, webStorageEnabled=true, locationContextEnabled=true, browserName=firefox, takesScreenshot=true, javascriptEnabled=true, cssSelectorsEnabled=true}]
Session ID: 07c1a5a2-358e-461b-a6f4-3699e412a953)

2017-11-17 14:31:54 - [MESSAGE][FAILED] - Unable to click on object 'Object Repository/Rental/Rental_SplitTenderDetails/SplitTender.ExpiryYearLine2' (Root cause: org.openqa.selenium.WebDriverException: Element <label class="Label TextOutputField" id="xiext815m000-12-grid-1-xiext805.exyr.rq-20-1-widget">0</label> is not clickable at point (939.5, 426.5333251953125). Other element would receive the click: <div class="WindowManagerGlass" style="z-index: 1;"></div>
Command duration or timeout: 143 milliseconds
Build info: version: 'unknown', revision: 'unknown', time: 'unknown'
System info: host: 'ANIL110', ip: '192.168.25.228', os.name: 'Windows 7', os.arch: 'amd64', os.version: '6.1', java.version: '1.8.0_102'
Driver info: com.kms.katalon.core.webui.driver.firefox.CFirefoxDriver47
Capabilities [{applicationCacheEnabled=true, rotatable=false, handlesAlerts=true, databaseEnabled=true, version=56.0, platform=WINDOWS, nativeEvents=false, acceptSslCerts=true, webStorageEnabled=true, locationContextEnabled=true, browserName=firefox, takesScreenshot=true, javascriptEnabled=true, cssSelectorsEnabled=true}]
Session ID: 07c1a5a2-358e-461b-a6f4-3699e412a953)
[[ATTACHMENT|C:\\Users\\agawhande\\git\\CreditCard\\Reports\\CC_RentalInvoicewithSplitTenderTestSuite\\20171117_141636\\1510909314026.png]]

2017-11-17 14:31:54 - [TEST_STEP][PASSED] - delay: Delayed 2 second(s)

2017-11-17 14:31:56 - [MESSAGE][PASSED] - Delayed 2 second(s)

2017-11-17 14:31:56 - [TEST_STEP][FAILED] - setText: Unable to set text '99' of object 'Object Repository/Rental/Rental_SplitTenderDetails/SplitTender.ExpiryYearLine2' (Root cause: org.openqa.selenium.InvalidElementStateException: Element must be user-editable in order to clear it.
Command duration or timeout: 36 milliseconds
Build info: version: 'unknown', revision: 'unknown', time: 'unknown'
System info: host: 'ANIL110', ip: '192.168.25.228', os.name: 'Windows 7', os.arch: 'amd64', os.version: '6.1', java.version: '1.8.0_102'
Driver info: com.kms.katalon.core.webui.driver.firefox.CFirefoxDriver47
Capabilities [{applicationCacheEnabled=true, rotatable=false, handlesAlerts=true, databaseEnabled=true, version=56.0, platform=WINDOWS, nativeEvents=false, acceptSslCerts=true, webStorageEnabled=true, locationContextEnabled=true, browserName=firefox, takesScreenshot=true, javascriptEnabled=true, cssSelectorsEnabled=true}]
Session ID: 07c1a5a2-358e-461b-a6f4-3699e412a953)

2017-11-17 14:31:56 - [MESSAGE][FAILED] - Unable to set text '99' of object 'Object Repository/Rental/Rental_SplitTenderDetails/SplitTender.ExpiryYearLine2' (Root cause: org.openqa.selenium.InvalidElementStateException: Element must be user-editable in order to clear it.
Command duration or timeout: 36 milliseconds
Build info: version: 'unknown', revision: 'unknown', time: 'unknown'
System info: host: 'ANIL110', ip: '192.168.25.228', os.name: 'Windows 7', os.arch: 'amd64', os.version: '6.1', java.version: '1.8.0_102'
Driver info: com.kms.katalon.core.webui.driver.firefox.CFirefoxDriver47
Capabilities [{applicationCacheEnabled=true, rotatable=false, handlesAlerts=true, databaseEnabled=true, version=56.0, platform=WINDOWS, nativeEvents=false, acceptSslCerts=true, webStorageEnabled=true, locationContextEnabled=true, browserName=firefox, takesScreenshot=true, javascriptEnabled=true, cssSelectorsEnabled=true}]
Session ID: 07c1a5a2-358e-461b-a6f4-3699e412a953)
[[ATTACHMENT|C:\\Users\\agawhande\\git\\CreditCard\\Reports\\CC_RentalInvoicewithSplitTenderTestSuite\\20171117_141636\\1510909316344.png]]

2017-11-17 14:31:56 - [TEST_STEP][PASSED] - delay: Delayed 3 second(s)

2017-11-17 14:31:59 - [MESSAGE][PASSED] - Delayed 3 second(s)

2017-11-17 14:31:59 - [TEST_STEP][PASSED] - scrollToElement: Scroll to object 'Object Repository/Rental/Rental_SplitTenderDetails/SplitTender.LineOrderAmount2' successfully

2017-11-17 14:31:59 - [MESSAGE][PASSED] - Scroll to object 'Object Repository/Rental/Rental_SplitTenderDetails/SplitTender.LineOrderAmount2' successfully

2017-11-17 14:31:59 - [TEST_STEP][PASSED] - delay: Delayed 2 second(s)

2017-11-17 14:32:01 - [MESSAGE][PASSED] - Delayed 2 second(s)

2017-11-17 14:32:01 - [TEST_STEP][PASSED] - click: Object: 'Object Repository/Rental/Rental_SplitTenderDetails/SplitTender.LineOrderAmount2' is clicked on

2017-11-17 14:32:01 - [MESSAGE][PASSED] - Object: 'Object Repository/Rental/Rental_SplitTenderDetails/SplitTender.LineOrderAmount2' is clicked on

2017-11-17 14:32:01 - [TEST_STEP][PASSED] - delay: Delayed 2 second(s)

2017-11-17 14:32:03 - [MESSAGE][PASSED] - Delayed 2 second(s)

2017-11-17 14:32:03 - [TEST_STEP][PASSED] - setText: Text '1.00' is set on object 'Object Repository/Rental/Rental_SplitTenderDetails/SplitTender.LineOrderAmount2'

2017-11-17 14:32:04 - [MESSAGE][PASSED] - Text '1.00' is set on object 'Object Repository/Rental/Rental_SplitTenderDetails/SplitTender.LineOrderAmount2'

2017-11-17 14:32:04 - [TEST_STEP][PASSED] - delay: Delayed 2 second(s)

2017-11-17 14:32:06 - [MESSAGE][PASSED] - Delayed 2 second(s)

2017-11-17 14:32:06 - [TEST_STEP][PASSED] - comment: ***********************Line3 started***********************

2017-11-17 14:32:06 - [TEST_STEP][PASSED] - click: Object: 'Object Repository/Rental/Rental_SplitTenderDetails/SplitTender.NewButton' is clicked on

2017-11-17 14:32:06 - [MESSAGE][PASSED] - Object: 'Object Repository/Rental/Rental_SplitTenderDetails/SplitTender.NewButton' is clicked on

2017-11-17 14:32:06 - [TEST_STEP][PASSED] - delay: Delayed 3 second(s)

2017-11-17 14:32:09 - [MESSAGE][PASSED] - Delayed 3 second(s)

2017-11-17 14:32:09 - [TEST_STEP][INCOMPLETE] - doubleClick: Finding web element with id: 'Object Repository/Rental/Rental_SplitTenderDetails/SplitTender.ModeofPayment2' located by 'By.xpath: //*[@id = 'xiext8105m000-12-grid-1-xiext805.modp.rq-13-2-widget']' in '30' second(s)]]></system-out>
         <system-err><![CDATA[2017-11-17 14:26:06 - [TEST_CASE][INCOMPLETE] - Test Cases/Rental/Base_RentalContract/CreditCardRegression/TC004_RentalContractInvoice_SplitTender - Iteration 2: null]]></system-err>
      </testcase>
      <system-out><![CDATA[2017-11-17 14:16:46 - [TEST_SUITE][INCOMPLETE] - CC_RentalInvoicewithSplitTenderTestSuite: null]]></system-out>
      <system-err><![CDATA[2017-11-17 14:16:46 - [TEST_SUITE][INCOMPLETE] - CC_RentalInvoicewithSplitTenderTestSuite: null]]></system-err>
   </testsuite>
</testsuites>
