<?xml version="1.0" encoding="UTF-8"?>
<testsuites name="CC_RentalInvoicewithSplitTenderTestSuite" time="487" tests="0" failures="1" errors="0">
   <testsuite name="CC_RentalInvoicewithSplitTenderTestSuite" tests="0" failures="1" errors="0" time="487" timestamp="2017-11-20 15:31:26" hostname="agawhande - ANIL110.e-emphasys.com" id="Test Suites/CC_RentalInvoicewithSplitTenderTestSuite">
      <properties>
         <property name="deviceName" value=""/>
         <property name="devicePlatform" value=""/>
         <property name="logFolder" value="C:\\Users\\agawhande\\git\\CreditCard\\Reports\\CC_RentalInvoicewithSplitTenderTestSuite\\20171120_153117"/>
         <property name="logFiles" value="C:\\Users\\agawhande\\git\\CreditCard\\Reports\\CC_RentalInvoicewithSplitTenderTestSuite\\20171120_153117\\execution0.log"/>
         <property name="attachments" value="C:\\Users\\agawhande\\git\\CreditCard\\Reports\\CC_RentalInvoicewithSplitTenderTestSuite\\20171120_153117\\1511172405368.png, C:\\Users\\agawhande\\git\\CreditCard\\Reports\\CC_RentalInvoicewithSplitTenderTestSuite\\20171120_153117\\1511172519528.png"/>
         <property name="hostName" value="agawhande - ANIL110.e-emphasys.com"/>
         <property name="os" value="Windows 7 64bit"/>
         <property name="katalonVersion" value="4.8.0.2"/>
         <property name="browser" value="Firefox 56.0"/>
         <property name="hostAddress" value="192.168.25.228"/>
         <property name="sessionId" value="6e22ca1f-44d3-457f-994f-8f2543d3e880"/>
         <property name="seleniumVersion" value="unknown"/>
         <property name="proxyInformation" value="ProxyInformation{proxyOption=NO_PROXY, proxyServerType=, password=, proxyServerAddress=, proxyServerPort=0}"/>
         <property name="platform" value="Windows 7"/>
      </properties>
      <testcase name="Test Cases/Rental/Base_RentalContract/CreditCardRegression/TC004_RentalContractInvoice_SplitTender" classname="Test Cases/Rental/Base_RentalContract/CreditCardRegression/TC004_RentalContractInvoice_SplitTender" status="FAILED">
         <failure type="FAILED" message="Unable to set text '456' of object 'Object Repository/Rental/Rental_SplitTenderDetails/SplitTender.LineCVV' (Root cause: org.openqa.selenium.InvalidElementStateException: Element must be user-editable in order to clear it.
Command duration or timeout: 39 milliseconds
Build info: version: 'unknown', revision: 'unknown', time: 'unknown'
System info: host: 'ANIL110', ip: '192.168.25.228', os.name: 'Windows 7', os.arch: 'amd64', os.version: '6.1', java.version: '1.8.0_102'
Driver info: com.kms.katalon.core.webui.driver.firefox.CFirefoxDriver47
Capabilities [{applicationCacheEnabled=true, rotatable=false, handlesAlerts=true, databaseEnabled=true, version=56.0, platform=WINDOWS, nativeEvents=false, acceptSslCerts=true, webStorageEnabled=true, locationContextEnabled=true, browserName=firefox, takesScreenshot=true, javascriptEnabled=true, cssSelectorsEnabled=true}]
Session ID: 6e22ca1f-44d3-457f-994f-8f2543d3e880)"/>
         <system-out><![CDATA[2017-11-20 15:31:26 - [TEST_CASE][FAILED] - Test Cases/Rental/Base_RentalContract/CreditCardRegression/TC004_RentalContractInvoice_SplitTender: Test Cases/Rental/Base_RentalContract/CreditCardRegression/TC004_RentalContractInvoice_SplitTender FAILED because (of) Unable to set text '456' of object 'Object Repository/Rental/Rental_SplitTenderDetails/SplitTender.LineCVV' (Root cause: org.openqa.selenium.InvalidElementStateException: Element must be user-editable in order to clear it.
Command duration or timeout: 39 milliseconds
Build info: version: 'unknown', revision: 'unknown', time: 'unknown'
System info: host: 'ANIL110', ip: '192.168.25.228', os.name: 'Windows 7', os.arch: 'amd64', os.version: '6.1', java.version: '1.8.0_102'
Driver info: com.kms.katalon.core.webui.driver.firefox.CFirefoxDriver47
Capabilities [{applicationCacheEnabled=true, rotatable=false, handlesAlerts=true, databaseEnabled=true, version=56.0, platform=WINDOWS, nativeEvents=false, acceptSslCerts=true, webStorageEnabled=true, locationContextEnabled=true, browserName=firefox, takesScreenshot=true, javascriptEnabled=true, cssSelectorsEnabled=true}]
Session ID: 6e22ca1f-44d3-457f-994f-8f2543d3e880)

2017-11-20 15:31:27 - [TEST_STEP][PASSED] - callTestCase: Call Test Case 'Test Cases/Equipment/Base_EquipmentPurchase/EPO_CreateNrecieve' successfully

2017-11-20 15:31:28 - [TEST_CASE][PASSED] - Test Cases/Equipment/Base_EquipmentPurchase/EPO_CreateNrecieve: Test Cases/Equipment/Base_EquipmentPurchase/EPO_CreateNrecieve

2017-11-20 15:31:28 - [TEST_STEP][PASSED] - callTestCase: Call Test Case 'Test Cases/Equipment/Base_EquipmentPurchase/Base_EPO_CreateHeaderNline' successfully

2017-11-20 15:31:28 - [TEST_CASE][PASSED] - Test Cases/Equipment/Base_EquipmentPurchase/Base_EPO_CreateHeaderNline: Test Cases/Equipment/Base_EquipmentPurchase/Base_EPO_CreateHeaderNline

2017-11-20 15:31:28 - [TEST_STEP][PASSED] - callTestCase: Call Test Case 'Test Cases/Common/Base_Common_OpenSession' successfully

2017-11-20 15:31:28 - [TEST_CASE][PASSED] - Test Cases/Common/Base_Common_OpenSession: Test Cases/Common/Base_Common_OpenSession

2017-11-20 15:31:29 - [TEST_STEP][PASSED] - openBrowser: Browser is opened with url: 'https://rgajbhiye:Robin$123@proxima-ln4.e-emphasys.com:8441/webui/servlet/login'

2017-11-20 15:31:37 - [MESSAGE][PASSED] - Browser is opened with url: 'https://rgajbhiye:Robin$123@proxima-ln4.e-emphasys.com:8441/webui/servlet/login'

2017-11-20 15:31:37 - [TEST_STEP][PASSED] - waitForPageLoad: Wait for page load successfully

2017-11-20 15:31:37 - [MESSAGE][PASSED] - Wait for page load successfully

2017-11-20 15:31:37 - [TEST_STEP][PASSED] - maximizeWindow: Current window maximized

2017-11-20 15:31:37 - [MESSAGE][PASSED] - Current window maximized

2017-11-20 15:31:37 - [TEST_STEP][PASSED] - click: Object: 'Object Repository/Common/HomePage/HomePage_more' is clicked on

2017-11-20 15:31:41 - [MESSAGE][PASSED] - Object: 'Object Repository/Common/HomePage/HomePage_more' is clicked on

2017-11-20 15:31:41 - [TEST_STEP][PASSED] - click: Object: 'Object Repository/Common/HomePage/HomePage_Option' is clicked on

2017-11-20 15:31:41 - [MESSAGE][PASSED] - Object: 'Object Repository/Common/HomePage/HomePage_Option' is clicked on

2017-11-20 15:31:41 - [TEST_STEP][PASSED] - click: Object: 'Object Repository/Common/HomePage/HomePage_RunProgram_' is clicked on

2017-11-20 15:31:41 - [MESSAGE][PASSED] - Object: 'Object Repository/Common/HomePage/HomePage_RunProgram_' is clicked on

2017-11-20 15:31:41 - [TEST_STEP][PASSED] - sendKeys: Keys 'tdext8150s000' sent to object: 'Object Repository/Common/HomePage/HomePage_Session_ID'

2017-11-20 15:31:42 - [MESSAGE][PASSED] - Keys 'tdext8150s000' sent to object: 'Object Repository/Common/HomePage/HomePage_Session_ID'

2017-11-20 15:31:42 - [TEST_STEP][PASSED] - click: Object: 'Object Repository/Common/HomePage/HomePage_OkButton' is clicked on

2017-11-20 15:31:42 - [MESSAGE][PASSED] - Object: 'Object Repository/Common/HomePage/HomePage_OkButton' is clicked on

2017-11-20 15:31:42 - [MESSAGE][PASSED] - Call Test Case 'Test Cases/Common/Base_Common_OpenSession' successfully

2017-11-20 15:31:42 - [TEST_STEP][PASSED] - waitForElementPresent: Object 'Object Repository/Equipment/EquipmentPurchase/EPO_Header/EPO_Header_New' is present

2017-11-20 15:31:45 - [MESSAGE][PASSED] - Object 'Object Repository/Equipment/EquipmentPurchase/EPO_Header/EPO_Header_New' is present

2017-11-20 15:31:45 - [TEST_STEP][PASSED] - click: Object: 'Object Repository/Equipment/EquipmentPurchase/EPO_Header/EPO_Header_New' is clicked on

2017-11-20 15:31:46 - [MESSAGE][PASSED] - Object: 'Object Repository/Equipment/EquipmentPurchase/EPO_Header/EPO_Header_New' is clicked on

2017-11-20 15:31:46 - [TEST_STEP][PASSED] - click: Object: 'Object Repository/Equipment/EquipmentPurchase/EPO_Header/EPO_Header_Customer' is clicked on

2017-11-20 15:31:46 - [MESSAGE][PASSED] - Object: 'Object Repository/Equipment/EquipmentPurchase/EPO_Header/EPO_Header_Customer' is clicked on

2017-11-20 15:31:46 - [TEST_STEP][PASSED] - setText: Text 'M00000010' is set on object 'Object Repository/Equipment/EquipmentPurchase/EPO_Header/EPO_Header_Customer'

2017-11-20 15:31:47 - [MESSAGE][PASSED] - Text 'M00000010' is set on object 'Object Repository/Equipment/EquipmentPurchase/EPO_Header/EPO_Header_Customer'

2017-11-20 15:31:47 - [TEST_STEP][PASSED] - click: Object: 'Object Repository/Equipment/EquipmentPurchase/EPO_Header/EPO_Header_Save' is clicked on

2017-11-20 15:31:47 - [MESSAGE][PASSED] - Object: 'Object Repository/Equipment/EquipmentPurchase/EPO_Header/EPO_Header_Save' is clicked on

2017-11-20 15:31:47 - [TEST_STEP][PASSED] - delay: Delayed 5 second(s)

2017-11-20 15:31:52 - [MESSAGE][PASSED] - Delayed 5 second(s)

2017-11-20 15:31:52 - [TEST_STEP][PASSED] - click: Object: 'Object Repository/Equipment/EquipmentPurchase/EPO_Header/EPO_Header_Action' is clicked on

2017-11-20 15:31:52 - [MESSAGE][PASSED] - Object: 'Object Repository/Equipment/EquipmentPurchase/EPO_Header/EPO_Header_Action' is clicked on

2017-11-20 15:31:52 - [TEST_STEP][PASSED] - click: Object: 'Object Repository/Equipment/EquipmentPurchase/EPO_Header/EPO_Header_Action_OrderLines' is clicked on

2017-11-20 15:31:52 - [MESSAGE][PASSED] - Object: 'Object Repository/Equipment/EquipmentPurchase/EPO_Header/EPO_Header_Action_OrderLines' is clicked on

2017-11-20 15:31:52 - [TEST_STEP][PASSED] - waitForElementPresent: Object 'Object Repository/Equipment/EquipmentPurchase/EPO_Line/EPO_MultiLine_New' is present

2017-11-20 15:31:54 - [MESSAGE][PASSED] - Object 'Object Repository/Equipment/EquipmentPurchase/EPO_Line/EPO_MultiLine_New' is present

2017-11-20 15:31:54 - [TEST_STEP][PASSED] - click: Object: 'Object Repository/Equipment/EquipmentPurchase/EPO_Line/EPO_MultiLine_New' is clicked on

2017-11-20 15:31:54 - [MESSAGE][PASSED] - Object: 'Object Repository/Equipment/EquipmentPurchase/EPO_Line/EPO_MultiLine_New' is clicked on

2017-11-20 15:31:54 - [TEST_STEP][PASSED] - waitForElementPresent: Object 'Object Repository/Equipment/EquipmentPurchase/EPO_Line/EPO_Line_Model' is present

2017-11-20 15:31:55 - [MESSAGE][PASSED] - Object 'Object Repository/Equipment/EquipmentPurchase/EPO_Line/EPO_Line_Model' is present

2017-11-20 15:31:55 - [TEST_STEP][PASSED] - click: Object: 'Object Repository/Equipment/EquipmentPurchase/EPO_Line/EPO_Line_Model' is clicked on

2017-11-20 15:31:56 - [MESSAGE][PASSED] - Object: 'Object Repository/Equipment/EquipmentPurchase/EPO_Line/EPO_Line_Model' is clicked on

2017-11-20 15:31:56 - [TEST_STEP][PASSED] - delay: Delayed 2 second(s)

2017-11-20 15:31:58 - [MESSAGE][PASSED] - Delayed 2 second(s)

2017-11-20 15:31:58 - [TEST_STEP][PASSED] - setText: Text '1032' is set on object 'Object Repository/Equipment/EquipmentPurchase/EPO_Line/EPO_Line_Model'

2017-11-20 15:31:58 - [MESSAGE][PASSED] - Text '1032' is set on object 'Object Repository/Equipment/EquipmentPurchase/EPO_Line/EPO_Line_Model'

2017-11-20 15:31:58 - [TEST_STEP][PASSED] - click: Object: 'Object Repository/Equipment/EquipmentPurchase/EPO_Line/EPO_Line_NeworUsed' is clicked on

2017-11-20 15:31:58 - [MESSAGE][PASSED] - Object: 'Object Repository/Equipment/EquipmentPurchase/EPO_Line/EPO_Line_NeworUsed' is clicked on

2017-11-20 15:31:58 - [TEST_STEP][PASSED] - click: Object: 'Object Repository/Equipment/EquipmentPurchase/EPO_Line/EPO_Line_NewEquipOption' is clicked on

2017-11-20 15:31:58 - [MESSAGE][PASSED] - Object: 'Object Repository/Equipment/EquipmentPurchase/EPO_Line/EPO_Line_NewEquipOption' is clicked on

2017-11-20 15:31:58 - [TEST_STEP][PASSED] - click: Object: 'Object Repository/Equipment/EquipmentPurchase/EPO_Line/EPO_Line_PlannedDate' is clicked on

2017-11-20 15:31:58 - [MESSAGE][PASSED] - Object: 'Object Repository/Equipment/EquipmentPurchase/EPO_Line/EPO_Line_PlannedDate' is clicked on

2017-11-20 15:31:58 - [TEST_STEP][PASSED] - delay: Delayed 2 second(s)

2017-11-20 15:32:00 - [MESSAGE][PASSED] - Delayed 2 second(s)

2017-11-20 15:32:00 - [TEST_STEP][PASSED] - setText: Text '+10' is set on object 'Object Repository/Equipment/EquipmentPurchase/EPO_Line/EPO_Line_PlannedDate'

2017-11-20 15:32:01 - [MESSAGE][PASSED] - Text '+10' is set on object 'Object Repository/Equipment/EquipmentPurchase/EPO_Line/EPO_Line_PlannedDate'

2017-11-20 15:32:01 - [TEST_STEP][PASSED] - click: Object: 'Object Repository/Equipment/EquipmentPurchase/EPO_Line/EPO_Line_Price' is clicked on

2017-11-20 15:32:01 - [MESSAGE][PASSED] - Object: 'Object Repository/Equipment/EquipmentPurchase/EPO_Line/EPO_Line_Price' is clicked on

2017-11-20 15:32:01 - [TEST_STEP][PASSED] - delay: Delayed 2 second(s)

2017-11-20 15:32:03 - [MESSAGE][PASSED] - Delayed 2 second(s)

2017-11-20 15:32:03 - [TEST_STEP][PASSED] - setText: Text '100' is set on object 'Object Repository/Equipment/EquipmentPurchase/EPO_Line/EPO_Line_Price'

2017-11-20 15:32:03 - [MESSAGE][PASSED] - Text '100' is set on object 'Object Repository/Equipment/EquipmentPurchase/EPO_Line/EPO_Line_Price'

2017-11-20 15:32:03 - [TEST_STEP][PASSED] - click: Object: 'Object Repository/Equipment/EquipmentPurchase/EPO_Line/EPO_Line_Save' is clicked on

2017-11-20 15:32:04 - [MESSAGE][PASSED] - Object: 'Object Repository/Equipment/EquipmentPurchase/EPO_Line/EPO_Line_Save' is clicked on

2017-11-20 15:32:04 - [TEST_STEP][PASSED] - click: Object: 'Object Repository/Equipment/EquipmentPurchase/EPO_Line/EPO_Line_importNO' is clicked on

2017-11-20 15:32:05 - [MESSAGE][PASSED] - Object: 'Object Repository/Equipment/EquipmentPurchase/EPO_Line/EPO_Line_importNO' is clicked on

2017-11-20 15:32:05 - [TEST_STEP][PASSED] - click: Object: 'Object Repository/Equipment/EquipmentPurchase/EPO_Line/EPO_Line_SaveNclose' is clicked on

2017-11-20 15:32:05 - [MESSAGE][PASSED] - Object: 'Object Repository/Equipment/EquipmentPurchase/EPO_Line/EPO_Line_SaveNclose' is clicked on

2017-11-20 15:32:05 - [TEST_STEP][PASSED] - delay: Delayed 2 second(s)

2017-11-20 15:32:07 - [MESSAGE][PASSED] - Delayed 2 second(s)

2017-11-20 15:32:07 - [TEST_STEP][PASSED] - click: Object: 'Object Repository/Equipment/EquipmentPurchase/EPO_Line/EPO_MultiLine_SavenClose' is clicked on

2017-11-20 15:32:07 - [MESSAGE][PASSED] - Object: 'Object Repository/Equipment/EquipmentPurchase/EPO_Line/EPO_MultiLine_SavenClose' is clicked on

2017-11-20 15:32:07 - [MESSAGE][PASSED] - Call Test Case 'Test Cases/Equipment/Base_EquipmentPurchase/Base_EPO_CreateHeaderNline' successfully

2017-11-20 15:32:07 - [TEST_STEP][PASSED] - callTestCase: Call Test Case 'Test Cases/Equipment/Base_EquipmentPurchase/Base_EPO_Reciept' successfully

2017-11-20 15:32:07 - [TEST_CASE][PASSED] - Test Cases/Equipment/Base_EquipmentPurchase/Base_EPO_Reciept: Test Cases/Equipment/Base_EquipmentPurchase/Base_EPO_Reciept

2017-11-20 15:32:08 - [TEST_STEP][PASSED] - click: Object: 'Object Repository/Equipment/EquipmentPurchase/EPO_Header/EPO_Header_Action' is clicked on

2017-11-20 15:32:08 - [MESSAGE][PASSED] - Object: 'Object Repository/Equipment/EquipmentPurchase/EPO_Header/EPO_Header_Action' is clicked on

2017-11-20 15:32:08 - [TEST_STEP][PASSED] - click: Object: 'Object Repository/Equipment/EquipmentPurchase/EPO_Header/EPO_Header_Action_SendForApproval' is clicked on

2017-11-20 15:32:09 - [MESSAGE][PASSED] - Object: 'Object Repository/Equipment/EquipmentPurchase/EPO_Header/EPO_Header_Action_SendForApproval' is clicked on

2017-11-20 15:32:09 - [TEST_STEP][PASSED] - delay: Delayed 5 second(s)

2017-11-20 15:32:14 - [MESSAGE][PASSED] - Delayed 5 second(s)

2017-11-20 15:32:14 - [TEST_STEP][PASSED] - click: Object: 'Object Repository/Equipment/EquipmentPurchase/EPO_Header/EPO_Header_Action' is clicked on

2017-11-20 15:32:14 - [MESSAGE][PASSED] - Object: 'Object Repository/Equipment/EquipmentPurchase/EPO_Header/EPO_Header_Action' is clicked on

2017-11-20 15:32:14 - [TEST_STEP][PASSED] - click: Object: 'Object Repository/Equipment/EquipmentPurchase/EPO_Header/EPO_Header_Apporve' is clicked on

2017-11-20 15:32:14 - [MESSAGE][PASSED] - Object: 'Object Repository/Equipment/EquipmentPurchase/EPO_Header/EPO_Header_Apporve' is clicked on

2017-11-20 15:32:14 - [TEST_STEP][PASSED] - delay: Delayed 5 second(s)

2017-11-20 15:32:19 - [MESSAGE][PASSED] - Delayed 5 second(s)

2017-11-20 15:32:19 - [TEST_STEP][PASSED] - click: Object: 'Object Repository/Equipment/EquipmentPurchase/EPO_Header/EPO_Header_Print' is clicked on

2017-11-20 15:32:19 - [MESSAGE][PASSED] - Object: 'Object Repository/Equipment/EquipmentPurchase/EPO_Header/EPO_Header_Print' is clicked on

2017-11-20 15:32:19 - [TEST_STEP][PASSED] - click: Object: 'Object Repository/Equipment/EquipmentPurchase/EPO_Header/EPO_Print_FinalPrint' is clicked on

2017-11-20 15:32:20 - [MESSAGE][PASSED] - Object: 'Object Repository/Equipment/EquipmentPurchase/EPO_Header/EPO_Print_FinalPrint' is clicked on

2017-11-20 15:32:20 - [TEST_STEP][PASSED] - click: Object: 'Object Repository/Equipment/EquipmentPurchase/EPO_Header/EPO_Print_PrintOption' is clicked on

2017-11-20 15:32:20 - [MESSAGE][PASSED] - Object: 'Object Repository/Equipment/EquipmentPurchase/EPO_Header/EPO_Print_PrintOption' is clicked on

2017-11-20 15:32:20 - [TEST_STEP][PASSED] - click: Object: 'Object Repository/Equipment/EquipmentPurchase/EPO_Header/EPO_Print_Device' is clicked on

2017-11-20 15:32:23 - [MESSAGE][PASSED] - Object: 'Object Repository/Equipment/EquipmentPurchase/EPO_Header/EPO_Print_Device' is clicked on

2017-11-20 15:32:23 - [TEST_STEP][PASSED] - setText: Text 'D' is set on object 'Object Repository/Equipment/EquipmentPurchase/EPO_Header/EPO_Print_Device'

2017-11-20 15:32:23 - [MESSAGE][PASSED] - Text 'D' is set on object 'Object Repository/Equipment/EquipmentPurchase/EPO_Header/EPO_Print_Device'

2017-11-20 15:32:23 - [TEST_STEP][PASSED] - click: Object: 'Object Repository/Equipment/EquipmentPurchase/EPO_Header/EPO_Print_Continue' is clicked on

2017-11-20 15:32:23 - [MESSAGE][PASSED] - Object: 'Object Repository/Equipment/EquipmentPurchase/EPO_Header/EPO_Print_Continue' is clicked on

2017-11-20 15:32:23 - [TEST_STEP][PASSED] - delay: Delayed 5 second(s)

2017-11-20 15:32:28 - [MESSAGE][PASSED] - Delayed 5 second(s)

2017-11-20 15:32:28 - [TEST_STEP][PASSED] - click: Object: 'Object Repository/Equipment/EquipmentPurchase/EPO_Header/EPO_Header_EPOtab' is clicked on

2017-11-20 15:32:28 - [MESSAGE][PASSED] - Object: 'Object Repository/Equipment/EquipmentPurchase/EPO_Header/EPO_Header_EPOtab' is clicked on

2017-11-20 15:32:28 - [TEST_STEP][PASSED] - click: Object: 'Object Repository/Equipment/EquipmentPurchase/EPO_Header/EPO_Print_Close' is clicked on

2017-11-20 15:32:29 - [MESSAGE][PASSED] - Object: 'Object Repository/Equipment/EquipmentPurchase/EPO_Header/EPO_Print_Close' is clicked on

2017-11-20 15:32:29 - [TEST_STEP][PASSED] - delay: Delayed 3 second(s)

2017-11-20 15:32:32 - [MESSAGE][PASSED] - Delayed 3 second(s)

2017-11-20 15:32:32 - [TEST_STEP][PASSED] - click: Object: 'Object Repository/Equipment/EquipmentPurchase/EPO_Header/EPO_Header_Action' is clicked on

2017-11-20 15:32:32 - [MESSAGE][PASSED] - Object: 'Object Repository/Equipment/EquipmentPurchase/EPO_Header/EPO_Header_Action' is clicked on

2017-11-20 15:32:32 - [TEST_STEP][PASSED] - click: Object: 'Object Repository/Equipment/EquipmentPurchase/EPO_Header/EPO_Action_Reciept' is clicked on

2017-11-20 15:32:32 - [MESSAGE][PASSED] - Object: 'Object Repository/Equipment/EquipmentPurchase/EPO_Header/EPO_Action_Reciept' is clicked on

2017-11-20 15:32:32 - [TEST_STEP][PASSED] - waitForElementPresent: Object 'Object Repository/Equipment/EquipmentPurchase/EPO_Receipt/EPO_Reciept_Save' is present

2017-11-20 15:32:34 - [MESSAGE][PASSED] - Object 'Object Repository/Equipment/EquipmentPurchase/EPO_Receipt/EPO_Reciept_Save' is present

2017-11-20 15:32:34 - [TEST_STEP][PASSED] - click: Object: 'Object Repository/Equipment/EquipmentPurchase/EPO_Receipt/EPO_Reciept_Save' is clicked on

2017-11-20 15:32:34 - [MESSAGE][PASSED] - Object: 'Object Repository/Equipment/EquipmentPurchase/EPO_Receipt/EPO_Reciept_Save' is clicked on

2017-11-20 15:32:34 - [TEST_STEP][PASSED] - delay: Delayed 3 second(s)

2017-11-20 15:32:37 - [MESSAGE][PASSED] - Delayed 3 second(s)

2017-11-20 15:32:37 - [TEST_STEP][PASSED] - click: Object: 'Object Repository/Equipment/EquipmentPurchase/EPO_Receipt/EPO_Receipt_Action' is clicked on

2017-11-20 15:32:37 - [MESSAGE][PASSED] - Object: 'Object Repository/Equipment/EquipmentPurchase/EPO_Receipt/EPO_Receipt_Action' is clicked on

2017-11-20 15:32:37 - [TEST_STEP][PASSED] - click: Object: 'Object Repository/Equipment/EquipmentPurchase/EPO_Receipt/EPO_Receipt_Action_ReceiptLine' is clicked on

2017-11-20 15:32:37 - [MESSAGE][PASSED] - Object: 'Object Repository/Equipment/EquipmentPurchase/EPO_Receipt/EPO_Receipt_Action_ReceiptLine' is clicked on

2017-11-20 15:32:37 - [TEST_STEP][PASSED] - waitForElementPresent: Object 'Object Repository/Equipment/EquipmentPurchase/EPO_Receipt_Line/EPO_ReceiptLine_New' is present

2017-11-20 15:32:38 - [MESSAGE][PASSED] - Object 'Object Repository/Equipment/EquipmentPurchase/EPO_Receipt_Line/EPO_ReceiptLine_New' is present

2017-11-20 15:32:38 - [TEST_STEP][PASSED] - click: Object: 'Object Repository/Equipment/EquipmentPurchase/EPO_Receipt_Line/EPO_ReceiptLine_New' is clicked on

2017-11-20 15:32:39 - [MESSAGE][PASSED] - Object: 'Object Repository/Equipment/EquipmentPurchase/EPO_Receipt_Line/EPO_ReceiptLine_New' is clicked on

2017-11-20 15:32:39 - [TEST_STEP][PASSED] - waitForElementPresent: Object 'Object Repository/Equipment/EquipmentPurchase/EPO_Receipt_Line/EPO_RecieptLine_Select' is present

2017-11-20 15:32:40 - [MESSAGE][PASSED] - Object 'Object Repository/Equipment/EquipmentPurchase/EPO_Receipt_Line/EPO_RecieptLine_Select' is present

2017-11-20 15:32:40 - [TEST_STEP][PASSED] - click: Object: 'Object Repository/Equipment/EquipmentPurchase/EPO_Receipt_Line/EPO_RecieptLine_Select' is clicked on

2017-11-20 15:32:41 - [MESSAGE][PASSED] - Object: 'Object Repository/Equipment/EquipmentPurchase/EPO_Receipt_Line/EPO_RecieptLine_Select' is clicked on

2017-11-20 15:32:41 - [TEST_STEP][PASSED] - delay: Delayed 3 second(s)

2017-11-20 15:32:44 - [MESSAGE][PASSED] - Delayed 3 second(s)

2017-11-20 15:32:44 - [TEST_STEP][PASSED] - click: Object: 'Object Repository/Equipment/EquipmentPurchase/EPO_Receipt_Line/EPO_ReceiptLine_SavenClose' is clicked on

2017-11-20 15:32:44 - [MESSAGE][PASSED] - Object: 'Object Repository/Equipment/EquipmentPurchase/EPO_Receipt_Line/EPO_ReceiptLine_SavenClose' is clicked on

2017-11-20 15:32:44 - [TEST_STEP][PASSED] - waitForElementPresent: Object 'Object Repository/Equipment/EquipmentPurchase/EPO_Receipt_Line/EPO_RecieptLineAction' is present

2017-11-20 15:32:44 - [MESSAGE][PASSED] - Object 'Object Repository/Equipment/EquipmentPurchase/EPO_Receipt_Line/EPO_RecieptLineAction' is present

2017-11-20 15:32:44 - [TEST_STEP][PASSED] - Statement - G_Unit = com.kms.katalon.core.webui.keyword.WebUiBuiltInKeywords.getText(com.kms.katalon.core.testobject.ObjectRepository.findTestObject(Equipment/EquipmentPurchase/EPO_Receipt/EPO_Reciept_Unit)): Text of object 'Object Repository/Equipment/EquipmentPurchase/EPO_Receipt/EPO_Reciept_Unit' is: 'MD0018344'

2017-11-20 15:32:44 - [MESSAGE][PASSED] - Text of object 'Object Repository/Equipment/EquipmentPurchase/EPO_Receipt/EPO_Reciept_Unit' is: 'MD0018344'

2017-11-20 15:32:45 - [TEST_STEP][PASSED] - click: Object: 'Object Repository/Equipment/EquipmentPurchase/EPO_Receipt_Line/EPO_RecieptLineAction' is clicked on

2017-11-20 15:32:45 - [MESSAGE][PASSED] - Object: 'Object Repository/Equipment/EquipmentPurchase/EPO_Receipt_Line/EPO_RecieptLineAction' is clicked on

2017-11-20 15:32:45 - [TEST_STEP][PASSED] - click: Object: 'Object Repository/Equipment/EquipmentPurchase/EPO_Receipt/EPO_Action_Confirm' is clicked on

2017-11-20 15:32:45 - [MESSAGE][PASSED] - Object: 'Object Repository/Equipment/EquipmentPurchase/EPO_Receipt/EPO_Action_Confirm' is clicked on

2017-11-20 15:32:45 - [TEST_STEP][PASSED] - click: Object: 'Object Repository/Equipment/EquipmentPurchase/EPO_Receipt/EPO_Reciept_MeterOK' is clicked on

2017-11-20 15:32:46 - [MESSAGE][PASSED] - Object: 'Object Repository/Equipment/EquipmentPurchase/EPO_Receipt/EPO_Reciept_MeterOK' is clicked on

2017-11-20 15:32:46 - [TEST_STEP][PASSED] - waitForElementPresent: Object 'Object Repository/Equipment/EquipmentPurchase/EPO_Receipt/EPO_RecieptPrint_Device' is present

2017-11-20 15:32:47 - [MESSAGE][PASSED] - Object 'Object Repository/Equipment/EquipmentPurchase/EPO_Receipt/EPO_RecieptPrint_Device' is present

2017-11-20 15:32:47 - [TEST_STEP][PASSED] - click: Object: 'Object Repository/Equipment/EquipmentPurchase/EPO_Receipt/EPO_RecieptPrint_Device' is clicked on

2017-11-20 15:32:47 - [MESSAGE][PASSED] - Object: 'Object Repository/Equipment/EquipmentPurchase/EPO_Receipt/EPO_RecieptPrint_Device' is clicked on

2017-11-20 15:32:47 - [TEST_STEP][PASSED] - setText: Text 'D' is set on object 'Object Repository/Equipment/EquipmentPurchase/EPO_Receipt/EPO_RecieptPrint_Device'

2017-11-20 15:32:47 - [MESSAGE][PASSED] - Text 'D' is set on object 'Object Repository/Equipment/EquipmentPurchase/EPO_Receipt/EPO_RecieptPrint_Device'

2017-11-20 15:32:47 - [TEST_STEP][PASSED] - click: Object: 'Object Repository/Equipment/EquipmentPurchase/EPO_Receipt/EPO_RecieptPrint_Continue' is clicked on

2017-11-20 15:32:48 - [MESSAGE][PASSED] - Object: 'Object Repository/Equipment/EquipmentPurchase/EPO_Receipt/EPO_RecieptPrint_Continue' is clicked on

2017-11-20 15:32:48 - [TEST_STEP][PASSED] - delay: Delayed 3 second(s)

2017-11-20 15:32:51 - [MESSAGE][PASSED] - Delayed 3 second(s)

2017-11-20 15:32:51 - [TEST_STEP][PASSED] - click: Object: 'Object Repository/Equipment/EquipmentPurchase/EPO_Receipt/EPO_RecieptPrint_ProcessCompleted' is clicked on

2017-11-20 15:32:51 - [MESSAGE][PASSED] - Object: 'Object Repository/Equipment/EquipmentPurchase/EPO_Receipt/EPO_RecieptPrint_ProcessCompleted' is clicked on

2017-11-20 15:32:51 - [TEST_STEP][PASSED] - delay: Delayed 10 second(s)

2017-11-20 15:33:01 - [MESSAGE][PASSED] - Delayed 10 second(s)

2017-11-20 15:33:01 - [MESSAGE][PASSED] - Call Test Case 'Test Cases/Equipment/Base_EquipmentPurchase/Base_EPO_Reciept' successfully

2017-11-20 15:33:01 - [MESSAGE][PASSED] - Call Test Case 'Test Cases/Equipment/Base_EquipmentPurchase/EPO_CreateNrecieve' successfully

2017-11-20 15:33:01 - [TEST_STEP][PASSED] - callTestCase: Call Test Case 'Test Cases/Rental/Base_RentalContract/Base_CreateRentalInvoice_HeaderlineInvoice_SplitTender' successfully

2017-11-20 15:33:01 - [TEST_CASE][PASSED] - Test Cases/Rental/Base_RentalContract/Base_CreateRentalInvoice_HeaderlineInvoice_SplitTender: Test Cases/Rental/Base_RentalContract/Base_CreateRentalInvoice_HeaderlineInvoice_SplitTender

2017-11-20 15:33:02 - [TEST_STEP][PASSED] - callTestCase: Call Test Case 'Test Cases/Rental/Base_RentalContract/Base_CreateRentalHeader' successfully

2017-11-20 15:33:02 - [TEST_CASE][PASSED] - Test Cases/Rental/Base_RentalContract/Base_CreateRentalHeader: Test Cases/Rental/Base_RentalContract/Base_CreateRentalHeader

2017-11-20 15:33:02 - [TEST_STEP][PASSED] - callTestCase: Call Test Case 'Test Cases/Common/Base_Common_OpenSession' successfully

2017-11-20 15:33:02 - [TEST_CASE][PASSED] - Test Cases/Common/Base_Common_OpenSession: Test Cases/Common/Base_Common_OpenSession

2017-11-20 15:33:02 - [TEST_STEP][PASSED] - openBrowser: Browser is opened with url: 'https://rgajbhiye:Robin$123@proxima-ln4.e-emphasys.com:8441/webui/servlet/login'

2017-11-20 15:33:02 - [MESSAGE][WARNING] - A browser is already opened. Closing browser and opening a new one

2017-11-20 15:33:10 - [MESSAGE][PASSED] - Browser is opened with url: 'https://rgajbhiye:Robin$123@proxima-ln4.e-emphasys.com:8441/webui/servlet/login'

2017-11-20 15:33:10 - [TEST_STEP][PASSED] - waitForPageLoad: Wait for page load successfully

2017-11-20 15:33:10 - [MESSAGE][PASSED] - Wait for page load successfully

2017-11-20 15:33:10 - [TEST_STEP][PASSED] - maximizeWindow: Current window maximized

2017-11-20 15:33:10 - [MESSAGE][PASSED] - Current window maximized

2017-11-20 15:33:10 - [TEST_STEP][PASSED] - click: Object: 'Object Repository/Common/HomePage/HomePage_more' is clicked on

2017-11-20 15:33:14 - [MESSAGE][PASSED] - Object: 'Object Repository/Common/HomePage/HomePage_more' is clicked on

2017-11-20 15:33:14 - [TEST_STEP][PASSED] - click: Object: 'Object Repository/Common/HomePage/HomePage_Option' is clicked on

2017-11-20 15:33:15 - [MESSAGE][PASSED] - Object: 'Object Repository/Common/HomePage/HomePage_Option' is clicked on

2017-11-20 15:33:15 - [TEST_STEP][PASSED] - click: Object: 'Object Repository/Common/HomePage/HomePage_RunProgram_' is clicked on

2017-11-20 15:33:15 - [MESSAGE][PASSED] - Object: 'Object Repository/Common/HomePage/HomePage_RunProgram_' is clicked on

2017-11-20 15:33:15 - [TEST_STEP][PASSED] - sendKeys: Keys 'erext4100s004' sent to object: 'Object Repository/Common/HomePage/HomePage_Session_ID'

2017-11-20 15:33:16 - [MESSAGE][PASSED] - Keys 'erext4100s004' sent to object: 'Object Repository/Common/HomePage/HomePage_Session_ID'

2017-11-20 15:33:16 - [TEST_STEP][PASSED] - click: Object: 'Object Repository/Common/HomePage/HomePage_OkButton' is clicked on

2017-11-20 15:33:16 - [MESSAGE][PASSED] - Object: 'Object Repository/Common/HomePage/HomePage_OkButton' is clicked on

2017-11-20 15:33:16 - [MESSAGE][PASSED] - Call Test Case 'Test Cases/Common/Base_Common_OpenSession' successfully

2017-11-20 15:33:16 - [TEST_STEP][PASSED] - click: Object: 'Object Repository/Rental/RentalHeader/RentalContract.Customer' is clicked on

2017-11-20 15:33:20 - [MESSAGE][PASSED] - Object: 'Object Repository/Rental/RentalHeader/RentalContract.Customer' is clicked on

2017-11-20 15:33:20 - [TEST_STEP][PASSED] - setText: Text 'M00000010' is set on object 'Object Repository/Rental/RentalHeader/RentalContract.Customer'

2017-11-20 15:33:20 - [MESSAGE][PASSED] - Text 'M00000010' is set on object 'Object Repository/Rental/RentalHeader/RentalContract.Customer'

2017-11-20 15:33:20 - [TEST_STEP][PASSED] - delay: Delayed 2 second(s)

2017-11-20 15:33:22 - [MESSAGE][PASSED] - Delayed 2 second(s)

2017-11-20 15:33:22 - [TEST_STEP][PASSED] - click: Object: 'Object Repository/Rental/RentalHeader/RentalContract.CustPO' is clicked on

2017-11-20 15:33:22 - [MESSAGE][PASSED] - Object: 'Object Repository/Rental/RentalHeader/RentalContract.CustPO' is clicked on

2017-11-20 15:33:22 - [TEST_STEP][PASSED] - delay: Delayed 3 second(s)

2017-11-20 15:33:25 - [MESSAGE][PASSED] - Delayed 3 second(s)

2017-11-20 15:33:25 - [TEST_STEP][PASSED] - click: Object: 'Object Repository/Rental/RentalHeader/RentalContract.OtherDetailsTab' is clicked on

2017-11-20 15:33:26 - [MESSAGE][PASSED] - Object: 'Object Repository/Rental/RentalHeader/RentalContract.OtherDetailsTab' is clicked on

2017-11-20 15:33:26 - [TEST_STEP][PASSED] - delay: Delayed 5 second(s)

2017-11-20 15:33:31 - [MESSAGE][PASSED] - Delayed 5 second(s)

2017-11-20 15:33:31 - [TEST_STEP][PASSED] - click: Object: 'Object Repository/Rental/RentalHeader/Rental Contract.ModeOfPayment' is clicked on

2017-11-20 15:33:31 - [MESSAGE][PASSED] - Object: 'Object Repository/Rental/RentalHeader/Rental Contract.ModeOfPayment' is clicked on

2017-11-20 15:33:31 - [TEST_STEP][PASSED] - delay: Delayed 2 second(s)

2017-11-20 15:33:33 - [MESSAGE][PASSED] - Delayed 2 second(s)

2017-11-20 15:33:33 - [TEST_STEP][PASSED] - click: Object: 'Object Repository/Rental/RentalHeader/RentalContract.CreditCardoption' is clicked on

2017-11-20 15:33:33 - [MESSAGE][PASSED] - Object: 'Object Repository/Rental/RentalHeader/RentalContract.CreditCardoption' is clicked on

2017-11-20 15:33:33 - [TEST_STEP][PASSED] - delay: Delayed 3 second(s)

2017-11-20 15:33:36 - [MESSAGE][PASSED] - Delayed 3 second(s)

2017-11-20 15:33:36 - [TEST_STEP][PASSED] - click: Object: 'Object Repository/Rental/RentalHeader/RentalContract.GeneralTab' is clicked on

2017-11-20 15:33:37 - [MESSAGE][PASSED] - Object: 'Object Repository/Rental/RentalHeader/RentalContract.GeneralTab' is clicked on

2017-11-20 15:33:37 - [TEST_STEP][PASSED] - delay: Delayed 5 second(s)

2017-11-20 15:33:42 - [MESSAGE][PASSED] - Delayed 5 second(s)

2017-11-20 15:33:42 - [TEST_STEP][PASSED] - click: Object: 'Object Repository/Rental/RentalHeader/RentalContract.Newbuttonline' is clicked on

2017-11-20 15:33:42 - [MESSAGE][PASSED] - Object: 'Object Repository/Rental/RentalHeader/RentalContract.Newbuttonline' is clicked on

2017-11-20 15:33:42 - [TEST_STEP][PASSED] - delay: Delayed 5 second(s)

2017-11-20 15:33:47 - [MESSAGE][PASSED] - Delayed 5 second(s)

2017-11-20 15:33:47 - [TEST_STEP][PASSED] - click: Object: 'Object Repository/Rental/RentalHeader/RentalContract.SetLine' is clicked on

2017-11-20 15:33:47 - [MESSAGE][PASSED] - Object: 'Object Repository/Rental/RentalHeader/RentalContract.SetLine' is clicked on

2017-11-20 15:33:47 - [TEST_STEP][PASSED] - delay: Delayed 5 second(s)

2017-11-20 15:33:52 - [MESSAGE][PASSED] - Delayed 5 second(s)

2017-11-20 15:33:52 - [TEST_STEP][PASSED] - scrollToElement: Scroll to object 'Object Repository/Rental/RentalHeader/RentalContract.Unit' successfully

2017-11-20 15:33:52 - [MESSAGE][PASSED] - Scroll to object 'Object Repository/Rental/RentalHeader/RentalContract.Unit' successfully

2017-11-20 15:33:52 - [TEST_STEP][PASSED] - delay: Delayed 3 second(s)

2017-11-20 15:33:55 - [MESSAGE][PASSED] - Delayed 3 second(s)

2017-11-20 15:33:55 - [TEST_STEP][NOT_RUN] - getText: NOT_RUN: getText

2017-11-20 15:33:55 - [MESSAGE][NOT_RUN] - NOT_RUN: getText

2017-11-20 15:33:55 - [TEST_STEP][PASSED] - click: Object: 'Object Repository/Rental/RentalHeader/RentalContract.Unit' is clicked on

2017-11-20 15:33:56 - [MESSAGE][PASSED] - Object: 'Object Repository/Rental/RentalHeader/RentalContract.Unit' is clicked on

2017-11-20 15:33:56 - [TEST_STEP][PASSED] - delay: Delayed 5 second(s)

2017-11-20 15:34:01 - [MESSAGE][PASSED] - Delayed 5 second(s)

2017-11-20 15:34:01 - [TEST_STEP][PASSED] - setText: Text 'MD0018344' is set on object 'Object Repository/Rental/RentalHeader/RentalContract.Unit'

2017-11-20 15:34:01 - [MESSAGE][PASSED] - Text 'MD0018344' is set on object 'Object Repository/Rental/RentalHeader/RentalContract.Unit'

2017-11-20 15:34:01 - [TEST_STEP][PASSED] - delay: Delayed 5 second(s)

2017-11-20 15:34:06 - [MESSAGE][PASSED] - Delayed 5 second(s)

2017-11-20 15:34:06 - [TEST_STEP][PASSED] - scrollToElement: Scroll to object 'Object Repository/Rental/RentalHeader/RentalContract.MultipleInsurence' successfully

2017-11-20 15:34:06 - [MESSAGE][PASSED] - Scroll to object 'Object Repository/Rental/RentalHeader/RentalContract.MultipleInsurence' successfully

2017-11-20 15:34:06 - [TEST_STEP][PASSED] - delay: Delayed 5 second(s)

2017-11-20 15:34:11 - [MESSAGE][PASSED] - Delayed 5 second(s)

2017-11-20 15:34:11 - [TEST_STEP][PASSED] - doubleClick: Object: 'Object Repository/Rental/RentalHeader/RentalContract.MultipleInsurence' is double clicked on

2017-11-20 15:34:12 - [MESSAGE][PASSED] - Object: 'Object Repository/Rental/RentalHeader/RentalContract.MultipleInsurence' is double clicked on

2017-11-20 15:34:12 - [TEST_STEP][PASSED] - delay: Delayed 5 second(s)

2017-11-20 15:34:17 - [MESSAGE][PASSED] - Delayed 5 second(s)

2017-11-20 15:34:17 - [TEST_STEP][PASSED] - click: Object: 'Object Repository/Rental/RentalHeader/RentalContract.MultipleInsurence' is clicked on

2017-11-20 15:34:17 - [MESSAGE][PASSED] - Object: 'Object Repository/Rental/RentalHeader/RentalContract.MultipleInsurence' is clicked on

2017-11-20 15:34:17 - [TEST_STEP][NOT_RUN] - doubleClick: NOT_RUN: doubleClick

2017-11-20 15:34:17 - [MESSAGE][NOT_RUN] - NOT_RUN: doubleClick

2017-11-20 15:34:17 - [TEST_STEP][PASSED] - delay: Delayed 5 second(s)

2017-11-20 15:34:22 - [MESSAGE][PASSED] - Delayed 5 second(s)

2017-11-20 15:34:22 - [TEST_STEP][PASSED] - click: Object: 'Object Repository/Rental/RentalHeader/RentalContract.MultiInsNO' is clicked on

2017-11-20 15:34:22 - [MESSAGE][PASSED] - Object: 'Object Repository/Rental/RentalHeader/RentalContract.MultiInsNO' is clicked on

2017-11-20 15:34:22 - [TEST_STEP][PASSED] - delay: Delayed 5 second(s)

2017-11-20 15:34:27 - [MESSAGE][PASSED] - Delayed 5 second(s)

2017-11-20 15:34:27 - [TEST_STEP][PASSED] - scrollToElement: Scroll to object 'Object Repository/Rental/RentalHeader/RentalContract.GrossRateline' successfully

2017-11-20 15:34:27 - [MESSAGE][PASSED] - Scroll to object 'Object Repository/Rental/RentalHeader/RentalContract.GrossRateline' successfully

2017-11-20 15:34:27 - [TEST_STEP][NOT_RUN] - delay: NOT_RUN: delay

2017-11-20 15:34:27 - [MESSAGE][NOT_RUN] - NOT_RUN: delay

2017-11-20 15:34:27 - [TEST_STEP][PASSED] - doubleClick: Object: 'Object Repository/Rental/RentalHeader/RentalContract.GrossRateline' is double clicked on

2017-11-20 15:34:28 - [MESSAGE][PASSED] - Object: 'Object Repository/Rental/RentalHeader/RentalContract.GrossRateline' is double clicked on

2017-11-20 15:34:28 - [TEST_STEP][PASSED] - delay: Delayed 2 second(s)

2017-11-20 15:34:30 - [MESSAGE][PASSED] - Delayed 2 second(s)

2017-11-20 15:34:30 - [TEST_STEP][PASSED] - click: Object: 'Object Repository/Rental/RentalHeader/RentalContract.GrossRateline' is clicked on

2017-11-20 15:34:30 - [MESSAGE][PASSED] - Object: 'Object Repository/Rental/RentalHeader/RentalContract.GrossRateline' is clicked on

2017-11-20 15:34:30 - [TEST_STEP][PASSED] - delay: Delayed 2 second(s)

2017-11-20 15:34:32 - [MESSAGE][PASSED] - Delayed 2 second(s)

2017-11-20 15:34:32 - [TEST_STEP][PASSED] - setText: Text '100' is set on object 'Object Repository/Rental/RentalHeader/RentalContract.GrossRateline'

2017-11-20 15:34:32 - [MESSAGE][PASSED] - Text '100' is set on object 'Object Repository/Rental/RentalHeader/RentalContract.GrossRateline'

2017-11-20 15:34:32 - [TEST_STEP][PASSED] - delay: Delayed 4 second(s)

2017-11-20 15:34:36 - [MESSAGE][PASSED] - Delayed 4 second(s)

2017-11-20 15:34:36 - [TEST_STEP][PASSED] - click: Object: 'Object Repository/Rental/RentalHeader/RentalContract.SaveHeader' is clicked on

2017-11-20 15:34:36 - [MESSAGE][PASSED] - Object: 'Object Repository/Rental/RentalHeader/RentalContract.SaveHeader' is clicked on

2017-11-20 15:34:36 - [TEST_STEP][PASSED] - delay: Delayed 5 second(s)

2017-11-20 15:34:41 - [MESSAGE][PASSED] - Delayed 5 second(s)

2017-11-20 15:34:41 - [TEST_STEP][PASSED] - click: Object: 'Object Repository/Rental/RentalHeader/RentalContract.Action' is clicked on

2017-11-20 15:34:42 - [MESSAGE][PASSED] - Object: 'Object Repository/Rental/RentalHeader/RentalContract.Action' is clicked on

2017-11-20 15:34:42 - [TEST_STEP][PASSED] - delay: Delayed 8 second(s)

2017-11-20 15:34:50 - [MESSAGE][PASSED] - Delayed 8 second(s)

2017-11-20 15:34:50 - [TEST_STEP][PASSED] - click: Object: 'Object Repository/Rental/RentalHeader/RentalContract.Release' is clicked on

2017-11-20 15:34:50 - [MESSAGE][PASSED] - Object: 'Object Repository/Rental/RentalHeader/RentalContract.Release' is clicked on

2017-11-20 15:34:50 - [TEST_STEP][PASSED] - delay: Delayed 12 second(s)

2017-11-20 15:35:02 - [MESSAGE][PASSED] - Delayed 12 second(s)

2017-11-20 15:35:02 - [TEST_STEP][PASSED] - click: Object: 'Object Repository/Rental/RentalHeader/RentalContract.ActionDelivery' is clicked on

2017-11-20 15:35:03 - [MESSAGE][PASSED] - Object: 'Object Repository/Rental/RentalHeader/RentalContract.ActionDelivery' is clicked on

2017-11-20 15:35:03 - [TEST_STEP][PASSED] - delay: Delayed 6 second(s)

2017-11-20 15:35:09 - [MESSAGE][PASSED] - Delayed 6 second(s)

2017-11-20 15:35:09 - [TEST_STEP][PASSED] - click: Object: 'Object Repository/Rental/RentalHeader/RentalContract.ConfirmDelivery' is clicked on

2017-11-20 15:35:09 - [MESSAGE][PASSED] - Object: 'Object Repository/Rental/RentalHeader/RentalContract.ConfirmDelivery' is clicked on

2017-11-20 15:35:09 - [TEST_STEP][PASSED] - delay: Delayed 8 second(s)

2017-11-20 15:35:17 - [MESSAGE][PASSED] - Delayed 8 second(s)

2017-11-20 15:35:17 - [TEST_STEP][NOT_RUN] - waitForElementPresent: NOT_RUN: waitForElementPresent

2017-11-20 15:35:17 - [MESSAGE][NOT_RUN] - NOT_RUN: waitForElementPresent

2017-11-20 15:35:17 - [TEST_STEP][NOT_RUN] - delay: NOT_RUN: delay

2017-11-20 15:35:17 - [MESSAGE][NOT_RUN] - NOT_RUN: delay

2017-11-20 15:35:17 - [TEST_STEP][PASSED] - click: Object: 'Object Repository/Rental/RentalHeader/RentalContract.DeliveryProceed' is clicked on

2017-11-20 15:35:17 - [MESSAGE][PASSED] - Object: 'Object Repository/Rental/RentalHeader/RentalContract.DeliveryProceed' is clicked on

2017-11-20 15:35:17 - [TEST_STEP][PASSED] - delay: Delayed 12 second(s)

2017-11-20 15:35:29 - [MESSAGE][PASSED] - Delayed 12 second(s)

2017-11-20 15:35:29 - [TEST_STEP][NOT_RUN] - waitForElementPresent: NOT_RUN: waitForElementPresent

2017-11-20 15:35:29 - [MESSAGE][NOT_RUN] - NOT_RUN: waitForElementPresent

2017-11-20 15:35:29 - [TEST_STEP][NOT_RUN] - delay: NOT_RUN: delay

2017-11-20 15:35:29 - [MESSAGE][NOT_RUN] - NOT_RUN: delay

2017-11-20 15:35:29 - [TEST_STEP][NOT_RUN] - click: NOT_RUN: click

2017-11-20 15:35:29 - [MESSAGE][NOT_RUN] - NOT_RUN: click

2017-11-20 15:35:29 - [TEST_STEP][PASSED] - delay: Delayed 8 second(s)

2017-11-20 15:35:37 - [MESSAGE][PASSED] - Delayed 8 second(s)

2017-11-20 15:35:37 - [TEST_STEP][PASSED] - click: Object: 'Object Repository/Rental/RentalHeader/RentalContract.InspetionReportClose' is clicked on

2017-11-20 15:35:37 - [MESSAGE][PASSED] - Object: 'Object Repository/Rental/RentalHeader/RentalContract.InspetionReportClose' is clicked on

2017-11-20 15:35:37 - [TEST_STEP][PASSED] - delay: Delayed 5 second(s)

2017-11-20 15:35:42 - [MESSAGE][PASSED] - Delayed 5 second(s)

2017-11-20 15:35:42 - [TEST_STEP][PASSED] - click: Object: 'Object Repository/Rental/RentalHeader/RentalContract.BillofLaddingClosed' is clicked on

2017-11-20 15:35:43 - [MESSAGE][PASSED] - Object: 'Object Repository/Rental/RentalHeader/RentalContract.BillofLaddingClosed' is clicked on

2017-11-20 15:35:43 - [TEST_STEP][PASSED] - delay: Delayed 5 second(s)

2017-11-20 15:35:48 - [MESSAGE][PASSED] - Delayed 5 second(s)

2017-11-20 15:35:48 - [TEST_STEP][PASSED] - click: Object: 'Object Repository/Rental/RentalHeader/RentalContract.EqipRentalMemoclosed' is clicked on

2017-11-20 15:35:48 - [MESSAGE][PASSED] - Object: 'Object Repository/Rental/RentalHeader/RentalContract.EqipRentalMemoclosed' is clicked on

2017-11-20 15:35:48 - [TEST_STEP][PASSED] - delay: Delayed 5 second(s)

2017-11-20 15:35:53 - [MESSAGE][PASSED] - Delayed 5 second(s)

2017-11-20 15:35:53 - [TEST_STEP][PASSED] - click: Object: 'Object Repository/Rental/RentalHeader/RentalContract.InspectionOrdergnerated' is clicked on

2017-11-20 15:35:53 - [MESSAGE][PASSED] - Object: 'Object Repository/Rental/RentalHeader/RentalContract.InspectionOrdergnerated' is clicked on

2017-11-20 15:35:53 - [MESSAGE][PASSED] - Call Test Case 'Test Cases/Rental/Base_RentalContract/Base_CreateRentalHeader' successfully

2017-11-20 15:35:53 - [TEST_STEP][PASSED] - delay: Delayed 4 second(s)

2017-11-20 15:35:57 - [MESSAGE][PASSED] - Delayed 4 second(s)

2017-11-20 15:35:57 - [TEST_STEP][PASSED] - click: Object: 'Object Repository/Rental/RentalHeader/RentalInvoice/RentalInvoice.InvoicingscheduleTab' is clicked on

2017-11-20 15:35:58 - [MESSAGE][PASSED] - Object: 'Object Repository/Rental/RentalHeader/RentalInvoice/RentalInvoice.InvoicingscheduleTab' is clicked on

2017-11-20 15:35:58 - [TEST_STEP][PASSED] - delay: Delayed 4 second(s)

2017-11-20 15:36:02 - [MESSAGE][PASSED] - Delayed 4 second(s)

2017-11-20 15:36:02 - [TEST_STEP][PASSED] - click: Object: 'Object Repository/Rental/RentalHeader/RentalInvoice/RentalInvoice.Action' is clicked on

2017-11-20 15:36:02 - [MESSAGE][PASSED] - Object: 'Object Repository/Rental/RentalHeader/RentalInvoice/RentalInvoice.Action' is clicked on

2017-11-20 15:36:02 - [TEST_STEP][PASSED] - delay: Delayed 4 second(s)

2017-11-20 15:36:06 - [MESSAGE][PASSED] - Delayed 4 second(s)

2017-11-20 15:36:06 - [TEST_STEP][PASSED] - click: Object: 'Object Repository/Rental/RentalHeader/RentalInvoice/RentalInvoice.ProcessInvoice' is clicked on

2017-11-20 15:36:06 - [MESSAGE][PASSED] - Object: 'Object Repository/Rental/RentalHeader/RentalInvoice/RentalInvoice.ProcessInvoice' is clicked on

2017-11-20 15:36:06 - [TEST_STEP][PASSED] - delay: Delayed 4 second(s)

2017-11-20 15:36:10 - [MESSAGE][PASSED] - Delayed 4 second(s)

2017-11-20 15:36:10 - [TEST_STEP][PASSED] - click: Object: 'Object Repository/Rental/RentalHeader/RentalInvoice/RentalInvoice.ProcessInvoice2' is clicked on

2017-11-20 15:36:10 - [MESSAGE][PASSED] - Object: 'Object Repository/Rental/RentalHeader/RentalInvoice/RentalInvoice.ProcessInvoice2' is clicked on

2017-11-20 15:36:10 - [TEST_STEP][PASSED] - delay: Delayed 0 second(s)

2017-11-20 15:36:10 - [MESSAGE][PASSED] - Delayed 0 second(s)

2017-11-20 15:36:10 - [TEST_STEP][PASSED] - click: Object: 'Object Repository/Rental/RentalHeader/RentalInvoice/RentalInvoice.InvoiceProcessYES' is clicked on

2017-11-20 15:36:11 - [MESSAGE][PASSED] - Object: 'Object Repository/Rental/RentalHeader/RentalInvoice/RentalInvoice.InvoiceProcessYES' is clicked on

2017-11-20 15:36:11 - [TEST_STEP][PASSED] - delay: Delayed 0 second(s)

2017-11-20 15:36:11 - [MESSAGE][PASSED] - Delayed 0 second(s)

2017-11-20 15:36:11 - [TEST_STEP][PASSED] - setText: Text 'PUBL' is set on object 'Object Repository/Rental/RentalHeader/RentalInvoice/ServiceCreditCard.PaymentGateway'

2017-11-20 15:36:12 - [MESSAGE][PASSED] - Text 'PUBL' is set on object 'Object Repository/Rental/RentalHeader/RentalInvoice/ServiceCreditCard.PaymentGateway'

2017-11-20 15:36:12 - [TEST_STEP][NOT_RUN] - sendKeys: NOT_RUN: sendKeys

2017-11-20 15:36:12 - [MESSAGE][NOT_RUN] - NOT_RUN: sendKeys

2017-11-20 15:36:12 - [TEST_STEP][PASSED] - doubleClick: Object: 'Object Repository/Rental/RentalHeader/RentalInvoice/ServiceCreditCard.CardType' is double clicked on

2017-11-20 15:36:13 - [MESSAGE][PASSED] - Object: 'Object Repository/Rental/RentalHeader/RentalInvoice/ServiceCreditCard.CardType' is double clicked on

2017-11-20 15:36:13 - [TEST_STEP][PASSED] - setText: Text 'Visa Card' is set on object 'Object Repository/Rental/RentalHeader/RentalInvoice/ServiceCreditCard.CardType'

2017-11-20 15:36:13 - [MESSAGE][PASSED] - Text 'Visa Card' is set on object 'Object Repository/Rental/RentalHeader/RentalInvoice/ServiceCreditCard.CardType'

2017-11-20 15:36:13 - [TEST_STEP][PASSED] - delay: Delayed 2 second(s)

2017-11-20 15:36:15 - [MESSAGE][PASSED] - Delayed 2 second(s)

2017-11-20 15:36:15 - [TEST_STEP][PASSED] - doubleClick: Object: 'Object Repository/Rental/RentalHeader/RentalInvoice/ServiceCreditCard.Enter CC No' is double clicked on

2017-11-20 15:36:15 - [MESSAGE][PASSED] - Object: 'Object Repository/Rental/RentalHeader/RentalInvoice/ServiceCreditCard.Enter CC No' is double clicked on

2017-11-20 15:36:15 - [TEST_STEP][PASSED] - sendKeys: Keys '4012000033330026' sent to object: 'Object Repository/Rental/RentalHeader/RentalInvoice/ServiceCreditCard.Enter CC No'

2017-11-20 15:36:15 - [MESSAGE][PASSED] - Keys '4012000033330026' sent to object: 'Object Repository/Rental/RentalHeader/RentalInvoice/ServiceCreditCard.Enter CC No'

2017-11-20 15:36:15 - [TEST_STEP][PASSED] - delay: Delayed 2 second(s)

2017-11-20 15:36:17 - [MESSAGE][PASSED] - Delayed 2 second(s)

2017-11-20 15:36:17 - [TEST_STEP][PASSED] - click: Object: 'Object Repository/Rental/RentalHeader/RentalInvoice/ServiceCreditCard.CVV2' is clicked on

2017-11-20 15:36:18 - [MESSAGE][PASSED] - Object: 'Object Repository/Rental/RentalHeader/RentalInvoice/ServiceCreditCard.CVV2' is clicked on

2017-11-20 15:36:18 - [TEST_STEP][PASSED] - sendKeys: Keys '456' sent to object: 'Object Repository/Rental/RentalHeader/RentalInvoice/ServiceCreditCard.CVV2'

2017-11-20 15:36:18 - [MESSAGE][PASSED] - Keys '456' sent to object: 'Object Repository/Rental/RentalHeader/RentalInvoice/ServiceCreditCard.CVV2'

2017-11-20 15:36:18 - [TEST_STEP][NOT_RUN] - sendKeys: NOT_RUN: sendKeys

2017-11-20 15:36:18 - [MESSAGE][NOT_RUN] - NOT_RUN: sendKeys

2017-11-20 15:36:18 - [TEST_STEP][NOT_RUN] - delay: NOT_RUN: delay

2017-11-20 15:36:18 - [MESSAGE][NOT_RUN] - NOT_RUN: delay

2017-11-20 15:36:18 - [TEST_STEP][PASSED] - delay: Delayed 3 second(s)

2017-11-20 15:36:21 - [MESSAGE][PASSED] - Delayed 3 second(s)

2017-11-20 15:36:21 - [TEST_STEP][PASSED] - setText: Text '09' is set on object 'Object Repository/Rental/RentalHeader/RentalInvoice/ServiceCreditCard.ExpiryMonth'

2017-11-20 15:36:21 - [MESSAGE][PASSED] - Text '09' is set on object 'Object Repository/Rental/RentalHeader/RentalInvoice/ServiceCreditCard.ExpiryMonth'

2017-11-20 15:36:21 - [TEST_STEP][PASSED] - setText: Text '99' is set on object 'Object Repository/Rental/RentalHeader/RentalInvoice/ServiceCreditCard.ExpiryYear'

2017-11-20 15:36:22 - [MESSAGE][PASSED] - Text '99' is set on object 'Object Repository/Rental/RentalHeader/RentalInvoice/ServiceCreditCard.ExpiryYear'

2017-11-20 15:36:22 - [TEST_STEP][NOT_RUN] - click: NOT_RUN: click

2017-11-20 15:36:22 - [MESSAGE][NOT_RUN] - NOT_RUN: click

2017-11-20 15:36:22 - [TEST_STEP][NOT_RUN] - delay: NOT_RUN: delay

2017-11-20 15:36:22 - [MESSAGE][NOT_RUN] - NOT_RUN: delay

2017-11-20 15:36:22 - [TEST_STEP][NOT_RUN] - click: NOT_RUN: click

2017-11-20 15:36:22 - [MESSAGE][NOT_RUN] - NOT_RUN: click

2017-11-20 15:36:22 - [TEST_STEP][NOT_RUN] - delay: NOT_RUN: delay

2017-11-20 15:36:22 - [MESSAGE][NOT_RUN] - NOT_RUN: delay

2017-11-20 15:36:22 - [TEST_STEP][NOT_RUN] - click: NOT_RUN: click

2017-11-20 15:36:22 - [MESSAGE][NOT_RUN] - NOT_RUN: click

2017-11-20 15:36:22 - [TEST_STEP][NOT_RUN] - delay: NOT_RUN: delay

2017-11-20 15:36:22 - [MESSAGE][NOT_RUN] - NOT_RUN: delay

2017-11-20 15:36:22 - [TEST_STEP][NOT_RUN] - click: NOT_RUN: click

2017-11-20 15:36:22 - [MESSAGE][NOT_RUN] - NOT_RUN: click

2017-11-20 15:36:22 - [TEST_STEP][NOT_RUN] - delay: NOT_RUN: delay

2017-11-20 15:36:22 - [MESSAGE][NOT_RUN] - NOT_RUN: delay

2017-11-20 15:36:22 - [TEST_STEP][NOT_RUN] - closeBrowser: NOT_RUN: closeBrowser

2017-11-20 15:36:22 - [MESSAGE][NOT_RUN] - NOT_RUN: closeBrowser

2017-11-20 15:36:22 - [MESSAGE][PASSED] - Call Test Case 'Test Cases/Rental/Base_RentalContract/Base_CreateRentalInvoice_HeaderlineInvoice_SplitTender' successfully

2017-11-20 15:36:22 - [TEST_STEP][FAILED] - callTestCase: Unable to call Test Case with id 'Test Cases/Rental/Base_RentalContract/Base_CreateRentalInvoicewithSpitTenderDetails_SplitTender' (Root cause: Call Test Case 'Test Cases/Rental/Base_RentalContract/Base_CreateRentalInvoicewithSpitTenderDetails_SplitTender' failed)

2017-11-20 15:36:22 - [TEST_CASE][FAILED] - Test Cases/Rental/Base_RentalContract/Base_CreateRentalInvoicewithSpitTenderDetails_SplitTender: Test Cases/Rental/Base_RentalContract/Base_CreateRentalInvoicewithSpitTenderDetails_SplitTender FAILED because (of) Unable to set text '456' of object 'Object Repository/Rental/Rental_SplitTenderDetails/SplitTender.LineCVV' (Root cause: org.openqa.selenium.InvalidElementStateException: Element must be user-editable in order to clear it.
Command duration or timeout: 39 milliseconds
Build info: version: 'unknown', revision: 'unknown', time: 'unknown'
System info: host: 'ANIL110', ip: '192.168.25.228', os.name: 'Windows 7', os.arch: 'amd64', os.version: '6.1', java.version: '1.8.0_102'
Driver info: com.kms.katalon.core.webui.driver.firefox.CFirefoxDriver47
Capabilities [{applicationCacheEnabled=true, rotatable=false, handlesAlerts=true, databaseEnabled=true, version=56.0, platform=WINDOWS, nativeEvents=false, acceptSslCerts=true, webStorageEnabled=true, locationContextEnabled=true, browserName=firefox, takesScreenshot=true, javascriptEnabled=true, cssSelectorsEnabled=true}]
Session ID: 6e22ca1f-44d3-457f-994f-8f2543d3e880)

2017-11-20 15:36:22 - [TEST_STEP][PASSED] - delay: Delayed 5 second(s)

2017-11-20 15:36:27 - [MESSAGE][PASSED] - Delayed 5 second(s)

2017-11-20 15:36:27 - [TEST_STEP][PASSED] - doubleClick: Object: 'Object Repository/Rental/Rental_SplitTenderDetails/SplitTenderDetails' is double clicked on

2017-11-20 15:36:28 - [MESSAGE][PASSED] - Object: 'Object Repository/Rental/Rental_SplitTenderDetails/SplitTenderDetails' is double clicked on

2017-11-20 15:36:28 - [TEST_STEP][PASSED] - click: Object: 'Object Repository/Rental/Rental_SplitTenderDetails/SplitTenderDetails.Yes' is clicked on

2017-11-20 15:36:28 - [MESSAGE][PASSED] - Object: 'Object Repository/Rental/Rental_SplitTenderDetails/SplitTenderDetails.Yes' is clicked on

2017-11-20 15:36:28 - [TEST_STEP][PASSED] - delay: Delayed 3 second(s)

2017-11-20 15:36:31 - [MESSAGE][PASSED] - Delayed 3 second(s)

2017-11-20 15:36:31 - [TEST_STEP][PASSED] - click: Object: 'Object Repository/Rental/Rental_SplitTenderDetails/SplitTender.LineSession' is clicked on

2017-11-20 15:36:31 - [MESSAGE][PASSED] - Object: 'Object Repository/Rental/Rental_SplitTenderDetails/SplitTender.LineSession' is clicked on

2017-11-20 15:36:31 - [TEST_STEP][PASSED] - delay: Delayed 2 second(s)

2017-11-20 15:36:33 - [MESSAGE][PASSED] - Delayed 2 second(s)

2017-11-20 15:36:33 - [TEST_STEP][PASSED] - Statement - G_OrderAmt = com.kms.katalon.core.webui.keyword.WebUiBuiltInKeywords.getText(com.kms.katalon.core.testobject.ObjectRepository.findTestObject(Rental/Rental_SplitTenderDetails/SplitTender.OrderAmtHeader), CONTINUE_ON_FAILURE): Text of object 'Object Repository/Rental/Rental_SplitTenderDetails/SplitTender.OrderAmtHeader' is: '110.00'

2017-11-20 15:36:34 - [MESSAGE][PASSED] - Text of object 'Object Repository/Rental/Rental_SplitTenderDetails/SplitTender.OrderAmtHeader' is: '110.00'

2017-11-20 15:36:34 - [TEST_STEP][PASSED] - Statement - G_SplitOrderAmt2 = G_OrderAmt - 2: null

2017-11-20 15:36:34 - [TEST_STEP][PASSED] - comment: ***********************Line1 started***********************

2017-11-20 15:36:34 - [TEST_STEP][PASSED] - click: Object: 'Object Repository/Rental/Rental_SplitTenderDetails/SplitTender.NewButton' is clicked on

2017-11-20 15:36:34 - [MESSAGE][PASSED] - Object: 'Object Repository/Rental/Rental_SplitTenderDetails/SplitTender.NewButton' is clicked on

2017-11-20 15:36:34 - [TEST_STEP][PASSED] - delay: Delayed 2 second(s)

2017-11-20 15:36:36 - [MESSAGE][PASSED] - Delayed 2 second(s)

2017-11-20 15:36:36 - [TEST_STEP][PASSED] - doubleClick: Object: 'Object Repository/Rental/Rental_SplitTenderDetails/SplitTender.ModeofPayment' is double clicked on

2017-11-20 15:36:36 - [MESSAGE][PASSED] - Object: 'Object Repository/Rental/Rental_SplitTenderDetails/SplitTender.ModeofPayment' is double clicked on

2017-11-20 15:36:36 - [TEST_STEP][PASSED] - click: Object: 'Object Repository/Rental/Rental_SplitTenderDetails/SplitTender.ModeOfPaymentCreditCard1' is clicked on

2017-11-20 15:36:37 - [MESSAGE][PASSED] - Object: 'Object Repository/Rental/Rental_SplitTenderDetails/SplitTender.ModeOfPaymentCreditCard1' is clicked on

2017-11-20 15:36:37 - [TEST_STEP][PASSED] - click: Object: 'Object Repository/Rental/Rental_SplitTenderDetails/SplitTender.LineCCNo' is clicked on

2017-11-20 15:36:37 - [MESSAGE][PASSED] - Object: 'Object Repository/Rental/Rental_SplitTenderDetails/SplitTender.LineCCNo' is clicked on

2017-11-20 15:36:37 - [TEST_STEP][PASSED] - delay: Delayed 2 second(s)

2017-11-20 15:36:39 - [MESSAGE][PASSED] - Delayed 2 second(s)

2017-11-20 15:36:39 - [TEST_STEP][PASSED] - setText: Text '4012000033330026' is set on object 'Object Repository/Rental/Rental_SplitTenderDetails/SplitTender.LineCCNo'

2017-11-20 15:36:39 - [MESSAGE][PASSED] - Text '4012000033330026' is set on object 'Object Repository/Rental/Rental_SplitTenderDetails/SplitTender.LineCCNo'

2017-11-20 15:36:39 - [TEST_STEP][PASSED] - delay: Delayed 5 second(s)

2017-11-20 15:36:44 - [MESSAGE][PASSED] - Delayed 5 second(s)

2017-11-20 15:36:44 - [TEST_STEP][PASSED] - click: Object: 'Object Repository/Rental/Rental_SplitTenderDetails/SplitTender.LineCVV' is clicked on

2017-11-20 15:36:45 - [MESSAGE][PASSED] - Object: 'Object Repository/Rental/Rental_SplitTenderDetails/SplitTender.LineCVV' is clicked on

2017-11-20 15:36:45 - [TEST_STEP][FAILED] - setText: Unable to set text '456' of object 'Object Repository/Rental/Rental_SplitTenderDetails/SplitTender.LineCVV' (Root cause: org.openqa.selenium.InvalidElementStateException: Element must be user-editable in order to clear it.
Command duration or timeout: 39 milliseconds
Build info: version: 'unknown', revision: 'unknown', time: 'unknown'
System info: host: 'ANIL110', ip: '192.168.25.228', os.name: 'Windows 7', os.arch: 'amd64', os.version: '6.1', java.version: '1.8.0_102'
Driver info: com.kms.katalon.core.webui.driver.firefox.CFirefoxDriver47
Capabilities [{applicationCacheEnabled=true, rotatable=false, handlesAlerts=true, databaseEnabled=true, version=56.0, platform=WINDOWS, nativeEvents=false, acceptSslCerts=true, webStorageEnabled=true, locationContextEnabled=true, browserName=firefox, takesScreenshot=true, javascriptEnabled=true, cssSelectorsEnabled=true}]
Session ID: 6e22ca1f-44d3-457f-994f-8f2543d3e880)

2017-11-20 15:36:45 - [MESSAGE][FAILED] - Unable to set text '456' of object 'Object Repository/Rental/Rental_SplitTenderDetails/SplitTender.LineCVV' (Root cause: org.openqa.selenium.InvalidElementStateException: Element must be user-editable in order to clear it.
Command duration or timeout: 39 milliseconds
Build info: version: 'unknown', revision: 'unknown', time: 'unknown'
System info: host: 'ANIL110', ip: '192.168.25.228', os.name: 'Windows 7', os.arch: 'amd64', os.version: '6.1', java.version: '1.8.0_102'
Driver info: com.kms.katalon.core.webui.driver.firefox.CFirefoxDriver47
Capabilities [{applicationCacheEnabled=true, rotatable=false, handlesAlerts=true, databaseEnabled=true, version=56.0, platform=WINDOWS, nativeEvents=false, acceptSslCerts=true, webStorageEnabled=true, locationContextEnabled=true, browserName=firefox, takesScreenshot=true, javascriptEnabled=true, cssSelectorsEnabled=true}]
Session ID: 6e22ca1f-44d3-457f-994f-8f2543d3e880)
[[ATTACHMENT|C:\\Users\\agawhande\\git\\CreditCard\\Reports\\CC_RentalInvoicewithSplitTenderTestSuite\\20171120_153117\\1511172405368.png]]

2017-11-20 15:36:45 - [TEST_STEP][PASSED] - scrollToElement: Scroll to object 'Object Repository/Rental/Rental_SplitTenderDetails/SplitTender.LineOrderAmount1' successfully

2017-11-20 15:36:45 - [MESSAGE][PASSED] - Scroll to object 'Object Repository/Rental/Rental_SplitTenderDetails/SplitTender.LineOrderAmount1' successfully

2017-11-20 15:36:45 - [TEST_STEP][PASSED] - delay: Delayed 5 second(s)

2017-11-20 15:36:50 - [MESSAGE][PASSED] - Delayed 5 second(s)

2017-11-20 15:36:50 - [TEST_STEP][PASSED] - click: Object: 'Object Repository/Rental/Rental_SplitTenderDetails/SplitTender.LineOrderAmount1' is clicked on

2017-11-20 15:36:51 - [MESSAGE][PASSED] - Object: 'Object Repository/Rental/Rental_SplitTenderDetails/SplitTender.LineOrderAmount1' is clicked on

2017-11-20 15:36:51 - [TEST_STEP][PASSED] - delay: Delayed 3 second(s)

2017-11-20 15:36:54 - [MESSAGE][PASSED] - Delayed 3 second(s)

2017-11-20 15:36:54 - [TEST_STEP][PASSED] - setText: Text '1.00' is set on object 'Object Repository/Rental/Rental_SplitTenderDetails/SplitTender.LineOrderAmount1'

2017-11-20 15:36:54 - [MESSAGE][PASSED] - Text '1.00' is set on object 'Object Repository/Rental/Rental_SplitTenderDetails/SplitTender.LineOrderAmount1'

2017-11-20 15:36:54 - [TEST_STEP][PASSED] - delay: Delayed 2 second(s)

2017-11-20 15:36:56 - [MESSAGE][PASSED] - Delayed 2 second(s)

2017-11-20 15:36:56 - [TEST_STEP][PASSED] - comment: ***********************Line2 started***********************

2017-11-20 15:36:56 - [TEST_STEP][PASSED] - click: Object: 'Object Repository/Rental/Rental_SplitTenderDetails/SplitTender.NewButton' is clicked on

2017-11-20 15:36:56 - [MESSAGE][PASSED] - Object: 'Object Repository/Rental/Rental_SplitTenderDetails/SplitTender.NewButton' is clicked on

2017-11-20 15:36:56 - [TEST_STEP][PASSED] - delay: Delayed 2 second(s)

2017-11-20 15:36:58 - [MESSAGE][PASSED] - Delayed 2 second(s)

2017-11-20 15:36:58 - [TEST_STEP][PASSED] - doubleClick: Object: 'Object Repository/Rental/Rental_SplitTenderDetails/SplitTender.ModeofPayment1' is double clicked on

2017-11-20 15:36:59 - [MESSAGE][PASSED] - Object: 'Object Repository/Rental/Rental_SplitTenderDetails/SplitTender.ModeofPayment1' is double clicked on

2017-11-20 15:36:59 - [TEST_STEP][PASSED] - click: Object: 'Object Repository/Rental/Rental_SplitTenderDetails/SplitTender.ModeOfPaymentCreditCard2' is clicked on

2017-11-20 15:36:59 - [MESSAGE][PASSED] - Object: 'Object Repository/Rental/Rental_SplitTenderDetails/SplitTender.ModeOfPaymentCreditCard2' is clicked on

2017-11-20 15:36:59 - [TEST_STEP][PASSED] - delay: Delayed 3 second(s)

2017-11-20 15:37:02 - [MESSAGE][PASSED] - Delayed 3 second(s)

2017-11-20 15:37:02 - [TEST_STEP][PASSED] - click: Object: 'Object Repository/Rental/Rental_SplitTenderDetails/SplitTender.Line2CCNo' is clicked on

2017-11-20 15:37:03 - [MESSAGE][PASSED] - Object: 'Object Repository/Rental/Rental_SplitTenderDetails/SplitTender.Line2CCNo' is clicked on

2017-11-20 15:37:03 - [TEST_STEP][PASSED] - delay: Delayed 2 second(s)

2017-11-20 15:37:05 - [MESSAGE][PASSED] - Delayed 2 second(s)

2017-11-20 15:37:05 - [TEST_STEP][PASSED] - setText: Text '4111123400062020' is set on object 'Object Repository/Rental/Rental_SplitTenderDetails/SplitTender.Line2CCNo'

2017-11-20 15:37:05 - [MESSAGE][PASSED] - Text '4111123400062020' is set on object 'Object Repository/Rental/Rental_SplitTenderDetails/SplitTender.Line2CCNo'

2017-11-20 15:37:05 - [TEST_STEP][PASSED] - delay: Delayed 2 second(s)

2017-11-20 15:37:07 - [MESSAGE][PASSED] - Delayed 2 second(s)

2017-11-20 15:37:07 - [TEST_STEP][PASSED] - click: Object: 'Object Repository/Rental/Rental_SplitTenderDetails/SplitTender.Line2CVV' is clicked on

2017-11-20 15:37:07 - [MESSAGE][PASSED] - Object: 'Object Repository/Rental/Rental_SplitTenderDetails/SplitTender.Line2CVV' is clicked on

2017-11-20 15:37:07 - [TEST_STEP][PASSED] - delay: Delayed 3 second(s)

2017-11-20 15:37:10 - [MESSAGE][PASSED] - Delayed 3 second(s)

2017-11-20 15:37:10 - [TEST_STEP][PASSED] - setText: Text '456' is set on object 'Object Repository/Rental/Rental_SplitTenderDetails/SplitTender.Line2CVV'

2017-11-20 15:37:11 - [MESSAGE][PASSED] - Text '456' is set on object 'Object Repository/Rental/Rental_SplitTenderDetails/SplitTender.Line2CVV'

2017-11-20 15:37:11 - [TEST_STEP][PASSED] - delay: Delayed 3 second(s)

2017-11-20 15:37:14 - [MESSAGE][PASSED] - Delayed 3 second(s)

2017-11-20 15:37:14 - [TEST_STEP][PASSED] - click: Object: 'Object Repository/Rental/Rental_SplitTenderDetails/SplitTender.CardTypeLine2' is clicked on

2017-11-20 15:37:14 - [MESSAGE][PASSED] - Object: 'Object Repository/Rental/Rental_SplitTenderDetails/SplitTender.CardTypeLine2' is clicked on

2017-11-20 15:37:14 - [TEST_STEP][PASSED] - delay: Delayed 5 second(s)

2017-11-20 15:37:19 - [MESSAGE][PASSED] - Delayed 5 second(s)

2017-11-20 15:37:19 - [TEST_STEP][PASSED] - sendKeys: Keys 'Visa' sent to object: 'Object Repository/Rental/Rental_SplitTenderDetails/SplitTender.CardTypeLine2'

2017-11-20 15:37:19 - [MESSAGE][PASSED] - Keys 'Visa' sent to object: 'Object Repository/Rental/Rental_SplitTenderDetails/SplitTender.CardTypeLine2'

2017-11-20 15:37:19 - [TEST_STEP][PASSED] - delay: Delayed 5 second(s)

2017-11-20 15:37:24 - [MESSAGE][PASSED] - Delayed 5 second(s)

2017-11-20 15:37:24 - [TEST_STEP][PASSED] - click: Object: 'Object Repository/Rental/Rental_SplitTenderDetails/SplitTender.ExpiryMonthLine2' is clicked on

2017-11-20 15:37:25 - [MESSAGE][PASSED] - Object: 'Object Repository/Rental/Rental_SplitTenderDetails/SplitTender.ExpiryMonthLine2' is clicked on

2017-11-20 15:37:25 - [TEST_STEP][PASSED] - delay: Delayed 3 second(s)

2017-11-20 15:37:28 - [MESSAGE][PASSED] - Delayed 3 second(s)

2017-11-20 15:37:28 - [TEST_STEP][PASSED] - setText: Text '09' is set on object 'Object Repository/Rental/Rental_SplitTenderDetails/SplitTender.ExpiryMonthLine2'

2017-11-20 15:37:28 - [MESSAGE][PASSED] - Text '09' is set on object 'Object Repository/Rental/Rental_SplitTenderDetails/SplitTender.ExpiryMonthLine2'

2017-11-20 15:37:28 - [TEST_STEP][PASSED] - delay: Delayed 2 second(s)

2017-11-20 15:37:30 - [MESSAGE][PASSED] - Delayed 2 second(s)

2017-11-20 15:37:30 - [TEST_STEP][PASSED] - click: Object: 'Object Repository/Rental/Rental_SplitTenderDetails/SplitTender.ExpiryYearLine2' is clicked on

2017-11-20 15:37:30 - [MESSAGE][PASSED] - Object: 'Object Repository/Rental/Rental_SplitTenderDetails/SplitTender.ExpiryYearLine2' is clicked on

2017-11-20 15:37:30 - [TEST_STEP][PASSED] - delay: Delayed 2 second(s)

2017-11-20 15:37:32 - [MESSAGE][PASSED] - Delayed 2 second(s)

2017-11-20 15:37:32 - [TEST_STEP][PASSED] - setText: Text '99' is set on object 'Object Repository/Rental/Rental_SplitTenderDetails/SplitTender.ExpiryYearLine2'

2017-11-20 15:37:33 - [MESSAGE][PASSED] - Text '99' is set on object 'Object Repository/Rental/Rental_SplitTenderDetails/SplitTender.ExpiryYearLine2'

2017-11-20 15:37:33 - [TEST_STEP][PASSED] - delay: Delayed 3 second(s)

2017-11-20 15:37:36 - [MESSAGE][PASSED] - Delayed 3 second(s)

2017-11-20 15:37:36 - [TEST_STEP][PASSED] - scrollToElement: Scroll to object 'Object Repository/Rental/Rental_SplitTenderDetails/SplitTender.LineOrderAmount2' successfully

2017-11-20 15:37:36 - [MESSAGE][PASSED] - Scroll to object 'Object Repository/Rental/Rental_SplitTenderDetails/SplitTender.LineOrderAmount2' successfully

2017-11-20 15:37:36 - [TEST_STEP][PASSED] - delay: Delayed 2 second(s)

2017-11-20 15:37:38 - [MESSAGE][PASSED] - Delayed 2 second(s)

2017-11-20 15:37:38 - [TEST_STEP][PASSED] - click: Object: 'Object Repository/Rental/Rental_SplitTenderDetails/SplitTender.LineOrderAmount2' is clicked on

2017-11-20 15:37:38 - [MESSAGE][PASSED] - Object: 'Object Repository/Rental/Rental_SplitTenderDetails/SplitTender.LineOrderAmount2' is clicked on

2017-11-20 15:37:38 - [TEST_STEP][PASSED] - delay: Delayed 2 second(s)

2017-11-20 15:37:40 - [MESSAGE][PASSED] - Delayed 2 second(s)

2017-11-20 15:37:40 - [TEST_STEP][PASSED] - setText: Text '1.00' is set on object 'Object Repository/Rental/Rental_SplitTenderDetails/SplitTender.LineOrderAmount2'

2017-11-20 15:37:40 - [MESSAGE][PASSED] - Text '1.00' is set on object 'Object Repository/Rental/Rental_SplitTenderDetails/SplitTender.LineOrderAmount2'

2017-11-20 15:37:40 - [TEST_STEP][PASSED] - delay: Delayed 2 second(s)

2017-11-20 15:37:42 - [MESSAGE][PASSED] - Delayed 2 second(s)

2017-11-20 15:37:42 - [TEST_STEP][PASSED] - comment: ***********************Line3 started***********************

2017-11-20 15:37:42 - [TEST_STEP][PASSED] - click: Object: 'Object Repository/Rental/Rental_SplitTenderDetails/SplitTender.NewButton' is clicked on

2017-11-20 15:37:43 - [MESSAGE][PASSED] - Object: 'Object Repository/Rental/Rental_SplitTenderDetails/SplitTender.NewButton' is clicked on

2017-11-20 15:37:43 - [TEST_STEP][PASSED] - delay: Delayed 3 second(s)

2017-11-20 15:37:46 - [MESSAGE][PASSED] - Delayed 3 second(s)

2017-11-20 15:37:46 - [TEST_STEP][PASSED] - doubleClick: Object: 'Object Repository/Rental/Rental_SplitTenderDetails/SplitTender.ModeofPayment2' is double clicked on

2017-11-20 15:37:46 - [MESSAGE][PASSED] - Object: 'Object Repository/Rental/Rental_SplitTenderDetails/SplitTender.ModeofPayment2' is double clicked on

2017-11-20 15:37:46 - [TEST_STEP][PASSED] - delay: Delayed 5 second(s)

2017-11-20 15:37:51 - [MESSAGE][PASSED] - Delayed 5 second(s)

2017-11-20 15:37:51 - [TEST_STEP][NOT_RUN] - click: NOT_RUN: click

2017-11-20 15:37:51 - [MESSAGE][NOT_RUN] - NOT_RUN: click

2017-11-20 15:37:51 - [TEST_STEP][PASSED] - click: Object: 'Object Repository/Rental/Rental_SplitTenderDetails/SplitTender.ModeOfPaymentCash' is clicked on

2017-11-20 15:37:52 - [MESSAGE][PASSED] - Object: 'Object Repository/Rental/Rental_SplitTenderDetails/SplitTender.ModeOfPaymentCash' is clicked on

2017-11-20 15:37:52 - [TEST_STEP][PASSED] - delay: Delayed 10 second(s)

2017-11-20 15:38:02 - [MESSAGE][PASSED] - Delayed 10 second(s)

2017-11-20 15:38:02 - [TEST_STEP][NOT_RUN] - scrollToElement: NOT_RUN: scrollToElement

2017-11-20 15:38:02 - [MESSAGE][NOT_RUN] - NOT_RUN: scrollToElement

2017-11-20 15:38:02 - [TEST_STEP][PASSED] - click: Object: 'Object Repository/Rental/Rental_SplitTenderDetails/SplitTender.LineOrderAmount3' is clicked on

2017-11-20 15:38:02 - [MESSAGE][PASSED] - Object: 'Object Repository/Rental/Rental_SplitTenderDetails/SplitTender.LineOrderAmount3' is clicked on

2017-11-20 15:38:02 - [TEST_STEP][PASSED] - delay: Delayed 2 second(s)

2017-11-20 15:38:04 - [MESSAGE][PASSED] - Delayed 2 second(s)

2017-11-20 15:38:04 - [TEST_STEP][PASSED] - setText: Text '108.0' is set on object 'Object Repository/Rental/Rental_SplitTenderDetails/SplitTender.LineOrderAmount3'

2017-11-20 15:38:04 - [MESSAGE][PASSED] - Text '108.0' is set on object 'Object Repository/Rental/Rental_SplitTenderDetails/SplitTender.LineOrderAmount3'

2017-11-20 15:38:04 - [TEST_STEP][PASSED] - delay: Delayed 2 second(s)

2017-11-20 15:38:06 - [MESSAGE][PASSED] - Delayed 2 second(s)

2017-11-20 15:38:06 - [TEST_STEP][FAILED] - click: Unable to click on object 'Object Repository/Rental/Rental_SplitTenderDetails/SplitTender.Save' (Root cause: com.kms.katalon.core.webui.exception.WebElementNotFoundException: Web element with id: 'Object Repository/Rental/Rental_SplitTenderDetails/SplitTender.Save' located by 'By.xpath: //*[@id = 'xiext8105m000-4-button-std-file.save']' not found)

2017-11-20 15:38:39 - [MESSAGE][FAILED] - Unable to click on object 'Object Repository/Rental/Rental_SplitTenderDetails/SplitTender.Save' (Root cause: com.kms.katalon.core.webui.exception.WebElementNotFoundException: Web element with id: 'Object Repository/Rental/Rental_SplitTenderDetails/SplitTender.Save' located by 'By.xpath: //*[@id = 'xiext8105m000-4-button-std-file.save']' not found)
[[ATTACHMENT|C:\\Users\\agawhande\\git\\CreditCard\\Reports\\CC_RentalInvoicewithSplitTenderTestSuite\\20171120_153117\\1511172519528.png]]

2017-11-20 15:38:39 - [TEST_STEP][PASSED] - delay: Delayed 3 second(s)

2017-11-20 15:38:42 - [MESSAGE][PASSED] - Delayed 3 second(s)

2017-11-20 15:38:42 - [TEST_STEP][PASSED] - click: Object: 'Object Repository/Rental/Rental_SplitTenderDetails/SplitTender.Action' is clicked on

2017-11-20 15:38:43 - [MESSAGE][PASSED] - Object: 'Object Repository/Rental/Rental_SplitTenderDetails/SplitTender.Action' is clicked on

2017-11-20 15:38:43 - [TEST_STEP][PASSED] - delay: Delayed 2 second(s)

2017-11-20 15:38:45 - [MESSAGE][PASSED] - Delayed 2 second(s)

2017-11-20 15:38:45 - [TEST_STEP][PASSED] - click: Object: 'Object Repository/Rental/Rental_SplitTenderDetails/SplitTender.ApplyTax' is clicked on

2017-11-20 15:38:45 - [MESSAGE][PASSED] - Object: 'Object Repository/Rental/Rental_SplitTenderDetails/SplitTender.ApplyTax' is clicked on

2017-11-20 15:38:45 - [TEST_STEP][PASSED] - delay: Delayed 2 second(s)

2017-11-20 15:38:47 - [MESSAGE][PASSED] - Delayed 2 second(s)

2017-11-20 15:38:47 - [TEST_STEP][PASSED] - Statement - G_SplitInvoiceAmt1 = com.kms.katalon.core.webui.keyword.WebUiBuiltInKeywords.getText(com.kms.katalon.core.testobject.ObjectRepository.findTestObject(Rental/Rental_SplitTenderDetails/SplitTender.InvoiceAmt1)): Text of object 'Object Repository/Rental/Rental_SplitTenderDetails/SplitTender.InvoiceAmt1' is: '1.00'

2017-11-20 15:38:47 - [MESSAGE][PASSED] - Text of object 'Object Repository/Rental/Rental_SplitTenderDetails/SplitTender.InvoiceAmt1' is: '1.00'

2017-11-20 15:38:47 - [TEST_STEP][PASSED] - Statement - G_SplitInvoiceAmt2 = com.kms.katalon.core.webui.keyword.WebUiBuiltInKeywords.getText(com.kms.katalon.core.testobject.ObjectRepository.findTestObject(Rental/Rental_SplitTenderDetails/SplitTender.InvoiceAmt2)): Text of object 'Object Repository/Rental/Rental_SplitTenderDetails/SplitTender.InvoiceAmt2' is: '108.00'

2017-11-20 15:38:47 - [MESSAGE][PASSED] - Text of object 'Object Repository/Rental/Rental_SplitTenderDetails/SplitTender.InvoiceAmt2' is: '108.00'

2017-11-20 15:38:47 - [TEST_STEP][PASSED] - click: Object: 'Object Repository/Rental/Rental_SplitTenderDetails/SplitTender.SaveClose' is clicked on

2017-11-20 15:38:48 - [MESSAGE][PASSED] - Object: 'Object Repository/Rental/Rental_SplitTenderDetails/SplitTender.SaveClose' is clicked on

2017-11-20 15:38:48 - [TEST_STEP][PASSED] - delay: Delayed 2 second(s)

2017-11-20 15:38:50 - [MESSAGE][PASSED] - Delayed 2 second(s)

2017-11-20 15:38:50 - [TEST_STEP][PASSED] - click: Object: 'Object Repository/Rental/Rental_SplitTenderDetails/SplitTender.CCProcess' is clicked on

2017-11-20 15:38:50 - [MESSAGE][PASSED] - Object: 'Object Repository/Rental/Rental_SplitTenderDetails/SplitTender.CCProcess' is clicked on

2017-11-20 15:38:50 - [TEST_STEP][PASSED] - delay: Delayed 13 second(s)

2017-11-20 15:39:03 - [MESSAGE][PASSED] - Delayed 13 second(s)

2017-11-20 15:39:03 - [TEST_STEP][PASSED] - click: Object: 'Object Repository/Rental/Rental_SplitTenderDetails/SplitTender.PrintDevice' is clicked on

2017-11-20 15:39:11 - [MESSAGE][PASSED] - Object: 'Object Repository/Rental/Rental_SplitTenderDetails/SplitTender.PrintDevice' is clicked on

2017-11-20 15:39:11 - [TEST_STEP][PASSED] - delay: Delayed 10 second(s)

2017-11-20 15:39:21 - [MESSAGE][PASSED] - Delayed 10 second(s)

2017-11-20 15:39:21 - [TEST_STEP][PASSED] - click: Object: 'Object Repository/Rental/Rental_SplitTenderDetails/SplitTender.PrintOK' is clicked on

2017-11-20 15:39:22 - [MESSAGE][PASSED] - Object: 'Object Repository/Rental/Rental_SplitTenderDetails/SplitTender.PrintOK' is clicked on

2017-11-20 15:39:22 - [TEST_STEP][PASSED] - delay: Delayed 5 second(s)

2017-11-20 15:39:27 - [MESSAGE][PASSED] - Delayed 5 second(s)

2017-11-20 15:39:27 - [TEST_STEP][PASSED] - click: Object: 'Object Repository/Rental/Rental_SplitTenderDetails/SplitTender.CloseRentalInvocieSession' is clicked on

2017-11-20 15:39:27 - [MESSAGE][PASSED] - Object: 'Object Repository/Rental/Rental_SplitTenderDetails/SplitTender.CloseRentalInvocieSession' is clicked on

2017-11-20 15:39:27 - [TEST_STEP][PASSED] - delay: Delayed 5 second(s)

2017-11-20 15:39:32 - [MESSAGE][PASSED] - Delayed 5 second(s)

2017-11-20 15:39:32 - [TEST_STEP][PASSED] - closeBrowser: Browser is closed

2017-11-20 15:39:33 - [MESSAGE][PASSED] - Browser is closed

2017-11-20 15:39:33 - [MESSAGE][FAILED] - Unable to call Test Case with id 'Test Cases/Rental/Base_RentalContract/Base_CreateRentalInvoicewithSpitTenderDetails_SplitTender' (Root cause: Call Test Case 'Test Cases/Rental/Base_RentalContract/Base_CreateRentalInvoicewithSpitTenderDetails_SplitTender' failed)]]></system-out>
         <system-err><![CDATA[2017-11-20 15:31:26 - [TEST_CASE][FAILED] - Test Cases/Rental/Base_RentalContract/CreditCardRegression/TC004_RentalContractInvoice_SplitTender: Test Cases/Rental/Base_RentalContract/CreditCardRegression/TC004_RentalContractInvoice_SplitTender FAILED because (of) Unable to set text '456' of object 'Object Repository/Rental/Rental_SplitTenderDetails/SplitTender.LineCVV' (Root cause: org.openqa.selenium.InvalidElementStateException: Element must be user-editable in order to clear it.
Command duration or timeout: 39 milliseconds
Build info: version: 'unknown', revision: 'unknown', time: 'unknown'
System info: host: 'ANIL110', ip: '192.168.25.228', os.name: 'Windows 7', os.arch: 'amd64', os.version: '6.1', java.version: '1.8.0_102'
Driver info: com.kms.katalon.core.webui.driver.firefox.CFirefoxDriver47
Capabilities [{applicationCacheEnabled=true, rotatable=false, handlesAlerts=true, databaseEnabled=true, version=56.0, platform=WINDOWS, nativeEvents=false, acceptSslCerts=true, webStorageEnabled=true, locationContextEnabled=true, browserName=firefox, takesScreenshot=true, javascriptEnabled=true, cssSelectorsEnabled=true}]
Session ID: 6e22ca1f-44d3-457f-994f-8f2543d3e880)]]></system-err>
      </testcase>
      <system-out><![CDATA[2017-11-20 15:31:26 - [TEST_SUITE][FAILED] - CC_RentalInvoicewithSplitTenderTestSuite: Test Cases/Rental/Base_RentalContract/CreditCardRegression/TC004_RentalContractInvoice_SplitTender FAILED because (of) Unable to set text '456' of object 'Object Repository/Rental/Rental_SplitTenderDetails/SplitTender.LineCVV' (Root cause: org.openqa.selenium.InvalidElementStateException: Element must be user-editable in order to clear it.
Command duration or timeout: 39 milliseconds
Build info: version: 'unknown', revision: 'unknown', time: 'unknown'
System info: host: 'ANIL110', ip: '192.168.25.228', os.name: 'Windows 7', os.arch: 'amd64', os.version: '6.1', java.version: '1.8.0_102'
Driver info: com.kms.katalon.core.webui.driver.firefox.CFirefoxDriver47
Capabilities [{applicationCacheEnabled=true, rotatable=false, handlesAlerts=true, databaseEnabled=true, version=56.0, platform=WINDOWS, nativeEvents=false, acceptSslCerts=true, webStorageEnabled=true, locationContextEnabled=true, browserName=firefox, takesScreenshot=true, javascriptEnabled=true, cssSelectorsEnabled=true}]
Session ID: 6e22ca1f-44d3-457f-994f-8f2543d3e880)]]></system-out>
      <system-err><![CDATA[2017-11-20 15:31:26 - [TEST_SUITE][FAILED] - CC_RentalInvoicewithSplitTenderTestSuite: Test Cases/Rental/Base_RentalContract/CreditCardRegression/TC004_RentalContractInvoice_SplitTender FAILED because (of) Unable to set text '456' of object 'Object Repository/Rental/Rental_SplitTenderDetails/SplitTender.LineCVV' (Root cause: org.openqa.selenium.InvalidElementStateException: Element must be user-editable in order to clear it.
Command duration or timeout: 39 milliseconds
Build info: version: 'unknown', revision: 'unknown', time: 'unknown'
System info: host: 'ANIL110', ip: '192.168.25.228', os.name: 'Windows 7', os.arch: 'amd64', os.version: '6.1', java.version: '1.8.0_102'
Driver info: com.kms.katalon.core.webui.driver.firefox.CFirefoxDriver47
Capabilities [{applicationCacheEnabled=true, rotatable=false, handlesAlerts=true, databaseEnabled=true, version=56.0, platform=WINDOWS, nativeEvents=false, acceptSslCerts=true, webStorageEnabled=true, locationContextEnabled=true, browserName=firefox, takesScreenshot=true, javascriptEnabled=true, cssSelectorsEnabled=true}]
Session ID: 6e22ca1f-44d3-457f-994f-8f2543d3e880)]]></system-err>
   </testsuite>
</testsuites>
