<?xml version="1.0" encoding="UTF-8"?>
<testsuites name="CC_RentalInvoicewithSplitTenderTestSuite" time="591" tests="0" failures="1" errors="0">
   <testsuite name="CC_RentalInvoicewithSplitTenderTestSuite" tests="0" failures="1" errors="0" time="591" timestamp="2017-11-16 16:03:25" hostname="agawhande - ANIL110.e-emphasys.com" id="Test Suites/CC_RentalInvoicewithSplitTenderTestSuite">
      <properties>
         <property name="deviceName" value=""/>
         <property name="devicePlatform" value=""/>
         <property name="logFolder" value="C:\\Users\\agawhande\\git\\CreditCard\\Reports\\CC_RentalInvoicewithSplitTenderTestSuite\\20171116_160316"/>
         <property name="logFiles" value="C:\\Users\\agawhande\\git\\CreditCard\\Reports\\CC_RentalInvoicewithSplitTenderTestSuite\\20171116_160316\\execution0.log"/>
         <property name="attachments" value="C:\\Users\\agawhande\\git\\CreditCard\\Reports\\CC_RentalInvoicewithSplitTenderTestSuite\\20171116_160316\\1510828833136.png, C:\\Users\\agawhande\\git\\CreditCard\\Reports\\CC_RentalInvoicewithSplitTenderTestSuite\\20171116_160316\\1510828881406.png, C:\\Users\\agawhande\\git\\CreditCard\\Reports\\CC_RentalInvoicewithSplitTenderTestSuite\\20171116_160316\\1510828889592.png, C:\\Users\\agawhande\\git\\CreditCard\\Reports\\CC_RentalInvoicewithSplitTenderTestSuite\\20171116_160316\\1510828891934.png, C:\\Users\\agawhande\\git\\CreditCard\\Reports\\CC_RentalInvoicewithSplitTenderTestSuite\\20171116_160316\\1510828938914.png, C:\\Users\\agawhande\\git\\CreditCard\\Reports\\CC_RentalInvoicewithSplitTenderTestSuite\\20171116_160316\\1510828982714.png"/>
         <property name="hostName" value="agawhande - ANIL110.e-emphasys.com"/>
         <property name="os" value="Windows 7 64bit"/>
         <property name="katalonVersion" value="4.8.0.2"/>
         <property name="browser" value="Firefox 56.0"/>
         <property name="hostAddress" value="192.168.25.228"/>
         <property name="sessionId" value="3d135534-05a7-4881-9250-cb2faa966830"/>
         <property name="seleniumVersion" value="unknown"/>
         <property name="proxyInformation" value="ProxyInformation{proxyOption=NO_PROXY, proxyServerType=, password=, proxyServerAddress=, proxyServerPort=0}"/>
         <property name="platform" value="Windows 7"/>
      </properties>
      <testcase name="Test Cases/Rental/Base_RentalContract/CreditCardRegression/TC004_RentalContractInvoice_SplitTender - Iteration 1" classname="Test Cases/Rental/Base_RentalContract/CreditCardRegression/TC004_RentalContractInvoice_SplitTender" status="FAILED">
         <failure type="FAILED" message="Test Cases/Rental/Base_RentalContract/CreditCardRegression/TC004_RentalContractInvoice_SplitTender FAILED because (of) Unable to click on object 'Object Repository/Rental/Rental_SplitTenderDetails/SplitTender.ModeOfPaymentCash' (Root cause: com.kms.katalon.core.webui.exception.WebElementNotFoundException: Web element with id: 'Object Repository/Rental/Rental_SplitTenderDetails/SplitTender.ModeOfPaymentCash' located by 'By.xpath: //*[@id = 'item_1-label']' not found)"/>
         <system-out><![CDATA[2017-11-16 16:03:26 - [TEST_CASE][FAILED] - Test Cases/Rental/Base_RentalContract/CreditCardRegression/TC004_RentalContractInvoice_SplitTender - Iteration 1: Test Cases/Rental/Base_RentalContract/CreditCardRegression/TC004_RentalContractInvoice_SplitTender FAILED because (of) Unable to click on object 'Object Repository/Rental/Rental_SplitTenderDetails/SplitTender.ModeOfPaymentCash' (Root cause: com.kms.katalon.core.webui.exception.WebElementNotFoundException: Web element with id: 'Object Repository/Rental/Rental_SplitTenderDetails/SplitTender.ModeOfPaymentCash' located by 'By.xpath: //*[@id = 'item_1-label']' not found)

2017-11-16 16:03:27 - [TEST_STEP][PASSED] - callTestCase: Call Test Case 'Test Cases/Equipment/Base_EquipmentPurchase/EPO_CreateNrecieve' successfully

2017-11-16 16:03:27 - [TEST_CASE][PASSED] - Test Cases/Equipment/Base_EquipmentPurchase/EPO_CreateNrecieve: Test Cases/Equipment/Base_EquipmentPurchase/EPO_CreateNrecieve

2017-11-16 16:03:27 - [TEST_STEP][PASSED] - callTestCase: Call Test Case 'Test Cases/Equipment/Base_EquipmentPurchase/Base_EPO_CreateHeaderNline' successfully

2017-11-16 16:03:27 - [TEST_CASE][PASSED] - Test Cases/Equipment/Base_EquipmentPurchase/Base_EPO_CreateHeaderNline: Test Cases/Equipment/Base_EquipmentPurchase/Base_EPO_CreateHeaderNline

2017-11-16 16:03:27 - [TEST_STEP][PASSED] - callTestCase: Call Test Case 'Test Cases/Common/Base_Common_OpenSession' successfully

2017-11-16 16:03:27 - [TEST_CASE][PASSED] - Test Cases/Common/Base_Common_OpenSession: Test Cases/Common/Base_Common_OpenSession

2017-11-16 16:03:28 - [TEST_STEP][PASSED] - openBrowser: Browser is opened with url: 'https://rgajbhiye:Robin$123@proxima-ln4.e-emphasys.com:8441/webui/servlet/login'

2017-11-16 16:03:48 - [MESSAGE][PASSED] - Browser is opened with url: 'https://rgajbhiye:Robin$123@proxima-ln4.e-emphasys.com:8441/webui/servlet/login'

2017-11-16 16:03:48 - [TEST_STEP][PASSED] - waitForPageLoad: Wait for page load successfully

2017-11-16 16:03:48 - [MESSAGE][PASSED] - Wait for page load successfully

2017-11-16 16:03:48 - [TEST_STEP][PASSED] - maximizeWindow: Current window maximized

2017-11-16 16:03:48 - [MESSAGE][PASSED] - Current window maximized

2017-11-16 16:03:48 - [TEST_STEP][PASSED] - click: Object: 'Object Repository/Common/HomePage/HomePage_more' is clicked on

2017-11-16 16:03:50 - [MESSAGE][PASSED] - Object: 'Object Repository/Common/HomePage/HomePage_more' is clicked on

2017-11-16 16:03:50 - [TEST_STEP][PASSED] - click: Object: 'Object Repository/Common/HomePage/HomePage_Option' is clicked on

2017-11-16 16:03:51 - [MESSAGE][PASSED] - Object: 'Object Repository/Common/HomePage/HomePage_Option' is clicked on

2017-11-16 16:03:51 - [TEST_STEP][PASSED] - click: Object: 'Object Repository/Common/HomePage/HomePage_RunProgram_' is clicked on

2017-11-16 16:03:51 - [MESSAGE][PASSED] - Object: 'Object Repository/Common/HomePage/HomePage_RunProgram_' is clicked on

2017-11-16 16:03:51 - [TEST_STEP][PASSED] - sendKeys: Keys 'tdext8150s000' sent to object: 'Object Repository/Common/HomePage/HomePage_Session_ID'

2017-11-16 16:03:51 - [MESSAGE][PASSED] - Keys 'tdext8150s000' sent to object: 'Object Repository/Common/HomePage/HomePage_Session_ID'

2017-11-16 16:03:51 - [TEST_STEP][PASSED] - click: Object: 'Object Repository/Common/HomePage/HomePage_OkButton' is clicked on

2017-11-16 16:03:52 - [MESSAGE][PASSED] - Object: 'Object Repository/Common/HomePage/HomePage_OkButton' is clicked on

2017-11-16 16:03:52 - [MESSAGE][PASSED] - Call Test Case 'Test Cases/Common/Base_Common_OpenSession' successfully

2017-11-16 16:03:52 - [TEST_STEP][PASSED] - waitForElementPresent: Object 'Object Repository/Equipment/EquipmentPurchase/EPO_Header/EPO_Header_New' is present

2017-11-16 16:03:56 - [MESSAGE][PASSED] - Object 'Object Repository/Equipment/EquipmentPurchase/EPO_Header/EPO_Header_New' is present

2017-11-16 16:03:56 - [TEST_STEP][PASSED] - click: Object: 'Object Repository/Equipment/EquipmentPurchase/EPO_Header/EPO_Header_New' is clicked on

2017-11-16 16:03:56 - [MESSAGE][PASSED] - Object: 'Object Repository/Equipment/EquipmentPurchase/EPO_Header/EPO_Header_New' is clicked on

2017-11-16 16:03:56 - [TEST_STEP][PASSED] - click: Object: 'Object Repository/Equipment/EquipmentPurchase/EPO_Header/EPO_Header_Customer' is clicked on

2017-11-16 16:03:56 - [MESSAGE][PASSED] - Object: 'Object Repository/Equipment/EquipmentPurchase/EPO_Header/EPO_Header_Customer' is clicked on

2017-11-16 16:03:56 - [TEST_STEP][PASSED] - setText: Text 'M00000010' is set on object 'Object Repository/Equipment/EquipmentPurchase/EPO_Header/EPO_Header_Customer'

2017-11-16 16:03:56 - [MESSAGE][PASSED] - Text 'M00000010' is set on object 'Object Repository/Equipment/EquipmentPurchase/EPO_Header/EPO_Header_Customer'

2017-11-16 16:03:56 - [TEST_STEP][PASSED] - click: Object: 'Object Repository/Equipment/EquipmentPurchase/EPO_Header/EPO_Header_Save' is clicked on

2017-11-16 16:03:57 - [MESSAGE][PASSED] - Object: 'Object Repository/Equipment/EquipmentPurchase/EPO_Header/EPO_Header_Save' is clicked on

2017-11-16 16:03:57 - [TEST_STEP][PASSED] - delay: Delayed 5 second(s)

2017-11-16 16:04:02 - [MESSAGE][PASSED] - Delayed 5 second(s)

2017-11-16 16:04:02 - [TEST_STEP][PASSED] - click: Object: 'Object Repository/Equipment/EquipmentPurchase/EPO_Header/EPO_Header_Action' is clicked on

2017-11-16 16:04:02 - [MESSAGE][PASSED] - Object: 'Object Repository/Equipment/EquipmentPurchase/EPO_Header/EPO_Header_Action' is clicked on

2017-11-16 16:04:02 - [TEST_STEP][PASSED] - click: Object: 'Object Repository/Equipment/EquipmentPurchase/EPO_Header/EPO_Header_Action_OrderLines' is clicked on

2017-11-16 16:04:02 - [MESSAGE][PASSED] - Object: 'Object Repository/Equipment/EquipmentPurchase/EPO_Header/EPO_Header_Action_OrderLines' is clicked on

2017-11-16 16:04:02 - [TEST_STEP][PASSED] - waitForElementPresent: Object 'Object Repository/Equipment/EquipmentPurchase/EPO_Line/EPO_MultiLine_New' is present

2017-11-16 16:04:04 - [MESSAGE][PASSED] - Object 'Object Repository/Equipment/EquipmentPurchase/EPO_Line/EPO_MultiLine_New' is present

2017-11-16 16:04:04 - [TEST_STEP][PASSED] - click: Object: 'Object Repository/Equipment/EquipmentPurchase/EPO_Line/EPO_MultiLine_New' is clicked on

2017-11-16 16:04:04 - [MESSAGE][PASSED] - Object: 'Object Repository/Equipment/EquipmentPurchase/EPO_Line/EPO_MultiLine_New' is clicked on

2017-11-16 16:04:04 - [TEST_STEP][PASSED] - waitForElementPresent: Object 'Object Repository/Equipment/EquipmentPurchase/EPO_Line/EPO_Line_Model' is present

2017-11-16 16:04:05 - [MESSAGE][PASSED] - Object 'Object Repository/Equipment/EquipmentPurchase/EPO_Line/EPO_Line_Model' is present

2017-11-16 16:04:05 - [TEST_STEP][PASSED] - click: Object: 'Object Repository/Equipment/EquipmentPurchase/EPO_Line/EPO_Line_Model' is clicked on

2017-11-16 16:04:05 - [MESSAGE][PASSED] - Object: 'Object Repository/Equipment/EquipmentPurchase/EPO_Line/EPO_Line_Model' is clicked on

2017-11-16 16:04:05 - [TEST_STEP][PASSED] - delay: Delayed 2 second(s)

2017-11-16 16:04:07 - [MESSAGE][PASSED] - Delayed 2 second(s)

2017-11-16 16:04:07 - [TEST_STEP][PASSED] - setText: Text '1032' is set on object 'Object Repository/Equipment/EquipmentPurchase/EPO_Line/EPO_Line_Model'

2017-11-16 16:04:07 - [MESSAGE][PASSED] - Text '1032' is set on object 'Object Repository/Equipment/EquipmentPurchase/EPO_Line/EPO_Line_Model'

2017-11-16 16:04:07 - [TEST_STEP][PASSED] - click: Object: 'Object Repository/Equipment/EquipmentPurchase/EPO_Line/EPO_Line_NeworUsed' is clicked on

2017-11-16 16:04:08 - [MESSAGE][PASSED] - Object: 'Object Repository/Equipment/EquipmentPurchase/EPO_Line/EPO_Line_NeworUsed' is clicked on

2017-11-16 16:04:08 - [TEST_STEP][PASSED] - click: Object: 'Object Repository/Equipment/EquipmentPurchase/EPO_Line/EPO_Line_NewEquipOption' is clicked on

2017-11-16 16:04:08 - [MESSAGE][PASSED] - Object: 'Object Repository/Equipment/EquipmentPurchase/EPO_Line/EPO_Line_NewEquipOption' is clicked on

2017-11-16 16:04:08 - [TEST_STEP][PASSED] - click: Object: 'Object Repository/Equipment/EquipmentPurchase/EPO_Line/EPO_Line_PlannedDate' is clicked on

2017-11-16 16:04:08 - [MESSAGE][PASSED] - Object: 'Object Repository/Equipment/EquipmentPurchase/EPO_Line/EPO_Line_PlannedDate' is clicked on

2017-11-16 16:04:08 - [TEST_STEP][PASSED] - delay: Delayed 2 second(s)

2017-11-16 16:04:10 - [MESSAGE][PASSED] - Delayed 2 second(s)

2017-11-16 16:04:10 - [TEST_STEP][PASSED] - setText: Text '+10' is set on object 'Object Repository/Equipment/EquipmentPurchase/EPO_Line/EPO_Line_PlannedDate'

2017-11-16 16:04:10 - [MESSAGE][PASSED] - Text '+10' is set on object 'Object Repository/Equipment/EquipmentPurchase/EPO_Line/EPO_Line_PlannedDate'

2017-11-16 16:04:10 - [TEST_STEP][PASSED] - click: Object: 'Object Repository/Equipment/EquipmentPurchase/EPO_Line/EPO_Line_Price' is clicked on

2017-11-16 16:04:10 - [MESSAGE][PASSED] - Object: 'Object Repository/Equipment/EquipmentPurchase/EPO_Line/EPO_Line_Price' is clicked on

2017-11-16 16:04:10 - [TEST_STEP][PASSED] - delay: Delayed 2 second(s)

2017-11-16 16:04:12 - [MESSAGE][PASSED] - Delayed 2 second(s)

2017-11-16 16:04:12 - [TEST_STEP][PASSED] - setText: Text '100' is set on object 'Object Repository/Equipment/EquipmentPurchase/EPO_Line/EPO_Line_Price'

2017-11-16 16:04:13 - [MESSAGE][PASSED] - Text '100' is set on object 'Object Repository/Equipment/EquipmentPurchase/EPO_Line/EPO_Line_Price'

2017-11-16 16:04:13 - [TEST_STEP][PASSED] - click: Object: 'Object Repository/Equipment/EquipmentPurchase/EPO_Line/EPO_Line_Save' is clicked on

2017-11-16 16:04:13 - [MESSAGE][PASSED] - Object: 'Object Repository/Equipment/EquipmentPurchase/EPO_Line/EPO_Line_Save' is clicked on

2017-11-16 16:04:13 - [TEST_STEP][PASSED] - click: Object: 'Object Repository/Equipment/EquipmentPurchase/EPO_Line/EPO_Line_importNO' is clicked on

2017-11-16 16:04:15 - [MESSAGE][PASSED] - Object: 'Object Repository/Equipment/EquipmentPurchase/EPO_Line/EPO_Line_importNO' is clicked on

2017-11-16 16:04:15 - [TEST_STEP][PASSED] - click: Object: 'Object Repository/Equipment/EquipmentPurchase/EPO_Line/EPO_Line_SaveNclose' is clicked on

2017-11-16 16:04:15 - [MESSAGE][PASSED] - Object: 'Object Repository/Equipment/EquipmentPurchase/EPO_Line/EPO_Line_SaveNclose' is clicked on

2017-11-16 16:04:15 - [TEST_STEP][PASSED] - delay: Delayed 2 second(s)

2017-11-16 16:04:17 - [MESSAGE][PASSED] - Delayed 2 second(s)

2017-11-16 16:04:17 - [TEST_STEP][PASSED] - click: Object: 'Object Repository/Equipment/EquipmentPurchase/EPO_Line/EPO_MultiLine_SavenClose' is clicked on

2017-11-16 16:04:17 - [MESSAGE][PASSED] - Object: 'Object Repository/Equipment/EquipmentPurchase/EPO_Line/EPO_MultiLine_SavenClose' is clicked on

2017-11-16 16:04:17 - [MESSAGE][PASSED] - Call Test Case 'Test Cases/Equipment/Base_EquipmentPurchase/Base_EPO_CreateHeaderNline' successfully

2017-11-16 16:04:17 - [TEST_STEP][PASSED] - callTestCase: Call Test Case 'Test Cases/Equipment/Base_EquipmentPurchase/Base_EPO_Reciept' successfully

2017-11-16 16:04:17 - [TEST_CASE][PASSED] - Test Cases/Equipment/Base_EquipmentPurchase/Base_EPO_Reciept: Test Cases/Equipment/Base_EquipmentPurchase/Base_EPO_Reciept

2017-11-16 16:04:18 - [TEST_STEP][PASSED] - click: Object: 'Object Repository/Equipment/EquipmentPurchase/EPO_Header/EPO_Header_Action' is clicked on

2017-11-16 16:04:18 - [MESSAGE][PASSED] - Object: 'Object Repository/Equipment/EquipmentPurchase/EPO_Header/EPO_Header_Action' is clicked on

2017-11-16 16:04:18 - [TEST_STEP][PASSED] - click: Object: 'Object Repository/Equipment/EquipmentPurchase/EPO_Header/EPO_Header_Action_SendForApproval' is clicked on

2017-11-16 16:04:18 - [MESSAGE][PASSED] - Object: 'Object Repository/Equipment/EquipmentPurchase/EPO_Header/EPO_Header_Action_SendForApproval' is clicked on

2017-11-16 16:04:18 - [TEST_STEP][PASSED] - delay: Delayed 5 second(s)

2017-11-16 16:04:23 - [MESSAGE][PASSED] - Delayed 5 second(s)

2017-11-16 16:04:23 - [TEST_STEP][PASSED] - click: Object: 'Object Repository/Equipment/EquipmentPurchase/EPO_Header/EPO_Header_Action' is clicked on

2017-11-16 16:04:23 - [MESSAGE][PASSED] - Object: 'Object Repository/Equipment/EquipmentPurchase/EPO_Header/EPO_Header_Action' is clicked on

2017-11-16 16:04:23 - [TEST_STEP][PASSED] - click: Object: 'Object Repository/Equipment/EquipmentPurchase/EPO_Header/EPO_Header_Apporve' is clicked on

2017-11-16 16:04:23 - [MESSAGE][PASSED] - Object: 'Object Repository/Equipment/EquipmentPurchase/EPO_Header/EPO_Header_Apporve' is clicked on

2017-11-16 16:04:23 - [TEST_STEP][PASSED] - delay: Delayed 5 second(s)

2017-11-16 16:04:28 - [MESSAGE][PASSED] - Delayed 5 second(s)

2017-11-16 16:04:28 - [TEST_STEP][PASSED] - click: Object: 'Object Repository/Equipment/EquipmentPurchase/EPO_Header/EPO_Header_Print' is clicked on

2017-11-16 16:04:29 - [MESSAGE][PASSED] - Object: 'Object Repository/Equipment/EquipmentPurchase/EPO_Header/EPO_Header_Print' is clicked on

2017-11-16 16:04:29 - [TEST_STEP][PASSED] - click: Object: 'Object Repository/Equipment/EquipmentPurchase/EPO_Header/EPO_Print_FinalPrint' is clicked on

2017-11-16 16:04:34 - [MESSAGE][PASSED] - Object: 'Object Repository/Equipment/EquipmentPurchase/EPO_Header/EPO_Print_FinalPrint' is clicked on

2017-11-16 16:04:34 - [TEST_STEP][PASSED] - click: Object: 'Object Repository/Equipment/EquipmentPurchase/EPO_Header/EPO_Print_PrintOption' is clicked on

2017-11-16 16:04:34 - [MESSAGE][PASSED] - Object: 'Object Repository/Equipment/EquipmentPurchase/EPO_Header/EPO_Print_PrintOption' is clicked on

2017-11-16 16:04:34 - [TEST_STEP][PASSED] - click: Object: 'Object Repository/Equipment/EquipmentPurchase/EPO_Header/EPO_Print_Device' is clicked on

2017-11-16 16:04:38 - [MESSAGE][PASSED] - Object: 'Object Repository/Equipment/EquipmentPurchase/EPO_Header/EPO_Print_Device' is clicked on

2017-11-16 16:04:38 - [TEST_STEP][PASSED] - setText: Text 'D' is set on object 'Object Repository/Equipment/EquipmentPurchase/EPO_Header/EPO_Print_Device'

2017-11-16 16:04:38 - [MESSAGE][PASSED] - Text 'D' is set on object 'Object Repository/Equipment/EquipmentPurchase/EPO_Header/EPO_Print_Device'

2017-11-16 16:04:38 - [TEST_STEP][PASSED] - click: Object: 'Object Repository/Equipment/EquipmentPurchase/EPO_Header/EPO_Print_Continue' is clicked on

2017-11-16 16:04:38 - [MESSAGE][PASSED] - Object: 'Object Repository/Equipment/EquipmentPurchase/EPO_Header/EPO_Print_Continue' is clicked on

2017-11-16 16:04:38 - [TEST_STEP][PASSED] - delay: Delayed 5 second(s)

2017-11-16 16:04:43 - [MESSAGE][PASSED] - Delayed 5 second(s)

2017-11-16 16:04:43 - [TEST_STEP][PASSED] - click: Object: 'Object Repository/Equipment/EquipmentPurchase/EPO_Header/EPO_Header_EPOtab' is clicked on

2017-11-16 16:04:43 - [MESSAGE][PASSED] - Object: 'Object Repository/Equipment/EquipmentPurchase/EPO_Header/EPO_Header_EPOtab' is clicked on

2017-11-16 16:04:43 - [TEST_STEP][PASSED] - click: Object: 'Object Repository/Equipment/EquipmentPurchase/EPO_Header/EPO_Print_Close' is clicked on

2017-11-16 16:04:44 - [MESSAGE][PASSED] - Object: 'Object Repository/Equipment/EquipmentPurchase/EPO_Header/EPO_Print_Close' is clicked on

2017-11-16 16:04:44 - [TEST_STEP][PASSED] - delay: Delayed 3 second(s)

2017-11-16 16:04:47 - [MESSAGE][PASSED] - Delayed 3 second(s)

2017-11-16 16:04:47 - [TEST_STEP][PASSED] - click: Object: 'Object Repository/Equipment/EquipmentPurchase/EPO_Header/EPO_Header_Action' is clicked on

2017-11-16 16:04:47 - [MESSAGE][PASSED] - Object: 'Object Repository/Equipment/EquipmentPurchase/EPO_Header/EPO_Header_Action' is clicked on

2017-11-16 16:04:47 - [TEST_STEP][PASSED] - click: Object: 'Object Repository/Equipment/EquipmentPurchase/EPO_Header/EPO_Action_Reciept' is clicked on

2017-11-16 16:04:47 - [MESSAGE][PASSED] - Object: 'Object Repository/Equipment/EquipmentPurchase/EPO_Header/EPO_Action_Reciept' is clicked on

2017-11-16 16:04:47 - [TEST_STEP][PASSED] - waitForElementPresent: Object 'Object Repository/Equipment/EquipmentPurchase/EPO_Receipt/EPO_Reciept_Save' is present

2017-11-16 16:04:49 - [MESSAGE][PASSED] - Object 'Object Repository/Equipment/EquipmentPurchase/EPO_Receipt/EPO_Reciept_Save' is present

2017-11-16 16:04:49 - [TEST_STEP][PASSED] - click: Object: 'Object Repository/Equipment/EquipmentPurchase/EPO_Receipt/EPO_Reciept_Save' is clicked on

2017-11-16 16:04:49 - [MESSAGE][PASSED] - Object: 'Object Repository/Equipment/EquipmentPurchase/EPO_Receipt/EPO_Reciept_Save' is clicked on

2017-11-16 16:04:49 - [TEST_STEP][PASSED] - delay: Delayed 3 second(s)

2017-11-16 16:04:52 - [MESSAGE][PASSED] - Delayed 3 second(s)

2017-11-16 16:04:52 - [TEST_STEP][PASSED] - click: Object: 'Object Repository/Equipment/EquipmentPurchase/EPO_Receipt/EPO_Receipt_Action' is clicked on

2017-11-16 16:04:52 - [MESSAGE][PASSED] - Object: 'Object Repository/Equipment/EquipmentPurchase/EPO_Receipt/EPO_Receipt_Action' is clicked on

2017-11-16 16:04:52 - [TEST_STEP][PASSED] - click: Object: 'Object Repository/Equipment/EquipmentPurchase/EPO_Receipt/EPO_Receipt_Action_ReceiptLine' is clicked on

2017-11-16 16:04:52 - [MESSAGE][PASSED] - Object: 'Object Repository/Equipment/EquipmentPurchase/EPO_Receipt/EPO_Receipt_Action_ReceiptLine' is clicked on

2017-11-16 16:04:52 - [TEST_STEP][PASSED] - waitForElementPresent: Object 'Object Repository/Equipment/EquipmentPurchase/EPO_Receipt_Line/EPO_ReceiptLine_New' is present

2017-11-16 16:04:54 - [MESSAGE][PASSED] - Object 'Object Repository/Equipment/EquipmentPurchase/EPO_Receipt_Line/EPO_ReceiptLine_New' is present

2017-11-16 16:04:54 - [TEST_STEP][PASSED] - click: Object: 'Object Repository/Equipment/EquipmentPurchase/EPO_Receipt_Line/EPO_ReceiptLine_New' is clicked on

2017-11-16 16:04:54 - [MESSAGE][PASSED] - Object: 'Object Repository/Equipment/EquipmentPurchase/EPO_Receipt_Line/EPO_ReceiptLine_New' is clicked on

2017-11-16 16:04:54 - [TEST_STEP][PASSED] - waitForElementPresent: Object 'Object Repository/Equipment/EquipmentPurchase/EPO_Receipt_Line/EPO_RecieptLine_Select' is present

2017-11-16 16:04:55 - [MESSAGE][PASSED] - Object 'Object Repository/Equipment/EquipmentPurchase/EPO_Receipt_Line/EPO_RecieptLine_Select' is present

2017-11-16 16:04:55 - [TEST_STEP][PASSED] - click: Object: 'Object Repository/Equipment/EquipmentPurchase/EPO_Receipt_Line/EPO_RecieptLine_Select' is clicked on

2017-11-16 16:04:55 - [MESSAGE][PASSED] - Object: 'Object Repository/Equipment/EquipmentPurchase/EPO_Receipt_Line/EPO_RecieptLine_Select' is clicked on

2017-11-16 16:04:55 - [TEST_STEP][PASSED] - delay: Delayed 3 second(s)

2017-11-16 16:04:58 - [MESSAGE][PASSED] - Delayed 3 second(s)

2017-11-16 16:04:58 - [TEST_STEP][PASSED] - click: Object: 'Object Repository/Equipment/EquipmentPurchase/EPO_Receipt_Line/EPO_ReceiptLine_SavenClose' is clicked on

2017-11-16 16:04:58 - [MESSAGE][PASSED] - Object: 'Object Repository/Equipment/EquipmentPurchase/EPO_Receipt_Line/EPO_ReceiptLine_SavenClose' is clicked on

2017-11-16 16:04:58 - [TEST_STEP][PASSED] - waitForElementPresent: Object 'Object Repository/Equipment/EquipmentPurchase/EPO_Receipt_Line/EPO_RecieptLineAction' is present

2017-11-16 16:04:58 - [MESSAGE][PASSED] - Object 'Object Repository/Equipment/EquipmentPurchase/EPO_Receipt_Line/EPO_RecieptLineAction' is present

2017-11-16 16:04:58 - [TEST_STEP][PASSED] - Statement - G_Unit = com.kms.katalon.core.webui.keyword.WebUiBuiltInKeywords.getText(com.kms.katalon.core.testobject.ObjectRepository.findTestObject(Equipment/EquipmentPurchase/EPO_Receipt/EPO_Reciept_Unit)): Text of object 'Object Repository/Equipment/EquipmentPurchase/EPO_Receipt/EPO_Reciept_Unit' is: 'MD0018330'

2017-11-16 16:04:59 - [MESSAGE][PASSED] - Text of object 'Object Repository/Equipment/EquipmentPurchase/EPO_Receipt/EPO_Reciept_Unit' is: 'MD0018330'

2017-11-16 16:04:59 - [TEST_STEP][PASSED] - click: Object: 'Object Repository/Equipment/EquipmentPurchase/EPO_Receipt_Line/EPO_RecieptLineAction' is clicked on

2017-11-16 16:04:59 - [MESSAGE][PASSED] - Object: 'Object Repository/Equipment/EquipmentPurchase/EPO_Receipt_Line/EPO_RecieptLineAction' is clicked on

2017-11-16 16:04:59 - [TEST_STEP][PASSED] - click: Object: 'Object Repository/Equipment/EquipmentPurchase/EPO_Receipt/EPO_Action_Confirm' is clicked on

2017-11-16 16:04:59 - [MESSAGE][PASSED] - Object: 'Object Repository/Equipment/EquipmentPurchase/EPO_Receipt/EPO_Action_Confirm' is clicked on

2017-11-16 16:04:59 - [TEST_STEP][PASSED] - click: Object: 'Object Repository/Equipment/EquipmentPurchase/EPO_Receipt/EPO_Reciept_MeterOK' is clicked on

2017-11-16 16:05:00 - [MESSAGE][PASSED] - Object: 'Object Repository/Equipment/EquipmentPurchase/EPO_Receipt/EPO_Reciept_MeterOK' is clicked on

2017-11-16 16:05:00 - [TEST_STEP][PASSED] - waitForElementPresent: Object 'Object Repository/Equipment/EquipmentPurchase/EPO_Receipt/EPO_RecieptPrint_Device' is present

2017-11-16 16:05:04 - [MESSAGE][PASSED] - Object 'Object Repository/Equipment/EquipmentPurchase/EPO_Receipt/EPO_RecieptPrint_Device' is present

2017-11-16 16:05:04 - [TEST_STEP][PASSED] - click: Object: 'Object Repository/Equipment/EquipmentPurchase/EPO_Receipt/EPO_RecieptPrint_Device' is clicked on

2017-11-16 16:05:04 - [MESSAGE][PASSED] - Object: 'Object Repository/Equipment/EquipmentPurchase/EPO_Receipt/EPO_RecieptPrint_Device' is clicked on

2017-11-16 16:05:04 - [TEST_STEP][PASSED] - setText: Text 'D' is set on object 'Object Repository/Equipment/EquipmentPurchase/EPO_Receipt/EPO_RecieptPrint_Device'

2017-11-16 16:05:04 - [MESSAGE][PASSED] - Text 'D' is set on object 'Object Repository/Equipment/EquipmentPurchase/EPO_Receipt/EPO_RecieptPrint_Device'

2017-11-16 16:05:04 - [TEST_STEP][PASSED] - click: Object: 'Object Repository/Equipment/EquipmentPurchase/EPO_Receipt/EPO_RecieptPrint_Continue' is clicked on

2017-11-16 16:05:04 - [MESSAGE][PASSED] - Object: 'Object Repository/Equipment/EquipmentPurchase/EPO_Receipt/EPO_RecieptPrint_Continue' is clicked on

2017-11-16 16:05:04 - [TEST_STEP][PASSED] - delay: Delayed 3 second(s)

2017-11-16 16:05:07 - [MESSAGE][PASSED] - Delayed 3 second(s)

2017-11-16 16:05:07 - [TEST_STEP][PASSED] - click: Object: 'Object Repository/Equipment/EquipmentPurchase/EPO_Receipt/EPO_RecieptPrint_ProcessCompleted' is clicked on

2017-11-16 16:05:08 - [MESSAGE][PASSED] - Object: 'Object Repository/Equipment/EquipmentPurchase/EPO_Receipt/EPO_RecieptPrint_ProcessCompleted' is clicked on

2017-11-16 16:05:08 - [TEST_STEP][PASSED] - delay: Delayed 10 second(s)

2017-11-16 16:05:18 - [MESSAGE][PASSED] - Delayed 10 second(s)

2017-11-16 16:05:18 - [MESSAGE][PASSED] - Call Test Case 'Test Cases/Equipment/Base_EquipmentPurchase/Base_EPO_Reciept' successfully

2017-11-16 16:05:18 - [MESSAGE][PASSED] - Call Test Case 'Test Cases/Equipment/Base_EquipmentPurchase/EPO_CreateNrecieve' successfully

2017-11-16 16:05:18 - [TEST_STEP][PASSED] - callTestCase: Call Test Case 'Test Cases/Rental/Base_RentalContract/Base_CreateRentalInvoice_HeaderlineInvoice_SplitTender' successfully

2017-11-16 16:05:18 - [TEST_CASE][PASSED] - Test Cases/Rental/Base_RentalContract/Base_CreateRentalInvoice_HeaderlineInvoice_SplitTender: Test Cases/Rental/Base_RentalContract/Base_CreateRentalInvoice_HeaderlineInvoice_SplitTender

2017-11-16 16:05:18 - [TEST_STEP][PASSED] - callTestCase: Call Test Case 'Test Cases/Rental/Base_RentalContract/Base_CreateRentalHeader' successfully

2017-11-16 16:05:18 - [TEST_CASE][PASSED] - Test Cases/Rental/Base_RentalContract/Base_CreateRentalHeader: Test Cases/Rental/Base_RentalContract/Base_CreateRentalHeader

2017-11-16 16:05:19 - [TEST_STEP][PASSED] - callTestCase: Call Test Case 'Test Cases/Common/Base_Common_OpenSession' successfully

2017-11-16 16:05:19 - [TEST_CASE][PASSED] - Test Cases/Common/Base_Common_OpenSession: Test Cases/Common/Base_Common_OpenSession

2017-11-16 16:05:19 - [TEST_STEP][PASSED] - openBrowser: Browser is opened with url: 'https://rgajbhiye:Robin$123@proxima-ln4.e-emphasys.com:8441/webui/servlet/login'

2017-11-16 16:05:19 - [MESSAGE][WARNING] - A browser is already opened. Closing browser and opening a new one

2017-11-16 16:05:26 - [MESSAGE][PASSED] - Browser is opened with url: 'https://rgajbhiye:Robin$123@proxima-ln4.e-emphasys.com:8441/webui/servlet/login'

2017-11-16 16:05:26 - [TEST_STEP][PASSED] - waitForPageLoad: Wait for page load successfully

2017-11-16 16:05:26 - [MESSAGE][PASSED] - Wait for page load successfully

2017-11-16 16:05:26 - [TEST_STEP][PASSED] - maximizeWindow: Current window maximized

2017-11-16 16:05:26 - [MESSAGE][PASSED] - Current window maximized

2017-11-16 16:05:26 - [TEST_STEP][PASSED] - click: Object: 'Object Repository/Common/HomePage/HomePage_more' is clicked on

2017-11-16 16:05:30 - [MESSAGE][PASSED] - Object: 'Object Repository/Common/HomePage/HomePage_more' is clicked on

2017-11-16 16:05:30 - [TEST_STEP][PASSED] - click: Object: 'Object Repository/Common/HomePage/HomePage_Option' is clicked on

2017-11-16 16:05:30 - [MESSAGE][PASSED] - Object: 'Object Repository/Common/HomePage/HomePage_Option' is clicked on

2017-11-16 16:05:30 - [TEST_STEP][PASSED] - click: Object: 'Object Repository/Common/HomePage/HomePage_RunProgram_' is clicked on

2017-11-16 16:05:31 - [MESSAGE][PASSED] - Object: 'Object Repository/Common/HomePage/HomePage_RunProgram_' is clicked on

2017-11-16 16:05:31 - [TEST_STEP][PASSED] - sendKeys: Keys 'erext4100s004' sent to object: 'Object Repository/Common/HomePage/HomePage_Session_ID'

2017-11-16 16:05:31 - [MESSAGE][PASSED] - Keys 'erext4100s004' sent to object: 'Object Repository/Common/HomePage/HomePage_Session_ID'

2017-11-16 16:05:31 - [TEST_STEP][PASSED] - click: Object: 'Object Repository/Common/HomePage/HomePage_OkButton' is clicked on

2017-11-16 16:05:31 - [MESSAGE][PASSED] - Object: 'Object Repository/Common/HomePage/HomePage_OkButton' is clicked on

2017-11-16 16:05:31 - [MESSAGE][PASSED] - Call Test Case 'Test Cases/Common/Base_Common_OpenSession' successfully

2017-11-16 16:05:31 - [TEST_STEP][PASSED] - click: Object: 'Object Repository/Rental/RentalHeader/RentalContract.Customer' is clicked on

2017-11-16 16:05:37 - [MESSAGE][PASSED] - Object: 'Object Repository/Rental/RentalHeader/RentalContract.Customer' is clicked on

2017-11-16 16:05:37 - [TEST_STEP][PASSED] - setText: Text 'M00000010' is set on object 'Object Repository/Rental/RentalHeader/RentalContract.Customer'

2017-11-16 16:05:37 - [MESSAGE][PASSED] - Text 'M00000010' is set on object 'Object Repository/Rental/RentalHeader/RentalContract.Customer'

2017-11-16 16:05:37 - [TEST_STEP][PASSED] - delay: Delayed 2 second(s)

2017-11-16 16:05:39 - [MESSAGE][PASSED] - Delayed 2 second(s)

2017-11-16 16:05:39 - [TEST_STEP][PASSED] - click: Object: 'Object Repository/Rental/RentalHeader/RentalContract.CustPO' is clicked on

2017-11-16 16:05:39 - [MESSAGE][PASSED] - Object: 'Object Repository/Rental/RentalHeader/RentalContract.CustPO' is clicked on

2017-11-16 16:05:39 - [TEST_STEP][PASSED] - delay: Delayed 3 second(s)

2017-11-16 16:05:42 - [MESSAGE][PASSED] - Delayed 3 second(s)

2017-11-16 16:05:42 - [TEST_STEP][PASSED] - click: Object: 'Object Repository/Rental/RentalHeader/RentalContract.OtherDetailsTab' is clicked on

2017-11-16 16:05:42 - [MESSAGE][PASSED] - Object: 'Object Repository/Rental/RentalHeader/RentalContract.OtherDetailsTab' is clicked on

2017-11-16 16:05:42 - [TEST_STEP][PASSED] - delay: Delayed 5 second(s)

2017-11-16 16:05:47 - [MESSAGE][PASSED] - Delayed 5 second(s)

2017-11-16 16:05:47 - [TEST_STEP][PASSED] - click: Object: 'Object Repository/Rental/RentalHeader/Rental Contract.ModeOfPayment' is clicked on

2017-11-16 16:05:48 - [MESSAGE][PASSED] - Object: 'Object Repository/Rental/RentalHeader/Rental Contract.ModeOfPayment' is clicked on

2017-11-16 16:05:48 - [TEST_STEP][PASSED] - delay: Delayed 2 second(s)

2017-11-16 16:05:50 - [MESSAGE][PASSED] - Delayed 2 second(s)

2017-11-16 16:05:50 - [TEST_STEP][PASSED] - click: Object: 'Object Repository/Rental/RentalHeader/RentalContract.CreditCardoption' is clicked on

2017-11-16 16:05:50 - [MESSAGE][PASSED] - Object: 'Object Repository/Rental/RentalHeader/RentalContract.CreditCardoption' is clicked on

2017-11-16 16:05:50 - [TEST_STEP][PASSED] - delay: Delayed 3 second(s)

2017-11-16 16:05:53 - [MESSAGE][PASSED] - Delayed 3 second(s)

2017-11-16 16:05:53 - [TEST_STEP][PASSED] - click: Object: 'Object Repository/Rental/RentalHeader/RentalContract.GeneralTab' is clicked on

2017-11-16 16:05:53 - [MESSAGE][PASSED] - Object: 'Object Repository/Rental/RentalHeader/RentalContract.GeneralTab' is clicked on

2017-11-16 16:05:53 - [TEST_STEP][PASSED] - delay: Delayed 5 second(s)

2017-11-16 16:05:58 - [MESSAGE][PASSED] - Delayed 5 second(s)

2017-11-16 16:05:58 - [TEST_STEP][PASSED] - click: Object: 'Object Repository/Rental/RentalHeader/RentalContract.Newbuttonline' is clicked on

2017-11-16 16:05:58 - [MESSAGE][PASSED] - Object: 'Object Repository/Rental/RentalHeader/RentalContract.Newbuttonline' is clicked on

2017-11-16 16:05:58 - [TEST_STEP][PASSED] - delay: Delayed 5 second(s)

2017-11-16 16:06:03 - [MESSAGE][PASSED] - Delayed 5 second(s)

2017-11-16 16:06:03 - [TEST_STEP][PASSED] - click: Object: 'Object Repository/Rental/RentalHeader/RentalContract.SetLine' is clicked on

2017-11-16 16:06:04 - [MESSAGE][PASSED] - Object: 'Object Repository/Rental/RentalHeader/RentalContract.SetLine' is clicked on

2017-11-16 16:06:04 - [TEST_STEP][PASSED] - delay: Delayed 5 second(s)

2017-11-16 16:06:09 - [MESSAGE][PASSED] - Delayed 5 second(s)

2017-11-16 16:06:09 - [TEST_STEP][PASSED] - scrollToElement: Scroll to object 'Object Repository/Rental/RentalHeader/RentalContract.Unit' successfully

2017-11-16 16:06:09 - [MESSAGE][PASSED] - Scroll to object 'Object Repository/Rental/RentalHeader/RentalContract.Unit' successfully

2017-11-16 16:06:09 - [TEST_STEP][PASSED] - delay: Delayed 3 second(s)

2017-11-16 16:06:12 - [MESSAGE][PASSED] - Delayed 3 second(s)

2017-11-16 16:06:12 - [TEST_STEP][NOT_RUN] - getText: NOT_RUN: getText

2017-11-16 16:06:12 - [MESSAGE][NOT_RUN] - NOT_RUN: getText

2017-11-16 16:06:12 - [TEST_STEP][PASSED] - click: Object: 'Object Repository/Rental/RentalHeader/RentalContract.Unit' is clicked on

2017-11-16 16:06:12 - [MESSAGE][PASSED] - Object: 'Object Repository/Rental/RentalHeader/RentalContract.Unit' is clicked on

2017-11-16 16:06:12 - [TEST_STEP][PASSED] - delay: Delayed 5 second(s)

2017-11-16 16:06:17 - [MESSAGE][PASSED] - Delayed 5 second(s)

2017-11-16 16:06:17 - [TEST_STEP][PASSED] - setText: Text 'MD0018330' is set on object 'Object Repository/Rental/RentalHeader/RentalContract.Unit'

2017-11-16 16:06:17 - [MESSAGE][PASSED] - Text 'MD0018330' is set on object 'Object Repository/Rental/RentalHeader/RentalContract.Unit'

2017-11-16 16:06:17 - [TEST_STEP][PASSED] - delay: Delayed 5 second(s)

2017-11-16 16:06:22 - [MESSAGE][PASSED] - Delayed 5 second(s)

2017-11-16 16:06:22 - [TEST_STEP][PASSED] - scrollToElement: Scroll to object 'Object Repository/Rental/RentalHeader/RentalContract.MultipleInsurence' successfully

2017-11-16 16:06:23 - [MESSAGE][PASSED] - Scroll to object 'Object Repository/Rental/RentalHeader/RentalContract.MultipleInsurence' successfully

2017-11-16 16:06:23 - [TEST_STEP][PASSED] - delay: Delayed 5 second(s)

2017-11-16 16:06:28 - [MESSAGE][PASSED] - Delayed 5 second(s)

2017-11-16 16:06:28 - [TEST_STEP][PASSED] - doubleClick: Object: 'Object Repository/Rental/RentalHeader/RentalContract.MultipleInsurence' is double clicked on

2017-11-16 16:06:28 - [MESSAGE][PASSED] - Object: 'Object Repository/Rental/RentalHeader/RentalContract.MultipleInsurence' is double clicked on

2017-11-16 16:06:28 - [TEST_STEP][PASSED] - delay: Delayed 5 second(s)

2017-11-16 16:06:33 - [MESSAGE][PASSED] - Delayed 5 second(s)

2017-11-16 16:06:33 - [TEST_STEP][PASSED] - click: Object: 'Object Repository/Rental/RentalHeader/RentalContract.MultipleInsurence' is clicked on

2017-11-16 16:06:33 - [MESSAGE][PASSED] - Object: 'Object Repository/Rental/RentalHeader/RentalContract.MultipleInsurence' is clicked on

2017-11-16 16:06:33 - [TEST_STEP][PASSED] - click: Object: 'Object Repository/Rental/RentalHeader/RentalContract.MultiInsNO' is clicked on

2017-11-16 16:06:33 - [MESSAGE][PASSED] - Object: 'Object Repository/Rental/RentalHeader/RentalContract.MultiInsNO' is clicked on

2017-11-16 16:06:33 - [TEST_STEP][PASSED] - delay: Delayed 5 second(s)

2017-11-16 16:06:38 - [MESSAGE][PASSED] - Delayed 5 second(s)

2017-11-16 16:06:38 - [TEST_STEP][PASSED] - scrollToElement: Scroll to object 'Object Repository/Rental/RentalHeader/RentalContract.GrossRateline' successfully

2017-11-16 16:06:38 - [MESSAGE][PASSED] - Scroll to object 'Object Repository/Rental/RentalHeader/RentalContract.GrossRateline' successfully

2017-11-16 16:06:38 - [TEST_STEP][NOT_RUN] - delay: NOT_RUN: delay

2017-11-16 16:06:38 - [MESSAGE][NOT_RUN] - NOT_RUN: delay

2017-11-16 16:06:38 - [TEST_STEP][PASSED] - doubleClick: Object: 'Object Repository/Rental/RentalHeader/RentalContract.GrossRateline' is double clicked on

2017-11-16 16:06:39 - [MESSAGE][PASSED] - Object: 'Object Repository/Rental/RentalHeader/RentalContract.GrossRateline' is double clicked on

2017-11-16 16:06:39 - [TEST_STEP][PASSED] - delay: Delayed 2 second(s)

2017-11-16 16:06:41 - [MESSAGE][PASSED] - Delayed 2 second(s)

2017-11-16 16:06:41 - [TEST_STEP][PASSED] - click: Object: 'Object Repository/Rental/RentalHeader/RentalContract.GrossRateline' is clicked on

2017-11-16 16:06:41 - [MESSAGE][PASSED] - Object: 'Object Repository/Rental/RentalHeader/RentalContract.GrossRateline' is clicked on

2017-11-16 16:06:41 - [TEST_STEP][PASSED] - delay: Delayed 2 second(s)

2017-11-16 16:06:43 - [MESSAGE][PASSED] - Delayed 2 second(s)

2017-11-16 16:06:43 - [TEST_STEP][PASSED] - setText: Text '100' is set on object 'Object Repository/Rental/RentalHeader/RentalContract.GrossRateline'

2017-11-16 16:06:43 - [MESSAGE][PASSED] - Text '100' is set on object 'Object Repository/Rental/RentalHeader/RentalContract.GrossRateline'

2017-11-16 16:06:43 - [TEST_STEP][PASSED] - delay: Delayed 4 second(s)

2017-11-16 16:06:47 - [MESSAGE][PASSED] - Delayed 4 second(s)

2017-11-16 16:06:47 - [TEST_STEP][PASSED] - click: Object: 'Object Repository/Rental/RentalHeader/RentalContract.SaveHeader' is clicked on

2017-11-16 16:06:48 - [MESSAGE][PASSED] - Object: 'Object Repository/Rental/RentalHeader/RentalContract.SaveHeader' is clicked on

2017-11-16 16:06:48 - [TEST_STEP][PASSED] - delay: Delayed 5 second(s)

2017-11-16 16:06:53 - [MESSAGE][PASSED] - Delayed 5 second(s)

2017-11-16 16:06:53 - [TEST_STEP][PASSED] - click: Object: 'Object Repository/Rental/RentalHeader/RentalContract.Action' is clicked on

2017-11-16 16:06:53 - [MESSAGE][PASSED] - Object: 'Object Repository/Rental/RentalHeader/RentalContract.Action' is clicked on

2017-11-16 16:06:53 - [TEST_STEP][PASSED] - delay: Delayed 8 second(s)

2017-11-16 16:07:01 - [MESSAGE][PASSED] - Delayed 8 second(s)

2017-11-16 16:07:01 - [TEST_STEP][PASSED] - click: Object: 'Object Repository/Rental/RentalHeader/RentalContract.Release' is clicked on

2017-11-16 16:07:01 - [MESSAGE][PASSED] - Object: 'Object Repository/Rental/RentalHeader/RentalContract.Release' is clicked on

2017-11-16 16:07:01 - [TEST_STEP][PASSED] - delay: Delayed 12 second(s)

2017-11-16 16:07:13 - [MESSAGE][PASSED] - Delayed 12 second(s)

2017-11-16 16:07:13 - [TEST_STEP][PASSED] - click: Object: 'Object Repository/Rental/RentalHeader/RentalContract.ActionDelivery' is clicked on

2017-11-16 16:07:13 - [MESSAGE][PASSED] - Object: 'Object Repository/Rental/RentalHeader/RentalContract.ActionDelivery' is clicked on

2017-11-16 16:07:13 - [TEST_STEP][PASSED] - delay: Delayed 6 second(s)

2017-11-16 16:07:19 - [MESSAGE][PASSED] - Delayed 6 second(s)

2017-11-16 16:07:19 - [TEST_STEP][PASSED] - click: Object: 'Object Repository/Rental/RentalHeader/RentalContract.ConfirmDelivery' is clicked on

2017-11-16 16:07:20 - [MESSAGE][PASSED] - Object: 'Object Repository/Rental/RentalHeader/RentalContract.ConfirmDelivery' is clicked on

2017-11-16 16:07:20 - [TEST_STEP][PASSED] - delay: Delayed 8 second(s)

2017-11-16 16:07:28 - [MESSAGE][PASSED] - Delayed 8 second(s)

2017-11-16 16:07:28 - [TEST_STEP][NOT_RUN] - waitForElementPresent: NOT_RUN: waitForElementPresent

2017-11-16 16:07:28 - [MESSAGE][NOT_RUN] - NOT_RUN: waitForElementPresent

2017-11-16 16:07:28 - [TEST_STEP][NOT_RUN] - delay: NOT_RUN: delay

2017-11-16 16:07:28 - [MESSAGE][NOT_RUN] - NOT_RUN: delay

2017-11-16 16:07:28 - [TEST_STEP][PASSED] - click: Object: 'Object Repository/Rental/RentalHeader/RentalContract.DeliveryProceed' is clicked on

2017-11-16 16:07:28 - [MESSAGE][PASSED] - Object: 'Object Repository/Rental/RentalHeader/RentalContract.DeliveryProceed' is clicked on

2017-11-16 16:07:28 - [TEST_STEP][PASSED] - delay: Delayed 12 second(s)

2017-11-16 16:07:40 - [MESSAGE][PASSED] - Delayed 12 second(s)

2017-11-16 16:07:40 - [TEST_STEP][NOT_RUN] - waitForElementPresent: NOT_RUN: waitForElementPresent

2017-11-16 16:07:40 - [MESSAGE][NOT_RUN] - NOT_RUN: waitForElementPresent

2017-11-16 16:07:40 - [TEST_STEP][NOT_RUN] - delay: NOT_RUN: delay

2017-11-16 16:07:40 - [MESSAGE][NOT_RUN] - NOT_RUN: delay

2017-11-16 16:07:40 - [TEST_STEP][NOT_RUN] - click: NOT_RUN: click

2017-11-16 16:07:40 - [MESSAGE][NOT_RUN] - NOT_RUN: click

2017-11-16 16:07:40 - [TEST_STEP][PASSED] - delay: Delayed 8 second(s)

2017-11-16 16:07:48 - [MESSAGE][PASSED] - Delayed 8 second(s)

2017-11-16 16:07:48 - [TEST_STEP][PASSED] - click: Object: 'Object Repository/Rental/RentalHeader/RentalContract.InspetionReportClose' is clicked on

2017-11-16 16:07:48 - [MESSAGE][PASSED] - Object: 'Object Repository/Rental/RentalHeader/RentalContract.InspetionReportClose' is clicked on

2017-11-16 16:07:48 - [TEST_STEP][PASSED] - delay: Delayed 5 second(s)

2017-11-16 16:07:53 - [MESSAGE][PASSED] - Delayed 5 second(s)

2017-11-16 16:07:53 - [TEST_STEP][PASSED] - click: Object: 'Object Repository/Rental/RentalHeader/RentalContract.BillofLaddingClosed' is clicked on

2017-11-16 16:07:53 - [MESSAGE][PASSED] - Object: 'Object Repository/Rental/RentalHeader/RentalContract.BillofLaddingClosed' is clicked on

2017-11-16 16:07:53 - [TEST_STEP][PASSED] - delay: Delayed 5 second(s)

2017-11-16 16:07:58 - [MESSAGE][PASSED] - Delayed 5 second(s)

2017-11-16 16:07:58 - [TEST_STEP][PASSED] - click: Object: 'Object Repository/Rental/RentalHeader/RentalContract.EqipRentalMemoclosed' is clicked on

2017-11-16 16:07:59 - [MESSAGE][PASSED] - Object: 'Object Repository/Rental/RentalHeader/RentalContract.EqipRentalMemoclosed' is clicked on

2017-11-16 16:07:59 - [TEST_STEP][PASSED] - delay: Delayed 5 second(s)

2017-11-16 16:08:04 - [MESSAGE][PASSED] - Delayed 5 second(s)

2017-11-16 16:08:04 - [TEST_STEP][PASSED] - click: Object: 'Object Repository/Rental/RentalHeader/RentalContract.InspectionOrdergnerated' is clicked on

2017-11-16 16:08:04 - [MESSAGE][PASSED] - Object: 'Object Repository/Rental/RentalHeader/RentalContract.InspectionOrdergnerated' is clicked on

2017-11-16 16:08:04 - [MESSAGE][PASSED] - Call Test Case 'Test Cases/Rental/Base_RentalContract/Base_CreateRentalHeader' successfully

2017-11-16 16:08:04 - [TEST_STEP][PASSED] - delay: Delayed 4 second(s)

2017-11-16 16:08:08 - [MESSAGE][PASSED] - Delayed 4 second(s)

2017-11-16 16:08:08 - [TEST_STEP][PASSED] - click: Object: 'Object Repository/Rental/RentalHeader/RentalInvoice/RentalInvoice.InvoicingscheduleTab' is clicked on

2017-11-16 16:08:08 - [MESSAGE][PASSED] - Object: 'Object Repository/Rental/RentalHeader/RentalInvoice/RentalInvoice.InvoicingscheduleTab' is clicked on

2017-11-16 16:08:08 - [TEST_STEP][PASSED] - delay: Delayed 4 second(s)

2017-11-16 16:08:12 - [MESSAGE][PASSED] - Delayed 4 second(s)

2017-11-16 16:08:12 - [TEST_STEP][PASSED] - click: Object: 'Object Repository/Rental/RentalHeader/RentalInvoice/RentalInvoice.Action' is clicked on

2017-11-16 16:08:12 - [MESSAGE][PASSED] - Object: 'Object Repository/Rental/RentalHeader/RentalInvoice/RentalInvoice.Action' is clicked on

2017-11-16 16:08:12 - [TEST_STEP][PASSED] - delay: Delayed 4 second(s)

2017-11-16 16:08:16 - [MESSAGE][PASSED] - Delayed 4 second(s)

2017-11-16 16:08:16 - [TEST_STEP][PASSED] - click: Object: 'Object Repository/Rental/RentalHeader/RentalInvoice/RentalInvoice.ProcessInvoice' is clicked on

2017-11-16 16:08:17 - [MESSAGE][PASSED] - Object: 'Object Repository/Rental/RentalHeader/RentalInvoice/RentalInvoice.ProcessInvoice' is clicked on

2017-11-16 16:08:17 - [TEST_STEP][PASSED] - delay: Delayed 4 second(s)

2017-11-16 16:08:21 - [MESSAGE][PASSED] - Delayed 4 second(s)

2017-11-16 16:08:21 - [TEST_STEP][PASSED] - click: Object: 'Object Repository/Rental/RentalHeader/RentalInvoice/RentalInvoice.ProcessInvoice2' is clicked on

2017-11-16 16:08:21 - [MESSAGE][PASSED] - Object: 'Object Repository/Rental/RentalHeader/RentalInvoice/RentalInvoice.ProcessInvoice2' is clicked on

2017-11-16 16:08:21 - [TEST_STEP][PASSED] - delay: Delayed 0 second(s)

2017-11-16 16:08:21 - [MESSAGE][PASSED] - Delayed 0 second(s)

2017-11-16 16:08:21 - [TEST_STEP][PASSED] - click: Object: 'Object Repository/Rental/RentalHeader/RentalInvoice/RentalInvoice.InvoiceProcessYES' is clicked on

2017-11-16 16:08:22 - [MESSAGE][PASSED] - Object: 'Object Repository/Rental/RentalHeader/RentalInvoice/RentalInvoice.InvoiceProcessYES' is clicked on

2017-11-16 16:08:22 - [TEST_STEP][PASSED] - delay: Delayed 0 second(s)

2017-11-16 16:08:22 - [MESSAGE][PASSED] - Delayed 0 second(s)

2017-11-16 16:08:22 - [TEST_STEP][PASSED] - setText: Text 'PUBL' is set on object 'Object Repository/Rental/RentalHeader/RentalInvoice/ServiceCreditCard.PaymentGateway'

2017-11-16 16:08:27 - [MESSAGE][PASSED] - Text 'PUBL' is set on object 'Object Repository/Rental/RentalHeader/RentalInvoice/ServiceCreditCard.PaymentGateway'

2017-11-16 16:08:27 - [TEST_STEP][NOT_RUN] - sendKeys: NOT_RUN: sendKeys

2017-11-16 16:08:27 - [MESSAGE][NOT_RUN] - NOT_RUN: sendKeys

2017-11-16 16:08:27 - [TEST_STEP][PASSED] - doubleClick: Object: 'Object Repository/Rental/RentalHeader/RentalInvoice/ServiceCreditCard.CardType' is double clicked on

2017-11-16 16:08:27 - [MESSAGE][PASSED] - Object: 'Object Repository/Rental/RentalHeader/RentalInvoice/ServiceCreditCard.CardType' is double clicked on

2017-11-16 16:08:27 - [TEST_STEP][PASSED] - setText: Text 'Visa Card' is set on object 'Object Repository/Rental/RentalHeader/RentalInvoice/ServiceCreditCard.CardType'

2017-11-16 16:08:27 - [MESSAGE][PASSED] - Text 'Visa Card' is set on object 'Object Repository/Rental/RentalHeader/RentalInvoice/ServiceCreditCard.CardType'

2017-11-16 16:08:27 - [TEST_STEP][PASSED] - delay: Delayed 2 second(s)

2017-11-16 16:08:29 - [MESSAGE][PASSED] - Delayed 2 second(s)

2017-11-16 16:08:29 - [TEST_STEP][PASSED] - doubleClick: Object: 'Object Repository/Rental/RentalHeader/RentalInvoice/ServiceCreditCard.Enter CC No' is double clicked on

2017-11-16 16:08:29 - [MESSAGE][PASSED] - Object: 'Object Repository/Rental/RentalHeader/RentalInvoice/ServiceCreditCard.Enter CC No' is double clicked on

2017-11-16 16:08:29 - [TEST_STEP][PASSED] - sendKeys: Keys '4012000033330026' sent to object: 'Object Repository/Rental/RentalHeader/RentalInvoice/ServiceCreditCard.Enter CC No'

2017-11-16 16:08:30 - [MESSAGE][PASSED] - Keys '4012000033330026' sent to object: 'Object Repository/Rental/RentalHeader/RentalInvoice/ServiceCreditCard.Enter CC No'

2017-11-16 16:08:30 - [TEST_STEP][PASSED] - delay: Delayed 2 second(s)

2017-11-16 16:08:32 - [MESSAGE][PASSED] - Delayed 2 second(s)

2017-11-16 16:08:32 - [TEST_STEP][PASSED] - click: Object: 'Object Repository/Rental/RentalHeader/RentalInvoice/ServiceCreditCard.CVV2' is clicked on

2017-11-16 16:08:32 - [MESSAGE][PASSED] - Object: 'Object Repository/Rental/RentalHeader/RentalInvoice/ServiceCreditCard.CVV2' is clicked on

2017-11-16 16:08:32 - [TEST_STEP][PASSED] - sendKeys: Keys '865' sent to object: 'Object Repository/Rental/RentalHeader/RentalInvoice/ServiceCreditCard.CVV2'

2017-11-16 16:08:32 - [MESSAGE][PASSED] - Keys '865' sent to object: 'Object Repository/Rental/RentalHeader/RentalInvoice/ServiceCreditCard.CVV2'

2017-11-16 16:08:32 - [TEST_STEP][NOT_RUN] - sendKeys: NOT_RUN: sendKeys

2017-11-16 16:08:32 - [MESSAGE][NOT_RUN] - NOT_RUN: sendKeys

2017-11-16 16:08:32 - [TEST_STEP][NOT_RUN] - delay: NOT_RUN: delay

2017-11-16 16:08:32 - [MESSAGE][NOT_RUN] - NOT_RUN: delay

2017-11-16 16:08:32 - [TEST_STEP][PASSED] - delay: Delayed 3 second(s)

2017-11-16 16:08:35 - [MESSAGE][PASSED] - Delayed 3 second(s)

2017-11-16 16:08:35 - [TEST_STEP][PASSED] - setText: Text '09' is set on object 'Object Repository/Rental/RentalHeader/RentalInvoice/ServiceCreditCard.ExpiryMonth'

2017-11-16 16:08:35 - [MESSAGE][PASSED] - Text '09' is set on object 'Object Repository/Rental/RentalHeader/RentalInvoice/ServiceCreditCard.ExpiryMonth'

2017-11-16 16:08:35 - [TEST_STEP][PASSED] - setText: Text '99' is set on object 'Object Repository/Rental/RentalHeader/RentalInvoice/ServiceCreditCard.ExpiryYear'

2017-11-16 16:08:36 - [MESSAGE][PASSED] - Text '99' is set on object 'Object Repository/Rental/RentalHeader/RentalInvoice/ServiceCreditCard.ExpiryYear'

2017-11-16 16:08:36 - [TEST_STEP][NOT_RUN] - click: NOT_RUN: click

2017-11-16 16:08:36 - [MESSAGE][NOT_RUN] - NOT_RUN: click

2017-11-16 16:08:36 - [TEST_STEP][NOT_RUN] - delay: NOT_RUN: delay

2017-11-16 16:08:36 - [MESSAGE][NOT_RUN] - NOT_RUN: delay

2017-11-16 16:08:36 - [TEST_STEP][NOT_RUN] - click: NOT_RUN: click

2017-11-16 16:08:36 - [MESSAGE][NOT_RUN] - NOT_RUN: click

2017-11-16 16:08:36 - [TEST_STEP][NOT_RUN] - delay: NOT_RUN: delay

2017-11-16 16:08:36 - [MESSAGE][NOT_RUN] - NOT_RUN: delay

2017-11-16 16:08:36 - [TEST_STEP][NOT_RUN] - click: NOT_RUN: click

2017-11-16 16:08:36 - [MESSAGE][NOT_RUN] - NOT_RUN: click

2017-11-16 16:08:36 - [TEST_STEP][NOT_RUN] - delay: NOT_RUN: delay

2017-11-16 16:08:36 - [MESSAGE][NOT_RUN] - NOT_RUN: delay

2017-11-16 16:08:36 - [TEST_STEP][NOT_RUN] - click: NOT_RUN: click

2017-11-16 16:08:36 - [MESSAGE][NOT_RUN] - NOT_RUN: click

2017-11-16 16:08:36 - [TEST_STEP][NOT_RUN] - delay: NOT_RUN: delay

2017-11-16 16:08:36 - [MESSAGE][NOT_RUN] - NOT_RUN: delay

2017-11-16 16:08:36 - [TEST_STEP][NOT_RUN] - closeBrowser: NOT_RUN: closeBrowser

2017-11-16 16:08:36 - [MESSAGE][NOT_RUN] - NOT_RUN: closeBrowser

2017-11-16 16:08:36 - [MESSAGE][PASSED] - Call Test Case 'Test Cases/Rental/Base_RentalContract/Base_CreateRentalInvoice_HeaderlineInvoice_SplitTender' successfully

2017-11-16 16:08:36 - [TEST_STEP][FAILED] - callTestCase: Unable to call Test Case with id 'Test Cases/Rental/Base_RentalContract/Base_CreateRentalInvoicewithSpitTenderDetails_SplitTender' (Root cause: Call Test Case 'Test Cases/Rental/Base_RentalContract/Base_CreateRentalInvoicewithSpitTenderDetails_SplitTender' failed)

2017-11-16 16:08:36 - [TEST_CASE][FAILED] - Test Cases/Rental/Base_RentalContract/Base_CreateRentalInvoicewithSpitTenderDetails_SplitTender: Test Cases/Rental/Base_RentalContract/Base_CreateRentalInvoicewithSpitTenderDetails_SplitTender FAILED because (of) Unable to click on object 'Object Repository/Rental/Rental_SplitTenderDetails/SplitTender.ModeOfPaymentCash' (Root cause: com.kms.katalon.core.webui.exception.WebElementNotFoundException: Web element with id: 'Object Repository/Rental/Rental_SplitTenderDetails/SplitTender.ModeOfPaymentCash' located by 'By.xpath: //*[@id = 'item_1-label']' not found)

2017-11-16 16:08:36 - [TEST_STEP][PASSED] - delay: Delayed 5 second(s)

2017-11-16 16:08:41 - [MESSAGE][PASSED] - Delayed 5 second(s)

2017-11-16 16:08:41 - [TEST_STEP][PASSED] - doubleClick: Object: 'Object Repository/Rental/Rental_SplitTenderDetails/SplitTenderDetails' is double clicked on

2017-11-16 16:08:41 - [MESSAGE][PASSED] - Object: 'Object Repository/Rental/Rental_SplitTenderDetails/SplitTenderDetails' is double clicked on

2017-11-16 16:08:41 - [TEST_STEP][PASSED] - click: Object: 'Object Repository/Rental/Rental_SplitTenderDetails/SplitTenderDetails.Yes' is clicked on

2017-11-16 16:08:42 - [MESSAGE][PASSED] - Object: 'Object Repository/Rental/Rental_SplitTenderDetails/SplitTenderDetails.Yes' is clicked on

2017-11-16 16:08:42 - [TEST_STEP][PASSED] - delay: Delayed 3 second(s)

2017-11-16 16:08:45 - [MESSAGE][PASSED] - Delayed 3 second(s)

2017-11-16 16:08:45 - [TEST_STEP][PASSED] - click: Object: 'Object Repository/Rental/Rental_SplitTenderDetails/SplitTender.LineSession' is clicked on

2017-11-16 16:08:45 - [MESSAGE][PASSED] - Object: 'Object Repository/Rental/Rental_SplitTenderDetails/SplitTender.LineSession' is clicked on

2017-11-16 16:08:45 - [TEST_STEP][PASSED] - delay: Delayed 2 second(s)

2017-11-16 16:08:47 - [MESSAGE][PASSED] - Delayed 2 second(s)

2017-11-16 16:08:47 - [TEST_STEP][PASSED] - Statement - G_OrderAmt = com.kms.katalon.core.webui.keyword.WebUiBuiltInKeywords.getText(com.kms.katalon.core.testobject.ObjectRepository.findTestObject(Rental/Rental_SplitTenderDetails/SplitTender.OrderAmtHeader), CONTINUE_ON_FAILURE): Text of object 'Object Repository/Rental/Rental_SplitTenderDetails/SplitTender.OrderAmtHeader' is: '110.00'

2017-11-16 16:08:47 - [MESSAGE][PASSED] - Text of object 'Object Repository/Rental/Rental_SplitTenderDetails/SplitTender.OrderAmtHeader' is: '110.00'

2017-11-16 16:08:47 - [TEST_STEP][PASSED] - Statement - G_SplitOrderAmt2 = G_OrderAmt - 2: null

2017-11-16 16:08:47 - [TEST_STEP][PASSED] - comment: ***********************Line1 started***********************

2017-11-16 16:08:47 - [TEST_STEP][PASSED] - click: Object: 'Object Repository/Rental/Rental_SplitTenderDetails/SplitTender.NewButton' is clicked on

2017-11-16 16:08:47 - [MESSAGE][PASSED] - Object: 'Object Repository/Rental/Rental_SplitTenderDetails/SplitTender.NewButton' is clicked on

2017-11-16 16:08:47 - [TEST_STEP][PASSED] - delay: Delayed 2 second(s)

2017-11-16 16:08:49 - [MESSAGE][PASSED] - Delayed 2 second(s)

2017-11-16 16:08:49 - [TEST_STEP][PASSED] - doubleClick: Object: 'Object Repository/Rental/Rental_SplitTenderDetails/SplitTender.ModeofPayment' is double clicked on

2017-11-16 16:08:49 - [MESSAGE][PASSED] - Object: 'Object Repository/Rental/Rental_SplitTenderDetails/SplitTender.ModeofPayment' is double clicked on

2017-11-16 16:08:49 - [TEST_STEP][PASSED] - click: Object: 'Object Repository/Rental/Rental_SplitTenderDetails/SplitTender.ModeOfPaymentCreditCard1' is clicked on

2017-11-16 16:08:50 - [MESSAGE][PASSED] - Object: 'Object Repository/Rental/Rental_SplitTenderDetails/SplitTender.ModeOfPaymentCreditCard1' is clicked on

2017-11-16 16:08:50 - [TEST_STEP][PASSED] - click: Object: 'Object Repository/Rental/Rental_SplitTenderDetails/SplitTender.LineCCNo' is clicked on

2017-11-16 16:08:50 - [MESSAGE][PASSED] - Object: 'Object Repository/Rental/Rental_SplitTenderDetails/SplitTender.LineCCNo' is clicked on

2017-11-16 16:08:50 - [TEST_STEP][PASSED] - delay: Delayed 2 second(s)

2017-11-16 16:08:52 - [MESSAGE][PASSED] - Delayed 2 second(s)

2017-11-16 16:08:52 - [TEST_STEP][PASSED] - setText: Text '4012000033330026' is set on object 'Object Repository/Rental/Rental_SplitTenderDetails/SplitTender.LineCCNo'

2017-11-16 16:08:52 - [MESSAGE][PASSED] - Text '4012000033330026' is set on object 'Object Repository/Rental/Rental_SplitTenderDetails/SplitTender.LineCCNo'

2017-11-16 16:08:52 - [TEST_STEP][PASSED] - delay: Delayed 5 second(s)

2017-11-16 16:08:57 - [MESSAGE][PASSED] - Delayed 5 second(s)

2017-11-16 16:08:57 - [TEST_STEP][NOT_RUN] - click: NOT_RUN: click

2017-11-16 16:08:57 - [MESSAGE][NOT_RUN] - NOT_RUN: click

2017-11-16 16:08:57 - [TEST_STEP][NOT_RUN] - setText: NOT_RUN: setText

2017-11-16 16:08:57 - [MESSAGE][NOT_RUN] - NOT_RUN: setText

2017-11-16 16:08:57 - [TEST_STEP][PASSED] - scrollToElement: Scroll to object 'Object Repository/Rental/Rental_SplitTenderDetails/SplitTender.LineOrderAmount1' successfully

2017-11-16 16:08:58 - [MESSAGE][PASSED] - Scroll to object 'Object Repository/Rental/Rental_SplitTenderDetails/SplitTender.LineOrderAmount1' successfully

2017-11-16 16:08:58 - [TEST_STEP][PASSED] - delay: Delayed 5 second(s)

2017-11-16 16:09:03 - [MESSAGE][PASSED] - Delayed 5 second(s)

2017-11-16 16:09:03 - [TEST_STEP][PASSED] - click: Object: 'Object Repository/Rental/Rental_SplitTenderDetails/SplitTender.LineOrderAmount1' is clicked on

2017-11-16 16:09:03 - [MESSAGE][PASSED] - Object: 'Object Repository/Rental/Rental_SplitTenderDetails/SplitTender.LineOrderAmount1' is clicked on

2017-11-16 16:09:03 - [TEST_STEP][PASSED] - delay: Delayed 3 second(s)

2017-11-16 16:09:06 - [MESSAGE][PASSED] - Delayed 3 second(s)

2017-11-16 16:09:06 - [TEST_STEP][PASSED] - setText: Text '1.00' is set on object 'Object Repository/Rental/Rental_SplitTenderDetails/SplitTender.LineOrderAmount1'

2017-11-16 16:09:06 - [MESSAGE][PASSED] - Text '1.00' is set on object 'Object Repository/Rental/Rental_SplitTenderDetails/SplitTender.LineOrderAmount1'

2017-11-16 16:09:06 - [TEST_STEP][PASSED] - delay: Delayed 2 second(s)

2017-11-16 16:09:08 - [MESSAGE][PASSED] - Delayed 2 second(s)

2017-11-16 16:09:08 - [TEST_STEP][PASSED] - comment: ***********************Line2 started***********************

2017-11-16 16:09:08 - [TEST_STEP][PASSED] - click: Object: 'Object Repository/Rental/Rental_SplitTenderDetails/SplitTender.NewButton' is clicked on

2017-11-16 16:09:08 - [MESSAGE][PASSED] - Object: 'Object Repository/Rental/Rental_SplitTenderDetails/SplitTender.NewButton' is clicked on

2017-11-16 16:09:08 - [TEST_STEP][PASSED] - delay: Delayed 2 second(s)

2017-11-16 16:09:10 - [MESSAGE][PASSED] - Delayed 2 second(s)

2017-11-16 16:09:10 - [TEST_STEP][PASSED] - doubleClick: Object: 'Object Repository/Rental/Rental_SplitTenderDetails/SplitTender.ModeofPayment1' is double clicked on

2017-11-16 16:09:11 - [MESSAGE][PASSED] - Object: 'Object Repository/Rental/Rental_SplitTenderDetails/SplitTender.ModeofPayment1' is double clicked on

2017-11-16 16:09:11 - [TEST_STEP][PASSED] - click: Object: 'Object Repository/Rental/Rental_SplitTenderDetails/SplitTender.ModeOfPaymentCreditCard2' is clicked on

2017-11-16 16:09:11 - [MESSAGE][PASSED] - Object: 'Object Repository/Rental/Rental_SplitTenderDetails/SplitTender.ModeOfPaymentCreditCard2' is clicked on

2017-11-16 16:09:11 - [TEST_STEP][PASSED] - delay: Delayed 3 second(s)

2017-11-16 16:09:14 - [MESSAGE][PASSED] - Delayed 3 second(s)

2017-11-16 16:09:14 - [TEST_STEP][PASSED] - click: Object: 'Object Repository/Rental/Rental_SplitTenderDetails/SplitTender.Line2CCNo' is clicked on

2017-11-16 16:09:14 - [MESSAGE][PASSED] - Object: 'Object Repository/Rental/Rental_SplitTenderDetails/SplitTender.Line2CCNo' is clicked on

2017-11-16 16:09:14 - [TEST_STEP][PASSED] - delay: Delayed 2 second(s)

2017-11-16 16:09:16 - [MESSAGE][PASSED] - Delayed 2 second(s)

2017-11-16 16:09:16 - [TEST_STEP][PASSED] - setText: Text '4111123400062020' is set on object 'Object Repository/Rental/Rental_SplitTenderDetails/SplitTender.Line2CCNo'

2017-11-16 16:09:17 - [MESSAGE][PASSED] - Text '4111123400062020' is set on object 'Object Repository/Rental/Rental_SplitTenderDetails/SplitTender.Line2CCNo'

2017-11-16 16:09:17 - [TEST_STEP][PASSED] - delay: Delayed 2 second(s)

2017-11-16 16:09:19 - [MESSAGE][PASSED] - Delayed 2 second(s)

2017-11-16 16:09:19 - [TEST_STEP][PASSED] - click: Object: 'Object Repository/Rental/Rental_SplitTenderDetails/SplitTender.Line2CVV' is clicked on

2017-11-16 16:09:19 - [MESSAGE][PASSED] - Object: 'Object Repository/Rental/Rental_SplitTenderDetails/SplitTender.Line2CVV' is clicked on

2017-11-16 16:09:19 - [TEST_STEP][PASSED] - delay: Delayed 3 second(s)

2017-11-16 16:09:22 - [MESSAGE][PASSED] - Delayed 3 second(s)

2017-11-16 16:09:22 - [TEST_STEP][PASSED] - setText: Text '865' is set on object 'Object Repository/Rental/Rental_SplitTenderDetails/SplitTender.Line2CVV'

2017-11-16 16:09:22 - [MESSAGE][PASSED] - Text '865' is set on object 'Object Repository/Rental/Rental_SplitTenderDetails/SplitTender.Line2CVV'

2017-11-16 16:09:22 - [TEST_STEP][PASSED] - delay: Delayed 3 second(s)

2017-11-16 16:09:25 - [MESSAGE][PASSED] - Delayed 3 second(s)

2017-11-16 16:09:25 - [TEST_STEP][PASSED] - click: Object: 'Object Repository/Rental/Rental_SplitTenderDetails/SplitTender.CardTypeLine2' is clicked on

2017-11-16 16:09:25 - [MESSAGE][PASSED] - Object: 'Object Repository/Rental/Rental_SplitTenderDetails/SplitTender.CardTypeLine2' is clicked on

2017-11-16 16:09:25 - [TEST_STEP][PASSED] - delay: Delayed 5 second(s)

2017-11-16 16:09:30 - [MESSAGE][PASSED] - Delayed 5 second(s)

2017-11-16 16:09:30 - [TEST_STEP][PASSED] - sendKeys: Keys 'Visa Card' sent to object: 'Object Repository/Rental/Rental_SplitTenderDetails/SplitTender.CardTypeLine2'

2017-11-16 16:09:31 - [MESSAGE][PASSED] - Keys 'Visa Card' sent to object: 'Object Repository/Rental/Rental_SplitTenderDetails/SplitTender.CardTypeLine2'

2017-11-16 16:09:31 - [TEST_STEP][PASSED] - delay: Delayed 5 second(s)

2017-11-16 16:09:36 - [MESSAGE][PASSED] - Delayed 5 second(s)

2017-11-16 16:09:36 - [TEST_STEP][PASSED] - click: Object: 'Object Repository/Rental/Rental_SplitTenderDetails/SplitTender.ExpiryMonthLine2' is clicked on

2017-11-16 16:09:36 - [MESSAGE][PASSED] - Object: 'Object Repository/Rental/Rental_SplitTenderDetails/SplitTender.ExpiryMonthLine2' is clicked on

2017-11-16 16:09:36 - [TEST_STEP][PASSED] - delay: Delayed 3 second(s)

2017-11-16 16:09:39 - [MESSAGE][PASSED] - Delayed 3 second(s)

2017-11-16 16:09:39 - [TEST_STEP][PASSED] - setText: Text '09' is set on object 'Object Repository/Rental/Rental_SplitTenderDetails/SplitTender.ExpiryMonthLine2'

2017-11-16 16:09:39 - [MESSAGE][PASSED] - Text '09' is set on object 'Object Repository/Rental/Rental_SplitTenderDetails/SplitTender.ExpiryMonthLine2'

2017-11-16 16:09:39 - [TEST_STEP][PASSED] - delay: Delayed 2 second(s)

2017-11-16 16:09:41 - [MESSAGE][PASSED] - Delayed 2 second(s)

2017-11-16 16:09:41 - [TEST_STEP][PASSED] - click: Object: 'Object Repository/Rental/Rental_SplitTenderDetails/SplitTender.ExpiryYearLine2' is clicked on

2017-11-16 16:09:42 - [MESSAGE][PASSED] - Object: 'Object Repository/Rental/Rental_SplitTenderDetails/SplitTender.ExpiryYearLine2' is clicked on

2017-11-16 16:09:42 - [TEST_STEP][PASSED] - delay: Delayed 2 second(s)

2017-11-16 16:09:44 - [MESSAGE][PASSED] - Delayed 2 second(s)

2017-11-16 16:09:44 - [TEST_STEP][PASSED] - setText: Text '99' is set on object 'Object Repository/Rental/Rental_SplitTenderDetails/SplitTender.ExpiryYearLine2'

2017-11-16 16:09:44 - [MESSAGE][PASSED] - Text '99' is set on object 'Object Repository/Rental/Rental_SplitTenderDetails/SplitTender.ExpiryYearLine2'

2017-11-16 16:09:44 - [TEST_STEP][PASSED] - delay: Delayed 3 second(s)

2017-11-16 16:09:47 - [MESSAGE][PASSED] - Delayed 3 second(s)

2017-11-16 16:09:47 - [TEST_STEP][PASSED] - scrollToElement: Scroll to object 'Object Repository/Rental/Rental_SplitTenderDetails/SplitTender.LineOrderAmount2' successfully

2017-11-16 16:09:47 - [MESSAGE][PASSED] - Scroll to object 'Object Repository/Rental/Rental_SplitTenderDetails/SplitTender.LineOrderAmount2' successfully

2017-11-16 16:09:47 - [TEST_STEP][PASSED] - delay: Delayed 2 second(s)

2017-11-16 16:09:49 - [MESSAGE][PASSED] - Delayed 2 second(s)

2017-11-16 16:09:49 - [TEST_STEP][PASSED] - click: Object: 'Object Repository/Rental/Rental_SplitTenderDetails/SplitTender.LineOrderAmount2' is clicked on

2017-11-16 16:09:49 - [MESSAGE][PASSED] - Object: 'Object Repository/Rental/Rental_SplitTenderDetails/SplitTender.LineOrderAmount2' is clicked on

2017-11-16 16:09:49 - [TEST_STEP][PASSED] - delay: Delayed 2 second(s)

2017-11-16 16:09:51 - [MESSAGE][PASSED] - Delayed 2 second(s)

2017-11-16 16:09:51 - [TEST_STEP][PASSED] - setText: Text '1.00' is set on object 'Object Repository/Rental/Rental_SplitTenderDetails/SplitTender.LineOrderAmount2'

2017-11-16 16:09:51 - [MESSAGE][PASSED] - Text '1.00' is set on object 'Object Repository/Rental/Rental_SplitTenderDetails/SplitTender.LineOrderAmount2'

2017-11-16 16:09:51 - [TEST_STEP][PASSED] - delay: Delayed 2 second(s)

2017-11-16 16:09:53 - [MESSAGE][PASSED] - Delayed 2 second(s)

2017-11-16 16:09:53 - [TEST_STEP][PASSED] - comment: ***********************Line3 started***********************

2017-11-16 16:09:53 - [TEST_STEP][PASSED] - click: Object: 'Object Repository/Rental/Rental_SplitTenderDetails/SplitTender.NewButton' is clicked on

2017-11-16 16:09:54 - [MESSAGE][PASSED] - Object: 'Object Repository/Rental/Rental_SplitTenderDetails/SplitTender.NewButton' is clicked on

2017-11-16 16:09:54 - [TEST_STEP][PASSED] - delay: Delayed 3 second(s)

2017-11-16 16:09:57 - [MESSAGE][PASSED] - Delayed 3 second(s)

2017-11-16 16:09:57 - [TEST_STEP][PASSED] - doubleClick: Object: 'Object Repository/Rental/Rental_SplitTenderDetails/SplitTender.ModeOfPaymentCreditCard2' is double clicked on

2017-11-16 16:09:57 - [MESSAGE][PASSED] - Object: 'Object Repository/Rental/Rental_SplitTenderDetails/SplitTender.ModeOfPaymentCreditCard2' is double clicked on

2017-11-16 16:09:57 - [TEST_STEP][PASSED] - delay: Delayed 2 second(s)

2017-11-16 16:09:59 - [MESSAGE][PASSED] - Delayed 2 second(s)

2017-11-16 16:09:59 - [TEST_STEP][FAILED] - click: Unable to click on object 'Object Repository/Rental/Rental_SplitTenderDetails/SplitTender.ModeOfPaymentCash' (Root cause: com.kms.katalon.core.webui.exception.WebElementNotFoundException: Web element with id: 'Object Repository/Rental/Rental_SplitTenderDetails/SplitTender.ModeOfPaymentCash' located by 'By.xpath: //*[@id = 'item_1-label']' not found)

2017-11-16 16:10:33 - [MESSAGE][FAILED] - Unable to click on object 'Object Repository/Rental/Rental_SplitTenderDetails/SplitTender.ModeOfPaymentCash' (Root cause: com.kms.katalon.core.webui.exception.WebElementNotFoundException: Web element with id: 'Object Repository/Rental/Rental_SplitTenderDetails/SplitTender.ModeOfPaymentCash' located by 'By.xpath: //*[@id = 'item_1-label']' not found)
[[ATTACHMENT|C:\\Users\\agawhande\\git\\CreditCard\\Reports\\CC_RentalInvoicewithSplitTenderTestSuite\\20171116_160316\\1510828833136.png]]

2017-11-16 16:10:33 - [TEST_STEP][PASSED] - delay: Delayed 10 second(s)

2017-11-16 16:10:43 - [MESSAGE][PASSED] - Delayed 10 second(s)

2017-11-16 16:10:43 - [TEST_STEP][NOT_RUN] - scrollToElement: NOT_RUN: scrollToElement

2017-11-16 16:10:43 - [MESSAGE][NOT_RUN] - NOT_RUN: scrollToElement

2017-11-16 16:10:43 - [TEST_STEP][PASSED] - click: Object: 'Object Repository/Rental/Rental_SplitTenderDetails/SplitTender.LineOrderAmount3' is clicked on

2017-11-16 16:10:43 - [MESSAGE][PASSED] - Object: 'Object Repository/Rental/Rental_SplitTenderDetails/SplitTender.LineOrderAmount3' is clicked on

2017-11-16 16:10:43 - [TEST_STEP][PASSED] - delay: Delayed 2 second(s)

2017-11-16 16:10:45 - [MESSAGE][PASSED] - Delayed 2 second(s)

2017-11-16 16:10:45 - [TEST_STEP][PASSED] - setText: Text '108.0' is set on object 'Object Repository/Rental/Rental_SplitTenderDetails/SplitTender.LineOrderAmount3'

2017-11-16 16:10:46 - [MESSAGE][PASSED] - Text '108.0' is set on object 'Object Repository/Rental/Rental_SplitTenderDetails/SplitTender.LineOrderAmount3'

2017-11-16 16:10:46 - [TEST_STEP][PASSED] - delay: Delayed 2 second(s)

2017-11-16 16:10:48 - [MESSAGE][PASSED] - Delayed 2 second(s)

2017-11-16 16:10:48 - [TEST_STEP][FAILED] - click: Unable to click on object 'Object Repository/Rental/Rental_SplitTenderDetails/SplitTender.Save' (Root cause: com.kms.katalon.core.webui.exception.WebElementNotFoundException: Web element with id: 'Object Repository/Rental/Rental_SplitTenderDetails/SplitTender.Save' located by 'By.xpath: //*[@id = 'xiext8105m000-4-button-std-file.save']' not found)

2017-11-16 16:11:21 - [MESSAGE][FAILED] - Unable to click on object 'Object Repository/Rental/Rental_SplitTenderDetails/SplitTender.Save' (Root cause: com.kms.katalon.core.webui.exception.WebElementNotFoundException: Web element with id: 'Object Repository/Rental/Rental_SplitTenderDetails/SplitTender.Save' located by 'By.xpath: //*[@id = 'xiext8105m000-4-button-std-file.save']' not found)
[[ATTACHMENT|C:\\Users\\agawhande\\git\\CreditCard\\Reports\\CC_RentalInvoicewithSplitTenderTestSuite\\20171116_160316\\1510828881406.png]]

2017-11-16 16:11:21 - [TEST_STEP][PASSED] - delay: Delayed 3 second(s)

2017-11-16 16:11:24 - [MESSAGE][PASSED] - Delayed 3 second(s)

2017-11-16 16:11:24 - [TEST_STEP][PASSED] - click: Object: 'Object Repository/Rental/Rental_SplitTenderDetails/SplitTender.Action' is clicked on

2017-11-16 16:11:24 - [MESSAGE][PASSED] - Object: 'Object Repository/Rental/Rental_SplitTenderDetails/SplitTender.Action' is clicked on

2017-11-16 16:11:24 - [TEST_STEP][PASSED] - delay: Delayed 2 second(s)

2017-11-16 16:11:26 - [MESSAGE][PASSED] - Delayed 2 second(s)

2017-11-16 16:11:26 - [TEST_STEP][PASSED] - click: Object: 'Object Repository/Rental/Rental_SplitTenderDetails/SplitTender.ApplyTax' is clicked on

2017-11-16 16:11:27 - [MESSAGE][PASSED] - Object: 'Object Repository/Rental/Rental_SplitTenderDetails/SplitTender.ApplyTax' is clicked on

2017-11-16 16:11:27 - [TEST_STEP][PASSED] - delay: Delayed 2 second(s)

2017-11-16 16:11:29 - [MESSAGE][PASSED] - Delayed 2 second(s)

2017-11-16 16:11:29 - [TEST_STEP][PASSED] - Statement - G_SplitInvoiceAmt1 = com.kms.katalon.core.webui.keyword.WebUiBuiltInKeywords.getText(com.kms.katalon.core.testobject.ObjectRepository.findTestObject(Rental/Rental_SplitTenderDetails/SplitTender.InvoiceAmt1)): Text of object 'Object Repository/Rental/Rental_SplitTenderDetails/SplitTender.InvoiceAmt1' is: '1.00'

2017-11-16 16:11:29 - [MESSAGE][PASSED] - Text of object 'Object Repository/Rental/Rental_SplitTenderDetails/SplitTender.InvoiceAmt1' is: '1.00'

2017-11-16 16:11:29 - [TEST_STEP][PASSED] - Statement - G_SplitInvoiceAmt2 = com.kms.katalon.core.webui.keyword.WebUiBuiltInKeywords.getText(com.kms.katalon.core.testobject.ObjectRepository.findTestObject(Rental/Rental_SplitTenderDetails/SplitTender.InvoiceAmt2)): Text of object 'Object Repository/Rental/Rental_SplitTenderDetails/SplitTender.InvoiceAmt2' is: '1.00'

2017-11-16 16:11:29 - [MESSAGE][PASSED] - Text of object 'Object Repository/Rental/Rental_SplitTenderDetails/SplitTender.InvoiceAmt2' is: '1.00'

2017-11-16 16:11:29 - [TEST_STEP][FAILED] - click: Unable to click on object 'Object Repository/Rental/Rental_SplitTenderDetails/SplitTender.SaveClose' (Root cause: org.openqa.selenium.WebDriverException: Element <div tabindex="0" class="Button" id="xiext8105m000-12-button-std-file.save_and_close" draggable="true"></div> is not clickable at point (71.5, 128). Other element would receive the click: <div class="WindowManagerGlass" style="z-index: 1;"></div>
Command duration or timeout: 100 milliseconds
Build info: version: 'unknown', revision: 'unknown', time: 'unknown'
System info: host: 'ANIL110', ip: '192.168.25.228', os.name: 'Windows 7', os.arch: 'amd64', os.version: '6.1', java.version: '1.8.0_102'
Driver info: com.kms.katalon.core.webui.driver.firefox.CFirefoxDriver47
Capabilities [{applicationCacheEnabled=true, rotatable=false, handlesAlerts=true, databaseEnabled=true, version=56.0, platform=WINDOWS, nativeEvents=false, acceptSslCerts=true, webStorageEnabled=true, locationContextEnabled=true, browserName=firefox, takesScreenshot=true, javascriptEnabled=true, cssSelectorsEnabled=true}]
Session ID: 2712a57f-05ee-400c-ba81-84012fd760f0)

2017-11-16 16:11:29 - [MESSAGE][FAILED] - Unable to click on object 'Object Repository/Rental/Rental_SplitTenderDetails/SplitTender.SaveClose' (Root cause: org.openqa.selenium.WebDriverException: Element <div tabindex="0" class="Button" id="xiext8105m000-12-button-std-file.save_and_close" draggable="true"></div> is not clickable at point (71.5, 128). Other element would receive the click: <div class="WindowManagerGlass" style="z-index: 1;"></div>
Command duration or timeout: 100 milliseconds
Build info: version: 'unknown', revision: 'unknown', time: 'unknown'
System info: host: 'ANIL110', ip: '192.168.25.228', os.name: 'Windows 7', os.arch: 'amd64', os.version: '6.1', java.version: '1.8.0_102'
Driver info: com.kms.katalon.core.webui.driver.firefox.CFirefoxDriver47
Capabilities [{applicationCacheEnabled=true, rotatable=false, handlesAlerts=true, databaseEnabled=true, version=56.0, platform=WINDOWS, nativeEvents=false, acceptSslCerts=true, webStorageEnabled=true, locationContextEnabled=true, browserName=firefox, takesScreenshot=true, javascriptEnabled=true, cssSelectorsEnabled=true}]
Session ID: 2712a57f-05ee-400c-ba81-84012fd760f0)
[[ATTACHMENT|C:\\Users\\agawhande\\git\\CreditCard\\Reports\\CC_RentalInvoicewithSplitTenderTestSuite\\20171116_160316\\1510828889592.png]]

2017-11-16 16:11:29 - [TEST_STEP][PASSED] - delay: Delayed 2 second(s)

2017-11-16 16:11:31 - [MESSAGE][PASSED] - Delayed 2 second(s)

2017-11-16 16:11:31 - [TEST_STEP][FAILED] - click: Unable to click on object 'Object Repository/Rental/RentalHeader/RentalInvoice/ServiceCreditCard.Process' (Root cause: org.openqa.selenium.WebDriverException: Element <div tabindex="0" class="Button TextButton" id="xiext6102m000-11-button-form-process.cc.payment" draggable="true"></div> is not clickable at point (212, 123). Other element would receive the click: <div class="WindowManagerGlass" style="z-index: 1;"></div>
Command duration or timeout: 94 milliseconds
Build info: version: 'unknown', revision: 'unknown', time: 'unknown'
System info: host: 'ANIL110', ip: '192.168.25.228', os.name: 'Windows 7', os.arch: 'amd64', os.version: '6.1', java.version: '1.8.0_102'
Driver info: com.kms.katalon.core.webui.driver.firefox.CFirefoxDriver47
Capabilities [{applicationCacheEnabled=true, rotatable=false, handlesAlerts=true, databaseEnabled=true, version=56.0, platform=WINDOWS, nativeEvents=false, acceptSslCerts=true, webStorageEnabled=true, locationContextEnabled=true, browserName=firefox, takesScreenshot=true, javascriptEnabled=true, cssSelectorsEnabled=true}]
Session ID: 2712a57f-05ee-400c-ba81-84012fd760f0)

2017-11-16 16:11:32 - [MESSAGE][FAILED] - Unable to click on object 'Object Repository/Rental/RentalHeader/RentalInvoice/ServiceCreditCard.Process' (Root cause: org.openqa.selenium.WebDriverException: Element <div tabindex="0" class="Button TextButton" id="xiext6102m000-11-button-form-process.cc.payment" draggable="true"></div> is not clickable at point (212, 123). Other element would receive the click: <div class="WindowManagerGlass" style="z-index: 1;"></div>
Command duration or timeout: 94 milliseconds
Build info: version: 'unknown', revision: 'unknown', time: 'unknown'
System info: host: 'ANIL110', ip: '192.168.25.228', os.name: 'Windows 7', os.arch: 'amd64', os.version: '6.1', java.version: '1.8.0_102'
Driver info: com.kms.katalon.core.webui.driver.firefox.CFirefoxDriver47
Capabilities [{applicationCacheEnabled=true, rotatable=false, handlesAlerts=true, databaseEnabled=true, version=56.0, platform=WINDOWS, nativeEvents=false, acceptSslCerts=true, webStorageEnabled=true, locationContextEnabled=true, browserName=firefox, takesScreenshot=true, javascriptEnabled=true, cssSelectorsEnabled=true}]
Session ID: 2712a57f-05ee-400c-ba81-84012fd760f0)
[[ATTACHMENT|C:\\Users\\agawhande\\git\\CreditCard\\Reports\\CC_RentalInvoicewithSplitTenderTestSuite\\20171116_160316\\1510828891934.png]]

2017-11-16 16:11:32 - [TEST_STEP][PASSED] - delay: Delayed 13 second(s)

2017-11-16 16:11:45 - [MESSAGE][PASSED] - Delayed 13 second(s)

2017-11-16 16:11:45 - [TEST_STEP][FAILED] - click: Unable to click on object 'Object Repository/Rental/RentalHeader/RentalInvoice/ServiceCreditCard.PrintOK' (Root cause: com.kms.katalon.core.webui.exception.WebElementNotFoundException: Web element with id: 'Object Repository/Rental/RentalHeader/RentalInvoice/ServiceCreditCard.PrintOK' located by 'By.xpath: //*[@id = 'dlg-erext4203m001-10-input-button-0']' not found)

2017-11-16 16:12:19 - [MESSAGE][FAILED] - Unable to click on object 'Object Repository/Rental/RentalHeader/RentalInvoice/ServiceCreditCard.PrintOK' (Root cause: com.kms.katalon.core.webui.exception.WebElementNotFoundException: Web element with id: 'Object Repository/Rental/RentalHeader/RentalInvoice/ServiceCreditCard.PrintOK' located by 'By.xpath: //*[@id = 'dlg-erext4203m001-10-input-button-0']' not found)
[[ATTACHMENT|C:\\Users\\agawhande\\git\\CreditCard\\Reports\\CC_RentalInvoicewithSplitTenderTestSuite\\20171116_160316\\1510828938914.png]]

2017-11-16 16:12:19 - [TEST_STEP][PASSED] - delay: Delayed 10 second(s)

2017-11-16 16:12:29 - [MESSAGE][PASSED] - Delayed 10 second(s)

2017-11-16 16:12:29 - [TEST_STEP][FAILED] - click: Unable to click on object 'Object Repository/Rental/RentalHeader/RentalInvoice/ServiceCreditCard.PrintDevice' (Root cause: com.kms.katalon.core.webui.exception.WebElementNotFoundException: Web element with id: 'Object Repository/Rental/RentalHeader/RentalInvoice/ServiceCreditCard.PrintDevice' located by 'By.xpath: //*[@id = 'ttstpsplopen-13-button-form-exec.cont.process']' not found)

2017-11-16 16:13:02 - [MESSAGE][FAILED] - Unable to click on object 'Object Repository/Rental/RentalHeader/RentalInvoice/ServiceCreditCard.PrintDevice' (Root cause: com.kms.katalon.core.webui.exception.WebElementNotFoundException: Web element with id: 'Object Repository/Rental/RentalHeader/RentalInvoice/ServiceCreditCard.PrintDevice' located by 'By.xpath: //*[@id = 'ttstpsplopen-13-button-form-exec.cont.process']' not found)
[[ATTACHMENT|C:\\Users\\agawhande\\git\\CreditCard\\Reports\\CC_RentalInvoicewithSplitTenderTestSuite\\20171116_160316\\1510828982714.png]]

2017-11-16 16:13:02 - [TEST_STEP][PASSED] - delay: Delayed 5 second(s)

2017-11-16 16:13:07 - [MESSAGE][PASSED] - Delayed 5 second(s)

2017-11-16 16:13:07 - [MESSAGE][FAILED] - Unable to call Test Case with id 'Test Cases/Rental/Base_RentalContract/Base_CreateRentalInvoicewithSpitTenderDetails_SplitTender' (Root cause: Call Test Case 'Test Cases/Rental/Base_RentalContract/Base_CreateRentalInvoicewithSpitTenderDetails_SplitTender' failed)]]></system-out>
         <system-err><![CDATA[2017-11-16 16:03:26 - [TEST_CASE][FAILED] - Test Cases/Rental/Base_RentalContract/CreditCardRegression/TC004_RentalContractInvoice_SplitTender - Iteration 1: Test Cases/Rental/Base_RentalContract/CreditCardRegression/TC004_RentalContractInvoice_SplitTender FAILED because (of) Unable to click on object 'Object Repository/Rental/Rental_SplitTenderDetails/SplitTender.ModeOfPaymentCash' (Root cause: com.kms.katalon.core.webui.exception.WebElementNotFoundException: Web element with id: 'Object Repository/Rental/Rental_SplitTenderDetails/SplitTender.ModeOfPaymentCash' located by 'By.xpath: //*[@id = 'item_1-label']' not found)]]></system-err>
      </testcase>
      <testcase name="Test Cases/Rental/Base_RentalContract/CreditCardRegression/TC004_RentalContractInvoice_SplitTender - Iteration 2" classname="Test Cases/Rental/Base_RentalContract/CreditCardRegression/TC004_RentalContractInvoice_SplitTender" status="INCOMPLETE">
         <system-out><![CDATA[2017-11-16 16:13:07 - [TEST_CASE][INCOMPLETE] - Test Cases/Rental/Base_RentalContract/CreditCardRegression/TC004_RentalContractInvoice_SplitTender - Iteration 2: null

2017-11-16 16:13:07 - [TEST_STEP][INCOMPLETE] - callTestCase: null

2017-11-16 16:13:08 - [TEST_CASE][INCOMPLETE] - Test Cases/Equipment/Base_EquipmentPurchase/EPO_CreateNrecieve: null

2017-11-16 16:13:08 - [TEST_STEP][INCOMPLETE] - callTestCase: null

2017-11-16 16:13:08 - [TEST_CASE][INCOMPLETE] - Test Cases/Equipment/Base_EquipmentPurchase/Base_EPO_CreateHeaderNline: null

2017-11-16 16:13:08 - [TEST_STEP][INCOMPLETE] - callTestCase: null

2017-11-16 16:13:08 - [TEST_CASE][INCOMPLETE] - Test Cases/Common/Base_Common_OpenSession: null

2017-11-16 16:13:08 - [TEST_STEP][FAILED] - openBrowser: Unable to open browser with url: 'https://rgajbhiye:Robin$123@proxima-ln4.e-emphasys.com:8441/webui/servlet/login' (Root cause: org.openqa.selenium.remote.UnreachableBrowserException: Error communicating with the remote browser. It may have died.
Build info: version: 'unknown', revision: 'unknown', time: 'unknown'
System info: host: 'ANIL110', ip: '192.168.25.228', os.name: 'Windows 7', os.arch: 'amd64', os.version: '6.1', java.version: '1.8.0_102'
Driver info: driver.version: RemoteWebDriver
Capabilities [{applicationCacheEnabled=true, rotatable=false, handlesAlerts=true, databaseEnabled=true, version=56.0, platform=WINDOWS, nativeEvents=false, acceptSslCerts=true, webStorageEnabled=true, locationContextEnabled=true, browserName=firefox, takesScreenshot=true, javascriptEnabled=true, cssSelectorsEnabled=true}]
Session ID: 3d135534-05a7-4881-9250-cb2faa966830)

2017-11-16 16:13:08 - [MESSAGE][WARNING] - A browser is already opened. Closing browser and opening a new one

2017-11-16 16:13:17 - [MESSAGE][FAILED] - Unable to open browser with url: 'https://rgajbhiye:Robin$123@proxima-ln4.e-emphasys.com:8441/webui/servlet/login' (Root cause: org.openqa.selenium.remote.UnreachableBrowserException: Error communicating with the remote browser. It may have died.
Build info: version: 'unknown', revision: 'unknown', time: 'unknown'
System info: host: 'ANIL110', ip: '192.168.25.228', os.name: 'Windows 7', os.arch: 'amd64', os.version: '6.1', java.version: '1.8.0_102'
Driver info: driver.version: RemoteWebDriver
Capabilities [{applicationCacheEnabled=true, rotatable=false, handlesAlerts=true, databaseEnabled=true, version=56.0, platform=WINDOWS, nativeEvents=false, acceptSslCerts=true, webStorageEnabled=true, locationContextEnabled=true, browserName=firefox, takesScreenshot=true, javascriptEnabled=true, cssSelectorsEnabled=true}]
Session ID: 3d135534-05a7-4881-9250-cb2faa966830)

2017-11-16 16:13:17 - [TEST_STEP][INCOMPLETE] - waitForPageLoad: Checking timeout]]></system-out>
         <system-err><![CDATA[2017-11-16 16:13:07 - [TEST_CASE][INCOMPLETE] - Test Cases/Rental/Base_RentalContract/CreditCardRegression/TC004_RentalContractInvoice_SplitTender - Iteration 2: null]]></system-err>
      </testcase>
      <system-out><![CDATA[2017-11-16 16:03:25 - [TEST_SUITE][INCOMPLETE] - CC_RentalInvoicewithSplitTenderTestSuite: null]]></system-out>
      <system-err><![CDATA[2017-11-16 16:03:25 - [TEST_SUITE][INCOMPLETE] - CC_RentalInvoicewithSplitTenderTestSuite: null]]></system-err>
   </testsuite>
</testsuites>
