<?xml version="1.0" encoding="UTF-8"?>
<testsuites name="CC_ServiceOrderwithSplitTenderTestSuite" time="298" tests="0" failures="0" errors="0">
   <testsuite name="CC_ServiceOrderwithSplitTenderTestSuite" tests="0" failures="0" errors="0" time="298" timestamp="2017-12-05 17:46:54" hostname="agawhande - ANIL110.e-emphasys.com" id="Test Suites/Proxima/CC_ServiceOrderwithSplitTenderTestSuite">
      <properties>
         <property name="deviceName" value=""/>
         <property name="devicePlatform" value=""/>
         <property name="logFolder" value="C:\\Users\\agawhande\\git\\CreditCard\\Reports\\Proxima\\CC_ServiceOrderwithSplitTenderTestSuite\\20171205_174646"/>
         <property name="logFiles" value="C:\\Users\\agawhande\\git\\CreditCard\\Reports\\Proxima\\CC_ServiceOrderwithSplitTenderTestSuite\\20171205_174646\\execution0.log"/>
         <property name="attachments" value="C:\\Users\\agawhande\\git\\CreditCard\\Reports\\Proxima\\CC_ServiceOrderwithSplitTenderTestSuite\\20171205_174646\\1512476512006.png"/>
         <property name="hostName" value="agawhande - ANIL110.e-emphasys.com"/>
         <property name="os" value="Windows 7 64bit"/>
         <property name="katalonVersion" value="4.8.0.2"/>
         <property name="browser" value="Firefox 56.0"/>
         <property name="hostAddress" value="192.168.25.228"/>
         <property name="sessionId" value="eb6628c3-2d92-40e7-a6cf-6935b06d8c98"/>
         <property name="seleniumVersion" value="unknown"/>
         <property name="proxyInformation" value="ProxyInformation{proxyOption=NO_PROXY, proxyServerType=, password=, proxyServerAddress=, proxyServerPort=0}"/>
         <property name="platform" value="Windows 7"/>
      </properties>
      <testcase name="Test Cases/Service/CreditCardRegression/TC002_Service_CreditCardSplitTender - Iteration 1" classname="Test Cases/Service/CreditCardRegression/TC002_Service_CreditCardSplitTender" status="INCOMPLETE">
         <system-out><![CDATA[2017-12-05 17:46:54 - [TEST_CASE][INCOMPLETE] - Test Cases/Service/CreditCardRegression/TC002_Service_CreditCardSplitTender - Iteration 1: null

2017-12-05 17:46:55 - [TEST_STEP][PASSED] - callTestCase: Call Test Case 'Test Cases/Service/BaseTestCases/Base_Service_CreateHeader' successfully

2017-12-05 17:46:55 - [TEST_CASE][PASSED] - Test Cases/Service/BaseTestCases/Base_Service_CreateHeader: Test Cases/Service/BaseTestCases/Base_Service_CreateHeader

2017-12-05 17:46:55 - [TEST_STEP][PASSED] - callTestCase: Call Test Case 'Test Cases/Common/Base_Common_OpenSession' successfully

2017-12-05 17:46:55 - [TEST_CASE][PASSED] - Test Cases/Common/Base_Common_OpenSession: Test Cases/Common/Base_Common_OpenSession

2017-12-05 17:46:56 - [TEST_STEP][PASSED] - openBrowser: Browser is opened with url: 'https://rgajbhiye:Robin$123@proxima-ln4.e-emphasys.com:8441/webui/servlet/login'

2017-12-05 17:47:02 - [MESSAGE][PASSED] - Browser is opened with url: 'https://rgajbhiye:Robin$123@proxima-ln4.e-emphasys.com:8441/webui/servlet/login'

2017-12-05 17:47:02 - [TEST_STEP][PASSED] - waitForPageLoad: Wait for page load successfully

2017-12-05 17:47:03 - [MESSAGE][PASSED] - Wait for page load successfully

2017-12-05 17:47:03 - [TEST_STEP][PASSED] - maximizeWindow: Current window maximized

2017-12-05 17:47:03 - [MESSAGE][PASSED] - Current window maximized

2017-12-05 17:47:03 - [TEST_STEP][PASSED] - click: Object: 'Object Repository/Common/HomePage/HomePage_more' is clicked on

2017-12-05 17:47:11 - [MESSAGE][PASSED] - Object: 'Object Repository/Common/HomePage/HomePage_more' is clicked on

2017-12-05 17:47:11 - [TEST_STEP][PASSED] - click: Object: 'Object Repository/Common/HomePage/HomePage_Option' is clicked on

2017-12-05 17:47:11 - [MESSAGE][PASSED] - Object: 'Object Repository/Common/HomePage/HomePage_Option' is clicked on

2017-12-05 17:47:11 - [TEST_STEP][PASSED] - click: Object: 'Object Repository/Common/HomePage/HomePage_RunProgram_' is clicked on

2017-12-05 17:47:12 - [MESSAGE][PASSED] - Object: 'Object Repository/Common/HomePage/HomePage_RunProgram_' is clicked on

2017-12-05 17:47:12 - [TEST_STEP][PASSED] - sendKeys: Keys 'tssoc2100m001' sent to object: 'Object Repository/Common/HomePage/HomePage_Session_ID'

2017-12-05 17:47:12 - [MESSAGE][PASSED] - Keys 'tssoc2100m001' sent to object: 'Object Repository/Common/HomePage/HomePage_Session_ID'

2017-12-05 17:47:12 - [TEST_STEP][PASSED] - click: Object: 'Object Repository/Common/HomePage/HomePage_OkButton' is clicked on

2017-12-05 17:47:12 - [MESSAGE][PASSED] - Object: 'Object Repository/Common/HomePage/HomePage_OkButton' is clicked on

2017-12-05 17:47:12 - [MESSAGE][PASSED] - Call Test Case 'Test Cases/Common/Base_Common_OpenSession' successfully

2017-12-05 17:47:12 - [TEST_STEP][PASSED] - click: Object: 'Object Repository/Service/ServiceOrder/ServiceOrderHeader/ServiceOrderHeader.Newbutton' is clicked on

2017-12-05 17:47:15 - [MESSAGE][PASSED] - Object: 'Object Repository/Service/ServiceOrder/ServiceOrderHeader/ServiceOrderHeader.Newbutton' is clicked on

2017-12-05 17:47:15 - [TEST_STEP][PASSED] - delay: Delayed 3 second(s)

2017-12-05 17:47:18 - [MESSAGE][PASSED] - Delayed 3 second(s)

2017-12-05 17:47:18 - [TEST_STEP][PASSED] - setText: Text 'M00000010' is set on object 'Object Repository/Service/ServiceOrder/ServiceOrderHeader/ServiceOrderHeader.Customer'

2017-12-05 17:47:18 - [MESSAGE][PASSED] - Text 'M00000010' is set on object 'Object Repository/Service/ServiceOrder/ServiceOrderHeader/ServiceOrderHeader.Customer'

2017-12-05 17:47:18 - [TEST_STEP][PASSED] - sendKeys: Keys '' sent to object: 'Object Repository/Service/ServiceOrder/ServiceOrderHeader/ServiceOrderHeader.Customer'

2017-12-05 17:47:18 - [MESSAGE][PASSED] - Keys '' sent to object: 'Object Repository/Service/ServiceOrder/ServiceOrderHeader/ServiceOrderHeader.Customer'

2017-12-05 17:47:18 - [TEST_STEP][PASSED] - delay: Delayed 3 second(s)

2017-12-05 17:47:21 - [MESSAGE][PASSED] - Delayed 3 second(s)

2017-12-05 17:47:21 - [TEST_STEP][PASSED] - setText: Text 'MD0011957' is set on object 'Object Repository/Service/ServiceOrder/ServiceOrderHeader/ServiceOrderHeader.Unit'

2017-12-05 17:47:22 - [MESSAGE][PASSED] - Text 'MD0011957' is set on object 'Object Repository/Service/ServiceOrder/ServiceOrderHeader/ServiceOrderHeader.Unit'

2017-12-05 17:47:22 - [TEST_STEP][PASSED] - click: Object: 'Object Repository/Service/ServiceOrder/ServiceOrderHeader/ServiceOrderHeader.Save' is clicked on

2017-12-05 17:47:22 - [MESSAGE][PASSED] - Object: 'Object Repository/Service/ServiceOrder/ServiceOrderHeader/ServiceOrderHeader.Save' is clicked on

2017-12-05 17:47:22 - [TEST_STEP][PASSED] - click: Object: 'Object Repository/Service/ServiceOrder/ServiceOrderHeader/ServiceOrderHeader.Warning' is clicked on

2017-12-05 17:47:29 - [MESSAGE][PASSED] - Object: 'Object Repository/Service/ServiceOrder/ServiceOrderHeader/ServiceOrderHeader.Warning' is clicked on

2017-12-05 17:47:29 - [TEST_STEP][PASSED] - delay: Delayed 3 second(s)

2017-12-05 17:47:32 - [MESSAGE][PASSED] - Delayed 3 second(s)

2017-12-05 17:47:32 - [TEST_STEP][PASSED] - click: Object: 'Object Repository/Service/ServiceOrder/ServiceOrderHeader/ServiceOrderHeader.PaymentMode' is clicked on

2017-12-05 17:47:32 - [MESSAGE][PASSED] - Object: 'Object Repository/Service/ServiceOrder/ServiceOrderHeader/ServiceOrderHeader.PaymentMode' is clicked on

2017-12-05 17:47:32 - [TEST_STEP][PASSED] - click: Object: 'Object Repository/Service/ServiceOrder/ServiceOrderHeader/ServiceOrderHeader.CreditCardoption' is clicked on

2017-12-05 17:47:32 - [MESSAGE][PASSED] - Object: 'Object Repository/Service/ServiceOrder/ServiceOrderHeader/ServiceOrderHeader.CreditCardoption' is clicked on

2017-12-05 17:47:32 - [TEST_STEP][PASSED] - delay: Delayed 5 second(s)

2017-12-05 17:47:37 - [MESSAGE][PASSED] - Delayed 5 second(s)

2017-12-05 17:47:37 - [TEST_STEP][NOT_RUN] - setText: NOT_RUN: setText

2017-12-05 17:47:37 - [MESSAGE][NOT_RUN] - NOT_RUN: setText

2017-12-05 17:47:37 - [TEST_STEP][PASSED] - click: Object: 'Object Repository/Service/ServiceOrder/ServiceOrderHeader/ServiceOrderHeader.Save' is clicked on

2017-12-05 17:47:37 - [MESSAGE][PASSED] - Object: 'Object Repository/Service/ServiceOrder/ServiceOrderHeader/ServiceOrderHeader.Save' is clicked on

2017-12-05 17:47:37 - [TEST_STEP][PASSED] - delay: Delayed 5 second(s)

2017-12-05 17:47:42 - [MESSAGE][PASSED] - Delayed 5 second(s)

2017-12-05 17:47:42 - [TEST_STEP][PASSED] - Statement - SWOOrderNo = com.kms.katalon.core.webui.keyword.WebUiBuiltInKeywords.getAttribute(com.kms.katalon.core.testobject.ObjectRepository.findTestObject(Service/ServiceOrder/ServiceOrderHeader/ServiceOrderHeader.OrderNo), "value"): Attribute 'value' of object 'Object Repository/Service/ServiceOrder/ServiceOrderHeader/ServiceOrderHeader.OrderNo' is: 'SWO119907'

2017-12-05 17:47:42 - [MESSAGE][PASSED] - Attribute 'value' of object 'Object Repository/Service/ServiceOrder/ServiceOrderHeader/ServiceOrderHeader.OrderNo' is: 'SWO119907'

2017-12-05 17:47:42 - [TEST_STEP][PASSED] - verifyNotEqual: Actual object 'SWO119907' and expected object '' are not equal

2017-12-05 17:47:42 - [MESSAGE][PASSED] - Actual object 'SWO119907' and expected object '' are not equal

2017-12-05 17:47:42 - [TEST_STEP][PASSED] - delay: Delayed 5 second(s)

2017-12-05 17:47:47 - [MESSAGE][PASSED] - Delayed 5 second(s)

2017-12-05 17:47:47 - [TEST_STEP][PASSED] - click: Object: 'Object Repository/Service/ServiceOrder/ServiceOrderHeader/ServiceOrderHeader.Actions' is clicked on

2017-12-05 17:47:48 - [MESSAGE][PASSED] - Object: 'Object Repository/Service/ServiceOrder/ServiceOrderHeader/ServiceOrderHeader.Actions' is clicked on

2017-12-05 17:47:48 - [TEST_STEP][PASSED] - delay: Delayed 3 second(s)

2017-12-05 17:47:51 - [MESSAGE][PASSED] - Delayed 3 second(s)

2017-12-05 17:47:51 - [TEST_STEP][PASSED] - click: Object: 'Object Repository/Service/ServiceOrder/ServiceOrderHeader/ServiceOrderHeader.Segments' is clicked on

2017-12-05 17:47:51 - [MESSAGE][PASSED] - Object: 'Object Repository/Service/ServiceOrder/ServiceOrderHeader/ServiceOrderHeader.Segments' is clicked on

2017-12-05 17:47:51 - [TEST_STEP][PASSED] - delay: Delayed 3 second(s)

2017-12-05 17:47:54 - [MESSAGE][PASSED] - Delayed 3 second(s)

2017-12-05 17:47:54 - [MESSAGE][PASSED] - Call Test Case 'Test Cases/Service/BaseTestCases/Base_Service_CreateHeader' successfully

2017-12-05 17:47:54 - [TEST_STEP][PASSED] - callTestCase: Call Test Case 'Test Cases/Service/BaseTestCases/Base_Service_AddSegment' successfully

2017-12-05 17:47:54 - [TEST_CASE][PASSED] - Test Cases/Service/BaseTestCases/Base_Service_AddSegment: Test Cases/Service/BaseTestCases/Base_Service_AddSegment

2017-12-05 17:47:54 - [TEST_STEP][PASSED] - click: Object: 'Object Repository/Service/ServiceOrder/ServiceOrderSegment/ServiceOrderSegment.ServiceType' is clicked on

2017-12-05 17:47:54 - [MESSAGE][PASSED] - Object: 'Object Repository/Service/ServiceOrder/ServiceOrderSegment/ServiceOrderSegment.ServiceType' is clicked on

2017-12-05 17:47:54 - [TEST_STEP][PASSED] - setText: Text 'ABC' is set on object 'Object Repository/Service/ServiceOrder/ServiceOrderSegment/ServiceOrderSegment.ServiceType'

2017-12-05 17:47:54 - [MESSAGE][PASSED] - Text 'ABC' is set on object 'Object Repository/Service/ServiceOrder/ServiceOrderSegment/ServiceOrderSegment.ServiceType'

2017-12-05 17:47:54 - [TEST_STEP][NOT_RUN] - sendKeys: NOT_RUN: sendKeys

2017-12-05 17:47:54 - [MESSAGE][NOT_RUN] - NOT_RUN: sendKeys

2017-12-05 17:47:54 - [TEST_STEP][PASSED] - delay: Delayed 3 second(s)

2017-12-05 17:47:57 - [MESSAGE][PASSED] - Delayed 3 second(s)

2017-12-05 17:47:57 - [TEST_STEP][PASSED] - click: Object: 'Object Repository/Service/ServiceOrder/ServiceOrderSegment/ServiceOrderSegment.Save' is clicked on

2017-12-05 17:47:58 - [MESSAGE][PASSED] - Object: 'Object Repository/Service/ServiceOrder/ServiceOrderSegment/ServiceOrderSegment.Save' is clicked on

2017-12-05 17:47:58 - [TEST_STEP][PASSED] - delay: Delayed 10 second(s)

2017-12-05 17:48:08 - [MESSAGE][PASSED] - Delayed 10 second(s)

2017-12-05 17:48:08 - [TEST_STEP][PASSED] - click: Object: 'Object Repository/Service/ServiceOrder/ServiceOrderSegment/ServiceOrderSegment.Action' is clicked on

2017-12-05 17:48:08 - [MESSAGE][PASSED] - Object: 'Object Repository/Service/ServiceOrder/ServiceOrderSegment/ServiceOrderSegment.Action' is clicked on

2017-12-05 17:48:08 - [TEST_STEP][PASSED] - delay: Delayed 2 second(s)

2017-12-05 17:48:10 - [MESSAGE][PASSED] - Delayed 2 second(s)

2017-12-05 17:48:10 - [TEST_STEP][PASSED] - click: Object: 'Object Repository/Service/ServiceOrder/ServiceOrderSegment/ServiceOrderSegment.Release' is clicked on

2017-12-05 17:48:10 - [MESSAGE][PASSED] - Object: 'Object Repository/Service/ServiceOrder/ServiceOrderSegment/ServiceOrderSegment.Release' is clicked on

2017-12-05 17:48:10 - [TEST_STEP][PASSED] - delay: Delayed 5 second(s)

2017-12-05 17:48:15 - [MESSAGE][PASSED] - Delayed 5 second(s)

2017-12-05 17:48:15 - [TEST_STEP][NOT_RUN] - click: NOT_RUN: click

2017-12-05 17:48:15 - [MESSAGE][NOT_RUN] - NOT_RUN: click

2017-12-05 17:48:15 - [TEST_STEP][NOT_RUN] - click: NOT_RUN: click

2017-12-05 17:48:15 - [MESSAGE][NOT_RUN] - NOT_RUN: click

2017-12-05 17:48:15 - [TEST_STEP][NOT_RUN] - delay: NOT_RUN: delay

2017-12-05 17:48:15 - [MESSAGE][NOT_RUN] - NOT_RUN: delay

2017-12-05 17:48:15 - [TEST_STEP][NOT_RUN] - setText: NOT_RUN: setText

2017-12-05 17:48:15 - [MESSAGE][NOT_RUN] - NOT_RUN: setText

2017-12-05 17:48:15 - [TEST_STEP][NOT_RUN] - sendKeys: NOT_RUN: sendKeys

2017-12-05 17:48:15 - [MESSAGE][NOT_RUN] - NOT_RUN: sendKeys

2017-12-05 17:48:15 - [TEST_STEP][NOT_RUN] - delay: NOT_RUN: delay

2017-12-05 17:48:15 - [MESSAGE][NOT_RUN] - NOT_RUN: delay

2017-12-05 17:48:15 - [TEST_STEP][NOT_RUN] - click: NOT_RUN: click

2017-12-05 17:48:15 - [MESSAGE][NOT_RUN] - NOT_RUN: click

2017-12-05 17:48:15 - [TEST_STEP][NOT_RUN] - delay: NOT_RUN: delay

2017-12-05 17:48:15 - [MESSAGE][NOT_RUN] - NOT_RUN: delay

2017-12-05 17:48:15 - [TEST_STEP][PASSED] - click: Object: 'Object Repository/Service/ServiceOrder/ServiceOrderSegment/ServiceOrderSegment.Action' is clicked on

2017-12-05 17:48:15 - [MESSAGE][PASSED] - Object: 'Object Repository/Service/ServiceOrder/ServiceOrderSegment/ServiceOrderSegment.Action' is clicked on

2017-12-05 17:48:15 - [TEST_STEP][PASSED] - delay: Delayed 3 second(s)

2017-12-05 17:48:18 - [MESSAGE][PASSED] - Delayed 3 second(s)

2017-12-05 17:48:18 - [MESSAGE][PASSED] - Call Test Case 'Test Cases/Service/BaseTestCases/Base_Service_AddSegment' successfully

2017-12-05 17:48:18 - [TEST_STEP][PASSED] - callTestCase: Call Test Case 'Test Cases/Service/BaseTestCases/Base_Service_Add Others' successfully

2017-12-05 17:48:19 - [TEST_CASE][PASSED] - Test Cases/Service/BaseTestCases/Base_Service_Add Others: Test Cases/Service/BaseTestCases/Base_Service_Add Others

2017-12-05 17:48:19 - [TEST_STEP][PASSED] - click: Object: 'Object Repository/Service/ServiceOrder/ServiceOrderSegment/ServiceOrderSegment.Others' is clicked on

2017-12-05 17:48:19 - [MESSAGE][PASSED] - Object: 'Object Repository/Service/ServiceOrder/ServiceOrderSegment/ServiceOrderSegment.Others' is clicked on

2017-12-05 17:48:19 - [TEST_STEP][PASSED] - delay: Delayed 10 second(s)

2017-12-05 17:48:29 - [MESSAGE][PASSED] - Delayed 10 second(s)

2017-12-05 17:48:29 - [TEST_STEP][PASSED] - click: Object: 'Object Repository/Service/ServiceOrder/ServiceOrderSegment/ServiceOrderSegment.OthersNew' is clicked on

2017-12-05 17:48:29 - [MESSAGE][PASSED] - Object: 'Object Repository/Service/ServiceOrder/ServiceOrderSegment/ServiceOrderSegment.OthersNew' is clicked on

2017-12-05 17:48:29 - [TEST_STEP][PASSED] - delay: Delayed 5 second(s)

2017-12-05 17:48:34 - [MESSAGE][PASSED] - Delayed 5 second(s)

2017-12-05 17:48:34 - [TEST_STEP][PASSED] - click: Object: 'Object Repository/Service/ServiceOrder/ServiceOrderSegment/ServiceOrderSegment.OthersCostComp' is clicked on

2017-12-05 17:48:34 - [MESSAGE][PASSED] - Object: 'Object Repository/Service/ServiceOrder/ServiceOrderSegment/ServiceOrderSegment.OthersCostComp' is clicked on

2017-12-05 17:48:34 - [TEST_STEP][PASSED] - delay: Delayed 2 second(s)

2017-12-05 17:48:36 - [MESSAGE][PASSED] - Delayed 2 second(s)

2017-12-05 17:48:36 - [TEST_STEP][PASSED] - setText: Text 'APP' is set on object 'Object Repository/Service/ServiceOrder/ServiceOrderSegment/ServiceOrderSegment.OthersCostComp'

2017-12-05 17:48:37 - [MESSAGE][PASSED] - Text 'APP' is set on object 'Object Repository/Service/ServiceOrder/ServiceOrderSegment/ServiceOrderSegment.OthersCostComp'

2017-12-05 17:48:37 - [TEST_STEP][PASSED] - delay: Delayed 5 second(s)

2017-12-05 17:48:42 - [MESSAGE][PASSED] - Delayed 5 second(s)

2017-12-05 17:48:42 - [TEST_STEP][PASSED] - scrollToElement: Scroll to object 'Object Repository/Service/ServiceOrder/ServiceOrderSegment/ServiceOrderSegment.Actual Qty' successfully

2017-12-05 17:48:42 - [MESSAGE][PASSED] - Scroll to object 'Object Repository/Service/ServiceOrder/ServiceOrderSegment/ServiceOrderSegment.Actual Qty' successfully

2017-12-05 17:48:42 - [TEST_STEP][PASSED] - click: Object: 'Object Repository/Service/ServiceOrder/ServiceOrderSegment/ServiceOrderSegment.Actual Qty' is clicked on

2017-12-05 17:48:42 - [MESSAGE][PASSED] - Object: 'Object Repository/Service/ServiceOrder/ServiceOrderSegment/ServiceOrderSegment.Actual Qty' is clicked on

2017-12-05 17:48:42 - [TEST_STEP][PASSED] - delay: Delayed 2 second(s)

2017-12-05 17:48:44 - [MESSAGE][PASSED] - Delayed 2 second(s)

2017-12-05 17:48:44 - [TEST_STEP][PASSED] - sendKeys: Keys '2' sent to object: 'Object Repository/Service/ServiceOrder/ServiceOrderSegment/ServiceOrderSegment.Actual Qty'

2017-12-05 17:48:44 - [MESSAGE][PASSED] - Keys '2' sent to object: 'Object Repository/Service/ServiceOrder/ServiceOrderSegment/ServiceOrderSegment.Actual Qty'

2017-12-05 17:48:44 - [TEST_STEP][PASSED] - delay: Delayed 5 second(s)

2017-12-05 17:48:49 - [MESSAGE][PASSED] - Delayed 5 second(s)

2017-12-05 17:48:49 - [TEST_STEP][NOT_RUN] - click: NOT_RUN: click

2017-12-05 17:48:49 - [MESSAGE][NOT_RUN] - NOT_RUN: click

2017-12-05 17:48:49 - [TEST_STEP][PASSED] - click: Object: 'Object Repository/Service/ServiceOrder/ServiceOrderSegment/ServiceOrderSegmentOthers.SaveClose' is clicked on

2017-12-05 17:48:49 - [MESSAGE][PASSED] - Object: 'Object Repository/Service/ServiceOrder/ServiceOrderSegment/ServiceOrderSegmentOthers.SaveClose' is clicked on

2017-12-05 17:48:49 - [TEST_STEP][PASSED] - delay: Delayed 5 second(s)

2017-12-05 17:48:54 - [MESSAGE][PASSED] - Delayed 5 second(s)

2017-12-05 17:48:54 - [TEST_STEP][PASSED] - click: Object: 'Object Repository/Service/ServiceOrder/ServiceOrderSegment/ServiceOrderSegment.SaveClose' is clicked on

2017-12-05 17:48:54 - [MESSAGE][PASSED] - Object: 'Object Repository/Service/ServiceOrder/ServiceOrderSegment/ServiceOrderSegment.SaveClose' is clicked on

2017-12-05 17:48:54 - [MESSAGE][PASSED] - Call Test Case 'Test Cases/Service/BaseTestCases/Base_Service_Add Others' successfully

2017-12-05 17:48:54 - [TEST_STEP][INCOMPLETE] - callTestCase: null

2017-12-05 17:48:55 - [TEST_CASE][INCOMPLETE] - Test Cases/Service/BaseTestCases/Base_Service_HeaderInvoice_SplitTender: null

2017-12-05 17:48:55 - [TEST_STEP][PASSED] - delay: Delayed 5 second(s)

2017-12-05 17:49:00 - [MESSAGE][PASSED] - Delayed 5 second(s)

2017-12-05 17:49:00 - [TEST_STEP][PASSED] - click: Object: 'Object Repository/Service/ServiceOrder/ServiceOrderHeader/ServiceOrderHeader.Actions' is clicked on

2017-12-05 17:49:00 - [MESSAGE][PASSED] - Object: 'Object Repository/Service/ServiceOrder/ServiceOrderHeader/ServiceOrderHeader.Actions' is clicked on

2017-12-05 17:49:00 - [TEST_STEP][PASSED] - delay: Delayed 3 second(s)

2017-12-05 17:49:03 - [MESSAGE][PASSED] - Delayed 3 second(s)

2017-12-05 17:49:03 - [TEST_STEP][PASSED] - click: Object: 'Object Repository/Service/ServiceOrder/ServiceOrderHeader/ServiceOrderHeader.Costing' is clicked on

2017-12-05 17:49:04 - [MESSAGE][PASSED] - Object: 'Object Repository/Service/ServiceOrder/ServiceOrderHeader/ServiceOrderHeader.Costing' is clicked on

2017-12-05 17:49:04 - [TEST_STEP][PASSED] - delay: Delayed 5 second(s)

2017-12-05 17:49:09 - [MESSAGE][PASSED] - Delayed 5 second(s)

2017-12-05 17:49:09 - [TEST_STEP][PASSED] - click: Object: 'Object Repository/Service/ServiceOrder/ServiceOrderHeader/ServiceOrderHeader.RepriceWarning' is clicked on

2017-12-05 17:49:09 - [MESSAGE][PASSED] - Object: 'Object Repository/Service/ServiceOrder/ServiceOrderHeader/ServiceOrderHeader.RepriceWarning' is clicked on

2017-12-05 17:49:09 - [TEST_STEP][PASSED] - delay: Delayed 3 second(s)

2017-12-05 17:49:12 - [MESSAGE][PASSED] - Delayed 3 second(s)

2017-12-05 17:49:12 - [TEST_STEP][PASSED] - click: Object: 'Object Repository/Service/ServiceOrder/ServiceOrderHeader/ServiceOrderHeader.CostingProcessCont' is clicked on

2017-12-05 17:49:12 - [MESSAGE][PASSED] - Object: 'Object Repository/Service/ServiceOrder/ServiceOrderHeader/ServiceOrderHeader.CostingProcessCont' is clicked on

2017-12-05 17:49:12 - [TEST_STEP][PASSED] - delay: Delayed 3 second(s)

2017-12-05 17:49:15 - [MESSAGE][PASSED] - Delayed 3 second(s)

2017-12-05 17:49:15 - [TEST_STEP][PASSED] - click: Object: 'Object Repository/Service/ServiceOrder/ServiceOrderHeader/ServiceOrderHeader.InvoiceCont' is clicked on

2017-12-05 17:49:15 - [MESSAGE][PASSED] - Object: 'Object Repository/Service/ServiceOrder/ServiceOrderHeader/ServiceOrderHeader.InvoiceCont' is clicked on

2017-12-05 17:49:15 - [TEST_STEP][PASSED] - delay: Delayed 5 second(s)

2017-12-05 17:49:20 - [MESSAGE][PASSED] - Delayed 5 second(s)

2017-12-05 17:49:20 - [TEST_STEP][NOT_RUN] - waitForElementPresent: NOT_RUN: waitForElementPresent

2017-12-05 17:49:20 - [MESSAGE][NOT_RUN] - NOT_RUN: waitForElementPresent

2017-12-05 17:49:20 - [TEST_STEP][NOT_RUN] - doubleClick: NOT_RUN: doubleClick

2017-12-05 17:49:20 - [MESSAGE][NOT_RUN] - NOT_RUN: doubleClick

2017-12-05 17:49:20 - [TEST_STEP][NOT_RUN] - delay: NOT_RUN: delay

2017-12-05 17:49:20 - [MESSAGE][NOT_RUN] - NOT_RUN: delay

2017-12-05 17:49:20 - [TEST_STEP][NOT_RUN] - click: NOT_RUN: click

2017-12-05 17:49:20 - [MESSAGE][NOT_RUN] - NOT_RUN: click

2017-12-05 17:49:20 - [TEST_STEP][PASSED] - delay: Delayed 2 second(s)

2017-12-05 17:49:22 - [MESSAGE][PASSED] - Delayed 2 second(s)

2017-12-05 17:49:22 - [TEST_STEP][PASSED] - setText: Text 'PUBL' is set on object 'Object Repository/Service/ServiceOrder/ServiceCreditCard/ServiceCreditCard.PaymentGateway'

2017-12-05 17:49:22 - [MESSAGE][PASSED] - Text 'PUBL' is set on object 'Object Repository/Service/ServiceOrder/ServiceCreditCard/ServiceCreditCard.PaymentGateway'

2017-12-05 17:49:22 - [TEST_STEP][NOT_RUN] - sendKeys: NOT_RUN: sendKeys

2017-12-05 17:49:22 - [MESSAGE][NOT_RUN] - NOT_RUN: sendKeys

2017-12-05 17:49:22 - [TEST_STEP][PASSED] - doubleClick: Object: 'Object Repository/Service/ServiceOrder/ServiceCreditCard/ServiceCreditCard.CardType' is double clicked on

2017-12-05 17:49:23 - [MESSAGE][PASSED] - Object: 'Object Repository/Service/ServiceOrder/ServiceCreditCard/ServiceCreditCard.CardType' is double clicked on

2017-12-05 17:49:23 - [TEST_STEP][PASSED] - delay: Delayed 2 second(s)

2017-12-05 17:49:25 - [MESSAGE][PASSED] - Delayed 2 second(s)

2017-12-05 17:49:25 - [TEST_STEP][PASSED] - setText: Text 'Visa Card' is set on object 'Object Repository/Service/ServiceOrder/ServiceCreditCard/ServiceCreditCard.CardType'

2017-12-05 17:49:25 - [MESSAGE][PASSED] - Text 'Visa Card' is set on object 'Object Repository/Service/ServiceOrder/ServiceCreditCard/ServiceCreditCard.CardType'

2017-12-05 17:49:25 - [TEST_STEP][PASSED] - delay: Delayed 2 second(s)

2017-12-05 17:49:27 - [MESSAGE][PASSED] - Delayed 2 second(s)

2017-12-05 17:49:27 - [TEST_STEP][PASSED] - doubleClick: Object: 'Object Repository/Service/ServiceOrder/ServiceCreditCard/ServiceCreditCard.Enter CC No' is double clicked on

2017-12-05 17:49:27 - [MESSAGE][PASSED] - Object: 'Object Repository/Service/ServiceOrder/ServiceCreditCard/ServiceCreditCard.Enter CC No' is double clicked on

2017-12-05 17:49:27 - [TEST_STEP][PASSED] - sendKeys: Keys '4012000033330026' sent to object: 'Object Repository/Service/ServiceOrder/ServiceCreditCard/ServiceCreditCard.Enter CC No'

2017-12-05 17:49:27 - [MESSAGE][PASSED] - Keys '4012000033330026' sent to object: 'Object Repository/Service/ServiceOrder/ServiceCreditCard/ServiceCreditCard.Enter CC No'

2017-12-05 17:49:27 - [TEST_STEP][PASSED] - delay: Delayed 2 second(s)

2017-12-05 17:49:29 - [MESSAGE][PASSED] - Delayed 2 second(s)

2017-12-05 17:49:29 - [TEST_STEP][PASSED] - click: Object: 'Object Repository/Service/ServiceOrder/ServiceCreditCard/ServiceCreditCard.CVV2' is clicked on

2017-12-05 17:49:29 - [MESSAGE][PASSED] - Object: 'Object Repository/Service/ServiceOrder/ServiceCreditCard/ServiceCreditCard.CVV2' is clicked on

2017-12-05 17:49:29 - [TEST_STEP][PASSED] - sendKeys: Keys '456' sent to object: 'Object Repository/Service/ServiceOrder/ServiceCreditCard/ServiceCreditCard.CVV2'

2017-12-05 17:49:29 - [MESSAGE][PASSED] - Keys '456' sent to object: 'Object Repository/Service/ServiceOrder/ServiceCreditCard/ServiceCreditCard.CVV2'

2017-12-05 17:49:29 - [TEST_STEP][NOT_RUN] - sendKeys: NOT_RUN: sendKeys

2017-12-05 17:49:29 - [MESSAGE][NOT_RUN] - NOT_RUN: sendKeys

2017-12-05 17:49:29 - [TEST_STEP][NOT_RUN] - delay: NOT_RUN: delay

2017-12-05 17:49:29 - [MESSAGE][NOT_RUN] - NOT_RUN: delay

2017-12-05 17:49:29 - [TEST_STEP][PASSED] - delay: Delayed 3 second(s)

2017-12-05 17:49:33 - [MESSAGE][PASSED] - Delayed 3 second(s)

2017-12-05 17:49:33 - [TEST_STEP][PASSED] - setText: Text '09' is set on object 'Object Repository/Service/ServiceOrder/ServiceCreditCard/ServiceCreditCard.ExpiryMonth'

2017-12-05 17:49:33 - [MESSAGE][PASSED] - Text '09' is set on object 'Object Repository/Service/ServiceOrder/ServiceCreditCard/ServiceCreditCard.ExpiryMonth'

2017-12-05 17:49:33 - [TEST_STEP][PASSED] - setText: Text '99' is set on object 'Object Repository/Service/ServiceOrder/ServiceCreditCard/ServiceCreditCard.ExpiryYear'

2017-12-05 17:49:33 - [MESSAGE][PASSED] - Text '99' is set on object 'Object Repository/Service/ServiceOrder/ServiceCreditCard/ServiceCreditCard.ExpiryYear'

2017-12-05 17:49:33 - [TEST_STEP][PASSED] - delay: Delayed 2 second(s)

2017-12-05 17:49:35 - [MESSAGE][PASSED] - Delayed 2 second(s)

2017-12-05 17:49:35 - [TEST_STEP][PASSED] - click: Object: 'Object Repository/Service/ServiceOrder/CreditCardSplitTender/SplitTenderDetails' is clicked on

2017-12-05 17:49:35 - [MESSAGE][PASSED] - Object: 'Object Repository/Service/ServiceOrder/CreditCardSplitTender/SplitTenderDetails' is clicked on

2017-12-05 17:49:35 - [TEST_STEP][PASSED] - click: Object: 'Object Repository/Service/ServiceOrder/CreditCardSplitTender/SplitTenderDetails.Yes' is clicked on

2017-12-05 17:49:35 - [MESSAGE][PASSED] - Object: 'Object Repository/Service/ServiceOrder/CreditCardSplitTender/SplitTenderDetails.Yes' is clicked on

2017-12-05 17:49:35 - [TEST_STEP][PASSED] - delay: Delayed 3 second(s)

2017-12-05 17:49:38 - [MESSAGE][PASSED] - Delayed 3 second(s)

2017-12-05 17:49:38 - [TEST_STEP][PASSED] - click: Object: 'Object Repository/Service/ServiceOrder/CreditCardSplitTender/SplitTender.LineSession' is clicked on

2017-12-05 17:49:38 - [MESSAGE][PASSED] - Object: 'Object Repository/Service/ServiceOrder/CreditCardSplitTender/SplitTender.LineSession' is clicked on

2017-12-05 17:49:38 - [TEST_STEP][PASSED] - delay: Delayed 2 second(s)

2017-12-05 17:49:40 - [MESSAGE][PASSED] - Delayed 2 second(s)

2017-12-05 17:49:40 - [TEST_STEP][PASSED] - Statement - G_OrderAmt = com.kms.katalon.core.webui.keyword.WebUiBuiltInKeywords.getText(com.kms.katalon.core.testobject.ObjectRepository.findTestObject(Service/ServiceOrder/CreditCardSplitTender/SplitTender.OrderAmtHeader)): Text of object 'Object Repository/Service/ServiceOrder/CreditCardSplitTender/SplitTender.OrderAmtHeader' is: '14.00'

2017-12-05 17:49:41 - [MESSAGE][PASSED] - Text of object 'Object Repository/Service/ServiceOrder/CreditCardSplitTender/SplitTender.OrderAmtHeader' is: '14.00'

2017-12-05 17:49:41 - [TEST_STEP][PASSED] - Statement - G_SplitOrderAmt2 = G_OrderAmt - 2: null

2017-12-05 17:49:41 - [TEST_STEP][PASSED] - comment: ***********************Line1 started***********************

2017-12-05 17:49:41 - [TEST_STEP][PASSED] - click: Object: 'Object Repository/Service/ServiceOrder/CreditCardSplitTender/SplitTender.NewButton' is clicked on

2017-12-05 17:49:41 - [MESSAGE][PASSED] - Object: 'Object Repository/Service/ServiceOrder/CreditCardSplitTender/SplitTender.NewButton' is clicked on

2017-12-05 17:49:41 - [TEST_STEP][PASSED] - delay: Delayed 2 second(s)

2017-12-05 17:49:43 - [MESSAGE][PASSED] - Delayed 2 second(s)

2017-12-05 17:49:43 - [TEST_STEP][PASSED] - doubleClick: Object: 'Object Repository/Service/ServiceOrder/CreditCardSplitTender/SplitTender.ModeofPayment' is double clicked on

2017-12-05 17:49:43 - [MESSAGE][PASSED] - Object: 'Object Repository/Service/ServiceOrder/CreditCardSplitTender/SplitTender.ModeofPayment' is double clicked on

2017-12-05 17:49:43 - [TEST_STEP][PASSED] - click: Object: 'Object Repository/Service/ServiceOrder/CreditCardSplitTender/SplitTender.ModeOfPaymentCreditCard1' is clicked on

2017-12-05 17:49:43 - [MESSAGE][PASSED] - Object: 'Object Repository/Service/ServiceOrder/CreditCardSplitTender/SplitTender.ModeOfPaymentCreditCard1' is clicked on

2017-12-05 17:49:43 - [TEST_STEP][PASSED] - click: Object: 'Object Repository/Service/ServiceOrder/CreditCardSplitTender/SplitTender.LineCCNo' is clicked on

2017-12-05 17:49:43 - [MESSAGE][PASSED] - Object: 'Object Repository/Service/ServiceOrder/CreditCardSplitTender/SplitTender.LineCCNo' is clicked on

2017-12-05 17:49:43 - [TEST_STEP][PASSED] - delay: Delayed 2 second(s)

2017-12-05 17:49:45 - [MESSAGE][PASSED] - Delayed 2 second(s)

2017-12-05 17:49:45 - [TEST_STEP][PASSED] - setText: Text '4012000033330026' is set on object 'Object Repository/Service/ServiceOrder/CreditCardSplitTender/SplitTender.LineCCNo'

2017-12-05 17:49:46 - [MESSAGE][PASSED] - Text '4012000033330026' is set on object 'Object Repository/Service/ServiceOrder/CreditCardSplitTender/SplitTender.LineCCNo'

2017-12-05 17:49:46 - [TEST_STEP][PASSED] - delay: Delayed 5 second(s)

2017-12-05 17:49:51 - [MESSAGE][PASSED] - Delayed 5 second(s)

2017-12-05 17:49:51 - [TEST_STEP][PASSED] - click: Object: 'Object Repository/Service/ServiceOrder/CreditCardSplitTender/SplitTender.LineCVV' is clicked on

2017-12-05 17:49:51 - [MESSAGE][PASSED] - Object: 'Object Repository/Service/ServiceOrder/CreditCardSplitTender/SplitTender.LineCVV' is clicked on

2017-12-05 17:49:51 - [TEST_STEP][PASSED] - delay: Delayed 5 second(s)

2017-12-05 17:49:56 - [MESSAGE][PASSED] - Delayed 5 second(s)

2017-12-05 17:49:56 - [TEST_STEP][PASSED] - setText: Text '456' is set on object 'Object Repository/Service/ServiceOrder/CreditCardSplitTender/SplitTender.LineCVV'

2017-12-05 17:49:56 - [MESSAGE][PASSED] - Text '456' is set on object 'Object Repository/Service/ServiceOrder/CreditCardSplitTender/SplitTender.LineCVV'

2017-12-05 17:49:56 - [TEST_STEP][PASSED] - scrollToElement: Scroll to object 'Object Repository/Service/ServiceOrder/CreditCardSplitTender/SplitTender.LineOrderAmount1' successfully

2017-12-05 17:49:56 - [MESSAGE][PASSED] - Scroll to object 'Object Repository/Service/ServiceOrder/CreditCardSplitTender/SplitTender.LineOrderAmount1' successfully

2017-12-05 17:49:56 - [TEST_STEP][PASSED] - delay: Delayed 5 second(s)

2017-12-05 17:50:01 - [MESSAGE][PASSED] - Delayed 5 second(s)

2017-12-05 17:50:01 - [TEST_STEP][PASSED] - click: Object: 'Object Repository/Service/ServiceOrder/CreditCardSplitTender/SplitTender.LineOrderAmount1' is clicked on

2017-12-05 17:50:01 - [MESSAGE][PASSED] - Object: 'Object Repository/Service/ServiceOrder/CreditCardSplitTender/SplitTender.LineOrderAmount1' is clicked on

2017-12-05 17:50:01 - [TEST_STEP][PASSED] - delay: Delayed 3 second(s)

2017-12-05 17:50:04 - [MESSAGE][PASSED] - Delayed 3 second(s)

2017-12-05 17:50:04 - [TEST_STEP][PASSED] - setText: Text '1.00' is set on object 'Object Repository/Service/ServiceOrder/CreditCardSplitTender/SplitTender.LineOrderAmount1'

2017-12-05 17:50:05 - [MESSAGE][PASSED] - Text '1.00' is set on object 'Object Repository/Service/ServiceOrder/CreditCardSplitTender/SplitTender.LineOrderAmount1'

2017-12-05 17:50:05 - [TEST_STEP][PASSED] - delay: Delayed 2 second(s)

2017-12-05 17:50:07 - [MESSAGE][PASSED] - Delayed 2 second(s)

2017-12-05 17:50:07 - [TEST_STEP][PASSED] - comment: ***********************Line2 started***********************

2017-12-05 17:50:07 - [TEST_STEP][PASSED] - click: Object: 'Object Repository/Service/ServiceOrder/CreditCardSplitTender/SplitTender.NewButton' is clicked on

2017-12-05 17:50:07 - [MESSAGE][PASSED] - Object: 'Object Repository/Service/ServiceOrder/CreditCardSplitTender/SplitTender.NewButton' is clicked on

2017-12-05 17:50:07 - [TEST_STEP][PASSED] - delay: Delayed 2 second(s)

2017-12-05 17:50:09 - [MESSAGE][PASSED] - Delayed 2 second(s)

2017-12-05 17:50:09 - [TEST_STEP][PASSED] - doubleClick: Object: 'Object Repository/Service/ServiceOrder/CreditCardSplitTender/SplitTender.ModeofPayment1' is double clicked on

2017-12-05 17:50:09 - [MESSAGE][PASSED] - Object: 'Object Repository/Service/ServiceOrder/CreditCardSplitTender/SplitTender.ModeofPayment1' is double clicked on

2017-12-05 17:50:09 - [TEST_STEP][PASSED] - click: Object: 'Object Repository/Service/ServiceOrder/CreditCardSplitTender/SplitTender.ModeOfPaymentCreditCard2' is clicked on

2017-12-05 17:50:09 - [MESSAGE][PASSED] - Object: 'Object Repository/Service/ServiceOrder/CreditCardSplitTender/SplitTender.ModeOfPaymentCreditCard2' is clicked on

2017-12-05 17:50:09 - [TEST_STEP][PASSED] - delay: Delayed 3 second(s)

2017-12-05 17:50:12 - [MESSAGE][PASSED] - Delayed 3 second(s)

2017-12-05 17:50:12 - [TEST_STEP][PASSED] - click: Object: 'Object Repository/Service/ServiceOrder/CreditCardSplitTender/SplitTender.Line2CCNo' is clicked on

2017-12-05 17:50:12 - [MESSAGE][PASSED] - Object: 'Object Repository/Service/ServiceOrder/CreditCardSplitTender/SplitTender.Line2CCNo' is clicked on

2017-12-05 17:50:12 - [TEST_STEP][PASSED] - delay: Delayed 2 second(s)

2017-12-05 17:50:14 - [MESSAGE][PASSED] - Delayed 2 second(s)

2017-12-05 17:50:14 - [TEST_STEP][PASSED] - setText: Text '4111123400062020' is set on object 'Object Repository/Service/ServiceOrder/CreditCardSplitTender/SplitTender.Line2CCNo'

2017-12-05 17:50:15 - [MESSAGE][PASSED] - Text '4111123400062020' is set on object 'Object Repository/Service/ServiceOrder/CreditCardSplitTender/SplitTender.Line2CCNo'

2017-12-05 17:50:15 - [TEST_STEP][PASSED] - delay: Delayed 2 second(s)

2017-12-05 17:50:17 - [MESSAGE][PASSED] - Delayed 2 second(s)

2017-12-05 17:50:17 - [TEST_STEP][PASSED] - click: Object: 'Object Repository/Service/ServiceOrder/CreditCardSplitTender/SplitTender.Line2CVV' is clicked on

2017-12-05 17:50:17 - [MESSAGE][PASSED] - Object: 'Object Repository/Service/ServiceOrder/CreditCardSplitTender/SplitTender.Line2CVV' is clicked on

2017-12-05 17:50:17 - [TEST_STEP][PASSED] - delay: Delayed 3 second(s)

2017-12-05 17:50:20 - [MESSAGE][PASSED] - Delayed 3 second(s)

2017-12-05 17:50:20 - [TEST_STEP][PASSED] - setText: Text '456' is set on object 'Object Repository/Service/ServiceOrder/CreditCardSplitTender/SplitTender.Line2CVV'

2017-12-05 17:50:20 - [MESSAGE][PASSED] - Text '456' is set on object 'Object Repository/Service/ServiceOrder/CreditCardSplitTender/SplitTender.Line2CVV'

2017-12-05 17:50:20 - [TEST_STEP][PASSED] - delay: Delayed 3 second(s)

2017-12-05 17:50:23 - [MESSAGE][PASSED] - Delayed 3 second(s)

2017-12-05 17:50:23 - [TEST_STEP][PASSED] - click: Object: 'Object Repository/Service/ServiceOrder/CreditCardSplitTender/SplitTender.CardTypeLine2' is clicked on

2017-12-05 17:50:23 - [MESSAGE][PASSED] - Object: 'Object Repository/Service/ServiceOrder/CreditCardSplitTender/SplitTender.CardTypeLine2' is clicked on

2017-12-05 17:50:23 - [TEST_STEP][PASSED] - delay: Delayed 5 second(s)

2017-12-05 17:50:28 - [MESSAGE][PASSED] - Delayed 5 second(s)

2017-12-05 17:50:28 - [TEST_STEP][PASSED] - sendKeys: Keys 'Visa' sent to object: 'Object Repository/Service/ServiceOrder/CreditCardSplitTender/SplitTender.CardTypeLine2'

2017-12-05 17:50:28 - [MESSAGE][PASSED] - Keys 'Visa' sent to object: 'Object Repository/Service/ServiceOrder/CreditCardSplitTender/SplitTender.CardTypeLine2'

2017-12-05 17:50:28 - [TEST_STEP][PASSED] - delay: Delayed 5 second(s)

2017-12-05 17:50:33 - [MESSAGE][PASSED] - Delayed 5 second(s)

2017-12-05 17:50:33 - [TEST_STEP][PASSED] - click: Object: 'Object Repository/Service/ServiceOrder/CreditCardSplitTender/SplitTender.ExpiryMonthLine2' is clicked on

2017-12-05 17:50:34 - [MESSAGE][PASSED] - Object: 'Object Repository/Service/ServiceOrder/CreditCardSplitTender/SplitTender.ExpiryMonthLine2' is clicked on

2017-12-05 17:50:34 - [TEST_STEP][PASSED] - delay: Delayed 3 second(s)

2017-12-05 17:50:37 - [MESSAGE][PASSED] - Delayed 3 second(s)

2017-12-05 17:50:37 - [TEST_STEP][PASSED] - setText: Text '09' is set on object 'Object Repository/Service/ServiceOrder/CreditCardSplitTender/SplitTender.ExpiryMonthLine2'

2017-12-05 17:50:37 - [MESSAGE][PASSED] - Text '09' is set on object 'Object Repository/Service/ServiceOrder/CreditCardSplitTender/SplitTender.ExpiryMonthLine2'

2017-12-05 17:50:37 - [TEST_STEP][PASSED] - delay: Delayed 2 second(s)

2017-12-05 17:50:39 - [MESSAGE][PASSED] - Delayed 2 second(s)

2017-12-05 17:50:39 - [TEST_STEP][PASSED] - click: Object: 'Object Repository/Service/ServiceOrder/CreditCardSplitTender/SplitTender.ExpiryYearLine2' is clicked on

2017-12-05 17:50:39 - [MESSAGE][PASSED] - Object: 'Object Repository/Service/ServiceOrder/CreditCardSplitTender/SplitTender.ExpiryYearLine2' is clicked on

2017-12-05 17:50:39 - [TEST_STEP][PASSED] - delay: Delayed 2 second(s)

2017-12-05 17:50:41 - [MESSAGE][PASSED] - Delayed 2 second(s)

2017-12-05 17:50:41 - [TEST_STEP][PASSED] - setText: Text '99' is set on object 'Object Repository/Service/ServiceOrder/CreditCardSplitTender/SplitTender.ExpiryYearLine2'

2017-12-05 17:50:41 - [MESSAGE][PASSED] - Text '99' is set on object 'Object Repository/Service/ServiceOrder/CreditCardSplitTender/SplitTender.ExpiryYearLine2'

2017-12-05 17:50:41 - [TEST_STEP][PASSED] - delay: Delayed 3 second(s)

2017-12-05 17:50:44 - [MESSAGE][PASSED] - Delayed 3 second(s)

2017-12-05 17:50:44 - [TEST_STEP][PASSED] - scrollToElement: Scroll to object 'Object Repository/Service/ServiceOrder/CreditCardSplitTender/SplitTender.LineOrderAmount2' successfully

2017-12-05 17:50:45 - [MESSAGE][PASSED] - Scroll to object 'Object Repository/Service/ServiceOrder/CreditCardSplitTender/SplitTender.LineOrderAmount2' successfully

2017-12-05 17:50:45 - [TEST_STEP][PASSED] - delay: Delayed 2 second(s)

2017-12-05 17:50:47 - [MESSAGE][PASSED] - Delayed 2 second(s)

2017-12-05 17:50:47 - [TEST_STEP][PASSED] - click: Object: 'Object Repository/Service/ServiceOrder/CreditCardSplitTender/SplitTender.LineOrderAmount2' is clicked on

2017-12-05 17:50:47 - [MESSAGE][PASSED] - Object: 'Object Repository/Service/ServiceOrder/CreditCardSplitTender/SplitTender.LineOrderAmount2' is clicked on

2017-12-05 17:50:47 - [TEST_STEP][PASSED] - delay: Delayed 2 second(s)

2017-12-05 17:50:49 - [MESSAGE][PASSED] - Delayed 2 second(s)

2017-12-05 17:50:49 - [TEST_STEP][PASSED] - setText: Text '1.00' is set on object 'Object Repository/Service/ServiceOrder/CreditCardSplitTender/SplitTender.LineOrderAmount2'

2017-12-05 17:50:49 - [MESSAGE][PASSED] - Text '1.00' is set on object 'Object Repository/Service/ServiceOrder/CreditCardSplitTender/SplitTender.LineOrderAmount2'

2017-12-05 17:50:49 - [TEST_STEP][PASSED] - delay: Delayed 2 second(s)

2017-12-05 17:50:51 - [MESSAGE][PASSED] - Delayed 2 second(s)

2017-12-05 17:50:51 - [TEST_STEP][PASSED] - comment: ***********************Line3 started***********************

2017-12-05 17:50:51 - [TEST_STEP][PASSED] - click: Object: 'Object Repository/Service/ServiceOrder/CreditCardSplitTender/SplitTender.NewButton' is clicked on

2017-12-05 17:50:51 - [MESSAGE][PASSED] - Object: 'Object Repository/Service/ServiceOrder/CreditCardSplitTender/SplitTender.NewButton' is clicked on

2017-12-05 17:50:51 - [TEST_STEP][PASSED] - delay: Delayed 3 second(s)

2017-12-05 17:50:54 - [MESSAGE][PASSED] - Delayed 3 second(s)

2017-12-05 17:50:54 - [TEST_STEP][PASSED] - doubleClick: Object: 'Object Repository/Service/ServiceOrder/CreditCardSplitTender/SplitTender.ModeofPayment2' is double clicked on

2017-12-05 17:50:55 - [MESSAGE][PASSED] - Object: 'Object Repository/Service/ServiceOrder/CreditCardSplitTender/SplitTender.ModeofPayment2' is double clicked on

2017-12-05 17:50:55 - [TEST_STEP][PASSED] - delay: Delayed 2 second(s)

2017-12-05 17:50:57 - [MESSAGE][PASSED] - Delayed 2 second(s)

2017-12-05 17:50:57 - [TEST_STEP][PASSED] - click: Object: 'Object Repository/Service/ServiceOrder/CreditCardSplitTender/SplitTender.ModeOfPaymentCash' is clicked on

2017-12-05 17:50:57 - [MESSAGE][PASSED] - Object: 'Object Repository/Service/ServiceOrder/CreditCardSplitTender/SplitTender.ModeOfPaymentCash' is clicked on

2017-12-05 17:50:57 - [TEST_STEP][PASSED] - delay: Delayed 10 second(s)

2017-12-05 17:51:07 - [MESSAGE][PASSED] - Delayed 10 second(s)

2017-12-05 17:51:07 - [TEST_STEP][NOT_RUN] - scrollToElement: NOT_RUN: scrollToElement

2017-12-05 17:51:07 - [MESSAGE][NOT_RUN] - NOT_RUN: scrollToElement

2017-12-05 17:51:07 - [TEST_STEP][PASSED] - click: Object: 'Object Repository/Service/ServiceOrder/CreditCardSplitTender/SplitTender.LineOrderAmount3' is clicked on

2017-12-05 17:51:07 - [MESSAGE][PASSED] - Object: 'Object Repository/Service/ServiceOrder/CreditCardSplitTender/SplitTender.LineOrderAmount3' is clicked on

2017-12-05 17:51:07 - [TEST_STEP][PASSED] - delay: Delayed 2 second(s)

2017-12-05 17:51:09 - [MESSAGE][PASSED] - Delayed 2 second(s)

2017-12-05 17:51:09 - [TEST_STEP][PASSED] - setText: Text '12.0' is set on object 'Object Repository/Service/ServiceOrder/CreditCardSplitTender/SplitTender.LineOrderAmount3'

2017-12-05 17:51:09 - [MESSAGE][PASSED] - Text '12.0' is set on object 'Object Repository/Service/ServiceOrder/CreditCardSplitTender/SplitTender.LineOrderAmount3'

2017-12-05 17:51:09 - [TEST_STEP][PASSED] - delay: Delayed 2 second(s)

2017-12-05 17:51:11 - [MESSAGE][PASSED] - Delayed 2 second(s)

2017-12-05 17:51:11 - [TEST_STEP][PASSED] - click: Object: 'Object Repository/Service/ServiceOrder/CreditCardSplitTender/SplitTender.Save' is clicked on

2017-12-05 17:51:11 - [MESSAGE][PASSED] - Object: 'Object Repository/Service/ServiceOrder/CreditCardSplitTender/SplitTender.Save' is clicked on

2017-12-05 17:51:11 - [TEST_STEP][PASSED] - delay: Delayed 3 second(s)

2017-12-05 17:51:14 - [MESSAGE][PASSED] - Delayed 3 second(s)

2017-12-05 17:51:14 - [TEST_STEP][PASSED] - click: Object: 'Object Repository/Service/ServiceOrder/CreditCardSplitTender/SplitTender.Action' is clicked on

2017-12-05 17:51:15 - [MESSAGE][PASSED] - Object: 'Object Repository/Service/ServiceOrder/CreditCardSplitTender/SplitTender.Action' is clicked on

2017-12-05 17:51:15 - [TEST_STEP][PASSED] - delay: Delayed 2 second(s)

2017-12-05 17:51:17 - [MESSAGE][PASSED] - Delayed 2 second(s)

2017-12-05 17:51:17 - [TEST_STEP][PASSED] - click: Object: 'Object Repository/Service/ServiceOrder/CreditCardSplitTender/SplitTender.ApplyTax' is clicked on

2017-12-05 17:51:17 - [MESSAGE][PASSED] - Object: 'Object Repository/Service/ServiceOrder/CreditCardSplitTender/SplitTender.ApplyTax' is clicked on

2017-12-05 17:51:17 - [TEST_STEP][PASSED] - delay: Delayed 2 second(s)

2017-12-05 17:51:19 - [MESSAGE][PASSED] - Delayed 2 second(s)

2017-12-05 17:51:19 - [TEST_STEP][FAILED] - Statement - G_SplitInvoiceAmt1 = com.kms.katalon.core.webui.keyword.WebUiBuiltInKeywords.getText(com.kms.katalon.core.testobject.ObjectRepository.findTestObject(Service/ServiceOrder/CreditCardSplitTender/SplitTender.InvoiceAmt1)): Unable to get text of object 'Object Repository/Service/ServiceOrder/CreditCardSplitTender/SplitTender.InvoiceAmt1' (Root cause: com.kms.katalon.core.webui.exception.WebElementNotFoundException: Web element with id: 'Object Repository/Service/ServiceOrder/CreditCardSplitTender/SplitTender.InvoiceAmt1' located by 'By.xpath: //*[@id = 'xiext8105m000-4-grid-1-xiext805.iamt.rq-30-0']' not found)

2017-12-05 17:51:52 - [MESSAGE][FAILED] - Unable to get text of object 'Object Repository/Service/ServiceOrder/CreditCardSplitTender/SplitTender.InvoiceAmt1' (Root cause: com.kms.katalon.core.webui.exception.WebElementNotFoundException: Web element with id: 'Object Repository/Service/ServiceOrder/CreditCardSplitTender/SplitTender.InvoiceAmt1' located by 'By.xpath: //*[@id = 'xiext8105m000-4-grid-1-xiext805.iamt.rq-30-0']' not found)
[[ATTACHMENT|C:\\Users\\agawhande\\git\\CreditCard\\Reports\\Proxima\\CC_ServiceOrderwithSplitTenderTestSuite\\20171205_174646\\1512476512006.png]]

2017-12-05 17:51:52 - [TEST_STEP][INCOMPLETE] - Statement - G_SplitInvoiceAmt2 = com.kms.katalon.core.webui.keyword.WebUiBuiltInKeywords.getText(com.kms.katalon.core.testobject.ObjectRepository.findTestObject(Service/ServiceOrder/CreditCardSplitTender/SplitTender.InvoiceAmt2)): Finding web element with id: 'Object Repository/Service/ServiceOrder/CreditCardSplitTender/SplitTender.InvoiceAmt2' located by 'By.xpath: //*[@id = 'xiext8105m000-4-grid-1-xiext805.iamt.rq-30-1']' in '30' second(s)]]></system-out>
         <system-err><![CDATA[2017-12-05 17:46:54 - [TEST_CASE][INCOMPLETE] - Test Cases/Service/CreditCardRegression/TC002_Service_CreditCardSplitTender - Iteration 1: null]]></system-err>
      </testcase>
      <system-out><![CDATA[2017-12-05 17:46:54 - [TEST_SUITE][INCOMPLETE] - CC_ServiceOrderwithSplitTenderTestSuite: null]]></system-out>
      <system-err><![CDATA[2017-12-05 17:46:54 - [TEST_SUITE][INCOMPLETE] - CC_ServiceOrderwithSplitTenderTestSuite: null]]></system-err>
   </testsuite>
</testsuites>
