<?xml version="1.0" encoding="UTF-8"?>
<testsuites name="CC_EquipmentTestSuite" time="353" tests="0" failures="0" errors="0">
   <testsuite name="CC_EquipmentTestSuite" tests="0" failures="0" errors="0" time="353" timestamp="2017-12-06 14:05:26" hostname="rgajbhiye - EET-RG.e-emphasys.com" id="Test Suites/Proxima/CC_EquipmentTestSuite">
      <properties>
         <property name="deviceName" value=""/>
         <property name="devicePlatform" value=""/>
         <property name="logFolder" value="C:\\Users\\rgajbhiye\\git\\CreditCard\\Reports\\Proxima\\CC_EquipmentTestSuite\\20171206_140519"/>
         <property name="logFiles" value="C:\\Users\\rgajbhiye\\git\\CreditCard\\Reports\\Proxima\\CC_EquipmentTestSuite\\20171206_140519\\execution0.log"/>
         <property name="attachments" value="C:\\Users\\rgajbhiye\\git\\CreditCard\\Reports\\Proxima\\CC_EquipmentTestSuite\\20171206_140519\\1512549646688.png, C:\\Users\\rgajbhiye\\git\\CreditCard\\Reports\\Proxima\\CC_EquipmentTestSuite\\20171206_140519\\1512549680223.png"/>
         <property name="hostName" value="rgajbhiye - EET-RG.e-emphasys.com"/>
         <property name="os" value="Windows 7 64bit"/>
         <property name="katalonVersion" value="5.0.0.1"/>
         <property name="browser" value="Firefox 43.0"/>
         <property name="hostAddress" value="192.168.25.107"/>
         <property name="sessionId" value="673bf8d4-0083-4494-a15e-4c36b6ad8fcc"/>
         <property name="seleniumVersion" value="2.53.0"/>
         <property name="proxyInformation" value="ProxyInformation{proxyOption=NO_PROXY, proxyServerType=, password=, proxyServerAddress=, proxyServerPort=0}"/>
         <property name="platform" value="Windows 7"/>
      </properties>
      <testcase name="Test Cases/Equipment/CreditCardRegression/TC002_EquipmentSalesAgreement_Split" classname="Test Cases/Equipment/CreditCardRegression/TC002_EquipmentSalesAgreement_Split" status="INCOMPLETE">
         <system-out><![CDATA[2017-12-06 14:05:27 - [TEST_CASE][INCOMPLETE] - Test Cases/Equipment/CreditCardRegression/TC002_EquipmentSalesAgreement_Split: null

2017-12-06 14:05:28 - [TEST_STEP][PASSED] - callTestCase: Call Test Case 'Test Cases/Equipment/Base_EquipmentPurchase/EPO_CreateNrecieve' successfully

2017-12-06 14:05:28 - [TEST_CASE][PASSED] - Test Cases/Equipment/Base_EquipmentPurchase/EPO_CreateNrecieve: Test Cases/Equipment/Base_EquipmentPurchase/EPO_CreateNrecieve

2017-12-06 14:05:29 - [TEST_STEP][PASSED] - callTestCase: Call Test Case 'Test Cases/Equipment/Base_EquipmentPurchase/Base_EPO_CreateHeaderNline' successfully

2017-12-06 14:05:29 - [TEST_CASE][PASSED] - Test Cases/Equipment/Base_EquipmentPurchase/Base_EPO_CreateHeaderNline: Test Cases/Equipment/Base_EquipmentPurchase/Base_EPO_CreateHeaderNline

2017-12-06 14:05:29 - [TEST_STEP][PASSED] - callTestCase: Call Test Case 'Test Cases/Common/Base_Common_OpenSession' successfully

2017-12-06 14:05:29 - [TEST_CASE][PASSED] - Test Cases/Common/Base_Common_OpenSession: Test Cases/Common/Base_Common_OpenSession

2017-12-06 14:05:30 - [TEST_STEP][PASSED] - openBrowser: Browser is opened with url: 'https://rgajbhiye:Robin$123@proxima-ln4.e-emphasys.com:8441/webui/servlet/login'

2017-12-06 14:05:40 - [MESSAGE][PASSED] - Browser is opened with url: 'https://rgajbhiye:Robin$123@proxima-ln4.e-emphasys.com:8441/webui/servlet/login'

2017-12-06 14:05:40 - [TEST_STEP][PASSED] - waitForPageLoad: Wait for page load successfully

2017-12-06 14:05:40 - [MESSAGE][PASSED] - Wait for page load successfully

2017-12-06 14:05:40 - [TEST_STEP][PASSED] - maximizeWindow: Current window maximized

2017-12-06 14:05:40 - [MESSAGE][PASSED] - Current window maximized

2017-12-06 14:05:40 - [TEST_STEP][PASSED] - click: Object: 'Object Repository/Common/HomePage/HomePage_more' is clicked on

2017-12-06 14:05:47 - [MESSAGE][PASSED] - Object: 'Object Repository/Common/HomePage/HomePage_more' is clicked on

2017-12-06 14:05:47 - [TEST_STEP][PASSED] - click: Object: 'Object Repository/Common/HomePage/HomePage_Option' is clicked on

2017-12-06 14:05:47 - [MESSAGE][PASSED] - Object: 'Object Repository/Common/HomePage/HomePage_Option' is clicked on

2017-12-06 14:05:47 - [TEST_STEP][PASSED] - click: Object: 'Object Repository/Common/HomePage/HomePage_RunProgram_' is clicked on

2017-12-06 14:05:47 - [MESSAGE][PASSED] - Object: 'Object Repository/Common/HomePage/HomePage_RunProgram_' is clicked on

2017-12-06 14:05:47 - [TEST_STEP][PASSED] - sendKeys: Keys 'tdext8150s000' sent to object: 'Object Repository/Common/HomePage/HomePage_Session_ID'

2017-12-06 14:05:48 - [MESSAGE][PASSED] - Keys 'tdext8150s000' sent to object: 'Object Repository/Common/HomePage/HomePage_Session_ID'

2017-12-06 14:05:48 - [TEST_STEP][PASSED] - click: Object: 'Object Repository/Common/HomePage/HomePage_OkButton' is clicked on

2017-12-06 14:05:48 - [MESSAGE][PASSED] - Object: 'Object Repository/Common/HomePage/HomePage_OkButton' is clicked on

2017-12-06 14:05:48 - [MESSAGE][PASSED] - Call Test Case 'Test Cases/Common/Base_Common_OpenSession' successfully

2017-12-06 14:05:48 - [TEST_STEP][PASSED] - waitForElementPresent: Object 'Object Repository/Equipment/EquipmentPurchase/EPO_Header/EPO_Header_New' is present

2017-12-06 14:05:50 - [MESSAGE][PASSED] - Object 'Object Repository/Equipment/EquipmentPurchase/EPO_Header/EPO_Header_New' is present

2017-12-06 14:05:50 - [TEST_STEP][PASSED] - click: Object: 'Object Repository/Equipment/EquipmentPurchase/EPO_Header/EPO_Header_New' is clicked on

2017-12-06 14:05:50 - [MESSAGE][PASSED] - Object: 'Object Repository/Equipment/EquipmentPurchase/EPO_Header/EPO_Header_New' is clicked on

2017-12-06 14:05:50 - [TEST_STEP][PASSED] - click: Object: 'Object Repository/Equipment/EquipmentPurchase/EPO_Header/EPO_Header_Customer' is clicked on

2017-12-06 14:05:50 - [MESSAGE][PASSED] - Object: 'Object Repository/Equipment/EquipmentPurchase/EPO_Header/EPO_Header_Customer' is clicked on

2017-12-06 14:05:50 - [TEST_STEP][PASSED] - setText: Text 'M00000010' is set on object 'Object Repository/Equipment/EquipmentPurchase/EPO_Header/EPO_Header_Customer'

2017-12-06 14:05:51 - [MESSAGE][PASSED] - Text 'M00000010' is set on object 'Object Repository/Equipment/EquipmentPurchase/EPO_Header/EPO_Header_Customer'

2017-12-06 14:05:51 - [TEST_STEP][PASSED] - click: Object: 'Object Repository/Equipment/EquipmentPurchase/EPO_Header/EPO_Header_Save' is clicked on

2017-12-06 14:05:51 - [MESSAGE][PASSED] - Object: 'Object Repository/Equipment/EquipmentPurchase/EPO_Header/EPO_Header_Save' is clicked on

2017-12-06 14:05:51 - [TEST_STEP][PASSED] - delay: Delayed 5 second(s)

2017-12-06 14:05:56 - [MESSAGE][PASSED] - Delayed 5 second(s)

2017-12-06 14:05:56 - [TEST_STEP][PASSED] - click: Object: 'Object Repository/Equipment/EquipmentPurchase/EPO_Header/EPO_Header_Action' is clicked on

2017-12-06 14:05:56 - [MESSAGE][PASSED] - Object: 'Object Repository/Equipment/EquipmentPurchase/EPO_Header/EPO_Header_Action' is clicked on

2017-12-06 14:05:56 - [TEST_STEP][PASSED] - click: Object: 'Object Repository/Equipment/EquipmentPurchase/EPO_Header/EPO_Header_Action_OrderLines' is clicked on

2017-12-06 14:05:56 - [MESSAGE][PASSED] - Object: 'Object Repository/Equipment/EquipmentPurchase/EPO_Header/EPO_Header_Action_OrderLines' is clicked on

2017-12-06 14:05:56 - [TEST_STEP][PASSED] - waitForElementPresent: Object 'Object Repository/Equipment/EquipmentPurchase/EPO_Line/EPO_MultiLine_New' is present

2017-12-06 14:05:58 - [MESSAGE][PASSED] - Object 'Object Repository/Equipment/EquipmentPurchase/EPO_Line/EPO_MultiLine_New' is present

2017-12-06 14:05:58 - [TEST_STEP][PASSED] - click: Object: 'Object Repository/Equipment/EquipmentPurchase/EPO_Line/EPO_MultiLine_New' is clicked on

2017-12-06 14:05:59 - [MESSAGE][PASSED] - Object: 'Object Repository/Equipment/EquipmentPurchase/EPO_Line/EPO_MultiLine_New' is clicked on

2017-12-06 14:05:59 - [TEST_STEP][PASSED] - waitForElementPresent: Object 'Object Repository/Equipment/EquipmentPurchase/EPO_Line/EPO_Line_Model' is present

2017-12-06 14:06:00 - [MESSAGE][PASSED] - Object 'Object Repository/Equipment/EquipmentPurchase/EPO_Line/EPO_Line_Model' is present

2017-12-06 14:06:00 - [TEST_STEP][PASSED] - click: Object: 'Object Repository/Equipment/EquipmentPurchase/EPO_Line/EPO_Line_Model' is clicked on

2017-12-06 14:06:00 - [MESSAGE][PASSED] - Object: 'Object Repository/Equipment/EquipmentPurchase/EPO_Line/EPO_Line_Model' is clicked on

2017-12-06 14:06:00 - [TEST_STEP][PASSED] - delay: Delayed 2 second(s)

2017-12-06 14:06:02 - [MESSAGE][PASSED] - Delayed 2 second(s)

2017-12-06 14:06:02 - [TEST_STEP][PASSED] - setText: Text '1032' is set on object 'Object Repository/Equipment/EquipmentPurchase/EPO_Line/EPO_Line_Model'

2017-12-06 14:06:02 - [MESSAGE][PASSED] - Text '1032' is set on object 'Object Repository/Equipment/EquipmentPurchase/EPO_Line/EPO_Line_Model'

2017-12-06 14:06:02 - [TEST_STEP][PASSED] - click: Object: 'Object Repository/Equipment/EquipmentPurchase/EPO_Line/EPO_Line_NeworUsed' is clicked on

2017-12-06 14:06:03 - [MESSAGE][PASSED] - Object: 'Object Repository/Equipment/EquipmentPurchase/EPO_Line/EPO_Line_NeworUsed' is clicked on

2017-12-06 14:06:03 - [TEST_STEP][PASSED] - click: Object: 'Object Repository/Equipment/EquipmentPurchase/EPO_Line/EPO_Line_NewEquipOption' is clicked on

2017-12-06 14:06:03 - [MESSAGE][PASSED] - Object: 'Object Repository/Equipment/EquipmentPurchase/EPO_Line/EPO_Line_NewEquipOption' is clicked on

2017-12-06 14:06:03 - [TEST_STEP][PASSED] - click: Object: 'Object Repository/Equipment/EquipmentPurchase/EPO_Line/EPO_Line_PlannedDate' is clicked on

2017-12-06 14:06:03 - [MESSAGE][PASSED] - Object: 'Object Repository/Equipment/EquipmentPurchase/EPO_Line/EPO_Line_PlannedDate' is clicked on

2017-12-06 14:06:03 - [TEST_STEP][PASSED] - delay: Delayed 2 second(s)

2017-12-06 14:06:05 - [MESSAGE][PASSED] - Delayed 2 second(s)

2017-12-06 14:06:05 - [TEST_STEP][PASSED] - setText: Text '+10' is set on object 'Object Repository/Equipment/EquipmentPurchase/EPO_Line/EPO_Line_PlannedDate'

2017-12-06 14:06:05 - [MESSAGE][PASSED] - Text '+10' is set on object 'Object Repository/Equipment/EquipmentPurchase/EPO_Line/EPO_Line_PlannedDate'

2017-12-06 14:06:05 - [TEST_STEP][PASSED] - click: Object: 'Object Repository/Equipment/EquipmentPurchase/EPO_Line/EPO_Line_Price' is clicked on

2017-12-06 14:06:06 - [MESSAGE][PASSED] - Object: 'Object Repository/Equipment/EquipmentPurchase/EPO_Line/EPO_Line_Price' is clicked on

2017-12-06 14:06:06 - [TEST_STEP][PASSED] - delay: Delayed 2 second(s)

2017-12-06 14:06:08 - [MESSAGE][PASSED] - Delayed 2 second(s)

2017-12-06 14:06:08 - [TEST_STEP][PASSED] - setText: Text '100' is set on object 'Object Repository/Equipment/EquipmentPurchase/EPO_Line/EPO_Line_Price'

2017-12-06 14:06:08 - [MESSAGE][PASSED] - Text '100' is set on object 'Object Repository/Equipment/EquipmentPurchase/EPO_Line/EPO_Line_Price'

2017-12-06 14:06:08 - [TEST_STEP][PASSED] - click: Object: 'Object Repository/Equipment/EquipmentPurchase/EPO_Line/EPO_Line_Save' is clicked on

2017-12-06 14:06:08 - [MESSAGE][PASSED] - Object: 'Object Repository/Equipment/EquipmentPurchase/EPO_Line/EPO_Line_Save' is clicked on

2017-12-06 14:06:08 - [TEST_STEP][PASSED] - click: Object: 'Object Repository/Equipment/EquipmentPurchase/EPO_Line/EPO_Line_importNO' is clicked on

2017-12-06 14:06:09 - [MESSAGE][PASSED] - Object: 'Object Repository/Equipment/EquipmentPurchase/EPO_Line/EPO_Line_importNO' is clicked on

2017-12-06 14:06:09 - [TEST_STEP][PASSED] - click: Object: 'Object Repository/Equipment/EquipmentPurchase/EPO_Line/EPO_Line_SaveNclose' is clicked on

2017-12-06 14:06:09 - [MESSAGE][PASSED] - Object: 'Object Repository/Equipment/EquipmentPurchase/EPO_Line/EPO_Line_SaveNclose' is clicked on

2017-12-06 14:06:09 - [TEST_STEP][PASSED] - delay: Delayed 2 second(s)

2017-12-06 14:06:11 - [MESSAGE][PASSED] - Delayed 2 second(s)

2017-12-06 14:06:11 - [TEST_STEP][PASSED] - click: Object: 'Object Repository/Equipment/EquipmentPurchase/EPO_Line/EPO_MultiLine_SavenClose' is clicked on

2017-12-06 14:06:11 - [MESSAGE][PASSED] - Object: 'Object Repository/Equipment/EquipmentPurchase/EPO_Line/EPO_MultiLine_SavenClose' is clicked on

2017-12-06 14:06:11 - [MESSAGE][PASSED] - Call Test Case 'Test Cases/Equipment/Base_EquipmentPurchase/Base_EPO_CreateHeaderNline' successfully

2017-12-06 14:06:11 - [TEST_STEP][PASSED] - callTestCase: Call Test Case 'Test Cases/Equipment/Base_EquipmentPurchase/Base_EPO_Reciept' successfully

2017-12-06 14:06:11 - [TEST_CASE][PASSED] - Test Cases/Equipment/Base_EquipmentPurchase/Base_EPO_Reciept: Test Cases/Equipment/Base_EquipmentPurchase/Base_EPO_Reciept

2017-12-06 14:06:12 - [TEST_STEP][PASSED] - click: Object: 'Object Repository/Equipment/EquipmentPurchase/EPO_Header/EPO_Header_Action' is clicked on

2017-12-06 14:06:13 - [MESSAGE][PASSED] - Object: 'Object Repository/Equipment/EquipmentPurchase/EPO_Header/EPO_Header_Action' is clicked on

2017-12-06 14:06:13 - [TEST_STEP][PASSED] - click: Object: 'Object Repository/Equipment/EquipmentPurchase/EPO_Header/EPO_Header_Action_SendForApproval' is clicked on

2017-12-06 14:06:13 - [MESSAGE][PASSED] - Object: 'Object Repository/Equipment/EquipmentPurchase/EPO_Header/EPO_Header_Action_SendForApproval' is clicked on

2017-12-06 14:06:13 - [TEST_STEP][PASSED] - delay: Delayed 5 second(s)

2017-12-06 14:06:18 - [MESSAGE][PASSED] - Delayed 5 second(s)

2017-12-06 14:06:18 - [TEST_STEP][PASSED] - click: Object: 'Object Repository/Equipment/EquipmentPurchase/EPO_Header/EPO_Header_Action' is clicked on

2017-12-06 14:06:18 - [MESSAGE][PASSED] - Object: 'Object Repository/Equipment/EquipmentPurchase/EPO_Header/EPO_Header_Action' is clicked on

2017-12-06 14:06:18 - [TEST_STEP][PASSED] - click: Object: 'Object Repository/Equipment/EquipmentPurchase/EPO_Header/EPO_Header_Apporve' is clicked on

2017-12-06 14:06:18 - [MESSAGE][PASSED] - Object: 'Object Repository/Equipment/EquipmentPurchase/EPO_Header/EPO_Header_Apporve' is clicked on

2017-12-06 14:06:18 - [TEST_STEP][PASSED] - delay: Delayed 5 second(s)

2017-12-06 14:06:23 - [MESSAGE][PASSED] - Delayed 5 second(s)

2017-12-06 14:06:23 - [TEST_STEP][PASSED] - click: Object: 'Object Repository/Equipment/EquipmentPurchase/EPO_Header/EPO_Header_Print' is clicked on

2017-12-06 14:06:24 - [MESSAGE][PASSED] - Object: 'Object Repository/Equipment/EquipmentPurchase/EPO_Header/EPO_Header_Print' is clicked on

2017-12-06 14:06:24 - [TEST_STEP][PASSED] - click: Object: 'Object Repository/Equipment/EquipmentPurchase/EPO_Header/EPO_Print_FinalPrint' is clicked on

2017-12-06 14:06:24 - [MESSAGE][PASSED] - Object: 'Object Repository/Equipment/EquipmentPurchase/EPO_Header/EPO_Print_FinalPrint' is clicked on

2017-12-06 14:06:24 - [TEST_STEP][PASSED] - click: Object: 'Object Repository/Equipment/EquipmentPurchase/EPO_Header/EPO_Print_PrintOption' is clicked on

2017-12-06 14:06:24 - [MESSAGE][PASSED] - Object: 'Object Repository/Equipment/EquipmentPurchase/EPO_Header/EPO_Print_PrintOption' is clicked on

2017-12-06 14:06:24 - [TEST_STEP][PASSED] - click: Object: 'Object Repository/Equipment/EquipmentPurchase/EPO_Header/EPO_Print_Device' is clicked on

2017-12-06 14:06:27 - [MESSAGE][PASSED] - Object: 'Object Repository/Equipment/EquipmentPurchase/EPO_Header/EPO_Print_Device' is clicked on

2017-12-06 14:06:27 - [TEST_STEP][PASSED] - setText: Text 'D' is set on object 'Object Repository/Equipment/EquipmentPurchase/EPO_Header/EPO_Print_Device'

2017-12-06 14:06:27 - [MESSAGE][PASSED] - Text 'D' is set on object 'Object Repository/Equipment/EquipmentPurchase/EPO_Header/EPO_Print_Device'

2017-12-06 14:06:27 - [TEST_STEP][PASSED] - click: Object: 'Object Repository/Equipment/EquipmentPurchase/EPO_Header/EPO_Print_Continue' is clicked on

2017-12-06 14:06:28 - [MESSAGE][PASSED] - Object: 'Object Repository/Equipment/EquipmentPurchase/EPO_Header/EPO_Print_Continue' is clicked on

2017-12-06 14:06:28 - [TEST_STEP][PASSED] - delay: Delayed 5 second(s)

2017-12-06 14:06:33 - [MESSAGE][PASSED] - Delayed 5 second(s)

2017-12-06 14:06:33 - [TEST_STEP][PASSED] - click: Object: 'Object Repository/Equipment/EquipmentPurchase/EPO_Header/EPO_Header_EPOtab' is clicked on

2017-12-06 14:06:33 - [MESSAGE][PASSED] - Object: 'Object Repository/Equipment/EquipmentPurchase/EPO_Header/EPO_Header_EPOtab' is clicked on

2017-12-06 14:06:33 - [TEST_STEP][PASSED] - click: Object: 'Object Repository/Equipment/EquipmentPurchase/EPO_Header/EPO_Print_Close' is clicked on

2017-12-06 14:06:33 - [MESSAGE][PASSED] - Object: 'Object Repository/Equipment/EquipmentPurchase/EPO_Header/EPO_Print_Close' is clicked on

2017-12-06 14:06:33 - [TEST_STEP][PASSED] - delay: Delayed 3 second(s)

2017-12-06 14:06:36 - [MESSAGE][PASSED] - Delayed 3 second(s)

2017-12-06 14:06:36 - [TEST_STEP][PASSED] - click: Object: 'Object Repository/Equipment/EquipmentPurchase/EPO_Header/EPO_Header_Action' is clicked on

2017-12-06 14:06:36 - [MESSAGE][PASSED] - Object: 'Object Repository/Equipment/EquipmentPurchase/EPO_Header/EPO_Header_Action' is clicked on

2017-12-06 14:06:36 - [TEST_STEP][PASSED] - click: Object: 'Object Repository/Equipment/EquipmentPurchase/EPO_Header/EPO_Action_Reciept' is clicked on

2017-12-06 14:06:37 - [MESSAGE][PASSED] - Object: 'Object Repository/Equipment/EquipmentPurchase/EPO_Header/EPO_Action_Reciept' is clicked on

2017-12-06 14:06:37 - [TEST_STEP][PASSED] - waitForElementPresent: Object 'Object Repository/Equipment/EquipmentPurchase/EPO_Receipt/EPO_Reciept_Save' is present

2017-12-06 14:06:38 - [MESSAGE][PASSED] - Object 'Object Repository/Equipment/EquipmentPurchase/EPO_Receipt/EPO_Reciept_Save' is present

2017-12-06 14:06:38 - [TEST_STEP][PASSED] - click: Object: 'Object Repository/Equipment/EquipmentPurchase/EPO_Receipt/EPO_Reciept_Save' is clicked on

2017-12-06 14:06:38 - [MESSAGE][PASSED] - Object: 'Object Repository/Equipment/EquipmentPurchase/EPO_Receipt/EPO_Reciept_Save' is clicked on

2017-12-06 14:06:38 - [TEST_STEP][PASSED] - delay: Delayed 3 second(s)

2017-12-06 14:06:41 - [MESSAGE][PASSED] - Delayed 3 second(s)

2017-12-06 14:06:41 - [TEST_STEP][PASSED] - click: Object: 'Object Repository/Equipment/EquipmentPurchase/EPO_Receipt/EPO_Receipt_Action' is clicked on

2017-12-06 14:06:42 - [MESSAGE][PASSED] - Object: 'Object Repository/Equipment/EquipmentPurchase/EPO_Receipt/EPO_Receipt_Action' is clicked on

2017-12-06 14:06:42 - [TEST_STEP][PASSED] - click: Object: 'Object Repository/Equipment/EquipmentPurchase/EPO_Receipt/EPO_Receipt_Action_ReceiptLine' is clicked on

2017-12-06 14:06:42 - [MESSAGE][PASSED] - Object: 'Object Repository/Equipment/EquipmentPurchase/EPO_Receipt/EPO_Receipt_Action_ReceiptLine' is clicked on

2017-12-06 14:06:42 - [TEST_STEP][PASSED] - waitForElementPresent: Object 'Object Repository/Equipment/EquipmentPurchase/EPO_Receipt_Line/EPO_ReceiptLine_New' is present

2017-12-06 14:06:43 - [MESSAGE][PASSED] - Object 'Object Repository/Equipment/EquipmentPurchase/EPO_Receipt_Line/EPO_ReceiptLine_New' is present

2017-12-06 14:06:43 - [TEST_STEP][PASSED] - click: Object: 'Object Repository/Equipment/EquipmentPurchase/EPO_Receipt_Line/EPO_ReceiptLine_New' is clicked on

2017-12-06 14:06:43 - [MESSAGE][PASSED] - Object: 'Object Repository/Equipment/EquipmentPurchase/EPO_Receipt_Line/EPO_ReceiptLine_New' is clicked on

2017-12-06 14:06:43 - [TEST_STEP][PASSED] - waitForElementPresent: Object 'Object Repository/Equipment/EquipmentPurchase/EPO_Receipt_Line/EPO_RecieptLine_Select' is present

2017-12-06 14:06:45 - [MESSAGE][PASSED] - Object 'Object Repository/Equipment/EquipmentPurchase/EPO_Receipt_Line/EPO_RecieptLine_Select' is present

2017-12-06 14:06:45 - [TEST_STEP][PASSED] - click: Object: 'Object Repository/Equipment/EquipmentPurchase/EPO_Receipt_Line/EPO_RecieptLine_Select' is clicked on

2017-12-06 14:06:45 - [MESSAGE][PASSED] - Object: 'Object Repository/Equipment/EquipmentPurchase/EPO_Receipt_Line/EPO_RecieptLine_Select' is clicked on

2017-12-06 14:06:45 - [TEST_STEP][PASSED] - delay: Delayed 3 second(s)

2017-12-06 14:06:48 - [MESSAGE][PASSED] - Delayed 3 second(s)

2017-12-06 14:06:48 - [TEST_STEP][PASSED] - click: Object: 'Object Repository/Equipment/EquipmentPurchase/EPO_Receipt_Line/EPO_ReceiptLine_SavenClose' is clicked on

2017-12-06 14:06:49 - [MESSAGE][PASSED] - Object: 'Object Repository/Equipment/EquipmentPurchase/EPO_Receipt_Line/EPO_ReceiptLine_SavenClose' is clicked on

2017-12-06 14:06:49 - [TEST_STEP][PASSED] - waitForElementPresent: Object 'Object Repository/Equipment/EquipmentPurchase/EPO_Receipt_Line/EPO_RecieptLineAction' is present

2017-12-06 14:06:49 - [MESSAGE][PASSED] - Object 'Object Repository/Equipment/EquipmentPurchase/EPO_Receipt_Line/EPO_RecieptLineAction' is present

2017-12-06 14:06:49 - [TEST_STEP][PASSED] - Statement - G_Unit = com.kms.katalon.core.webui.keyword.WebUiBuiltInKeywords.getText(com.kms.katalon.core.testobject.ObjectRepository.findTestObject(Equipment/EquipmentPurchase/EPO_Receipt/EPO_Reciept_Unit)): Text of object 'Object Repository/Equipment/EquipmentPurchase/EPO_Receipt/EPO_Reciept_Unit' is: 'MD0018397'

2017-12-06 14:06:49 - [MESSAGE][PASSED] - Text of object 'Object Repository/Equipment/EquipmentPurchase/EPO_Receipt/EPO_Reciept_Unit' is: 'MD0018397'

2017-12-06 14:06:49 - [TEST_STEP][PASSED] - click: Object: 'Object Repository/Equipment/EquipmentPurchase/EPO_Receipt_Line/EPO_RecieptLineAction' is clicked on

2017-12-06 14:06:49 - [MESSAGE][PASSED] - Object: 'Object Repository/Equipment/EquipmentPurchase/EPO_Receipt_Line/EPO_RecieptLineAction' is clicked on

2017-12-06 14:06:49 - [TEST_STEP][PASSED] - click: Object: 'Object Repository/Equipment/EquipmentPurchase/EPO_Receipt/EPO_Action_Confirm' is clicked on

2017-12-06 14:06:50 - [MESSAGE][PASSED] - Object: 'Object Repository/Equipment/EquipmentPurchase/EPO_Receipt/EPO_Action_Confirm' is clicked on

2017-12-06 14:06:50 - [TEST_STEP][PASSED] - click: Object: 'Object Repository/Equipment/EquipmentPurchase/EPO_Receipt/EPO_Reciept_MeterOK' is clicked on

2017-12-06 14:06:50 - [MESSAGE][PASSED] - Object: 'Object Repository/Equipment/EquipmentPurchase/EPO_Receipt/EPO_Reciept_MeterOK' is clicked on

2017-12-06 14:06:50 - [TEST_STEP][PASSED] - waitForElementPresent: Object 'Object Repository/Equipment/EquipmentPurchase/EPO_Receipt/EPO_RecieptPrint_Device' is present

2017-12-06 14:06:52 - [MESSAGE][PASSED] - Object 'Object Repository/Equipment/EquipmentPurchase/EPO_Receipt/EPO_RecieptPrint_Device' is present

2017-12-06 14:06:52 - [TEST_STEP][PASSED] - click: Object: 'Object Repository/Equipment/EquipmentPurchase/EPO_Receipt/EPO_RecieptPrint_Device' is clicked on

2017-12-06 14:06:52 - [MESSAGE][PASSED] - Object: 'Object Repository/Equipment/EquipmentPurchase/EPO_Receipt/EPO_RecieptPrint_Device' is clicked on

2017-12-06 14:06:52 - [TEST_STEP][PASSED] - setText: Text 'D' is set on object 'Object Repository/Equipment/EquipmentPurchase/EPO_Receipt/EPO_RecieptPrint_Device'

2017-12-06 14:06:53 - [MESSAGE][PASSED] - Text 'D' is set on object 'Object Repository/Equipment/EquipmentPurchase/EPO_Receipt/EPO_RecieptPrint_Device'

2017-12-06 14:06:53 - [TEST_STEP][PASSED] - click: Object: 'Object Repository/Equipment/EquipmentPurchase/EPO_Receipt/EPO_RecieptPrint_Continue' is clicked on

2017-12-06 14:06:53 - [MESSAGE][PASSED] - Object: 'Object Repository/Equipment/EquipmentPurchase/EPO_Receipt/EPO_RecieptPrint_Continue' is clicked on

2017-12-06 14:06:53 - [TEST_STEP][PASSED] - delay: Delayed 3 second(s)

2017-12-06 14:06:56 - [MESSAGE][PASSED] - Delayed 3 second(s)

2017-12-06 14:06:56 - [TEST_STEP][PASSED] - click: Object: 'Object Repository/Equipment/EquipmentPurchase/EPO_Receipt/EPO_RecieptPrint_ProcessCompleted' is clicked on

2017-12-06 14:06:56 - [MESSAGE][PASSED] - Object: 'Object Repository/Equipment/EquipmentPurchase/EPO_Receipt/EPO_RecieptPrint_ProcessCompleted' is clicked on

2017-12-06 14:06:56 - [TEST_STEP][PASSED] - delay: Delayed 10 second(s)

2017-12-06 14:07:06 - [MESSAGE][PASSED] - Delayed 10 second(s)

2017-12-06 14:07:06 - [MESSAGE][PASSED] - Call Test Case 'Test Cases/Equipment/Base_EquipmentPurchase/Base_EPO_Reciept' successfully

2017-12-06 14:07:06 - [MESSAGE][PASSED] - Call Test Case 'Test Cases/Equipment/Base_EquipmentPurchase/EPO_CreateNrecieve' successfully

2017-12-06 14:07:06 - [TEST_STEP][PASSED] - callTestCase: Call Test Case 'Test Cases/Equipment/Base_EquipmentSales/Base_Equipement_CreateHeader' successfully

2017-12-06 14:07:06 - [TEST_CASE][PASSED] - Test Cases/Equipment/Base_EquipmentSales/Base_Equipement_CreateHeader: Test Cases/Equipment/Base_EquipmentSales/Base_Equipement_CreateHeader

2017-12-06 14:07:07 - [TEST_STEP][PASSED] - callTestCase: Call Test Case 'Test Cases/Common/Base_Common_OpenSession' successfully

2017-12-06 14:07:07 - [TEST_CASE][PASSED] - Test Cases/Common/Base_Common_OpenSession: Test Cases/Common/Base_Common_OpenSession

2017-12-06 14:07:07 - [TEST_STEP][PASSED] - openBrowser: Browser is opened with url: 'https://rgajbhiye:Robin$123@proxima-ln4.e-emphasys.com:8441/webui/servlet/login'

2017-12-06 14:07:07 - [MESSAGE][WARNING] - A browser is already opened. Closing browser and opening a new one

2017-12-06 14:07:19 - [MESSAGE][PASSED] - Browser is opened with url: 'https://rgajbhiye:Robin$123@proxima-ln4.e-emphasys.com:8441/webui/servlet/login'

2017-12-06 14:07:19 - [TEST_STEP][PASSED] - waitForPageLoad: Wait for page load successfully

2017-12-06 14:07:19 - [MESSAGE][PASSED] - Wait for page load successfully

2017-12-06 14:07:19 - [TEST_STEP][PASSED] - maximizeWindow: Current window maximized

2017-12-06 14:07:19 - [MESSAGE][PASSED] - Current window maximized

2017-12-06 14:07:19 - [TEST_STEP][PASSED] - click: Object: 'Object Repository/Common/HomePage/HomePage_more' is clicked on

2017-12-06 14:07:22 - [MESSAGE][PASSED] - Object: 'Object Repository/Common/HomePage/HomePage_more' is clicked on

2017-12-06 14:07:22 - [TEST_STEP][PASSED] - click: Object: 'Object Repository/Common/HomePage/HomePage_Option' is clicked on

2017-12-06 14:07:22 - [MESSAGE][PASSED] - Object: 'Object Repository/Common/HomePage/HomePage_Option' is clicked on

2017-12-06 14:07:22 - [TEST_STEP][PASSED] - click: Object: 'Object Repository/Common/HomePage/HomePage_RunProgram_' is clicked on

2017-12-06 14:07:23 - [MESSAGE][PASSED] - Object: 'Object Repository/Common/HomePage/HomePage_RunProgram_' is clicked on

2017-12-06 14:07:23 - [TEST_STEP][PASSED] - sendKeys: Keys 'tdext8570m000' sent to object: 'Object Repository/Common/HomePage/HomePage_Session_ID'

2017-12-06 14:07:23 - [MESSAGE][PASSED] - Keys 'tdext8570m000' sent to object: 'Object Repository/Common/HomePage/HomePage_Session_ID'

2017-12-06 14:07:23 - [TEST_STEP][PASSED] - click: Object: 'Object Repository/Common/HomePage/HomePage_OkButton' is clicked on

2017-12-06 14:07:23 - [MESSAGE][PASSED] - Object: 'Object Repository/Common/HomePage/HomePage_OkButton' is clicked on

2017-12-06 14:07:23 - [MESSAGE][PASSED] - Call Test Case 'Test Cases/Common/Base_Common_OpenSession' successfully

2017-12-06 14:07:23 - [TEST_STEP][PASSED] - waitForElementPresent: Object 'Object Repository/Equipment/EquipmentSales/EquipmentSalesAgreementHeader/EquipmentSalesOrder_MMT_New' is present

2017-12-06 14:07:30 - [MESSAGE][PASSED] - Object 'Object Repository/Equipment/EquipmentSales/EquipmentSalesAgreementHeader/EquipmentSalesOrder_MMT_New' is present

2017-12-06 14:07:30 - [TEST_STEP][PASSED] - click: Object: 'Object Repository/Equipment/EquipmentSales/EquipmentSalesAgreementHeader/EquipmentSalesOrder_MMT_New' is clicked on

2017-12-06 14:07:33 - [MESSAGE][PASSED] - Object: 'Object Repository/Equipment/EquipmentSales/EquipmentSalesAgreementHeader/EquipmentSalesOrder_MMT_New' is clicked on

2017-12-06 14:07:33 - [TEST_STEP][PASSED] - setText: Text 'M00000010' is set on object 'Object Repository/Equipment/EquipmentSales/EquipmentSalesAgreementHeader/EquipmentSalesOrder_Customer'

2017-12-06 14:07:35 - [MESSAGE][PASSED] - Text 'M00000010' is set on object 'Object Repository/Equipment/EquipmentSales/EquipmentSalesAgreementHeader/EquipmentSalesOrder_Customer'

2017-12-06 14:07:35 - [TEST_STEP][PASSED] - doubleClick: Object: 'Object Repository/Equipment/EquipmentSales/EquipmentSalesAgreementHeader/EquipmentSalesOrder_DeliveryDate' is double clicked on

2017-12-06 14:07:36 - [MESSAGE][PASSED] - Object: 'Object Repository/Equipment/EquipmentSales/EquipmentSalesAgreementHeader/EquipmentSalesOrder_DeliveryDate' is double clicked on

2017-12-06 14:07:36 - [TEST_STEP][PASSED] - setText: Text '+10' is set on object 'Object Repository/Equipment/EquipmentSales/EquipmentSalesAgreementHeader/EquipmentSalesOrder_DeliveryDate'

2017-12-06 14:07:36 - [MESSAGE][PASSED] - Text '+10' is set on object 'Object Repository/Equipment/EquipmentSales/EquipmentSalesAgreementHeader/EquipmentSalesOrder_DeliveryDate'

2017-12-06 14:07:36 - [TEST_STEP][PASSED] - click: Object: 'Object Repository/Equipment/EquipmentSales/EquipmentSalesAgreementHeader/ESO_Header_Tax' is clicked on

2017-12-06 14:07:37 - [MESSAGE][PASSED] - Object: 'Object Repository/Equipment/EquipmentSales/EquipmentSalesAgreementHeader/ESO_Header_Tax' is clicked on

2017-12-06 14:07:37 - [TEST_STEP][PASSED] - click: Object: 'Object Repository/Equipment/EquipmentSales/EquipmentSalesAgreementHeader/EquipmentSaleOrder_Save' is clicked on

2017-12-06 14:07:40 - [MESSAGE][PASSED] - Object: 'Object Repository/Equipment/EquipmentSales/EquipmentSalesAgreementHeader/EquipmentSaleOrder_Save' is clicked on

2017-12-06 14:07:40 - [TEST_STEP][PASSED] - delay: Delayed 2 second(s)

2017-12-06 14:07:42 - [MESSAGE][PASSED] - Delayed 2 second(s)

2017-12-06 14:07:42 - [TEST_STEP][PASSED] - click: Object: 'Object Repository/Equipment/EquipmentSales/EquipmentSalesAgreementHeader/EPO_Header_othertab' is clicked on

2017-12-06 14:07:42 - [MESSAGE][PASSED] - Object: 'Object Repository/Equipment/EquipmentSales/EquipmentSalesAgreementHeader/EPO_Header_othertab' is clicked on

2017-12-06 14:07:42 - [TEST_STEP][PASSED] - delay: Delayed 3 second(s)

2017-12-06 14:07:45 - [MESSAGE][PASSED] - Delayed 3 second(s)

2017-12-06 14:07:45 - [TEST_STEP][PASSED] - click: Object: 'Object Repository/Equipment/EquipmentSales/EquipmentSalesAgreementHeader/EquipmentSalesOrder_PaymentMethod' is clicked on

2017-12-06 14:07:46 - [MESSAGE][PASSED] - Object: 'Object Repository/Equipment/EquipmentSales/EquipmentSalesAgreementHeader/EquipmentSalesOrder_PaymentMethod' is clicked on

2017-12-06 14:07:46 - [TEST_STEP][PASSED] - click: Object: 'Object Repository/Equipment/EquipmentSales/EquipmentSalesAgreementHeader/EquimentSalesOrder_CreditCardOption' is clicked on

2017-12-06 14:07:46 - [MESSAGE][PASSED] - Object: 'Object Repository/Equipment/EquipmentSales/EquipmentSalesAgreementHeader/EquimentSalesOrder_CreditCardOption' is clicked on

2017-12-06 14:07:46 - [TEST_STEP][PASSED] - click: Object: 'Object Repository/Equipment/EquipmentSales/EquipmentSalesAgreementHeader/EquipmentSaleOrder_Save' is clicked on

2017-12-06 14:07:47 - [MESSAGE][PASSED] - Object: 'Object Repository/Equipment/EquipmentSales/EquipmentSalesAgreementHeader/EquipmentSaleOrder_Save' is clicked on

2017-12-06 14:07:47 - [TEST_STEP][PASSED] - click: Object: 'Object Repository/Equipment/EquipmentSales/EquipmentSalesAgreementHeader/EquipmentSalesOrder_DetailsTab' is clicked on

2017-12-06 14:07:47 - [MESSAGE][PASSED] - Object: 'Object Repository/Equipment/EquipmentSales/EquipmentSalesAgreementHeader/EquipmentSalesOrder_DetailsTab' is clicked on

2017-12-06 14:07:47 - [TEST_STEP][PASSED] - delay: Delayed 5 second(s)

2017-12-06 14:07:52 - [MESSAGE][PASSED] - Delayed 5 second(s)

2017-12-06 14:07:52 - [TEST_STEP][PASSED] - Statement - G_Part_PSO = com.kms.katalon.core.webui.keyword.WebUiBuiltInKeywords.getAttribute(com.kms.katalon.core.testobject.ObjectRepository.findTestObject(Equipment/EquipmentSales/EquipmentSalesAgreementHeader/EquipmentSaleOrder_OrderNo), "value"): Attribute 'value' of object 'Object Repository/Equipment/EquipmentSales/EquipmentSalesAgreementHeader/EquipmentSaleOrder_OrderNo' is: 'ESA016792'

2017-12-06 14:07:53 - [MESSAGE][PASSED] - Attribute 'value' of object 'Object Repository/Equipment/EquipmentSales/EquipmentSalesAgreementHeader/EquipmentSaleOrder_OrderNo' is: 'ESA016792'

2017-12-06 14:07:53 - [MESSAGE][PASSED] - Call Test Case 'Test Cases/Equipment/Base_EquipmentSales/Base_Equipement_CreateHeader' successfully

2017-12-06 14:07:53 - [TEST_STEP][PASSED] - callTestCase: Call Test Case 'Test Cases/Equipment/Base_EquipmentSales/Base_EquipmentSalesAddLine' successfully

2017-12-06 14:07:53 - [TEST_CASE][PASSED] - Test Cases/Equipment/Base_EquipmentSales/Base_EquipmentSalesAddLine: Test Cases/Equipment/Base_EquipmentSales/Base_EquipmentSalesAddLine

2017-12-06 14:07:53 - [TEST_STEP][PASSED] - click: Object: 'Object Repository/Equipment/EquipmentSales/EquipmentSalesAgreementHeader/EquipSalesOrder_Action' is clicked on

2017-12-06 14:07:53 - [MESSAGE][PASSED] - Object: 'Object Repository/Equipment/EquipmentSales/EquipmentSalesAgreementHeader/EquipSalesOrder_Action' is clicked on

2017-12-06 14:07:53 - [TEST_STEP][PASSED] - click: Object: 'Object Repository/Equipment/EquipmentSales/EquipmentSalesAgreementHeader/EquipSalesOrder_SalesOrderLine' is clicked on

2017-12-06 14:07:54 - [MESSAGE][PASSED] - Object: 'Object Repository/Equipment/EquipmentSales/EquipmentSalesAgreementHeader/EquipSalesOrder_SalesOrderLine' is clicked on

2017-12-06 14:07:54 - [TEST_STEP][PASSED] - waitForElementPresent: Object 'Object Repository/Equipment/EquipmentSales/EquipSalesOrderLines/EquipSaleOrderLine_New' is present

2017-12-06 14:07:56 - [MESSAGE][PASSED] - Object 'Object Repository/Equipment/EquipmentSales/EquipSalesOrderLines/EquipSaleOrderLine_New' is present

2017-12-06 14:07:56 - [TEST_STEP][PASSED] - click: Object: 'Object Repository/Equipment/EquipmentSales/EquipSalesOrderLines/EquipSaleOrderLine_New' is clicked on

2017-12-06 14:07:56 - [MESSAGE][PASSED] - Object: 'Object Repository/Equipment/EquipmentSales/EquipSalesOrderLines/EquipSaleOrderLine_New' is clicked on

2017-12-06 14:07:56 - [TEST_STEP][PASSED] - waitForElementPresent: Object 'Object Repository/Equipment/EquipmentSales/EquipSalesOrderLines/EquipSalesOrder_Model' is present

2017-12-06 14:07:58 - [MESSAGE][PASSED] - Object 'Object Repository/Equipment/EquipmentSales/EquipSalesOrderLines/EquipSalesOrder_Model' is present

2017-12-06 14:07:58 - [TEST_STEP][PASSED] - click: Object: 'Object Repository/Equipment/EquipmentSales/EquipSalesOrderLines/EquipSalesOrder_Model' is clicked on

2017-12-06 14:07:58 - [MESSAGE][PASSED] - Object: 'Object Repository/Equipment/EquipmentSales/EquipSalesOrderLines/EquipSalesOrder_Model' is clicked on

2017-12-06 14:07:58 - [TEST_STEP][PASSED] - setText: Text '1032' is set on object 'Object Repository/Equipment/EquipmentSales/EquipSalesOrderLines/EquipSalesOrder_Model'

2017-12-06 14:07:58 - [MESSAGE][PASSED] - Text '1032' is set on object 'Object Repository/Equipment/EquipmentSales/EquipSalesOrderLines/EquipSalesOrder_Model'

2017-12-06 14:07:58 - [TEST_STEP][PASSED] - doubleClick: Object: 'Object Repository/Equipment/EquipmentSales/EquipSalesOrderLines/ESO_Line_Unit' is double clicked on

2017-12-06 14:07:58 - [MESSAGE][PASSED] - Object: 'Object Repository/Equipment/EquipmentSales/EquipSalesOrderLines/ESO_Line_Unit' is double clicked on

2017-12-06 14:07:58 - [TEST_STEP][PASSED] - delay: Delayed 2 second(s)

2017-12-06 14:08:00 - [MESSAGE][PASSED] - Delayed 2 second(s)

2017-12-06 14:08:00 - [TEST_STEP][PASSED] - setText: Text 'MD0018397' is set on object 'Object Repository/Equipment/EquipmentSales/EquipSalesOrderLines/ESO_Line_Unit'

2017-12-06 14:08:00 - [MESSAGE][PASSED] - Text 'MD0018397' is set on object 'Object Repository/Equipment/EquipmentSales/EquipSalesOrderLines/ESO_Line_Unit'

2017-12-06 14:08:00 - [TEST_STEP][PASSED] - doubleClick: Object: 'Object Repository/Equipment/EquipmentSales/EquipSalesOrderLines/EquipSalesOrder_Price' is double clicked on

2017-12-06 14:08:01 - [MESSAGE][PASSED] - Object: 'Object Repository/Equipment/EquipmentSales/EquipSalesOrderLines/EquipSalesOrder_Price' is double clicked on

2017-12-06 14:08:01 - [TEST_STEP][PASSED] - delay: Delayed 2 second(s)

2017-12-06 14:08:03 - [MESSAGE][PASSED] - Delayed 2 second(s)

2017-12-06 14:08:03 - [TEST_STEP][PASSED] - setText: Text '10' is set on object 'Object Repository/Equipment/EquipmentSales/EquipSalesOrderLines/EquipSalesOrder_Price'

2017-12-06 14:08:03 - [MESSAGE][PASSED] - Text '10' is set on object 'Object Repository/Equipment/EquipmentSales/EquipSalesOrderLines/EquipSalesOrder_Price'

2017-12-06 14:08:03 - [TEST_STEP][PASSED] - click: Object: 'Object Repository/Equipment/EquipmentSales/EquipSalesOrderLines/EquipSaleOrder_Save' is clicked on

2017-12-06 14:08:03 - [MESSAGE][PASSED] - Object: 'Object Repository/Equipment/EquipmentSales/EquipSalesOrderLines/EquipSaleOrder_Save' is clicked on

2017-12-06 14:08:03 - [TEST_STEP][PASSED] - waitForElementPresent: Object 'Object Repository/Equipment/EquipmentSales/EquipSalesOrderLines/EquipSalesOrder_taxok' is present

2017-12-06 14:08:04 - [MESSAGE][PASSED] - Object 'Object Repository/Equipment/EquipmentSales/EquipSalesOrderLines/EquipSalesOrder_taxok' is present

2017-12-06 14:08:04 - [TEST_STEP][PASSED] - click: Object: 'Object Repository/Equipment/EquipmentSales/EquipSalesOrderLines/EquipSalesOrder_taxok' is clicked on

2017-12-06 14:08:04 - [MESSAGE][PASSED] - Object: 'Object Repository/Equipment/EquipmentSales/EquipSalesOrderLines/EquipSalesOrder_taxok' is clicked on

2017-12-06 14:08:04 - [TEST_STEP][NOT_RUN] - click: NOT_RUN: click

2017-12-06 14:08:04 - [MESSAGE][NOT_RUN] - NOT_RUN: click

2017-12-06 14:08:04 - [TEST_STEP][PASSED] - delay: Delayed 2 second(s)

2017-12-06 14:08:06 - [MESSAGE][PASSED] - Delayed 2 second(s)

2017-12-06 14:08:06 - [TEST_STEP][PASSED] - click: Object: 'Object Repository/Equipment/EquipmentSales/EquipSalesOrderLines/EquipSaleOrder_SavenClose' is clicked on

2017-12-06 14:08:06 - [MESSAGE][PASSED] - Object: 'Object Repository/Equipment/EquipmentSales/EquipSalesOrderLines/EquipSaleOrder_SavenClose' is clicked on

2017-12-06 14:08:06 - [TEST_STEP][PASSED] - delay: Delayed 2 second(s)

2017-12-06 14:08:08 - [MESSAGE][PASSED] - Delayed 2 second(s)

2017-12-06 14:08:08 - [TEST_STEP][PASSED] - click: Object: 'Object Repository/Equipment/EquipmentSales/EquipmentSalesAgreementHeader/EquipSalesOrder_MMTsavenClose' is clicked on

2017-12-06 14:08:08 - [MESSAGE][PASSED] - Object: 'Object Repository/Equipment/EquipmentSales/EquipmentSalesAgreementHeader/EquipSalesOrder_MMTsavenClose' is clicked on

2017-12-06 14:08:08 - [MESSAGE][PASSED] - Call Test Case 'Test Cases/Equipment/Base_EquipmentSales/Base_EquipmentSalesAddLine' successfully

2017-12-06 14:08:08 - [TEST_STEP][PASSED] - callTestCase: Call Test Case 'Test Cases/Equipment/Base_EquipmentSales/Base_EquipSaleOrderProcessing' successfully

2017-12-06 14:08:08 - [TEST_CASE][PASSED] - Test Cases/Equipment/Base_EquipmentSales/Base_EquipSaleOrderProcessing: Test Cases/Equipment/Base_EquipmentSales/Base_EquipSaleOrderProcessing

2017-12-06 14:08:09 - [TEST_STEP][PASSED] - click: Object: 'Object Repository/Equipment/EquipmentSales/EquipmentSalesAgreementHeader/EquipSalesOrder_Action' is clicked on

2017-12-06 14:08:09 - [MESSAGE][PASSED] - Object: 'Object Repository/Equipment/EquipmentSales/EquipmentSalesAgreementHeader/EquipSalesOrder_Action' is clicked on

2017-12-06 14:08:09 - [TEST_STEP][PASSED] - delay: Delayed 2 second(s)

2017-12-06 14:08:11 - [MESSAGE][PASSED] - Delayed 2 second(s)

2017-12-06 14:08:11 - [TEST_STEP][PASSED] - click: Object: 'Object Repository/Equipment/EquipmentSales/EquipSalesOrder_Process/EquipSalesOrder_SendForApproval' is clicked on

2017-12-06 14:08:11 - [MESSAGE][PASSED] - Object: 'Object Repository/Equipment/EquipmentSales/EquipSalesOrder_Process/EquipSalesOrder_SendForApproval' is clicked on

2017-12-06 14:08:11 - [TEST_STEP][PASSED] - delay: Delayed 2 second(s)

2017-12-06 14:08:13 - [MESSAGE][PASSED] - Delayed 2 second(s)

2017-12-06 14:08:13 - [TEST_STEP][PASSED] - verifyElementText: Actual text and expected text of test object 'Object Repository/Equipment/EquipmentSales/EquipSalesOrder_Process/EquipSalesOrder_Status' are matched.

2017-12-06 14:08:13 - [MESSAGE][PASSED] - Actual text and expected text of test object 'Object Repository/Equipment/EquipmentSales/EquipSalesOrder_Process/EquipSalesOrder_Status' are matched.

2017-12-06 14:08:13 - [TEST_STEP][PASSED] - click: Object: 'Object Repository/Equipment/EquipmentSales/EquipmentSalesAgreementHeader/EquipSalesOrder_Action' is clicked on

2017-12-06 14:08:14 - [MESSAGE][PASSED] - Object: 'Object Repository/Equipment/EquipmentSales/EquipmentSalesAgreementHeader/EquipSalesOrder_Action' is clicked on

2017-12-06 14:08:14 - [TEST_STEP][PASSED] - delay: Delayed 2 second(s)

2017-12-06 14:08:16 - [MESSAGE][PASSED] - Delayed 2 second(s)

2017-12-06 14:08:16 - [TEST_STEP][PASSED] - click: Object: 'Object Repository/Equipment/EquipmentSales/EquipSalesOrder_Process/EquipSalesOrder_Action_Approve' is clicked on

2017-12-06 14:08:16 - [MESSAGE][PASSED] - Object: 'Object Repository/Equipment/EquipmentSales/EquipSalesOrder_Process/EquipSalesOrder_Action_Approve' is clicked on

2017-12-06 14:08:16 - [TEST_STEP][PASSED] - delay: Delayed 2 second(s)

2017-12-06 14:08:18 - [MESSAGE][PASSED] - Delayed 2 second(s)

2017-12-06 14:08:18 - [TEST_STEP][PASSED] - click: Object: 'Object Repository/Equipment/EquipmentSales/EquipmentSalesAgreementHeader/EquipSalesOrder_Action' is clicked on

2017-12-06 14:08:18 - [MESSAGE][PASSED] - Object: 'Object Repository/Equipment/EquipmentSales/EquipmentSalesAgreementHeader/EquipSalesOrder_Action' is clicked on

2017-12-06 14:08:18 - [TEST_STEP][PASSED] - delay: Delayed 2 second(s)

2017-12-06 14:08:20 - [MESSAGE][PASSED] - Delayed 2 second(s)

2017-12-06 14:08:20 - [TEST_STEP][PASSED] - verifyElementText: Actual text and expected text of test object 'Object Repository/Equipment/EquipmentSales/EquipSalesOrder_Process/EquipSalesOrder_Status' are matched.

2017-12-06 14:08:20 - [MESSAGE][PASSED] - Actual text and expected text of test object 'Object Repository/Equipment/EquipmentSales/EquipSalesOrder_Process/EquipSalesOrder_Status' are matched.

2017-12-06 14:08:20 - [TEST_STEP][PASSED] - delay: Delayed 2 second(s)

2017-12-06 14:08:22 - [MESSAGE][PASSED] - Delayed 2 second(s)

2017-12-06 14:08:22 - [TEST_STEP][PASSED] - click: Object: 'Object Repository/Equipment/EquipmentSales/EquipmentSalesAgreementHeader/ESO_Header_Print' is clicked on

2017-12-06 14:08:23 - [MESSAGE][PASSED] - Object: 'Object Repository/Equipment/EquipmentSales/EquipmentSalesAgreementHeader/ESO_Header_Print' is clicked on

2017-12-06 14:08:23 - [TEST_STEP][PASSED] - click: Object: 'Object Repository/Equipment/EquipmentSales/EquipmentSalesAgreementHeader/ESO_Header_Print_FinalPrint' is clicked on

2017-12-06 14:08:24 - [MESSAGE][PASSED] - Object: 'Object Repository/Equipment/EquipmentSales/EquipmentSalesAgreementHeader/ESO_Header_Print_FinalPrint' is clicked on

2017-12-06 14:08:24 - [TEST_STEP][PASSED] - click: Object: 'Object Repository/Equipment/EquipmentSales/EquipmentSalesAgreementHeader/ESO_Header_Print_Print' is clicked on

2017-12-06 14:08:24 - [MESSAGE][PASSED] - Object: 'Object Repository/Equipment/EquipmentSales/EquipmentSalesAgreementHeader/ESO_Header_Print_Print' is clicked on

2017-12-06 14:08:24 - [TEST_STEP][PASSED] - click: Object: 'Object Repository/Equipment/EquipmentSales/EquipmentSalesAgreementHeader/ESO_Header_Print_ESOOK' is clicked on

2017-12-06 14:08:25 - [MESSAGE][PASSED] - Object: 'Object Repository/Equipment/EquipmentSales/EquipmentSalesAgreementHeader/ESO_Header_Print_ESOOK' is clicked on

2017-12-06 14:08:25 - [TEST_STEP][PASSED] - delay: Delayed 2 second(s)

2017-12-06 14:08:27 - [MESSAGE][PASSED] - Delayed 2 second(s)

2017-12-06 14:08:27 - [TEST_STEP][PASSED] - click: Object: 'Object Repository/Equipment/EquipmentSales/EquipmentSalesAgreementHeader/ESO_Print_Device' is clicked on

2017-12-06 14:08:27 - [MESSAGE][PASSED] - Object: 'Object Repository/Equipment/EquipmentSales/EquipmentSalesAgreementHeader/ESO_Print_Device' is clicked on

2017-12-06 14:08:27 - [TEST_STEP][PASSED] - delay: Delayed 2 second(s)

2017-12-06 14:08:29 - [MESSAGE][PASSED] - Delayed 2 second(s)

2017-12-06 14:08:29 - [TEST_STEP][PASSED] - setText: Text 'D' is set on object 'Object Repository/Equipment/EquipmentSales/EquipmentSalesAgreementHeader/ESO_Print_Device'

2017-12-06 14:08:29 - [MESSAGE][PASSED] - Text 'D' is set on object 'Object Repository/Equipment/EquipmentSales/EquipmentSalesAgreementHeader/ESO_Print_Device'

2017-12-06 14:08:29 - [TEST_STEP][PASSED] - click: Object: 'Object Repository/Equipment/EquipmentSales/EquipmentSalesAgreementHeader/ESO_Header_Print_Continue' is clicked on

2017-12-06 14:08:29 - [MESSAGE][PASSED] - Object: 'Object Repository/Equipment/EquipmentSales/EquipmentSalesAgreementHeader/ESO_Header_Print_Continue' is clicked on

2017-12-06 14:08:29 - [TEST_STEP][PASSED] - delay: Delayed 3 second(s)

2017-12-06 14:08:32 - [MESSAGE][PASSED] - Delayed 3 second(s)

2017-12-06 14:08:32 - [TEST_STEP][PASSED] - click: Object: 'Object Repository/Equipment/EquipmentSales/EquipmentSalesAgreementHeader/ESO_Tab' is clicked on

2017-12-06 14:08:33 - [MESSAGE][PASSED] - Object: 'Object Repository/Equipment/EquipmentSales/EquipmentSalesAgreementHeader/ESO_Tab' is clicked on

2017-12-06 14:08:33 - [TEST_STEP][PASSED] - click: Object: 'Object Repository/Equipment/EquipmentSales/EquipmentSalesAgreementHeader/ESO_Print_Close' is clicked on

2017-12-06 14:08:33 - [MESSAGE][PASSED] - Object: 'Object Repository/Equipment/EquipmentSales/EquipmentSalesAgreementHeader/ESO_Print_Close' is clicked on

2017-12-06 14:08:33 - [TEST_STEP][PASSED] - delay: Delayed 3 second(s)

2017-12-06 14:08:36 - [MESSAGE][PASSED] - Delayed 3 second(s)

2017-12-06 14:08:36 - [TEST_STEP][PASSED] - click: Object: 'Object Repository/Equipment/EquipmentSales/EquipmentSalesAgreementHeader/EquipSalesOrder_Action' is clicked on

2017-12-06 14:08:36 - [MESSAGE][PASSED] - Object: 'Object Repository/Equipment/EquipmentSales/EquipmentSalesAgreementHeader/EquipSalesOrder_Action' is clicked on

2017-12-06 14:08:36 - [TEST_STEP][PASSED] - click: Object: 'Object Repository/Equipment/EquipmentSales/EquipmentSalesAgreementHeader/ESO_Header_Action_EquipmentDelivery' is clicked on

2017-12-06 14:08:37 - [MESSAGE][PASSED] - Object: 'Object Repository/Equipment/EquipmentSales/EquipmentSalesAgreementHeader/ESO_Header_Action_EquipmentDelivery' is clicked on

2017-12-06 14:08:37 - [TEST_STEP][PASSED] - waitForElementPresent: Object 'Object Repository/Equipment/EquipmentSales/EquipmentDelivery/ESO_Delivery_Agreement' is present

2017-12-06 14:08:38 - [MESSAGE][PASSED] - Object 'Object Repository/Equipment/EquipmentSales/EquipmentDelivery/ESO_Delivery_Agreement' is present

2017-12-06 14:08:38 - [TEST_STEP][PASSED] - click: Object: 'Object Repository/Equipment/EquipmentSales/EquipmentDelivery/ESO_Delivery_Agreement' is clicked on

2017-12-06 14:08:38 - [MESSAGE][PASSED] - Object: 'Object Repository/Equipment/EquipmentSales/EquipmentDelivery/ESO_Delivery_Agreement' is clicked on

2017-12-06 14:08:38 - [TEST_STEP][PASSED] - click: Object: 'Object Repository/Equipment/EquipmentSales/EquipmentDelivery/ESO_Delivery_Save' is clicked on

2017-12-06 14:08:39 - [MESSAGE][PASSED] - Object: 'Object Repository/Equipment/EquipmentSales/EquipmentDelivery/ESO_Delivery_Save' is clicked on

2017-12-06 14:08:39 - [TEST_STEP][PASSED] - delay: Delayed 3 second(s)

2017-12-06 14:08:42 - [MESSAGE][PASSED] - Delayed 3 second(s)

2017-12-06 14:08:42 - [TEST_STEP][PASSED] - click: Object: 'Object Repository/Equipment/EquipmentSales/EquipmentDelivery/ESO_Delivery_Action' is clicked on

2017-12-06 14:08:42 - [MESSAGE][PASSED] - Object: 'Object Repository/Equipment/EquipmentSales/EquipmentDelivery/ESO_Delivery_Action' is clicked on

2017-12-06 14:08:42 - [TEST_STEP][PASSED] - click: Object: 'Object Repository/Equipment/EquipmentSales/EquipmentDelivery/ESO_Delivery_Action_Line' is clicked on

2017-12-06 14:08:42 - [MESSAGE][PASSED] - Object: 'Object Repository/Equipment/EquipmentSales/EquipmentDelivery/ESO_Delivery_Action_Line' is clicked on

2017-12-06 14:08:42 - [TEST_STEP][PASSED] - waitForElementPresent: Object 'Object Repository/Equipment/EquipmentSales/EquipmentDelivery/ESO_DeliveryLine_New' is present

2017-12-06 14:08:44 - [MESSAGE][PASSED] - Object 'Object Repository/Equipment/EquipmentSales/EquipmentDelivery/ESO_DeliveryLine_New' is present

2017-12-06 14:08:44 - [TEST_STEP][PASSED] - click: Object: 'Object Repository/Equipment/EquipmentSales/EquipmentDelivery/ESO_DeliveryLine_New' is clicked on

2017-12-06 14:08:44 - [MESSAGE][PASSED] - Object: 'Object Repository/Equipment/EquipmentSales/EquipmentDelivery/ESO_DeliveryLine_New' is clicked on

2017-12-06 14:08:44 - [TEST_STEP][PASSED] - delay: Delayed 2 second(s)

2017-12-06 14:08:46 - [MESSAGE][PASSED] - Delayed 2 second(s)

2017-12-06 14:08:46 - [TEST_STEP][PASSED] - click: Object: 'Object Repository/Equipment/EquipmentSales/EquipmentDelivery/ESO_DeliveryLine_SelectLine' is clicked on

2017-12-06 14:08:46 - [MESSAGE][PASSED] - Object: 'Object Repository/Equipment/EquipmentSales/EquipmentDelivery/ESO_DeliveryLine_SelectLine' is clicked on

2017-12-06 14:08:46 - [TEST_STEP][PASSED] - delay: Delayed 2 second(s)

2017-12-06 14:08:48 - [MESSAGE][PASSED] - Delayed 2 second(s)

2017-12-06 14:08:48 - [TEST_STEP][PASSED] - click: Object: 'Object Repository/Equipment/EquipmentSales/EquipmentDelivery/ESO_SelectDeliveryLine_SaveNclose' is clicked on

2017-12-06 14:08:48 - [MESSAGE][PASSED] - Object: 'Object Repository/Equipment/EquipmentSales/EquipmentDelivery/ESO_SelectDeliveryLine_SaveNclose' is clicked on

2017-12-06 14:08:48 - [TEST_STEP][PASSED] - delay: Delayed 2 second(s)

2017-12-06 14:08:50 - [MESSAGE][PASSED] - Delayed 2 second(s)

2017-12-06 14:08:50 - [TEST_STEP][PASSED] - click: Object: 'Object Repository/Equipment/EquipmentSales/EquipmentDelivery/ESO_DeliveryLine_Action' is clicked on

2017-12-06 14:08:51 - [MESSAGE][PASSED] - Object: 'Object Repository/Equipment/EquipmentSales/EquipmentDelivery/ESO_DeliveryLine_Action' is clicked on

2017-12-06 14:08:51 - [TEST_STEP][PASSED] - click: Object: 'Object Repository/Equipment/EquipmentSales/EquipmentDelivery/ESO_Delivery_ActionConfirm' is clicked on

2017-12-06 14:08:51 - [MESSAGE][PASSED] - Object: 'Object Repository/Equipment/EquipmentSales/EquipmentDelivery/ESO_Delivery_ActionConfirm' is clicked on

2017-12-06 14:08:51 - [TEST_STEP][PASSED] - delay: Delayed 3 second(s)

2017-12-06 14:08:54 - [MESSAGE][PASSED] - Delayed 3 second(s)

2017-12-06 14:08:54 - [TEST_STEP][PASSED] - click: Object: 'Object Repository/Equipment/EquipmentSales/EquipmentDelivery/ESO_Delivery_ConfirmYes' is clicked on

2017-12-06 14:08:54 - [MESSAGE][PASSED] - Object: 'Object Repository/Equipment/EquipmentSales/EquipmentDelivery/ESO_Delivery_ConfirmYes' is clicked on

2017-12-06 14:08:54 - [TEST_STEP][NOT_RUN] - click: NOT_RUN: click

2017-12-06 14:08:54 - [MESSAGE][NOT_RUN] - NOT_RUN: click

2017-12-06 14:08:54 - [TEST_STEP][PASSED] - setText: Text 'D' is set on object 'Object Repository/Equipment/EquipmentSales/EquipmentDelivery/ESO_Delivery_Device'

2017-12-06 14:08:56 - [MESSAGE][PASSED] - Text 'D' is set on object 'Object Repository/Equipment/EquipmentSales/EquipmentDelivery/ESO_Delivery_Device'

2017-12-06 14:08:56 - [TEST_STEP][PASSED] - click: Object: 'Object Repository/Equipment/EquipmentSales/EquipmentDelivery/ESO_Delivery_printContinue' is clicked on

2017-12-06 14:08:56 - [MESSAGE][PASSED] - Object: 'Object Repository/Equipment/EquipmentSales/EquipmentDelivery/ESO_Delivery_printContinue' is clicked on

2017-12-06 14:08:56 - [TEST_STEP][PASSED] - delay: Delayed 5 second(s)

2017-12-06 14:09:01 - [MESSAGE][PASSED] - Delayed 5 second(s)

2017-12-06 14:09:01 - [MESSAGE][PASSED] - Call Test Case 'Test Cases/Equipment/Base_EquipmentSales/Base_EquipSaleOrderProcessing' successfully

2017-12-06 14:09:01 - [TEST_STEP][INCOMPLETE] - callTestCase: null

2017-12-06 14:09:01 - [TEST_CASE][INCOMPLETE] - Test Cases/Equipment/Base_EquipmentSales/Base_EquipSaleOrder_Invoice_Split: null

2017-12-06 14:09:01 - [TEST_STEP][PASSED] - delay: Delayed 5 second(s)

2017-12-06 14:09:06 - [MESSAGE][PASSED] - Delayed 5 second(s)

2017-12-06 14:09:06 - [TEST_STEP][PASSED] - click: Object: 'Object Repository/Equipment/EquipmentSales/EquipmentDelivery/ESO_EquipDeliveryTab' is clicked on

2017-12-06 14:09:07 - [MESSAGE][PASSED] - Object: 'Object Repository/Equipment/EquipmentSales/EquipmentDelivery/ESO_EquipDeliveryTab' is clicked on

2017-12-06 14:09:07 - [TEST_STEP][PASSED] - delay: Delayed 3 second(s)

2017-12-06 14:09:10 - [MESSAGE][PASSED] - Delayed 3 second(s)

2017-12-06 14:09:10 - [TEST_STEP][PASSED] - click: Object: 'Object Repository/Equipment/EquipmentSales/EquipmentDelivery/ESO_Delivery_Action' is clicked on

2017-12-06 14:09:10 - [MESSAGE][PASSED] - Object: 'Object Repository/Equipment/EquipmentSales/EquipmentDelivery/ESO_Delivery_Action' is clicked on

2017-12-06 14:09:10 - [TEST_STEP][PASSED] - click: Object: 'Object Repository/Equipment/EquipmentSales/EquipmentDelivery/ESO_Delivery_Action_SaleInvoice' is clicked on

2017-12-06 14:09:10 - [MESSAGE][PASSED] - Object: 'Object Repository/Equipment/EquipmentSales/EquipmentDelivery/ESO_Delivery_Action_SaleInvoice' is clicked on

2017-12-06 14:09:10 - [TEST_STEP][PASSED] - delay: Delayed 3 second(s)

2017-12-06 14:09:13 - [MESSAGE][PASSED] - Delayed 3 second(s)

2017-12-06 14:09:13 - [TEST_STEP][PASSED] - click: Object: 'Object Repository/Equipment/EquipmentSales/EquipmentSalesInvoiceCC/ESO_CC_ContinueInvoice' is clicked on

2017-12-06 14:09:14 - [MESSAGE][PASSED] - Object: 'Object Repository/Equipment/EquipmentSales/EquipmentSalesInvoiceCC/ESO_CC_ContinueInvoice' is clicked on

2017-12-06 14:09:14 - [TEST_STEP][PASSED] - delay: Delayed 3 second(s)

2017-12-06 14:09:17 - [MESSAGE][PASSED] - Delayed 3 second(s)

2017-12-06 14:09:17 - [TEST_STEP][PASSED] - setText: Text 'PUBL' is set on object 'Object Repository/Equipment/EquipmentSales/EquipmentSalesInvoiceCC/CCInterface_PaymentGateway'

2017-12-06 14:09:17 - [MESSAGE][PASSED] - Text 'PUBL' is set on object 'Object Repository/Equipment/EquipmentSales/EquipmentSalesInvoiceCC/CCInterface_PaymentGateway'

2017-12-06 14:09:17 - [TEST_STEP][PASSED] - doubleClick: Object: 'Object Repository/Equipment/EquipmentSales/EquipmentSalesInvoiceCC/CCInterface_CardType' is double clicked on

2017-12-06 14:09:17 - [MESSAGE][PASSED] - Object: 'Object Repository/Equipment/EquipmentSales/EquipmentSalesInvoiceCC/CCInterface_CardType' is double clicked on

2017-12-06 14:09:17 - [TEST_STEP][PASSED] - setText: Text 'Visa Card' is set on object 'Object Repository/Equipment/EquipmentSales/EquipmentSalesInvoiceCC/CCInterface_CardType'

2017-12-06 14:09:17 - [MESSAGE][PASSED] - Text 'Visa Card' is set on object 'Object Repository/Equipment/EquipmentSales/EquipmentSalesInvoiceCC/CCInterface_CardType'

2017-12-06 14:09:17 - [TEST_STEP][PASSED] - delay: Delayed 3 second(s)

2017-12-06 14:09:20 - [MESSAGE][PASSED] - Delayed 3 second(s)

2017-12-06 14:09:20 - [TEST_STEP][PASSED] - doubleClick: Object: 'Object Repository/Equipment/EquipmentSales/EquipmentSalesInvoiceCC/CCInterface_CardNo' is double clicked on

2017-12-06 14:09:21 - [MESSAGE][PASSED] - Object: 'Object Repository/Equipment/EquipmentSales/EquipmentSalesInvoiceCC/CCInterface_CardNo' is double clicked on

2017-12-06 14:09:21 - [TEST_STEP][PASSED] - setText: Text '4012000033330026' is set on object 'Object Repository/Equipment/EquipmentSales/EquipmentSalesInvoiceCC/CCInterface_CardNo'

2017-12-06 14:09:21 - [MESSAGE][PASSED] - Text '4012000033330026' is set on object 'Object Repository/Equipment/EquipmentSales/EquipmentSalesInvoiceCC/CCInterface_CardNo'

2017-12-06 14:09:21 - [TEST_STEP][PASSED] - setText: Text '456' is set on object 'Object Repository/Equipment/EquipmentSales/EquipmentSalesInvoiceCC/CCInterface_CVV'

2017-12-06 14:09:22 - [MESSAGE][PASSED] - Text '456' is set on object 'Object Repository/Equipment/EquipmentSales/EquipmentSalesInvoiceCC/CCInterface_CVV'

2017-12-06 14:09:22 - [TEST_STEP][PASSED] - setText: Text '09' is set on object 'Object Repository/Equipment/EquipmentSales/EquipmentSalesInvoiceCC/CCInterface_MM'

2017-12-06 14:09:22 - [MESSAGE][PASSED] - Text '09' is set on object 'Object Repository/Equipment/EquipmentSales/EquipmentSalesInvoiceCC/CCInterface_MM'

2017-12-06 14:09:22 - [TEST_STEP][PASSED] - setText: Text '99' is set on object 'Object Repository/Equipment/EquipmentSales/EquipmentSalesInvoiceCC/CCInterface_YY'

2017-12-06 14:09:22 - [MESSAGE][PASSED] - Text '99' is set on object 'Object Repository/Equipment/EquipmentSales/EquipmentSalesInvoiceCC/CCInterface_YY'

2017-12-06 14:09:22 - [TEST_STEP][PASSED] - click: Object: 'Object Repository/Equipment/EquipmentSales/EquipmentSalesInvoiceCC/CCInterface_SplitPayment' is clicked on

2017-12-06 14:09:22 - [MESSAGE][PASSED] - Object: 'Object Repository/Equipment/EquipmentSales/EquipmentSalesInvoiceCC/CCInterface_SplitPayment' is clicked on

2017-12-06 14:09:22 - [TEST_STEP][PASSED] - click: Object: 'Object Repository/Equipment/EquipmentSales/EquipmentSalesInvoiceCC/CCInterface_SplitTenderYes' is clicked on

2017-12-06 14:09:23 - [MESSAGE][PASSED] - Object: 'Object Repository/Equipment/EquipmentSales/EquipmentSalesInvoiceCC/CCInterface_SplitTenderYes' is clicked on

2017-12-06 14:09:23 - [TEST_STEP][PASSED] - click: Object: 'Object Repository/Equipment/EquipmentSales/EquipmentSalesInvoiceCC/CCInterface_SplitPaymentPlus' is clicked on

2017-12-06 14:09:23 - [MESSAGE][PASSED] - Object: 'Object Repository/Equipment/EquipmentSales/EquipmentSalesInvoiceCC/CCInterface_SplitPaymentPlus' is clicked on

2017-12-06 14:09:23 - [TEST_STEP][PASSED] - delay: Delayed 5 second(s)

2017-12-06 14:09:28 - [MESSAGE][PASSED] - Delayed 5 second(s)

2017-12-06 14:09:28 - [TEST_STEP][PASSED] - Statement - G_OrderAmt = com.kms.katalon.core.webui.keyword.WebUiBuiltInKeywords.getText(com.kms.katalon.core.testobject.ObjectRepository.findTestObject(Object Repository/Equipment/EquipmentSales/EquipmentSalesInvoiceCC/CCInterface_OrderTotal)): Text of object 'Object Repository/Equipment/EquipmentSales/EquipmentSalesInvoiceCC/CCInterface_OrderTotal' is: '10.00'

2017-12-06 14:09:28 - [MESSAGE][PASSED] - Text of object 'Object Repository/Equipment/EquipmentSales/EquipmentSalesInvoiceCC/CCInterface_OrderTotal' is: '10.00'

2017-12-06 14:09:28 - [TEST_STEP][PASSED] - Statement - G_SplitOrderAmt2 = G_OrderAmt - 2: null

2017-12-06 14:09:28 - [TEST_STEP][PASSED] - Statement - println(G_SplitOrderAmt1): null

2017-12-06 14:09:28 - [TEST_STEP][PASSED] - Statement - println(G_SplitOrderAmt2): null

2017-12-06 14:09:28 - [TEST_STEP][PASSED] - delay: Delayed 2 second(s)

2017-12-06 14:09:30 - [MESSAGE][PASSED] - Delayed 2 second(s)

2017-12-06 14:09:30 - [TEST_STEP][PASSED] - comment: *********Line 1: Credit Card Started***********************

2017-12-06 14:09:30 - [TEST_STEP][PASSED] - click: Object: 'Object Repository/Equipment/EquipmentSales/SplitPayment/Page_Infor LN UI (1)/CCInterface_Split_New' is clicked on

2017-12-06 14:09:30 - [MESSAGE][PASSED] - Object: 'Object Repository/Equipment/EquipmentSales/SplitPayment/Page_Infor LN UI (1)/CCInterface_Split_New' is clicked on

2017-12-06 14:09:30 - [TEST_STEP][PASSED] - delay: Delayed 2 second(s)

2017-12-06 14:09:32 - [MESSAGE][PASSED] - Delayed 2 second(s)

2017-12-06 14:09:32 - [TEST_STEP][PASSED] - click: Object: 'Object Repository/Equipment/EquipmentSales/SplitPayment/Page_Infor LN UI (1)/CC_Interface_Split_CC1_add' is clicked on

2017-12-06 14:09:33 - [MESSAGE][PASSED] - Object: 'Object Repository/Equipment/EquipmentSales/SplitPayment/Page_Infor LN UI (1)/CC_Interface_Split_CC1_add' is clicked on

2017-12-06 14:09:33 - [TEST_STEP][PASSED] - delay: Delayed 2 second(s)

2017-12-06 14:09:35 - [MESSAGE][PASSED] - Delayed 2 second(s)

2017-12-06 14:09:35 - [TEST_STEP][PASSED] - sendKeys: Keys '4012000033330026' sent to object: 'Object Repository/Equipment/EquipmentSales/SplitPayment/Page_Infor LN UI (1)/CC_Interface_Split_CC1_add'

2017-12-06 14:09:35 - [MESSAGE][PASSED] - Keys '4012000033330026' sent to object: 'Object Repository/Equipment/EquipmentSales/SplitPayment/Page_Infor LN UI (1)/CC_Interface_Split_CC1_add'

2017-12-06 14:09:35 - [TEST_STEP][PASSED] - click: Object: 'Object Repository/Equipment/EquipmentSales/SplitPayment/Page_Infor LN UI (1)/CC_Interface_Split_CC1_add' is clicked on

2017-12-06 14:09:35 - [MESSAGE][PASSED] - Object: 'Object Repository/Equipment/EquipmentSales/SplitPayment/Page_Infor LN UI (1)/CC_Interface_Split_CC1_add' is clicked on

2017-12-06 14:09:35 - [TEST_STEP][PASSED] - delay: Delayed 2 second(s)

2017-12-06 14:09:37 - [MESSAGE][PASSED] - Delayed 2 second(s)

2017-12-06 14:09:37 - [TEST_STEP][PASSED] - sendKeys: Keys '456' sent to object: 'Object Repository/Equipment/EquipmentSales/SplitPayment/Page_Infor LN UI (1)/CCInterface_Split_CVV1_add'

2017-12-06 14:09:37 - [MESSAGE][PASSED] - Keys '456' sent to object: 'Object Repository/Equipment/EquipmentSales/SplitPayment/Page_Infor LN UI (1)/CCInterface_Split_CVV1_add'

2017-12-06 14:09:37 - [TEST_STEP][PASSED] - click: Object: 'Object Repository/Equipment/EquipmentSales/SplitPayment/Page_Infor LN UI (1)/CCInterface_Split_Order1_add' is clicked on

2017-12-06 14:09:38 - [MESSAGE][PASSED] - Object: 'Object Repository/Equipment/EquipmentSales/SplitPayment/Page_Infor LN UI (1)/CCInterface_Split_Order1_add' is clicked on

2017-12-06 14:09:38 - [TEST_STEP][PASSED] - delay: Delayed 2 second(s)

2017-12-06 14:09:40 - [MESSAGE][PASSED] - Delayed 2 second(s)

2017-12-06 14:09:40 - [TEST_STEP][PASSED] - sendKeys: Keys '1.00' sent to object: 'Object Repository/Equipment/EquipmentSales/SplitPayment/Page_Infor LN UI (1)/CCInterface_Split_Order1_add'

2017-12-06 14:09:40 - [MESSAGE][PASSED] - Keys '1.00' sent to object: 'Object Repository/Equipment/EquipmentSales/SplitPayment/Page_Infor LN UI (1)/CCInterface_Split_Order1_add'

2017-12-06 14:09:40 - [TEST_STEP][PASSED] - click: Object: 'Object Repository/Equipment/EquipmentSales/SplitPayment/Page_Infor LN UI (1)/CCInterface_Split_Save' is clicked on

2017-12-06 14:09:40 - [MESSAGE][PASSED] - Object: 'Object Repository/Equipment/EquipmentSales/SplitPayment/Page_Infor LN UI (1)/CCInterface_Split_Save' is clicked on

2017-12-06 14:09:40 - [TEST_STEP][PASSED] - comment: *********Line 2: Credit Card Started***********************

2017-12-06 14:09:40 - [TEST_STEP][PASSED] - click: Object: 'Object Repository/Equipment/EquipmentSales/SplitPayment/Page_Infor LN UI (1)/CCInterface_Split_New' is clicked on

2017-12-06 14:09:41 - [MESSAGE][PASSED] - Object: 'Object Repository/Equipment/EquipmentSales/SplitPayment/Page_Infor LN UI (1)/CCInterface_Split_New' is clicked on

2017-12-06 14:09:41 - [TEST_STEP][PASSED] - delay: Delayed 2 second(s)

2017-12-06 14:09:43 - [MESSAGE][PASSED] - Delayed 2 second(s)

2017-12-06 14:09:43 - [TEST_STEP][PASSED] - click: Object: 'Object Repository/Equipment/EquipmentSales/SplitPayment/Page_Infor LN UI (1)/CCInterface_Split_CC2add' is clicked on

2017-12-06 14:09:43 - [MESSAGE][PASSED] - Object: 'Object Repository/Equipment/EquipmentSales/SplitPayment/Page_Infor LN UI (1)/CCInterface_Split_CC2add' is clicked on

2017-12-06 14:09:43 - [TEST_STEP][PASSED] - delay: Delayed 2 second(s)

2017-12-06 14:09:45 - [MESSAGE][PASSED] - Delayed 2 second(s)

2017-12-06 14:09:45 - [TEST_STEP][PASSED] - setText: Text '4111123400062020' is set on object 'Object Repository/Equipment/EquipmentSales/SplitPayment/Page_Infor LN UI (1)/CCInterface_Split_CC2add'

2017-12-06 14:09:45 - [MESSAGE][PASSED] - Text '4111123400062020' is set on object 'Object Repository/Equipment/EquipmentSales/SplitPayment/Page_Infor LN UI (1)/CCInterface_Split_CC2add'

2017-12-06 14:09:45 - [TEST_STEP][PASSED] - delay: Delayed 2 second(s)

2017-12-06 14:09:47 - [MESSAGE][PASSED] - Delayed 2 second(s)

2017-12-06 14:09:47 - [TEST_STEP][PASSED] - click: Object: 'Object Repository/Equipment/EquipmentSales/SplitPayment/Page_Infor LN UI (1)/CCInterface_Split_CVV2add' is clicked on

2017-12-06 14:09:47 - [MESSAGE][PASSED] - Object: 'Object Repository/Equipment/EquipmentSales/SplitPayment/Page_Infor LN UI (1)/CCInterface_Split_CVV2add' is clicked on

2017-12-06 14:09:47 - [TEST_STEP][PASSED] - delay: Delayed 2 second(s)

2017-12-06 14:09:49 - [MESSAGE][PASSED] - Delayed 2 second(s)

2017-12-06 14:09:49 - [TEST_STEP][PASSED] - setText: Text '456' is set on object 'Object Repository/Equipment/EquipmentSales/SplitPayment/Page_Infor LN UI (1)/CCInterface_Split_CVV2add'

2017-12-06 14:09:50 - [MESSAGE][PASSED] - Text '456' is set on object 'Object Repository/Equipment/EquipmentSales/SplitPayment/Page_Infor LN UI (1)/CCInterface_Split_CVV2add'

2017-12-06 14:09:50 - [TEST_STEP][PASSED] - click: Object: 'Object Repository/Equipment/EquipmentSales/SplitPayment/Page_Infor LN UI (1)/CCInterface_Split_CardType2' is clicked on

2017-12-06 14:09:50 - [MESSAGE][PASSED] - Object: 'Object Repository/Equipment/EquipmentSales/SplitPayment/Page_Infor LN UI (1)/CCInterface_Split_CardType2' is clicked on

2017-12-06 14:09:50 - [TEST_STEP][PASSED] - click: Object: 'Object Repository/Equipment/EquipmentSales/SplitPayment/Page_Infor LN UI (1)/CCInterface_Split_Name2' is clicked on

2017-12-06 14:09:50 - [MESSAGE][PASSED] - Object: 'Object Repository/Equipment/EquipmentSales/SplitPayment/Page_Infor LN UI (1)/CCInterface_Split_Name2' is clicked on

2017-12-06 14:09:50 - [TEST_STEP][PASSED] - delay: Delayed 2 second(s)

2017-12-06 14:09:52 - [MESSAGE][PASSED] - Delayed 2 second(s)

2017-12-06 14:09:52 - [TEST_STEP][PASSED] - setText: Text 'Robin' is set on object 'Object Repository/Equipment/EquipmentSales/SplitPayment/Page_Infor LN UI (1)/CCInterface_Split_Name2'

2017-12-06 14:09:53 - [MESSAGE][PASSED] - Text 'Robin' is set on object 'Object Repository/Equipment/EquipmentSales/SplitPayment/Page_Infor LN UI (1)/CCInterface_Split_Name2'

2017-12-06 14:09:53 - [TEST_STEP][PASSED] - click: Object: 'Object Repository/Equipment/EquipmentSales/SplitPayment/Page_Infor LN UI (1)/CCInterface_Split_Month2' is clicked on

2017-12-06 14:09:53 - [MESSAGE][PASSED] - Object: 'Object Repository/Equipment/EquipmentSales/SplitPayment/Page_Infor LN UI (1)/CCInterface_Split_Month2' is clicked on

2017-12-06 14:09:53 - [TEST_STEP][PASSED] - delay: Delayed 2 second(s)

2017-12-06 14:09:55 - [MESSAGE][PASSED] - Delayed 2 second(s)

2017-12-06 14:09:55 - [TEST_STEP][PASSED] - setText: Text '09' is set on object 'Object Repository/Equipment/EquipmentSales/SplitPayment/Page_Infor LN UI (1)/CCInterface_Split_Month2'

2017-12-06 14:09:55 - [MESSAGE][PASSED] - Text '09' is set on object 'Object Repository/Equipment/EquipmentSales/SplitPayment/Page_Infor LN UI (1)/CCInterface_Split_Month2'

2017-12-06 14:09:55 - [TEST_STEP][PASSED] - click: Object: 'Object Repository/Equipment/EquipmentSales/SplitPayment/Page_Infor LN UI (1)/CCInterface_Split_Year2' is clicked on

2017-12-06 14:09:56 - [MESSAGE][PASSED] - Object: 'Object Repository/Equipment/EquipmentSales/SplitPayment/Page_Infor LN UI (1)/CCInterface_Split_Year2' is clicked on

2017-12-06 14:09:56 - [TEST_STEP][PASSED] - delay: Delayed 2 second(s)

2017-12-06 14:09:58 - [MESSAGE][PASSED] - Delayed 2 second(s)

2017-12-06 14:09:58 - [TEST_STEP][PASSED] - setText: Text '99' is set on object 'Object Repository/Equipment/EquipmentSales/SplitPayment/Page_Infor LN UI (1)/CCInterface_Split_Year2'

2017-12-06 14:09:58 - [MESSAGE][PASSED] - Text '99' is set on object 'Object Repository/Equipment/EquipmentSales/SplitPayment/Page_Infor LN UI (1)/CCInterface_Split_Year2'

2017-12-06 14:09:58 - [TEST_STEP][PASSED] - click: Object: 'Object Repository/Equipment/EquipmentSales/SplitPayment/Page_Infor LN UI (1)/CCInterface_Split_Order2add' is clicked on

2017-12-06 14:09:58 - [MESSAGE][PASSED] - Object: 'Object Repository/Equipment/EquipmentSales/SplitPayment/Page_Infor LN UI (1)/CCInterface_Split_Order2add' is clicked on

2017-12-06 14:09:58 - [TEST_STEP][PASSED] - delay: Delayed 2 second(s)

2017-12-06 14:10:00 - [MESSAGE][PASSED] - Delayed 2 second(s)

2017-12-06 14:10:00 - [TEST_STEP][PASSED] - setText: Text '1.00' is set on object 'Object Repository/Equipment/EquipmentSales/SplitPayment/Page_Infor LN UI (1)/CCInterface_Split_Order2add'

2017-12-06 14:10:00 - [MESSAGE][PASSED] - Text '1.00' is set on object 'Object Repository/Equipment/EquipmentSales/SplitPayment/Page_Infor LN UI (1)/CCInterface_Split_Order2add'

2017-12-06 14:10:00 - [TEST_STEP][PASSED] - click: Object: 'Object Repository/Equipment/EquipmentSales/SplitPayment/Page_Infor LN UI (1)/CCInterface_Split_Save' is clicked on

2017-12-06 14:10:01 - [MESSAGE][PASSED] - Object: 'Object Repository/Equipment/EquipmentSales/SplitPayment/Page_Infor LN UI (1)/CCInterface_Split_Save' is clicked on

2017-12-06 14:10:01 - [TEST_STEP][PASSED] - comment: *********Line 3: Cash Started***********************

2017-12-06 14:10:01 - [TEST_STEP][PASSED] - click: Object: 'Object Repository/Equipment/EquipmentSales/SplitPayment/Page_Infor LN UI (1)/CCInterface_Split_New' is clicked on

2017-12-06 14:10:01 - [MESSAGE][PASSED] - Object: 'Object Repository/Equipment/EquipmentSales/SplitPayment/Page_Infor LN UI (1)/CCInterface_Split_New' is clicked on

2017-12-06 14:10:01 - [TEST_STEP][PASSED] - delay: Delayed 2 second(s)

2017-12-06 14:10:03 - [MESSAGE][PASSED] - Delayed 2 second(s)

2017-12-06 14:10:03 - [TEST_STEP][PASSED] - click: Object: 'Object Repository/Equipment/EquipmentSales/SplitPayment/Line3_Cash/Split_3_ModeOfPayment' is clicked on

2017-12-06 14:10:04 - [MESSAGE][PASSED] - Object: 'Object Repository/Equipment/EquipmentSales/SplitPayment/Line3_Cash/Split_3_ModeOfPayment' is clicked on

2017-12-06 14:10:04 - [TEST_STEP][PASSED] - click: Object: 'Object Repository/Equipment/EquipmentSales/SplitPayment/Line3_Cash/Split_3_Cashoption' is clicked on

2017-12-06 14:10:04 - [MESSAGE][PASSED] - Object: 'Object Repository/Equipment/EquipmentSales/SplitPayment/Line3_Cash/Split_3_Cashoption' is clicked on

2017-12-06 14:10:04 - [TEST_STEP][PASSED] - click: Object: 'Object Repository/Equipment/EquipmentSales/SplitPayment/Line3_Cash/Split_3_OrderAmt' is clicked on

2017-12-06 14:10:04 - [MESSAGE][PASSED] - Object: 'Object Repository/Equipment/EquipmentSales/SplitPayment/Line3_Cash/Split_3_OrderAmt' is clicked on

2017-12-06 14:10:04 - [TEST_STEP][PASSED] - delay: Delayed 2 second(s)

2017-12-06 14:10:06 - [MESSAGE][PASSED] - Delayed 2 second(s)

2017-12-06 14:10:06 - [TEST_STEP][PASSED] - setText: Text '8.0' is set on object 'Object Repository/Equipment/EquipmentSales/SplitPayment/Line3_Cash/Split_3_OrderAmt'

2017-12-06 14:10:06 - [MESSAGE][PASSED] - Text '8.0' is set on object 'Object Repository/Equipment/EquipmentSales/SplitPayment/Line3_Cash/Split_3_OrderAmt'

2017-12-06 14:10:06 - [TEST_STEP][PASSED] - click: Object: 'Object Repository/Equipment/EquipmentSales/SplitPayment/Page_Infor LN UI (1)/CCInterface_Split_Save' is clicked on

2017-12-06 14:10:07 - [MESSAGE][PASSED] - Object: 'Object Repository/Equipment/EquipmentSales/SplitPayment/Page_Infor LN UI (1)/CCInterface_Split_Save' is clicked on

2017-12-06 14:10:07 - [TEST_STEP][PASSED] - click: Object: 'Object Repository/Equipment/EquipmentSales/SplitPayment/Spilt_Action' is clicked on

2017-12-06 14:10:07 - [MESSAGE][PASSED] - Object: 'Object Repository/Equipment/EquipmentSales/SplitPayment/Spilt_Action' is clicked on

2017-12-06 14:10:07 - [TEST_STEP][PASSED] - click: Object: 'Object Repository/Equipment/EquipmentSales/SplitPayment/Split_ApplyTax' is clicked on

2017-12-06 14:10:08 - [MESSAGE][PASSED] - Object: 'Object Repository/Equipment/EquipmentSales/SplitPayment/Split_ApplyTax' is clicked on

2017-12-06 14:10:08 - [TEST_STEP][PASSED] - delay: Delayed 5 second(s)

2017-12-06 14:10:13 - [MESSAGE][PASSED] - Delayed 5 second(s)

2017-12-06 14:10:13 - [TEST_STEP][PASSED] - click: Object: 'Object Repository/Equipment/EquipmentSales/SplitPayment/Page_Infor LN UI (1)/Split_Scrollup' is clicked on

2017-12-06 14:10:13 - [MESSAGE][PASSED] - Object: 'Object Repository/Equipment/EquipmentSales/SplitPayment/Page_Infor LN UI (1)/Split_Scrollup' is clicked on

2017-12-06 14:10:13 - [TEST_STEP][FAILED] - scrollToElement: Unable to scroll to object 'Object Repository/Equipment/EquipmentSales/SplitPayment/Page_Infor LN UI (1)/Split_InvoiceAmt1' (Root cause: com.kms.katalon.core.webui.exception.WebElementNotFoundException: Web element with id: 'Object Repository/Equipment/EquipmentSales/SplitPayment/Page_Infor LN UI (1)/Split_InvoiceAmt1' located by 'By.xpath: //*[@id = 'xiext8105m000-17-grid-1-xiext805.iamt.rq-30-0']' not found)

2017-12-06 14:10:47 - [MESSAGE][FAILED] - Unable to scroll to object 'Object Repository/Equipment/EquipmentSales/SplitPayment/Page_Infor LN UI (1)/Split_InvoiceAmt1' (Root cause: com.kms.katalon.core.webui.exception.WebElementNotFoundException: Web element with id: 'Object Repository/Equipment/EquipmentSales/SplitPayment/Page_Infor LN UI (1)/Split_InvoiceAmt1' located by 'By.xpath: //*[@id = 'xiext8105m000-17-grid-1-xiext805.iamt.rq-30-0']' not found)
[[ATTACHMENT|C:\\Users\\rgajbhiye\\git\\CreditCard\\Reports\\Proxima\\CC_EquipmentTestSuite\\20171206_140519\\1512549646688.png]]

2017-12-06 14:10:47 - [TEST_STEP][FAILED] - Statement - G_SplitInvoiceAmt1 = com.kms.katalon.core.webui.keyword.WebUiBuiltInKeywords.getText(com.kms.katalon.core.testobject.ObjectRepository.findTestObject(Equipment/EquipmentSales/SplitPayment/Page_Infor LN UI (1)/Split_InvoiceAmt1)): Unable to get text of object 'Object Repository/Equipment/EquipmentSales/SplitPayment/Page_Infor LN UI (1)/Split_InvoiceAmt1' (Root cause: com.kms.katalon.core.webui.exception.WebElementNotFoundException: Web element with id: 'Object Repository/Equipment/EquipmentSales/SplitPayment/Page_Infor LN UI (1)/Split_InvoiceAmt1' located by 'By.xpath: //*[@id = 'xiext8105m000-17-grid-1-xiext805.iamt.rq-30-0']' not found)

2017-12-06 14:11:20 - [MESSAGE][FAILED] - Unable to get text of object 'Object Repository/Equipment/EquipmentSales/SplitPayment/Page_Infor LN UI (1)/Split_InvoiceAmt1' (Root cause: com.kms.katalon.core.webui.exception.WebElementNotFoundException: Web element with id: 'Object Repository/Equipment/EquipmentSales/SplitPayment/Page_Infor LN UI (1)/Split_InvoiceAmt1' located by 'By.xpath: //*[@id = 'xiext8105m000-17-grid-1-xiext805.iamt.rq-30-0']' not found)
[[ATTACHMENT|C:\\Users\\rgajbhiye\\git\\CreditCard\\Reports\\Proxima\\CC_EquipmentTestSuite\\20171206_140519\\1512549680223.png]]

2017-12-06 14:11:20 - [TEST_STEP][PASSED] - scrollToElement: Scroll to object 'Object Repository/Equipment/EquipmentSales/SplitPayment/Page_Infor LN UI (1)/Split_InvoiceAmt2' successfully

2017-12-06 14:11:20 - [MESSAGE][PASSED] - Scroll to object 'Object Repository/Equipment/EquipmentSales/SplitPayment/Page_Infor LN UI (1)/Split_InvoiceAmt2' successfully

2017-12-06 14:11:20 - [TEST_STEP][PASSED] - Statement - G_SplitInvoiceAmt2 = com.kms.katalon.core.webui.keyword.WebUiBuiltInKeywords.getText(com.kms.katalon.core.testobject.ObjectRepository.findTestObject(Equipment/EquipmentSales/SplitPayment/Page_Infor LN UI (1)/Split_InvoiceAmt2)): Text of object 'Object Repository/Equipment/EquipmentSales/SplitPayment/Page_Infor LN UI (1)/Split_InvoiceAmt2' is: '8.00'

2017-12-06 14:11:20 - [MESSAGE][PASSED] - Text of object 'Object Repository/Equipment/EquipmentSales/SplitPayment/Page_Infor LN UI (1)/Split_InvoiceAmt2' is: '8.00'

2017-12-06 14:11:20 - [TEST_STEP][INCOMPLETE] - delay: Delaying browser in 5 second(s)]]></system-out>
         <system-err><![CDATA[2017-12-06 14:05:27 - [TEST_CASE][INCOMPLETE] - Test Cases/Equipment/CreditCardRegression/TC002_EquipmentSalesAgreement_Split: null]]></system-err>
      </testcase>
      <system-out><![CDATA[2017-12-06 14:05:26 - [TEST_SUITE][INCOMPLETE] - CC_EquipmentTestSuite: null]]></system-out>
      <system-err><![CDATA[2017-12-06 14:05:26 - [TEST_SUITE][INCOMPLETE] - CC_EquipmentTestSuite: null]]></system-err>
   </testsuite>
</testsuites>
