<?xml version="1.0" encoding="UTF-8"?>
<testsuites name="CC_RentalInvoicewithSplitTenderTestSuite" time="1431" tests="0" failures="1" errors="0">
   <testsuite name="CC_RentalInvoicewithSplitTenderTestSuite" tests="0" failures="1" errors="0" time="1431" timestamp="2017-12-06 12:59:40" hostname="agawhande - ANIL110.e-emphasys.com" id="Test Suites/Proxima/CC_RentalInvoicewithSplitTenderTestSuite">
      <properties>
         <property name="deviceName" value=""/>
         <property name="devicePlatform" value=""/>
         <property name="logFolder" value="C:\\Users\\agawhande\\git\\CreditCard\\Reports\\Proxima\\CC_RentalInvoicewithSplitTenderTestSuite\\20171206_125919"/>
         <property name="logFiles" value="C:\\Users\\agawhande\\git\\CreditCard\\Reports\\Proxima\\CC_RentalInvoicewithSplitTenderTestSuite\\20171206_125919\\execution0.log"/>
         <property name="attachments" value="C:\\Users\\agawhande\\git\\CreditCard\\Reports\\Proxima\\CC_RentalInvoicewithSplitTenderTestSuite\\20171206_125919\\1512545946893.png, C:\\Users\\agawhande\\git\\CreditCard\\Reports\\Proxima\\CC_RentalInvoicewithSplitTenderTestSuite\\20171206_125919\\1512545979940.png, C:\\Users\\agawhande\\git\\CreditCard\\Reports\\Proxima\\CC_RentalInvoicewithSplitTenderTestSuite\\20171206_125919\\1512546015548.png, C:\\Users\\agawhande\\git\\CreditCard\\Reports\\Proxima\\CC_RentalInvoicewithSplitTenderTestSuite\\20171206_125919\\1512546050025.png, C:\\Users\\agawhande\\git\\CreditCard\\Reports\\Proxima\\CC_RentalInvoicewithSplitTenderTestSuite\\20171206_125919\\1512546084481.png, C:\\Users\\agawhande\\git\\CreditCard\\Reports\\Proxima\\CC_RentalInvoicewithSplitTenderTestSuite\\20171206_125919\\1512546120063.png, C:\\Users\\agawhande\\git\\CreditCard\\Reports\\Proxima\\CC_RentalInvoicewithSplitTenderTestSuite\\20171206_125919\\1512546158052.png, C:\\Users\\agawhande\\git\\CreditCard\\Reports\\Proxima\\CC_RentalInvoicewithSplitTenderTestSuite\\20171206_125919\\1512546195678.png, C:\\Users\\agawhande\\git\\CreditCard\\Reports\\Proxima\\CC_RentalInvoicewithSplitTenderTestSuite\\20171206_125919\\1512546233219.png, C:\\Users\\agawhande\\git\\CreditCard\\Reports\\Proxima\\CC_RentalInvoicewithSplitTenderTestSuite\\20171206_125919\\1512546269628.png, C:\\Users\\agawhande\\git\\CreditCard\\Reports\\Proxima\\CC_RentalInvoicewithSplitTenderTestSuite\\20171206_125919\\1512546304166.png, C:\\Users\\agawhande\\git\\CreditCard\\Reports\\Proxima\\CC_RentalInvoicewithSplitTenderTestSuite\\20171206_125919\\1512546338510.png, C:\\Users\\agawhande\\git\\CreditCard\\Reports\\Proxima\\CC_RentalInvoicewithSplitTenderTestSuite\\20171206_125919\\1512546376325.png, C:\\Users\\agawhande\\git\\CreditCard\\Reports\\Proxima\\CC_RentalInvoicewithSplitTenderTestSuite\\20171206_125919\\1512546412614.png, C:\\Users\\agawhande\\git\\CreditCard\\Reports\\Proxima\\CC_RentalInvoicewithSplitTenderTestSuite\\20171206_125919\\1512546448125.png, C:\\Users\\agawhande\\git\\CreditCard\\Reports\\Proxima\\CC_RentalInvoicewithSplitTenderTestSuite\\20171206_125919\\1512546451613.png, C:\\Users\\agawhande\\git\\CreditCard\\Reports\\Proxima\\CC_RentalInvoicewithSplitTenderTestSuite\\20171206_125919\\1512546487625.png, C:\\Users\\agawhande\\git\\CreditCard\\Reports\\Proxima\\CC_RentalInvoicewithSplitTenderTestSuite\\20171206_125919\\1512546525467.png, C:\\Users\\agawhande\\git\\CreditCard\\Reports\\Proxima\\CC_RentalInvoicewithSplitTenderTestSuite\\20171206_125919\\1512546569829.png, C:\\Users\\agawhande\\git\\CreditCard\\Reports\\Proxima\\CC_RentalInvoicewithSplitTenderTestSuite\\20171206_125919\\1512546605116.png, C:\\Users\\agawhande\\git\\CreditCard\\Reports\\Proxima\\CC_RentalInvoicewithSplitTenderTestSuite\\20171206_125919\\1512546610513.png, C:\\Users\\agawhande\\git\\CreditCard\\Reports\\Proxima\\CC_RentalInvoicewithSplitTenderTestSuite\\20171206_125919\\1512546644955.png, C:\\Users\\agawhande\\git\\CreditCard\\Reports\\Proxima\\CC_RentalInvoicewithSplitTenderTestSuite\\20171206_125919\\1512546679604.png, C:\\Users\\agawhande\\git\\CreditCard\\Reports\\Proxima\\CC_RentalInvoicewithSplitTenderTestSuite\\20171206_125919\\1512546679985.png, C:\\Users\\agawhande\\git\\CreditCard\\Reports\\Proxima\\CC_RentalInvoicewithSplitTenderTestSuite\\20171206_125919\\1512546682285.png, C:\\Users\\agawhande\\git\\CreditCard\\Reports\\Proxima\\CC_RentalInvoicewithSplitTenderTestSuite\\20171206_125919\\1512546727834.png, C:\\Users\\agawhande\\git\\CreditCard\\Reports\\Proxima\\CC_RentalInvoicewithSplitTenderTestSuite\\20171206_125919\\1512546773989.png, C:\\Users\\agawhande\\git\\CreditCard\\Reports\\Proxima\\CC_RentalInvoicewithSplitTenderTestSuite\\20171206_125919\\1512546780150.png"/>
         <property name="hostName" value="agawhande - ANIL110.e-emphasys.com"/>
         <property name="os" value="Windows 7 64bit"/>
         <property name="katalonVersion" value="4.8.0.2"/>
         <property name="browser" value="Firefox 56.0"/>
         <property name="hostAddress" value="192.168.25.228"/>
         <property name="sessionId" value="eed2f258-fa58-4739-8897-13937a2b527a"/>
         <property name="seleniumVersion" value="unknown"/>
         <property name="proxyInformation" value="ProxyInformation{proxyOption=NO_PROXY, proxyServerType=, password=, proxyServerAddress=, proxyServerPort=0}"/>
         <property name="platform" value="Windows 7"/>
      </properties>
      <testcase name="Test Cases/Rental/Base_RentalContract/CreditCardRegression/TC004_RentalContractInvoice_SplitTender" classname="Test Cases/Rental/Base_RentalContract/CreditCardRegression/TC004_RentalContractInvoice_SplitTender" status="FAILED">
         <failure type="FAILED" message="Unable to double click on object 'Object Repository/Rental/Rental_SplitTenderDetails/SplitTender.ModeofPayment1' (Root cause: com.kms.katalon.core.webui.exception.WebElementNotFoundException: Web element with id: 'Object Repository/Rental/Rental_SplitTenderDetails/SplitTender.ModeofPayment1' located by 'By.xpath: //*[@id = 'xiext8105m000-12-grid-1-xiext805.modp.rq-13-1-widget']' not found)"/>
         <system-out><![CDATA[2017-12-06 12:59:41 - [TEST_CASE][FAILED] - Test Cases/Rental/Base_RentalContract/CreditCardRegression/TC004_RentalContractInvoice_SplitTender: Test Cases/Rental/Base_RentalContract/CreditCardRegression/TC004_RentalContractInvoice_SplitTender FAILED because (of) Unable to double click on object 'Object Repository/Rental/Rental_SplitTenderDetails/SplitTender.ModeofPayment1' (Root cause: com.kms.katalon.core.webui.exception.WebElementNotFoundException: Web element with id: 'Object Repository/Rental/Rental_SplitTenderDetails/SplitTender.ModeofPayment1' located by 'By.xpath: //*[@id = 'xiext8105m000-12-grid-1-xiext805.modp.rq-13-1-widget']' not found)

2017-12-06 12:59:43 - [TEST_STEP][PASSED] - callTestCase: Call Test Case 'Test Cases/Equipment/Base_EquipmentPurchase/EPO_CreateNrecieve' successfully

2017-12-06 12:59:44 - [TEST_CASE][PASSED] - Test Cases/Equipment/Base_EquipmentPurchase/EPO_CreateNrecieve: Test Cases/Equipment/Base_EquipmentPurchase/EPO_CreateNrecieve

2017-12-06 12:59:44 - [TEST_STEP][PASSED] - callTestCase: Call Test Case 'Test Cases/Equipment/Base_EquipmentPurchase/Base_EPO_CreateHeaderNline' successfully

2017-12-06 12:59:44 - [TEST_CASE][PASSED] - Test Cases/Equipment/Base_EquipmentPurchase/Base_EPO_CreateHeaderNline: Test Cases/Equipment/Base_EquipmentPurchase/Base_EPO_CreateHeaderNline

2017-12-06 12:59:44 - [TEST_STEP][PASSED] - callTestCase: Call Test Case 'Test Cases/Common/Base_Common_OpenSession' successfully

2017-12-06 12:59:45 - [TEST_CASE][PASSED] - Test Cases/Common/Base_Common_OpenSession: Test Cases/Common/Base_Common_OpenSession

2017-12-06 12:59:45 - [TEST_STEP][PASSED] - openBrowser: Browser is opened with url: 'https://rgajbhiye:Robin$123@proxima-ln4.e-emphasys.com:8441/webui/servlet/login'

2017-12-06 13:00:52 - [MESSAGE][PASSED] - Browser is opened with url: 'https://rgajbhiye:Robin$123@proxima-ln4.e-emphasys.com:8441/webui/servlet/login'

2017-12-06 13:00:52 - [TEST_STEP][PASSED] - waitForPageLoad: Wait for page load successfully

2017-12-06 13:00:52 - [MESSAGE][PASSED] - Wait for page load successfully

2017-12-06 13:00:52 - [TEST_STEP][PASSED] - maximizeWindow: Current window maximized

2017-12-06 13:00:52 - [MESSAGE][PASSED] - Current window maximized

2017-12-06 13:00:52 - [TEST_STEP][PASSED] - click: Object: 'Object Repository/Common/HomePage/HomePage_more' is clicked on

2017-12-06 13:00:57 - [MESSAGE][PASSED] - Object: 'Object Repository/Common/HomePage/HomePage_more' is clicked on

2017-12-06 13:00:57 - [TEST_STEP][PASSED] - click: Object: 'Object Repository/Common/HomePage/HomePage_Option' is clicked on

2017-12-06 13:00:58 - [MESSAGE][PASSED] - Object: 'Object Repository/Common/HomePage/HomePage_Option' is clicked on

2017-12-06 13:00:58 - [TEST_STEP][PASSED] - click: Object: 'Object Repository/Common/HomePage/HomePage_RunProgram_' is clicked on

2017-12-06 13:00:59 - [MESSAGE][PASSED] - Object: 'Object Repository/Common/HomePage/HomePage_RunProgram_' is clicked on

2017-12-06 13:00:59 - [TEST_STEP][PASSED] - sendKeys: Keys 'tdext8150s000' sent to object: 'Object Repository/Common/HomePage/HomePage_Session_ID'

2017-12-06 13:01:01 - [MESSAGE][PASSED] - Keys 'tdext8150s000' sent to object: 'Object Repository/Common/HomePage/HomePage_Session_ID'

2017-12-06 13:01:01 - [TEST_STEP][PASSED] - click: Object: 'Object Repository/Common/HomePage/HomePage_OkButton' is clicked on

2017-12-06 13:01:02 - [MESSAGE][PASSED] - Object: 'Object Repository/Common/HomePage/HomePage_OkButton' is clicked on

2017-12-06 13:01:02 - [MESSAGE][PASSED] - Call Test Case 'Test Cases/Common/Base_Common_OpenSession' successfully

2017-12-06 13:01:02 - [TEST_STEP][PASSED] - waitForElementPresent: Object 'Object Repository/Equipment/EquipmentPurchase/EPO_Header/EPO_Header_New' is present

2017-12-06 13:01:06 - [MESSAGE][PASSED] - Object 'Object Repository/Equipment/EquipmentPurchase/EPO_Header/EPO_Header_New' is present

2017-12-06 13:01:06 - [TEST_STEP][PASSED] - click: Object: 'Object Repository/Equipment/EquipmentPurchase/EPO_Header/EPO_Header_New' is clicked on

2017-12-06 13:01:06 - [MESSAGE][PASSED] - Object: 'Object Repository/Equipment/EquipmentPurchase/EPO_Header/EPO_Header_New' is clicked on

2017-12-06 13:01:06 - [TEST_STEP][PASSED] - click: Object: 'Object Repository/Equipment/EquipmentPurchase/EPO_Header/EPO_Header_Customer' is clicked on

2017-12-06 13:01:10 - [MESSAGE][PASSED] - Object: 'Object Repository/Equipment/EquipmentPurchase/EPO_Header/EPO_Header_Customer' is clicked on

2017-12-06 13:01:10 - [TEST_STEP][PASSED] - setText: Text 'M00000010' is set on object 'Object Repository/Equipment/EquipmentPurchase/EPO_Header/EPO_Header_Customer'

2017-12-06 13:01:11 - [MESSAGE][PASSED] - Text 'M00000010' is set on object 'Object Repository/Equipment/EquipmentPurchase/EPO_Header/EPO_Header_Customer'

2017-12-06 13:01:11 - [TEST_STEP][PASSED] - click: Object: 'Object Repository/Equipment/EquipmentPurchase/EPO_Header/EPO_Header_Save' is clicked on

2017-12-06 13:01:13 - [MESSAGE][PASSED] - Object: 'Object Repository/Equipment/EquipmentPurchase/EPO_Header/EPO_Header_Save' is clicked on

2017-12-06 13:01:13 - [TEST_STEP][PASSED] - delay: Delayed 5 second(s)

2017-12-06 13:01:19 - [MESSAGE][PASSED] - Delayed 5 second(s)

2017-12-06 13:01:19 - [TEST_STEP][PASSED] - click: Object: 'Object Repository/Equipment/EquipmentPurchase/EPO_Header/EPO_Header_Action' is clicked on

2017-12-06 13:01:20 - [MESSAGE][PASSED] - Object: 'Object Repository/Equipment/EquipmentPurchase/EPO_Header/EPO_Header_Action' is clicked on

2017-12-06 13:01:20 - [TEST_STEP][PASSED] - click: Object: 'Object Repository/Equipment/EquipmentPurchase/EPO_Header/EPO_Header_Action_OrderLines' is clicked on

2017-12-06 13:01:22 - [MESSAGE][PASSED] - Object: 'Object Repository/Equipment/EquipmentPurchase/EPO_Header/EPO_Header_Action_OrderLines' is clicked on

2017-12-06 13:01:22 - [TEST_STEP][PASSED] - waitForElementPresent: Object 'Object Repository/Equipment/EquipmentPurchase/EPO_Line/EPO_MultiLine_New' is present

2017-12-06 13:01:24 - [MESSAGE][PASSED] - Object 'Object Repository/Equipment/EquipmentPurchase/EPO_Line/EPO_MultiLine_New' is present

2017-12-06 13:01:24 - [TEST_STEP][PASSED] - click: Object: 'Object Repository/Equipment/EquipmentPurchase/EPO_Line/EPO_MultiLine_New' is clicked on

2017-12-06 13:01:24 - [MESSAGE][PASSED] - Object: 'Object Repository/Equipment/EquipmentPurchase/EPO_Line/EPO_MultiLine_New' is clicked on

2017-12-06 13:01:24 - [TEST_STEP][PASSED] - waitForElementPresent: Object 'Object Repository/Equipment/EquipmentPurchase/EPO_Line/EPO_Line_Model' is present

2017-12-06 13:01:25 - [MESSAGE][PASSED] - Object 'Object Repository/Equipment/EquipmentPurchase/EPO_Line/EPO_Line_Model' is present

2017-12-06 13:01:25 - [TEST_STEP][PASSED] - click: Object: 'Object Repository/Equipment/EquipmentPurchase/EPO_Line/EPO_Line_Model' is clicked on

2017-12-06 13:01:25 - [MESSAGE][PASSED] - Object: 'Object Repository/Equipment/EquipmentPurchase/EPO_Line/EPO_Line_Model' is clicked on

2017-12-06 13:01:25 - [TEST_STEP][PASSED] - delay: Delayed 2 second(s)

2017-12-06 13:01:27 - [MESSAGE][PASSED] - Delayed 2 second(s)

2017-12-06 13:01:27 - [TEST_STEP][PASSED] - setText: Text '1032' is set on object 'Object Repository/Equipment/EquipmentPurchase/EPO_Line/EPO_Line_Model'

2017-12-06 13:01:28 - [MESSAGE][PASSED] - Text '1032' is set on object 'Object Repository/Equipment/EquipmentPurchase/EPO_Line/EPO_Line_Model'

2017-12-06 13:01:28 - [TEST_STEP][PASSED] - click: Object: 'Object Repository/Equipment/EquipmentPurchase/EPO_Line/EPO_Line_NeworUsed' is clicked on

2017-12-06 13:01:33 - [MESSAGE][PASSED] - Object: 'Object Repository/Equipment/EquipmentPurchase/EPO_Line/EPO_Line_NeworUsed' is clicked on

2017-12-06 13:01:33 - [TEST_STEP][PASSED] - click: Object: 'Object Repository/Equipment/EquipmentPurchase/EPO_Line/EPO_Line_NewEquipOption' is clicked on

2017-12-06 13:01:33 - [MESSAGE][PASSED] - Object: 'Object Repository/Equipment/EquipmentPurchase/EPO_Line/EPO_Line_NewEquipOption' is clicked on

2017-12-06 13:01:33 - [TEST_STEP][PASSED] - click: Object: 'Object Repository/Equipment/EquipmentPurchase/EPO_Line/EPO_Line_PlannedDate' is clicked on

2017-12-06 13:01:33 - [MESSAGE][PASSED] - Object: 'Object Repository/Equipment/EquipmentPurchase/EPO_Line/EPO_Line_PlannedDate' is clicked on

2017-12-06 13:01:33 - [TEST_STEP][PASSED] - delay: Delayed 2 second(s)

2017-12-06 13:01:35 - [MESSAGE][PASSED] - Delayed 2 second(s)

2017-12-06 13:01:35 - [TEST_STEP][PASSED] - setText: Text '+10' is set on object 'Object Repository/Equipment/EquipmentPurchase/EPO_Line/EPO_Line_PlannedDate'

2017-12-06 13:01:36 - [MESSAGE][PASSED] - Text '+10' is set on object 'Object Repository/Equipment/EquipmentPurchase/EPO_Line/EPO_Line_PlannedDate'

2017-12-06 13:01:36 - [TEST_STEP][PASSED] - click: Object: 'Object Repository/Equipment/EquipmentPurchase/EPO_Line/EPO_Line_Price' is clicked on

2017-12-06 13:01:36 - [MESSAGE][PASSED] - Object: 'Object Repository/Equipment/EquipmentPurchase/EPO_Line/EPO_Line_Price' is clicked on

2017-12-06 13:01:36 - [TEST_STEP][PASSED] - delay: Delayed 2 second(s)

2017-12-06 13:01:38 - [MESSAGE][PASSED] - Delayed 2 second(s)

2017-12-06 13:01:38 - [TEST_STEP][PASSED] - setText: Text '100' is set on object 'Object Repository/Equipment/EquipmentPurchase/EPO_Line/EPO_Line_Price'

2017-12-06 13:01:38 - [MESSAGE][PASSED] - Text '100' is set on object 'Object Repository/Equipment/EquipmentPurchase/EPO_Line/EPO_Line_Price'

2017-12-06 13:01:38 - [TEST_STEP][PASSED] - click: Object: 'Object Repository/Equipment/EquipmentPurchase/EPO_Line/EPO_Line_Save' is clicked on

2017-12-06 13:01:39 - [MESSAGE][PASSED] - Object: 'Object Repository/Equipment/EquipmentPurchase/EPO_Line/EPO_Line_Save' is clicked on

2017-12-06 13:01:39 - [TEST_STEP][PASSED] - click: Object: 'Object Repository/Equipment/EquipmentPurchase/EPO_Line/EPO_Line_importNO' is clicked on

2017-12-06 13:01:40 - [MESSAGE][PASSED] - Object: 'Object Repository/Equipment/EquipmentPurchase/EPO_Line/EPO_Line_importNO' is clicked on

2017-12-06 13:01:40 - [TEST_STEP][PASSED] - click: Object: 'Object Repository/Equipment/EquipmentPurchase/EPO_Line/EPO_Line_SaveNclose' is clicked on

2017-12-06 13:01:40 - [MESSAGE][PASSED] - Object: 'Object Repository/Equipment/EquipmentPurchase/EPO_Line/EPO_Line_SaveNclose' is clicked on

2017-12-06 13:01:40 - [TEST_STEP][PASSED] - delay: Delayed 2 second(s)

2017-12-06 13:01:42 - [MESSAGE][PASSED] - Delayed 2 second(s)

2017-12-06 13:01:42 - [TEST_STEP][PASSED] - click: Object: 'Object Repository/Equipment/EquipmentPurchase/EPO_Line/EPO_MultiLine_SavenClose' is clicked on

2017-12-06 13:01:42 - [MESSAGE][PASSED] - Object: 'Object Repository/Equipment/EquipmentPurchase/EPO_Line/EPO_MultiLine_SavenClose' is clicked on

2017-12-06 13:01:42 - [MESSAGE][PASSED] - Call Test Case 'Test Cases/Equipment/Base_EquipmentPurchase/Base_EPO_CreateHeaderNline' successfully

2017-12-06 13:01:42 - [TEST_STEP][PASSED] - callTestCase: Call Test Case 'Test Cases/Equipment/Base_EquipmentPurchase/Base_EPO_Reciept' successfully

2017-12-06 13:01:43 - [TEST_CASE][PASSED] - Test Cases/Equipment/Base_EquipmentPurchase/Base_EPO_Reciept: Test Cases/Equipment/Base_EquipmentPurchase/Base_EPO_Reciept

2017-12-06 13:01:48 - [TEST_STEP][PASSED] - click: Object: 'Object Repository/Equipment/EquipmentPurchase/EPO_Header/EPO_Header_Action' is clicked on

2017-12-06 13:01:49 - [MESSAGE][PASSED] - Object: 'Object Repository/Equipment/EquipmentPurchase/EPO_Header/EPO_Header_Action' is clicked on

2017-12-06 13:01:49 - [TEST_STEP][PASSED] - click: Object: 'Object Repository/Equipment/EquipmentPurchase/EPO_Header/EPO_Header_Action_SendForApproval' is clicked on

2017-12-06 13:01:49 - [MESSAGE][PASSED] - Object: 'Object Repository/Equipment/EquipmentPurchase/EPO_Header/EPO_Header_Action_SendForApproval' is clicked on

2017-12-06 13:01:49 - [TEST_STEP][PASSED] - delay: Delayed 5 second(s)

2017-12-06 13:01:54 - [MESSAGE][PASSED] - Delayed 5 second(s)

2017-12-06 13:01:54 - [TEST_STEP][PASSED] - click: Object: 'Object Repository/Equipment/EquipmentPurchase/EPO_Header/EPO_Header_Action' is clicked on

2017-12-06 13:01:54 - [MESSAGE][PASSED] - Object: 'Object Repository/Equipment/EquipmentPurchase/EPO_Header/EPO_Header_Action' is clicked on

2017-12-06 13:01:54 - [TEST_STEP][PASSED] - click: Object: 'Object Repository/Equipment/EquipmentPurchase/EPO_Header/EPO_Header_Apporve' is clicked on

2017-12-06 13:01:55 - [MESSAGE][PASSED] - Object: 'Object Repository/Equipment/EquipmentPurchase/EPO_Header/EPO_Header_Apporve' is clicked on

2017-12-06 13:01:55 - [TEST_STEP][PASSED] - delay: Delayed 5 second(s)

2017-12-06 13:02:00 - [MESSAGE][PASSED] - Delayed 5 second(s)

2017-12-06 13:02:00 - [TEST_STEP][PASSED] - click: Object: 'Object Repository/Equipment/EquipmentPurchase/EPO_Header/EPO_Header_Print' is clicked on

2017-12-06 13:02:00 - [MESSAGE][PASSED] - Object: 'Object Repository/Equipment/EquipmentPurchase/EPO_Header/EPO_Header_Print' is clicked on

2017-12-06 13:02:00 - [TEST_STEP][PASSED] - click: Object: 'Object Repository/Equipment/EquipmentPurchase/EPO_Header/EPO_Print_FinalPrint' is clicked on

2017-12-06 13:02:01 - [MESSAGE][PASSED] - Object: 'Object Repository/Equipment/EquipmentPurchase/EPO_Header/EPO_Print_FinalPrint' is clicked on

2017-12-06 13:02:01 - [TEST_STEP][PASSED] - click: Object: 'Object Repository/Equipment/EquipmentPurchase/EPO_Header/EPO_Print_PrintOption' is clicked on

2017-12-06 13:02:01 - [MESSAGE][PASSED] - Object: 'Object Repository/Equipment/EquipmentPurchase/EPO_Header/EPO_Print_PrintOption' is clicked on

2017-12-06 13:02:01 - [TEST_STEP][PASSED] - click: Object: 'Object Repository/Equipment/EquipmentPurchase/EPO_Header/EPO_Print_Device' is clicked on

2017-12-06 13:02:03 - [MESSAGE][PASSED] - Object: 'Object Repository/Equipment/EquipmentPurchase/EPO_Header/EPO_Print_Device' is clicked on

2017-12-06 13:02:03 - [TEST_STEP][PASSED] - setText: Text 'D' is set on object 'Object Repository/Equipment/EquipmentPurchase/EPO_Header/EPO_Print_Device'

2017-12-06 13:02:03 - [MESSAGE][PASSED] - Text 'D' is set on object 'Object Repository/Equipment/EquipmentPurchase/EPO_Header/EPO_Print_Device'

2017-12-06 13:02:03 - [TEST_STEP][PASSED] - click: Object: 'Object Repository/Equipment/EquipmentPurchase/EPO_Header/EPO_Print_Continue' is clicked on

2017-12-06 13:02:04 - [MESSAGE][PASSED] - Object: 'Object Repository/Equipment/EquipmentPurchase/EPO_Header/EPO_Print_Continue' is clicked on

2017-12-06 13:02:04 - [TEST_STEP][PASSED] - delay: Delayed 5 second(s)

2017-12-06 13:02:09 - [MESSAGE][PASSED] - Delayed 5 second(s)

2017-12-06 13:02:09 - [TEST_STEP][PASSED] - click: Object: 'Object Repository/Equipment/EquipmentPurchase/EPO_Header/EPO_Header_EPOtab' is clicked on

2017-12-06 13:02:11 - [MESSAGE][PASSED] - Object: 'Object Repository/Equipment/EquipmentPurchase/EPO_Header/EPO_Header_EPOtab' is clicked on

2017-12-06 13:02:11 - [TEST_STEP][PASSED] - click: Object: 'Object Repository/Equipment/EquipmentPurchase/EPO_Header/EPO_Print_Close' is clicked on

2017-12-06 13:02:12 - [MESSAGE][PASSED] - Object: 'Object Repository/Equipment/EquipmentPurchase/EPO_Header/EPO_Print_Close' is clicked on

2017-12-06 13:02:12 - [TEST_STEP][PASSED] - delay: Delayed 3 second(s)

2017-12-06 13:02:15 - [MESSAGE][PASSED] - Delayed 3 second(s)

2017-12-06 13:02:15 - [TEST_STEP][PASSED] - click: Object: 'Object Repository/Equipment/EquipmentPurchase/EPO_Header/EPO_Header_Action' is clicked on

2017-12-06 13:02:15 - [MESSAGE][PASSED] - Object: 'Object Repository/Equipment/EquipmentPurchase/EPO_Header/EPO_Header_Action' is clicked on

2017-12-06 13:02:15 - [TEST_STEP][PASSED] - click: Object: 'Object Repository/Equipment/EquipmentPurchase/EPO_Header/EPO_Action_Reciept' is clicked on

2017-12-06 13:02:15 - [MESSAGE][PASSED] - Object: 'Object Repository/Equipment/EquipmentPurchase/EPO_Header/EPO_Action_Reciept' is clicked on

2017-12-06 13:02:15 - [TEST_STEP][PASSED] - waitForElementPresent: Object 'Object Repository/Equipment/EquipmentPurchase/EPO_Receipt/EPO_Reciept_Save' is present

2017-12-06 13:02:17 - [MESSAGE][PASSED] - Object 'Object Repository/Equipment/EquipmentPurchase/EPO_Receipt/EPO_Reciept_Save' is present

2017-12-06 13:02:17 - [TEST_STEP][PASSED] - click: Object: 'Object Repository/Equipment/EquipmentPurchase/EPO_Receipt/EPO_Reciept_Save' is clicked on

2017-12-06 13:02:17 - [MESSAGE][PASSED] - Object: 'Object Repository/Equipment/EquipmentPurchase/EPO_Receipt/EPO_Reciept_Save' is clicked on

2017-12-06 13:02:17 - [TEST_STEP][PASSED] - delay: Delayed 3 second(s)

2017-12-06 13:02:20 - [MESSAGE][PASSED] - Delayed 3 second(s)

2017-12-06 13:02:20 - [TEST_STEP][PASSED] - click: Object: 'Object Repository/Equipment/EquipmentPurchase/EPO_Receipt/EPO_Receipt_Action' is clicked on

2017-12-06 13:02:20 - [MESSAGE][PASSED] - Object: 'Object Repository/Equipment/EquipmentPurchase/EPO_Receipt/EPO_Receipt_Action' is clicked on

2017-12-06 13:02:20 - [TEST_STEP][PASSED] - click: Object: 'Object Repository/Equipment/EquipmentPurchase/EPO_Receipt/EPO_Receipt_Action_ReceiptLine' is clicked on

2017-12-06 13:02:20 - [MESSAGE][PASSED] - Object: 'Object Repository/Equipment/EquipmentPurchase/EPO_Receipt/EPO_Receipt_Action_ReceiptLine' is clicked on

2017-12-06 13:02:20 - [TEST_STEP][PASSED] - waitForElementPresent: Object 'Object Repository/Equipment/EquipmentPurchase/EPO_Receipt_Line/EPO_ReceiptLine_New' is present

2017-12-06 13:02:26 - [MESSAGE][PASSED] - Object 'Object Repository/Equipment/EquipmentPurchase/EPO_Receipt_Line/EPO_ReceiptLine_New' is present

2017-12-06 13:02:26 - [TEST_STEP][PASSED] - click: Object: 'Object Repository/Equipment/EquipmentPurchase/EPO_Receipt_Line/EPO_ReceiptLine_New' is clicked on

2017-12-06 13:02:27 - [MESSAGE][PASSED] - Object: 'Object Repository/Equipment/EquipmentPurchase/EPO_Receipt_Line/EPO_ReceiptLine_New' is clicked on

2017-12-06 13:02:27 - [TEST_STEP][PASSED] - waitForElementPresent: Object 'Object Repository/Equipment/EquipmentPurchase/EPO_Receipt_Line/EPO_RecieptLine_Select' is present

2017-12-06 13:02:28 - [MESSAGE][PASSED] - Object 'Object Repository/Equipment/EquipmentPurchase/EPO_Receipt_Line/EPO_RecieptLine_Select' is present

2017-12-06 13:02:28 - [TEST_STEP][PASSED] - click: Object: 'Object Repository/Equipment/EquipmentPurchase/EPO_Receipt_Line/EPO_RecieptLine_Select' is clicked on

2017-12-06 13:02:28 - [MESSAGE][PASSED] - Object: 'Object Repository/Equipment/EquipmentPurchase/EPO_Receipt_Line/EPO_RecieptLine_Select' is clicked on

2017-12-06 13:02:28 - [TEST_STEP][PASSED] - delay: Delayed 3 second(s)

2017-12-06 13:02:31 - [MESSAGE][PASSED] - Delayed 3 second(s)

2017-12-06 13:02:31 - [TEST_STEP][PASSED] - click: Object: 'Object Repository/Equipment/EquipmentPurchase/EPO_Receipt_Line/EPO_ReceiptLine_SavenClose' is clicked on

2017-12-06 13:02:31 - [MESSAGE][PASSED] - Object: 'Object Repository/Equipment/EquipmentPurchase/EPO_Receipt_Line/EPO_ReceiptLine_SavenClose' is clicked on

2017-12-06 13:02:31 - [TEST_STEP][PASSED] - waitForElementPresent: Object 'Object Repository/Equipment/EquipmentPurchase/EPO_Receipt_Line/EPO_RecieptLineAction' is present

2017-12-06 13:02:32 - [MESSAGE][PASSED] - Object 'Object Repository/Equipment/EquipmentPurchase/EPO_Receipt_Line/EPO_RecieptLineAction' is present

2017-12-06 13:02:32 - [TEST_STEP][PASSED] - Statement - G_Unit = com.kms.katalon.core.webui.keyword.WebUiBuiltInKeywords.getText(com.kms.katalon.core.testobject.ObjectRepository.findTestObject(Equipment/EquipmentPurchase/EPO_Receipt/EPO_Reciept_Unit)): Text of object 'Object Repository/Equipment/EquipmentPurchase/EPO_Receipt/EPO_Reciept_Unit' is: 'MD0018392'

2017-12-06 13:02:32 - [MESSAGE][PASSED] - Text of object 'Object Repository/Equipment/EquipmentPurchase/EPO_Receipt/EPO_Reciept_Unit' is: 'MD0018392'

2017-12-06 13:02:32 - [TEST_STEP][PASSED] - click: Object: 'Object Repository/Equipment/EquipmentPurchase/EPO_Receipt_Line/EPO_RecieptLineAction' is clicked on

2017-12-06 13:02:32 - [MESSAGE][PASSED] - Object: 'Object Repository/Equipment/EquipmentPurchase/EPO_Receipt_Line/EPO_RecieptLineAction' is clicked on

2017-12-06 13:02:32 - [TEST_STEP][PASSED] - click: Object: 'Object Repository/Equipment/EquipmentPurchase/EPO_Receipt/EPO_Action_Confirm' is clicked on

2017-12-06 13:02:33 - [MESSAGE][PASSED] - Object: 'Object Repository/Equipment/EquipmentPurchase/EPO_Receipt/EPO_Action_Confirm' is clicked on

2017-12-06 13:02:33 - [TEST_STEP][PASSED] - click: Object: 'Object Repository/Equipment/EquipmentPurchase/EPO_Receipt/EPO_Reciept_MeterOK' is clicked on

2017-12-06 13:02:33 - [MESSAGE][PASSED] - Object: 'Object Repository/Equipment/EquipmentPurchase/EPO_Receipt/EPO_Reciept_MeterOK' is clicked on

2017-12-06 13:02:33 - [TEST_STEP][PASSED] - waitForElementPresent: Object 'Object Repository/Equipment/EquipmentPurchase/EPO_Receipt/EPO_RecieptPrint_Device' is present

2017-12-06 13:02:34 - [MESSAGE][PASSED] - Object 'Object Repository/Equipment/EquipmentPurchase/EPO_Receipt/EPO_RecieptPrint_Device' is present

2017-12-06 13:02:34 - [TEST_STEP][PASSED] - click: Object: 'Object Repository/Equipment/EquipmentPurchase/EPO_Receipt/EPO_RecieptPrint_Device' is clicked on

2017-12-06 13:02:34 - [MESSAGE][PASSED] - Object: 'Object Repository/Equipment/EquipmentPurchase/EPO_Receipt/EPO_RecieptPrint_Device' is clicked on

2017-12-06 13:02:34 - [TEST_STEP][PASSED] - setText: Text 'D' is set on object 'Object Repository/Equipment/EquipmentPurchase/EPO_Receipt/EPO_RecieptPrint_Device'

2017-12-06 13:02:34 - [MESSAGE][PASSED] - Text 'D' is set on object 'Object Repository/Equipment/EquipmentPurchase/EPO_Receipt/EPO_RecieptPrint_Device'

2017-12-06 13:02:34 - [TEST_STEP][PASSED] - click: Object: 'Object Repository/Equipment/EquipmentPurchase/EPO_Receipt/EPO_RecieptPrint_Continue' is clicked on

2017-12-06 13:02:35 - [MESSAGE][PASSED] - Object: 'Object Repository/Equipment/EquipmentPurchase/EPO_Receipt/EPO_RecieptPrint_Continue' is clicked on

2017-12-06 13:02:35 - [TEST_STEP][PASSED] - delay: Delayed 3 second(s)

2017-12-06 13:02:38 - [MESSAGE][PASSED] - Delayed 3 second(s)

2017-12-06 13:02:38 - [TEST_STEP][PASSED] - click: Object: 'Object Repository/Equipment/EquipmentPurchase/EPO_Receipt/EPO_RecieptPrint_ProcessCompleted' is clicked on

2017-12-06 13:02:38 - [MESSAGE][PASSED] - Object: 'Object Repository/Equipment/EquipmentPurchase/EPO_Receipt/EPO_RecieptPrint_ProcessCompleted' is clicked on

2017-12-06 13:02:38 - [TEST_STEP][PASSED] - delay: Delayed 10 second(s)

2017-12-06 13:02:48 - [MESSAGE][PASSED] - Delayed 10 second(s)

2017-12-06 13:02:48 - [MESSAGE][PASSED] - Call Test Case 'Test Cases/Equipment/Base_EquipmentPurchase/Base_EPO_Reciept' successfully

2017-12-06 13:02:48 - [MESSAGE][PASSED] - Call Test Case 'Test Cases/Equipment/Base_EquipmentPurchase/EPO_CreateNrecieve' successfully

2017-12-06 13:02:48 - [TEST_STEP][PASSED] - callTestCase: Call Test Case 'Test Cases/Rental/Base_RentalContract/Base_CreateRentalInvoice_HeaderlineInvoice_SplitTender' successfully

2017-12-06 13:02:48 - [TEST_CASE][PASSED] - Test Cases/Rental/Base_RentalContract/Base_CreateRentalInvoice_HeaderlineInvoice_SplitTender: Test Cases/Rental/Base_RentalContract/Base_CreateRentalInvoice_HeaderlineInvoice_SplitTender

2017-12-06 13:02:51 - [TEST_STEP][PASSED] - callTestCase: Call Test Case 'Test Cases/Rental/Base_RentalContract/Base_CreateRentalHeader' successfully

2017-12-06 13:02:51 - [TEST_CASE][PASSED] - Test Cases/Rental/Base_RentalContract/Base_CreateRentalHeader: Test Cases/Rental/Base_RentalContract/Base_CreateRentalHeader

2017-12-06 13:02:51 - [TEST_STEP][PASSED] - callTestCase: Call Test Case 'Test Cases/Common/Base_Common_OpenSession' successfully

2017-12-06 13:02:52 - [TEST_CASE][PASSED] - Test Cases/Common/Base_Common_OpenSession: Test Cases/Common/Base_Common_OpenSession

2017-12-06 13:02:52 - [TEST_STEP][PASSED] - openBrowser: Browser is opened with url: 'https://rgajbhiye:Robin$123@proxima-ln4.e-emphasys.com:8441/webui/servlet/login'

2017-12-06 13:02:52 - [MESSAGE][WARNING] - A browser is already opened. Closing browser and opening a new one

2017-12-06 13:04:14 - [MESSAGE][PASSED] - Browser is opened with url: 'https://rgajbhiye:Robin$123@proxima-ln4.e-emphasys.com:8441/webui/servlet/login'

2017-12-06 13:04:14 - [TEST_STEP][PASSED] - waitForPageLoad: Wait for page load successfully

2017-12-06 13:04:14 - [MESSAGE][PASSED] - Wait for page load successfully

2017-12-06 13:04:14 - [TEST_STEP][PASSED] - maximizeWindow: Current window maximized

2017-12-06 13:04:14 - [MESSAGE][PASSED] - Current window maximized

2017-12-06 13:04:14 - [TEST_STEP][PASSED] - click: Object: 'Object Repository/Common/HomePage/HomePage_more' is clicked on

2017-12-06 13:04:15 - [MESSAGE][PASSED] - Object: 'Object Repository/Common/HomePage/HomePage_more' is clicked on

2017-12-06 13:04:15 - [TEST_STEP][PASSED] - click: Object: 'Object Repository/Common/HomePage/HomePage_Option' is clicked on

2017-12-06 13:04:15 - [MESSAGE][PASSED] - Object: 'Object Repository/Common/HomePage/HomePage_Option' is clicked on

2017-12-06 13:04:15 - [TEST_STEP][PASSED] - click: Object: 'Object Repository/Common/HomePage/HomePage_RunProgram_' is clicked on

2017-12-06 13:04:16 - [MESSAGE][PASSED] - Object: 'Object Repository/Common/HomePage/HomePage_RunProgram_' is clicked on

2017-12-06 13:04:16 - [TEST_STEP][PASSED] - sendKeys: Keys 'erext4100s004' sent to object: 'Object Repository/Common/HomePage/HomePage_Session_ID'

2017-12-06 13:04:25 - [MESSAGE][PASSED] - Keys 'erext4100s004' sent to object: 'Object Repository/Common/HomePage/HomePage_Session_ID'

2017-12-06 13:04:25 - [TEST_STEP][PASSED] - click: Object: 'Object Repository/Common/HomePage/HomePage_OkButton' is clicked on

2017-12-06 13:04:26 - [MESSAGE][PASSED] - Object: 'Object Repository/Common/HomePage/HomePage_OkButton' is clicked on

2017-12-06 13:04:26 - [MESSAGE][PASSED] - Call Test Case 'Test Cases/Common/Base_Common_OpenSession' successfully

2017-12-06 13:04:26 - [TEST_STEP][PASSED] - click: Object: 'Object Repository/Rental/RentalHeader/RentalContract.Customer' is clicked on

2017-12-06 13:04:30 - [MESSAGE][PASSED] - Object: 'Object Repository/Rental/RentalHeader/RentalContract.Customer' is clicked on

2017-12-06 13:04:30 - [TEST_STEP][PASSED] - setText: Text 'M00000010' is set on object 'Object Repository/Rental/RentalHeader/RentalContract.Customer'

2017-12-06 13:04:30 - [MESSAGE][PASSED] - Text 'M00000010' is set on object 'Object Repository/Rental/RentalHeader/RentalContract.Customer'

2017-12-06 13:04:30 - [TEST_STEP][PASSED] - delay: Delayed 2 second(s)

2017-12-06 13:04:32 - [MESSAGE][PASSED] - Delayed 2 second(s)

2017-12-06 13:04:32 - [TEST_STEP][PASSED] - click: Object: 'Object Repository/Rental/RentalHeader/RentalContract.CustPO' is clicked on

2017-12-06 13:04:33 - [MESSAGE][PASSED] - Object: 'Object Repository/Rental/RentalHeader/RentalContract.CustPO' is clicked on

2017-12-06 13:04:33 - [TEST_STEP][PASSED] - delay: Delayed 3 second(s)

2017-12-06 13:04:36 - [MESSAGE][PASSED] - Delayed 3 second(s)

2017-12-06 13:04:36 - [TEST_STEP][PASSED] - click: Object: 'Object Repository/Rental/RentalHeader/RentalContract.OtherDetailsTab' is clicked on

2017-12-06 13:04:36 - [MESSAGE][PASSED] - Object: 'Object Repository/Rental/RentalHeader/RentalContract.OtherDetailsTab' is clicked on

2017-12-06 13:04:36 - [TEST_STEP][PASSED] - delay: Delayed 5 second(s)

2017-12-06 13:04:41 - [MESSAGE][PASSED] - Delayed 5 second(s)

2017-12-06 13:04:41 - [TEST_STEP][PASSED] - click: Object: 'Object Repository/Rental/RentalHeader/Rental Contract.ModeOfPayment' is clicked on

2017-12-06 13:04:41 - [MESSAGE][PASSED] - Object: 'Object Repository/Rental/RentalHeader/Rental Contract.ModeOfPayment' is clicked on

2017-12-06 13:04:41 - [TEST_STEP][PASSED] - delay: Delayed 2 second(s)

2017-12-06 13:04:43 - [MESSAGE][PASSED] - Delayed 2 second(s)

2017-12-06 13:04:43 - [TEST_STEP][PASSED] - click: Object: 'Object Repository/Rental/RentalHeader/RentalContract.CreditCardoption' is clicked on

2017-12-06 13:04:44 - [MESSAGE][PASSED] - Object: 'Object Repository/Rental/RentalHeader/RentalContract.CreditCardoption' is clicked on

2017-12-06 13:04:44 - [TEST_STEP][PASSED] - delay: Delayed 3 second(s)

2017-12-06 13:04:47 - [MESSAGE][PASSED] - Delayed 3 second(s)

2017-12-06 13:04:47 - [TEST_STEP][PASSED] - click: Object: 'Object Repository/Rental/RentalHeader/RentalContract.GeneralTab' is clicked on

2017-12-06 13:04:49 - [MESSAGE][PASSED] - Object: 'Object Repository/Rental/RentalHeader/RentalContract.GeneralTab' is clicked on

2017-12-06 13:04:49 - [TEST_STEP][PASSED] - delay: Delayed 5 second(s)

2017-12-06 13:04:54 - [MESSAGE][PASSED] - Delayed 5 second(s)

2017-12-06 13:04:54 - [TEST_STEP][PASSED] - click: Object: 'Object Repository/Rental/RentalHeader/RentalContract.Newbuttonline' is clicked on

2017-12-06 13:04:55 - [MESSAGE][PASSED] - Object: 'Object Repository/Rental/RentalHeader/RentalContract.Newbuttonline' is clicked on

2017-12-06 13:04:55 - [TEST_STEP][PASSED] - delay: Delayed 5 second(s)

2017-12-06 13:05:00 - [MESSAGE][PASSED] - Delayed 5 second(s)

2017-12-06 13:05:00 - [TEST_STEP][PASSED] - click: Object: 'Object Repository/Rental/RentalHeader/RentalContract.SetLine' is clicked on

2017-12-06 13:05:00 - [MESSAGE][PASSED] - Object: 'Object Repository/Rental/RentalHeader/RentalContract.SetLine' is clicked on

2017-12-06 13:05:00 - [TEST_STEP][PASSED] - delay: Delayed 5 second(s)

2017-12-06 13:05:05 - [MESSAGE][PASSED] - Delayed 5 second(s)

2017-12-06 13:05:05 - [TEST_STEP][PASSED] - scrollToElement: Scroll to object 'Object Repository/Rental/RentalHeader/RentalContract.Unit' successfully

2017-12-06 13:05:05 - [MESSAGE][PASSED] - Scroll to object 'Object Repository/Rental/RentalHeader/RentalContract.Unit' successfully

2017-12-06 13:05:05 - [TEST_STEP][PASSED] - delay: Delayed 3 second(s)

2017-12-06 13:05:08 - [MESSAGE][PASSED] - Delayed 3 second(s)

2017-12-06 13:05:08 - [TEST_STEP][NOT_RUN] - getText: NOT_RUN: getText

2017-12-06 13:05:08 - [MESSAGE][NOT_RUN] - NOT_RUN: getText

2017-12-06 13:05:08 - [TEST_STEP][PASSED] - click: Object: 'Object Repository/Rental/RentalHeader/RentalContract.Unit' is clicked on

2017-12-06 13:05:08 - [MESSAGE][PASSED] - Object: 'Object Repository/Rental/RentalHeader/RentalContract.Unit' is clicked on

2017-12-06 13:05:08 - [TEST_STEP][PASSED] - delay: Delayed 5 second(s)

2017-12-06 13:05:13 - [MESSAGE][PASSED] - Delayed 5 second(s)

2017-12-06 13:05:13 - [TEST_STEP][PASSED] - setText: Text 'MD0018392' is set on object 'Object Repository/Rental/RentalHeader/RentalContract.Unit'

2017-12-06 13:05:14 - [MESSAGE][PASSED] - Text 'MD0018392' is set on object 'Object Repository/Rental/RentalHeader/RentalContract.Unit'

2017-12-06 13:05:14 - [TEST_STEP][PASSED] - delay: Delayed 5 second(s)

2017-12-06 13:05:19 - [MESSAGE][PASSED] - Delayed 5 second(s)

2017-12-06 13:05:19 - [TEST_STEP][PASSED] - scrollToElement: Scroll to object 'Object Repository/Rental/RentalHeader/RentalContract.MultipleInsurence' successfully

2017-12-06 13:05:19 - [MESSAGE][PASSED] - Scroll to object 'Object Repository/Rental/RentalHeader/RentalContract.MultipleInsurence' successfully

2017-12-06 13:05:19 - [TEST_STEP][PASSED] - delay: Delayed 5 second(s)

2017-12-06 13:05:24 - [MESSAGE][PASSED] - Delayed 5 second(s)

2017-12-06 13:05:24 - [TEST_STEP][PASSED] - doubleClick: Object: 'Object Repository/Rental/RentalHeader/RentalContract.MultipleInsurence' is double clicked on

2017-12-06 13:05:24 - [MESSAGE][PASSED] - Object: 'Object Repository/Rental/RentalHeader/RentalContract.MultipleInsurence' is double clicked on

2017-12-06 13:05:24 - [TEST_STEP][PASSED] - delay: Delayed 5 second(s)

2017-12-06 13:05:29 - [MESSAGE][PASSED] - Delayed 5 second(s)

2017-12-06 13:05:29 - [TEST_STEP][PASSED] - click: Object: 'Object Repository/Rental/RentalHeader/RentalContract.MultipleInsurence' is clicked on

2017-12-06 13:05:29 - [MESSAGE][PASSED] - Object: 'Object Repository/Rental/RentalHeader/RentalContract.MultipleInsurence' is clicked on

2017-12-06 13:05:29 - [TEST_STEP][NOT_RUN] - doubleClick: NOT_RUN: doubleClick

2017-12-06 13:05:29 - [MESSAGE][NOT_RUN] - NOT_RUN: doubleClick

2017-12-06 13:05:29 - [TEST_STEP][PASSED] - delay: Delayed 5 second(s)

2017-12-06 13:05:34 - [MESSAGE][PASSED] - Delayed 5 second(s)

2017-12-06 13:05:34 - [TEST_STEP][PASSED] - click: Object: 'Object Repository/Rental/RentalHeader/RentalContract.MultiInsNO' is clicked on

2017-12-06 13:05:35 - [MESSAGE][PASSED] - Object: 'Object Repository/Rental/RentalHeader/RentalContract.MultiInsNO' is clicked on

2017-12-06 13:05:35 - [TEST_STEP][PASSED] - delay: Delayed 5 second(s)

2017-12-06 13:05:40 - [MESSAGE][PASSED] - Delayed 5 second(s)

2017-12-06 13:05:40 - [TEST_STEP][PASSED] - scrollToElement: Scroll to object 'Object Repository/Rental/RentalHeader/RentalContract.GrossRateline' successfully

2017-12-06 13:05:40 - [MESSAGE][PASSED] - Scroll to object 'Object Repository/Rental/RentalHeader/RentalContract.GrossRateline' successfully

2017-12-06 13:05:40 - [TEST_STEP][NOT_RUN] - delay: NOT_RUN: delay

2017-12-06 13:05:40 - [MESSAGE][NOT_RUN] - NOT_RUN: delay

2017-12-06 13:05:40 - [TEST_STEP][PASSED] - doubleClick: Object: 'Object Repository/Rental/RentalHeader/RentalContract.GrossRateline' is double clicked on

2017-12-06 13:05:40 - [MESSAGE][PASSED] - Object: 'Object Repository/Rental/RentalHeader/RentalContract.GrossRateline' is double clicked on

2017-12-06 13:05:40 - [TEST_STEP][PASSED] - delay: Delayed 2 second(s)

2017-12-06 13:05:42 - [MESSAGE][PASSED] - Delayed 2 second(s)

2017-12-06 13:05:42 - [TEST_STEP][PASSED] - click: Object: 'Object Repository/Rental/RentalHeader/RentalContract.GrossRateline' is clicked on

2017-12-06 13:05:42 - [MESSAGE][PASSED] - Object: 'Object Repository/Rental/RentalHeader/RentalContract.GrossRateline' is clicked on

2017-12-06 13:05:42 - [TEST_STEP][PASSED] - delay: Delayed 2 second(s)

2017-12-06 13:05:44 - [MESSAGE][PASSED] - Delayed 2 second(s)

2017-12-06 13:05:44 - [TEST_STEP][PASSED] - setText: Text '100' is set on object 'Object Repository/Rental/RentalHeader/RentalContract.GrossRateline'

2017-12-06 13:05:45 - [MESSAGE][PASSED] - Text '100' is set on object 'Object Repository/Rental/RentalHeader/RentalContract.GrossRateline'

2017-12-06 13:05:45 - [TEST_STEP][PASSED] - delay: Delayed 4 second(s)

2017-12-06 13:05:49 - [MESSAGE][PASSED] - Delayed 4 second(s)

2017-12-06 13:05:49 - [TEST_STEP][PASSED] - click: Object: 'Object Repository/Rental/RentalHeader/RentalContract.SaveHeader' is clicked on

2017-12-06 13:05:49 - [MESSAGE][PASSED] - Object: 'Object Repository/Rental/RentalHeader/RentalContract.SaveHeader' is clicked on

2017-12-06 13:05:49 - [TEST_STEP][PASSED] - delay: Delayed 5 second(s)

2017-12-06 13:05:54 - [MESSAGE][PASSED] - Delayed 5 second(s)

2017-12-06 13:05:54 - [TEST_STEP][PASSED] - click: Object: 'Object Repository/Rental/RentalHeader/RentalContract.Action' is clicked on

2017-12-06 13:05:54 - [MESSAGE][PASSED] - Object: 'Object Repository/Rental/RentalHeader/RentalContract.Action' is clicked on

2017-12-06 13:05:54 - [TEST_STEP][PASSED] - delay: Delayed 8 second(s)

2017-12-06 13:06:02 - [MESSAGE][PASSED] - Delayed 8 second(s)

2017-12-06 13:06:02 - [TEST_STEP][PASSED] - click: Object: 'Object Repository/Rental/RentalHeader/RentalContract.Release' is clicked on

2017-12-06 13:06:03 - [MESSAGE][PASSED] - Object: 'Object Repository/Rental/RentalHeader/RentalContract.Release' is clicked on

2017-12-06 13:06:03 - [TEST_STEP][PASSED] - delay: Delayed 12 second(s)

2017-12-06 13:06:15 - [MESSAGE][PASSED] - Delayed 12 second(s)

2017-12-06 13:06:15 - [TEST_STEP][PASSED] - click: Object: 'Object Repository/Rental/RentalHeader/RentalContract.ActionDelivery' is clicked on

2017-12-06 13:06:15 - [MESSAGE][PASSED] - Object: 'Object Repository/Rental/RentalHeader/RentalContract.ActionDelivery' is clicked on

2017-12-06 13:06:15 - [TEST_STEP][PASSED] - delay: Delayed 6 second(s)

2017-12-06 13:06:21 - [MESSAGE][PASSED] - Delayed 6 second(s)

2017-12-06 13:06:21 - [TEST_STEP][PASSED] - click: Object: 'Object Repository/Rental/RentalHeader/RentalContract.ConfirmDelivery' is clicked on

2017-12-06 13:06:21 - [MESSAGE][PASSED] - Object: 'Object Repository/Rental/RentalHeader/RentalContract.ConfirmDelivery' is clicked on

2017-12-06 13:06:21 - [TEST_STEP][PASSED] - delay: Delayed 8 second(s)

2017-12-06 13:06:29 - [MESSAGE][PASSED] - Delayed 8 second(s)

2017-12-06 13:06:29 - [TEST_STEP][NOT_RUN] - waitForElementPresent: NOT_RUN: waitForElementPresent

2017-12-06 13:06:29 - [MESSAGE][NOT_RUN] - NOT_RUN: waitForElementPresent

2017-12-06 13:06:29 - [TEST_STEP][NOT_RUN] - delay: NOT_RUN: delay

2017-12-06 13:06:29 - [MESSAGE][NOT_RUN] - NOT_RUN: delay

2017-12-06 13:06:29 - [TEST_STEP][PASSED] - click: Object: 'Object Repository/Rental/RentalHeader/RentalContract.DeliveryProceed' is clicked on

2017-12-06 13:06:30 - [MESSAGE][PASSED] - Object: 'Object Repository/Rental/RentalHeader/RentalContract.DeliveryProceed' is clicked on

2017-12-06 13:06:30 - [TEST_STEP][PASSED] - delay: Delayed 12 second(s)

2017-12-06 13:06:42 - [MESSAGE][PASSED] - Delayed 12 second(s)

2017-12-06 13:06:42 - [TEST_STEP][NOT_RUN] - waitForElementPresent: NOT_RUN: waitForElementPresent

2017-12-06 13:06:42 - [MESSAGE][NOT_RUN] - NOT_RUN: waitForElementPresent

2017-12-06 13:06:42 - [TEST_STEP][NOT_RUN] - delay: NOT_RUN: delay

2017-12-06 13:06:42 - [MESSAGE][NOT_RUN] - NOT_RUN: delay

2017-12-06 13:06:42 - [TEST_STEP][NOT_RUN] - click: NOT_RUN: click

2017-12-06 13:06:42 - [MESSAGE][NOT_RUN] - NOT_RUN: click

2017-12-06 13:06:42 - [TEST_STEP][PASSED] - delay: Delayed 8 second(s)

2017-12-06 13:06:50 - [MESSAGE][PASSED] - Delayed 8 second(s)

2017-12-06 13:06:50 - [TEST_STEP][PASSED] - click: Object: 'Object Repository/Rental/RentalHeader/RentalContract.InspetionReportClose' is clicked on

2017-12-06 13:06:50 - [MESSAGE][PASSED] - Object: 'Object Repository/Rental/RentalHeader/RentalContract.InspetionReportClose' is clicked on

2017-12-06 13:06:50 - [TEST_STEP][PASSED] - delay: Delayed 5 second(s)

2017-12-06 13:06:55 - [MESSAGE][PASSED] - Delayed 5 second(s)

2017-12-06 13:06:55 - [TEST_STEP][PASSED] - click: Object: 'Object Repository/Rental/RentalHeader/RentalContract.BillofLaddingClosed' is clicked on

2017-12-06 13:06:55 - [MESSAGE][PASSED] - Object: 'Object Repository/Rental/RentalHeader/RentalContract.BillofLaddingClosed' is clicked on

2017-12-06 13:06:55 - [TEST_STEP][PASSED] - delay: Delayed 5 second(s)

2017-12-06 13:07:00 - [MESSAGE][PASSED] - Delayed 5 second(s)

2017-12-06 13:07:00 - [TEST_STEP][PASSED] - click: Object: 'Object Repository/Rental/RentalHeader/RentalContract.EqipRentalMemoclosed' is clicked on

2017-12-06 13:07:01 - [MESSAGE][PASSED] - Object: 'Object Repository/Rental/RentalHeader/RentalContract.EqipRentalMemoclosed' is clicked on

2017-12-06 13:07:01 - [TEST_STEP][PASSED] - delay: Delayed 5 second(s)

2017-12-06 13:07:06 - [MESSAGE][PASSED] - Delayed 5 second(s)

2017-12-06 13:07:06 - [TEST_STEP][PASSED] - click: Object: 'Object Repository/Rental/RentalHeader/RentalContract.InspectionOrdergnerated' is clicked on

2017-12-06 13:07:06 - [MESSAGE][PASSED] - Object: 'Object Repository/Rental/RentalHeader/RentalContract.InspectionOrdergnerated' is clicked on

2017-12-06 13:07:06 - [MESSAGE][PASSED] - Call Test Case 'Test Cases/Rental/Base_RentalContract/Base_CreateRentalHeader' successfully

2017-12-06 13:07:06 - [TEST_STEP][PASSED] - delay: Delayed 4 second(s)

2017-12-06 13:07:10 - [MESSAGE][PASSED] - Delayed 4 second(s)

2017-12-06 13:07:10 - [TEST_STEP][PASSED] - click: Object: 'Object Repository/Rental/RentalHeader/RentalInvoice/RentalInvoice.InvoicingscheduleTab' is clicked on

2017-12-06 13:07:11 - [MESSAGE][PASSED] - Object: 'Object Repository/Rental/RentalHeader/RentalInvoice/RentalInvoice.InvoicingscheduleTab' is clicked on

2017-12-06 13:07:11 - [TEST_STEP][PASSED] - delay: Delayed 4 second(s)

2017-12-06 13:07:15 - [MESSAGE][PASSED] - Delayed 4 second(s)

2017-12-06 13:07:15 - [TEST_STEP][PASSED] - click: Object: 'Object Repository/Rental/RentalHeader/RentalInvoice/RentalInvoice.Action' is clicked on

2017-12-06 13:07:16 - [MESSAGE][PASSED] - Object: 'Object Repository/Rental/RentalHeader/RentalInvoice/RentalInvoice.Action' is clicked on

2017-12-06 13:07:16 - [TEST_STEP][PASSED] - delay: Delayed 4 second(s)

2017-12-06 13:07:20 - [MESSAGE][PASSED] - Delayed 4 second(s)

2017-12-06 13:07:20 - [TEST_STEP][PASSED] - click: Object: 'Object Repository/Rental/RentalHeader/RentalInvoice/RentalInvoice.ProcessInvoice' is clicked on

2017-12-06 13:07:20 - [MESSAGE][PASSED] - Object: 'Object Repository/Rental/RentalHeader/RentalInvoice/RentalInvoice.ProcessInvoice' is clicked on

2017-12-06 13:07:20 - [TEST_STEP][PASSED] - delay: Delayed 4 second(s)

2017-12-06 13:07:24 - [MESSAGE][PASSED] - Delayed 4 second(s)

2017-12-06 13:07:24 - [TEST_STEP][PASSED] - click: Object: 'Object Repository/Rental/RentalHeader/RentalInvoice/RentalInvoice.ProcessInvoice2' is clicked on

2017-12-06 13:07:24 - [MESSAGE][PASSED] - Object: 'Object Repository/Rental/RentalHeader/RentalInvoice/RentalInvoice.ProcessInvoice2' is clicked on

2017-12-06 13:07:25 - [TEST_STEP][PASSED] - delay: Delayed 0 second(s)

2017-12-06 13:07:25 - [MESSAGE][PASSED] - Delayed 0 second(s)

2017-12-06 13:07:25 - [TEST_STEP][PASSED] - click: Object: 'Object Repository/Rental/RentalHeader/RentalInvoice/RentalInvoice.InvoiceProcessYES' is clicked on

2017-12-06 13:07:25 - [MESSAGE][PASSED] - Object: 'Object Repository/Rental/RentalHeader/RentalInvoice/RentalInvoice.InvoiceProcessYES' is clicked on

2017-12-06 13:07:25 - [TEST_STEP][PASSED] - delay: Delayed 0 second(s)

2017-12-06 13:07:25 - [MESSAGE][PASSED] - Delayed 0 second(s)

2017-12-06 13:07:25 - [TEST_STEP][PASSED] - setText: Text 'PUBL' is set on object 'Object Repository/Rental/RentalHeader/RentalInvoice/ServiceCreditCard.PaymentGateway'

2017-12-06 13:07:26 - [MESSAGE][PASSED] - Text 'PUBL' is set on object 'Object Repository/Rental/RentalHeader/RentalInvoice/ServiceCreditCard.PaymentGateway'

2017-12-06 13:07:26 - [TEST_STEP][NOT_RUN] - sendKeys: NOT_RUN: sendKeys

2017-12-06 13:07:26 - [MESSAGE][NOT_RUN] - NOT_RUN: sendKeys

2017-12-06 13:07:26 - [TEST_STEP][PASSED] - doubleClick: Object: 'Object Repository/Rental/RentalHeader/RentalInvoice/ServiceCreditCard.CardType' is double clicked on

2017-12-06 13:07:27 - [MESSAGE][PASSED] - Object: 'Object Repository/Rental/RentalHeader/RentalInvoice/ServiceCreditCard.CardType' is double clicked on

2017-12-06 13:07:27 - [TEST_STEP][PASSED] - setText: Text 'Visa Card' is set on object 'Object Repository/Rental/RentalHeader/RentalInvoice/ServiceCreditCard.CardType'

2017-12-06 13:07:27 - [MESSAGE][PASSED] - Text 'Visa Card' is set on object 'Object Repository/Rental/RentalHeader/RentalInvoice/ServiceCreditCard.CardType'

2017-12-06 13:07:27 - [TEST_STEP][PASSED] - delay: Delayed 2 second(s)

2017-12-06 13:07:29 - [MESSAGE][PASSED] - Delayed 2 second(s)

2017-12-06 13:07:29 - [TEST_STEP][PASSED] - doubleClick: Object: 'Object Repository/Rental/RentalHeader/RentalInvoice/ServiceCreditCard.Enter CC No' is double clicked on

2017-12-06 13:07:29 - [MESSAGE][PASSED] - Object: 'Object Repository/Rental/RentalHeader/RentalInvoice/ServiceCreditCard.Enter CC No' is double clicked on

2017-12-06 13:07:29 - [TEST_STEP][PASSED] - setText: Text '4012000033330026' is set on object 'Object Repository/Rental/RentalHeader/RentalInvoice/ServiceCreditCard.Enter CC No'

2017-12-06 13:07:30 - [MESSAGE][PASSED] - Text '4012000033330026' is set on object 'Object Repository/Rental/RentalHeader/RentalInvoice/ServiceCreditCard.Enter CC No'

2017-12-06 13:07:30 - [TEST_STEP][PASSED] - delay: Delayed 5 second(s)

2017-12-06 13:07:35 - [MESSAGE][PASSED] - Delayed 5 second(s)

2017-12-06 13:07:35 - [TEST_STEP][PASSED] - click: Object: 'Object Repository/Rental/RentalHeader/RentalInvoice/ServiceCreditCard.CVV2' is clicked on

2017-12-06 13:07:35 - [MESSAGE][PASSED] - Object: 'Object Repository/Rental/RentalHeader/RentalInvoice/ServiceCreditCard.CVV2' is clicked on

2017-12-06 13:07:35 - [TEST_STEP][PASSED] - setText: Text '456' is set on object 'Object Repository/Rental/RentalHeader/RentalInvoice/ServiceCreditCard.CVV2'

2017-12-06 13:07:36 - [MESSAGE][PASSED] - Text '456' is set on object 'Object Repository/Rental/RentalHeader/RentalInvoice/ServiceCreditCard.CVV2'

2017-12-06 13:07:36 - [TEST_STEP][NOT_RUN] - sendKeys: NOT_RUN: sendKeys

2017-12-06 13:07:36 - [MESSAGE][NOT_RUN] - NOT_RUN: sendKeys

2017-12-06 13:07:36 - [TEST_STEP][NOT_RUN] - delay: NOT_RUN: delay

2017-12-06 13:07:36 - [MESSAGE][NOT_RUN] - NOT_RUN: delay

2017-12-06 13:07:36 - [TEST_STEP][PASSED] - delay: Delayed 8 second(s)

2017-12-06 13:07:44 - [MESSAGE][PASSED] - Delayed 8 second(s)

2017-12-06 13:07:44 - [TEST_STEP][PASSED] - setText: Text '09' is set on object 'Object Repository/Rental/RentalHeader/RentalInvoice/ServiceCreditCard.ExpiryMonth'

2017-12-06 13:07:44 - [MESSAGE][PASSED] - Text '09' is set on object 'Object Repository/Rental/RentalHeader/RentalInvoice/ServiceCreditCard.ExpiryMonth'

2017-12-06 13:07:44 - [TEST_STEP][PASSED] - setText: Text '99' is set on object 'Object Repository/Rental/RentalHeader/RentalInvoice/ServiceCreditCard.ExpiryYear'

2017-12-06 13:07:45 - [MESSAGE][PASSED] - Text '99' is set on object 'Object Repository/Rental/RentalHeader/RentalInvoice/ServiceCreditCard.ExpiryYear'

2017-12-06 13:07:45 - [TEST_STEP][NOT_RUN] - click: NOT_RUN: click

2017-12-06 13:07:45 - [MESSAGE][NOT_RUN] - NOT_RUN: click

2017-12-06 13:07:45 - [TEST_STEP][NOT_RUN] - delay: NOT_RUN: delay

2017-12-06 13:07:45 - [MESSAGE][NOT_RUN] - NOT_RUN: delay

2017-12-06 13:07:45 - [TEST_STEP][NOT_RUN] - click: NOT_RUN: click

2017-12-06 13:07:45 - [MESSAGE][NOT_RUN] - NOT_RUN: click

2017-12-06 13:07:45 - [TEST_STEP][NOT_RUN] - delay: NOT_RUN: delay

2017-12-06 13:07:45 - [MESSAGE][NOT_RUN] - NOT_RUN: delay

2017-12-06 13:07:45 - [TEST_STEP][NOT_RUN] - click: NOT_RUN: click

2017-12-06 13:07:45 - [MESSAGE][NOT_RUN] - NOT_RUN: click

2017-12-06 13:07:45 - [TEST_STEP][NOT_RUN] - delay: NOT_RUN: delay

2017-12-06 13:07:45 - [MESSAGE][NOT_RUN] - NOT_RUN: delay

2017-12-06 13:07:45 - [TEST_STEP][NOT_RUN] - click: NOT_RUN: click

2017-12-06 13:07:45 - [MESSAGE][NOT_RUN] - NOT_RUN: click

2017-12-06 13:07:45 - [TEST_STEP][NOT_RUN] - delay: NOT_RUN: delay

2017-12-06 13:07:45 - [MESSAGE][NOT_RUN] - NOT_RUN: delay

2017-12-06 13:07:45 - [TEST_STEP][NOT_RUN] - closeBrowser: NOT_RUN: closeBrowser

2017-12-06 13:07:45 - [MESSAGE][NOT_RUN] - NOT_RUN: closeBrowser

2017-12-06 13:07:45 - [MESSAGE][PASSED] - Call Test Case 'Test Cases/Rental/Base_RentalContract/Base_CreateRentalInvoice_HeaderlineInvoice_SplitTender' successfully

2017-12-06 13:07:45 - [TEST_STEP][FAILED] - callTestCase: Unable to call Test Case with id 'Test Cases/Rental/Base_RentalContract/Base_CreateRentalInvoicewithSpitTenderDetails_SplitTender' (Root cause: Call Test Case 'Test Cases/Rental/Base_RentalContract/Base_CreateRentalInvoicewithSpitTenderDetails_SplitTender' failed)

2017-12-06 13:07:45 - [TEST_CASE][FAILED] - Test Cases/Rental/Base_RentalContract/Base_CreateRentalInvoicewithSpitTenderDetails_SplitTender: Test Cases/Rental/Base_RentalContract/Base_CreateRentalInvoicewithSpitTenderDetails_SplitTender FAILED because (of) Unable to double click on object 'Object Repository/Rental/Rental_SplitTenderDetails/SplitTender.ModeofPayment1' (Root cause: com.kms.katalon.core.webui.exception.WebElementNotFoundException: Web element with id: 'Object Repository/Rental/Rental_SplitTenderDetails/SplitTender.ModeofPayment1' located by 'By.xpath: //*[@id = 'xiext8105m000-12-grid-1-xiext805.modp.rq-13-1-widget']' not found)

2017-12-06 13:07:46 - [TEST_STEP][PASSED] - delay: Delayed 5 second(s)

2017-12-06 13:07:51 - [MESSAGE][PASSED] - Delayed 5 second(s)

2017-12-06 13:07:51 - [TEST_STEP][PASSED] - doubleClick: Object: 'Object Repository/Rental/Rental_SplitTenderDetails/SplitTenderDetails' is double clicked on

2017-12-06 13:07:51 - [MESSAGE][PASSED] - Object: 'Object Repository/Rental/Rental_SplitTenderDetails/SplitTenderDetails' is double clicked on

2017-12-06 13:07:51 - [TEST_STEP][PASSED] - click: Object: 'Object Repository/Rental/Rental_SplitTenderDetails/SplitTenderDetails.Yes' is clicked on

2017-12-06 13:07:52 - [MESSAGE][PASSED] - Object: 'Object Repository/Rental/Rental_SplitTenderDetails/SplitTenderDetails.Yes' is clicked on

2017-12-06 13:07:52 - [TEST_STEP][PASSED] - delay: Delayed 3 second(s)

2017-12-06 13:07:55 - [MESSAGE][PASSED] - Delayed 3 second(s)

2017-12-06 13:07:55 - [TEST_STEP][PASSED] - click: Object: 'Object Repository/Rental/Rental_SplitTenderDetails/SplitTender.LineSession' is clicked on

2017-12-06 13:07:55 - [MESSAGE][PASSED] - Object: 'Object Repository/Rental/Rental_SplitTenderDetails/SplitTender.LineSession' is clicked on

2017-12-06 13:07:55 - [TEST_STEP][PASSED] - delay: Delayed 2 second(s)

2017-12-06 13:07:57 - [MESSAGE][PASSED] - Delayed 2 second(s)

2017-12-06 13:07:57 - [TEST_STEP][PASSED] - Statement - G_OrderAmt = com.kms.katalon.core.webui.keyword.WebUiBuiltInKeywords.getText(com.kms.katalon.core.testobject.ObjectRepository.findTestObject(Rental/Rental_SplitTenderDetails/SplitTender.OrderAmtHeader), CONTINUE_ON_FAILURE): Text of object 'Object Repository/Rental/Rental_SplitTenderDetails/SplitTender.OrderAmtHeader' is: '110.00'

2017-12-06 13:07:57 - [MESSAGE][PASSED] - Text of object 'Object Repository/Rental/Rental_SplitTenderDetails/SplitTender.OrderAmtHeader' is: '110.00'

2017-12-06 13:07:57 - [TEST_STEP][PASSED] - Statement - G_SplitOrderAmt2 = G_OrderAmt - 2: null

2017-12-06 13:07:58 - [TEST_STEP][PASSED] - comment: ***********************Line1 started***********************

2017-12-06 13:07:58 - [TEST_STEP][PASSED] - click: Object: 'Object Repository/Rental/Rental_SplitTenderDetails/SplitTender.NewButton' is clicked on

2017-12-06 13:07:59 - [MESSAGE][PASSED] - Object: 'Object Repository/Rental/Rental_SplitTenderDetails/SplitTender.NewButton' is clicked on

2017-12-06 13:07:59 - [TEST_STEP][PASSED] - delay: Delayed 2 second(s)

2017-12-06 13:08:01 - [MESSAGE][PASSED] - Delayed 2 second(s)

2017-12-06 13:08:01 - [TEST_STEP][PASSED] - doubleClick: Object: 'Object Repository/Rental/Rental_SplitTenderDetails/SplitTender.ModeofPayment' is double clicked on

2017-12-06 13:08:01 - [MESSAGE][PASSED] - Object: 'Object Repository/Rental/Rental_SplitTenderDetails/SplitTender.ModeofPayment' is double clicked on

2017-12-06 13:08:01 - [TEST_STEP][PASSED] - delay: Delayed 2 second(s)

2017-12-06 13:08:03 - [MESSAGE][PASSED] - Delayed 2 second(s)

2017-12-06 13:08:03 - [TEST_STEP][PASSED] - click: Object: 'Object Repository/Rental/Rental_SplitTenderDetails/SplitTender.ModeOfPaymentCreditCard1' is clicked on

2017-12-06 13:08:03 - [MESSAGE][PASSED] - Object: 'Object Repository/Rental/Rental_SplitTenderDetails/SplitTender.ModeOfPaymentCreditCard1' is clicked on

2017-12-06 13:08:03 - [TEST_STEP][PASSED] - delay: Delayed 2 second(s)

2017-12-06 13:08:05 - [MESSAGE][PASSED] - Delayed 2 second(s)

2017-12-06 13:08:05 - [TEST_STEP][PASSED] - click: Object: 'Object Repository/Rental/Rental_SplitTenderDetails/SplitTender.LineCCNo' is clicked on

2017-12-06 13:08:06 - [MESSAGE][PASSED] - Object: 'Object Repository/Rental/Rental_SplitTenderDetails/SplitTender.LineCCNo' is clicked on

2017-12-06 13:08:06 - [TEST_STEP][PASSED] - delay: Delayed 2 second(s)

2017-12-06 13:08:08 - [MESSAGE][PASSED] - Delayed 2 second(s)

2017-12-06 13:08:08 - [TEST_STEP][PASSED] - setText: Text '4012000033330026' is set on object 'Object Repository/Rental/Rental_SplitTenderDetails/SplitTender.LineCCNo'

2017-12-06 13:08:08 - [MESSAGE][PASSED] - Text '4012000033330026' is set on object 'Object Repository/Rental/Rental_SplitTenderDetails/SplitTender.LineCCNo'

2017-12-06 13:08:08 - [TEST_STEP][PASSED] - delay: Delayed 5 second(s)

2017-12-06 13:08:13 - [MESSAGE][PASSED] - Delayed 5 second(s)

2017-12-06 13:08:13 - [TEST_STEP][PASSED] - doubleClick: Object: 'Object Repository/Rental/Rental_SplitTenderDetails/SplitTender.LineCVV' is double clicked on

2017-12-06 13:08:14 - [MESSAGE][PASSED] - Object: 'Object Repository/Rental/Rental_SplitTenderDetails/SplitTender.LineCVV' is double clicked on

2017-12-06 13:08:14 - [TEST_STEP][PASSED] - delay: Delayed 2 second(s)

2017-12-06 13:08:16 - [MESSAGE][PASSED] - Delayed 2 second(s)

2017-12-06 13:08:16 - [TEST_STEP][PASSED] - setText: Text '456' is set on object 'Object Repository/Rental/Rental_SplitTenderDetails/SplitTender.LineCVV'

2017-12-06 13:08:16 - [MESSAGE][PASSED] - Text '456' is set on object 'Object Repository/Rental/Rental_SplitTenderDetails/SplitTender.LineCVV'

2017-12-06 13:08:16 - [TEST_STEP][PASSED] - delay: Delayed 5 second(s)

2017-12-06 13:08:21 - [MESSAGE][PASSED] - Delayed 5 second(s)

2017-12-06 13:08:21 - [TEST_STEP][PASSED] - scrollToElement: Scroll to object 'Object Repository/Rental/Rental_SplitTenderDetails/SplitTender.LineOrderAmount1' successfully

2017-12-06 13:08:21 - [MESSAGE][PASSED] - Scroll to object 'Object Repository/Rental/Rental_SplitTenderDetails/SplitTender.LineOrderAmount1' successfully

2017-12-06 13:08:21 - [TEST_STEP][PASSED] - delay: Delayed 5 second(s)

2017-12-06 13:08:26 - [MESSAGE][PASSED] - Delayed 5 second(s)

2017-12-06 13:08:26 - [TEST_STEP][PASSED] - click: Object: 'Object Repository/Rental/Rental_SplitTenderDetails/SplitTender.LineOrderAmount1' is clicked on

2017-12-06 13:08:26 - [MESSAGE][PASSED] - Object: 'Object Repository/Rental/Rental_SplitTenderDetails/SplitTender.LineOrderAmount1' is clicked on

2017-12-06 13:08:26 - [TEST_STEP][PASSED] - delay: Delayed 3 second(s)

2017-12-06 13:08:29 - [MESSAGE][PASSED] - Delayed 3 second(s)

2017-12-06 13:08:29 - [TEST_STEP][PASSED] - sendKeys: Keys '1.00' sent to object: 'Object Repository/Rental/Rental_SplitTenderDetails/SplitTender.LineOrderAmount1'

2017-12-06 13:08:29 - [MESSAGE][PASSED] - Keys '1.00' sent to object: 'Object Repository/Rental/Rental_SplitTenderDetails/SplitTender.LineOrderAmount1'

2017-12-06 13:08:29 - [TEST_STEP][PASSED] - delay: Delayed 2 second(s)

2017-12-06 13:08:31 - [MESSAGE][PASSED] - Delayed 2 second(s)

2017-12-06 13:08:31 - [TEST_STEP][PASSED] - comment: ***********************Line2 started***********************

2017-12-06 13:08:31 - [TEST_STEP][PASSED] - click: Object: 'Object Repository/Rental/Rental_SplitTenderDetails/SplitTender.NewButton' is clicked on

2017-12-06 13:08:32 - [MESSAGE][PASSED] - Object: 'Object Repository/Rental/Rental_SplitTenderDetails/SplitTender.NewButton' is clicked on

2017-12-06 13:08:32 - [TEST_STEP][PASSED] - delay: Delayed 2 second(s)

2017-12-06 13:08:34 - [MESSAGE][PASSED] - Delayed 2 second(s)

2017-12-06 13:08:34 - [TEST_STEP][FAILED] - doubleClick: Unable to double click on object 'Object Repository/Rental/Rental_SplitTenderDetails/SplitTender.ModeofPayment1' (Root cause: com.kms.katalon.core.webui.exception.WebElementNotFoundException: Web element with id: 'Object Repository/Rental/Rental_SplitTenderDetails/SplitTender.ModeofPayment1' located by 'By.xpath: //*[@id = 'xiext8105m000-12-grid-1-xiext805.modp.rq-13-1-widget']' not found)

2017-12-06 13:09:07 - [MESSAGE][FAILED] - Unable to double click on object 'Object Repository/Rental/Rental_SplitTenderDetails/SplitTender.ModeofPayment1' (Root cause: com.kms.katalon.core.webui.exception.WebElementNotFoundException: Web element with id: 'Object Repository/Rental/Rental_SplitTenderDetails/SplitTender.ModeofPayment1' located by 'By.xpath: //*[@id = 'xiext8105m000-12-grid-1-xiext805.modp.rq-13-1-widget']' not found)
[[ATTACHMENT|C:\\Users\\agawhande\\git\\CreditCard\\Reports\\Proxima\\CC_RentalInvoicewithSplitTenderTestSuite\\20171206_125919\\1512545946893.png]]

2017-12-06 13:09:07 - [TEST_STEP][FAILED] - click: Unable to click on object 'Object Repository/Rental/Rental_SplitTenderDetails/SplitTender.ModeOfPaymentCreditCard2' (Root cause: com.kms.katalon.core.webui.exception.WebElementNotFoundException: Web element with id: 'Object Repository/Rental/Rental_SplitTenderDetails/SplitTender.ModeOfPaymentCreditCard2' located by 'By.xpath: //*[@id = 'xiext8105m000-12-grid-1-xiext805.modp.rq-13-1-widget']' not found)

2017-12-06 13:09:40 - [MESSAGE][FAILED] - Unable to click on object 'Object Repository/Rental/Rental_SplitTenderDetails/SplitTender.ModeOfPaymentCreditCard2' (Root cause: com.kms.katalon.core.webui.exception.WebElementNotFoundException: Web element with id: 'Object Repository/Rental/Rental_SplitTenderDetails/SplitTender.ModeOfPaymentCreditCard2' located by 'By.xpath: //*[@id = 'xiext8105m000-12-grid-1-xiext805.modp.rq-13-1-widget']' not found)
[[ATTACHMENT|C:\\Users\\agawhande\\git\\CreditCard\\Reports\\Proxima\\CC_RentalInvoicewithSplitTenderTestSuite\\20171206_125919\\1512545979940.png]]

2017-12-06 13:09:40 - [TEST_STEP][PASSED] - delay: Delayed 3 second(s)

2017-12-06 13:09:43 - [MESSAGE][PASSED] - Delayed 3 second(s)

2017-12-06 13:09:43 - [TEST_STEP][FAILED] - click: Unable to click on object 'Object Repository/Rental/Rental_SplitTenderDetails/SplitTender.Line2CCNo' (Root cause: com.kms.katalon.core.webui.exception.WebElementNotFoundException: Web element with id: 'Object Repository/Rental/Rental_SplitTenderDetails/SplitTender.Line2CCNo' located by 'By.xpath: //*[@id = 'xiext8105m000-12-grid-1-xiext805.acnt.rq-14-1-widget']' not found)

2017-12-06 13:10:15 - [MESSAGE][FAILED] - Unable to click on object 'Object Repository/Rental/Rental_SplitTenderDetails/SplitTender.Line2CCNo' (Root cause: com.kms.katalon.core.webui.exception.WebElementNotFoundException: Web element with id: 'Object Repository/Rental/Rental_SplitTenderDetails/SplitTender.Line2CCNo' located by 'By.xpath: //*[@id = 'xiext8105m000-12-grid-1-xiext805.acnt.rq-14-1-widget']' not found)
[[ATTACHMENT|C:\\Users\\agawhande\\git\\CreditCard\\Reports\\Proxima\\CC_RentalInvoicewithSplitTenderTestSuite\\20171206_125919\\1512546015548.png]]

2017-12-06 13:10:15 - [TEST_STEP][PASSED] - delay: Delayed 2 second(s)

2017-12-06 13:10:17 - [MESSAGE][PASSED] - Delayed 2 second(s)

2017-12-06 13:10:17 - [TEST_STEP][FAILED] - setText: Unable to set text '4111123400062020' of object 'Object Repository/Rental/Rental_SplitTenderDetails/SplitTender.Line2CCNo' (Root cause: com.kms.katalon.core.webui.exception.WebElementNotFoundException: Web element with id: 'Object Repository/Rental/Rental_SplitTenderDetails/SplitTender.Line2CCNo' located by 'By.xpath: //*[@id = 'xiext8105m000-12-grid-1-xiext805.acnt.rq-14-1-widget']' not found)

2017-12-06 13:10:50 - [MESSAGE][FAILED] - Unable to set text '4111123400062020' of object 'Object Repository/Rental/Rental_SplitTenderDetails/SplitTender.Line2CCNo' (Root cause: com.kms.katalon.core.webui.exception.WebElementNotFoundException: Web element with id: 'Object Repository/Rental/Rental_SplitTenderDetails/SplitTender.Line2CCNo' located by 'By.xpath: //*[@id = 'xiext8105m000-12-grid-1-xiext805.acnt.rq-14-1-widget']' not found)
[[ATTACHMENT|C:\\Users\\agawhande\\git\\CreditCard\\Reports\\Proxima\\CC_RentalInvoicewithSplitTenderTestSuite\\20171206_125919\\1512546050025.png]]

2017-12-06 13:10:50 - [TEST_STEP][PASSED] - delay: Delayed 2 second(s)

2017-12-06 13:10:52 - [MESSAGE][PASSED] - Delayed 2 second(s)

2017-12-06 13:10:52 - [TEST_STEP][FAILED] - click: Unable to click on object 'Object Repository/Rental/Rental_SplitTenderDetails/SplitTender.Line2CVV' (Root cause: com.kms.katalon.core.webui.exception.WebElementNotFoundException: Web element with id: 'Object Repository/Rental/Rental_SplitTenderDetails/SplitTender.Line2CVV' located by 'By.xpath: //*[@id = 'xiext8105m000-12-grid-1-xiext805.cvv2.rq-15-1-widget']' not found)

2017-12-06 13:11:24 - [MESSAGE][FAILED] - Unable to click on object 'Object Repository/Rental/Rental_SplitTenderDetails/SplitTender.Line2CVV' (Root cause: com.kms.katalon.core.webui.exception.WebElementNotFoundException: Web element with id: 'Object Repository/Rental/Rental_SplitTenderDetails/SplitTender.Line2CVV' located by 'By.xpath: //*[@id = 'xiext8105m000-12-grid-1-xiext805.cvv2.rq-15-1-widget']' not found)
[[ATTACHMENT|C:\\Users\\agawhande\\git\\CreditCard\\Reports\\Proxima\\CC_RentalInvoicewithSplitTenderTestSuite\\20171206_125919\\1512546084481.png]]

2017-12-06 13:11:24 - [TEST_STEP][PASSED] - delay: Delayed 3 second(s)

2017-12-06 13:11:27 - [MESSAGE][PASSED] - Delayed 3 second(s)

2017-12-06 13:11:27 - [TEST_STEP][FAILED] - setText: Unable to set text '456' of object 'Object Repository/Rental/Rental_SplitTenderDetails/SplitTender.Line2CVV' (Root cause: com.kms.katalon.core.webui.exception.WebElementNotFoundException: Web element with id: 'Object Repository/Rental/Rental_SplitTenderDetails/SplitTender.Line2CVV' located by 'By.xpath: //*[@id = 'xiext8105m000-12-grid-1-xiext805.cvv2.rq-15-1-widget']' not found)

2017-12-06 13:12:00 - [MESSAGE][FAILED] - Unable to set text '456' of object 'Object Repository/Rental/Rental_SplitTenderDetails/SplitTender.Line2CVV' (Root cause: com.kms.katalon.core.webui.exception.WebElementNotFoundException: Web element with id: 'Object Repository/Rental/Rental_SplitTenderDetails/SplitTender.Line2CVV' located by 'By.xpath: //*[@id = 'xiext8105m000-12-grid-1-xiext805.cvv2.rq-15-1-widget']' not found)
[[ATTACHMENT|C:\\Users\\agawhande\\git\\CreditCard\\Reports\\Proxima\\CC_RentalInvoicewithSplitTenderTestSuite\\20171206_125919\\1512546120063.png]]

2017-12-06 13:12:00 - [TEST_STEP][PASSED] - delay: Delayed 3 second(s)

2017-12-06 13:12:03 - [MESSAGE][PASSED] - Delayed 3 second(s)

2017-12-06 13:12:03 - [TEST_STEP][FAILED] - click: Unable to click on object 'Object Repository/Rental/Rental_SplitTenderDetails/SplitTender.CardTypeLine2' (Root cause: com.kms.katalon.core.webui.exception.WebElementNotFoundException: Web element with id: 'Object Repository/Rental/Rental_SplitTenderDetails/SplitTender.CardTypeLine2' located by 'By.xpath: //*[@id = 'xiext8105m000-12-grid-1-xiext805.ctyp.rq-17-1-widget']' not found)

2017-12-06 13:12:38 - [MESSAGE][FAILED] - Unable to click on object 'Object Repository/Rental/Rental_SplitTenderDetails/SplitTender.CardTypeLine2' (Root cause: com.kms.katalon.core.webui.exception.WebElementNotFoundException: Web element with id: 'Object Repository/Rental/Rental_SplitTenderDetails/SplitTender.CardTypeLine2' located by 'By.xpath: //*[@id = 'xiext8105m000-12-grid-1-xiext805.ctyp.rq-17-1-widget']' not found)
[[ATTACHMENT|C:\\Users\\agawhande\\git\\CreditCard\\Reports\\Proxima\\CC_RentalInvoicewithSplitTenderTestSuite\\20171206_125919\\1512546158052.png]]

2017-12-06 13:12:38 - [TEST_STEP][PASSED] - delay: Delayed 5 second(s)

2017-12-06 13:12:43 - [MESSAGE][PASSED] - Delayed 5 second(s)

2017-12-06 13:12:43 - [TEST_STEP][FAILED] - sendKeys: Unable to send keys 'Visa' to object 'Object Repository/Rental/Rental_SplitTenderDetails/SplitTender.CardTypeLine2' (Root cause: com.kms.katalon.core.webui.exception.WebElementNotFoundException: Web element with id: 'Object Repository/Rental/Rental_SplitTenderDetails/SplitTender.CardTypeLine2' located by 'By.xpath: //*[@id = 'xiext8105m000-12-grid-1-xiext805.ctyp.rq-17-1-widget']' not found)

2017-12-06 13:13:15 - [MESSAGE][FAILED] - Unable to send keys 'Visa' to object 'Object Repository/Rental/Rental_SplitTenderDetails/SplitTender.CardTypeLine2' (Root cause: com.kms.katalon.core.webui.exception.WebElementNotFoundException: Web element with id: 'Object Repository/Rental/Rental_SplitTenderDetails/SplitTender.CardTypeLine2' located by 'By.xpath: //*[@id = 'xiext8105m000-12-grid-1-xiext805.ctyp.rq-17-1-widget']' not found)
[[ATTACHMENT|C:\\Users\\agawhande\\git\\CreditCard\\Reports\\Proxima\\CC_RentalInvoicewithSplitTenderTestSuite\\20171206_125919\\1512546195678.png]]

2017-12-06 13:13:15 - [TEST_STEP][PASSED] - delay: Delayed 5 second(s)

2017-12-06 13:13:20 - [MESSAGE][PASSED] - Delayed 5 second(s)

2017-12-06 13:13:20 - [TEST_STEP][FAILED] - click: Unable to click on object 'Object Repository/Rental/Rental_SplitTenderDetails/SplitTender.ExpiryMonthLine2' (Root cause: com.kms.katalon.core.webui.exception.WebElementNotFoundException: Web element with id: 'Object Repository/Rental/Rental_SplitTenderDetails/SplitTender.ExpiryMonthLine2' located by 'By.xpath: //*[@id = 'xiext8105m000-12-grid-1-xiext805.exmn.rq-20-1-widget']' not found)

2017-12-06 13:13:53 - [MESSAGE][FAILED] - Unable to click on object 'Object Repository/Rental/Rental_SplitTenderDetails/SplitTender.ExpiryMonthLine2' (Root cause: com.kms.katalon.core.webui.exception.WebElementNotFoundException: Web element with id: 'Object Repository/Rental/Rental_SplitTenderDetails/SplitTender.ExpiryMonthLine2' located by 'By.xpath: //*[@id = 'xiext8105m000-12-grid-1-xiext805.exmn.rq-20-1-widget']' not found)
[[ATTACHMENT|C:\\Users\\agawhande\\git\\CreditCard\\Reports\\Proxima\\CC_RentalInvoicewithSplitTenderTestSuite\\20171206_125919\\1512546233219.png]]

2017-12-06 13:13:53 - [TEST_STEP][PASSED] - delay: Delayed 3 second(s)

2017-12-06 13:13:56 - [MESSAGE][PASSED] - Delayed 3 second(s)

2017-12-06 13:13:56 - [TEST_STEP][FAILED] - setText: Unable to set text '09' of object 'Object Repository/Rental/Rental_SplitTenderDetails/SplitTender.ExpiryMonthLine2' (Root cause: com.kms.katalon.core.webui.exception.WebElementNotFoundException: Web element with id: 'Object Repository/Rental/Rental_SplitTenderDetails/SplitTender.ExpiryMonthLine2' located by 'By.xpath: //*[@id = 'xiext8105m000-12-grid-1-xiext805.exmn.rq-20-1-widget']' not found)

2017-12-06 13:14:29 - [MESSAGE][FAILED] - Unable to set text '09' of object 'Object Repository/Rental/Rental_SplitTenderDetails/SplitTender.ExpiryMonthLine2' (Root cause: com.kms.katalon.core.webui.exception.WebElementNotFoundException: Web element with id: 'Object Repository/Rental/Rental_SplitTenderDetails/SplitTender.ExpiryMonthLine2' located by 'By.xpath: //*[@id = 'xiext8105m000-12-grid-1-xiext805.exmn.rq-20-1-widget']' not found)
[[ATTACHMENT|C:\\Users\\agawhande\\git\\CreditCard\\Reports\\Proxima\\CC_RentalInvoicewithSplitTenderTestSuite\\20171206_125919\\1512546269628.png]]

2017-12-06 13:14:29 - [TEST_STEP][PASSED] - delay: Delayed 2 second(s)

2017-12-06 13:14:31 - [MESSAGE][PASSED] - Delayed 2 second(s)

2017-12-06 13:14:31 - [TEST_STEP][FAILED] - click: Unable to click on object 'Object Repository/Rental/Rental_SplitTenderDetails/SplitTender.ExpiryYearLine2' (Root cause: com.kms.katalon.core.webui.exception.WebElementNotFoundException: Web element with id: 'Object Repository/Rental/Rental_SplitTenderDetails/SplitTender.ExpiryYearLine2' located by 'By.xpath: //*[@id = 'xiext8105m000-12-grid-1-xiext805.exyr.rq-21-1-widget']' not found)

2017-12-06 13:15:04 - [MESSAGE][FAILED] - Unable to click on object 'Object Repository/Rental/Rental_SplitTenderDetails/SplitTender.ExpiryYearLine2' (Root cause: com.kms.katalon.core.webui.exception.WebElementNotFoundException: Web element with id: 'Object Repository/Rental/Rental_SplitTenderDetails/SplitTender.ExpiryYearLine2' located by 'By.xpath: //*[@id = 'xiext8105m000-12-grid-1-xiext805.exyr.rq-21-1-widget']' not found)
[[ATTACHMENT|C:\\Users\\agawhande\\git\\CreditCard\\Reports\\Proxima\\CC_RentalInvoicewithSplitTenderTestSuite\\20171206_125919\\1512546304166.png]]

2017-12-06 13:15:04 - [TEST_STEP][PASSED] - delay: Delayed 2 second(s)

2017-12-06 13:15:06 - [MESSAGE][PASSED] - Delayed 2 second(s)

2017-12-06 13:15:06 - [TEST_STEP][FAILED] - setText: Unable to set text '99' of object 'Object Repository/Rental/Rental_SplitTenderDetails/SplitTender.ExpiryYearLine2' (Root cause: com.kms.katalon.core.webui.exception.WebElementNotFoundException: Web element with id: 'Object Repository/Rental/Rental_SplitTenderDetails/SplitTender.ExpiryYearLine2' located by 'By.xpath: //*[@id = 'xiext8105m000-12-grid-1-xiext805.exyr.rq-21-1-widget']' not found)

2017-12-06 13:15:38 - [MESSAGE][FAILED] - Unable to set text '99' of object 'Object Repository/Rental/Rental_SplitTenderDetails/SplitTender.ExpiryYearLine2' (Root cause: com.kms.katalon.core.webui.exception.WebElementNotFoundException: Web element with id: 'Object Repository/Rental/Rental_SplitTenderDetails/SplitTender.ExpiryYearLine2' located by 'By.xpath: //*[@id = 'xiext8105m000-12-grid-1-xiext805.exyr.rq-21-1-widget']' not found)
[[ATTACHMENT|C:\\Users\\agawhande\\git\\CreditCard\\Reports\\Proxima\\CC_RentalInvoicewithSplitTenderTestSuite\\20171206_125919\\1512546338510.png]]

2017-12-06 13:15:38 - [TEST_STEP][PASSED] - delay: Delayed 3 second(s)

2017-12-06 13:15:41 - [MESSAGE][PASSED] - Delayed 3 second(s)

2017-12-06 13:15:41 - [TEST_STEP][FAILED] - scrollToElement: Unable to scroll to object 'Object Repository/Rental/Rental_SplitTenderDetails/SplitTender.LineOrderAmount2' (Root cause: com.kms.katalon.core.webui.exception.WebElementNotFoundException: Web element with id: 'Object Repository/Rental/Rental_SplitTenderDetails/SplitTender.LineOrderAmount2' located by 'By.xpath: //*[@id = 'xiext8105m000-12-grid-1-xiext805.oamt.rq-26-1']' not found)

2017-12-06 13:16:17 - [MESSAGE][FAILED] - Unable to scroll to object 'Object Repository/Rental/Rental_SplitTenderDetails/SplitTender.LineOrderAmount2' (Root cause: com.kms.katalon.core.webui.exception.WebElementNotFoundException: Web element with id: 'Object Repository/Rental/Rental_SplitTenderDetails/SplitTender.LineOrderAmount2' located by 'By.xpath: //*[@id = 'xiext8105m000-12-grid-1-xiext805.oamt.rq-26-1']' not found)
[[ATTACHMENT|C:\\Users\\agawhande\\git\\CreditCard\\Reports\\Proxima\\CC_RentalInvoicewithSplitTenderTestSuite\\20171206_125919\\1512546376325.png]]

2017-12-06 13:16:17 - [TEST_STEP][PASSED] - delay: Delayed 2 second(s)

2017-12-06 13:16:19 - [MESSAGE][PASSED] - Delayed 2 second(s)

2017-12-06 13:16:19 - [TEST_STEP][FAILED] - click: Unable to click on object 'Object Repository/Rental/Rental_SplitTenderDetails/SplitTender.LineOrderAmount2' (Root cause: com.kms.katalon.core.webui.exception.WebElementNotFoundException: Web element with id: 'Object Repository/Rental/Rental_SplitTenderDetails/SplitTender.LineOrderAmount2' located by 'By.xpath: //*[@id = 'xiext8105m000-12-grid-1-xiext805.oamt.rq-26-1']' not found)

2017-12-06 13:16:53 - [MESSAGE][FAILED] - Unable to click on object 'Object Repository/Rental/Rental_SplitTenderDetails/SplitTender.LineOrderAmount2' (Root cause: com.kms.katalon.core.webui.exception.WebElementNotFoundException: Web element with id: 'Object Repository/Rental/Rental_SplitTenderDetails/SplitTender.LineOrderAmount2' located by 'By.xpath: //*[@id = 'xiext8105m000-12-grid-1-xiext805.oamt.rq-26-1']' not found)
[[ATTACHMENT|C:\\Users\\agawhande\\git\\CreditCard\\Reports\\Proxima\\CC_RentalInvoicewithSplitTenderTestSuite\\20171206_125919\\1512546412614.png]]

2017-12-06 13:16:53 - [TEST_STEP][PASSED] - delay: Delayed 2 second(s)

2017-12-06 13:16:55 - [MESSAGE][PASSED] - Delayed 2 second(s)

2017-12-06 13:16:55 - [TEST_STEP][FAILED] - setText: Unable to set text '1.00' of object 'Object Repository/Rental/Rental_SplitTenderDetails/SplitTender.LineOrderAmount2' (Root cause: com.kms.katalon.core.webui.exception.WebElementNotFoundException: Web element with id: 'Object Repository/Rental/Rental_SplitTenderDetails/SplitTender.LineOrderAmount2' located by 'By.xpath: //*[@id = 'xiext8105m000-12-grid-1-xiext805.oamt.rq-26-1']' not found)

2017-12-06 13:17:28 - [MESSAGE][FAILED] - Unable to set text '1.00' of object 'Object Repository/Rental/Rental_SplitTenderDetails/SplitTender.LineOrderAmount2' (Root cause: com.kms.katalon.core.webui.exception.WebElementNotFoundException: Web element with id: 'Object Repository/Rental/Rental_SplitTenderDetails/SplitTender.LineOrderAmount2' located by 'By.xpath: //*[@id = 'xiext8105m000-12-grid-1-xiext805.oamt.rq-26-1']' not found)
[[ATTACHMENT|C:\\Users\\agawhande\\git\\CreditCard\\Reports\\Proxima\\CC_RentalInvoicewithSplitTenderTestSuite\\20171206_125919\\1512546448125.png]]

2017-12-06 13:17:28 - [TEST_STEP][PASSED] - delay: Delayed 2 second(s)

2017-12-06 13:17:30 - [MESSAGE][PASSED] - Delayed 2 second(s)

2017-12-06 13:17:30 - [TEST_STEP][PASSED] - comment: ***********************Line3 started***********************

2017-12-06 13:17:30 - [TEST_STEP][FAILED] - click: Unable to click on object 'Object Repository/Rental/Rental_SplitTenderDetails/SplitTender.NewButton' (Root cause: org.openqa.selenium.WebDriverException: Element <div tabindex="0" class="Button Button-focus" id="xiext8105m000-12-button-std-file.new" draggable="true"></div> is not clickable at point (158.5, 128). Other element would receive the click: <div class="WindowManagerGlass" style="z-index: 1;"></div>
Command duration or timeout: 364 milliseconds
Build info: version: 'unknown', revision: 'unknown', time: 'unknown'
System info: host: 'ANIL110', ip: '192.168.25.228', os.name: 'Windows 7', os.arch: 'amd64', os.version: '6.1', java.version: '1.8.0_102'
Driver info: com.kms.katalon.core.webui.driver.firefox.CFirefoxDriver47
Capabilities [{applicationCacheEnabled=true, rotatable=false, handlesAlerts=true, databaseEnabled=true, version=56.0, platform=WINDOWS, nativeEvents=false, acceptSslCerts=true, webStorageEnabled=true, locationContextEnabled=true, browserName=firefox, takesScreenshot=true, javascriptEnabled=true, cssSelectorsEnabled=true}]
Session ID: eed2f258-fa58-4739-8897-13937a2b527a)

2017-12-06 13:17:32 - [MESSAGE][FAILED] - Unable to click on object 'Object Repository/Rental/Rental_SplitTenderDetails/SplitTender.NewButton' (Root cause: org.openqa.selenium.WebDriverException: Element <div tabindex="0" class="Button Button-focus" id="xiext8105m000-12-button-std-file.new" draggable="true"></div> is not clickable at point (158.5, 128). Other element would receive the click: <div class="WindowManagerGlass" style="z-index: 1;"></div>
Command duration or timeout: 364 milliseconds
Build info: version: 'unknown', revision: 'unknown', time: 'unknown'
System info: host: 'ANIL110', ip: '192.168.25.228', os.name: 'Windows 7', os.arch: 'amd64', os.version: '6.1', java.version: '1.8.0_102'
Driver info: com.kms.katalon.core.webui.driver.firefox.CFirefoxDriver47
Capabilities [{applicationCacheEnabled=true, rotatable=false, handlesAlerts=true, databaseEnabled=true, version=56.0, platform=WINDOWS, nativeEvents=false, acceptSslCerts=true, webStorageEnabled=true, locationContextEnabled=true, browserName=firefox, takesScreenshot=true, javascriptEnabled=true, cssSelectorsEnabled=true}]
Session ID: eed2f258-fa58-4739-8897-13937a2b527a)
[[ATTACHMENT|C:\\Users\\agawhande\\git\\CreditCard\\Reports\\Proxima\\CC_RentalInvoicewithSplitTenderTestSuite\\20171206_125919\\1512546451613.png]]

2017-12-06 13:17:32 - [TEST_STEP][PASSED] - delay: Delayed 3 second(s)

2017-12-06 13:17:35 - [MESSAGE][PASSED] - Delayed 3 second(s)

2017-12-06 13:17:35 - [TEST_STEP][FAILED] - doubleClick: Unable to double click on object 'Object Repository/Rental/Rental_SplitTenderDetails/SplitTender.ModeofPayment2' (Root cause: com.kms.katalon.core.webui.exception.WebElementNotFoundException: Web element with id: 'Object Repository/Rental/Rental_SplitTenderDetails/SplitTender.ModeofPayment2' located by 'By.xpath: //*[@id = 'xiext8105m000-12-grid-1-xiext805.modp.rq-13-2-widget']' not found)

2017-12-06 13:18:07 - [MESSAGE][FAILED] - Unable to double click on object 'Object Repository/Rental/Rental_SplitTenderDetails/SplitTender.ModeofPayment2' (Root cause: com.kms.katalon.core.webui.exception.WebElementNotFoundException: Web element with id: 'Object Repository/Rental/Rental_SplitTenderDetails/SplitTender.ModeofPayment2' located by 'By.xpath: //*[@id = 'xiext8105m000-12-grid-1-xiext805.modp.rq-13-2-widget']' not found)
[[ATTACHMENT|C:\\Users\\agawhande\\git\\CreditCard\\Reports\\Proxima\\CC_RentalInvoicewithSplitTenderTestSuite\\20171206_125919\\1512546487625.png]]

2017-12-06 13:18:07 - [TEST_STEP][PASSED] - delay: Delayed 5 second(s)

2017-12-06 13:18:12 - [MESSAGE][PASSED] - Delayed 5 second(s)

2017-12-06 13:18:12 - [TEST_STEP][NOT_RUN] - click: NOT_RUN: click

2017-12-06 13:18:12 - [MESSAGE][NOT_RUN] - NOT_RUN: click

2017-12-06 13:18:12 - [TEST_STEP][FAILED] - click: Unable to click on object 'Object Repository/Rental/Rental_SplitTenderDetails/SplitTender.ModeOfPaymentCash' (Root cause: com.kms.katalon.core.webui.exception.WebElementNotFoundException: Web element with id: 'Object Repository/Rental/Rental_SplitTenderDetails/SplitTender.ModeOfPaymentCash' located by 'By.xpath: //*[@id = 'item_1-label']' not found)

2017-12-06 13:18:45 - [MESSAGE][FAILED] - Unable to click on object 'Object Repository/Rental/Rental_SplitTenderDetails/SplitTender.ModeOfPaymentCash' (Root cause: com.kms.katalon.core.webui.exception.WebElementNotFoundException: Web element with id: 'Object Repository/Rental/Rental_SplitTenderDetails/SplitTender.ModeOfPaymentCash' located by 'By.xpath: //*[@id = 'item_1-label']' not found)
[[ATTACHMENT|C:\\Users\\agawhande\\git\\CreditCard\\Reports\\Proxima\\CC_RentalInvoicewithSplitTenderTestSuite\\20171206_125919\\1512546525467.png]]

2017-12-06 13:18:45 - [TEST_STEP][PASSED] - delay: Delayed 10 second(s)

2017-12-06 13:18:55 - [MESSAGE][PASSED] - Delayed 10 second(s)

2017-12-06 13:18:55 - [TEST_STEP][NOT_RUN] - scrollToElement: NOT_RUN: scrollToElement

2017-12-06 13:18:55 - [MESSAGE][NOT_RUN] - NOT_RUN: scrollToElement

2017-12-06 13:18:55 - [TEST_STEP][FAILED] - click: Unable to click on object 'Object Repository/Rental/Rental_SplitTenderDetails/SplitTender.LineOrderAmount3' (Root cause: com.kms.katalon.core.webui.exception.WebElementNotFoundException: Web element with id: 'Object Repository/Rental/Rental_SplitTenderDetails/SplitTender.LineOrderAmount3' located by 'By.xpath: //*[@id = 'xiext8105m000-12-grid-1-xiext805.oamt.rq-26-2']' not found)

2017-12-06 13:19:30 - [MESSAGE][FAILED] - Unable to click on object 'Object Repository/Rental/Rental_SplitTenderDetails/SplitTender.LineOrderAmount3' (Root cause: com.kms.katalon.core.webui.exception.WebElementNotFoundException: Web element with id: 'Object Repository/Rental/Rental_SplitTenderDetails/SplitTender.LineOrderAmount3' located by 'By.xpath: //*[@id = 'xiext8105m000-12-grid-1-xiext805.oamt.rq-26-2']' not found)
[[ATTACHMENT|C:\\Users\\agawhande\\git\\CreditCard\\Reports\\Proxima\\CC_RentalInvoicewithSplitTenderTestSuite\\20171206_125919\\1512546569829.png]]

2017-12-06 13:19:30 - [TEST_STEP][PASSED] - delay: Delayed 2 second(s)

2017-12-06 13:19:32 - [MESSAGE][PASSED] - Delayed 2 second(s)

2017-12-06 13:19:32 - [TEST_STEP][FAILED] - setText: Unable to set text '108.0' of object 'Object Repository/Rental/Rental_SplitTenderDetails/SplitTender.LineOrderAmount3' (Root cause: com.kms.katalon.core.webui.exception.WebElementNotFoundException: Web element with id: 'Object Repository/Rental/Rental_SplitTenderDetails/SplitTender.LineOrderAmount3' located by 'By.xpath: //*[@id = 'xiext8105m000-12-grid-1-xiext805.oamt.rq-26-2']' not found)

2017-12-06 13:20:05 - [MESSAGE][FAILED] - Unable to set text '108.0' of object 'Object Repository/Rental/Rental_SplitTenderDetails/SplitTender.LineOrderAmount3' (Root cause: com.kms.katalon.core.webui.exception.WebElementNotFoundException: Web element with id: 'Object Repository/Rental/Rental_SplitTenderDetails/SplitTender.LineOrderAmount3' located by 'By.xpath: //*[@id = 'xiext8105m000-12-grid-1-xiext805.oamt.rq-26-2']' not found)
[[ATTACHMENT|C:\\Users\\agawhande\\git\\CreditCard\\Reports\\Proxima\\CC_RentalInvoicewithSplitTenderTestSuite\\20171206_125919\\1512546605116.png]]

2017-12-06 13:20:05 - [TEST_STEP][NOT_RUN] - delay: NOT_RUN: delay

2017-12-06 13:20:05 - [MESSAGE][NOT_RUN] - NOT_RUN: delay

2017-12-06 13:20:05 - [TEST_STEP][NOT_RUN] - click: NOT_RUN: click

2017-12-06 13:20:05 - [MESSAGE][NOT_RUN] - NOT_RUN: click

2017-12-06 13:20:05 - [TEST_STEP][PASSED] - delay: Delayed 5 second(s)

2017-12-06 13:20:10 - [MESSAGE][PASSED] - Delayed 5 second(s)

2017-12-06 13:20:10 - [TEST_STEP][FAILED] - click: Unable to click on object 'Object Repository/Rental/Rental_SplitTenderDetails/SplitTender.Action' (Root cause: org.openqa.selenium.WebDriverException: Element <div tabindex="0" class="Button MenuButton TextButton" id="xiext8105m000-12-button-std:action" draggable="true"></div> is not clickable at point (793.5, 128.01666259765625). Other element would receive the click: <div class="WindowManagerGlass" style="z-index: 1;"></div>
Command duration or timeout: 76 milliseconds
Build info: version: 'unknown', revision: 'unknown', time: 'unknown'
System info: host: 'ANIL110', ip: '192.168.25.228', os.name: 'Windows 7', os.arch: 'amd64', os.version: '6.1', java.version: '1.8.0_102'
Driver info: com.kms.katalon.core.webui.driver.firefox.CFirefoxDriver47
Capabilities [{applicationCacheEnabled=true, rotatable=false, handlesAlerts=true, databaseEnabled=true, version=56.0, platform=WINDOWS, nativeEvents=false, acceptSslCerts=true, webStorageEnabled=true, locationContextEnabled=true, browserName=firefox, takesScreenshot=true, javascriptEnabled=true, cssSelectorsEnabled=true}]
Session ID: eed2f258-fa58-4739-8897-13937a2b527a)

2017-12-06 13:20:10 - [MESSAGE][FAILED] - Unable to click on object 'Object Repository/Rental/Rental_SplitTenderDetails/SplitTender.Action' (Root cause: org.openqa.selenium.WebDriverException: Element <div tabindex="0" class="Button MenuButton TextButton" id="xiext8105m000-12-button-std:action" draggable="true"></div> is not clickable at point (793.5, 128.01666259765625). Other element would receive the click: <div class="WindowManagerGlass" style="z-index: 1;"></div>
Command duration or timeout: 76 milliseconds
Build info: version: 'unknown', revision: 'unknown', time: 'unknown'
System info: host: 'ANIL110', ip: '192.168.25.228', os.name: 'Windows 7', os.arch: 'amd64', os.version: '6.1', java.version: '1.8.0_102'
Driver info: com.kms.katalon.core.webui.driver.firefox.CFirefoxDriver47
Capabilities [{applicationCacheEnabled=true, rotatable=false, handlesAlerts=true, databaseEnabled=true, version=56.0, platform=WINDOWS, nativeEvents=false, acceptSslCerts=true, webStorageEnabled=true, locationContextEnabled=true, browserName=firefox, takesScreenshot=true, javascriptEnabled=true, cssSelectorsEnabled=true}]
Session ID: eed2f258-fa58-4739-8897-13937a2b527a)
[[ATTACHMENT|C:\\Users\\agawhande\\git\\CreditCard\\Reports\\Proxima\\CC_RentalInvoicewithSplitTenderTestSuite\\20171206_125919\\1512546610513.png]]

2017-12-06 13:20:10 - [TEST_STEP][PASSED] - delay: Delayed 2 second(s)

2017-12-06 13:20:12 - [MESSAGE][PASSED] - Delayed 2 second(s)

2017-12-06 13:20:12 - [TEST_STEP][FAILED] - click: Unable to click on object 'Object Repository/Rental/Rental_SplitTenderDetails/SplitTender.ApplyTax' (Root cause: com.kms.katalon.core.webui.exception.WebElementNotFoundException: Web element with id: 'Object Repository/Rental/Rental_SplitTenderDetails/SplitTender.ApplyTax' located by 'By.xpath: //*[@id = 'xiext8105m000-12-menu-std:action-form-apply.tax']' not found)

2017-12-06 13:20:45 - [MESSAGE][FAILED] - Unable to click on object 'Object Repository/Rental/Rental_SplitTenderDetails/SplitTender.ApplyTax' (Root cause: com.kms.katalon.core.webui.exception.WebElementNotFoundException: Web element with id: 'Object Repository/Rental/Rental_SplitTenderDetails/SplitTender.ApplyTax' located by 'By.xpath: //*[@id = 'xiext8105m000-12-menu-std:action-form-apply.tax']' not found)
[[ATTACHMENT|C:\\Users\\agawhande\\git\\CreditCard\\Reports\\Proxima\\CC_RentalInvoicewithSplitTenderTestSuite\\20171206_125919\\1512546644955.png]]

2017-12-06 13:20:45 - [TEST_STEP][PASSED] - delay: Delayed 2 second(s)

2017-12-06 13:20:47 - [MESSAGE][PASSED] - Delayed 2 second(s)

2017-12-06 13:20:47 - [TEST_STEP][PASSED] - Statement - G_SplitInvoiceAmt1 = com.kms.katalon.core.webui.keyword.WebUiBuiltInKeywords.getText(com.kms.katalon.core.testobject.ObjectRepository.findTestObject(Rental/Rental_SplitTenderDetails/SplitTender.InvoiceAmt1)): Text of object 'Object Repository/Rental/Rental_SplitTenderDetails/SplitTender.InvoiceAmt1' is: '0.00'

2017-12-06 13:20:47 - [MESSAGE][PASSED] - Text of object 'Object Repository/Rental/Rental_SplitTenderDetails/SplitTender.InvoiceAmt1' is: '0.00'

2017-12-06 13:20:47 - [TEST_STEP][FAILED] - Statement - G_SplitInvoiceAmt2 = com.kms.katalon.core.webui.keyword.WebUiBuiltInKeywords.getText(com.kms.katalon.core.testobject.ObjectRepository.findTestObject(Rental/Rental_SplitTenderDetails/SplitTender.InvoiceAmt2)): Unable to get text of object 'Object Repository/Rental/Rental_SplitTenderDetails/SplitTender.InvoiceAmt2' (Root cause: com.kms.katalon.core.webui.exception.WebElementNotFoundException: Web element with id: 'Object Repository/Rental/Rental_SplitTenderDetails/SplitTender.InvoiceAmt2' located by 'By.xpath: //*[@id = 'xiext8105m000-12-grid-1-xiext805.iamt.rq-28-1']' not found)

2017-12-06 13:21:19 - [MESSAGE][FAILED] - Unable to get text of object 'Object Repository/Rental/Rental_SplitTenderDetails/SplitTender.InvoiceAmt2' (Root cause: com.kms.katalon.core.webui.exception.WebElementNotFoundException: Web element with id: 'Object Repository/Rental/Rental_SplitTenderDetails/SplitTender.InvoiceAmt2' located by 'By.xpath: //*[@id = 'xiext8105m000-12-grid-1-xiext805.iamt.rq-28-1']' not found)
[[ATTACHMENT|C:\\Users\\agawhande\\git\\CreditCard\\Reports\\Proxima\\CC_RentalInvoicewithSplitTenderTestSuite\\20171206_125919\\1512546679604.png]]

2017-12-06 13:21:19 - [TEST_STEP][FAILED] - click: Unable to click on object 'Object Repository/Rental/Rental_SplitTenderDetails/SplitTender.SaveClose' (Root cause: org.openqa.selenium.WebDriverException: Element <div tabindex="0" class="Button" id="xiext8105m000-12-button-std-file.save_and_close" draggable="true"></div> is not clickable at point (71.5, 128). Other element would receive the click: <div class="WindowManagerGlass" style="z-index: 1;"></div>
Command duration or timeout: 83 milliseconds
Build info: version: 'unknown', revision: 'unknown', time: 'unknown'
System info: host: 'ANIL110', ip: '192.168.25.228', os.name: 'Windows 7', os.arch: 'amd64', os.version: '6.1', java.version: '1.8.0_102'
Driver info: com.kms.katalon.core.webui.driver.firefox.CFirefoxDriver47
Capabilities [{applicationCacheEnabled=true, rotatable=false, handlesAlerts=true, databaseEnabled=true, version=56.0, platform=WINDOWS, nativeEvents=false, acceptSslCerts=true, webStorageEnabled=true, locationContextEnabled=true, browserName=firefox, takesScreenshot=true, javascriptEnabled=true, cssSelectorsEnabled=true}]
Session ID: eed2f258-fa58-4739-8897-13937a2b527a)

2017-12-06 13:21:20 - [MESSAGE][FAILED] - Unable to click on object 'Object Repository/Rental/Rental_SplitTenderDetails/SplitTender.SaveClose' (Root cause: org.openqa.selenium.WebDriverException: Element <div tabindex="0" class="Button" id="xiext8105m000-12-button-std-file.save_and_close" draggable="true"></div> is not clickable at point (71.5, 128). Other element would receive the click: <div class="WindowManagerGlass" style="z-index: 1;"></div>
Command duration or timeout: 83 milliseconds
Build info: version: 'unknown', revision: 'unknown', time: 'unknown'
System info: host: 'ANIL110', ip: '192.168.25.228', os.name: 'Windows 7', os.arch: 'amd64', os.version: '6.1', java.version: '1.8.0_102'
Driver info: com.kms.katalon.core.webui.driver.firefox.CFirefoxDriver47
Capabilities [{applicationCacheEnabled=true, rotatable=false, handlesAlerts=true, databaseEnabled=true, version=56.0, platform=WINDOWS, nativeEvents=false, acceptSslCerts=true, webStorageEnabled=true, locationContextEnabled=true, browserName=firefox, takesScreenshot=true, javascriptEnabled=true, cssSelectorsEnabled=true}]
Session ID: eed2f258-fa58-4739-8897-13937a2b527a)
[[ATTACHMENT|C:\\Users\\agawhande\\git\\CreditCard\\Reports\\Proxima\\CC_RentalInvoicewithSplitTenderTestSuite\\20171206_125919\\1512546679985.png]]

2017-12-06 13:21:20 - [TEST_STEP][PASSED] - delay: Delayed 2 second(s)

2017-12-06 13:21:22 - [MESSAGE][PASSED] - Delayed 2 second(s)

2017-12-06 13:21:22 - [TEST_STEP][FAILED] - click: Unable to click on object 'Object Repository/Rental/Rental_SplitTenderDetails/SplitTender.CCProcess' (Root cause: org.openqa.selenium.WebDriverException: Element <div tabindex="0" class="Button TextButton" id="xiext6102m000-11-button-form-process.cc.payment" draggable="true"></div> is not clickable at point (212, 123). Other element would receive the click: <div class="WindowManagerGlass" style="z-index: 1;"></div>
Command duration or timeout: 80 milliseconds
Build info: version: 'unknown', revision: 'unknown', time: 'unknown'
System info: host: 'ANIL110', ip: '192.168.25.228', os.name: 'Windows 7', os.arch: 'amd64', os.version: '6.1', java.version: '1.8.0_102'
Driver info: com.kms.katalon.core.webui.driver.firefox.CFirefoxDriver47
Capabilities [{applicationCacheEnabled=true, rotatable=false, handlesAlerts=true, databaseEnabled=true, version=56.0, platform=WINDOWS, nativeEvents=false, acceptSslCerts=true, webStorageEnabled=true, locationContextEnabled=true, browserName=firefox, takesScreenshot=true, javascriptEnabled=true, cssSelectorsEnabled=true}]
Session ID: eed2f258-fa58-4739-8897-13937a2b527a)

2017-12-06 13:21:22 - [MESSAGE][FAILED] - Unable to click on object 'Object Repository/Rental/Rental_SplitTenderDetails/SplitTender.CCProcess' (Root cause: org.openqa.selenium.WebDriverException: Element <div tabindex="0" class="Button TextButton" id="xiext6102m000-11-button-form-process.cc.payment" draggable="true"></div> is not clickable at point (212, 123). Other element would receive the click: <div class="WindowManagerGlass" style="z-index: 1;"></div>
Command duration or timeout: 80 milliseconds
Build info: version: 'unknown', revision: 'unknown', time: 'unknown'
System info: host: 'ANIL110', ip: '192.168.25.228', os.name: 'Windows 7', os.arch: 'amd64', os.version: '6.1', java.version: '1.8.0_102'
Driver info: com.kms.katalon.core.webui.driver.firefox.CFirefoxDriver47
Capabilities [{applicationCacheEnabled=true, rotatable=false, handlesAlerts=true, databaseEnabled=true, version=56.0, platform=WINDOWS, nativeEvents=false, acceptSslCerts=true, webStorageEnabled=true, locationContextEnabled=true, browserName=firefox, takesScreenshot=true, javascriptEnabled=true, cssSelectorsEnabled=true}]
Session ID: eed2f258-fa58-4739-8897-13937a2b527a)
[[ATTACHMENT|C:\\Users\\agawhande\\git\\CreditCard\\Reports\\Proxima\\CC_RentalInvoicewithSplitTenderTestSuite\\20171206_125919\\1512546682285.png]]

2017-12-06 13:21:22 - [TEST_STEP][PASSED] - delay: Delayed 13 second(s)

2017-12-06 13:21:35 - [MESSAGE][PASSED] - Delayed 13 second(s)

2017-12-06 13:21:35 - [TEST_STEP][FAILED] - click: Unable to click on object 'Object Repository/Rental/Rental_SplitTenderDetails/SplitTender.PrintDevice' (Root cause: com.kms.katalon.core.webui.exception.WebElementNotFoundException: Web element with id: 'Object Repository/Rental/Rental_SplitTenderDetails/SplitTender.PrintDevice' located by 'By.xpath: //*[@id = 'ttstpsplopen-14-button-form-exec.cont.process-label']' not found)

2017-12-06 13:22:11 - [MESSAGE][FAILED] - Unable to click on object 'Object Repository/Rental/Rental_SplitTenderDetails/SplitTender.PrintDevice' (Root cause: com.kms.katalon.core.webui.exception.WebElementNotFoundException: Web element with id: 'Object Repository/Rental/Rental_SplitTenderDetails/SplitTender.PrintDevice' located by 'By.xpath: //*[@id = 'ttstpsplopen-14-button-form-exec.cont.process-label']' not found)
[[ATTACHMENT|C:\\Users\\agawhande\\git\\CreditCard\\Reports\\Proxima\\CC_RentalInvoicewithSplitTenderTestSuite\\20171206_125919\\1512546727834.png]]

2017-12-06 13:22:11 - [TEST_STEP][PASSED] - delay: Delayed 10 second(s)

2017-12-06 13:22:21 - [MESSAGE][PASSED] - Delayed 10 second(s)

2017-12-06 13:22:21 - [TEST_STEP][FAILED] - click: Unable to click on object 'Object Repository/Rental/Rental_SplitTenderDetails/SplitTender.PrintOK' (Root cause: com.kms.katalon.core.webui.exception.WebElementNotFoundException: Web element with id: 'Object Repository/Rental/Rental_SplitTenderDetails/SplitTender.PrintOK' located by 'By.xpath: //*[@id = 'dlg-erext4203m001-10-input-button-0']' not found)

2017-12-06 13:22:54 - [MESSAGE][FAILED] - Unable to click on object 'Object Repository/Rental/Rental_SplitTenderDetails/SplitTender.PrintOK' (Root cause: com.kms.katalon.core.webui.exception.WebElementNotFoundException: Web element with id: 'Object Repository/Rental/Rental_SplitTenderDetails/SplitTender.PrintOK' located by 'By.xpath: //*[@id = 'dlg-erext4203m001-10-input-button-0']' not found)
[[ATTACHMENT|C:\\Users\\agawhande\\git\\CreditCard\\Reports\\Proxima\\CC_RentalInvoicewithSplitTenderTestSuite\\20171206_125919\\1512546773989.png]]

2017-12-06 13:22:54 - [TEST_STEP][PASSED] - delay: Delayed 5 second(s)

2017-12-06 13:22:59 - [MESSAGE][PASSED] - Delayed 5 second(s)

2017-12-06 13:22:59 - [TEST_STEP][FAILED] - click: Unable to click on object 'Object Repository/Rental/Rental_SplitTenderDetails/SplitTender.CloseRentalInvocieSession' (Root cause: org.openqa.selenium.WebDriverException: Element <label class="Label" id="erext4203m001-10-button-std-file.close-label" aria-hidden="true"></label> is not clickable at point (465.5, 148.88333129882812). Other element would receive the click: <div class="WindowManagerGlass" style="z-index: 1;"></div>
Command duration or timeout: 106 milliseconds
Build info: version: 'unknown', revision: 'unknown', time: 'unknown'
System info: host: 'ANIL110', ip: '192.168.25.228', os.name: 'Windows 7', os.arch: 'amd64', os.version: '6.1', java.version: '1.8.0_102'
Driver info: com.kms.katalon.core.webui.driver.firefox.CFirefoxDriver47
Capabilities [{applicationCacheEnabled=true, rotatable=false, handlesAlerts=true, databaseEnabled=true, version=56.0, platform=WINDOWS, nativeEvents=false, acceptSslCerts=true, webStorageEnabled=true, locationContextEnabled=true, browserName=firefox, takesScreenshot=true, javascriptEnabled=true, cssSelectorsEnabled=true}]
Session ID: eed2f258-fa58-4739-8897-13937a2b527a)

2017-12-06 13:23:00 - [MESSAGE][FAILED] - Unable to click on object 'Object Repository/Rental/Rental_SplitTenderDetails/SplitTender.CloseRentalInvocieSession' (Root cause: org.openqa.selenium.WebDriverException: Element <label class="Label" id="erext4203m001-10-button-std-file.close-label" aria-hidden="true"></label> is not clickable at point (465.5, 148.88333129882812). Other element would receive the click: <div class="WindowManagerGlass" style="z-index: 1;"></div>
Command duration or timeout: 106 milliseconds
Build info: version: 'unknown', revision: 'unknown', time: 'unknown'
System info: host: 'ANIL110', ip: '192.168.25.228', os.name: 'Windows 7', os.arch: 'amd64', os.version: '6.1', java.version: '1.8.0_102'
Driver info: com.kms.katalon.core.webui.driver.firefox.CFirefoxDriver47
Capabilities [{applicationCacheEnabled=true, rotatable=false, handlesAlerts=true, databaseEnabled=true, version=56.0, platform=WINDOWS, nativeEvents=false, acceptSslCerts=true, webStorageEnabled=true, locationContextEnabled=true, browserName=firefox, takesScreenshot=true, javascriptEnabled=true, cssSelectorsEnabled=true}]
Session ID: eed2f258-fa58-4739-8897-13937a2b527a)
[[ATTACHMENT|C:\\Users\\agawhande\\git\\CreditCard\\Reports\\Proxima\\CC_RentalInvoicewithSplitTenderTestSuite\\20171206_125919\\1512546780150.png]]

2017-12-06 13:23:00 - [TEST_STEP][PASSED] - delay: Delayed 5 second(s)

2017-12-06 13:23:05 - [MESSAGE][PASSED] - Delayed 5 second(s)

2017-12-06 13:23:05 - [TEST_STEP][PASSED] - closeBrowser: Browser is closed

2017-12-06 13:23:23 - [MESSAGE][PASSED] - Browser is closed

2017-12-06 13:23:25 - [MESSAGE][FAILED] - Unable to call Test Case with id 'Test Cases/Rental/Base_RentalContract/Base_CreateRentalInvoicewithSpitTenderDetails_SplitTender' (Root cause: Call Test Case 'Test Cases/Rental/Base_RentalContract/Base_CreateRentalInvoicewithSpitTenderDetails_SplitTender' failed)]]></system-out>
         <system-err><![CDATA[2017-12-06 12:59:41 - [TEST_CASE][FAILED] - Test Cases/Rental/Base_RentalContract/CreditCardRegression/TC004_RentalContractInvoice_SplitTender: Test Cases/Rental/Base_RentalContract/CreditCardRegression/TC004_RentalContractInvoice_SplitTender FAILED because (of) Unable to double click on object 'Object Repository/Rental/Rental_SplitTenderDetails/SplitTender.ModeofPayment1' (Root cause: com.kms.katalon.core.webui.exception.WebElementNotFoundException: Web element with id: 'Object Repository/Rental/Rental_SplitTenderDetails/SplitTender.ModeofPayment1' located by 'By.xpath: //*[@id = 'xiext8105m000-12-grid-1-xiext805.modp.rq-13-1-widget']' not found)]]></system-err>
      </testcase>
      <system-out><![CDATA[2017-12-06 12:59:40 - [TEST_SUITE][FAILED] - CC_RentalInvoicewithSplitTenderTestSuite: Test Cases/Rental/Base_RentalContract/CreditCardRegression/TC004_RentalContractInvoice_SplitTender FAILED because (of) Unable to double click on object 'Object Repository/Rental/Rental_SplitTenderDetails/SplitTender.ModeofPayment1' (Root cause: com.kms.katalon.core.webui.exception.WebElementNotFoundException: Web element with id: 'Object Repository/Rental/Rental_SplitTenderDetails/SplitTender.ModeofPayment1' located by 'By.xpath: //*[@id = 'xiext8105m000-12-grid-1-xiext805.modp.rq-13-1-widget']' not found)]]></system-out>
      <system-err><![CDATA[2017-12-06 12:59:40 - [TEST_SUITE][FAILED] - CC_RentalInvoicewithSplitTenderTestSuite: Test Cases/Rental/Base_RentalContract/CreditCardRegression/TC004_RentalContractInvoice_SplitTender FAILED because (of) Unable to double click on object 'Object Repository/Rental/Rental_SplitTenderDetails/SplitTender.ModeofPayment1' (Root cause: com.kms.katalon.core.webui.exception.WebElementNotFoundException: Web element with id: 'Object Repository/Rental/Rental_SplitTenderDetails/SplitTender.ModeofPayment1' located by 'By.xpath: //*[@id = 'xiext8105m000-12-grid-1-xiext805.modp.rq-13-1-widget']' not found)]]></system-err>
   </testsuite>
</testsuites>
