<?xml version="1.0" encoding="UTF-8"?>
<testsuites name="CC_RentalInvoicewithSplitTenderTestSuite" time="1197" tests="0" failures="2" errors="0">
   <testsuite name="CC_RentalInvoicewithSplitTenderTestSuite" tests="0" failures="2" errors="0" time="1197" timestamp="2017-11-15 18:33:51" hostname="agawhande - ANIL110.e-emphasys.com" id="Test Suites/CC_RentalInvoicewithSplitTenderTestSuite">
      <properties>
         <property name="deviceName" value=""/>
         <property name="devicePlatform" value=""/>
         <property name="logFolder" value="C:\\Users\\agawhande\\git\\CreditCard\\Reports\\CC_RentalInvoicewithSplitTenderTestSuite\\20171115_183341"/>
         <property name="logFiles" value="C:\\Users\\agawhande\\git\\CreditCard\\Reports\\CC_RentalInvoicewithSplitTenderTestSuite\\20171115_183341\\execution0.log"/>
         <property name="attachments" value="C:\\Users\\agawhande\\git\\CreditCard\\Reports\\CC_RentalInvoicewithSplitTenderTestSuite\\20171115_183341\\1510751431042.png, C:\\Users\\agawhande\\git\\CreditCard\\Reports\\CC_RentalInvoicewithSplitTenderTestSuite\\20171115_183341\\1510751479318.png, C:\\Users\\agawhande\\git\\CreditCard\\Reports\\CC_RentalInvoicewithSplitTenderTestSuite\\20171115_183341\\1510751487762.png, C:\\Users\\agawhande\\git\\CreditCard\\Reports\\CC_RentalInvoicewithSplitTenderTestSuite\\20171115_183341\\1510751490134.png, C:\\Users\\agawhande\\git\\CreditCard\\Reports\\CC_RentalInvoicewithSplitTenderTestSuite\\20171115_183341\\1510751536607.png, C:\\Users\\agawhande\\git\\CreditCard\\Reports\\CC_RentalInvoicewithSplitTenderTestSuite\\20171115_183341\\1510751580264.png, C:\\Users\\agawhande\\git\\CreditCard\\Reports\\CC_RentalInvoicewithSplitTenderTestSuite\\20171115_183341\\1510751922622.png, C:\\Users\\agawhande\\git\\CreditCard\\Reports\\CC_RentalInvoicewithSplitTenderTestSuite\\20171115_183341\\1510751925047.png, C:\\Users\\agawhande\\git\\CreditCard\\Reports\\CC_RentalInvoicewithSplitTenderTestSuite\\20171115_183341\\1510751927298.png, C:\\Users\\agawhande\\git\\CreditCard\\Reports\\CC_RentalInvoicewithSplitTenderTestSuite\\20171115_183341\\1510751932857.png, C:\\Users\\agawhande\\git\\CreditCard\\Reports\\CC_RentalInvoicewithSplitTenderTestSuite\\20171115_183341\\1510751935152.png, C:\\Users\\agawhande\\git\\CreditCard\\Reports\\CC_RentalInvoicewithSplitTenderTestSuite\\20171115_183341\\1510751937502.png, C:\\Users\\agawhande\\git\\CreditCard\\Reports\\CC_RentalInvoicewithSplitTenderTestSuite\\20171115_183341\\1510751940969.png, C:\\Users\\agawhande\\git\\CreditCard\\Reports\\CC_RentalInvoicewithSplitTenderTestSuite\\20171115_183341\\1510751976219.png, C:\\Users\\agawhande\\git\\CreditCard\\Reports\\CC_RentalInvoicewithSplitTenderTestSuite\\20171115_183341\\1510752019349.png, C:\\Users\\agawhande\\git\\CreditCard\\Reports\\CC_RentalInvoicewithSplitTenderTestSuite\\20171115_183341\\1510752054756.png, C:\\Users\\agawhande\\git\\CreditCard\\Reports\\CC_RentalInvoicewithSplitTenderTestSuite\\20171115_183341\\1510752089724.png, C:\\Users\\agawhande\\git\\CreditCard\\Reports\\CC_RentalInvoicewithSplitTenderTestSuite\\20171115_183341\\1510752093084.png, C:\\Users\\agawhande\\git\\CreditCard\\Reports\\CC_RentalInvoicewithSplitTenderTestSuite\\20171115_183341\\1510752128369.png, C:\\Users\\agawhande\\git\\CreditCard\\Reports\\CC_RentalInvoicewithSplitTenderTestSuite\\20171115_183341\\1510752133428.png, C:\\Users\\agawhande\\git\\CreditCard\\Reports\\CC_RentalInvoicewithSplitTenderTestSuite\\20171115_183341\\1510752179833.png, C:\\Users\\agawhande\\git\\CreditCard\\Reports\\CC_RentalInvoicewithSplitTenderTestSuite\\20171115_183341\\1510752223100.png"/>
         <property name="hostName" value="agawhande - ANIL110.e-emphasys.com"/>
         <property name="os" value="Windows 7 64bit"/>
         <property name="katalonVersion" value="4.8.0.2"/>
         <property name="browser" value="Firefox 56.0"/>
         <property name="hostAddress" value="192.168.25.228"/>
         <property name="sessionId" value="600e86e1-1c7e-406e-bb89-14bfd73bb0d7"/>
         <property name="seleniumVersion" value="unknown"/>
         <property name="proxyInformation" value="ProxyInformation{proxyOption=NO_PROXY, proxyServerType=, password=, proxyServerAddress=, proxyServerPort=0}"/>
         <property name="platform" value="Windows 7"/>
      </properties>
      <testcase name="Test Cases/Rental/Base_RentalContract/CreditCardRegression/TC004_RentalContractInvoice_SplitTender - Iteration 1" classname="Test Cases/Rental/Base_RentalContract/CreditCardRegression/TC004_RentalContractInvoice_SplitTender" status="FAILED">
         <failure type="FAILED" message="Test Cases/Rental/Base_RentalContract/CreditCardRegression/TC004_RentalContractInvoice_SplitTender FAILED because (of) Unable to click on object 'Object Repository/Rental/Rental_SplitTenderDetails/SplitTender.ModeOfPaymentCash' (Root cause: com.kms.katalon.core.webui.exception.WebElementNotFoundException: Web element with id: 'Object Repository/Rental/Rental_SplitTenderDetails/SplitTender.ModeOfPaymentCash' located by 'By.xpath: //*[@id = 'item_1-label']' not found)"/>
         <system-out><![CDATA[2017-11-15 18:33:51 - [TEST_CASE][FAILED] - Test Cases/Rental/Base_RentalContract/CreditCardRegression/TC004_RentalContractInvoice_SplitTender - Iteration 1: Test Cases/Rental/Base_RentalContract/CreditCardRegression/TC004_RentalContractInvoice_SplitTender FAILED because (of) Unable to click on object 'Object Repository/Rental/Rental_SplitTenderDetails/SplitTender.ModeOfPaymentCash' (Root cause: com.kms.katalon.core.webui.exception.WebElementNotFoundException: Web element with id: 'Object Repository/Rental/Rental_SplitTenderDetails/SplitTender.ModeOfPaymentCash' located by 'By.xpath: //*[@id = 'item_1-label']' not found)

2017-11-15 18:33:52 - [TEST_STEP][PASSED] - callTestCase: Call Test Case 'Test Cases/Equipment/Base_EquipmentPurchase/EPO_CreateNrecieve' successfully

2017-11-15 18:33:52 - [TEST_CASE][PASSED] - Test Cases/Equipment/Base_EquipmentPurchase/EPO_CreateNrecieve: Test Cases/Equipment/Base_EquipmentPurchase/EPO_CreateNrecieve

2017-11-15 18:33:53 - [TEST_STEP][PASSED] - callTestCase: Call Test Case 'Test Cases/Equipment/Base_EquipmentPurchase/Base_EPO_CreateHeaderNline' successfully

2017-11-15 18:33:53 - [TEST_CASE][PASSED] - Test Cases/Equipment/Base_EquipmentPurchase/Base_EPO_CreateHeaderNline: Test Cases/Equipment/Base_EquipmentPurchase/Base_EPO_CreateHeaderNline

2017-11-15 18:33:53 - [TEST_STEP][PASSED] - callTestCase: Call Test Case 'Test Cases/Common/Base_Common_OpenSession' successfully

2017-11-15 18:33:53 - [TEST_CASE][PASSED] - Test Cases/Common/Base_Common_OpenSession: Test Cases/Common/Base_Common_OpenSession

2017-11-15 18:33:53 - [TEST_STEP][PASSED] - openBrowser: Browser is opened with url: 'https://rgajbhiye:Robin$123@proxima-ln4.e-emphasys.com:8441/webui/servlet/login'

2017-11-15 18:34:05 - [MESSAGE][PASSED] - Browser is opened with url: 'https://rgajbhiye:Robin$123@proxima-ln4.e-emphasys.com:8441/webui/servlet/login'

2017-11-15 18:34:05 - [TEST_STEP][PASSED] - waitForPageLoad: Wait for page load successfully

2017-11-15 18:34:05 - [MESSAGE][PASSED] - Wait for page load successfully

2017-11-15 18:34:05 - [TEST_STEP][PASSED] - maximizeWindow: Current window maximized

2017-11-15 18:34:05 - [MESSAGE][PASSED] - Current window maximized

2017-11-15 18:34:05 - [TEST_STEP][PASSED] - click: Object: 'Object Repository/Common/HomePage/HomePage_more' is clicked on

2017-11-15 18:34:07 - [MESSAGE][PASSED] - Object: 'Object Repository/Common/HomePage/HomePage_more' is clicked on

2017-11-15 18:34:07 - [TEST_STEP][PASSED] - click: Object: 'Object Repository/Common/HomePage/HomePage_Option' is clicked on

2017-11-15 18:34:07 - [MESSAGE][PASSED] - Object: 'Object Repository/Common/HomePage/HomePage_Option' is clicked on

2017-11-15 18:34:07 - [TEST_STEP][PASSED] - click: Object: 'Object Repository/Common/HomePage/HomePage_RunProgram_' is clicked on

2017-11-15 18:34:08 - [MESSAGE][PASSED] - Object: 'Object Repository/Common/HomePage/HomePage_RunProgram_' is clicked on

2017-11-15 18:34:08 - [TEST_STEP][PASSED] - sendKeys: Keys 'tdext8150s000' sent to object: 'Object Repository/Common/HomePage/HomePage_Session_ID'

2017-11-15 18:34:08 - [MESSAGE][PASSED] - Keys 'tdext8150s000' sent to object: 'Object Repository/Common/HomePage/HomePage_Session_ID'

2017-11-15 18:34:08 - [TEST_STEP][PASSED] - click: Object: 'Object Repository/Common/HomePage/HomePage_OkButton' is clicked on

2017-11-15 18:34:08 - [MESSAGE][PASSED] - Object: 'Object Repository/Common/HomePage/HomePage_OkButton' is clicked on

2017-11-15 18:34:08 - [MESSAGE][PASSED] - Call Test Case 'Test Cases/Common/Base_Common_OpenSession' successfully

2017-11-15 18:34:08 - [TEST_STEP][PASSED] - waitForElementPresent: Object 'Object Repository/Equipment/EquipmentPurchase/EPO_Header/EPO_Header_New' is present

2017-11-15 18:34:11 - [MESSAGE][PASSED] - Object 'Object Repository/Equipment/EquipmentPurchase/EPO_Header/EPO_Header_New' is present

2017-11-15 18:34:11 - [TEST_STEP][PASSED] - click: Object: 'Object Repository/Equipment/EquipmentPurchase/EPO_Header/EPO_Header_New' is clicked on

2017-11-15 18:34:11 - [MESSAGE][PASSED] - Object: 'Object Repository/Equipment/EquipmentPurchase/EPO_Header/EPO_Header_New' is clicked on

2017-11-15 18:34:11 - [TEST_STEP][PASSED] - click: Object: 'Object Repository/Equipment/EquipmentPurchase/EPO_Header/EPO_Header_Customer' is clicked on

2017-11-15 18:34:12 - [MESSAGE][PASSED] - Object: 'Object Repository/Equipment/EquipmentPurchase/EPO_Header/EPO_Header_Customer' is clicked on

2017-11-15 18:34:12 - [TEST_STEP][PASSED] - setText: Text 'M00000010' is set on object 'Object Repository/Equipment/EquipmentPurchase/EPO_Header/EPO_Header_Customer'

2017-11-15 18:34:12 - [MESSAGE][PASSED] - Text 'M00000010' is set on object 'Object Repository/Equipment/EquipmentPurchase/EPO_Header/EPO_Header_Customer'

2017-11-15 18:34:12 - [TEST_STEP][PASSED] - click: Object: 'Object Repository/Equipment/EquipmentPurchase/EPO_Header/EPO_Header_Save' is clicked on

2017-11-15 18:34:12 - [MESSAGE][PASSED] - Object: 'Object Repository/Equipment/EquipmentPurchase/EPO_Header/EPO_Header_Save' is clicked on

2017-11-15 18:34:12 - [TEST_STEP][PASSED] - delay: Delayed 5 second(s)

2017-11-15 18:34:17 - [MESSAGE][PASSED] - Delayed 5 second(s)

2017-11-15 18:34:17 - [TEST_STEP][PASSED] - click: Object: 'Object Repository/Equipment/EquipmentPurchase/EPO_Header/EPO_Header_Action' is clicked on

2017-11-15 18:34:17 - [MESSAGE][PASSED] - Object: 'Object Repository/Equipment/EquipmentPurchase/EPO_Header/EPO_Header_Action' is clicked on

2017-11-15 18:34:17 - [TEST_STEP][PASSED] - click: Object: 'Object Repository/Equipment/EquipmentPurchase/EPO_Header/EPO_Header_Action_OrderLines' is clicked on

2017-11-15 18:34:18 - [MESSAGE][PASSED] - Object: 'Object Repository/Equipment/EquipmentPurchase/EPO_Header/EPO_Header_Action_OrderLines' is clicked on

2017-11-15 18:34:18 - [TEST_STEP][PASSED] - waitForElementPresent: Object 'Object Repository/Equipment/EquipmentPurchase/EPO_Line/EPO_MultiLine_New' is present

2017-11-15 18:34:19 - [MESSAGE][PASSED] - Object 'Object Repository/Equipment/EquipmentPurchase/EPO_Line/EPO_MultiLine_New' is present

2017-11-15 18:34:19 - [TEST_STEP][PASSED] - click: Object: 'Object Repository/Equipment/EquipmentPurchase/EPO_Line/EPO_MultiLine_New' is clicked on

2017-11-15 18:34:19 - [MESSAGE][PASSED] - Object: 'Object Repository/Equipment/EquipmentPurchase/EPO_Line/EPO_MultiLine_New' is clicked on

2017-11-15 18:34:19 - [TEST_STEP][PASSED] - waitForElementPresent: Object 'Object Repository/Equipment/EquipmentPurchase/EPO_Line/EPO_Line_Model' is present

2017-11-15 18:34:20 - [MESSAGE][PASSED] - Object 'Object Repository/Equipment/EquipmentPurchase/EPO_Line/EPO_Line_Model' is present

2017-11-15 18:34:20 - [TEST_STEP][PASSED] - click: Object: 'Object Repository/Equipment/EquipmentPurchase/EPO_Line/EPO_Line_Model' is clicked on

2017-11-15 18:34:20 - [MESSAGE][PASSED] - Object: 'Object Repository/Equipment/EquipmentPurchase/EPO_Line/EPO_Line_Model' is clicked on

2017-11-15 18:34:20 - [TEST_STEP][PASSED] - delay: Delayed 2 second(s)

2017-11-15 18:34:22 - [MESSAGE][PASSED] - Delayed 2 second(s)

2017-11-15 18:34:22 - [TEST_STEP][PASSED] - setText: Text '1032' is set on object 'Object Repository/Equipment/EquipmentPurchase/EPO_Line/EPO_Line_Model'

2017-11-15 18:34:22 - [MESSAGE][PASSED] - Text '1032' is set on object 'Object Repository/Equipment/EquipmentPurchase/EPO_Line/EPO_Line_Model'

2017-11-15 18:34:22 - [TEST_STEP][PASSED] - click: Object: 'Object Repository/Equipment/EquipmentPurchase/EPO_Line/EPO_Line_NeworUsed' is clicked on

2017-11-15 18:34:23 - [MESSAGE][PASSED] - Object: 'Object Repository/Equipment/EquipmentPurchase/EPO_Line/EPO_Line_NeworUsed' is clicked on

2017-11-15 18:34:23 - [TEST_STEP][PASSED] - click: Object: 'Object Repository/Equipment/EquipmentPurchase/EPO_Line/EPO_Line_NewEquipOption' is clicked on

2017-11-15 18:34:23 - [MESSAGE][PASSED] - Object: 'Object Repository/Equipment/EquipmentPurchase/EPO_Line/EPO_Line_NewEquipOption' is clicked on

2017-11-15 18:34:23 - [TEST_STEP][PASSED] - click: Object: 'Object Repository/Equipment/EquipmentPurchase/EPO_Line/EPO_Line_PlannedDate' is clicked on

2017-11-15 18:34:23 - [MESSAGE][PASSED] - Object: 'Object Repository/Equipment/EquipmentPurchase/EPO_Line/EPO_Line_PlannedDate' is clicked on

2017-11-15 18:34:23 - [TEST_STEP][PASSED] - delay: Delayed 2 second(s)

2017-11-15 18:34:25 - [MESSAGE][PASSED] - Delayed 2 second(s)

2017-11-15 18:34:25 - [TEST_STEP][PASSED] - setText: Text '+10' is set on object 'Object Repository/Equipment/EquipmentPurchase/EPO_Line/EPO_Line_PlannedDate'

2017-11-15 18:34:25 - [MESSAGE][PASSED] - Text '+10' is set on object 'Object Repository/Equipment/EquipmentPurchase/EPO_Line/EPO_Line_PlannedDate'

2017-11-15 18:34:25 - [TEST_STEP][PASSED] - click: Object: 'Object Repository/Equipment/EquipmentPurchase/EPO_Line/EPO_Line_Price' is clicked on

2017-11-15 18:34:25 - [MESSAGE][PASSED] - Object: 'Object Repository/Equipment/EquipmentPurchase/EPO_Line/EPO_Line_Price' is clicked on

2017-11-15 18:34:25 - [TEST_STEP][PASSED] - delay: Delayed 2 second(s)

2017-11-15 18:34:27 - [MESSAGE][PASSED] - Delayed 2 second(s)

2017-11-15 18:34:27 - [TEST_STEP][PASSED] - setText: Text '100' is set on object 'Object Repository/Equipment/EquipmentPurchase/EPO_Line/EPO_Line_Price'

2017-11-15 18:34:27 - [MESSAGE][PASSED] - Text '100' is set on object 'Object Repository/Equipment/EquipmentPurchase/EPO_Line/EPO_Line_Price'

2017-11-15 18:34:27 - [TEST_STEP][PASSED] - click: Object: 'Object Repository/Equipment/EquipmentPurchase/EPO_Line/EPO_Line_Save' is clicked on

2017-11-15 18:34:28 - [MESSAGE][PASSED] - Object: 'Object Repository/Equipment/EquipmentPurchase/EPO_Line/EPO_Line_Save' is clicked on

2017-11-15 18:34:28 - [TEST_STEP][PASSED] - click: Object: 'Object Repository/Equipment/EquipmentPurchase/EPO_Line/EPO_Line_importNO' is clicked on

2017-11-15 18:34:28 - [MESSAGE][PASSED] - Object: 'Object Repository/Equipment/EquipmentPurchase/EPO_Line/EPO_Line_importNO' is clicked on

2017-11-15 18:34:28 - [TEST_STEP][PASSED] - click: Object: 'Object Repository/Equipment/EquipmentPurchase/EPO_Line/EPO_Line_SaveNclose' is clicked on

2017-11-15 18:34:29 - [MESSAGE][PASSED] - Object: 'Object Repository/Equipment/EquipmentPurchase/EPO_Line/EPO_Line_SaveNclose' is clicked on

2017-11-15 18:34:29 - [TEST_STEP][PASSED] - delay: Delayed 2 second(s)

2017-11-15 18:34:31 - [MESSAGE][PASSED] - Delayed 2 second(s)

2017-11-15 18:34:31 - [TEST_STEP][PASSED] - click: Object: 'Object Repository/Equipment/EquipmentPurchase/EPO_Line/EPO_MultiLine_SavenClose' is clicked on

2017-11-15 18:34:31 - [MESSAGE][PASSED] - Object: 'Object Repository/Equipment/EquipmentPurchase/EPO_Line/EPO_MultiLine_SavenClose' is clicked on

2017-11-15 18:34:31 - [MESSAGE][PASSED] - Call Test Case 'Test Cases/Equipment/Base_EquipmentPurchase/Base_EPO_CreateHeaderNline' successfully

2017-11-15 18:34:31 - [TEST_STEP][PASSED] - callTestCase: Call Test Case 'Test Cases/Equipment/Base_EquipmentPurchase/Base_EPO_Reciept' successfully

2017-11-15 18:34:31 - [TEST_CASE][PASSED] - Test Cases/Equipment/Base_EquipmentPurchase/Base_EPO_Reciept: Test Cases/Equipment/Base_EquipmentPurchase/Base_EPO_Reciept

2017-11-15 18:34:31 - [TEST_STEP][PASSED] - click: Object: 'Object Repository/Equipment/EquipmentPurchase/EPO_Header/EPO_Header_Action' is clicked on

2017-11-15 18:34:31 - [MESSAGE][PASSED] - Object: 'Object Repository/Equipment/EquipmentPurchase/EPO_Header/EPO_Header_Action' is clicked on

2017-11-15 18:34:31 - [TEST_STEP][PASSED] - click: Object: 'Object Repository/Equipment/EquipmentPurchase/EPO_Header/EPO_Header_Action_SendForApproval' is clicked on

2017-11-15 18:34:32 - [MESSAGE][PASSED] - Object: 'Object Repository/Equipment/EquipmentPurchase/EPO_Header/EPO_Header_Action_SendForApproval' is clicked on

2017-11-15 18:34:32 - [TEST_STEP][PASSED] - delay: Delayed 5 second(s)

2017-11-15 18:34:37 - [MESSAGE][PASSED] - Delayed 5 second(s)

2017-11-15 18:34:37 - [TEST_STEP][PASSED] - click: Object: 'Object Repository/Equipment/EquipmentPurchase/EPO_Header/EPO_Header_Action' is clicked on

2017-11-15 18:34:37 - [MESSAGE][PASSED] - Object: 'Object Repository/Equipment/EquipmentPurchase/EPO_Header/EPO_Header_Action' is clicked on

2017-11-15 18:34:37 - [TEST_STEP][PASSED] - click: Object: 'Object Repository/Equipment/EquipmentPurchase/EPO_Header/EPO_Header_Apporve' is clicked on

2017-11-15 18:34:37 - [MESSAGE][PASSED] - Object: 'Object Repository/Equipment/EquipmentPurchase/EPO_Header/EPO_Header_Apporve' is clicked on

2017-11-15 18:34:37 - [TEST_STEP][PASSED] - delay: Delayed 5 second(s)

2017-11-15 18:34:42 - [MESSAGE][PASSED] - Delayed 5 second(s)

2017-11-15 18:34:42 - [TEST_STEP][PASSED] - click: Object: 'Object Repository/Equipment/EquipmentPurchase/EPO_Header/EPO_Header_Print' is clicked on

2017-11-15 18:34:42 - [MESSAGE][PASSED] - Object: 'Object Repository/Equipment/EquipmentPurchase/EPO_Header/EPO_Header_Print' is clicked on

2017-11-15 18:34:42 - [TEST_STEP][PASSED] - click: Object: 'Object Repository/Equipment/EquipmentPurchase/EPO_Header/EPO_Print_FinalPrint' is clicked on

2017-11-15 18:34:43 - [MESSAGE][PASSED] - Object: 'Object Repository/Equipment/EquipmentPurchase/EPO_Header/EPO_Print_FinalPrint' is clicked on

2017-11-15 18:34:43 - [TEST_STEP][PASSED] - click: Object: 'Object Repository/Equipment/EquipmentPurchase/EPO_Header/EPO_Print_PrintOption' is clicked on

2017-11-15 18:34:43 - [MESSAGE][PASSED] - Object: 'Object Repository/Equipment/EquipmentPurchase/EPO_Header/EPO_Print_PrintOption' is clicked on

2017-11-15 18:34:43 - [TEST_STEP][PASSED] - click: Object: 'Object Repository/Equipment/EquipmentPurchase/EPO_Header/EPO_Print_Device' is clicked on

2017-11-15 18:34:45 - [MESSAGE][PASSED] - Object: 'Object Repository/Equipment/EquipmentPurchase/EPO_Header/EPO_Print_Device' is clicked on

2017-11-15 18:34:45 - [TEST_STEP][PASSED] - setText: Text 'D' is set on object 'Object Repository/Equipment/EquipmentPurchase/EPO_Header/EPO_Print_Device'

2017-11-15 18:34:46 - [MESSAGE][PASSED] - Text 'D' is set on object 'Object Repository/Equipment/EquipmentPurchase/EPO_Header/EPO_Print_Device'

2017-11-15 18:34:46 - [TEST_STEP][PASSED] - click: Object: 'Object Repository/Equipment/EquipmentPurchase/EPO_Header/EPO_Print_Continue' is clicked on

2017-11-15 18:34:46 - [MESSAGE][PASSED] - Object: 'Object Repository/Equipment/EquipmentPurchase/EPO_Header/EPO_Print_Continue' is clicked on

2017-11-15 18:34:46 - [TEST_STEP][PASSED] - delay: Delayed 5 second(s)

2017-11-15 18:34:51 - [MESSAGE][PASSED] - Delayed 5 second(s)

2017-11-15 18:34:51 - [TEST_STEP][PASSED] - click: Object: 'Object Repository/Equipment/EquipmentPurchase/EPO_Header/EPO_Header_EPOtab' is clicked on

2017-11-15 18:34:51 - [MESSAGE][PASSED] - Object: 'Object Repository/Equipment/EquipmentPurchase/EPO_Header/EPO_Header_EPOtab' is clicked on

2017-11-15 18:34:51 - [TEST_STEP][PASSED] - click: Object: 'Object Repository/Equipment/EquipmentPurchase/EPO_Header/EPO_Print_Close' is clicked on

2017-11-15 18:34:51 - [MESSAGE][PASSED] - Object: 'Object Repository/Equipment/EquipmentPurchase/EPO_Header/EPO_Print_Close' is clicked on

2017-11-15 18:34:51 - [TEST_STEP][PASSED] - delay: Delayed 3 second(s)

2017-11-15 18:34:54 - [MESSAGE][PASSED] - Delayed 3 second(s)

2017-11-15 18:34:54 - [TEST_STEP][PASSED] - click: Object: 'Object Repository/Equipment/EquipmentPurchase/EPO_Header/EPO_Header_Action' is clicked on

2017-11-15 18:34:54 - [MESSAGE][PASSED] - Object: 'Object Repository/Equipment/EquipmentPurchase/EPO_Header/EPO_Header_Action' is clicked on

2017-11-15 18:34:54 - [TEST_STEP][PASSED] - click: Object: 'Object Repository/Equipment/EquipmentPurchase/EPO_Header/EPO_Action_Reciept' is clicked on

2017-11-15 18:34:55 - [MESSAGE][PASSED] - Object: 'Object Repository/Equipment/EquipmentPurchase/EPO_Header/EPO_Action_Reciept' is clicked on

2017-11-15 18:34:55 - [TEST_STEP][PASSED] - waitForElementPresent: Object 'Object Repository/Equipment/EquipmentPurchase/EPO_Receipt/EPO_Reciept_Save' is present

2017-11-15 18:34:56 - [MESSAGE][PASSED] - Object 'Object Repository/Equipment/EquipmentPurchase/EPO_Receipt/EPO_Reciept_Save' is present

2017-11-15 18:34:56 - [TEST_STEP][PASSED] - click: Object: 'Object Repository/Equipment/EquipmentPurchase/EPO_Receipt/EPO_Reciept_Save' is clicked on

2017-11-15 18:34:56 - [MESSAGE][PASSED] - Object: 'Object Repository/Equipment/EquipmentPurchase/EPO_Receipt/EPO_Reciept_Save' is clicked on

2017-11-15 18:34:56 - [TEST_STEP][PASSED] - delay: Delayed 3 second(s)

2017-11-15 18:34:59 - [MESSAGE][PASSED] - Delayed 3 second(s)

2017-11-15 18:34:59 - [TEST_STEP][PASSED] - click: Object: 'Object Repository/Equipment/EquipmentPurchase/EPO_Receipt/EPO_Receipt_Action' is clicked on

2017-11-15 18:34:59 - [MESSAGE][PASSED] - Object: 'Object Repository/Equipment/EquipmentPurchase/EPO_Receipt/EPO_Receipt_Action' is clicked on

2017-11-15 18:34:59 - [TEST_STEP][PASSED] - click: Object: 'Object Repository/Equipment/EquipmentPurchase/EPO_Receipt/EPO_Receipt_Action_ReceiptLine' is clicked on

2017-11-15 18:34:59 - [MESSAGE][PASSED] - Object: 'Object Repository/Equipment/EquipmentPurchase/EPO_Receipt/EPO_Receipt_Action_ReceiptLine' is clicked on

2017-11-15 18:34:59 - [TEST_STEP][PASSED] - waitForElementPresent: Object 'Object Repository/Equipment/EquipmentPurchase/EPO_Receipt_Line/EPO_ReceiptLine_New' is present

2017-11-15 18:35:00 - [MESSAGE][PASSED] - Object 'Object Repository/Equipment/EquipmentPurchase/EPO_Receipt_Line/EPO_ReceiptLine_New' is present

2017-11-15 18:35:00 - [TEST_STEP][PASSED] - click: Object: 'Object Repository/Equipment/EquipmentPurchase/EPO_Receipt_Line/EPO_ReceiptLine_New' is clicked on

2017-11-15 18:35:01 - [MESSAGE][PASSED] - Object: 'Object Repository/Equipment/EquipmentPurchase/EPO_Receipt_Line/EPO_ReceiptLine_New' is clicked on

2017-11-15 18:35:01 - [TEST_STEP][PASSED] - waitForElementPresent: Object 'Object Repository/Equipment/EquipmentPurchase/EPO_Receipt_Line/EPO_RecieptLine_Select' is present

2017-11-15 18:35:01 - [MESSAGE][PASSED] - Object 'Object Repository/Equipment/EquipmentPurchase/EPO_Receipt_Line/EPO_RecieptLine_Select' is present

2017-11-15 18:35:01 - [TEST_STEP][PASSED] - click: Object: 'Object Repository/Equipment/EquipmentPurchase/EPO_Receipt_Line/EPO_RecieptLine_Select' is clicked on

2017-11-15 18:35:02 - [MESSAGE][PASSED] - Object: 'Object Repository/Equipment/EquipmentPurchase/EPO_Receipt_Line/EPO_RecieptLine_Select' is clicked on

2017-11-15 18:35:02 - [TEST_STEP][PASSED] - delay: Delayed 3 second(s)

2017-11-15 18:35:05 - [MESSAGE][PASSED] - Delayed 3 second(s)

2017-11-15 18:35:05 - [TEST_STEP][PASSED] - click: Object: 'Object Repository/Equipment/EquipmentPurchase/EPO_Receipt_Line/EPO_ReceiptLine_SavenClose' is clicked on

2017-11-15 18:35:05 - [MESSAGE][PASSED] - Object: 'Object Repository/Equipment/EquipmentPurchase/EPO_Receipt_Line/EPO_ReceiptLine_SavenClose' is clicked on

2017-11-15 18:35:05 - [TEST_STEP][PASSED] - waitForElementPresent: Object 'Object Repository/Equipment/EquipmentPurchase/EPO_Receipt_Line/EPO_RecieptLineAction' is present

2017-11-15 18:35:05 - [MESSAGE][PASSED] - Object 'Object Repository/Equipment/EquipmentPurchase/EPO_Receipt_Line/EPO_RecieptLineAction' is present

2017-11-15 18:35:05 - [TEST_STEP][PASSED] - Statement - G_Unit = com.kms.katalon.core.webui.keyword.WebUiBuiltInKeywords.getText(com.kms.katalon.core.testobject.ObjectRepository.findTestObject(Equipment/EquipmentPurchase/EPO_Receipt/EPO_Reciept_Unit)): Text of object 'Object Repository/Equipment/EquipmentPurchase/EPO_Receipt/EPO_Reciept_Unit' is: 'MD0018327'

2017-11-15 18:35:06 - [MESSAGE][PASSED] - Text of object 'Object Repository/Equipment/EquipmentPurchase/EPO_Receipt/EPO_Reciept_Unit' is: 'MD0018327'

2017-11-15 18:35:06 - [TEST_STEP][PASSED] - click: Object: 'Object Repository/Equipment/EquipmentPurchase/EPO_Receipt_Line/EPO_RecieptLineAction' is clicked on

2017-11-15 18:35:06 - [MESSAGE][PASSED] - Object: 'Object Repository/Equipment/EquipmentPurchase/EPO_Receipt_Line/EPO_RecieptLineAction' is clicked on

2017-11-15 18:35:06 - [TEST_STEP][PASSED] - click: Object: 'Object Repository/Equipment/EquipmentPurchase/EPO_Receipt/EPO_Action_Confirm' is clicked on

2017-11-15 18:35:06 - [MESSAGE][PASSED] - Object: 'Object Repository/Equipment/EquipmentPurchase/EPO_Receipt/EPO_Action_Confirm' is clicked on

2017-11-15 18:35:06 - [TEST_STEP][PASSED] - click: Object: 'Object Repository/Equipment/EquipmentPurchase/EPO_Receipt/EPO_Reciept_MeterOK' is clicked on

2017-11-15 18:35:06 - [MESSAGE][PASSED] - Object: 'Object Repository/Equipment/EquipmentPurchase/EPO_Receipt/EPO_Reciept_MeterOK' is clicked on

2017-11-15 18:35:06 - [TEST_STEP][PASSED] - waitForElementPresent: Object 'Object Repository/Equipment/EquipmentPurchase/EPO_Receipt/EPO_RecieptPrint_Device' is present

2017-11-15 18:35:08 - [MESSAGE][PASSED] - Object 'Object Repository/Equipment/EquipmentPurchase/EPO_Receipt/EPO_RecieptPrint_Device' is present

2017-11-15 18:35:08 - [TEST_STEP][PASSED] - click: Object: 'Object Repository/Equipment/EquipmentPurchase/EPO_Receipt/EPO_RecieptPrint_Device' is clicked on

2017-11-15 18:35:08 - [MESSAGE][PASSED] - Object: 'Object Repository/Equipment/EquipmentPurchase/EPO_Receipt/EPO_RecieptPrint_Device' is clicked on

2017-11-15 18:35:08 - [TEST_STEP][PASSED] - setText: Text 'D' is set on object 'Object Repository/Equipment/EquipmentPurchase/EPO_Receipt/EPO_RecieptPrint_Device'

2017-11-15 18:35:08 - [MESSAGE][PASSED] - Text 'D' is set on object 'Object Repository/Equipment/EquipmentPurchase/EPO_Receipt/EPO_RecieptPrint_Device'

2017-11-15 18:35:08 - [TEST_STEP][PASSED] - click: Object: 'Object Repository/Equipment/EquipmentPurchase/EPO_Receipt/EPO_RecieptPrint_Continue' is clicked on

2017-11-15 18:35:08 - [MESSAGE][PASSED] - Object: 'Object Repository/Equipment/EquipmentPurchase/EPO_Receipt/EPO_RecieptPrint_Continue' is clicked on

2017-11-15 18:35:08 - [TEST_STEP][PASSED] - delay: Delayed 3 second(s)

2017-11-15 18:35:11 - [MESSAGE][PASSED] - Delayed 3 second(s)

2017-11-15 18:35:11 - [TEST_STEP][PASSED] - click: Object: 'Object Repository/Equipment/EquipmentPurchase/EPO_Receipt/EPO_RecieptPrint_ProcessCompleted' is clicked on

2017-11-15 18:35:12 - [MESSAGE][PASSED] - Object: 'Object Repository/Equipment/EquipmentPurchase/EPO_Receipt/EPO_RecieptPrint_ProcessCompleted' is clicked on

2017-11-15 18:35:12 - [TEST_STEP][PASSED] - delay: Delayed 10 second(s)

2017-11-15 18:35:22 - [MESSAGE][PASSED] - Delayed 10 second(s)

2017-11-15 18:35:22 - [MESSAGE][PASSED] - Call Test Case 'Test Cases/Equipment/Base_EquipmentPurchase/Base_EPO_Reciept' successfully

2017-11-15 18:35:22 - [MESSAGE][PASSED] - Call Test Case 'Test Cases/Equipment/Base_EquipmentPurchase/EPO_CreateNrecieve' successfully

2017-11-15 18:35:22 - [TEST_STEP][PASSED] - callTestCase: Call Test Case 'Test Cases/Rental/Base_RentalContract/Base_CreateRentalInvoice_HeaderlineInvoice_SplitTender' successfully

2017-11-15 18:35:22 - [TEST_CASE][PASSED] - Test Cases/Rental/Base_RentalContract/Base_CreateRentalInvoice_HeaderlineInvoice_SplitTender: Test Cases/Rental/Base_RentalContract/Base_CreateRentalInvoice_HeaderlineInvoice_SplitTender

2017-11-15 18:35:22 - [TEST_STEP][PASSED] - callTestCase: Call Test Case 'Test Cases/Rental/Base_RentalContract/Base_CreateRentalHeader' successfully

2017-11-15 18:35:22 - [TEST_CASE][PASSED] - Test Cases/Rental/Base_RentalContract/Base_CreateRentalHeader: Test Cases/Rental/Base_RentalContract/Base_CreateRentalHeader

2017-11-15 18:35:23 - [TEST_STEP][PASSED] - callTestCase: Call Test Case 'Test Cases/Common/Base_Common_OpenSession' successfully

2017-11-15 18:35:23 - [TEST_CASE][PASSED] - Test Cases/Common/Base_Common_OpenSession: Test Cases/Common/Base_Common_OpenSession

2017-11-15 18:35:23 - [TEST_STEP][PASSED] - openBrowser: Browser is opened with url: 'https://rgajbhiye:Robin$123@proxima-ln4.e-emphasys.com:8441/webui/servlet/login'

2017-11-15 18:35:23 - [MESSAGE][WARNING] - A browser is already opened. Closing browser and opening a new one

2017-11-15 18:35:31 - [MESSAGE][PASSED] - Browser is opened with url: 'https://rgajbhiye:Robin$123@proxima-ln4.e-emphasys.com:8441/webui/servlet/login'

2017-11-15 18:35:31 - [TEST_STEP][PASSED] - waitForPageLoad: Wait for page load successfully

2017-11-15 18:35:31 - [MESSAGE][PASSED] - Wait for page load successfully

2017-11-15 18:35:31 - [TEST_STEP][PASSED] - maximizeWindow: Current window maximized

2017-11-15 18:35:31 - [MESSAGE][PASSED] - Current window maximized

2017-11-15 18:35:31 - [TEST_STEP][PASSED] - click: Object: 'Object Repository/Common/HomePage/HomePage_more' is clicked on

2017-11-15 18:35:33 - [MESSAGE][PASSED] - Object: 'Object Repository/Common/HomePage/HomePage_more' is clicked on

2017-11-15 18:35:33 - [TEST_STEP][PASSED] - click: Object: 'Object Repository/Common/HomePage/HomePage_Option' is clicked on

2017-11-15 18:35:33 - [MESSAGE][PASSED] - Object: 'Object Repository/Common/HomePage/HomePage_Option' is clicked on

2017-11-15 18:35:33 - [TEST_STEP][PASSED] - click: Object: 'Object Repository/Common/HomePage/HomePage_RunProgram_' is clicked on

2017-11-15 18:35:33 - [MESSAGE][PASSED] - Object: 'Object Repository/Common/HomePage/HomePage_RunProgram_' is clicked on

2017-11-15 18:35:33 - [TEST_STEP][PASSED] - sendKeys: Keys 'erext4100s004' sent to object: 'Object Repository/Common/HomePage/HomePage_Session_ID'

2017-11-15 18:35:34 - [MESSAGE][PASSED] - Keys 'erext4100s004' sent to object: 'Object Repository/Common/HomePage/HomePage_Session_ID'

2017-11-15 18:35:34 - [TEST_STEP][PASSED] - click: Object: 'Object Repository/Common/HomePage/HomePage_OkButton' is clicked on

2017-11-15 18:35:34 - [MESSAGE][PASSED] - Object: 'Object Repository/Common/HomePage/HomePage_OkButton' is clicked on

2017-11-15 18:35:34 - [MESSAGE][PASSED] - Call Test Case 'Test Cases/Common/Base_Common_OpenSession' successfully

2017-11-15 18:35:34 - [TEST_STEP][PASSED] - click: Object: 'Object Repository/Rental/RentalHeader/RentalContract.Customer' is clicked on

2017-11-15 18:35:38 - [MESSAGE][PASSED] - Object: 'Object Repository/Rental/RentalHeader/RentalContract.Customer' is clicked on

2017-11-15 18:35:38 - [TEST_STEP][PASSED] - setText: Text 'M00000010' is set on object 'Object Repository/Rental/RentalHeader/RentalContract.Customer'

2017-11-15 18:35:38 - [MESSAGE][PASSED] - Text 'M00000010' is set on object 'Object Repository/Rental/RentalHeader/RentalContract.Customer'

2017-11-15 18:35:38 - [TEST_STEP][PASSED] - delay: Delayed 2 second(s)

2017-11-15 18:35:40 - [MESSAGE][PASSED] - Delayed 2 second(s)

2017-11-15 18:35:40 - [TEST_STEP][PASSED] - click: Object: 'Object Repository/Rental/RentalHeader/RentalContract.CustPO' is clicked on

2017-11-15 18:35:40 - [MESSAGE][PASSED] - Object: 'Object Repository/Rental/RentalHeader/RentalContract.CustPO' is clicked on

2017-11-15 18:35:40 - [TEST_STEP][PASSED] - delay: Delayed 3 second(s)

2017-11-15 18:35:43 - [MESSAGE][PASSED] - Delayed 3 second(s)

2017-11-15 18:35:43 - [TEST_STEP][PASSED] - click: Object: 'Object Repository/Rental/RentalHeader/RentalContract.OtherDetailsTab' is clicked on

2017-11-15 18:35:44 - [MESSAGE][PASSED] - Object: 'Object Repository/Rental/RentalHeader/RentalContract.OtherDetailsTab' is clicked on

2017-11-15 18:35:44 - [TEST_STEP][PASSED] - delay: Delayed 5 second(s)

2017-11-15 18:35:49 - [MESSAGE][PASSED] - Delayed 5 second(s)

2017-11-15 18:35:49 - [TEST_STEP][PASSED] - click: Object: 'Object Repository/Rental/RentalHeader/Rental Contract.ModeOfPayment' is clicked on

2017-11-15 18:35:49 - [MESSAGE][PASSED] - Object: 'Object Repository/Rental/RentalHeader/Rental Contract.ModeOfPayment' is clicked on

2017-11-15 18:35:49 - [TEST_STEP][PASSED] - delay: Delayed 2 second(s)

2017-11-15 18:35:51 - [MESSAGE][PASSED] - Delayed 2 second(s)

2017-11-15 18:35:51 - [TEST_STEP][PASSED] - click: Object: 'Object Repository/Rental/RentalHeader/RentalContract.CreditCardoption' is clicked on

2017-11-15 18:35:51 - [MESSAGE][PASSED] - Object: 'Object Repository/Rental/RentalHeader/RentalContract.CreditCardoption' is clicked on

2017-11-15 18:35:51 - [TEST_STEP][PASSED] - delay: Delayed 3 second(s)

2017-11-15 18:35:54 - [MESSAGE][PASSED] - Delayed 3 second(s)

2017-11-15 18:35:54 - [TEST_STEP][PASSED] - click: Object: 'Object Repository/Rental/RentalHeader/RentalContract.GeneralTab' is clicked on

2017-11-15 18:35:54 - [MESSAGE][PASSED] - Object: 'Object Repository/Rental/RentalHeader/RentalContract.GeneralTab' is clicked on

2017-11-15 18:35:54 - [TEST_STEP][PASSED] - delay: Delayed 5 second(s)

2017-11-15 18:35:59 - [MESSAGE][PASSED] - Delayed 5 second(s)

2017-11-15 18:35:59 - [TEST_STEP][PASSED] - click: Object: 'Object Repository/Rental/RentalHeader/RentalContract.Newbuttonline' is clicked on

2017-11-15 18:36:00 - [MESSAGE][PASSED] - Object: 'Object Repository/Rental/RentalHeader/RentalContract.Newbuttonline' is clicked on

2017-11-15 18:36:00 - [TEST_STEP][PASSED] - delay: Delayed 5 second(s)

2017-11-15 18:36:05 - [MESSAGE][PASSED] - Delayed 5 second(s)

2017-11-15 18:36:05 - [TEST_STEP][PASSED] - click: Object: 'Object Repository/Rental/RentalHeader/RentalContract.SetLine' is clicked on

2017-11-15 18:36:05 - [MESSAGE][PASSED] - Object: 'Object Repository/Rental/RentalHeader/RentalContract.SetLine' is clicked on

2017-11-15 18:36:05 - [TEST_STEP][PASSED] - delay: Delayed 5 second(s)

2017-11-15 18:36:10 - [MESSAGE][PASSED] - Delayed 5 second(s)

2017-11-15 18:36:10 - [TEST_STEP][PASSED] - scrollToElement: Scroll to object 'Object Repository/Rental/RentalHeader/RentalContract.Unit' successfully

2017-11-15 18:36:10 - [MESSAGE][PASSED] - Scroll to object 'Object Repository/Rental/RentalHeader/RentalContract.Unit' successfully

2017-11-15 18:36:10 - [TEST_STEP][PASSED] - delay: Delayed 3 second(s)

2017-11-15 18:36:13 - [MESSAGE][PASSED] - Delayed 3 second(s)

2017-11-15 18:36:13 - [TEST_STEP][NOT_RUN] - getText: NOT_RUN: getText

2017-11-15 18:36:13 - [MESSAGE][NOT_RUN] - NOT_RUN: getText

2017-11-15 18:36:13 - [TEST_STEP][PASSED] - click: Object: 'Object Repository/Rental/RentalHeader/RentalContract.Unit' is clicked on

2017-11-15 18:36:13 - [MESSAGE][PASSED] - Object: 'Object Repository/Rental/RentalHeader/RentalContract.Unit' is clicked on

2017-11-15 18:36:13 - [TEST_STEP][PASSED] - delay: Delayed 5 second(s)

2017-11-15 18:36:18 - [MESSAGE][PASSED] - Delayed 5 second(s)

2017-11-15 18:36:18 - [TEST_STEP][PASSED] - setText: Text 'MD0018327' is set on object 'Object Repository/Rental/RentalHeader/RentalContract.Unit'

2017-11-15 18:36:19 - [MESSAGE][PASSED] - Text 'MD0018327' is set on object 'Object Repository/Rental/RentalHeader/RentalContract.Unit'

2017-11-15 18:36:19 - [TEST_STEP][PASSED] - delay: Delayed 5 second(s)

2017-11-15 18:36:24 - [MESSAGE][PASSED] - Delayed 5 second(s)

2017-11-15 18:36:24 - [TEST_STEP][PASSED] - scrollToElement: Scroll to object 'Object Repository/Rental/RentalHeader/RentalContract.MultipleInsurence' successfully

2017-11-15 18:36:24 - [MESSAGE][PASSED] - Scroll to object 'Object Repository/Rental/RentalHeader/RentalContract.MultipleInsurence' successfully

2017-11-15 18:36:24 - [TEST_STEP][PASSED] - delay: Delayed 5 second(s)

2017-11-15 18:36:29 - [MESSAGE][PASSED] - Delayed 5 second(s)

2017-11-15 18:36:29 - [TEST_STEP][PASSED] - doubleClick: Object: 'Object Repository/Rental/RentalHeader/RentalContract.MultipleInsurence' is double clicked on

2017-11-15 18:36:29 - [MESSAGE][PASSED] - Object: 'Object Repository/Rental/RentalHeader/RentalContract.MultipleInsurence' is double clicked on

2017-11-15 18:36:29 - [TEST_STEP][PASSED] - delay: Delayed 5 second(s)

2017-11-15 18:36:34 - [MESSAGE][PASSED] - Delayed 5 second(s)

2017-11-15 18:36:34 - [TEST_STEP][PASSED] - click: Object: 'Object Repository/Rental/RentalHeader/RentalContract.MultipleInsurence' is clicked on

2017-11-15 18:36:34 - [MESSAGE][PASSED] - Object: 'Object Repository/Rental/RentalHeader/RentalContract.MultipleInsurence' is clicked on

2017-11-15 18:36:34 - [TEST_STEP][PASSED] - click: Object: 'Object Repository/Rental/RentalHeader/RentalContract.MultiInsNO' is clicked on

2017-11-15 18:36:35 - [MESSAGE][PASSED] - Object: 'Object Repository/Rental/RentalHeader/RentalContract.MultiInsNO' is clicked on

2017-11-15 18:36:35 - [TEST_STEP][PASSED] - delay: Delayed 5 second(s)

2017-11-15 18:36:40 - [MESSAGE][PASSED] - Delayed 5 second(s)

2017-11-15 18:36:40 - [TEST_STEP][PASSED] - scrollToElement: Scroll to object 'Object Repository/Rental/RentalHeader/RentalContract.GrossRateline' successfully

2017-11-15 18:36:40 - [MESSAGE][PASSED] - Scroll to object 'Object Repository/Rental/RentalHeader/RentalContract.GrossRateline' successfully

2017-11-15 18:36:40 - [TEST_STEP][NOT_RUN] - delay: NOT_RUN: delay

2017-11-15 18:36:40 - [MESSAGE][NOT_RUN] - NOT_RUN: delay

2017-11-15 18:36:40 - [TEST_STEP][PASSED] - doubleClick: Object: 'Object Repository/Rental/RentalHeader/RentalContract.GrossRateline' is double clicked on

2017-11-15 18:36:40 - [MESSAGE][PASSED] - Object: 'Object Repository/Rental/RentalHeader/RentalContract.GrossRateline' is double clicked on

2017-11-15 18:36:40 - [TEST_STEP][PASSED] - delay: Delayed 2 second(s)

2017-11-15 18:36:42 - [MESSAGE][PASSED] - Delayed 2 second(s)

2017-11-15 18:36:42 - [TEST_STEP][PASSED] - click: Object: 'Object Repository/Rental/RentalHeader/RentalContract.GrossRateline' is clicked on

2017-11-15 18:36:42 - [MESSAGE][PASSED] - Object: 'Object Repository/Rental/RentalHeader/RentalContract.GrossRateline' is clicked on

2017-11-15 18:36:42 - [TEST_STEP][PASSED] - delay: Delayed 2 second(s)

2017-11-15 18:36:44 - [MESSAGE][PASSED] - Delayed 2 second(s)

2017-11-15 18:36:44 - [TEST_STEP][PASSED] - setText: Text '100' is set on object 'Object Repository/Rental/RentalHeader/RentalContract.GrossRateline'

2017-11-15 18:36:44 - [MESSAGE][PASSED] - Text '100' is set on object 'Object Repository/Rental/RentalHeader/RentalContract.GrossRateline'

2017-11-15 18:36:44 - [TEST_STEP][PASSED] - delay: Delayed 4 second(s)

2017-11-15 18:36:48 - [MESSAGE][PASSED] - Delayed 4 second(s)

2017-11-15 18:36:48 - [TEST_STEP][PASSED] - click: Object: 'Object Repository/Rental/RentalHeader/RentalContract.SaveHeader' is clicked on

2017-11-15 18:36:49 - [MESSAGE][PASSED] - Object: 'Object Repository/Rental/RentalHeader/RentalContract.SaveHeader' is clicked on

2017-11-15 18:36:49 - [TEST_STEP][PASSED] - delay: Delayed 5 second(s)

2017-11-15 18:36:54 - [MESSAGE][PASSED] - Delayed 5 second(s)

2017-11-15 18:36:54 - [TEST_STEP][PASSED] - click: Object: 'Object Repository/Rental/RentalHeader/RentalContract.Action' is clicked on

2017-11-15 18:36:54 - [MESSAGE][PASSED] - Object: 'Object Repository/Rental/RentalHeader/RentalContract.Action' is clicked on

2017-11-15 18:36:54 - [TEST_STEP][PASSED] - delay: Delayed 8 second(s)

2017-11-15 18:37:02 - [MESSAGE][PASSED] - Delayed 8 second(s)

2017-11-15 18:37:02 - [TEST_STEP][PASSED] - click: Object: 'Object Repository/Rental/RentalHeader/RentalContract.Release' is clicked on

2017-11-15 18:37:02 - [MESSAGE][PASSED] - Object: 'Object Repository/Rental/RentalHeader/RentalContract.Release' is clicked on

2017-11-15 18:37:02 - [TEST_STEP][PASSED] - delay: Delayed 12 second(s)

2017-11-15 18:37:14 - [MESSAGE][PASSED] - Delayed 12 second(s)

2017-11-15 18:37:14 - [TEST_STEP][PASSED] - click: Object: 'Object Repository/Rental/RentalHeader/RentalContract.ActionDelivery' is clicked on

2017-11-15 18:37:15 - [MESSAGE][PASSED] - Object: 'Object Repository/Rental/RentalHeader/RentalContract.ActionDelivery' is clicked on

2017-11-15 18:37:15 - [TEST_STEP][PASSED] - delay: Delayed 6 second(s)

2017-11-15 18:37:21 - [MESSAGE][PASSED] - Delayed 6 second(s)

2017-11-15 18:37:21 - [TEST_STEP][PASSED] - click: Object: 'Object Repository/Rental/RentalHeader/RentalContract.ConfirmDelivery' is clicked on

2017-11-15 18:37:21 - [MESSAGE][PASSED] - Object: 'Object Repository/Rental/RentalHeader/RentalContract.ConfirmDelivery' is clicked on

2017-11-15 18:37:21 - [TEST_STEP][PASSED] - delay: Delayed 8 second(s)

2017-11-15 18:37:29 - [MESSAGE][PASSED] - Delayed 8 second(s)

2017-11-15 18:37:29 - [TEST_STEP][NOT_RUN] - waitForElementPresent: NOT_RUN: waitForElementPresent

2017-11-15 18:37:29 - [MESSAGE][NOT_RUN] - NOT_RUN: waitForElementPresent

2017-11-15 18:37:29 - [TEST_STEP][NOT_RUN] - delay: NOT_RUN: delay

2017-11-15 18:37:29 - [MESSAGE][NOT_RUN] - NOT_RUN: delay

2017-11-15 18:37:29 - [TEST_STEP][PASSED] - click: Object: 'Object Repository/Rental/RentalHeader/RentalContract.DeliveryProceed' is clicked on

2017-11-15 18:37:29 - [MESSAGE][PASSED] - Object: 'Object Repository/Rental/RentalHeader/RentalContract.DeliveryProceed' is clicked on

2017-11-15 18:37:29 - [TEST_STEP][PASSED] - delay: Delayed 12 second(s)

2017-11-15 18:37:41 - [MESSAGE][PASSED] - Delayed 12 second(s)

2017-11-15 18:37:41 - [TEST_STEP][NOT_RUN] - waitForElementPresent: NOT_RUN: waitForElementPresent

2017-11-15 18:37:41 - [MESSAGE][NOT_RUN] - NOT_RUN: waitForElementPresent

2017-11-15 18:37:41 - [TEST_STEP][NOT_RUN] - delay: NOT_RUN: delay

2017-11-15 18:37:41 - [MESSAGE][NOT_RUN] - NOT_RUN: delay

2017-11-15 18:37:41 - [TEST_STEP][NOT_RUN] - click: NOT_RUN: click

2017-11-15 18:37:41 - [MESSAGE][NOT_RUN] - NOT_RUN: click

2017-11-15 18:37:41 - [TEST_STEP][PASSED] - delay: Delayed 8 second(s)

2017-11-15 18:37:49 - [MESSAGE][PASSED] - Delayed 8 second(s)

2017-11-15 18:37:49 - [TEST_STEP][PASSED] - click: Object: 'Object Repository/Rental/RentalHeader/RentalContract.InspetionReportClose' is clicked on

2017-11-15 18:37:49 - [MESSAGE][PASSED] - Object: 'Object Repository/Rental/RentalHeader/RentalContract.InspetionReportClose' is clicked on

2017-11-15 18:37:49 - [TEST_STEP][PASSED] - delay: Delayed 5 second(s)

2017-11-15 18:37:54 - [MESSAGE][PASSED] - Delayed 5 second(s)

2017-11-15 18:37:54 - [TEST_STEP][PASSED] - click: Object: 'Object Repository/Rental/RentalHeader/RentalContract.BillofLaddingClosed' is clicked on

2017-11-15 18:37:54 - [MESSAGE][PASSED] - Object: 'Object Repository/Rental/RentalHeader/RentalContract.BillofLaddingClosed' is clicked on

2017-11-15 18:37:54 - [TEST_STEP][PASSED] - delay: Delayed 5 second(s)

2017-11-15 18:37:59 - [MESSAGE][PASSED] - Delayed 5 second(s)

2017-11-15 18:37:59 - [TEST_STEP][PASSED] - click: Object: 'Object Repository/Rental/RentalHeader/RentalContract.EqipRentalMemoclosed' is clicked on

2017-11-15 18:38:00 - [MESSAGE][PASSED] - Object: 'Object Repository/Rental/RentalHeader/RentalContract.EqipRentalMemoclosed' is clicked on

2017-11-15 18:38:00 - [TEST_STEP][PASSED] - delay: Delayed 5 second(s)

2017-11-15 18:38:05 - [MESSAGE][PASSED] - Delayed 5 second(s)

2017-11-15 18:38:05 - [TEST_STEP][PASSED] - click: Object: 'Object Repository/Rental/RentalHeader/RentalContract.InspectionOrdergnerated' is clicked on

2017-11-15 18:38:05 - [MESSAGE][PASSED] - Object: 'Object Repository/Rental/RentalHeader/RentalContract.InspectionOrdergnerated' is clicked on

2017-11-15 18:38:05 - [MESSAGE][PASSED] - Call Test Case 'Test Cases/Rental/Base_RentalContract/Base_CreateRentalHeader' successfully

2017-11-15 18:38:05 - [TEST_STEP][PASSED] - delay: Delayed 4 second(s)

2017-11-15 18:38:09 - [MESSAGE][PASSED] - Delayed 4 second(s)

2017-11-15 18:38:09 - [TEST_STEP][PASSED] - click: Object: 'Object Repository/Rental/RentalHeader/RentalInvoice/RentalInvoice.InvoicingscheduleTab' is clicked on

2017-11-15 18:38:09 - [MESSAGE][PASSED] - Object: 'Object Repository/Rental/RentalHeader/RentalInvoice/RentalInvoice.InvoicingscheduleTab' is clicked on

2017-11-15 18:38:09 - [TEST_STEP][PASSED] - delay: Delayed 4 second(s)

2017-11-15 18:38:13 - [MESSAGE][PASSED] - Delayed 4 second(s)

2017-11-15 18:38:13 - [TEST_STEP][PASSED] - click: Object: 'Object Repository/Rental/RentalHeader/RentalInvoice/RentalInvoice.Action' is clicked on

2017-11-15 18:38:13 - [MESSAGE][PASSED] - Object: 'Object Repository/Rental/RentalHeader/RentalInvoice/RentalInvoice.Action' is clicked on

2017-11-15 18:38:13 - [TEST_STEP][PASSED] - delay: Delayed 4 second(s)

2017-11-15 18:38:17 - [MESSAGE][PASSED] - Delayed 4 second(s)

2017-11-15 18:38:17 - [TEST_STEP][PASSED] - click: Object: 'Object Repository/Rental/RentalHeader/RentalInvoice/RentalInvoice.ProcessInvoice' is clicked on

2017-11-15 18:38:18 - [MESSAGE][PASSED] - Object: 'Object Repository/Rental/RentalHeader/RentalInvoice/RentalInvoice.ProcessInvoice' is clicked on

2017-11-15 18:38:18 - [TEST_STEP][PASSED] - delay: Delayed 4 second(s)

2017-11-15 18:38:22 - [MESSAGE][PASSED] - Delayed 4 second(s)

2017-11-15 18:38:22 - [TEST_STEP][PASSED] - click: Object: 'Object Repository/Rental/RentalHeader/RentalInvoice/RentalInvoice.ProcessInvoice2' is clicked on

2017-11-15 18:38:22 - [MESSAGE][PASSED] - Object: 'Object Repository/Rental/RentalHeader/RentalInvoice/RentalInvoice.ProcessInvoice2' is clicked on

2017-11-15 18:38:22 - [TEST_STEP][PASSED] - delay: Delayed 0 second(s)

2017-11-15 18:38:22 - [MESSAGE][PASSED] - Delayed 0 second(s)

2017-11-15 18:38:22 - [TEST_STEP][PASSED] - click: Object: 'Object Repository/Rental/RentalHeader/RentalInvoice/RentalInvoice.InvoiceProcessYES' is clicked on

2017-11-15 18:38:23 - [MESSAGE][PASSED] - Object: 'Object Repository/Rental/RentalHeader/RentalInvoice/RentalInvoice.InvoiceProcessYES' is clicked on

2017-11-15 18:38:23 - [TEST_STEP][PASSED] - delay: Delayed 0 second(s)

2017-11-15 18:38:23 - [MESSAGE][PASSED] - Delayed 0 second(s)

2017-11-15 18:38:23 - [TEST_STEP][PASSED] - setText: Text 'PUBL' is set on object 'Object Repository/Rental/RentalHeader/RentalInvoice/ServiceCreditCard.PaymentGateway'

2017-11-15 18:38:24 - [MESSAGE][PASSED] - Text 'PUBL' is set on object 'Object Repository/Rental/RentalHeader/RentalInvoice/ServiceCreditCard.PaymentGateway'

2017-11-15 18:38:24 - [TEST_STEP][NOT_RUN] - sendKeys: NOT_RUN: sendKeys

2017-11-15 18:38:24 - [MESSAGE][NOT_RUN] - NOT_RUN: sendKeys

2017-11-15 18:38:24 - [TEST_STEP][PASSED] - doubleClick: Object: 'Object Repository/Rental/RentalHeader/RentalInvoice/ServiceCreditCard.CardType' is double clicked on

2017-11-15 18:38:24 - [MESSAGE][PASSED] - Object: 'Object Repository/Rental/RentalHeader/RentalInvoice/ServiceCreditCard.CardType' is double clicked on

2017-11-15 18:38:24 - [TEST_STEP][PASSED] - setText: Text 'Visa Card' is set on object 'Object Repository/Rental/RentalHeader/RentalInvoice/ServiceCreditCard.CardType'

2017-11-15 18:38:24 - [MESSAGE][PASSED] - Text 'Visa Card' is set on object 'Object Repository/Rental/RentalHeader/RentalInvoice/ServiceCreditCard.CardType'

2017-11-15 18:38:24 - [TEST_STEP][PASSED] - delay: Delayed 2 second(s)

2017-11-15 18:38:26 - [MESSAGE][PASSED] - Delayed 2 second(s)

2017-11-15 18:38:26 - [TEST_STEP][PASSED] - doubleClick: Object: 'Object Repository/Rental/RentalHeader/RentalInvoice/ServiceCreditCard.Enter CC No' is double clicked on

2017-11-15 18:38:27 - [MESSAGE][PASSED] - Object: 'Object Repository/Rental/RentalHeader/RentalInvoice/ServiceCreditCard.Enter CC No' is double clicked on

2017-11-15 18:38:27 - [TEST_STEP][PASSED] - sendKeys: Keys '4012000033330026' sent to object: 'Object Repository/Rental/RentalHeader/RentalInvoice/ServiceCreditCard.Enter CC No'

2017-11-15 18:38:27 - [MESSAGE][PASSED] - Keys '4012000033330026' sent to object: 'Object Repository/Rental/RentalHeader/RentalInvoice/ServiceCreditCard.Enter CC No'

2017-11-15 18:38:27 - [TEST_STEP][PASSED] - delay: Delayed 2 second(s)

2017-11-15 18:38:29 - [MESSAGE][PASSED] - Delayed 2 second(s)

2017-11-15 18:38:29 - [TEST_STEP][PASSED] - click: Object: 'Object Repository/Rental/RentalHeader/RentalInvoice/ServiceCreditCard.CVV2' is clicked on

2017-11-15 18:38:29 - [MESSAGE][PASSED] - Object: 'Object Repository/Rental/RentalHeader/RentalInvoice/ServiceCreditCard.CVV2' is clicked on

2017-11-15 18:38:29 - [TEST_STEP][PASSED] - sendKeys: Keys '865' sent to object: 'Object Repository/Rental/RentalHeader/RentalInvoice/ServiceCreditCard.CVV2'

2017-11-15 18:38:29 - [MESSAGE][PASSED] - Keys '865' sent to object: 'Object Repository/Rental/RentalHeader/RentalInvoice/ServiceCreditCard.CVV2'

2017-11-15 18:38:29 - [TEST_STEP][NOT_RUN] - sendKeys: NOT_RUN: sendKeys

2017-11-15 18:38:29 - [MESSAGE][NOT_RUN] - NOT_RUN: sendKeys

2017-11-15 18:38:29 - [TEST_STEP][NOT_RUN] - delay: NOT_RUN: delay

2017-11-15 18:38:29 - [MESSAGE][NOT_RUN] - NOT_RUN: delay

2017-11-15 18:38:29 - [TEST_STEP][PASSED] - delay: Delayed 3 second(s)

2017-11-15 18:38:32 - [MESSAGE][PASSED] - Delayed 3 second(s)

2017-11-15 18:38:32 - [TEST_STEP][PASSED] - setText: Text '09' is set on object 'Object Repository/Rental/RentalHeader/RentalInvoice/ServiceCreditCard.ExpiryMonth'

2017-11-15 18:38:32 - [MESSAGE][PASSED] - Text '09' is set on object 'Object Repository/Rental/RentalHeader/RentalInvoice/ServiceCreditCard.ExpiryMonth'

2017-11-15 18:38:32 - [TEST_STEP][PASSED] - setText: Text '99' is set on object 'Object Repository/Rental/RentalHeader/RentalInvoice/ServiceCreditCard.ExpiryYear'

2017-11-15 18:38:33 - [MESSAGE][PASSED] - Text '99' is set on object 'Object Repository/Rental/RentalHeader/RentalInvoice/ServiceCreditCard.ExpiryYear'

2017-11-15 18:38:33 - [TEST_STEP][NOT_RUN] - click: NOT_RUN: click

2017-11-15 18:38:33 - [MESSAGE][NOT_RUN] - NOT_RUN: click

2017-11-15 18:38:33 - [TEST_STEP][NOT_RUN] - delay: NOT_RUN: delay

2017-11-15 18:38:33 - [MESSAGE][NOT_RUN] - NOT_RUN: delay

2017-11-15 18:38:33 - [TEST_STEP][NOT_RUN] - click: NOT_RUN: click

2017-11-15 18:38:33 - [MESSAGE][NOT_RUN] - NOT_RUN: click

2017-11-15 18:38:33 - [TEST_STEP][NOT_RUN] - delay: NOT_RUN: delay

2017-11-15 18:38:33 - [MESSAGE][NOT_RUN] - NOT_RUN: delay

2017-11-15 18:38:33 - [TEST_STEP][NOT_RUN] - click: NOT_RUN: click

2017-11-15 18:38:33 - [MESSAGE][NOT_RUN] - NOT_RUN: click

2017-11-15 18:38:33 - [TEST_STEP][NOT_RUN] - delay: NOT_RUN: delay

2017-11-15 18:38:33 - [MESSAGE][NOT_RUN] - NOT_RUN: delay

2017-11-15 18:38:33 - [TEST_STEP][NOT_RUN] - click: NOT_RUN: click

2017-11-15 18:38:33 - [MESSAGE][NOT_RUN] - NOT_RUN: click

2017-11-15 18:38:33 - [TEST_STEP][NOT_RUN] - delay: NOT_RUN: delay

2017-11-15 18:38:33 - [MESSAGE][NOT_RUN] - NOT_RUN: delay

2017-11-15 18:38:33 - [TEST_STEP][NOT_RUN] - closeBrowser: NOT_RUN: closeBrowser

2017-11-15 18:38:33 - [MESSAGE][NOT_RUN] - NOT_RUN: closeBrowser

2017-11-15 18:38:33 - [MESSAGE][PASSED] - Call Test Case 'Test Cases/Rental/Base_RentalContract/Base_CreateRentalInvoice_HeaderlineInvoice_SplitTender' successfully

2017-11-15 18:38:33 - [TEST_STEP][FAILED] - callTestCase: Unable to call Test Case with id 'Test Cases/Rental/Base_RentalContract/Base_CreateRentalInvoicewithSpitTenderDetails_SplitTender' (Root cause: Call Test Case 'Test Cases/Rental/Base_RentalContract/Base_CreateRentalInvoicewithSpitTenderDetails_SplitTender' failed)

2017-11-15 18:38:33 - [TEST_CASE][FAILED] - Test Cases/Rental/Base_RentalContract/Base_CreateRentalInvoicewithSpitTenderDetails_SplitTender: Test Cases/Rental/Base_RentalContract/Base_CreateRentalInvoicewithSpitTenderDetails_SplitTender FAILED because (of) Unable to click on object 'Object Repository/Rental/Rental_SplitTenderDetails/SplitTender.ModeOfPaymentCash' (Root cause: com.kms.katalon.core.webui.exception.WebElementNotFoundException: Web element with id: 'Object Repository/Rental/Rental_SplitTenderDetails/SplitTender.ModeOfPaymentCash' located by 'By.xpath: //*[@id = 'item_1-label']' not found)

2017-11-15 18:38:33 - [TEST_STEP][PASSED] - delay: Delayed 5 second(s)

2017-11-15 18:38:38 - [MESSAGE][PASSED] - Delayed 5 second(s)

2017-11-15 18:38:38 - [TEST_STEP][PASSED] - doubleClick: Object: 'Object Repository/Rental/Rental_SplitTenderDetails/SplitTenderDetails' is double clicked on

2017-11-15 18:38:39 - [MESSAGE][PASSED] - Object: 'Object Repository/Rental/Rental_SplitTenderDetails/SplitTenderDetails' is double clicked on

2017-11-15 18:38:39 - [TEST_STEP][PASSED] - click: Object: 'Object Repository/Rental/Rental_SplitTenderDetails/SplitTenderDetails.Yes' is clicked on

2017-11-15 18:38:39 - [MESSAGE][PASSED] - Object: 'Object Repository/Rental/Rental_SplitTenderDetails/SplitTenderDetails.Yes' is clicked on

2017-11-15 18:38:39 - [TEST_STEP][PASSED] - delay: Delayed 3 second(s)

2017-11-15 18:38:42 - [MESSAGE][PASSED] - Delayed 3 second(s)

2017-11-15 18:38:42 - [TEST_STEP][PASSED] - click: Object: 'Object Repository/Rental/Rental_SplitTenderDetails/SplitTender.LineSession' is clicked on

2017-11-15 18:38:42 - [MESSAGE][PASSED] - Object: 'Object Repository/Rental/Rental_SplitTenderDetails/SplitTender.LineSession' is clicked on

2017-11-15 18:38:42 - [TEST_STEP][PASSED] - delay: Delayed 2 second(s)

2017-11-15 18:38:44 - [MESSAGE][PASSED] - Delayed 2 second(s)

2017-11-15 18:38:44 - [TEST_STEP][PASSED] - Statement - G_OrderAmt = com.kms.katalon.core.webui.keyword.WebUiBuiltInKeywords.getText(com.kms.katalon.core.testobject.ObjectRepository.findTestObject(Rental/Rental_SplitTenderDetails/SplitTender.OrderAmtHeader), CONTINUE_ON_FAILURE): Text of object 'Object Repository/Rental/Rental_SplitTenderDetails/SplitTender.OrderAmtHeader' is: '110.00'

2017-11-15 18:38:44 - [MESSAGE][PASSED] - Text of object 'Object Repository/Rental/Rental_SplitTenderDetails/SplitTender.OrderAmtHeader' is: '110.00'

2017-11-15 18:38:44 - [TEST_STEP][PASSED] - Statement - G_SplitOrderAmt2 = G_OrderAmt - 2: null

2017-11-15 18:38:44 - [TEST_STEP][PASSED] - comment: ***********************Line1 started***********************

2017-11-15 18:38:44 - [TEST_STEP][PASSED] - click: Object: 'Object Repository/Rental/Rental_SplitTenderDetails/SplitTender.NewButton' is clicked on

2017-11-15 18:38:45 - [MESSAGE][PASSED] - Object: 'Object Repository/Rental/Rental_SplitTenderDetails/SplitTender.NewButton' is clicked on

2017-11-15 18:38:45 - [TEST_STEP][PASSED] - delay: Delayed 2 second(s)

2017-11-15 18:38:47 - [MESSAGE][PASSED] - Delayed 2 second(s)

2017-11-15 18:38:47 - [TEST_STEP][PASSED] - doubleClick: Object: 'Object Repository/Rental/Rental_SplitTenderDetails/SplitTender.ModeofPayment' is double clicked on

2017-11-15 18:38:47 - [MESSAGE][PASSED] - Object: 'Object Repository/Rental/Rental_SplitTenderDetails/SplitTender.ModeofPayment' is double clicked on

2017-11-15 18:38:47 - [TEST_STEP][PASSED] - click: Object: 'Object Repository/Rental/Rental_SplitTenderDetails/SplitTender.ModeOfPaymentCreditCard1' is clicked on

2017-11-15 18:38:47 - [MESSAGE][PASSED] - Object: 'Object Repository/Rental/Rental_SplitTenderDetails/SplitTender.ModeOfPaymentCreditCard1' is clicked on

2017-11-15 18:38:47 - [TEST_STEP][PASSED] - click: Object: 'Object Repository/Rental/Rental_SplitTenderDetails/SplitTender.LineCCNo' is clicked on

2017-11-15 18:38:47 - [MESSAGE][PASSED] - Object: 'Object Repository/Rental/Rental_SplitTenderDetails/SplitTender.LineCCNo' is clicked on

2017-11-15 18:38:47 - [TEST_STEP][PASSED] - delay: Delayed 2 second(s)

2017-11-15 18:38:49 - [MESSAGE][PASSED] - Delayed 2 second(s)

2017-11-15 18:38:49 - [TEST_STEP][PASSED] - setText: Text '4012000033330026' is set on object 'Object Repository/Rental/Rental_SplitTenderDetails/SplitTender.LineCCNo'

2017-11-15 18:38:50 - [MESSAGE][PASSED] - Text '4012000033330026' is set on object 'Object Repository/Rental/Rental_SplitTenderDetails/SplitTender.LineCCNo'

2017-11-15 18:38:50 - [TEST_STEP][PASSED] - delay: Delayed 5 second(s)

2017-11-15 18:38:55 - [MESSAGE][PASSED] - Delayed 5 second(s)

2017-11-15 18:38:55 - [TEST_STEP][NOT_RUN] - click: NOT_RUN: click

2017-11-15 18:38:55 - [MESSAGE][NOT_RUN] - NOT_RUN: click

2017-11-15 18:38:55 - [TEST_STEP][NOT_RUN] - setText: NOT_RUN: setText

2017-11-15 18:38:55 - [MESSAGE][NOT_RUN] - NOT_RUN: setText

2017-11-15 18:38:55 - [TEST_STEP][PASSED] - scrollToElement: Scroll to object 'Object Repository/Rental/Rental_SplitTenderDetails/SplitTender.LineOrderAmount1' successfully

2017-11-15 18:38:55 - [MESSAGE][PASSED] - Scroll to object 'Object Repository/Rental/Rental_SplitTenderDetails/SplitTender.LineOrderAmount1' successfully

2017-11-15 18:38:55 - [TEST_STEP][PASSED] - delay: Delayed 5 second(s)

2017-11-15 18:39:00 - [MESSAGE][PASSED] - Delayed 5 second(s)

2017-11-15 18:39:00 - [TEST_STEP][PASSED] - click: Object: 'Object Repository/Rental/Rental_SplitTenderDetails/SplitTender.LineOrderAmount1' is clicked on

2017-11-15 18:39:00 - [MESSAGE][PASSED] - Object: 'Object Repository/Rental/Rental_SplitTenderDetails/SplitTender.LineOrderAmount1' is clicked on

2017-11-15 18:39:00 - [TEST_STEP][PASSED] - delay: Delayed 3 second(s)

2017-11-15 18:39:03 - [MESSAGE][PASSED] - Delayed 3 second(s)

2017-11-15 18:39:03 - [TEST_STEP][PASSED] - setText: Text '1.00' is set on object 'Object Repository/Rental/Rental_SplitTenderDetails/SplitTender.LineOrderAmount1'

2017-11-15 18:39:04 - [MESSAGE][PASSED] - Text '1.00' is set on object 'Object Repository/Rental/Rental_SplitTenderDetails/SplitTender.LineOrderAmount1'

2017-11-15 18:39:04 - [TEST_STEP][PASSED] - delay: Delayed 2 second(s)

2017-11-15 18:39:06 - [MESSAGE][PASSED] - Delayed 2 second(s)

2017-11-15 18:39:06 - [TEST_STEP][PASSED] - comment: ***********************Line2 started***********************

2017-11-15 18:39:06 - [TEST_STEP][PASSED] - click: Object: 'Object Repository/Rental/Rental_SplitTenderDetails/SplitTender.NewButton' is clicked on

2017-11-15 18:39:06 - [MESSAGE][PASSED] - Object: 'Object Repository/Rental/Rental_SplitTenderDetails/SplitTender.NewButton' is clicked on

2017-11-15 18:39:06 - [TEST_STEP][PASSED] - delay: Delayed 2 second(s)

2017-11-15 18:39:08 - [MESSAGE][PASSED] - Delayed 2 second(s)

2017-11-15 18:39:08 - [TEST_STEP][PASSED] - doubleClick: Object: 'Object Repository/Rental/Rental_SplitTenderDetails/SplitTender.ModeofPayment1' is double clicked on

2017-11-15 18:39:08 - [MESSAGE][PASSED] - Object: 'Object Repository/Rental/Rental_SplitTenderDetails/SplitTender.ModeofPayment1' is double clicked on

2017-11-15 18:39:08 - [TEST_STEP][PASSED] - click: Object: 'Object Repository/Rental/Rental_SplitTenderDetails/SplitTender.ModeOfPaymentCreditCard2' is clicked on

2017-11-15 18:39:09 - [MESSAGE][PASSED] - Object: 'Object Repository/Rental/Rental_SplitTenderDetails/SplitTender.ModeOfPaymentCreditCard2' is clicked on

2017-11-15 18:39:09 - [TEST_STEP][PASSED] - delay: Delayed 3 second(s)

2017-11-15 18:39:12 - [MESSAGE][PASSED] - Delayed 3 second(s)

2017-11-15 18:39:12 - [TEST_STEP][PASSED] - click: Object: 'Object Repository/Rental/Rental_SplitTenderDetails/SplitTender.Line2CCNo' is clicked on

2017-11-15 18:39:12 - [MESSAGE][PASSED] - Object: 'Object Repository/Rental/Rental_SplitTenderDetails/SplitTender.Line2CCNo' is clicked on

2017-11-15 18:39:12 - [TEST_STEP][PASSED] - delay: Delayed 2 second(s)

2017-11-15 18:39:14 - [MESSAGE][PASSED] - Delayed 2 second(s)

2017-11-15 18:39:14 - [TEST_STEP][PASSED] - setText: Text '4111123400062020' is set on object 'Object Repository/Rental/Rental_SplitTenderDetails/SplitTender.Line2CCNo'

2017-11-15 18:39:14 - [MESSAGE][PASSED] - Text '4111123400062020' is set on object 'Object Repository/Rental/Rental_SplitTenderDetails/SplitTender.Line2CCNo'

2017-11-15 18:39:14 - [TEST_STEP][PASSED] - delay: Delayed 2 second(s)

2017-11-15 18:39:16 - [MESSAGE][PASSED] - Delayed 2 second(s)

2017-11-15 18:39:16 - [TEST_STEP][PASSED] - click: Object: 'Object Repository/Rental/Rental_SplitTenderDetails/SplitTender.Line2CVV' is clicked on

2017-11-15 18:39:16 - [MESSAGE][PASSED] - Object: 'Object Repository/Rental/Rental_SplitTenderDetails/SplitTender.Line2CVV' is clicked on

2017-11-15 18:39:16 - [TEST_STEP][PASSED] - delay: Delayed 3 second(s)

2017-11-15 18:39:19 - [MESSAGE][PASSED] - Delayed 3 second(s)

2017-11-15 18:39:19 - [TEST_STEP][PASSED] - setText: Text '865' is set on object 'Object Repository/Rental/Rental_SplitTenderDetails/SplitTender.Line2CVV'

2017-11-15 18:39:20 - [MESSAGE][PASSED] - Text '865' is set on object 'Object Repository/Rental/Rental_SplitTenderDetails/SplitTender.Line2CVV'

2017-11-15 18:39:20 - [TEST_STEP][PASSED] - delay: Delayed 3 second(s)

2017-11-15 18:39:23 - [MESSAGE][PASSED] - Delayed 3 second(s)

2017-11-15 18:39:23 - [TEST_STEP][PASSED] - click: Object: 'Object Repository/Rental/Rental_SplitTenderDetails/SplitTender.CardTypeLine2' is clicked on

2017-11-15 18:39:23 - [MESSAGE][PASSED] - Object: 'Object Repository/Rental/Rental_SplitTenderDetails/SplitTender.CardTypeLine2' is clicked on

2017-11-15 18:39:23 - [TEST_STEP][PASSED] - delay: Delayed 5 second(s)

2017-11-15 18:39:28 - [MESSAGE][PASSED] - Delayed 5 second(s)

2017-11-15 18:39:28 - [TEST_STEP][PASSED] - sendKeys: Keys 'Visa Card' sent to object: 'Object Repository/Rental/Rental_SplitTenderDetails/SplitTender.CardTypeLine2'

2017-11-15 18:39:28 - [MESSAGE][PASSED] - Keys 'Visa Card' sent to object: 'Object Repository/Rental/Rental_SplitTenderDetails/SplitTender.CardTypeLine2'

2017-11-15 18:39:28 - [TEST_STEP][PASSED] - delay: Delayed 5 second(s)

2017-11-15 18:39:33 - [MESSAGE][PASSED] - Delayed 5 second(s)

2017-11-15 18:39:33 - [TEST_STEP][PASSED] - click: Object: 'Object Repository/Rental/Rental_SplitTenderDetails/SplitTender.ExpiryMonthLine2' is clicked on

2017-11-15 18:39:34 - [MESSAGE][PASSED] - Object: 'Object Repository/Rental/Rental_SplitTenderDetails/SplitTender.ExpiryMonthLine2' is clicked on

2017-11-15 18:39:34 - [TEST_STEP][PASSED] - delay: Delayed 3 second(s)

2017-11-15 18:39:37 - [MESSAGE][PASSED] - Delayed 3 second(s)

2017-11-15 18:39:37 - [TEST_STEP][PASSED] - setText: Text '09' is set on object 'Object Repository/Rental/Rental_SplitTenderDetails/SplitTender.ExpiryMonthLine2'

2017-11-15 18:39:37 - [MESSAGE][PASSED] - Text '09' is set on object 'Object Repository/Rental/Rental_SplitTenderDetails/SplitTender.ExpiryMonthLine2'

2017-11-15 18:39:37 - [TEST_STEP][PASSED] - delay: Delayed 2 second(s)

2017-11-15 18:39:39 - [MESSAGE][PASSED] - Delayed 2 second(s)

2017-11-15 18:39:39 - [TEST_STEP][PASSED] - click: Object: 'Object Repository/Rental/Rental_SplitTenderDetails/SplitTender.ExpiryYearLine2' is clicked on

2017-11-15 18:39:39 - [MESSAGE][PASSED] - Object: 'Object Repository/Rental/Rental_SplitTenderDetails/SplitTender.ExpiryYearLine2' is clicked on

2017-11-15 18:39:39 - [TEST_STEP][PASSED] - delay: Delayed 2 second(s)

2017-11-15 18:39:41 - [MESSAGE][PASSED] - Delayed 2 second(s)

2017-11-15 18:39:41 - [TEST_STEP][PASSED] - setText: Text '99' is set on object 'Object Repository/Rental/Rental_SplitTenderDetails/SplitTender.ExpiryYearLine2'

2017-11-15 18:39:42 - [MESSAGE][PASSED] - Text '99' is set on object 'Object Repository/Rental/Rental_SplitTenderDetails/SplitTender.ExpiryYearLine2'

2017-11-15 18:39:42 - [TEST_STEP][PASSED] - delay: Delayed 3 second(s)

2017-11-15 18:39:45 - [MESSAGE][PASSED] - Delayed 3 second(s)

2017-11-15 18:39:45 - [TEST_STEP][PASSED] - scrollToElement: Scroll to object 'Object Repository/Rental/Rental_SplitTenderDetails/SplitTender.LineOrderAmount2' successfully

2017-11-15 18:39:45 - [MESSAGE][PASSED] - Scroll to object 'Object Repository/Rental/Rental_SplitTenderDetails/SplitTender.LineOrderAmount2' successfully

2017-11-15 18:39:45 - [TEST_STEP][PASSED] - delay: Delayed 2 second(s)

2017-11-15 18:39:47 - [MESSAGE][PASSED] - Delayed 2 second(s)

2017-11-15 18:39:47 - [TEST_STEP][PASSED] - click: Object: 'Object Repository/Rental/Rental_SplitTenderDetails/SplitTender.LineOrderAmount2' is clicked on

2017-11-15 18:39:47 - [MESSAGE][PASSED] - Object: 'Object Repository/Rental/Rental_SplitTenderDetails/SplitTender.LineOrderAmount2' is clicked on

2017-11-15 18:39:47 - [TEST_STEP][PASSED] - delay: Delayed 2 second(s)

2017-11-15 18:39:49 - [MESSAGE][PASSED] - Delayed 2 second(s)

2017-11-15 18:39:49 - [TEST_STEP][PASSED] - setText: Text '1.00' is set on object 'Object Repository/Rental/Rental_SplitTenderDetails/SplitTender.LineOrderAmount2'

2017-11-15 18:39:49 - [MESSAGE][PASSED] - Text '1.00' is set on object 'Object Repository/Rental/Rental_SplitTenderDetails/SplitTender.LineOrderAmount2'

2017-11-15 18:39:49 - [TEST_STEP][PASSED] - delay: Delayed 2 second(s)

2017-11-15 18:39:51 - [MESSAGE][PASSED] - Delayed 2 second(s)

2017-11-15 18:39:51 - [TEST_STEP][PASSED] - comment: ***********************Line3 started***********************

2017-11-15 18:39:51 - [TEST_STEP][PASSED] - click: Object: 'Object Repository/Rental/Rental_SplitTenderDetails/SplitTender.NewButton' is clicked on

2017-11-15 18:39:52 - [MESSAGE][PASSED] - Object: 'Object Repository/Rental/Rental_SplitTenderDetails/SplitTender.NewButton' is clicked on

2017-11-15 18:39:52 - [TEST_STEP][PASSED] - delay: Delayed 3 second(s)

2017-11-15 18:39:55 - [MESSAGE][PASSED] - Delayed 3 second(s)

2017-11-15 18:39:55 - [TEST_STEP][PASSED] - doubleClick: Object: 'Object Repository/Rental/Rental_SplitTenderDetails/SplitTender.ModeOfPaymentCreditCard2' is double clicked on

2017-11-15 18:39:55 - [MESSAGE][PASSED] - Object: 'Object Repository/Rental/Rental_SplitTenderDetails/SplitTender.ModeOfPaymentCreditCard2' is double clicked on

2017-11-15 18:39:55 - [TEST_STEP][PASSED] - delay: Delayed 2 second(s)

2017-11-15 18:39:57 - [MESSAGE][PASSED] - Delayed 2 second(s)

2017-11-15 18:39:57 - [TEST_STEP][FAILED] - click: Unable to click on object 'Object Repository/Rental/Rental_SplitTenderDetails/SplitTender.ModeOfPaymentCash' (Root cause: com.kms.katalon.core.webui.exception.WebElementNotFoundException: Web element with id: 'Object Repository/Rental/Rental_SplitTenderDetails/SplitTender.ModeOfPaymentCash' located by 'By.xpath: //*[@id = 'item_1-label']' not found)

2017-11-15 18:40:31 - [MESSAGE][FAILED] - Unable to click on object 'Object Repository/Rental/Rental_SplitTenderDetails/SplitTender.ModeOfPaymentCash' (Root cause: com.kms.katalon.core.webui.exception.WebElementNotFoundException: Web element with id: 'Object Repository/Rental/Rental_SplitTenderDetails/SplitTender.ModeOfPaymentCash' located by 'By.xpath: //*[@id = 'item_1-label']' not found)
[[ATTACHMENT|C:\\Users\\agawhande\\git\\CreditCard\\Reports\\CC_RentalInvoicewithSplitTenderTestSuite\\20171115_183341\\1510751431042.png]]

2017-11-15 18:40:31 - [TEST_STEP][PASSED] - delay: Delayed 10 second(s)

2017-11-15 18:40:41 - [MESSAGE][PASSED] - Delayed 10 second(s)

2017-11-15 18:40:41 - [TEST_STEP][NOT_RUN] - scrollToElement: NOT_RUN: scrollToElement

2017-11-15 18:40:41 - [MESSAGE][NOT_RUN] - NOT_RUN: scrollToElement

2017-11-15 18:40:41 - [TEST_STEP][PASSED] - click: Object: 'Object Repository/Rental/Rental_SplitTenderDetails/SplitTender.LineOrderAmount3' is clicked on

2017-11-15 18:40:41 - [MESSAGE][PASSED] - Object: 'Object Repository/Rental/Rental_SplitTenderDetails/SplitTender.LineOrderAmount3' is clicked on

2017-11-15 18:40:41 - [TEST_STEP][PASSED] - delay: Delayed 2 second(s)

2017-11-15 18:40:43 - [MESSAGE][PASSED] - Delayed 2 second(s)

2017-11-15 18:40:43 - [TEST_STEP][PASSED] - setText: Text '108.0' is set on object 'Object Repository/Rental/Rental_SplitTenderDetails/SplitTender.LineOrderAmount3'

2017-11-15 18:40:44 - [MESSAGE][PASSED] - Text '108.0' is set on object 'Object Repository/Rental/Rental_SplitTenderDetails/SplitTender.LineOrderAmount3'

2017-11-15 18:40:44 - [TEST_STEP][PASSED] - delay: Delayed 2 second(s)

2017-11-15 18:40:46 - [MESSAGE][PASSED] - Delayed 2 second(s)

2017-11-15 18:40:46 - [TEST_STEP][FAILED] - click: Unable to click on object 'Object Repository/Rental/Rental_SplitTenderDetails/SplitTender.Save' (Root cause: com.kms.katalon.core.webui.exception.WebElementNotFoundException: Web element with id: 'Object Repository/Rental/Rental_SplitTenderDetails/SplitTender.Save' located by 'By.xpath: //*[@id = 'xiext8105m000-4-button-std-file.save']' not found)

2017-11-15 18:41:19 - [MESSAGE][FAILED] - Unable to click on object 'Object Repository/Rental/Rental_SplitTenderDetails/SplitTender.Save' (Root cause: com.kms.katalon.core.webui.exception.WebElementNotFoundException: Web element with id: 'Object Repository/Rental/Rental_SplitTenderDetails/SplitTender.Save' located by 'By.xpath: //*[@id = 'xiext8105m000-4-button-std-file.save']' not found)
[[ATTACHMENT|C:\\Users\\agawhande\\git\\CreditCard\\Reports\\CC_RentalInvoicewithSplitTenderTestSuite\\20171115_183341\\1510751479318.png]]

2017-11-15 18:41:19 - [TEST_STEP][PASSED] - delay: Delayed 3 second(s)

2017-11-15 18:41:22 - [MESSAGE][PASSED] - Delayed 3 second(s)

2017-11-15 18:41:22 - [TEST_STEP][PASSED] - click: Object: 'Object Repository/Rental/Rental_SplitTenderDetails/SplitTender.Action' is clicked on

2017-11-15 18:41:22 - [MESSAGE][PASSED] - Object: 'Object Repository/Rental/Rental_SplitTenderDetails/SplitTender.Action' is clicked on

2017-11-15 18:41:22 - [TEST_STEP][PASSED] - delay: Delayed 2 second(s)

2017-11-15 18:41:24 - [MESSAGE][PASSED] - Delayed 2 second(s)

2017-11-15 18:41:24 - [TEST_STEP][PASSED] - click: Object: 'Object Repository/Rental/Rental_SplitTenderDetails/SplitTender.ApplyTax' is clicked on

2017-11-15 18:41:25 - [MESSAGE][PASSED] - Object: 'Object Repository/Rental/Rental_SplitTenderDetails/SplitTender.ApplyTax' is clicked on

2017-11-15 18:41:25 - [TEST_STEP][PASSED] - delay: Delayed 2 second(s)

2017-11-15 18:41:27 - [MESSAGE][PASSED] - Delayed 2 second(s)

2017-11-15 18:41:27 - [TEST_STEP][PASSED] - Statement - G_SplitInvoiceAmt1 = com.kms.katalon.core.webui.keyword.WebUiBuiltInKeywords.getText(com.kms.katalon.core.testobject.ObjectRepository.findTestObject(Rental/Rental_SplitTenderDetails/SplitTender.InvoiceAmt1)): Text of object 'Object Repository/Rental/Rental_SplitTenderDetails/SplitTender.InvoiceAmt1' is: '1.00'

2017-11-15 18:41:27 - [MESSAGE][PASSED] - Text of object 'Object Repository/Rental/Rental_SplitTenderDetails/SplitTender.InvoiceAmt1' is: '1.00'

2017-11-15 18:41:27 - [TEST_STEP][PASSED] - Statement - G_SplitInvoiceAmt2 = com.kms.katalon.core.webui.keyword.WebUiBuiltInKeywords.getText(com.kms.katalon.core.testobject.ObjectRepository.findTestObject(Rental/Rental_SplitTenderDetails/SplitTender.InvoiceAmt2)): Text of object 'Object Repository/Rental/Rental_SplitTenderDetails/SplitTender.InvoiceAmt2' is: '1.00'

2017-11-15 18:41:27 - [MESSAGE][PASSED] - Text of object 'Object Repository/Rental/Rental_SplitTenderDetails/SplitTender.InvoiceAmt2' is: '1.00'

2017-11-15 18:41:27 - [TEST_STEP][FAILED] - click: Unable to click on object 'Object Repository/Rental/Rental_SplitTenderDetails/SplitTender.SaveClose' (Root cause: org.openqa.selenium.WebDriverException: Element <div tabindex="0" class="Button" id="xiext8105m000-12-button-std-file.save_and_close" draggable="true"></div> is not clickable at point (71.5, 128). Other element would receive the click: <div class="WindowManagerGlass" style="z-index: 1;"></div>
Command duration or timeout: 76 milliseconds
Build info: version: 'unknown', revision: 'unknown', time: 'unknown'
System info: host: 'ANIL110', ip: '192.168.25.228', os.name: 'Windows 7', os.arch: 'amd64', os.version: '6.1', java.version: '1.8.0_102'
Driver info: com.kms.katalon.core.webui.driver.firefox.CFirefoxDriver47
Capabilities [{applicationCacheEnabled=true, rotatable=false, handlesAlerts=true, databaseEnabled=true, version=56.0, platform=WINDOWS, nativeEvents=false, acceptSslCerts=true, webStorageEnabled=true, locationContextEnabled=true, browserName=firefox, takesScreenshot=true, javascriptEnabled=true, cssSelectorsEnabled=true}]
Session ID: 2969fbd8-70f3-4a7f-a3d1-4d6b366da2a3)

2017-11-15 18:41:27 - [MESSAGE][FAILED] - Unable to click on object 'Object Repository/Rental/Rental_SplitTenderDetails/SplitTender.SaveClose' (Root cause: org.openqa.selenium.WebDriverException: Element <div tabindex="0" class="Button" id="xiext8105m000-12-button-std-file.save_and_close" draggable="true"></div> is not clickable at point (71.5, 128). Other element would receive the click: <div class="WindowManagerGlass" style="z-index: 1;"></div>
Command duration or timeout: 76 milliseconds
Build info: version: 'unknown', revision: 'unknown', time: 'unknown'
System info: host: 'ANIL110', ip: '192.168.25.228', os.name: 'Windows 7', os.arch: 'amd64', os.version: '6.1', java.version: '1.8.0_102'
Driver info: com.kms.katalon.core.webui.driver.firefox.CFirefoxDriver47
Capabilities [{applicationCacheEnabled=true, rotatable=false, handlesAlerts=true, databaseEnabled=true, version=56.0, platform=WINDOWS, nativeEvents=false, acceptSslCerts=true, webStorageEnabled=true, locationContextEnabled=true, browserName=firefox, takesScreenshot=true, javascriptEnabled=true, cssSelectorsEnabled=true}]
Session ID: 2969fbd8-70f3-4a7f-a3d1-4d6b366da2a3)
[[ATTACHMENT|C:\\Users\\agawhande\\git\\CreditCard\\Reports\\CC_RentalInvoicewithSplitTenderTestSuite\\20171115_183341\\1510751487762.png]]

2017-11-15 18:41:27 - [TEST_STEP][PASSED] - delay: Delayed 2 second(s)

2017-11-15 18:41:29 - [MESSAGE][PASSED] - Delayed 2 second(s)

2017-11-15 18:41:29 - [TEST_STEP][FAILED] - click: Unable to click on object 'Object Repository/Rental/RentalHeader/RentalInvoice/ServiceCreditCard.Process' (Root cause: org.openqa.selenium.WebDriverException: Element <div tabindex="0" class="Button TextButton" id="xiext6102m000-11-button-form-process.cc.payment" draggable="true"></div> is not clickable at point (212, 123). Other element would receive the click: <div class="WindowManagerGlass" style="z-index: 1;"></div>
Command duration or timeout: 85 milliseconds
Build info: version: 'unknown', revision: 'unknown', time: 'unknown'
System info: host: 'ANIL110', ip: '192.168.25.228', os.name: 'Windows 7', os.arch: 'amd64', os.version: '6.1', java.version: '1.8.0_102'
Driver info: com.kms.katalon.core.webui.driver.firefox.CFirefoxDriver47
Capabilities [{applicationCacheEnabled=true, rotatable=false, handlesAlerts=true, databaseEnabled=true, version=56.0, platform=WINDOWS, nativeEvents=false, acceptSslCerts=true, webStorageEnabled=true, locationContextEnabled=true, browserName=firefox, takesScreenshot=true, javascriptEnabled=true, cssSelectorsEnabled=true}]
Session ID: 2969fbd8-70f3-4a7f-a3d1-4d6b366da2a3)

2017-11-15 18:41:30 - [MESSAGE][FAILED] - Unable to click on object 'Object Repository/Rental/RentalHeader/RentalInvoice/ServiceCreditCard.Process' (Root cause: org.openqa.selenium.WebDriverException: Element <div tabindex="0" class="Button TextButton" id="xiext6102m000-11-button-form-process.cc.payment" draggable="true"></div> is not clickable at point (212, 123). Other element would receive the click: <div class="WindowManagerGlass" style="z-index: 1;"></div>
Command duration or timeout: 85 milliseconds
Build info: version: 'unknown', revision: 'unknown', time: 'unknown'
System info: host: 'ANIL110', ip: '192.168.25.228', os.name: 'Windows 7', os.arch: 'amd64', os.version: '6.1', java.version: '1.8.0_102'
Driver info: com.kms.katalon.core.webui.driver.firefox.CFirefoxDriver47
Capabilities [{applicationCacheEnabled=true, rotatable=false, handlesAlerts=true, databaseEnabled=true, version=56.0, platform=WINDOWS, nativeEvents=false, acceptSslCerts=true, webStorageEnabled=true, locationContextEnabled=true, browserName=firefox, takesScreenshot=true, javascriptEnabled=true, cssSelectorsEnabled=true}]
Session ID: 2969fbd8-70f3-4a7f-a3d1-4d6b366da2a3)
[[ATTACHMENT|C:\\Users\\agawhande\\git\\CreditCard\\Reports\\CC_RentalInvoicewithSplitTenderTestSuite\\20171115_183341\\1510751490134.png]]

2017-11-15 18:41:30 - [TEST_STEP][PASSED] - delay: Delayed 13 second(s)

2017-11-15 18:41:43 - [MESSAGE][PASSED] - Delayed 13 second(s)

2017-11-15 18:41:43 - [TEST_STEP][FAILED] - click: Unable to click on object 'Object Repository/Rental/RentalHeader/RentalInvoice/ServiceCreditCard.PrintOK' (Root cause: com.kms.katalon.core.webui.exception.WebElementNotFoundException: Web element with id: 'Object Repository/Rental/RentalHeader/RentalInvoice/ServiceCreditCard.PrintOK' located by 'By.xpath: //*[@id = 'dlg-erext4203m001-10-input-button-0']' not found)

2017-11-15 18:42:16 - [MESSAGE][FAILED] - Unable to click on object 'Object Repository/Rental/RentalHeader/RentalInvoice/ServiceCreditCard.PrintOK' (Root cause: com.kms.katalon.core.webui.exception.WebElementNotFoundException: Web element with id: 'Object Repository/Rental/RentalHeader/RentalInvoice/ServiceCreditCard.PrintOK' located by 'By.xpath: //*[@id = 'dlg-erext4203m001-10-input-button-0']' not found)
[[ATTACHMENT|C:\\Users\\agawhande\\git\\CreditCard\\Reports\\CC_RentalInvoicewithSplitTenderTestSuite\\20171115_183341\\1510751536607.png]]

2017-11-15 18:42:16 - [TEST_STEP][PASSED] - delay: Delayed 10 second(s)

2017-11-15 18:42:26 - [MESSAGE][PASSED] - Delayed 10 second(s)

2017-11-15 18:42:26 - [TEST_STEP][FAILED] - click: Unable to click on object 'Object Repository/Rental/RentalHeader/RentalInvoice/ServiceCreditCard.PrintDevice' (Root cause: com.kms.katalon.core.webui.exception.WebElementNotFoundException: Web element with id: 'Object Repository/Rental/RentalHeader/RentalInvoice/ServiceCreditCard.PrintDevice' located by 'By.xpath: //*[@id = 'ttstpsplopen-13-button-form-exec.cont.process']' not found)

2017-11-15 18:43:00 - [MESSAGE][FAILED] - Unable to click on object 'Object Repository/Rental/RentalHeader/RentalInvoice/ServiceCreditCard.PrintDevice' (Root cause: com.kms.katalon.core.webui.exception.WebElementNotFoundException: Web element with id: 'Object Repository/Rental/RentalHeader/RentalInvoice/ServiceCreditCard.PrintDevice' located by 'By.xpath: //*[@id = 'ttstpsplopen-13-button-form-exec.cont.process']' not found)
[[ATTACHMENT|C:\\Users\\agawhande\\git\\CreditCard\\Reports\\CC_RentalInvoicewithSplitTenderTestSuite\\20171115_183341\\1510751580264.png]]

2017-11-15 18:43:00 - [TEST_STEP][PASSED] - delay: Delayed 5 second(s)

2017-11-15 18:43:05 - [MESSAGE][PASSED] - Delayed 5 second(s)

2017-11-15 18:43:05 - [MESSAGE][FAILED] - Unable to call Test Case with id 'Test Cases/Rental/Base_RentalContract/Base_CreateRentalInvoicewithSpitTenderDetails_SplitTender' (Root cause: Call Test Case 'Test Cases/Rental/Base_RentalContract/Base_CreateRentalInvoicewithSpitTenderDetails_SplitTender' failed)]]></system-out>
         <system-err><![CDATA[2017-11-15 18:33:51 - [TEST_CASE][FAILED] - Test Cases/Rental/Base_RentalContract/CreditCardRegression/TC004_RentalContractInvoice_SplitTender - Iteration 1: Test Cases/Rental/Base_RentalContract/CreditCardRegression/TC004_RentalContractInvoice_SplitTender FAILED because (of) Unable to click on object 'Object Repository/Rental/Rental_SplitTenderDetails/SplitTender.ModeOfPaymentCash' (Root cause: com.kms.katalon.core.webui.exception.WebElementNotFoundException: Web element with id: 'Object Repository/Rental/Rental_SplitTenderDetails/SplitTender.ModeOfPaymentCash' located by 'By.xpath: //*[@id = 'item_1-label']' not found)]]></system-err>
      </testcase>
      <testcase name="Test Cases/Rental/Base_RentalContract/CreditCardRegression/TC004_RentalContractInvoice_SplitTender - Iteration 2" classname="Test Cases/Rental/Base_RentalContract/CreditCardRegression/TC004_RentalContractInvoice_SplitTender" status="FAILED">
         <failure type="FAILED" message="Test Cases/Rental/Base_RentalContract/CreditCardRegression/TC004_RentalContractInvoice_SplitTender FAILED because (of) Unable to set text '09' of object 'Object Repository/Rental/Rental_SplitTenderDetails/SplitTender.ExpiryMonthLine2' (Root cause: org.openqa.selenium.InvalidElementStateException: Element must be user-editable in order to clear it.
Command duration or timeout: 29 milliseconds
Build info: version: 'unknown', revision: 'unknown', time: 'unknown'
System info: host: 'ANIL110', ip: '192.168.25.228', os.name: 'Windows 7', os.arch: 'amd64', os.version: '6.1', java.version: '1.8.0_102'
Driver info: com.kms.katalon.core.webui.driver.firefox.CFirefoxDriver47
Capabilities [{applicationCacheEnabled=true, rotatable=false, handlesAlerts=true, databaseEnabled=true, version=56.0, platform=WINDOWS, nativeEvents=false, acceptSslCerts=true, webStorageEnabled=true, locationContextEnabled=true, browserName=firefox, takesScreenshot=true, javascriptEnabled=true, cssSelectorsEnabled=true}]
Session ID: 600e86e1-1c7e-406e-bb89-14bfd73bb0d7)"/>
         <system-out><![CDATA[2017-11-15 18:43:05 - [TEST_CASE][FAILED] - Test Cases/Rental/Base_RentalContract/CreditCardRegression/TC004_RentalContractInvoice_SplitTender - Iteration 2: Test Cases/Rental/Base_RentalContract/CreditCardRegression/TC004_RentalContractInvoice_SplitTender FAILED because (of) Unable to set text '09' of object 'Object Repository/Rental/Rental_SplitTenderDetails/SplitTender.ExpiryMonthLine2' (Root cause: org.openqa.selenium.InvalidElementStateException: Element must be user-editable in order to clear it.
Command duration or timeout: 29 milliseconds
Build info: version: 'unknown', revision: 'unknown', time: 'unknown'
System info: host: 'ANIL110', ip: '192.168.25.228', os.name: 'Windows 7', os.arch: 'amd64', os.version: '6.1', java.version: '1.8.0_102'
Driver info: com.kms.katalon.core.webui.driver.firefox.CFirefoxDriver47
Capabilities [{applicationCacheEnabled=true, rotatable=false, handlesAlerts=true, databaseEnabled=true, version=56.0, platform=WINDOWS, nativeEvents=false, acceptSslCerts=true, webStorageEnabled=true, locationContextEnabled=true, browserName=firefox, takesScreenshot=true, javascriptEnabled=true, cssSelectorsEnabled=true}]
Session ID: 600e86e1-1c7e-406e-bb89-14bfd73bb0d7)

2017-11-15 18:43:05 - [TEST_STEP][PASSED] - callTestCase: Call Test Case 'Test Cases/Equipment/Base_EquipmentPurchase/EPO_CreateNrecieve' successfully

2017-11-15 18:43:05 - [TEST_CASE][PASSED] - Test Cases/Equipment/Base_EquipmentPurchase/EPO_CreateNrecieve: Test Cases/Equipment/Base_EquipmentPurchase/EPO_CreateNrecieve

2017-11-15 18:43:05 - [TEST_STEP][PASSED] - callTestCase: Call Test Case 'Test Cases/Equipment/Base_EquipmentPurchase/Base_EPO_CreateHeaderNline' successfully

2017-11-15 18:43:05 - [TEST_CASE][PASSED] - Test Cases/Equipment/Base_EquipmentPurchase/Base_EPO_CreateHeaderNline: Test Cases/Equipment/Base_EquipmentPurchase/Base_EPO_CreateHeaderNline

2017-11-15 18:43:05 - [TEST_STEP][PASSED] - callTestCase: Call Test Case 'Test Cases/Common/Base_Common_OpenSession' successfully

2017-11-15 18:43:05 - [TEST_CASE][PASSED] - Test Cases/Common/Base_Common_OpenSession: Test Cases/Common/Base_Common_OpenSession

2017-11-15 18:43:05 - [TEST_STEP][PASSED] - openBrowser: Browser is opened with url: 'https://rgajbhiye:Robin$123@proxima-ln4.e-emphasys.com:8441/webui/servlet/login'

2017-11-15 18:43:05 - [MESSAGE][WARNING] - A browser is already opened. Closing browser and opening a new one

2017-11-15 18:43:13 - [MESSAGE][PASSED] - Browser is opened with url: 'https://rgajbhiye:Robin$123@proxima-ln4.e-emphasys.com:8441/webui/servlet/login'

2017-11-15 18:43:13 - [TEST_STEP][PASSED] - waitForPageLoad: Wait for page load successfully

2017-11-15 18:43:13 - [MESSAGE][PASSED] - Wait for page load successfully

2017-11-15 18:43:13 - [TEST_STEP][PASSED] - maximizeWindow: Current window maximized

2017-11-15 18:43:13 - [MESSAGE][PASSED] - Current window maximized

2017-11-15 18:43:13 - [TEST_STEP][PASSED] - click: Object: 'Object Repository/Common/HomePage/HomePage_more' is clicked on

2017-11-15 18:43:15 - [MESSAGE][PASSED] - Object: 'Object Repository/Common/HomePage/HomePage_more' is clicked on

2017-11-15 18:43:15 - [TEST_STEP][PASSED] - click: Object: 'Object Repository/Common/HomePage/HomePage_Option' is clicked on

2017-11-15 18:43:15 - [MESSAGE][PASSED] - Object: 'Object Repository/Common/HomePage/HomePage_Option' is clicked on

2017-11-15 18:43:15 - [TEST_STEP][PASSED] - click: Object: 'Object Repository/Common/HomePage/HomePage_RunProgram_' is clicked on

2017-11-15 18:43:16 - [MESSAGE][PASSED] - Object: 'Object Repository/Common/HomePage/HomePage_RunProgram_' is clicked on

2017-11-15 18:43:16 - [TEST_STEP][PASSED] - sendKeys: Keys 'tdext8150s000' sent to object: 'Object Repository/Common/HomePage/HomePage_Session_ID'

2017-11-15 18:43:16 - [MESSAGE][PASSED] - Keys 'tdext8150s000' sent to object: 'Object Repository/Common/HomePage/HomePage_Session_ID'

2017-11-15 18:43:16 - [TEST_STEP][PASSED] - click: Object: 'Object Repository/Common/HomePage/HomePage_OkButton' is clicked on

2017-11-15 18:43:16 - [MESSAGE][PASSED] - Object: 'Object Repository/Common/HomePage/HomePage_OkButton' is clicked on

2017-11-15 18:43:16 - [MESSAGE][PASSED] - Call Test Case 'Test Cases/Common/Base_Common_OpenSession' successfully

2017-11-15 18:43:16 - [TEST_STEP][PASSED] - waitForElementPresent: Object 'Object Repository/Equipment/EquipmentPurchase/EPO_Header/EPO_Header_New' is present

2017-11-15 18:43:19 - [MESSAGE][PASSED] - Object 'Object Repository/Equipment/EquipmentPurchase/EPO_Header/EPO_Header_New' is present

2017-11-15 18:43:19 - [TEST_STEP][PASSED] - click: Object: 'Object Repository/Equipment/EquipmentPurchase/EPO_Header/EPO_Header_New' is clicked on

2017-11-15 18:43:19 - [MESSAGE][PASSED] - Object: 'Object Repository/Equipment/EquipmentPurchase/EPO_Header/EPO_Header_New' is clicked on

2017-11-15 18:43:19 - [TEST_STEP][PASSED] - click: Object: 'Object Repository/Equipment/EquipmentPurchase/EPO_Header/EPO_Header_Customer' is clicked on

2017-11-15 18:43:19 - [MESSAGE][PASSED] - Object: 'Object Repository/Equipment/EquipmentPurchase/EPO_Header/EPO_Header_Customer' is clicked on

2017-11-15 18:43:19 - [TEST_STEP][PASSED] - setText: Text 'M00000010' is set on object 'Object Repository/Equipment/EquipmentPurchase/EPO_Header/EPO_Header_Customer'

2017-11-15 18:43:19 - [MESSAGE][PASSED] - Text 'M00000010' is set on object 'Object Repository/Equipment/EquipmentPurchase/EPO_Header/EPO_Header_Customer'

2017-11-15 18:43:19 - [TEST_STEP][PASSED] - click: Object: 'Object Repository/Equipment/EquipmentPurchase/EPO_Header/EPO_Header_Save' is clicked on

2017-11-15 18:43:19 - [MESSAGE][PASSED] - Object: 'Object Repository/Equipment/EquipmentPurchase/EPO_Header/EPO_Header_Save' is clicked on

2017-11-15 18:43:19 - [TEST_STEP][PASSED] - delay: Delayed 5 second(s)

2017-11-15 18:43:24 - [MESSAGE][PASSED] - Delayed 5 second(s)

2017-11-15 18:43:24 - [TEST_STEP][PASSED] - click: Object: 'Object Repository/Equipment/EquipmentPurchase/EPO_Header/EPO_Header_Action' is clicked on

2017-11-15 18:43:25 - [MESSAGE][PASSED] - Object: 'Object Repository/Equipment/EquipmentPurchase/EPO_Header/EPO_Header_Action' is clicked on

2017-11-15 18:43:25 - [TEST_STEP][PASSED] - click: Object: 'Object Repository/Equipment/EquipmentPurchase/EPO_Header/EPO_Header_Action_OrderLines' is clicked on

2017-11-15 18:43:25 - [MESSAGE][PASSED] - Object: 'Object Repository/Equipment/EquipmentPurchase/EPO_Header/EPO_Header_Action_OrderLines' is clicked on

2017-11-15 18:43:25 - [TEST_STEP][PASSED] - waitForElementPresent: Object 'Object Repository/Equipment/EquipmentPurchase/EPO_Line/EPO_MultiLine_New' is present

2017-11-15 18:43:26 - [MESSAGE][PASSED] - Object 'Object Repository/Equipment/EquipmentPurchase/EPO_Line/EPO_MultiLine_New' is present

2017-11-15 18:43:26 - [TEST_STEP][PASSED] - click: Object: 'Object Repository/Equipment/EquipmentPurchase/EPO_Line/EPO_MultiLine_New' is clicked on

2017-11-15 18:43:27 - [MESSAGE][PASSED] - Object: 'Object Repository/Equipment/EquipmentPurchase/EPO_Line/EPO_MultiLine_New' is clicked on

2017-11-15 18:43:27 - [TEST_STEP][PASSED] - waitForElementPresent: Object 'Object Repository/Equipment/EquipmentPurchase/EPO_Line/EPO_Line_Model' is present

2017-11-15 18:43:28 - [MESSAGE][PASSED] - Object 'Object Repository/Equipment/EquipmentPurchase/EPO_Line/EPO_Line_Model' is present

2017-11-15 18:43:28 - [TEST_STEP][PASSED] - click: Object: 'Object Repository/Equipment/EquipmentPurchase/EPO_Line/EPO_Line_Model' is clicked on

2017-11-15 18:43:28 - [MESSAGE][PASSED] - Object: 'Object Repository/Equipment/EquipmentPurchase/EPO_Line/EPO_Line_Model' is clicked on

2017-11-15 18:43:28 - [TEST_STEP][PASSED] - delay: Delayed 2 second(s)

2017-11-15 18:43:30 - [MESSAGE][PASSED] - Delayed 2 second(s)

2017-11-15 18:43:30 - [TEST_STEP][PASSED] - setText: Text '1032' is set on object 'Object Repository/Equipment/EquipmentPurchase/EPO_Line/EPO_Line_Model'

2017-11-15 18:43:30 - [MESSAGE][PASSED] - Text '1032' is set on object 'Object Repository/Equipment/EquipmentPurchase/EPO_Line/EPO_Line_Model'

2017-11-15 18:43:30 - [TEST_STEP][PASSED] - click: Object: 'Object Repository/Equipment/EquipmentPurchase/EPO_Line/EPO_Line_NeworUsed' is clicked on

2017-11-15 18:43:30 - [MESSAGE][PASSED] - Object: 'Object Repository/Equipment/EquipmentPurchase/EPO_Line/EPO_Line_NeworUsed' is clicked on

2017-11-15 18:43:30 - [TEST_STEP][PASSED] - click: Object: 'Object Repository/Equipment/EquipmentPurchase/EPO_Line/EPO_Line_NewEquipOption' is clicked on

2017-11-15 18:43:30 - [MESSAGE][PASSED] - Object: 'Object Repository/Equipment/EquipmentPurchase/EPO_Line/EPO_Line_NewEquipOption' is clicked on

2017-11-15 18:43:30 - [TEST_STEP][PASSED] - click: Object: 'Object Repository/Equipment/EquipmentPurchase/EPO_Line/EPO_Line_PlannedDate' is clicked on

2017-11-15 18:43:30 - [MESSAGE][PASSED] - Object: 'Object Repository/Equipment/EquipmentPurchase/EPO_Line/EPO_Line_PlannedDate' is clicked on

2017-11-15 18:43:30 - [TEST_STEP][PASSED] - delay: Delayed 2 second(s)

2017-11-15 18:43:32 - [MESSAGE][PASSED] - Delayed 2 second(s)

2017-11-15 18:43:32 - [TEST_STEP][PASSED] - setText: Text '+10' is set on object 'Object Repository/Equipment/EquipmentPurchase/EPO_Line/EPO_Line_PlannedDate'

2017-11-15 18:43:33 - [MESSAGE][PASSED] - Text '+10' is set on object 'Object Repository/Equipment/EquipmentPurchase/EPO_Line/EPO_Line_PlannedDate'

2017-11-15 18:43:33 - [TEST_STEP][PASSED] - click: Object: 'Object Repository/Equipment/EquipmentPurchase/EPO_Line/EPO_Line_Price' is clicked on

2017-11-15 18:43:33 - [MESSAGE][PASSED] - Object: 'Object Repository/Equipment/EquipmentPurchase/EPO_Line/EPO_Line_Price' is clicked on

2017-11-15 18:43:33 - [TEST_STEP][PASSED] - delay: Delayed 2 second(s)

2017-11-15 18:43:35 - [MESSAGE][PASSED] - Delayed 2 second(s)

2017-11-15 18:43:35 - [TEST_STEP][PASSED] - setText: Text '100' is set on object 'Object Repository/Equipment/EquipmentPurchase/EPO_Line/EPO_Line_Price'

2017-11-15 18:43:35 - [MESSAGE][PASSED] - Text '100' is set on object 'Object Repository/Equipment/EquipmentPurchase/EPO_Line/EPO_Line_Price'

2017-11-15 18:43:35 - [TEST_STEP][PASSED] - click: Object: 'Object Repository/Equipment/EquipmentPurchase/EPO_Line/EPO_Line_Save' is clicked on

2017-11-15 18:43:35 - [MESSAGE][PASSED] - Object: 'Object Repository/Equipment/EquipmentPurchase/EPO_Line/EPO_Line_Save' is clicked on

2017-11-15 18:43:35 - [TEST_STEP][PASSED] - click: Object: 'Object Repository/Equipment/EquipmentPurchase/EPO_Line/EPO_Line_importNO' is clicked on

2017-11-15 18:43:36 - [MESSAGE][PASSED] - Object: 'Object Repository/Equipment/EquipmentPurchase/EPO_Line/EPO_Line_importNO' is clicked on

2017-11-15 18:43:36 - [TEST_STEP][PASSED] - click: Object: 'Object Repository/Equipment/EquipmentPurchase/EPO_Line/EPO_Line_SaveNclose' is clicked on

2017-11-15 18:43:36 - [MESSAGE][PASSED] - Object: 'Object Repository/Equipment/EquipmentPurchase/EPO_Line/EPO_Line_SaveNclose' is clicked on

2017-11-15 18:43:36 - [TEST_STEP][PASSED] - delay: Delayed 2 second(s)

2017-11-15 18:43:38 - [MESSAGE][PASSED] - Delayed 2 second(s)

2017-11-15 18:43:38 - [TEST_STEP][PASSED] - click: Object: 'Object Repository/Equipment/EquipmentPurchase/EPO_Line/EPO_MultiLine_SavenClose' is clicked on

2017-11-15 18:43:38 - [MESSAGE][PASSED] - Object: 'Object Repository/Equipment/EquipmentPurchase/EPO_Line/EPO_MultiLine_SavenClose' is clicked on

2017-11-15 18:43:38 - [MESSAGE][PASSED] - Call Test Case 'Test Cases/Equipment/Base_EquipmentPurchase/Base_EPO_CreateHeaderNline' successfully

2017-11-15 18:43:38 - [TEST_STEP][PASSED] - callTestCase: Call Test Case 'Test Cases/Equipment/Base_EquipmentPurchase/Base_EPO_Reciept' successfully

2017-11-15 18:43:38 - [TEST_CASE][PASSED] - Test Cases/Equipment/Base_EquipmentPurchase/Base_EPO_Reciept: Test Cases/Equipment/Base_EquipmentPurchase/Base_EPO_Reciept

2017-11-15 18:43:38 - [TEST_STEP][PASSED] - click: Object: 'Object Repository/Equipment/EquipmentPurchase/EPO_Header/EPO_Header_Action' is clicked on

2017-11-15 18:43:39 - [MESSAGE][PASSED] - Object: 'Object Repository/Equipment/EquipmentPurchase/EPO_Header/EPO_Header_Action' is clicked on

2017-11-15 18:43:39 - [TEST_STEP][PASSED] - click: Object: 'Object Repository/Equipment/EquipmentPurchase/EPO_Header/EPO_Header_Action_SendForApproval' is clicked on

2017-11-15 18:43:39 - [MESSAGE][PASSED] - Object: 'Object Repository/Equipment/EquipmentPurchase/EPO_Header/EPO_Header_Action_SendForApproval' is clicked on

2017-11-15 18:43:39 - [TEST_STEP][PASSED] - delay: Delayed 5 second(s)

2017-11-15 18:43:44 - [MESSAGE][PASSED] - Delayed 5 second(s)

2017-11-15 18:43:44 - [TEST_STEP][PASSED] - click: Object: 'Object Repository/Equipment/EquipmentPurchase/EPO_Header/EPO_Header_Action' is clicked on

2017-11-15 18:43:44 - [MESSAGE][PASSED] - Object: 'Object Repository/Equipment/EquipmentPurchase/EPO_Header/EPO_Header_Action' is clicked on

2017-11-15 18:43:44 - [TEST_STEP][PASSED] - click: Object: 'Object Repository/Equipment/EquipmentPurchase/EPO_Header/EPO_Header_Apporve' is clicked on

2017-11-15 18:43:44 - [MESSAGE][PASSED] - Object: 'Object Repository/Equipment/EquipmentPurchase/EPO_Header/EPO_Header_Apporve' is clicked on

2017-11-15 18:43:44 - [TEST_STEP][PASSED] - delay: Delayed 5 second(s)

2017-11-15 18:43:49 - [MESSAGE][PASSED] - Delayed 5 second(s)

2017-11-15 18:43:49 - [TEST_STEP][PASSED] - click: Object: 'Object Repository/Equipment/EquipmentPurchase/EPO_Header/EPO_Header_Print' is clicked on

2017-11-15 18:43:49 - [MESSAGE][PASSED] - Object: 'Object Repository/Equipment/EquipmentPurchase/EPO_Header/EPO_Header_Print' is clicked on

2017-11-15 18:43:49 - [TEST_STEP][PASSED] - click: Object: 'Object Repository/Equipment/EquipmentPurchase/EPO_Header/EPO_Print_FinalPrint' is clicked on

2017-11-15 18:43:50 - [MESSAGE][PASSED] - Object: 'Object Repository/Equipment/EquipmentPurchase/EPO_Header/EPO_Print_FinalPrint' is clicked on

2017-11-15 18:43:50 - [TEST_STEP][PASSED] - click: Object: 'Object Repository/Equipment/EquipmentPurchase/EPO_Header/EPO_Print_PrintOption' is clicked on

2017-11-15 18:43:50 - [MESSAGE][PASSED] - Object: 'Object Repository/Equipment/EquipmentPurchase/EPO_Header/EPO_Print_PrintOption' is clicked on

2017-11-15 18:43:50 - [TEST_STEP][PASSED] - click: Object: 'Object Repository/Equipment/EquipmentPurchase/EPO_Header/EPO_Print_Device' is clicked on

2017-11-15 18:43:53 - [MESSAGE][PASSED] - Object: 'Object Repository/Equipment/EquipmentPurchase/EPO_Header/EPO_Print_Device' is clicked on

2017-11-15 18:43:53 - [TEST_STEP][PASSED] - setText: Text 'D' is set on object 'Object Repository/Equipment/EquipmentPurchase/EPO_Header/EPO_Print_Device'

2017-11-15 18:43:53 - [MESSAGE][PASSED] - Text 'D' is set on object 'Object Repository/Equipment/EquipmentPurchase/EPO_Header/EPO_Print_Device'

2017-11-15 18:43:53 - [TEST_STEP][PASSED] - click: Object: 'Object Repository/Equipment/EquipmentPurchase/EPO_Header/EPO_Print_Continue' is clicked on

2017-11-15 18:43:53 - [MESSAGE][PASSED] - Object: 'Object Repository/Equipment/EquipmentPurchase/EPO_Header/EPO_Print_Continue' is clicked on

2017-11-15 18:43:53 - [TEST_STEP][PASSED] - delay: Delayed 5 second(s)

2017-11-15 18:43:58 - [MESSAGE][PASSED] - Delayed 5 second(s)

2017-11-15 18:43:58 - [TEST_STEP][PASSED] - click: Object: 'Object Repository/Equipment/EquipmentPurchase/EPO_Header/EPO_Header_EPOtab' is clicked on

2017-11-15 18:43:58 - [MESSAGE][PASSED] - Object: 'Object Repository/Equipment/EquipmentPurchase/EPO_Header/EPO_Header_EPOtab' is clicked on

2017-11-15 18:43:58 - [TEST_STEP][PASSED] - click: Object: 'Object Repository/Equipment/EquipmentPurchase/EPO_Header/EPO_Print_Close' is clicked on

2017-11-15 18:43:58 - [MESSAGE][PASSED] - Object: 'Object Repository/Equipment/EquipmentPurchase/EPO_Header/EPO_Print_Close' is clicked on

2017-11-15 18:43:58 - [TEST_STEP][PASSED] - delay: Delayed 3 second(s)

2017-11-15 18:44:01 - [MESSAGE][PASSED] - Delayed 3 second(s)

2017-11-15 18:44:01 - [TEST_STEP][PASSED] - click: Object: 'Object Repository/Equipment/EquipmentPurchase/EPO_Header/EPO_Header_Action' is clicked on

2017-11-15 18:44:02 - [MESSAGE][PASSED] - Object: 'Object Repository/Equipment/EquipmentPurchase/EPO_Header/EPO_Header_Action' is clicked on

2017-11-15 18:44:02 - [TEST_STEP][PASSED] - click: Object: 'Object Repository/Equipment/EquipmentPurchase/EPO_Header/EPO_Action_Reciept' is clicked on

2017-11-15 18:44:02 - [MESSAGE][PASSED] - Object: 'Object Repository/Equipment/EquipmentPurchase/EPO_Header/EPO_Action_Reciept' is clicked on

2017-11-15 18:44:02 - [TEST_STEP][PASSED] - waitForElementPresent: Object 'Object Repository/Equipment/EquipmentPurchase/EPO_Receipt/EPO_Reciept_Save' is present

2017-11-15 18:44:03 - [MESSAGE][PASSED] - Object 'Object Repository/Equipment/EquipmentPurchase/EPO_Receipt/EPO_Reciept_Save' is present

2017-11-15 18:44:03 - [TEST_STEP][PASSED] - click: Object: 'Object Repository/Equipment/EquipmentPurchase/EPO_Receipt/EPO_Reciept_Save' is clicked on

2017-11-15 18:44:04 - [MESSAGE][PASSED] - Object: 'Object Repository/Equipment/EquipmentPurchase/EPO_Receipt/EPO_Reciept_Save' is clicked on

2017-11-15 18:44:04 - [TEST_STEP][PASSED] - delay: Delayed 3 second(s)

2017-11-15 18:44:07 - [MESSAGE][PASSED] - Delayed 3 second(s)

2017-11-15 18:44:07 - [TEST_STEP][PASSED] - click: Object: 'Object Repository/Equipment/EquipmentPurchase/EPO_Receipt/EPO_Receipt_Action' is clicked on

2017-11-15 18:44:07 - [MESSAGE][PASSED] - Object: 'Object Repository/Equipment/EquipmentPurchase/EPO_Receipt/EPO_Receipt_Action' is clicked on

2017-11-15 18:44:07 - [TEST_STEP][PASSED] - click: Object: 'Object Repository/Equipment/EquipmentPurchase/EPO_Receipt/EPO_Receipt_Action_ReceiptLine' is clicked on

2017-11-15 18:44:07 - [MESSAGE][PASSED] - Object: 'Object Repository/Equipment/EquipmentPurchase/EPO_Receipt/EPO_Receipt_Action_ReceiptLine' is clicked on

2017-11-15 18:44:07 - [TEST_STEP][PASSED] - waitForElementPresent: Object 'Object Repository/Equipment/EquipmentPurchase/EPO_Receipt_Line/EPO_ReceiptLine_New' is present

2017-11-15 18:44:08 - [MESSAGE][PASSED] - Object 'Object Repository/Equipment/EquipmentPurchase/EPO_Receipt_Line/EPO_ReceiptLine_New' is present

2017-11-15 18:44:08 - [TEST_STEP][PASSED] - click: Object: 'Object Repository/Equipment/EquipmentPurchase/EPO_Receipt_Line/EPO_ReceiptLine_New' is clicked on

2017-11-15 18:44:08 - [MESSAGE][PASSED] - Object: 'Object Repository/Equipment/EquipmentPurchase/EPO_Receipt_Line/EPO_ReceiptLine_New' is clicked on

2017-11-15 18:44:08 - [TEST_STEP][PASSED] - waitForElementPresent: Object 'Object Repository/Equipment/EquipmentPurchase/EPO_Receipt_Line/EPO_RecieptLine_Select' is present

2017-11-15 18:44:09 - [MESSAGE][PASSED] - Object 'Object Repository/Equipment/EquipmentPurchase/EPO_Receipt_Line/EPO_RecieptLine_Select' is present

2017-11-15 18:44:09 - [TEST_STEP][PASSED] - click: Object: 'Object Repository/Equipment/EquipmentPurchase/EPO_Receipt_Line/EPO_RecieptLine_Select' is clicked on

2017-11-15 18:44:09 - [MESSAGE][PASSED] - Object: 'Object Repository/Equipment/EquipmentPurchase/EPO_Receipt_Line/EPO_RecieptLine_Select' is clicked on

2017-11-15 18:44:09 - [TEST_STEP][PASSED] - delay: Delayed 3 second(s)

2017-11-15 18:44:12 - [MESSAGE][PASSED] - Delayed 3 second(s)

2017-11-15 18:44:12 - [TEST_STEP][PASSED] - click: Object: 'Object Repository/Equipment/EquipmentPurchase/EPO_Receipt_Line/EPO_ReceiptLine_SavenClose' is clicked on

2017-11-15 18:44:13 - [MESSAGE][PASSED] - Object: 'Object Repository/Equipment/EquipmentPurchase/EPO_Receipt_Line/EPO_ReceiptLine_SavenClose' is clicked on

2017-11-15 18:44:13 - [TEST_STEP][PASSED] - waitForElementPresent: Object 'Object Repository/Equipment/EquipmentPurchase/EPO_Receipt_Line/EPO_RecieptLineAction' is present

2017-11-15 18:44:13 - [MESSAGE][PASSED] - Object 'Object Repository/Equipment/EquipmentPurchase/EPO_Receipt_Line/EPO_RecieptLineAction' is present

2017-11-15 18:44:13 - [TEST_STEP][PASSED] - Statement - G_Unit = com.kms.katalon.core.webui.keyword.WebUiBuiltInKeywords.getText(com.kms.katalon.core.testobject.ObjectRepository.findTestObject(Equipment/EquipmentPurchase/EPO_Receipt/EPO_Reciept_Unit)): Text of object 'Object Repository/Equipment/EquipmentPurchase/EPO_Receipt/EPO_Reciept_Unit' is: 'MD0018328'

2017-11-15 18:44:13 - [MESSAGE][PASSED] - Text of object 'Object Repository/Equipment/EquipmentPurchase/EPO_Receipt/EPO_Reciept_Unit' is: 'MD0018328'

2017-11-15 18:44:13 - [TEST_STEP][PASSED] - click: Object: 'Object Repository/Equipment/EquipmentPurchase/EPO_Receipt_Line/EPO_RecieptLineAction' is clicked on

2017-11-15 18:44:13 - [MESSAGE][PASSED] - Object: 'Object Repository/Equipment/EquipmentPurchase/EPO_Receipt_Line/EPO_RecieptLineAction' is clicked on

2017-11-15 18:44:13 - [TEST_STEP][PASSED] - click: Object: 'Object Repository/Equipment/EquipmentPurchase/EPO_Receipt/EPO_Action_Confirm' is clicked on

2017-11-15 18:44:13 - [MESSAGE][PASSED] - Object: 'Object Repository/Equipment/EquipmentPurchase/EPO_Receipt/EPO_Action_Confirm' is clicked on

2017-11-15 18:44:13 - [TEST_STEP][PASSED] - click: Object: 'Object Repository/Equipment/EquipmentPurchase/EPO_Receipt/EPO_Reciept_MeterOK' is clicked on

2017-11-15 18:44:14 - [MESSAGE][PASSED] - Object: 'Object Repository/Equipment/EquipmentPurchase/EPO_Receipt/EPO_Reciept_MeterOK' is clicked on

2017-11-15 18:44:14 - [TEST_STEP][PASSED] - waitForElementPresent: Object 'Object Repository/Equipment/EquipmentPurchase/EPO_Receipt/EPO_RecieptPrint_Device' is present

2017-11-15 18:44:16 - [MESSAGE][PASSED] - Object 'Object Repository/Equipment/EquipmentPurchase/EPO_Receipt/EPO_RecieptPrint_Device' is present

2017-11-15 18:44:16 - [TEST_STEP][PASSED] - click: Object: 'Object Repository/Equipment/EquipmentPurchase/EPO_Receipt/EPO_RecieptPrint_Device' is clicked on

2017-11-15 18:44:16 - [MESSAGE][PASSED] - Object: 'Object Repository/Equipment/EquipmentPurchase/EPO_Receipt/EPO_RecieptPrint_Device' is clicked on

2017-11-15 18:44:16 - [TEST_STEP][PASSED] - setText: Text 'D' is set on object 'Object Repository/Equipment/EquipmentPurchase/EPO_Receipt/EPO_RecieptPrint_Device'

2017-11-15 18:44:16 - [MESSAGE][PASSED] - Text 'D' is set on object 'Object Repository/Equipment/EquipmentPurchase/EPO_Receipt/EPO_RecieptPrint_Device'

2017-11-15 18:44:16 - [TEST_STEP][PASSED] - click: Object: 'Object Repository/Equipment/EquipmentPurchase/EPO_Receipt/EPO_RecieptPrint_Continue' is clicked on

2017-11-15 18:44:16 - [MESSAGE][PASSED] - Object: 'Object Repository/Equipment/EquipmentPurchase/EPO_Receipt/EPO_RecieptPrint_Continue' is clicked on

2017-11-15 18:44:16 - [TEST_STEP][PASSED] - delay: Delayed 3 second(s)

2017-11-15 18:44:19 - [MESSAGE][PASSED] - Delayed 3 second(s)

2017-11-15 18:44:19 - [TEST_STEP][PASSED] - click: Object: 'Object Repository/Equipment/EquipmentPurchase/EPO_Receipt/EPO_RecieptPrint_ProcessCompleted' is clicked on

2017-11-15 18:44:19 - [MESSAGE][PASSED] - Object: 'Object Repository/Equipment/EquipmentPurchase/EPO_Receipt/EPO_RecieptPrint_ProcessCompleted' is clicked on

2017-11-15 18:44:19 - [TEST_STEP][PASSED] - delay: Delayed 10 second(s)

2017-11-15 18:44:29 - [MESSAGE][PASSED] - Delayed 10 second(s)

2017-11-15 18:44:29 - [MESSAGE][PASSED] - Call Test Case 'Test Cases/Equipment/Base_EquipmentPurchase/Base_EPO_Reciept' successfully

2017-11-15 18:44:29 - [MESSAGE][PASSED] - Call Test Case 'Test Cases/Equipment/Base_EquipmentPurchase/EPO_CreateNrecieve' successfully

2017-11-15 18:44:29 - [TEST_STEP][PASSED] - callTestCase: Call Test Case 'Test Cases/Rental/Base_RentalContract/Base_CreateRentalInvoice_HeaderlineInvoice_SplitTender' successfully

2017-11-15 18:44:29 - [TEST_CASE][PASSED] - Test Cases/Rental/Base_RentalContract/Base_CreateRentalInvoice_HeaderlineInvoice_SplitTender: Test Cases/Rental/Base_RentalContract/Base_CreateRentalInvoice_HeaderlineInvoice_SplitTender

2017-11-15 18:44:29 - [TEST_STEP][PASSED] - callTestCase: Call Test Case 'Test Cases/Rental/Base_RentalContract/Base_CreateRentalHeader' successfully

2017-11-15 18:44:30 - [TEST_CASE][PASSED] - Test Cases/Rental/Base_RentalContract/Base_CreateRentalHeader: Test Cases/Rental/Base_RentalContract/Base_CreateRentalHeader

2017-11-15 18:44:30 - [TEST_STEP][PASSED] - callTestCase: Call Test Case 'Test Cases/Common/Base_Common_OpenSession' successfully

2017-11-15 18:44:30 - [TEST_CASE][PASSED] - Test Cases/Common/Base_Common_OpenSession: Test Cases/Common/Base_Common_OpenSession

2017-11-15 18:44:30 - [TEST_STEP][PASSED] - openBrowser: Browser is opened with url: 'https://rgajbhiye:Robin$123@proxima-ln4.e-emphasys.com:8441/webui/servlet/login'

2017-11-15 18:44:30 - [MESSAGE][WARNING] - A browser is already opened. Closing browser and opening a new one

2017-11-15 18:44:36 - [MESSAGE][PASSED] - Browser is opened with url: 'https://rgajbhiye:Robin$123@proxima-ln4.e-emphasys.com:8441/webui/servlet/login'

2017-11-15 18:44:36 - [TEST_STEP][PASSED] - waitForPageLoad: Wait for page load successfully

2017-11-15 18:44:36 - [MESSAGE][PASSED] - Wait for page load successfully

2017-11-15 18:44:36 - [TEST_STEP][PASSED] - maximizeWindow: Current window maximized

2017-11-15 18:44:36 - [MESSAGE][PASSED] - Current window maximized

2017-11-15 18:44:36 - [TEST_STEP][PASSED] - click: Object: 'Object Repository/Common/HomePage/HomePage_more' is clicked on

2017-11-15 18:44:38 - [MESSAGE][PASSED] - Object: 'Object Repository/Common/HomePage/HomePage_more' is clicked on

2017-11-15 18:44:38 - [TEST_STEP][PASSED] - click: Object: 'Object Repository/Common/HomePage/HomePage_Option' is clicked on

2017-11-15 18:44:38 - [MESSAGE][PASSED] - Object: 'Object Repository/Common/HomePage/HomePage_Option' is clicked on

2017-11-15 18:44:38 - [TEST_STEP][PASSED] - click: Object: 'Object Repository/Common/HomePage/HomePage_RunProgram_' is clicked on

2017-11-15 18:44:38 - [MESSAGE][PASSED] - Object: 'Object Repository/Common/HomePage/HomePage_RunProgram_' is clicked on

2017-11-15 18:44:38 - [TEST_STEP][PASSED] - sendKeys: Keys 'erext4100s004' sent to object: 'Object Repository/Common/HomePage/HomePage_Session_ID'

2017-11-15 18:44:39 - [MESSAGE][PASSED] - Keys 'erext4100s004' sent to object: 'Object Repository/Common/HomePage/HomePage_Session_ID'

2017-11-15 18:44:39 - [TEST_STEP][PASSED] - click: Object: 'Object Repository/Common/HomePage/HomePage_OkButton' is clicked on

2017-11-15 18:44:39 - [MESSAGE][PASSED] - Object: 'Object Repository/Common/HomePage/HomePage_OkButton' is clicked on

2017-11-15 18:44:39 - [MESSAGE][PASSED] - Call Test Case 'Test Cases/Common/Base_Common_OpenSession' successfully

2017-11-15 18:44:39 - [TEST_STEP][PASSED] - click: Object: 'Object Repository/Rental/RentalHeader/RentalContract.Customer' is clicked on

2017-11-15 18:44:43 - [MESSAGE][PASSED] - Object: 'Object Repository/Rental/RentalHeader/RentalContract.Customer' is clicked on

2017-11-15 18:44:43 - [TEST_STEP][PASSED] - setText: Text 'M00000010' is set on object 'Object Repository/Rental/RentalHeader/RentalContract.Customer'

2017-11-15 18:44:43 - [MESSAGE][PASSED] - Text 'M00000010' is set on object 'Object Repository/Rental/RentalHeader/RentalContract.Customer'

2017-11-15 18:44:43 - [TEST_STEP][PASSED] - delay: Delayed 2 second(s)

2017-11-15 18:44:45 - [MESSAGE][PASSED] - Delayed 2 second(s)

2017-11-15 18:44:45 - [TEST_STEP][PASSED] - click: Object: 'Object Repository/Rental/RentalHeader/RentalContract.CustPO' is clicked on

2017-11-15 18:44:46 - [MESSAGE][PASSED] - Object: 'Object Repository/Rental/RentalHeader/RentalContract.CustPO' is clicked on

2017-11-15 18:44:46 - [TEST_STEP][PASSED] - delay: Delayed 3 second(s)

2017-11-15 18:44:49 - [MESSAGE][PASSED] - Delayed 3 second(s)

2017-11-15 18:44:49 - [TEST_STEP][PASSED] - click: Object: 'Object Repository/Rental/RentalHeader/RentalContract.OtherDetailsTab' is clicked on

2017-11-15 18:44:49 - [MESSAGE][PASSED] - Object: 'Object Repository/Rental/RentalHeader/RentalContract.OtherDetailsTab' is clicked on

2017-11-15 18:44:49 - [TEST_STEP][PASSED] - delay: Delayed 5 second(s)

2017-11-15 18:44:54 - [MESSAGE][PASSED] - Delayed 5 second(s)

2017-11-15 18:44:54 - [TEST_STEP][PASSED] - click: Object: 'Object Repository/Rental/RentalHeader/Rental Contract.ModeOfPayment' is clicked on

2017-11-15 18:44:54 - [MESSAGE][PASSED] - Object: 'Object Repository/Rental/RentalHeader/Rental Contract.ModeOfPayment' is clicked on

2017-11-15 18:44:54 - [TEST_STEP][PASSED] - delay: Delayed 2 second(s)

2017-11-15 18:44:56 - [MESSAGE][PASSED] - Delayed 2 second(s)

2017-11-15 18:44:56 - [TEST_STEP][PASSED] - click: Object: 'Object Repository/Rental/RentalHeader/RentalContract.CreditCardoption' is clicked on

2017-11-15 18:44:56 - [MESSAGE][PASSED] - Object: 'Object Repository/Rental/RentalHeader/RentalContract.CreditCardoption' is clicked on

2017-11-15 18:44:56 - [TEST_STEP][PASSED] - delay: Delayed 3 second(s)

2017-11-15 18:44:59 - [MESSAGE][PASSED] - Delayed 3 second(s)

2017-11-15 18:44:59 - [TEST_STEP][PASSED] - click: Object: 'Object Repository/Rental/RentalHeader/RentalContract.GeneralTab' is clicked on

2017-11-15 18:45:00 - [MESSAGE][PASSED] - Object: 'Object Repository/Rental/RentalHeader/RentalContract.GeneralTab' is clicked on

2017-11-15 18:45:00 - [TEST_STEP][PASSED] - delay: Delayed 5 second(s)

2017-11-15 18:45:05 - [MESSAGE][PASSED] - Delayed 5 second(s)

2017-11-15 18:45:05 - [TEST_STEP][PASSED] - click: Object: 'Object Repository/Rental/RentalHeader/RentalContract.Newbuttonline' is clicked on

2017-11-15 18:45:05 - [MESSAGE][PASSED] - Object: 'Object Repository/Rental/RentalHeader/RentalContract.Newbuttonline' is clicked on

2017-11-15 18:45:05 - [TEST_STEP][PASSED] - delay: Delayed 5 second(s)

2017-11-15 18:45:10 - [MESSAGE][PASSED] - Delayed 5 second(s)

2017-11-15 18:45:10 - [TEST_STEP][PASSED] - click: Object: 'Object Repository/Rental/RentalHeader/RentalContract.SetLine' is clicked on

2017-11-15 18:45:10 - [MESSAGE][PASSED] - Object: 'Object Repository/Rental/RentalHeader/RentalContract.SetLine' is clicked on

2017-11-15 18:45:10 - [TEST_STEP][PASSED] - delay: Delayed 5 second(s)

2017-11-15 18:45:15 - [MESSAGE][PASSED] - Delayed 5 second(s)

2017-11-15 18:45:15 - [TEST_STEP][PASSED] - scrollToElement: Scroll to object 'Object Repository/Rental/RentalHeader/RentalContract.Unit' successfully

2017-11-15 18:45:15 - [MESSAGE][PASSED] - Scroll to object 'Object Repository/Rental/RentalHeader/RentalContract.Unit' successfully

2017-11-15 18:45:15 - [TEST_STEP][PASSED] - delay: Delayed 3 second(s)

2017-11-15 18:45:18 - [MESSAGE][PASSED] - Delayed 3 second(s)

2017-11-15 18:45:18 - [TEST_STEP][NOT_RUN] - getText: NOT_RUN: getText

2017-11-15 18:45:18 - [MESSAGE][NOT_RUN] - NOT_RUN: getText

2017-11-15 18:45:18 - [TEST_STEP][PASSED] - click: Object: 'Object Repository/Rental/RentalHeader/RentalContract.Unit' is clicked on

2017-11-15 18:45:19 - [MESSAGE][PASSED] - Object: 'Object Repository/Rental/RentalHeader/RentalContract.Unit' is clicked on

2017-11-15 18:45:19 - [TEST_STEP][PASSED] - delay: Delayed 5 second(s)

2017-11-15 18:45:24 - [MESSAGE][PASSED] - Delayed 5 second(s)

2017-11-15 18:45:24 - [TEST_STEP][PASSED] - setText: Text 'MD0018328' is set on object 'Object Repository/Rental/RentalHeader/RentalContract.Unit'

2017-11-15 18:45:24 - [MESSAGE][PASSED] - Text 'MD0018328' is set on object 'Object Repository/Rental/RentalHeader/RentalContract.Unit'

2017-11-15 18:45:24 - [TEST_STEP][PASSED] - delay: Delayed 5 second(s)

2017-11-15 18:45:29 - [MESSAGE][PASSED] - Delayed 5 second(s)

2017-11-15 18:45:29 - [TEST_STEP][PASSED] - scrollToElement: Scroll to object 'Object Repository/Rental/RentalHeader/RentalContract.MultipleInsurence' successfully

2017-11-15 18:45:29 - [MESSAGE][PASSED] - Scroll to object 'Object Repository/Rental/RentalHeader/RentalContract.MultipleInsurence' successfully

2017-11-15 18:45:29 - [TEST_STEP][PASSED] - delay: Delayed 5 second(s)

2017-11-15 18:45:34 - [MESSAGE][PASSED] - Delayed 5 second(s)

2017-11-15 18:45:34 - [TEST_STEP][PASSED] - doubleClick: Object: 'Object Repository/Rental/RentalHeader/RentalContract.MultipleInsurence' is double clicked on

2017-11-15 18:45:34 - [MESSAGE][PASSED] - Object: 'Object Repository/Rental/RentalHeader/RentalContract.MultipleInsurence' is double clicked on

2017-11-15 18:45:34 - [TEST_STEP][PASSED] - delay: Delayed 5 second(s)

2017-11-15 18:45:39 - [MESSAGE][PASSED] - Delayed 5 second(s)

2017-11-15 18:45:39 - [TEST_STEP][PASSED] - click: Object: 'Object Repository/Rental/RentalHeader/RentalContract.MultipleInsurence' is clicked on

2017-11-15 18:45:39 - [MESSAGE][PASSED] - Object: 'Object Repository/Rental/RentalHeader/RentalContract.MultipleInsurence' is clicked on

2017-11-15 18:45:39 - [TEST_STEP][PASSED] - click: Object: 'Object Repository/Rental/RentalHeader/RentalContract.MultiInsNO' is clicked on

2017-11-15 18:45:39 - [MESSAGE][PASSED] - Object: 'Object Repository/Rental/RentalHeader/RentalContract.MultiInsNO' is clicked on

2017-11-15 18:45:39 - [TEST_STEP][PASSED] - delay: Delayed 5 second(s)

2017-11-15 18:45:44 - [MESSAGE][PASSED] - Delayed 5 second(s)

2017-11-15 18:45:44 - [TEST_STEP][PASSED] - scrollToElement: Scroll to object 'Object Repository/Rental/RentalHeader/RentalContract.GrossRateline' successfully

2017-11-15 18:45:45 - [MESSAGE][PASSED] - Scroll to object 'Object Repository/Rental/RentalHeader/RentalContract.GrossRateline' successfully

2017-11-15 18:45:45 - [TEST_STEP][NOT_RUN] - delay: NOT_RUN: delay

2017-11-15 18:45:45 - [MESSAGE][NOT_RUN] - NOT_RUN: delay

2017-11-15 18:45:45 - [TEST_STEP][PASSED] - doubleClick: Object: 'Object Repository/Rental/RentalHeader/RentalContract.GrossRateline' is double clicked on

2017-11-15 18:45:45 - [MESSAGE][PASSED] - Object: 'Object Repository/Rental/RentalHeader/RentalContract.GrossRateline' is double clicked on

2017-11-15 18:45:45 - [TEST_STEP][PASSED] - delay: Delayed 2 second(s)

2017-11-15 18:45:47 - [MESSAGE][PASSED] - Delayed 2 second(s)

2017-11-15 18:45:47 - [TEST_STEP][PASSED] - click: Object: 'Object Repository/Rental/RentalHeader/RentalContract.GrossRateline' is clicked on

2017-11-15 18:45:47 - [MESSAGE][PASSED] - Object: 'Object Repository/Rental/RentalHeader/RentalContract.GrossRateline' is clicked on

2017-11-15 18:45:47 - [TEST_STEP][PASSED] - delay: Delayed 2 second(s)

2017-11-15 18:45:49 - [MESSAGE][PASSED] - Delayed 2 second(s)

2017-11-15 18:45:49 - [TEST_STEP][PASSED] - setText: Text '100' is set on object 'Object Repository/Rental/RentalHeader/RentalContract.GrossRateline'

2017-11-15 18:45:49 - [MESSAGE][PASSED] - Text '100' is set on object 'Object Repository/Rental/RentalHeader/RentalContract.GrossRateline'

2017-11-15 18:45:49 - [TEST_STEP][PASSED] - delay: Delayed 4 second(s)

2017-11-15 18:45:53 - [MESSAGE][PASSED] - Delayed 4 second(s)

2017-11-15 18:45:53 - [TEST_STEP][PASSED] - click: Object: 'Object Repository/Rental/RentalHeader/RentalContract.SaveHeader' is clicked on

2017-11-15 18:45:53 - [MESSAGE][PASSED] - Object: 'Object Repository/Rental/RentalHeader/RentalContract.SaveHeader' is clicked on

2017-11-15 18:45:53 - [TEST_STEP][PASSED] - delay: Delayed 5 second(s)

2017-11-15 18:45:59 - [MESSAGE][PASSED] - Delayed 5 second(s)

2017-11-15 18:45:59 - [TEST_STEP][PASSED] - click: Object: 'Object Repository/Rental/RentalHeader/RentalContract.Action' is clicked on

2017-11-15 18:45:59 - [MESSAGE][PASSED] - Object: 'Object Repository/Rental/RentalHeader/RentalContract.Action' is clicked on

2017-11-15 18:45:59 - [TEST_STEP][PASSED] - delay: Delayed 8 second(s)

2017-11-15 18:46:07 - [MESSAGE][PASSED] - Delayed 8 second(s)

2017-11-15 18:46:07 - [TEST_STEP][PASSED] - click: Object: 'Object Repository/Rental/RentalHeader/RentalContract.Release' is clicked on

2017-11-15 18:46:07 - [MESSAGE][PASSED] - Object: 'Object Repository/Rental/RentalHeader/RentalContract.Release' is clicked on

2017-11-15 18:46:07 - [TEST_STEP][PASSED] - delay: Delayed 12 second(s)

2017-11-15 18:46:19 - [MESSAGE][PASSED] - Delayed 12 second(s)

2017-11-15 18:46:19 - [TEST_STEP][PASSED] - click: Object: 'Object Repository/Rental/RentalHeader/RentalContract.ActionDelivery' is clicked on

2017-11-15 18:46:19 - [MESSAGE][PASSED] - Object: 'Object Repository/Rental/RentalHeader/RentalContract.ActionDelivery' is clicked on

2017-11-15 18:46:19 - [TEST_STEP][PASSED] - delay: Delayed 6 second(s)

2017-11-15 18:46:25 - [MESSAGE][PASSED] - Delayed 6 second(s)

2017-11-15 18:46:25 - [TEST_STEP][PASSED] - click: Object: 'Object Repository/Rental/RentalHeader/RentalContract.ConfirmDelivery' is clicked on

2017-11-15 18:46:26 - [MESSAGE][PASSED] - Object: 'Object Repository/Rental/RentalHeader/RentalContract.ConfirmDelivery' is clicked on

2017-11-15 18:46:26 - [TEST_STEP][PASSED] - delay: Delayed 8 second(s)

2017-11-15 18:46:34 - [MESSAGE][PASSED] - Delayed 8 second(s)

2017-11-15 18:46:34 - [TEST_STEP][NOT_RUN] - waitForElementPresent: NOT_RUN: waitForElementPresent

2017-11-15 18:46:34 - [MESSAGE][NOT_RUN] - NOT_RUN: waitForElementPresent

2017-11-15 18:46:34 - [TEST_STEP][NOT_RUN] - delay: NOT_RUN: delay

2017-11-15 18:46:34 - [MESSAGE][NOT_RUN] - NOT_RUN: delay

2017-11-15 18:46:34 - [TEST_STEP][PASSED] - click: Object: 'Object Repository/Rental/RentalHeader/RentalContract.DeliveryProceed' is clicked on

2017-11-15 18:46:34 - [MESSAGE][PASSED] - Object: 'Object Repository/Rental/RentalHeader/RentalContract.DeliveryProceed' is clicked on

2017-11-15 18:46:34 - [TEST_STEP][PASSED] - delay: Delayed 12 second(s)

2017-11-15 18:46:46 - [MESSAGE][PASSED] - Delayed 12 second(s)

2017-11-15 18:46:46 - [TEST_STEP][NOT_RUN] - waitForElementPresent: NOT_RUN: waitForElementPresent

2017-11-15 18:46:46 - [MESSAGE][NOT_RUN] - NOT_RUN: waitForElementPresent

2017-11-15 18:46:46 - [TEST_STEP][NOT_RUN] - delay: NOT_RUN: delay

2017-11-15 18:46:46 - [MESSAGE][NOT_RUN] - NOT_RUN: delay

2017-11-15 18:46:46 - [TEST_STEP][NOT_RUN] - click: NOT_RUN: click

2017-11-15 18:46:46 - [MESSAGE][NOT_RUN] - NOT_RUN: click

2017-11-15 18:46:46 - [TEST_STEP][PASSED] - delay: Delayed 8 second(s)

2017-11-15 18:46:54 - [MESSAGE][PASSED] - Delayed 8 second(s)

2017-11-15 18:46:54 - [TEST_STEP][PASSED] - click: Object: 'Object Repository/Rental/RentalHeader/RentalContract.InspetionReportClose' is clicked on

2017-11-15 18:46:54 - [MESSAGE][PASSED] - Object: 'Object Repository/Rental/RentalHeader/RentalContract.InspetionReportClose' is clicked on

2017-11-15 18:46:54 - [TEST_STEP][PASSED] - delay: Delayed 5 second(s)

2017-11-15 18:46:59 - [MESSAGE][PASSED] - Delayed 5 second(s)

2017-11-15 18:46:59 - [TEST_STEP][PASSED] - click: Object: 'Object Repository/Rental/RentalHeader/RentalContract.BillofLaddingClosed' is clicked on

2017-11-15 18:46:59 - [MESSAGE][PASSED] - Object: 'Object Repository/Rental/RentalHeader/RentalContract.BillofLaddingClosed' is clicked on

2017-11-15 18:46:59 - [TEST_STEP][PASSED] - delay: Delayed 5 second(s)

2017-11-15 18:47:04 - [MESSAGE][PASSED] - Delayed 5 second(s)

2017-11-15 18:47:04 - [TEST_STEP][PASSED] - click: Object: 'Object Repository/Rental/RentalHeader/RentalContract.EqipRentalMemoclosed' is clicked on

2017-11-15 18:47:04 - [MESSAGE][PASSED] - Object: 'Object Repository/Rental/RentalHeader/RentalContract.EqipRentalMemoclosed' is clicked on

2017-11-15 18:47:04 - [TEST_STEP][PASSED] - delay: Delayed 5 second(s)

2017-11-15 18:47:09 - [MESSAGE][PASSED] - Delayed 5 second(s)

2017-11-15 18:47:09 - [TEST_STEP][PASSED] - click: Object: 'Object Repository/Rental/RentalHeader/RentalContract.InspectionOrdergnerated' is clicked on

2017-11-15 18:47:10 - [MESSAGE][PASSED] - Object: 'Object Repository/Rental/RentalHeader/RentalContract.InspectionOrdergnerated' is clicked on

2017-11-15 18:47:10 - [MESSAGE][PASSED] - Call Test Case 'Test Cases/Rental/Base_RentalContract/Base_CreateRentalHeader' successfully

2017-11-15 18:47:10 - [TEST_STEP][PASSED] - delay: Delayed 4 second(s)

2017-11-15 18:47:14 - [MESSAGE][PASSED] - Delayed 4 second(s)

2017-11-15 18:47:14 - [TEST_STEP][PASSED] - click: Object: 'Object Repository/Rental/RentalHeader/RentalInvoice/RentalInvoice.InvoicingscheduleTab' is clicked on

2017-11-15 18:47:14 - [MESSAGE][PASSED] - Object: 'Object Repository/Rental/RentalHeader/RentalInvoice/RentalInvoice.InvoicingscheduleTab' is clicked on

2017-11-15 18:47:14 - [TEST_STEP][PASSED] - delay: Delayed 4 second(s)

2017-11-15 18:47:18 - [MESSAGE][PASSED] - Delayed 4 second(s)

2017-11-15 18:47:18 - [TEST_STEP][PASSED] - click: Object: 'Object Repository/Rental/RentalHeader/RentalInvoice/RentalInvoice.Action' is clicked on

2017-11-15 18:47:18 - [MESSAGE][PASSED] - Object: 'Object Repository/Rental/RentalHeader/RentalInvoice/RentalInvoice.Action' is clicked on

2017-11-15 18:47:18 - [TEST_STEP][PASSED] - delay: Delayed 4 second(s)

2017-11-15 18:47:22 - [MESSAGE][PASSED] - Delayed 4 second(s)

2017-11-15 18:47:22 - [TEST_STEP][PASSED] - click: Object: 'Object Repository/Rental/RentalHeader/RentalInvoice/RentalInvoice.ProcessInvoice' is clicked on

2017-11-15 18:47:22 - [MESSAGE][PASSED] - Object: 'Object Repository/Rental/RentalHeader/RentalInvoice/RentalInvoice.ProcessInvoice' is clicked on

2017-11-15 18:47:22 - [TEST_STEP][PASSED] - delay: Delayed 4 second(s)

2017-11-15 18:47:26 - [MESSAGE][PASSED] - Delayed 4 second(s)

2017-11-15 18:47:26 - [TEST_STEP][PASSED] - click: Object: 'Object Repository/Rental/RentalHeader/RentalInvoice/RentalInvoice.ProcessInvoice2' is clicked on

2017-11-15 18:47:27 - [MESSAGE][PASSED] - Object: 'Object Repository/Rental/RentalHeader/RentalInvoice/RentalInvoice.ProcessInvoice2' is clicked on

2017-11-15 18:47:27 - [TEST_STEP][PASSED] - delay: Delayed 0 second(s)

2017-11-15 18:47:27 - [MESSAGE][PASSED] - Delayed 0 second(s)

2017-11-15 18:47:27 - [TEST_STEP][PASSED] - click: Object: 'Object Repository/Rental/RentalHeader/RentalInvoice/RentalInvoice.InvoiceProcessYES' is clicked on

2017-11-15 18:47:28 - [MESSAGE][PASSED] - Object: 'Object Repository/Rental/RentalHeader/RentalInvoice/RentalInvoice.InvoiceProcessYES' is clicked on

2017-11-15 18:47:28 - [TEST_STEP][PASSED] - delay: Delayed 0 second(s)

2017-11-15 18:47:28 - [MESSAGE][PASSED] - Delayed 0 second(s)

2017-11-15 18:47:28 - [TEST_STEP][PASSED] - setText: Text 'GLOBAL' is set on object 'Object Repository/Rental/RentalHeader/RentalInvoice/ServiceCreditCard.PaymentGateway'

2017-11-15 18:47:29 - [MESSAGE][PASSED] - Text 'GLOBAL' is set on object 'Object Repository/Rental/RentalHeader/RentalInvoice/ServiceCreditCard.PaymentGateway'

2017-11-15 18:47:29 - [TEST_STEP][NOT_RUN] - sendKeys: NOT_RUN: sendKeys

2017-11-15 18:47:29 - [MESSAGE][NOT_RUN] - NOT_RUN: sendKeys

2017-11-15 18:47:29 - [TEST_STEP][PASSED] - doubleClick: Object: 'Object Repository/Rental/RentalHeader/RentalInvoice/ServiceCreditCard.CardType' is double clicked on

2017-11-15 18:47:29 - [MESSAGE][PASSED] - Object: 'Object Repository/Rental/RentalHeader/RentalInvoice/ServiceCreditCard.CardType' is double clicked on

2017-11-15 18:47:29 - [TEST_STEP][PASSED] - setText: Text 'DEBIT MASTERCARD' is set on object 'Object Repository/Rental/RentalHeader/RentalInvoice/ServiceCreditCard.CardType'

2017-11-15 18:47:30 - [MESSAGE][PASSED] - Text 'DEBIT MASTERCARD' is set on object 'Object Repository/Rental/RentalHeader/RentalInvoice/ServiceCreditCard.CardType'

2017-11-15 18:47:30 - [TEST_STEP][PASSED] - delay: Delayed 2 second(s)

2017-11-15 18:47:32 - [MESSAGE][PASSED] - Delayed 2 second(s)

2017-11-15 18:47:32 - [TEST_STEP][PASSED] - doubleClick: Object: 'Object Repository/Rental/RentalHeader/RentalInvoice/ServiceCreditCard.Enter CC No' is double clicked on

2017-11-15 18:47:32 - [MESSAGE][PASSED] - Object: 'Object Repository/Rental/RentalHeader/RentalInvoice/ServiceCreditCard.Enter CC No' is double clicked on

2017-11-15 18:47:32 - [TEST_STEP][PASSED] - sendKeys: Keys '5100270000000007' sent to object: 'Object Repository/Rental/RentalHeader/RentalInvoice/ServiceCreditCard.Enter CC No'

2017-11-15 18:47:32 - [MESSAGE][PASSED] - Keys '5100270000000007' sent to object: 'Object Repository/Rental/RentalHeader/RentalInvoice/ServiceCreditCard.Enter CC No'

2017-11-15 18:47:32 - [TEST_STEP][PASSED] - delay: Delayed 2 second(s)

2017-11-15 18:47:34 - [MESSAGE][PASSED] - Delayed 2 second(s)

2017-11-15 18:47:34 - [TEST_STEP][PASSED] - click: Object: 'Object Repository/Rental/RentalHeader/RentalInvoice/ServiceCreditCard.CVV2' is clicked on

2017-11-15 18:47:34 - [MESSAGE][PASSED] - Object: 'Object Repository/Rental/RentalHeader/RentalInvoice/ServiceCreditCard.CVV2' is clicked on

2017-11-15 18:47:34 - [TEST_STEP][PASSED] - sendKeys: Keys '865' sent to object: 'Object Repository/Rental/RentalHeader/RentalInvoice/ServiceCreditCard.CVV2'

2017-11-15 18:47:34 - [MESSAGE][PASSED] - Keys '865' sent to object: 'Object Repository/Rental/RentalHeader/RentalInvoice/ServiceCreditCard.CVV2'

2017-11-15 18:47:34 - [TEST_STEP][NOT_RUN] - sendKeys: NOT_RUN: sendKeys

2017-11-15 18:47:34 - [MESSAGE][NOT_RUN] - NOT_RUN: sendKeys

2017-11-15 18:47:34 - [TEST_STEP][NOT_RUN] - delay: NOT_RUN: delay

2017-11-15 18:47:34 - [MESSAGE][NOT_RUN] - NOT_RUN: delay

2017-11-15 18:47:34 - [TEST_STEP][PASSED] - delay: Delayed 3 second(s)

2017-11-15 18:47:37 - [MESSAGE][PASSED] - Delayed 3 second(s)

2017-11-15 18:47:37 - [TEST_STEP][PASSED] - setText: Text '09' is set on object 'Object Repository/Rental/RentalHeader/RentalInvoice/ServiceCreditCard.ExpiryMonth'

2017-11-15 18:47:38 - [MESSAGE][PASSED] - Text '09' is set on object 'Object Repository/Rental/RentalHeader/RentalInvoice/ServiceCreditCard.ExpiryMonth'

2017-11-15 18:47:38 - [TEST_STEP][PASSED] - setText: Text '99' is set on object 'Object Repository/Rental/RentalHeader/RentalInvoice/ServiceCreditCard.ExpiryYear'

2017-11-15 18:47:38 - [MESSAGE][PASSED] - Text '99' is set on object 'Object Repository/Rental/RentalHeader/RentalInvoice/ServiceCreditCard.ExpiryYear'

2017-11-15 18:47:38 - [TEST_STEP][NOT_RUN] - click: NOT_RUN: click

2017-11-15 18:47:38 - [MESSAGE][NOT_RUN] - NOT_RUN: click

2017-11-15 18:47:38 - [TEST_STEP][NOT_RUN] - delay: NOT_RUN: delay

2017-11-15 18:47:38 - [MESSAGE][NOT_RUN] - NOT_RUN: delay

2017-11-15 18:47:38 - [TEST_STEP][NOT_RUN] - click: NOT_RUN: click

2017-11-15 18:47:38 - [MESSAGE][NOT_RUN] - NOT_RUN: click

2017-11-15 18:47:38 - [TEST_STEP][NOT_RUN] - delay: NOT_RUN: delay

2017-11-15 18:47:38 - [MESSAGE][NOT_RUN] - NOT_RUN: delay

2017-11-15 18:47:38 - [TEST_STEP][NOT_RUN] - click: NOT_RUN: click

2017-11-15 18:47:38 - [MESSAGE][NOT_RUN] - NOT_RUN: click

2017-11-15 18:47:38 - [TEST_STEP][NOT_RUN] - delay: NOT_RUN: delay

2017-11-15 18:47:38 - [MESSAGE][NOT_RUN] - NOT_RUN: delay

2017-11-15 18:47:38 - [TEST_STEP][NOT_RUN] - click: NOT_RUN: click

2017-11-15 18:47:38 - [MESSAGE][NOT_RUN] - NOT_RUN: click

2017-11-15 18:47:38 - [TEST_STEP][NOT_RUN] - delay: NOT_RUN: delay

2017-11-15 18:47:38 - [MESSAGE][NOT_RUN] - NOT_RUN: delay

2017-11-15 18:47:38 - [TEST_STEP][NOT_RUN] - closeBrowser: NOT_RUN: closeBrowser

2017-11-15 18:47:38 - [MESSAGE][NOT_RUN] - NOT_RUN: closeBrowser

2017-11-15 18:47:38 - [MESSAGE][PASSED] - Call Test Case 'Test Cases/Rental/Base_RentalContract/Base_CreateRentalInvoice_HeaderlineInvoice_SplitTender' successfully

2017-11-15 18:47:38 - [TEST_STEP][FAILED] - callTestCase: Unable to call Test Case with id 'Test Cases/Rental/Base_RentalContract/Base_CreateRentalInvoicewithSpitTenderDetails_SplitTender' (Root cause: Call Test Case 'Test Cases/Rental/Base_RentalContract/Base_CreateRentalInvoicewithSpitTenderDetails_SplitTender' failed)

2017-11-15 18:47:38 - [TEST_CASE][FAILED] - Test Cases/Rental/Base_RentalContract/Base_CreateRentalInvoicewithSpitTenderDetails_SplitTender: Test Cases/Rental/Base_RentalContract/Base_CreateRentalInvoicewithSpitTenderDetails_SplitTender FAILED because (of) Unable to set text '09' of object 'Object Repository/Rental/Rental_SplitTenderDetails/SplitTender.ExpiryMonthLine2' (Root cause: org.openqa.selenium.InvalidElementStateException: Element must be user-editable in order to clear it.
Command duration or timeout: 29 milliseconds
Build info: version: 'unknown', revision: 'unknown', time: 'unknown'
System info: host: 'ANIL110', ip: '192.168.25.228', os.name: 'Windows 7', os.arch: 'amd64', os.version: '6.1', java.version: '1.8.0_102'
Driver info: com.kms.katalon.core.webui.driver.firefox.CFirefoxDriver47
Capabilities [{applicationCacheEnabled=true, rotatable=false, handlesAlerts=true, databaseEnabled=true, version=56.0, platform=WINDOWS, nativeEvents=false, acceptSslCerts=true, webStorageEnabled=true, locationContextEnabled=true, browserName=firefox, takesScreenshot=true, javascriptEnabled=true, cssSelectorsEnabled=true}]
Session ID: 600e86e1-1c7e-406e-bb89-14bfd73bb0d7)

2017-11-15 18:47:38 - [TEST_STEP][PASSED] - delay: Delayed 5 second(s)

2017-11-15 18:47:43 - [MESSAGE][PASSED] - Delayed 5 second(s)

2017-11-15 18:47:43 - [TEST_STEP][PASSED] - doubleClick: Object: 'Object Repository/Rental/Rental_SplitTenderDetails/SplitTenderDetails' is double clicked on

2017-11-15 18:47:43 - [MESSAGE][PASSED] - Object: 'Object Repository/Rental/Rental_SplitTenderDetails/SplitTenderDetails' is double clicked on

2017-11-15 18:47:43 - [TEST_STEP][PASSED] - click: Object: 'Object Repository/Rental/Rental_SplitTenderDetails/SplitTenderDetails.Yes' is clicked on

2017-11-15 18:47:44 - [MESSAGE][PASSED] - Object: 'Object Repository/Rental/Rental_SplitTenderDetails/SplitTenderDetails.Yes' is clicked on

2017-11-15 18:47:44 - [TEST_STEP][PASSED] - delay: Delayed 3 second(s)

2017-11-15 18:47:47 - [MESSAGE][PASSED] - Delayed 3 second(s)

2017-11-15 18:47:47 - [TEST_STEP][PASSED] - click: Object: 'Object Repository/Rental/Rental_SplitTenderDetails/SplitTender.LineSession' is clicked on

2017-11-15 18:47:47 - [MESSAGE][PASSED] - Object: 'Object Repository/Rental/Rental_SplitTenderDetails/SplitTender.LineSession' is clicked on

2017-11-15 18:47:47 - [TEST_STEP][PASSED] - delay: Delayed 2 second(s)

2017-11-15 18:47:49 - [MESSAGE][PASSED] - Delayed 2 second(s)

2017-11-15 18:47:49 - [TEST_STEP][PASSED] - Statement - G_OrderAmt = com.kms.katalon.core.webui.keyword.WebUiBuiltInKeywords.getText(com.kms.katalon.core.testobject.ObjectRepository.findTestObject(Rental/Rental_SplitTenderDetails/SplitTender.OrderAmtHeader), CONTINUE_ON_FAILURE): Text of object 'Object Repository/Rental/Rental_SplitTenderDetails/SplitTender.OrderAmtHeader' is: '110.00'

2017-11-15 18:47:49 - [MESSAGE][PASSED] - Text of object 'Object Repository/Rental/Rental_SplitTenderDetails/SplitTender.OrderAmtHeader' is: '110.00'

2017-11-15 18:47:49 - [TEST_STEP][PASSED] - Statement - G_SplitOrderAmt2 = G_OrderAmt - 2: null

2017-11-15 18:47:49 - [TEST_STEP][PASSED] - comment: ***********************Line1 started***********************

2017-11-15 18:47:49 - [TEST_STEP][PASSED] - click: Object: 'Object Repository/Rental/Rental_SplitTenderDetails/SplitTender.NewButton' is clicked on

2017-11-15 18:47:49 - [MESSAGE][PASSED] - Object: 'Object Repository/Rental/Rental_SplitTenderDetails/SplitTender.NewButton' is clicked on

2017-11-15 18:47:49 - [TEST_STEP][PASSED] - delay: Delayed 2 second(s)

2017-11-15 18:47:51 - [MESSAGE][PASSED] - Delayed 2 second(s)

2017-11-15 18:47:51 - [TEST_STEP][PASSED] - doubleClick: Object: 'Object Repository/Rental/Rental_SplitTenderDetails/SplitTender.ModeofPayment' is double clicked on

2017-11-15 18:47:52 - [MESSAGE][PASSED] - Object: 'Object Repository/Rental/Rental_SplitTenderDetails/SplitTender.ModeofPayment' is double clicked on

2017-11-15 18:47:52 - [TEST_STEP][PASSED] - click: Object: 'Object Repository/Rental/Rental_SplitTenderDetails/SplitTender.ModeOfPaymentCreditCard1' is clicked on

2017-11-15 18:47:52 - [MESSAGE][PASSED] - Object: 'Object Repository/Rental/Rental_SplitTenderDetails/SplitTender.ModeOfPaymentCreditCard1' is clicked on

2017-11-15 18:47:52 - [TEST_STEP][PASSED] - click: Object: 'Object Repository/Rental/Rental_SplitTenderDetails/SplitTender.LineCCNo' is clicked on

2017-11-15 18:47:52 - [MESSAGE][PASSED] - Object: 'Object Repository/Rental/Rental_SplitTenderDetails/SplitTender.LineCCNo' is clicked on

2017-11-15 18:47:52 - [TEST_STEP][PASSED] - delay: Delayed 2 second(s)

2017-11-15 18:47:54 - [MESSAGE][PASSED] - Delayed 2 second(s)

2017-11-15 18:47:54 - [TEST_STEP][PASSED] - setText: Text '4012000033330026' is set on object 'Object Repository/Rental/Rental_SplitTenderDetails/SplitTender.LineCCNo'

2017-11-15 18:47:55 - [MESSAGE][PASSED] - Text '4012000033330026' is set on object 'Object Repository/Rental/Rental_SplitTenderDetails/SplitTender.LineCCNo'

2017-11-15 18:47:55 - [TEST_STEP][PASSED] - delay: Delayed 5 second(s)

2017-11-15 18:48:00 - [MESSAGE][PASSED] - Delayed 5 second(s)

2017-11-15 18:48:00 - [TEST_STEP][NOT_RUN] - click: NOT_RUN: click

2017-11-15 18:48:00 - [MESSAGE][NOT_RUN] - NOT_RUN: click

2017-11-15 18:48:00 - [TEST_STEP][NOT_RUN] - setText: NOT_RUN: setText

2017-11-15 18:48:00 - [MESSAGE][NOT_RUN] - NOT_RUN: setText

2017-11-15 18:48:00 - [TEST_STEP][PASSED] - scrollToElement: Scroll to object 'Object Repository/Rental/Rental_SplitTenderDetails/SplitTender.LineOrderAmount1' successfully

2017-11-15 18:48:00 - [MESSAGE][PASSED] - Scroll to object 'Object Repository/Rental/Rental_SplitTenderDetails/SplitTender.LineOrderAmount1' successfully

2017-11-15 18:48:00 - [TEST_STEP][PASSED] - delay: Delayed 5 second(s)

2017-11-15 18:48:05 - [MESSAGE][PASSED] - Delayed 5 second(s)

2017-11-15 18:48:05 - [TEST_STEP][PASSED] - click: Object: 'Object Repository/Rental/Rental_SplitTenderDetails/SplitTender.LineOrderAmount1' is clicked on

2017-11-15 18:48:05 - [MESSAGE][PASSED] - Object: 'Object Repository/Rental/Rental_SplitTenderDetails/SplitTender.LineOrderAmount1' is clicked on

2017-11-15 18:48:05 - [TEST_STEP][PASSED] - delay: Delayed 3 second(s)

2017-11-15 18:48:08 - [MESSAGE][PASSED] - Delayed 3 second(s)

2017-11-15 18:48:08 - [TEST_STEP][PASSED] - setText: Text '1.00' is set on object 'Object Repository/Rental/Rental_SplitTenderDetails/SplitTender.LineOrderAmount1'

2017-11-15 18:48:08 - [MESSAGE][PASSED] - Text '1.00' is set on object 'Object Repository/Rental/Rental_SplitTenderDetails/SplitTender.LineOrderAmount1'

2017-11-15 18:48:08 - [TEST_STEP][PASSED] - delay: Delayed 2 second(s)

2017-11-15 18:48:10 - [MESSAGE][PASSED] - Delayed 2 second(s)

2017-11-15 18:48:10 - [TEST_STEP][PASSED] - comment: ***********************Line2 started***********************

2017-11-15 18:48:10 - [TEST_STEP][PASSED] - click: Object: 'Object Repository/Rental/Rental_SplitTenderDetails/SplitTender.NewButton' is clicked on

2017-11-15 18:48:11 - [MESSAGE][PASSED] - Object: 'Object Repository/Rental/Rental_SplitTenderDetails/SplitTender.NewButton' is clicked on

2017-11-15 18:48:11 - [TEST_STEP][PASSED] - delay: Delayed 2 second(s)

2017-11-15 18:48:13 - [MESSAGE][PASSED] - Delayed 2 second(s)

2017-11-15 18:48:13 - [TEST_STEP][PASSED] - doubleClick: Object: 'Object Repository/Rental/Rental_SplitTenderDetails/SplitTender.ModeofPayment1' is double clicked on

2017-11-15 18:48:13 - [MESSAGE][PASSED] - Object: 'Object Repository/Rental/Rental_SplitTenderDetails/SplitTender.ModeofPayment1' is double clicked on

2017-11-15 18:48:13 - [TEST_STEP][PASSED] - click: Object: 'Object Repository/Rental/Rental_SplitTenderDetails/SplitTender.ModeOfPaymentCreditCard2' is clicked on

2017-11-15 18:48:14 - [MESSAGE][PASSED] - Object: 'Object Repository/Rental/Rental_SplitTenderDetails/SplitTender.ModeOfPaymentCreditCard2' is clicked on

2017-11-15 18:48:14 - [TEST_STEP][PASSED] - delay: Delayed 3 second(s)

2017-11-15 18:48:17 - [MESSAGE][PASSED] - Delayed 3 second(s)

2017-11-15 18:48:17 - [TEST_STEP][PASSED] - click: Object: 'Object Repository/Rental/Rental_SplitTenderDetails/SplitTender.Line2CCNo' is clicked on

2017-11-15 18:48:17 - [MESSAGE][PASSED] - Object: 'Object Repository/Rental/Rental_SplitTenderDetails/SplitTender.Line2CCNo' is clicked on

2017-11-15 18:48:17 - [TEST_STEP][PASSED] - delay: Delayed 2 second(s)

2017-11-15 18:48:19 - [MESSAGE][PASSED] - Delayed 2 second(s)

2017-11-15 18:48:19 - [TEST_STEP][PASSED] - setText: Text '4111123400062020' is set on object 'Object Repository/Rental/Rental_SplitTenderDetails/SplitTender.Line2CCNo'

2017-11-15 18:48:19 - [MESSAGE][PASSED] - Text '4111123400062020' is set on object 'Object Repository/Rental/Rental_SplitTenderDetails/SplitTender.Line2CCNo'

2017-11-15 18:48:19 - [TEST_STEP][PASSED] - delay: Delayed 2 second(s)

2017-11-15 18:48:21 - [MESSAGE][PASSED] - Delayed 2 second(s)

2017-11-15 18:48:21 - [TEST_STEP][PASSED] - click: Object: 'Object Repository/Rental/Rental_SplitTenderDetails/SplitTender.Line2CVV' is clicked on

2017-11-15 18:48:22 - [MESSAGE][PASSED] - Object: 'Object Repository/Rental/Rental_SplitTenderDetails/SplitTender.Line2CVV' is clicked on

2017-11-15 18:48:22 - [TEST_STEP][PASSED] - delay: Delayed 3 second(s)

2017-11-15 18:48:25 - [MESSAGE][PASSED] - Delayed 3 second(s)

2017-11-15 18:48:25 - [TEST_STEP][PASSED] - setText: Text '865' is set on object 'Object Repository/Rental/Rental_SplitTenderDetails/SplitTender.Line2CVV'

2017-11-15 18:48:25 - [MESSAGE][PASSED] - Text '865' is set on object 'Object Repository/Rental/Rental_SplitTenderDetails/SplitTender.Line2CVV'

2017-11-15 18:48:25 - [TEST_STEP][PASSED] - delay: Delayed 3 second(s)

2017-11-15 18:48:28 - [MESSAGE][PASSED] - Delayed 3 second(s)

2017-11-15 18:48:28 - [TEST_STEP][PASSED] - click: Object: 'Object Repository/Rental/Rental_SplitTenderDetails/SplitTender.CardTypeLine2' is clicked on

2017-11-15 18:48:28 - [MESSAGE][PASSED] - Object: 'Object Repository/Rental/Rental_SplitTenderDetails/SplitTender.CardTypeLine2' is clicked on

2017-11-15 18:48:28 - [TEST_STEP][PASSED] - delay: Delayed 5 second(s)

2017-11-15 18:48:33 - [MESSAGE][PASSED] - Delayed 5 second(s)

2017-11-15 18:48:33 - [TEST_STEP][PASSED] - sendKeys: Keys 'Visa Card' sent to object: 'Object Repository/Rental/Rental_SplitTenderDetails/SplitTender.CardTypeLine2'

2017-11-15 18:48:33 - [MESSAGE][PASSED] - Keys 'Visa Card' sent to object: 'Object Repository/Rental/Rental_SplitTenderDetails/SplitTender.CardTypeLine2'

2017-11-15 18:48:33 - [TEST_STEP][PASSED] - delay: Delayed 5 second(s)

2017-11-15 18:48:38 - [MESSAGE][PASSED] - Delayed 5 second(s)

2017-11-15 18:48:38 - [TEST_STEP][PASSED] - click: Object: 'Object Repository/Rental/Rental_SplitTenderDetails/SplitTender.ExpiryMonthLine2' is clicked on

2017-11-15 18:48:39 - [MESSAGE][PASSED] - Object: 'Object Repository/Rental/Rental_SplitTenderDetails/SplitTender.ExpiryMonthLine2' is clicked on

2017-11-15 18:48:39 - [TEST_STEP][PASSED] - delay: Delayed 3 second(s)

2017-11-15 18:48:42 - [MESSAGE][PASSED] - Delayed 3 second(s)

2017-11-15 18:48:42 - [TEST_STEP][FAILED] - setText: Unable to set text '09' of object 'Object Repository/Rental/Rental_SplitTenderDetails/SplitTender.ExpiryMonthLine2' (Root cause: org.openqa.selenium.InvalidElementStateException: Element must be user-editable in order to clear it.
Command duration or timeout: 29 milliseconds
Build info: version: 'unknown', revision: 'unknown', time: 'unknown'
System info: host: 'ANIL110', ip: '192.168.25.228', os.name: 'Windows 7', os.arch: 'amd64', os.version: '6.1', java.version: '1.8.0_102'
Driver info: com.kms.katalon.core.webui.driver.firefox.CFirefoxDriver47
Capabilities [{applicationCacheEnabled=true, rotatable=false, handlesAlerts=true, databaseEnabled=true, version=56.0, platform=WINDOWS, nativeEvents=false, acceptSslCerts=true, webStorageEnabled=true, locationContextEnabled=true, browserName=firefox, takesScreenshot=true, javascriptEnabled=true, cssSelectorsEnabled=true}]
Session ID: 600e86e1-1c7e-406e-bb89-14bfd73bb0d7)

2017-11-15 18:48:42 - [MESSAGE][FAILED] - Unable to set text '09' of object 'Object Repository/Rental/Rental_SplitTenderDetails/SplitTender.ExpiryMonthLine2' (Root cause: org.openqa.selenium.InvalidElementStateException: Element must be user-editable in order to clear it.
Command duration or timeout: 29 milliseconds
Build info: version: 'unknown', revision: 'unknown', time: 'unknown'
System info: host: 'ANIL110', ip: '192.168.25.228', os.name: 'Windows 7', os.arch: 'amd64', os.version: '6.1', java.version: '1.8.0_102'
Driver info: com.kms.katalon.core.webui.driver.firefox.CFirefoxDriver47
Capabilities [{applicationCacheEnabled=true, rotatable=false, handlesAlerts=true, databaseEnabled=true, version=56.0, platform=WINDOWS, nativeEvents=false, acceptSslCerts=true, webStorageEnabled=true, locationContextEnabled=true, browserName=firefox, takesScreenshot=true, javascriptEnabled=true, cssSelectorsEnabled=true}]
Session ID: 600e86e1-1c7e-406e-bb89-14bfd73bb0d7)
[[ATTACHMENT|C:\\Users\\agawhande\\git\\CreditCard\\Reports\\CC_RentalInvoicewithSplitTenderTestSuite\\20171115_183341\\1510751922622.png]]

2017-11-15 18:48:42 - [TEST_STEP][PASSED] - delay: Delayed 2 second(s)

2017-11-15 18:48:44 - [MESSAGE][PASSED] - Delayed 2 second(s)

2017-11-15 18:48:44 - [TEST_STEP][FAILED] - click: Unable to click on object 'Object Repository/Rental/Rental_SplitTenderDetails/SplitTender.ExpiryYearLine2' (Root cause: org.openqa.selenium.WebDriverException: Element <label class="Label TextOutputField" id="xiext815m000-12-grid-1-xiext805.exyr.rq-20-1-widget">0</label> is not clickable at point (939.5, 426.5333251953125). Other element would receive the click: <div class="WindowManagerGlass" style="z-index: 1;"></div>
Command duration or timeout: 89 milliseconds
Build info: version: 'unknown', revision: 'unknown', time: 'unknown'
System info: host: 'ANIL110', ip: '192.168.25.228', os.name: 'Windows 7', os.arch: 'amd64', os.version: '6.1', java.version: '1.8.0_102'
Driver info: com.kms.katalon.core.webui.driver.firefox.CFirefoxDriver47
Capabilities [{applicationCacheEnabled=true, rotatable=false, handlesAlerts=true, databaseEnabled=true, version=56.0, platform=WINDOWS, nativeEvents=false, acceptSslCerts=true, webStorageEnabled=true, locationContextEnabled=true, browserName=firefox, takesScreenshot=true, javascriptEnabled=true, cssSelectorsEnabled=true}]
Session ID: 600e86e1-1c7e-406e-bb89-14bfd73bb0d7)

2017-11-15 18:48:45 - [MESSAGE][FAILED] - Unable to click on object 'Object Repository/Rental/Rental_SplitTenderDetails/SplitTender.ExpiryYearLine2' (Root cause: org.openqa.selenium.WebDriverException: Element <label class="Label TextOutputField" id="xiext815m000-12-grid-1-xiext805.exyr.rq-20-1-widget">0</label> is not clickable at point (939.5, 426.5333251953125). Other element would receive the click: <div class="WindowManagerGlass" style="z-index: 1;"></div>
Command duration or timeout: 89 milliseconds
Build info: version: 'unknown', revision: 'unknown', time: 'unknown'
System info: host: 'ANIL110', ip: '192.168.25.228', os.name: 'Windows 7', os.arch: 'amd64', os.version: '6.1', java.version: '1.8.0_102'
Driver info: com.kms.katalon.core.webui.driver.firefox.CFirefoxDriver47
Capabilities [{applicationCacheEnabled=true, rotatable=false, handlesAlerts=true, databaseEnabled=true, version=56.0, platform=WINDOWS, nativeEvents=false, acceptSslCerts=true, webStorageEnabled=true, locationContextEnabled=true, browserName=firefox, takesScreenshot=true, javascriptEnabled=true, cssSelectorsEnabled=true}]
Session ID: 600e86e1-1c7e-406e-bb89-14bfd73bb0d7)
[[ATTACHMENT|C:\\Users\\agawhande\\git\\CreditCard\\Reports\\CC_RentalInvoicewithSplitTenderTestSuite\\20171115_183341\\1510751925047.png]]

2017-11-15 18:48:45 - [TEST_STEP][PASSED] - delay: Delayed 2 second(s)

2017-11-15 18:48:47 - [MESSAGE][PASSED] - Delayed 2 second(s)

2017-11-15 18:48:47 - [TEST_STEP][FAILED] - setText: Unable to set text '99' of object 'Object Repository/Rental/Rental_SplitTenderDetails/SplitTender.ExpiryYearLine2' (Root cause: org.openqa.selenium.InvalidElementStateException: Element must be user-editable in order to clear it.
Command duration or timeout: 33 milliseconds
Build info: version: 'unknown', revision: 'unknown', time: 'unknown'
System info: host: 'ANIL110', ip: '192.168.25.228', os.name: 'Windows 7', os.arch: 'amd64', os.version: '6.1', java.version: '1.8.0_102'
Driver info: com.kms.katalon.core.webui.driver.firefox.CFirefoxDriver47
Capabilities [{applicationCacheEnabled=true, rotatable=false, handlesAlerts=true, databaseEnabled=true, version=56.0, platform=WINDOWS, nativeEvents=false, acceptSslCerts=true, webStorageEnabled=true, locationContextEnabled=true, browserName=firefox, takesScreenshot=true, javascriptEnabled=true, cssSelectorsEnabled=true}]
Session ID: 600e86e1-1c7e-406e-bb89-14bfd73bb0d7)

2017-11-15 18:48:47 - [MESSAGE][FAILED] - Unable to set text '99' of object 'Object Repository/Rental/Rental_SplitTenderDetails/SplitTender.ExpiryYearLine2' (Root cause: org.openqa.selenium.InvalidElementStateException: Element must be user-editable in order to clear it.
Command duration or timeout: 33 milliseconds
Build info: version: 'unknown', revision: 'unknown', time: 'unknown'
System info: host: 'ANIL110', ip: '192.168.25.228', os.name: 'Windows 7', os.arch: 'amd64', os.version: '6.1', java.version: '1.8.0_102'
Driver info: com.kms.katalon.core.webui.driver.firefox.CFirefoxDriver47
Capabilities [{applicationCacheEnabled=true, rotatable=false, handlesAlerts=true, databaseEnabled=true, version=56.0, platform=WINDOWS, nativeEvents=false, acceptSslCerts=true, webStorageEnabled=true, locationContextEnabled=true, browserName=firefox, takesScreenshot=true, javascriptEnabled=true, cssSelectorsEnabled=true}]
Session ID: 600e86e1-1c7e-406e-bb89-14bfd73bb0d7)
[[ATTACHMENT|C:\\Users\\agawhande\\git\\CreditCard\\Reports\\CC_RentalInvoicewithSplitTenderTestSuite\\20171115_183341\\1510751927298.png]]

2017-11-15 18:48:47 - [TEST_STEP][PASSED] - delay: Delayed 3 second(s)

2017-11-15 18:48:50 - [MESSAGE][PASSED] - Delayed 3 second(s)

2017-11-15 18:48:50 - [TEST_STEP][PASSED] - scrollToElement: Scroll to object 'Object Repository/Rental/Rental_SplitTenderDetails/SplitTender.LineOrderAmount2' successfully

2017-11-15 18:48:50 - [MESSAGE][PASSED] - Scroll to object 'Object Repository/Rental/Rental_SplitTenderDetails/SplitTender.LineOrderAmount2' successfully

2017-11-15 18:48:50 - [TEST_STEP][PASSED] - delay: Delayed 2 second(s)

2017-11-15 18:48:52 - [MESSAGE][PASSED] - Delayed 2 second(s)

2017-11-15 18:48:52 - [TEST_STEP][FAILED] - click: Unable to click on object 'Object Repository/Rental/Rental_SplitTenderDetails/SplitTender.LineOrderAmount2' (Root cause: org.openqa.selenium.WebDriverException: Element <label class="Label TextOutputField" id="xiext8105m000-12-grid-1-xiext805.oamt.rq-28-1-widget"></label> is not clickable at point (1281.5, 426.5333251953125). Other element would receive the click: <div class="WindowManagerGlass" style="z-index: 1;"></div>
Command duration or timeout: 97 milliseconds
Build info: version: 'unknown', revision: 'unknown', time: 'unknown'
System info: host: 'ANIL110', ip: '192.168.25.228', os.name: 'Windows 7', os.arch: 'amd64', os.version: '6.1', java.version: '1.8.0_102'
Driver info: com.kms.katalon.core.webui.driver.firefox.CFirefoxDriver47
Capabilities [{applicationCacheEnabled=true, rotatable=false, handlesAlerts=true, databaseEnabled=true, version=56.0, platform=WINDOWS, nativeEvents=false, acceptSslCerts=true, webStorageEnabled=true, locationContextEnabled=true, browserName=firefox, takesScreenshot=true, javascriptEnabled=true, cssSelectorsEnabled=true}]
Session ID: 600e86e1-1c7e-406e-bb89-14bfd73bb0d7)

2017-11-15 18:48:53 - [MESSAGE][FAILED] - Unable to click on object 'Object Repository/Rental/Rental_SplitTenderDetails/SplitTender.LineOrderAmount2' (Root cause: org.openqa.selenium.WebDriverException: Element <label class="Label TextOutputField" id="xiext8105m000-12-grid-1-xiext805.oamt.rq-28-1-widget"></label> is not clickable at point (1281.5, 426.5333251953125). Other element would receive the click: <div class="WindowManagerGlass" style="z-index: 1;"></div>
Command duration or timeout: 97 milliseconds
Build info: version: 'unknown', revision: 'unknown', time: 'unknown'
System info: host: 'ANIL110', ip: '192.168.25.228', os.name: 'Windows 7', os.arch: 'amd64', os.version: '6.1', java.version: '1.8.0_102'
Driver info: com.kms.katalon.core.webui.driver.firefox.CFirefoxDriver47
Capabilities [{applicationCacheEnabled=true, rotatable=false, handlesAlerts=true, databaseEnabled=true, version=56.0, platform=WINDOWS, nativeEvents=false, acceptSslCerts=true, webStorageEnabled=true, locationContextEnabled=true, browserName=firefox, takesScreenshot=true, javascriptEnabled=true, cssSelectorsEnabled=true}]
Session ID: 600e86e1-1c7e-406e-bb89-14bfd73bb0d7)
[[ATTACHMENT|C:\\Users\\agawhande\\git\\CreditCard\\Reports\\CC_RentalInvoicewithSplitTenderTestSuite\\20171115_183341\\1510751932857.png]]

2017-11-15 18:48:53 - [TEST_STEP][PASSED] - delay: Delayed 2 second(s)

2017-11-15 18:48:55 - [MESSAGE][PASSED] - Delayed 2 second(s)

2017-11-15 18:48:55 - [TEST_STEP][FAILED] - setText: Unable to set text '1.00' of object 'Object Repository/Rental/Rental_SplitTenderDetails/SplitTender.LineOrderAmount2' (Root cause: org.openqa.selenium.InvalidElementStateException: Element must be user-editable in order to clear it.
Command duration or timeout: 41 milliseconds
Build info: version: 'unknown', revision: 'unknown', time: 'unknown'
System info: host: 'ANIL110', ip: '192.168.25.228', os.name: 'Windows 7', os.arch: 'amd64', os.version: '6.1', java.version: '1.8.0_102'
Driver info: com.kms.katalon.core.webui.driver.firefox.CFirefoxDriver47
Capabilities [{applicationCacheEnabled=true, rotatable=false, handlesAlerts=true, databaseEnabled=true, version=56.0, platform=WINDOWS, nativeEvents=false, acceptSslCerts=true, webStorageEnabled=true, locationContextEnabled=true, browserName=firefox, takesScreenshot=true, javascriptEnabled=true, cssSelectorsEnabled=true}]
Session ID: 600e86e1-1c7e-406e-bb89-14bfd73bb0d7)

2017-11-15 18:48:55 - [MESSAGE][FAILED] - Unable to set text '1.00' of object 'Object Repository/Rental/Rental_SplitTenderDetails/SplitTender.LineOrderAmount2' (Root cause: org.openqa.selenium.InvalidElementStateException: Element must be user-editable in order to clear it.
Command duration or timeout: 41 milliseconds
Build info: version: 'unknown', revision: 'unknown', time: 'unknown'
System info: host: 'ANIL110', ip: '192.168.25.228', os.name: 'Windows 7', os.arch: 'amd64', os.version: '6.1', java.version: '1.8.0_102'
Driver info: com.kms.katalon.core.webui.driver.firefox.CFirefoxDriver47
Capabilities [{applicationCacheEnabled=true, rotatable=false, handlesAlerts=true, databaseEnabled=true, version=56.0, platform=WINDOWS, nativeEvents=false, acceptSslCerts=true, webStorageEnabled=true, locationContextEnabled=true, browserName=firefox, takesScreenshot=true, javascriptEnabled=true, cssSelectorsEnabled=true}]
Session ID: 600e86e1-1c7e-406e-bb89-14bfd73bb0d7)
[[ATTACHMENT|C:\\Users\\agawhande\\git\\CreditCard\\Reports\\CC_RentalInvoicewithSplitTenderTestSuite\\20171115_183341\\1510751935152.png]]

2017-11-15 18:48:55 - [TEST_STEP][PASSED] - delay: Delayed 2 second(s)

2017-11-15 18:48:57 - [MESSAGE][PASSED] - Delayed 2 second(s)

2017-11-15 18:48:57 - [TEST_STEP][PASSED] - comment: ***********************Line3 started***********************

2017-11-15 18:48:57 - [TEST_STEP][FAILED] - click: Unable to click on object 'Object Repository/Rental/Rental_SplitTenderDetails/SplitTender.NewButton' (Root cause: org.openqa.selenium.WebDriverException: Element <div tabindex="0" class="Button" id="xiext8105m000-12-button-std-file.new" draggable="true"></div> is not clickable at point (158.5, 128). Other element would receive the click: <div class="WindowManagerGlass" style="z-index: 1;"></div>
Command duration or timeout: 90 milliseconds
Build info: version: 'unknown', revision: 'unknown', time: 'unknown'
System info: host: 'ANIL110', ip: '192.168.25.228', os.name: 'Windows 7', os.arch: 'amd64', os.version: '6.1', java.version: '1.8.0_102'
Driver info: com.kms.katalon.core.webui.driver.firefox.CFirefoxDriver47
Capabilities [{applicationCacheEnabled=true, rotatable=false, handlesAlerts=true, databaseEnabled=true, version=56.0, platform=WINDOWS, nativeEvents=false, acceptSslCerts=true, webStorageEnabled=true, locationContextEnabled=true, browserName=firefox, takesScreenshot=true, javascriptEnabled=true, cssSelectorsEnabled=true}]
Session ID: 600e86e1-1c7e-406e-bb89-14bfd73bb0d7)

2017-11-15 18:48:57 - [MESSAGE][FAILED] - Unable to click on object 'Object Repository/Rental/Rental_SplitTenderDetails/SplitTender.NewButton' (Root cause: org.openqa.selenium.WebDriverException: Element <div tabindex="0" class="Button" id="xiext8105m000-12-button-std-file.new" draggable="true"></div> is not clickable at point (158.5, 128). Other element would receive the click: <div class="WindowManagerGlass" style="z-index: 1;"></div>
Command duration or timeout: 90 milliseconds
Build info: version: 'unknown', revision: 'unknown', time: 'unknown'
System info: host: 'ANIL110', ip: '192.168.25.228', os.name: 'Windows 7', os.arch: 'amd64', os.version: '6.1', java.version: '1.8.0_102'
Driver info: com.kms.katalon.core.webui.driver.firefox.CFirefoxDriver47
Capabilities [{applicationCacheEnabled=true, rotatable=false, handlesAlerts=true, databaseEnabled=true, version=56.0, platform=WINDOWS, nativeEvents=false, acceptSslCerts=true, webStorageEnabled=true, locationContextEnabled=true, browserName=firefox, takesScreenshot=true, javascriptEnabled=true, cssSelectorsEnabled=true}]
Session ID: 600e86e1-1c7e-406e-bb89-14bfd73bb0d7)
[[ATTACHMENT|C:\\Users\\agawhande\\git\\CreditCard\\Reports\\CC_RentalInvoicewithSplitTenderTestSuite\\20171115_183341\\1510751937502.png]]

2017-11-15 18:48:57 - [TEST_STEP][PASSED] - delay: Delayed 3 second(s)

2017-11-15 18:49:00 - [MESSAGE][PASSED] - Delayed 3 second(s)

2017-11-15 18:49:00 - [TEST_STEP][FAILED] - doubleClick: Unable to double click on object 'Object Repository/Rental/Rental_SplitTenderDetails/SplitTender.ModeOfPaymentCreditCard2' (Root cause: org.openqa.selenium.WebDriverException: Element <div class="ListOutputField" style="width: 100%;" id="xiext8105m000-12-grid-1-xiext805.modp.rq-13-1-widget"></div> is not clickable at point (172.5, 427.04998779296875). Other element would receive the click: <div class="WindowManagerGlass" style="z-index: 1;"></div> (WARNING: The server did not provide any stacktrace information)
Command duration or timeout: 19 milliseconds
Build info: version: 'unknown', revision: 'unknown', time: 'unknown'
System info: host: 'ANIL110', ip: '192.168.25.228', os.name: 'Windows 7', os.arch: 'amd64', os.version: '6.1', java.version: '1.8.0_102'
Driver info: com.kms.katalon.core.webui.driver.firefox.CFirefoxDriver47
Capabilities [{applicationCacheEnabled=true, rotatable=false, handlesAlerts=true, databaseEnabled=true, version=56.0, platform=WINDOWS, nativeEvents=false, acceptSslCerts=true, webStorageEnabled=true, locationContextEnabled=true, browserName=firefox, takesScreenshot=true, javascriptEnabled=true, cssSelectorsEnabled=true}]
Session ID: 600e86e1-1c7e-406e-bb89-14bfd73bb0d7)

2017-11-15 18:49:01 - [MESSAGE][FAILED] - Unable to double click on object 'Object Repository/Rental/Rental_SplitTenderDetails/SplitTender.ModeOfPaymentCreditCard2' (Root cause: org.openqa.selenium.WebDriverException: Element <div class="ListOutputField" style="width: 100%;" id="xiext8105m000-12-grid-1-xiext805.modp.rq-13-1-widget"></div> is not clickable at point (172.5, 427.04998779296875). Other element would receive the click: <div class="WindowManagerGlass" style="z-index: 1;"></div> (WARNING: The server did not provide any stacktrace information)
Command duration or timeout: 19 milliseconds
Build info: version: 'unknown', revision: 'unknown', time: 'unknown'
System info: host: 'ANIL110', ip: '192.168.25.228', os.name: 'Windows 7', os.arch: 'amd64', os.version: '6.1', java.version: '1.8.0_102'
Driver info: com.kms.katalon.core.webui.driver.firefox.CFirefoxDriver47
Capabilities [{applicationCacheEnabled=true, rotatable=false, handlesAlerts=true, databaseEnabled=true, version=56.0, platform=WINDOWS, nativeEvents=false, acceptSslCerts=true, webStorageEnabled=true, locationContextEnabled=true, browserName=firefox, takesScreenshot=true, javascriptEnabled=true, cssSelectorsEnabled=true}]
Session ID: 600e86e1-1c7e-406e-bb89-14bfd73bb0d7)
[[ATTACHMENT|C:\\Users\\agawhande\\git\\CreditCard\\Reports\\CC_RentalInvoicewithSplitTenderTestSuite\\20171115_183341\\1510751940969.png]]

2017-11-15 18:49:01 - [TEST_STEP][PASSED] - delay: Delayed 2 second(s)

2017-11-15 18:49:03 - [MESSAGE][PASSED] - Delayed 2 second(s)

2017-11-15 18:49:03 - [TEST_STEP][FAILED] - click: Unable to click on object 'Object Repository/Rental/Rental_SplitTenderDetails/SplitTender.ModeOfPaymentCash' (Root cause: com.kms.katalon.core.webui.exception.WebElementNotFoundException: Web element with id: 'Object Repository/Rental/Rental_SplitTenderDetails/SplitTender.ModeOfPaymentCash' located by 'By.xpath: //*[@id = 'item_1-label']' not found)

2017-11-15 18:49:36 - [MESSAGE][FAILED] - Unable to click on object 'Object Repository/Rental/Rental_SplitTenderDetails/SplitTender.ModeOfPaymentCash' (Root cause: com.kms.katalon.core.webui.exception.WebElementNotFoundException: Web element with id: 'Object Repository/Rental/Rental_SplitTenderDetails/SplitTender.ModeOfPaymentCash' located by 'By.xpath: //*[@id = 'item_1-label']' not found)
[[ATTACHMENT|C:\\Users\\agawhande\\git\\CreditCard\\Reports\\CC_RentalInvoicewithSplitTenderTestSuite\\20171115_183341\\1510751976219.png]]

2017-11-15 18:49:36 - [TEST_STEP][PASSED] - delay: Delayed 10 second(s)

2017-11-15 18:49:46 - [MESSAGE][PASSED] - Delayed 10 second(s)

2017-11-15 18:49:46 - [TEST_STEP][NOT_RUN] - scrollToElement: NOT_RUN: scrollToElement

2017-11-15 18:49:46 - [MESSAGE][NOT_RUN] - NOT_RUN: scrollToElement

2017-11-15 18:49:46 - [TEST_STEP][FAILED] - click: Unable to click on object 'Object Repository/Rental/Rental_SplitTenderDetails/SplitTender.LineOrderAmount3' (Root cause: com.kms.katalon.core.webui.exception.WebElementNotFoundException: Web element with id: 'Object Repository/Rental/Rental_SplitTenderDetails/SplitTender.LineOrderAmount3' located by 'By.xpath: //*[@id = 'xiext8105m000-12-grid-1-xiext805.oamt.rq-28-2-widget']' not found)

2017-11-15 18:50:19 - [MESSAGE][FAILED] - Unable to click on object 'Object Repository/Rental/Rental_SplitTenderDetails/SplitTender.LineOrderAmount3' (Root cause: com.kms.katalon.core.webui.exception.WebElementNotFoundException: Web element with id: 'Object Repository/Rental/Rental_SplitTenderDetails/SplitTender.LineOrderAmount3' located by 'By.xpath: //*[@id = 'xiext8105m000-12-grid-1-xiext805.oamt.rq-28-2-widget']' not found)
[[ATTACHMENT|C:\\Users\\agawhande\\git\\CreditCard\\Reports\\CC_RentalInvoicewithSplitTenderTestSuite\\20171115_183341\\1510752019349.png]]

2017-11-15 18:50:19 - [TEST_STEP][PASSED] - delay: Delayed 2 second(s)

2017-11-15 18:50:21 - [MESSAGE][PASSED] - Delayed 2 second(s)

2017-11-15 18:50:21 - [TEST_STEP][FAILED] - setText: Unable to set text '108.0' of object 'Object Repository/Rental/Rental_SplitTenderDetails/SplitTender.LineOrderAmount3' (Root cause: com.kms.katalon.core.webui.exception.WebElementNotFoundException: Web element with id: 'Object Repository/Rental/Rental_SplitTenderDetails/SplitTender.LineOrderAmount3' located by 'By.xpath: //*[@id = 'xiext8105m000-12-grid-1-xiext805.oamt.rq-28-2-widget']' not found)

2017-11-15 18:50:54 - [MESSAGE][FAILED] - Unable to set text '108.0' of object 'Object Repository/Rental/Rental_SplitTenderDetails/SplitTender.LineOrderAmount3' (Root cause: com.kms.katalon.core.webui.exception.WebElementNotFoundException: Web element with id: 'Object Repository/Rental/Rental_SplitTenderDetails/SplitTender.LineOrderAmount3' located by 'By.xpath: //*[@id = 'xiext8105m000-12-grid-1-xiext805.oamt.rq-28-2-widget']' not found)
[[ATTACHMENT|C:\\Users\\agawhande\\git\\CreditCard\\Reports\\CC_RentalInvoicewithSplitTenderTestSuite\\20171115_183341\\1510752054756.png]]

2017-11-15 18:50:54 - [TEST_STEP][PASSED] - delay: Delayed 2 second(s)

2017-11-15 18:50:56 - [MESSAGE][PASSED] - Delayed 2 second(s)

2017-11-15 18:50:56 - [TEST_STEP][FAILED] - click: Unable to click on object 'Object Repository/Rental/Rental_SplitTenderDetails/SplitTender.Save' (Root cause: com.kms.katalon.core.webui.exception.WebElementNotFoundException: Web element with id: 'Object Repository/Rental/Rental_SplitTenderDetails/SplitTender.Save' located by 'By.xpath: //*[@id = 'xiext8105m000-4-button-std-file.save']' not found)

2017-11-15 18:51:29 - [MESSAGE][FAILED] - Unable to click on object 'Object Repository/Rental/Rental_SplitTenderDetails/SplitTender.Save' (Root cause: com.kms.katalon.core.webui.exception.WebElementNotFoundException: Web element with id: 'Object Repository/Rental/Rental_SplitTenderDetails/SplitTender.Save' located by 'By.xpath: //*[@id = 'xiext8105m000-4-button-std-file.save']' not found)
[[ATTACHMENT|C:\\Users\\agawhande\\git\\CreditCard\\Reports\\CC_RentalInvoicewithSplitTenderTestSuite\\20171115_183341\\1510752089724.png]]

2017-11-15 18:51:29 - [TEST_STEP][PASSED] - delay: Delayed 3 second(s)

2017-11-15 18:51:32 - [MESSAGE][PASSED] - Delayed 3 second(s)

2017-11-15 18:51:32 - [TEST_STEP][FAILED] - click: Unable to click on object 'Object Repository/Rental/Rental_SplitTenderDetails/SplitTender.Action' (Root cause: org.openqa.selenium.WebDriverException: Element <div tabindex="0" class="Button MenuButton TextButton" id="xiext8105m000-12-button-std:action" draggable="true"></div> is not clickable at point (793.5, 128.01666259765625). Other element would receive the click: <div class="WindowManagerGlass" style="z-index: 1;"></div>
Command duration or timeout: 80 milliseconds
Build info: version: 'unknown', revision: 'unknown', time: 'unknown'
System info: host: 'ANIL110', ip: '192.168.25.228', os.name: 'Windows 7', os.arch: 'amd64', os.version: '6.1', java.version: '1.8.0_102'
Driver info: com.kms.katalon.core.webui.driver.firefox.CFirefoxDriver47
Capabilities [{applicationCacheEnabled=true, rotatable=false, handlesAlerts=true, databaseEnabled=true, version=56.0, platform=WINDOWS, nativeEvents=false, acceptSslCerts=true, webStorageEnabled=true, locationContextEnabled=true, browserName=firefox, takesScreenshot=true, javascriptEnabled=true, cssSelectorsEnabled=true}]
Session ID: 600e86e1-1c7e-406e-bb89-14bfd73bb0d7)

2017-11-15 18:51:33 - [MESSAGE][FAILED] - Unable to click on object 'Object Repository/Rental/Rental_SplitTenderDetails/SplitTender.Action' (Root cause: org.openqa.selenium.WebDriverException: Element <div tabindex="0" class="Button MenuButton TextButton" id="xiext8105m000-12-button-std:action" draggable="true"></div> is not clickable at point (793.5, 128.01666259765625). Other element would receive the click: <div class="WindowManagerGlass" style="z-index: 1;"></div>
Command duration or timeout: 80 milliseconds
Build info: version: 'unknown', revision: 'unknown', time: 'unknown'
System info: host: 'ANIL110', ip: '192.168.25.228', os.name: 'Windows 7', os.arch: 'amd64', os.version: '6.1', java.version: '1.8.0_102'
Driver info: com.kms.katalon.core.webui.driver.firefox.CFirefoxDriver47
Capabilities [{applicationCacheEnabled=true, rotatable=false, handlesAlerts=true, databaseEnabled=true, version=56.0, platform=WINDOWS, nativeEvents=false, acceptSslCerts=true, webStorageEnabled=true, locationContextEnabled=true, browserName=firefox, takesScreenshot=true, javascriptEnabled=true, cssSelectorsEnabled=true}]
Session ID: 600e86e1-1c7e-406e-bb89-14bfd73bb0d7)
[[ATTACHMENT|C:\\Users\\agawhande\\git\\CreditCard\\Reports\\CC_RentalInvoicewithSplitTenderTestSuite\\20171115_183341\\1510752093084.png]]

2017-11-15 18:51:33 - [TEST_STEP][PASSED] - delay: Delayed 2 second(s)

2017-11-15 18:51:35 - [MESSAGE][PASSED] - Delayed 2 second(s)

2017-11-15 18:51:35 - [TEST_STEP][FAILED] - click: Unable to click on object 'Object Repository/Rental/Rental_SplitTenderDetails/SplitTender.ApplyTax' (Root cause: com.kms.katalon.core.webui.exception.WebElementNotFoundException: Web element with id: 'Object Repository/Rental/Rental_SplitTenderDetails/SplitTender.ApplyTax' located by 'By.xpath: //*[@id = 'xiext8105m000-12-menu-std:action-form-apply.tax']' not found)

2017-11-15 18:52:08 - [MESSAGE][FAILED] - Unable to click on object 'Object Repository/Rental/Rental_SplitTenderDetails/SplitTender.ApplyTax' (Root cause: com.kms.katalon.core.webui.exception.WebElementNotFoundException: Web element with id: 'Object Repository/Rental/Rental_SplitTenderDetails/SplitTender.ApplyTax' located by 'By.xpath: //*[@id = 'xiext8105m000-12-menu-std:action-form-apply.tax']' not found)
[[ATTACHMENT|C:\\Users\\agawhande\\git\\CreditCard\\Reports\\CC_RentalInvoicewithSplitTenderTestSuite\\20171115_183341\\1510752128369.png]]

2017-11-15 18:52:08 - [TEST_STEP][PASSED] - delay: Delayed 2 second(s)

2017-11-15 18:52:10 - [MESSAGE][PASSED] - Delayed 2 second(s)

2017-11-15 18:52:10 - [TEST_STEP][PASSED] - Statement - G_SplitInvoiceAmt1 = com.kms.katalon.core.webui.keyword.WebUiBuiltInKeywords.getText(com.kms.katalon.core.testobject.ObjectRepository.findTestObject(Rental/Rental_SplitTenderDetails/SplitTender.InvoiceAmt1)): Text of object 'Object Repository/Rental/Rental_SplitTenderDetails/SplitTender.InvoiceAmt1' is: '1.00'

2017-11-15 18:52:10 - [MESSAGE][PASSED] - Text of object 'Object Repository/Rental/Rental_SplitTenderDetails/SplitTender.InvoiceAmt1' is: '1.00'

2017-11-15 18:52:10 - [TEST_STEP][PASSED] - Statement - G_SplitInvoiceAmt2 = com.kms.katalon.core.webui.keyword.WebUiBuiltInKeywords.getText(com.kms.katalon.core.testobject.ObjectRepository.findTestObject(Rental/Rental_SplitTenderDetails/SplitTender.InvoiceAmt2)): Text of object 'Object Repository/Rental/Rental_SplitTenderDetails/SplitTender.InvoiceAmt2' is: '0.00'

2017-11-15 18:52:10 - [MESSAGE][PASSED] - Text of object 'Object Repository/Rental/Rental_SplitTenderDetails/SplitTender.InvoiceAmt2' is: '0.00'

2017-11-15 18:52:10 - [TEST_STEP][PASSED] - click: Object: 'Object Repository/Rental/Rental_SplitTenderDetails/SplitTender.SaveClose' is clicked on

2017-11-15 18:52:11 - [MESSAGE][PASSED] - Object: 'Object Repository/Rental/Rental_SplitTenderDetails/SplitTender.SaveClose' is clicked on

2017-11-15 18:52:11 - [TEST_STEP][PASSED] - delay: Delayed 2 second(s)

2017-11-15 18:52:13 - [MESSAGE][PASSED] - Delayed 2 second(s)

2017-11-15 18:52:13 - [TEST_STEP][FAILED] - click: Unable to click on object 'Object Repository/Rental/RentalHeader/RentalInvoice/ServiceCreditCard.Process' (Root cause: org.openqa.selenium.WebDriverException: Element <div tabindex="0" class="Button TextButton" id="xiext6102m000-11-button-form-process.cc.payment" draggable="true"></div> is not clickable at point (212, 123). Other element would receive the click: <div class="WindowManagerGlass" style="z-index: 1;"></div>
Command duration or timeout: 79 milliseconds
Build info: version: 'unknown', revision: 'unknown', time: 'unknown'
System info: host: 'ANIL110', ip: '192.168.25.228', os.name: 'Windows 7', os.arch: 'amd64', os.version: '6.1', java.version: '1.8.0_102'
Driver info: com.kms.katalon.core.webui.driver.firefox.CFirefoxDriver47
Capabilities [{applicationCacheEnabled=true, rotatable=false, handlesAlerts=true, databaseEnabled=true, version=56.0, platform=WINDOWS, nativeEvents=false, acceptSslCerts=true, webStorageEnabled=true, locationContextEnabled=true, browserName=firefox, takesScreenshot=true, javascriptEnabled=true, cssSelectorsEnabled=true}]
Session ID: 600e86e1-1c7e-406e-bb89-14bfd73bb0d7)

2017-11-15 18:52:13 - [MESSAGE][FAILED] - Unable to click on object 'Object Repository/Rental/RentalHeader/RentalInvoice/ServiceCreditCard.Process' (Root cause: org.openqa.selenium.WebDriverException: Element <div tabindex="0" class="Button TextButton" id="xiext6102m000-11-button-form-process.cc.payment" draggable="true"></div> is not clickable at point (212, 123). Other element would receive the click: <div class="WindowManagerGlass" style="z-index: 1;"></div>
Command duration or timeout: 79 milliseconds
Build info: version: 'unknown', revision: 'unknown', time: 'unknown'
System info: host: 'ANIL110', ip: '192.168.25.228', os.name: 'Windows 7', os.arch: 'amd64', os.version: '6.1', java.version: '1.8.0_102'
Driver info: com.kms.katalon.core.webui.driver.firefox.CFirefoxDriver47
Capabilities [{applicationCacheEnabled=true, rotatable=false, handlesAlerts=true, databaseEnabled=true, version=56.0, platform=WINDOWS, nativeEvents=false, acceptSslCerts=true, webStorageEnabled=true, locationContextEnabled=true, browserName=firefox, takesScreenshot=true, javascriptEnabled=true, cssSelectorsEnabled=true}]
Session ID: 600e86e1-1c7e-406e-bb89-14bfd73bb0d7)
[[ATTACHMENT|C:\\Users\\agawhande\\git\\CreditCard\\Reports\\CC_RentalInvoicewithSplitTenderTestSuite\\20171115_183341\\1510752133428.png]]

2017-11-15 18:52:13 - [TEST_STEP][PASSED] - delay: Delayed 13 second(s)

2017-11-15 18:52:26 - [MESSAGE][PASSED] - Delayed 13 second(s)

2017-11-15 18:52:26 - [TEST_STEP][FAILED] - click: Unable to click on object 'Object Repository/Rental/RentalHeader/RentalInvoice/ServiceCreditCard.PrintOK' (Root cause: com.kms.katalon.core.webui.exception.WebElementNotFoundException: Web element with id: 'Object Repository/Rental/RentalHeader/RentalInvoice/ServiceCreditCard.PrintOK' located by 'By.xpath: //*[@id = 'dlg-erext4203m001-10-input-button-0']' not found)

2017-11-15 18:53:00 - [MESSAGE][FAILED] - Unable to click on object 'Object Repository/Rental/RentalHeader/RentalInvoice/ServiceCreditCard.PrintOK' (Root cause: com.kms.katalon.core.webui.exception.WebElementNotFoundException: Web element with id: 'Object Repository/Rental/RentalHeader/RentalInvoice/ServiceCreditCard.PrintOK' located by 'By.xpath: //*[@id = 'dlg-erext4203m001-10-input-button-0']' not found)
[[ATTACHMENT|C:\\Users\\agawhande\\git\\CreditCard\\Reports\\CC_RentalInvoicewithSplitTenderTestSuite\\20171115_183341\\1510752179833.png]]

2017-11-15 18:53:00 - [TEST_STEP][PASSED] - delay: Delayed 10 second(s)

2017-11-15 18:53:10 - [MESSAGE][PASSED] - Delayed 10 second(s)

2017-11-15 18:53:10 - [TEST_STEP][FAILED] - click: Unable to click on object 'Object Repository/Rental/RentalHeader/RentalInvoice/ServiceCreditCard.PrintDevice' (Root cause: com.kms.katalon.core.webui.exception.WebElementNotFoundException: Web element with id: 'Object Repository/Rental/RentalHeader/RentalInvoice/ServiceCreditCard.PrintDevice' located by 'By.xpath: //*[@id = 'ttstpsplopen-13-button-form-exec.cont.process']' not found)

2017-11-15 18:53:43 - [MESSAGE][FAILED] - Unable to click on object 'Object Repository/Rental/RentalHeader/RentalInvoice/ServiceCreditCard.PrintDevice' (Root cause: com.kms.katalon.core.webui.exception.WebElementNotFoundException: Web element with id: 'Object Repository/Rental/RentalHeader/RentalInvoice/ServiceCreditCard.PrintDevice' located by 'By.xpath: //*[@id = 'ttstpsplopen-13-button-form-exec.cont.process']' not found)
[[ATTACHMENT|C:\\Users\\agawhande\\git\\CreditCard\\Reports\\CC_RentalInvoicewithSplitTenderTestSuite\\20171115_183341\\1510752223100.png]]

2017-11-15 18:53:43 - [TEST_STEP][PASSED] - delay: Delayed 5 second(s)

2017-11-15 18:53:48 - [MESSAGE][PASSED] - Delayed 5 second(s)

2017-11-15 18:53:48 - [MESSAGE][FAILED] - Unable to call Test Case with id 'Test Cases/Rental/Base_RentalContract/Base_CreateRentalInvoicewithSpitTenderDetails_SplitTender' (Root cause: Call Test Case 'Test Cases/Rental/Base_RentalContract/Base_CreateRentalInvoicewithSpitTenderDetails_SplitTender' failed)]]></system-out>
         <system-err><![CDATA[2017-11-15 18:43:05 - [TEST_CASE][FAILED] - Test Cases/Rental/Base_RentalContract/CreditCardRegression/TC004_RentalContractInvoice_SplitTender - Iteration 2: Test Cases/Rental/Base_RentalContract/CreditCardRegression/TC004_RentalContractInvoice_SplitTender FAILED because (of) Unable to set text '09' of object 'Object Repository/Rental/Rental_SplitTenderDetails/SplitTender.ExpiryMonthLine2' (Root cause: org.openqa.selenium.InvalidElementStateException: Element must be user-editable in order to clear it.
Command duration or timeout: 29 milliseconds
Build info: version: 'unknown', revision: 'unknown', time: 'unknown'
System info: host: 'ANIL110', ip: '192.168.25.228', os.name: 'Windows 7', os.arch: 'amd64', os.version: '6.1', java.version: '1.8.0_102'
Driver info: com.kms.katalon.core.webui.driver.firefox.CFirefoxDriver47
Capabilities [{applicationCacheEnabled=true, rotatable=false, handlesAlerts=true, databaseEnabled=true, version=56.0, platform=WINDOWS, nativeEvents=false, acceptSslCerts=true, webStorageEnabled=true, locationContextEnabled=true, browserName=firefox, takesScreenshot=true, javascriptEnabled=true, cssSelectorsEnabled=true}]
Session ID: 600e86e1-1c7e-406e-bb89-14bfd73bb0d7)]]></system-err>
      </testcase>
      <system-out><![CDATA[2017-11-15 18:33:51 - [TEST_SUITE][FAILED] - CC_RentalInvoicewithSplitTenderTestSuite: Test Cases/Rental/Base_RentalContract/CreditCardRegression/TC004_RentalContractInvoice_SplitTender FAILED because (of) Unable to click on object 'Object Repository/Rental/Rental_SplitTenderDetails/SplitTender.ModeOfPaymentCash' (Root cause: com.kms.katalon.core.webui.exception.WebElementNotFoundException: Web element with id: 'Object Repository/Rental/Rental_SplitTenderDetails/SplitTender.ModeOfPaymentCash' located by 'By.xpath: //*[@id = 'item_1-label']' not found)]]></system-out>
      <system-err><![CDATA[2017-11-15 18:33:51 - [TEST_SUITE][FAILED] - CC_RentalInvoicewithSplitTenderTestSuite: Test Cases/Rental/Base_RentalContract/CreditCardRegression/TC004_RentalContractInvoice_SplitTender FAILED because (of) Unable to click on object 'Object Repository/Rental/Rental_SplitTenderDetails/SplitTender.ModeOfPaymentCash' (Root cause: com.kms.katalon.core.webui.exception.WebElementNotFoundException: Web element with id: 'Object Repository/Rental/Rental_SplitTenderDetails/SplitTender.ModeOfPaymentCash' located by 'By.xpath: //*[@id = 'item_1-label']' not found)]]></system-err>
   </testsuite>
</testsuites>
