<?xml version="1.0" encoding="UTF-8"?>
<testsuites name="CC_ServiceOrderwithSplitTenderTestSuite" time="620" tests="0" failures="1" errors="0">
   <testsuite name="CC_ServiceOrderwithSplitTenderTestSuite" tests="0" failures="1" errors="0" time="620" timestamp="2017-12-05 18:19:50" hostname="agawhande - ANIL110.e-emphasys.com" id="Test Suites/Proxima/CC_ServiceOrderwithSplitTenderTestSuite">
      <properties>
         <property name="deviceName" value=""/>
         <property name="devicePlatform" value=""/>
         <property name="logFolder" value="C:\\Users\\agawhande\\git\\CreditCard\\Reports\\Proxima\\CC_ServiceOrderwithSplitTenderTestSuite\\20171205_181942"/>
         <property name="logFiles" value="C:\\Users\\agawhande\\git\\CreditCard\\Reports\\Proxima\\CC_ServiceOrderwithSplitTenderTestSuite\\20171205_181942\\execution0.log"/>
         <property name="attachments" value="C:\\Users\\agawhande\\git\\CreditCard\\Reports\\Proxima\\CC_ServiceOrderwithSplitTenderTestSuite\\20171205_181942\\1512478509478.png, C:\\Users\\agawhande\\git\\CreditCard\\Reports\\Proxima\\CC_ServiceOrderwithSplitTenderTestSuite\\20171205_181942\\1512478551125.png, C:\\Users\\agawhande\\git\\CreditCard\\Reports\\Proxima\\CC_ServiceOrderwithSplitTenderTestSuite\\20171205_181942\\1512478560066.png, C:\\Users\\agawhande\\git\\CreditCard\\Reports\\Proxima\\CC_ServiceOrderwithSplitTenderTestSuite\\20171205_181942\\1512478594453.png, C:\\Users\\agawhande\\git\\CreditCard\\Reports\\Proxima\\CC_ServiceOrderwithSplitTenderTestSuite\\20171205_181942\\1512478628818.png, C:\\Users\\agawhande\\git\\CreditCard\\Reports\\Proxima\\CC_ServiceOrderwithSplitTenderTestSuite\\20171205_181942\\1512478660358.png, C:\\Users\\agawhande\\git\\CreditCard\\Reports\\Proxima\\CC_ServiceOrderwithSplitTenderTestSuite\\20171205_181942\\1512478700086.png, C:\\Users\\agawhande\\git\\CreditCard\\Reports\\Proxima\\CC_ServiceOrderwithSplitTenderTestSuite\\20171205_181942\\1512478700964.png, C:\\Users\\agawhande\\git\\CreditCard\\Reports\\Proxima\\CC_ServiceOrderwithSplitTenderTestSuite\\20171205_181942\\1512478743333.png, C:\\Users\\agawhande\\git\\CreditCard\\Reports\\Proxima\\CC_ServiceOrderwithSplitTenderTestSuite\\20171205_181942\\1512478774778.png, C:\\Users\\agawhande\\git\\CreditCard\\Reports\\Proxima\\CC_ServiceOrderwithSplitTenderTestSuite\\20171205_181942\\1512478806067.png"/>
         <property name="hostName" value="agawhande - ANIL110.e-emphasys.com"/>
         <property name="os" value="Windows 7 64bit"/>
         <property name="katalonVersion" value="4.8.0.2"/>
         <property name="browser" value="Firefox 56.0"/>
         <property name="hostAddress" value="192.168.25.228"/>
         <property name="sessionId" value="458ae1d0-a351-40d1-92bb-4184df57da3b"/>
         <property name="seleniumVersion" value="unknown"/>
         <property name="proxyInformation" value="ProxyInformation{proxyOption=NO_PROXY, proxyServerType=, password=, proxyServerAddress=, proxyServerPort=0}"/>
         <property name="platform" value="Windows 7"/>
      </properties>
      <testcase name="Test Cases/Service/CreditCardRegression/TC002_Service_CreditCardSplitTender" classname="Test Cases/Service/CreditCardRegression/TC002_Service_CreditCardSplitTender" status="FAILED">
         <failure type="FAILED" message="Unable to click on object 'Object Repository/Service/ServiceOrder/CreditCardSplitTender/SplitTender.PrintOK' (Root cause: com.kms.katalon.core.webui.exception.WebElementNotFoundException: Web element with id: 'Object Repository/Service/ServiceOrder/CreditCardSplitTender/SplitTender.PrintOK' located by 'By.xpath: //*[@id = 'tsext4100m300-5-button-std-file.save_and_close']' not found)"/>
         <system-out><![CDATA[2017-12-05 18:19:50 - [TEST_CASE][FAILED] - Test Cases/Service/CreditCardRegression/TC002_Service_CreditCardSplitTender: Test Cases/Service/CreditCardRegression/TC002_Service_CreditCardSplitTender FAILED because (of) Unable to click on object 'Object Repository/Service/ServiceOrder/CreditCardSplitTender/SplitTender.PrintOK' (Root cause: com.kms.katalon.core.webui.exception.WebElementNotFoundException: Web element with id: 'Object Repository/Service/ServiceOrder/CreditCardSplitTender/SplitTender.PrintOK' located by 'By.xpath: //*[@id = 'tsext4100m300-5-button-std-file.save_and_close']' not found)

2017-12-05 18:19:51 - [TEST_STEP][PASSED] - callTestCase: Call Test Case 'Test Cases/Service/BaseTestCases/Base_Service_CreateHeader' successfully

2017-12-05 18:19:51 - [TEST_CASE][PASSED] - Test Cases/Service/BaseTestCases/Base_Service_CreateHeader: Test Cases/Service/BaseTestCases/Base_Service_CreateHeader

2017-12-05 18:19:52 - [TEST_STEP][PASSED] - callTestCase: Call Test Case 'Test Cases/Common/Base_Common_OpenSession' successfully

2017-12-05 18:19:52 - [TEST_CASE][PASSED] - Test Cases/Common/Base_Common_OpenSession: Test Cases/Common/Base_Common_OpenSession

2017-12-05 18:19:52 - [TEST_STEP][PASSED] - openBrowser: Browser is opened with url: 'https://rgajbhiye:Robin$123@proxima-ln4.e-emphasys.com:8441/webui/servlet/login'

2017-12-05 18:20:03 - [MESSAGE][PASSED] - Browser is opened with url: 'https://rgajbhiye:Robin$123@proxima-ln4.e-emphasys.com:8441/webui/servlet/login'

2017-12-05 18:20:03 - [TEST_STEP][PASSED] - waitForPageLoad: Wait for page load successfully

2017-12-05 18:20:03 - [MESSAGE][PASSED] - Wait for page load successfully

2017-12-05 18:20:03 - [TEST_STEP][PASSED] - maximizeWindow: Current window maximized

2017-12-05 18:20:03 - [MESSAGE][PASSED] - Current window maximized

2017-12-05 18:20:03 - [TEST_STEP][PASSED] - click: Object: 'Object Repository/Common/HomePage/HomePage_more' is clicked on

2017-12-05 18:20:11 - [MESSAGE][PASSED] - Object: 'Object Repository/Common/HomePage/HomePage_more' is clicked on

2017-12-05 18:20:11 - [TEST_STEP][PASSED] - click: Object: 'Object Repository/Common/HomePage/HomePage_Option' is clicked on

2017-12-05 18:20:11 - [MESSAGE][PASSED] - Object: 'Object Repository/Common/HomePage/HomePage_Option' is clicked on

2017-12-05 18:20:11 - [TEST_STEP][PASSED] - click: Object: 'Object Repository/Common/HomePage/HomePage_RunProgram_' is clicked on

2017-12-05 18:20:12 - [MESSAGE][PASSED] - Object: 'Object Repository/Common/HomePage/HomePage_RunProgram_' is clicked on

2017-12-05 18:20:12 - [TEST_STEP][PASSED] - sendKeys: Keys 'tssoc2100m001' sent to object: 'Object Repository/Common/HomePage/HomePage_Session_ID'

2017-12-05 18:20:12 - [MESSAGE][PASSED] - Keys 'tssoc2100m001' sent to object: 'Object Repository/Common/HomePage/HomePage_Session_ID'

2017-12-05 18:20:12 - [TEST_STEP][PASSED] - click: Object: 'Object Repository/Common/HomePage/HomePage_OkButton' is clicked on

2017-12-05 18:20:12 - [MESSAGE][PASSED] - Object: 'Object Repository/Common/HomePage/HomePage_OkButton' is clicked on

2017-12-05 18:20:12 - [MESSAGE][PASSED] - Call Test Case 'Test Cases/Common/Base_Common_OpenSession' successfully

2017-12-05 18:20:12 - [TEST_STEP][PASSED] - click: Object: 'Object Repository/Service/ServiceOrder/ServiceOrderHeader/ServiceOrderHeader.Newbutton' is clicked on

2017-12-05 18:20:16 - [MESSAGE][PASSED] - Object: 'Object Repository/Service/ServiceOrder/ServiceOrderHeader/ServiceOrderHeader.Newbutton' is clicked on

2017-12-05 18:20:16 - [TEST_STEP][PASSED] - delay: Delayed 3 second(s)

2017-12-05 18:20:19 - [MESSAGE][PASSED] - Delayed 3 second(s)

2017-12-05 18:20:19 - [TEST_STEP][PASSED] - setText: Text 'M00000010' is set on object 'Object Repository/Service/ServiceOrder/ServiceOrderHeader/ServiceOrderHeader.Customer'

2017-12-05 18:20:19 - [MESSAGE][PASSED] - Text 'M00000010' is set on object 'Object Repository/Service/ServiceOrder/ServiceOrderHeader/ServiceOrderHeader.Customer'

2017-12-05 18:20:19 - [TEST_STEP][PASSED] - sendKeys: Keys '' sent to object: 'Object Repository/Service/ServiceOrder/ServiceOrderHeader/ServiceOrderHeader.Customer'

2017-12-05 18:20:19 - [MESSAGE][PASSED] - Keys '' sent to object: 'Object Repository/Service/ServiceOrder/ServiceOrderHeader/ServiceOrderHeader.Customer'

2017-12-05 18:20:19 - [TEST_STEP][PASSED] - delay: Delayed 3 second(s)

2017-12-05 18:20:22 - [MESSAGE][PASSED] - Delayed 3 second(s)

2017-12-05 18:20:22 - [TEST_STEP][PASSED] - setText: Text 'MD0011957' is set on object 'Object Repository/Service/ServiceOrder/ServiceOrderHeader/ServiceOrderHeader.Unit'

2017-12-05 18:20:23 - [MESSAGE][PASSED] - Text 'MD0011957' is set on object 'Object Repository/Service/ServiceOrder/ServiceOrderHeader/ServiceOrderHeader.Unit'

2017-12-05 18:20:23 - [TEST_STEP][PASSED] - click: Object: 'Object Repository/Service/ServiceOrder/ServiceOrderHeader/ServiceOrderHeader.Save' is clicked on

2017-12-05 18:20:23 - [MESSAGE][PASSED] - Object: 'Object Repository/Service/ServiceOrder/ServiceOrderHeader/ServiceOrderHeader.Save' is clicked on

2017-12-05 18:20:23 - [TEST_STEP][PASSED] - click: Object: 'Object Repository/Service/ServiceOrder/ServiceOrderHeader/ServiceOrderHeader.Warning' is clicked on

2017-12-05 18:20:28 - [MESSAGE][PASSED] - Object: 'Object Repository/Service/ServiceOrder/ServiceOrderHeader/ServiceOrderHeader.Warning' is clicked on

2017-12-05 18:20:28 - [TEST_STEP][PASSED] - delay: Delayed 3 second(s)

2017-12-05 18:20:31 - [MESSAGE][PASSED] - Delayed 3 second(s)

2017-12-05 18:20:31 - [TEST_STEP][PASSED] - click: Object: 'Object Repository/Service/ServiceOrder/ServiceOrderHeader/ServiceOrderHeader.PaymentMode' is clicked on

2017-12-05 18:20:32 - [MESSAGE][PASSED] - Object: 'Object Repository/Service/ServiceOrder/ServiceOrderHeader/ServiceOrderHeader.PaymentMode' is clicked on

2017-12-05 18:20:32 - [TEST_STEP][PASSED] - click: Object: 'Object Repository/Service/ServiceOrder/ServiceOrderHeader/ServiceOrderHeader.CreditCardoption' is clicked on

2017-12-05 18:20:32 - [MESSAGE][PASSED] - Object: 'Object Repository/Service/ServiceOrder/ServiceOrderHeader/ServiceOrderHeader.CreditCardoption' is clicked on

2017-12-05 18:20:32 - [TEST_STEP][PASSED] - delay: Delayed 5 second(s)

2017-12-05 18:20:37 - [MESSAGE][PASSED] - Delayed 5 second(s)

2017-12-05 18:20:37 - [TEST_STEP][NOT_RUN] - setText: NOT_RUN: setText

2017-12-05 18:20:37 - [MESSAGE][NOT_RUN] - NOT_RUN: setText

2017-12-05 18:20:37 - [TEST_STEP][PASSED] - click: Object: 'Object Repository/Service/ServiceOrder/ServiceOrderHeader/ServiceOrderHeader.Save' is clicked on

2017-12-05 18:20:37 - [MESSAGE][PASSED] - Object: 'Object Repository/Service/ServiceOrder/ServiceOrderHeader/ServiceOrderHeader.Save' is clicked on

2017-12-05 18:20:37 - [TEST_STEP][PASSED] - delay: Delayed 5 second(s)

2017-12-05 18:20:42 - [MESSAGE][PASSED] - Delayed 5 second(s)

2017-12-05 18:20:42 - [TEST_STEP][PASSED] - Statement - SWOOrderNo = com.kms.katalon.core.webui.keyword.WebUiBuiltInKeywords.getAttribute(com.kms.katalon.core.testobject.ObjectRepository.findTestObject(Service/ServiceOrder/ServiceOrderHeader/ServiceOrderHeader.OrderNo), "value"): Attribute 'value' of object 'Object Repository/Service/ServiceOrder/ServiceOrderHeader/ServiceOrderHeader.OrderNo' is: 'SWO119910'

2017-12-05 18:20:42 - [MESSAGE][PASSED] - Attribute 'value' of object 'Object Repository/Service/ServiceOrder/ServiceOrderHeader/ServiceOrderHeader.OrderNo' is: 'SWO119910'

2017-12-05 18:20:42 - [TEST_STEP][PASSED] - verifyNotEqual: Actual object 'SWO119910' and expected object '' are not equal

2017-12-05 18:20:42 - [MESSAGE][PASSED] - Actual object 'SWO119910' and expected object '' are not equal

2017-12-05 18:20:42 - [TEST_STEP][PASSED] - delay: Delayed 5 second(s)

2017-12-05 18:20:47 - [MESSAGE][PASSED] - Delayed 5 second(s)

2017-12-05 18:20:47 - [TEST_STEP][PASSED] - click: Object: 'Object Repository/Service/ServiceOrder/ServiceOrderHeader/ServiceOrderHeader.Actions' is clicked on

2017-12-05 18:20:48 - [MESSAGE][PASSED] - Object: 'Object Repository/Service/ServiceOrder/ServiceOrderHeader/ServiceOrderHeader.Actions' is clicked on

2017-12-05 18:20:48 - [TEST_STEP][PASSED] - delay: Delayed 3 second(s)

2017-12-05 18:20:51 - [MESSAGE][PASSED] - Delayed 3 second(s)

2017-12-05 18:20:51 - [TEST_STEP][PASSED] - click: Object: 'Object Repository/Service/ServiceOrder/ServiceOrderHeader/ServiceOrderHeader.Segments' is clicked on

2017-12-05 18:20:51 - [MESSAGE][PASSED] - Object: 'Object Repository/Service/ServiceOrder/ServiceOrderHeader/ServiceOrderHeader.Segments' is clicked on

2017-12-05 18:20:51 - [TEST_STEP][PASSED] - delay: Delayed 3 second(s)

2017-12-05 18:20:54 - [MESSAGE][PASSED] - Delayed 3 second(s)

2017-12-05 18:20:54 - [MESSAGE][PASSED] - Call Test Case 'Test Cases/Service/BaseTestCases/Base_Service_CreateHeader' successfully

2017-12-05 18:20:54 - [TEST_STEP][PASSED] - callTestCase: Call Test Case 'Test Cases/Service/BaseTestCases/Base_Service_AddSegment' successfully

2017-12-05 18:20:54 - [TEST_CASE][PASSED] - Test Cases/Service/BaseTestCases/Base_Service_AddSegment: Test Cases/Service/BaseTestCases/Base_Service_AddSegment

2017-12-05 18:20:54 - [TEST_STEP][PASSED] - click: Object: 'Object Repository/Service/ServiceOrder/ServiceOrderSegment/ServiceOrderSegment.ServiceType' is clicked on

2017-12-05 18:20:54 - [MESSAGE][PASSED] - Object: 'Object Repository/Service/ServiceOrder/ServiceOrderSegment/ServiceOrderSegment.ServiceType' is clicked on

2017-12-05 18:20:54 - [TEST_STEP][PASSED] - setText: Text 'ABC' is set on object 'Object Repository/Service/ServiceOrder/ServiceOrderSegment/ServiceOrderSegment.ServiceType'

2017-12-05 18:20:55 - [MESSAGE][PASSED] - Text 'ABC' is set on object 'Object Repository/Service/ServiceOrder/ServiceOrderSegment/ServiceOrderSegment.ServiceType'

2017-12-05 18:20:55 - [TEST_STEP][NOT_RUN] - sendKeys: NOT_RUN: sendKeys

2017-12-05 18:20:55 - [MESSAGE][NOT_RUN] - NOT_RUN: sendKeys

2017-12-05 18:20:55 - [TEST_STEP][PASSED] - delay: Delayed 3 second(s)

2017-12-05 18:20:58 - [MESSAGE][PASSED] - Delayed 3 second(s)

2017-12-05 18:20:58 - [TEST_STEP][PASSED] - click: Object: 'Object Repository/Service/ServiceOrder/ServiceOrderSegment/ServiceOrderSegment.Save' is clicked on

2017-12-05 18:20:58 - [MESSAGE][PASSED] - Object: 'Object Repository/Service/ServiceOrder/ServiceOrderSegment/ServiceOrderSegment.Save' is clicked on

2017-12-05 18:20:58 - [TEST_STEP][PASSED] - delay: Delayed 10 second(s)

2017-12-05 18:21:08 - [MESSAGE][PASSED] - Delayed 10 second(s)

2017-12-05 18:21:08 - [TEST_STEP][PASSED] - click: Object: 'Object Repository/Service/ServiceOrder/ServiceOrderSegment/ServiceOrderSegment.Action' is clicked on

2017-12-05 18:21:08 - [MESSAGE][PASSED] - Object: 'Object Repository/Service/ServiceOrder/ServiceOrderSegment/ServiceOrderSegment.Action' is clicked on

2017-12-05 18:21:08 - [TEST_STEP][PASSED] - delay: Delayed 2 second(s)

2017-12-05 18:21:10 - [MESSAGE][PASSED] - Delayed 2 second(s)

2017-12-05 18:21:10 - [TEST_STEP][PASSED] - click: Object: 'Object Repository/Service/ServiceOrder/ServiceOrderSegment/ServiceOrderSegment.Release' is clicked on

2017-12-05 18:21:11 - [MESSAGE][PASSED] - Object: 'Object Repository/Service/ServiceOrder/ServiceOrderSegment/ServiceOrderSegment.Release' is clicked on

2017-12-05 18:21:11 - [TEST_STEP][PASSED] - delay: Delayed 5 second(s)

2017-12-05 18:21:16 - [MESSAGE][PASSED] - Delayed 5 second(s)

2017-12-05 18:21:16 - [TEST_STEP][NOT_RUN] - click: NOT_RUN: click

2017-12-05 18:21:16 - [MESSAGE][NOT_RUN] - NOT_RUN: click

2017-12-05 18:21:16 - [TEST_STEP][NOT_RUN] - click: NOT_RUN: click

2017-12-05 18:21:16 - [MESSAGE][NOT_RUN] - NOT_RUN: click

2017-12-05 18:21:16 - [TEST_STEP][NOT_RUN] - delay: NOT_RUN: delay

2017-12-05 18:21:16 - [MESSAGE][NOT_RUN] - NOT_RUN: delay

2017-12-05 18:21:16 - [TEST_STEP][NOT_RUN] - setText: NOT_RUN: setText

2017-12-05 18:21:16 - [MESSAGE][NOT_RUN] - NOT_RUN: setText

2017-12-05 18:21:16 - [TEST_STEP][NOT_RUN] - sendKeys: NOT_RUN: sendKeys

2017-12-05 18:21:16 - [MESSAGE][NOT_RUN] - NOT_RUN: sendKeys

2017-12-05 18:21:16 - [TEST_STEP][NOT_RUN] - delay: NOT_RUN: delay

2017-12-05 18:21:16 - [MESSAGE][NOT_RUN] - NOT_RUN: delay

2017-12-05 18:21:16 - [TEST_STEP][NOT_RUN] - click: NOT_RUN: click

2017-12-05 18:21:16 - [MESSAGE][NOT_RUN] - NOT_RUN: click

2017-12-05 18:21:16 - [TEST_STEP][NOT_RUN] - delay: NOT_RUN: delay

2017-12-05 18:21:16 - [MESSAGE][NOT_RUN] - NOT_RUN: delay

2017-12-05 18:21:16 - [TEST_STEP][PASSED] - click: Object: 'Object Repository/Service/ServiceOrder/ServiceOrderSegment/ServiceOrderSegment.Action' is clicked on

2017-12-05 18:21:16 - [MESSAGE][PASSED] - Object: 'Object Repository/Service/ServiceOrder/ServiceOrderSegment/ServiceOrderSegment.Action' is clicked on

2017-12-05 18:21:16 - [TEST_STEP][PASSED] - delay: Delayed 3 second(s)

2017-12-05 18:21:19 - [MESSAGE][PASSED] - Delayed 3 second(s)

2017-12-05 18:21:19 - [MESSAGE][PASSED] - Call Test Case 'Test Cases/Service/BaseTestCases/Base_Service_AddSegment' successfully

2017-12-05 18:21:19 - [TEST_STEP][PASSED] - callTestCase: Call Test Case 'Test Cases/Service/BaseTestCases/Base_Service_Add Others' successfully

2017-12-05 18:21:19 - [TEST_CASE][PASSED] - Test Cases/Service/BaseTestCases/Base_Service_Add Others: Test Cases/Service/BaseTestCases/Base_Service_Add Others

2017-12-05 18:21:20 - [TEST_STEP][PASSED] - click: Object: 'Object Repository/Service/ServiceOrder/ServiceOrderSegment/ServiceOrderSegment.Others' is clicked on

2017-12-05 18:21:20 - [MESSAGE][PASSED] - Object: 'Object Repository/Service/ServiceOrder/ServiceOrderSegment/ServiceOrderSegment.Others' is clicked on

2017-12-05 18:21:20 - [TEST_STEP][PASSED] - delay: Delayed 10 second(s)

2017-12-05 18:21:30 - [MESSAGE][PASSED] - Delayed 10 second(s)

2017-12-05 18:21:30 - [TEST_STEP][PASSED] - click: Object: 'Object Repository/Service/ServiceOrder/ServiceOrderSegment/ServiceOrderSegment.OthersNew' is clicked on

2017-12-05 18:21:30 - [MESSAGE][PASSED] - Object: 'Object Repository/Service/ServiceOrder/ServiceOrderSegment/ServiceOrderSegment.OthersNew' is clicked on

2017-12-05 18:21:30 - [TEST_STEP][PASSED] - delay: Delayed 5 second(s)

2017-12-05 18:21:35 - [MESSAGE][PASSED] - Delayed 5 second(s)

2017-12-05 18:21:35 - [TEST_STEP][PASSED] - click: Object: 'Object Repository/Service/ServiceOrder/ServiceOrderSegment/ServiceOrderSegment.OthersCostComp' is clicked on

2017-12-05 18:21:35 - [MESSAGE][PASSED] - Object: 'Object Repository/Service/ServiceOrder/ServiceOrderSegment/ServiceOrderSegment.OthersCostComp' is clicked on

2017-12-05 18:21:35 - [TEST_STEP][PASSED] - delay: Delayed 2 second(s)

2017-12-05 18:21:37 - [MESSAGE][PASSED] - Delayed 2 second(s)

2017-12-05 18:21:37 - [TEST_STEP][PASSED] - setText: Text 'APP' is set on object 'Object Repository/Service/ServiceOrder/ServiceOrderSegment/ServiceOrderSegment.OthersCostComp'

2017-12-05 18:21:37 - [MESSAGE][PASSED] - Text 'APP' is set on object 'Object Repository/Service/ServiceOrder/ServiceOrderSegment/ServiceOrderSegment.OthersCostComp'

2017-12-05 18:21:37 - [TEST_STEP][PASSED] - delay: Delayed 5 second(s)

2017-12-05 18:21:42 - [MESSAGE][PASSED] - Delayed 5 second(s)

2017-12-05 18:21:42 - [TEST_STEP][PASSED] - scrollToElement: Scroll to object 'Object Repository/Service/ServiceOrder/ServiceOrderSegment/ServiceOrderSegment.Actual Qty' successfully

2017-12-05 18:21:43 - [MESSAGE][PASSED] - Scroll to object 'Object Repository/Service/ServiceOrder/ServiceOrderSegment/ServiceOrderSegment.Actual Qty' successfully

2017-12-05 18:21:43 - [TEST_STEP][PASSED] - click: Object: 'Object Repository/Service/ServiceOrder/ServiceOrderSegment/ServiceOrderSegment.Actual Qty' is clicked on

2017-12-05 18:21:43 - [MESSAGE][PASSED] - Object: 'Object Repository/Service/ServiceOrder/ServiceOrderSegment/ServiceOrderSegment.Actual Qty' is clicked on

2017-12-05 18:21:43 - [TEST_STEP][PASSED] - delay: Delayed 2 second(s)

2017-12-05 18:21:45 - [MESSAGE][PASSED] - Delayed 2 second(s)

2017-12-05 18:21:45 - [TEST_STEP][PASSED] - sendKeys: Keys '2' sent to object: 'Object Repository/Service/ServiceOrder/ServiceOrderSegment/ServiceOrderSegment.Actual Qty'

2017-12-05 18:21:45 - [MESSAGE][PASSED] - Keys '2' sent to object: 'Object Repository/Service/ServiceOrder/ServiceOrderSegment/ServiceOrderSegment.Actual Qty'

2017-12-05 18:21:45 - [TEST_STEP][PASSED] - delay: Delayed 5 second(s)

2017-12-05 18:21:50 - [MESSAGE][PASSED] - Delayed 5 second(s)

2017-12-05 18:21:50 - [TEST_STEP][NOT_RUN] - click: NOT_RUN: click

2017-12-05 18:21:50 - [MESSAGE][NOT_RUN] - NOT_RUN: click

2017-12-05 18:21:50 - [TEST_STEP][PASSED] - click: Object: 'Object Repository/Service/ServiceOrder/ServiceOrderSegment/ServiceOrderSegmentOthers.SaveClose' is clicked on

2017-12-05 18:21:50 - [MESSAGE][PASSED] - Object: 'Object Repository/Service/ServiceOrder/ServiceOrderSegment/ServiceOrderSegmentOthers.SaveClose' is clicked on

2017-12-05 18:21:50 - [TEST_STEP][PASSED] - delay: Delayed 5 second(s)

2017-12-05 18:21:55 - [MESSAGE][PASSED] - Delayed 5 second(s)

2017-12-05 18:21:55 - [TEST_STEP][PASSED] - click: Object: 'Object Repository/Service/ServiceOrder/ServiceOrderSegment/ServiceOrderSegment.SaveClose' is clicked on

2017-12-05 18:21:55 - [MESSAGE][PASSED] - Object: 'Object Repository/Service/ServiceOrder/ServiceOrderSegment/ServiceOrderSegment.SaveClose' is clicked on

2017-12-05 18:21:55 - [MESSAGE][PASSED] - Call Test Case 'Test Cases/Service/BaseTestCases/Base_Service_Add Others' successfully

2017-12-05 18:21:55 - [TEST_STEP][FAILED] - callTestCase: Unable to call Test Case with id 'Test Cases/Service/BaseTestCases/Base_Service_HeaderInvoice_SplitTender' (Root cause: Call Test Case 'Test Cases/Service/BaseTestCases/Base_Service_HeaderInvoice_SplitTender' failed)

2017-12-05 18:21:55 - [TEST_CASE][FAILED] - Test Cases/Service/BaseTestCases/Base_Service_HeaderInvoice_SplitTender: Test Cases/Service/BaseTestCases/Base_Service_HeaderInvoice_SplitTender FAILED because (of) Unable to click on object 'Object Repository/Service/ServiceOrder/CreditCardSplitTender/SplitTender.PrintOK' (Root cause: com.kms.katalon.core.webui.exception.WebElementNotFoundException: Web element with id: 'Object Repository/Service/ServiceOrder/CreditCardSplitTender/SplitTender.PrintOK' located by 'By.xpath: //*[@id = 'tsext4100m300-5-button-std-file.save_and_close']' not found)

2017-12-05 18:21:56 - [TEST_STEP][PASSED] - delay: Delayed 5 second(s)

2017-12-05 18:22:01 - [MESSAGE][PASSED] - Delayed 5 second(s)

2017-12-05 18:22:01 - [TEST_STEP][PASSED] - click: Object: 'Object Repository/Service/ServiceOrder/ServiceOrderHeader/ServiceOrderHeader.Actions' is clicked on

2017-12-05 18:22:01 - [MESSAGE][PASSED] - Object: 'Object Repository/Service/ServiceOrder/ServiceOrderHeader/ServiceOrderHeader.Actions' is clicked on

2017-12-05 18:22:01 - [TEST_STEP][PASSED] - delay: Delayed 3 second(s)

2017-12-05 18:22:04 - [MESSAGE][PASSED] - Delayed 3 second(s)

2017-12-05 18:22:04 - [TEST_STEP][PASSED] - click: Object: 'Object Repository/Service/ServiceOrder/ServiceOrderHeader/ServiceOrderHeader.Costing' is clicked on

2017-12-05 18:22:05 - [MESSAGE][PASSED] - Object: 'Object Repository/Service/ServiceOrder/ServiceOrderHeader/ServiceOrderHeader.Costing' is clicked on

2017-12-05 18:22:05 - [TEST_STEP][PASSED] - delay: Delayed 5 second(s)

2017-12-05 18:22:10 - [MESSAGE][PASSED] - Delayed 5 second(s)

2017-12-05 18:22:10 - [TEST_STEP][PASSED] - click: Object: 'Object Repository/Service/ServiceOrder/ServiceOrderHeader/ServiceOrderHeader.RepriceWarning' is clicked on

2017-12-05 18:22:10 - [MESSAGE][PASSED] - Object: 'Object Repository/Service/ServiceOrder/ServiceOrderHeader/ServiceOrderHeader.RepriceWarning' is clicked on

2017-12-05 18:22:10 - [TEST_STEP][PASSED] - delay: Delayed 3 second(s)

2017-12-05 18:22:13 - [MESSAGE][PASSED] - Delayed 3 second(s)

2017-12-05 18:22:13 - [TEST_STEP][PASSED] - click: Object: 'Object Repository/Service/ServiceOrder/ServiceOrderHeader/ServiceOrderHeader.CostingProcessCont' is clicked on

2017-12-05 18:22:13 - [MESSAGE][PASSED] - Object: 'Object Repository/Service/ServiceOrder/ServiceOrderHeader/ServiceOrderHeader.CostingProcessCont' is clicked on

2017-12-05 18:22:13 - [TEST_STEP][PASSED] - delay: Delayed 3 second(s)

2017-12-05 18:22:16 - [MESSAGE][PASSED] - Delayed 3 second(s)

2017-12-05 18:22:16 - [TEST_STEP][PASSED] - click: Object: 'Object Repository/Service/ServiceOrder/ServiceOrderHeader/ServiceOrderHeader.InvoiceCont' is clicked on

2017-12-05 18:22:16 - [MESSAGE][PASSED] - Object: 'Object Repository/Service/ServiceOrder/ServiceOrderHeader/ServiceOrderHeader.InvoiceCont' is clicked on

2017-12-05 18:22:16 - [TEST_STEP][PASSED] - delay: Delayed 5 second(s)

2017-12-05 18:22:21 - [MESSAGE][PASSED] - Delayed 5 second(s)

2017-12-05 18:22:21 - [TEST_STEP][NOT_RUN] - waitForElementPresent: NOT_RUN: waitForElementPresent

2017-12-05 18:22:21 - [MESSAGE][NOT_RUN] - NOT_RUN: waitForElementPresent

2017-12-05 18:22:21 - [TEST_STEP][NOT_RUN] - doubleClick: NOT_RUN: doubleClick

2017-12-05 18:22:21 - [MESSAGE][NOT_RUN] - NOT_RUN: doubleClick

2017-12-05 18:22:21 - [TEST_STEP][NOT_RUN] - delay: NOT_RUN: delay

2017-12-05 18:22:21 - [MESSAGE][NOT_RUN] - NOT_RUN: delay

2017-12-05 18:22:21 - [TEST_STEP][NOT_RUN] - click: NOT_RUN: click

2017-12-05 18:22:21 - [MESSAGE][NOT_RUN] - NOT_RUN: click

2017-12-05 18:22:21 - [TEST_STEP][PASSED] - delay: Delayed 2 second(s)

2017-12-05 18:22:23 - [MESSAGE][PASSED] - Delayed 2 second(s)

2017-12-05 18:22:23 - [TEST_STEP][PASSED] - setText: Text 'GLOBAL' is set on object 'Object Repository/Service/ServiceOrder/ServiceCreditCard/ServiceCreditCard.PaymentGateway'

2017-12-05 18:22:24 - [MESSAGE][PASSED] - Text 'GLOBAL' is set on object 'Object Repository/Service/ServiceOrder/ServiceCreditCard/ServiceCreditCard.PaymentGateway'

2017-12-05 18:22:24 - [TEST_STEP][NOT_RUN] - sendKeys: NOT_RUN: sendKeys

2017-12-05 18:22:24 - [MESSAGE][NOT_RUN] - NOT_RUN: sendKeys

2017-12-05 18:22:24 - [TEST_STEP][PASSED] - doubleClick: Object: 'Object Repository/Service/ServiceOrder/ServiceCreditCard/ServiceCreditCard.CardType' is double clicked on

2017-12-05 18:22:24 - [MESSAGE][PASSED] - Object: 'Object Repository/Service/ServiceOrder/ServiceCreditCard/ServiceCreditCard.CardType' is double clicked on

2017-12-05 18:22:24 - [TEST_STEP][PASSED] - delay: Delayed 2 second(s)

2017-12-05 18:22:26 - [MESSAGE][PASSED] - Delayed 2 second(s)

2017-12-05 18:22:26 - [TEST_STEP][PASSED] - setText: Text 'DEBIT MASTERCARD' is set on object 'Object Repository/Service/ServiceOrder/ServiceCreditCard/ServiceCreditCard.CardType'

2017-12-05 18:22:26 - [MESSAGE][PASSED] - Text 'DEBIT MASTERCARD' is set on object 'Object Repository/Service/ServiceOrder/ServiceCreditCard/ServiceCreditCard.CardType'

2017-12-05 18:22:26 - [TEST_STEP][PASSED] - delay: Delayed 2 second(s)

2017-12-05 18:22:28 - [MESSAGE][PASSED] - Delayed 2 second(s)

2017-12-05 18:22:28 - [TEST_STEP][PASSED] - doubleClick: Object: 'Object Repository/Service/ServiceOrder/ServiceCreditCard/ServiceCreditCard.Enter CC No' is double clicked on

2017-12-05 18:22:28 - [MESSAGE][PASSED] - Object: 'Object Repository/Service/ServiceOrder/ServiceCreditCard/ServiceCreditCard.Enter CC No' is double clicked on

2017-12-05 18:22:28 - [TEST_STEP][PASSED] - sendKeys: Keys '5100270000000007' sent to object: 'Object Repository/Service/ServiceOrder/ServiceCreditCard/ServiceCreditCard.Enter CC No'

2017-12-05 18:22:29 - [MESSAGE][PASSED] - Keys '5100270000000007' sent to object: 'Object Repository/Service/ServiceOrder/ServiceCreditCard/ServiceCreditCard.Enter CC No'

2017-12-05 18:22:29 - [TEST_STEP][PASSED] - delay: Delayed 2 second(s)

2017-12-05 18:22:31 - [MESSAGE][PASSED] - Delayed 2 second(s)

2017-12-05 18:22:31 - [TEST_STEP][PASSED] - click: Object: 'Object Repository/Service/ServiceOrder/ServiceCreditCard/ServiceCreditCard.CVV2' is clicked on

2017-12-05 18:22:31 - [MESSAGE][PASSED] - Object: 'Object Repository/Service/ServiceOrder/ServiceCreditCard/ServiceCreditCard.CVV2' is clicked on

2017-12-05 18:22:31 - [TEST_STEP][PASSED] - sendKeys: Keys '456' sent to object: 'Object Repository/Service/ServiceOrder/ServiceCreditCard/ServiceCreditCard.CVV2'

2017-12-05 18:22:31 - [MESSAGE][PASSED] - Keys '456' sent to object: 'Object Repository/Service/ServiceOrder/ServiceCreditCard/ServiceCreditCard.CVV2'

2017-12-05 18:22:31 - [TEST_STEP][NOT_RUN] - sendKeys: NOT_RUN: sendKeys

2017-12-05 18:22:31 - [MESSAGE][NOT_RUN] - NOT_RUN: sendKeys

2017-12-05 18:22:31 - [TEST_STEP][NOT_RUN] - delay: NOT_RUN: delay

2017-12-05 18:22:31 - [MESSAGE][NOT_RUN] - NOT_RUN: delay

2017-12-05 18:22:31 - [TEST_STEP][PASSED] - delay: Delayed 3 second(s)

2017-12-05 18:22:34 - [MESSAGE][PASSED] - Delayed 3 second(s)

2017-12-05 18:22:34 - [TEST_STEP][PASSED] - setText: Text '09' is set on object 'Object Repository/Service/ServiceOrder/ServiceCreditCard/ServiceCreditCard.ExpiryMonth'

2017-12-05 18:22:34 - [MESSAGE][PASSED] - Text '09' is set on object 'Object Repository/Service/ServiceOrder/ServiceCreditCard/ServiceCreditCard.ExpiryMonth'

2017-12-05 18:22:34 - [TEST_STEP][PASSED] - setText: Text '99' is set on object 'Object Repository/Service/ServiceOrder/ServiceCreditCard/ServiceCreditCard.ExpiryYear'

2017-12-05 18:22:34 - [MESSAGE][PASSED] - Text '99' is set on object 'Object Repository/Service/ServiceOrder/ServiceCreditCard/ServiceCreditCard.ExpiryYear'

2017-12-05 18:22:34 - [TEST_STEP][PASSED] - delay: Delayed 2 second(s)

2017-12-05 18:22:36 - [MESSAGE][PASSED] - Delayed 2 second(s)

2017-12-05 18:22:36 - [TEST_STEP][PASSED] - click: Object: 'Object Repository/Service/ServiceOrder/CreditCardSplitTender/SplitTenderDetails' is clicked on

2017-12-05 18:22:37 - [MESSAGE][PASSED] - Object: 'Object Repository/Service/ServiceOrder/CreditCardSplitTender/SplitTenderDetails' is clicked on

2017-12-05 18:22:37 - [TEST_STEP][PASSED] - click: Object: 'Object Repository/Service/ServiceOrder/CreditCardSplitTender/SplitTenderDetails.Yes' is clicked on

2017-12-05 18:22:37 - [MESSAGE][PASSED] - Object: 'Object Repository/Service/ServiceOrder/CreditCardSplitTender/SplitTenderDetails.Yes' is clicked on

2017-12-05 18:22:37 - [TEST_STEP][PASSED] - delay: Delayed 3 second(s)

2017-12-05 18:22:40 - [MESSAGE][PASSED] - Delayed 3 second(s)

2017-12-05 18:22:40 - [TEST_STEP][PASSED] - click: Object: 'Object Repository/Service/ServiceOrder/CreditCardSplitTender/SplitTender.LineSession' is clicked on

2017-12-05 18:22:40 - [MESSAGE][PASSED] - Object: 'Object Repository/Service/ServiceOrder/CreditCardSplitTender/SplitTender.LineSession' is clicked on

2017-12-05 18:22:40 - [TEST_STEP][PASSED] - delay: Delayed 2 second(s)

2017-12-05 18:22:42 - [MESSAGE][PASSED] - Delayed 2 second(s)

2017-12-05 18:22:42 - [TEST_STEP][PASSED] - Statement - G_OrderAmt = com.kms.katalon.core.webui.keyword.WebUiBuiltInKeywords.getText(com.kms.katalon.core.testobject.ObjectRepository.findTestObject(Service/ServiceOrder/CreditCardSplitTender/SplitTender.OrderAmtHeader)): Text of object 'Object Repository/Service/ServiceOrder/CreditCardSplitTender/SplitTender.OrderAmtHeader' is: '14.00'

2017-12-05 18:22:42 - [MESSAGE][PASSED] - Text of object 'Object Repository/Service/ServiceOrder/CreditCardSplitTender/SplitTender.OrderAmtHeader' is: '14.00'

2017-12-05 18:22:42 - [TEST_STEP][PASSED] - Statement - G_SplitOrderAmt2 = G_OrderAmt - 2: null

2017-12-05 18:22:42 - [TEST_STEP][PASSED] - comment: ***********************Line1 started***********************

2017-12-05 18:22:42 - [TEST_STEP][PASSED] - click: Object: 'Object Repository/Service/ServiceOrder/CreditCardSplitTender/SplitTender.NewButton' is clicked on

2017-12-05 18:22:42 - [MESSAGE][PASSED] - Object: 'Object Repository/Service/ServiceOrder/CreditCardSplitTender/SplitTender.NewButton' is clicked on

2017-12-05 18:22:42 - [TEST_STEP][PASSED] - delay: Delayed 2 second(s)

2017-12-05 18:22:44 - [MESSAGE][PASSED] - Delayed 2 second(s)

2017-12-05 18:22:44 - [TEST_STEP][PASSED] - doubleClick: Object: 'Object Repository/Service/ServiceOrder/CreditCardSplitTender/SplitTender.ModeofPayment' is double clicked on

2017-12-05 18:22:45 - [MESSAGE][PASSED] - Object: 'Object Repository/Service/ServiceOrder/CreditCardSplitTender/SplitTender.ModeofPayment' is double clicked on

2017-12-05 18:22:45 - [TEST_STEP][PASSED] - click: Object: 'Object Repository/Service/ServiceOrder/CreditCardSplitTender/SplitTender.ModeOfPaymentCreditCard1' is clicked on

2017-12-05 18:22:45 - [MESSAGE][PASSED] - Object: 'Object Repository/Service/ServiceOrder/CreditCardSplitTender/SplitTender.ModeOfPaymentCreditCard1' is clicked on

2017-12-05 18:22:45 - [TEST_STEP][PASSED] - click: Object: 'Object Repository/Service/ServiceOrder/CreditCardSplitTender/SplitTender.LineCCNo' is clicked on

2017-12-05 18:22:45 - [MESSAGE][PASSED] - Object: 'Object Repository/Service/ServiceOrder/CreditCardSplitTender/SplitTender.LineCCNo' is clicked on

2017-12-05 18:22:45 - [TEST_STEP][PASSED] - delay: Delayed 2 second(s)

2017-12-05 18:22:47 - [MESSAGE][PASSED] - Delayed 2 second(s)

2017-12-05 18:22:47 - [TEST_STEP][PASSED] - setText: Text '5100270000000007' is set on object 'Object Repository/Service/ServiceOrder/CreditCardSplitTender/SplitTender.LineCCNo'

2017-12-05 18:22:48 - [MESSAGE][PASSED] - Text '5100270000000007' is set on object 'Object Repository/Service/ServiceOrder/CreditCardSplitTender/SplitTender.LineCCNo'

2017-12-05 18:22:48 - [TEST_STEP][PASSED] - delay: Delayed 5 second(s)

2017-12-05 18:22:53 - [MESSAGE][PASSED] - Delayed 5 second(s)

2017-12-05 18:22:53 - [TEST_STEP][PASSED] - click: Object: 'Object Repository/Service/ServiceOrder/CreditCardSplitTender/SplitTender.LineCVV' is clicked on

2017-12-05 18:22:53 - [MESSAGE][PASSED] - Object: 'Object Repository/Service/ServiceOrder/CreditCardSplitTender/SplitTender.LineCVV' is clicked on

2017-12-05 18:22:53 - [TEST_STEP][PASSED] - delay: Delayed 5 second(s)

2017-12-05 18:22:58 - [MESSAGE][PASSED] - Delayed 5 second(s)

2017-12-05 18:22:58 - [TEST_STEP][PASSED] - setText: Text '456' is set on object 'Object Repository/Service/ServiceOrder/CreditCardSplitTender/SplitTender.LineCVV'

2017-12-05 18:22:58 - [MESSAGE][PASSED] - Text '456' is set on object 'Object Repository/Service/ServiceOrder/CreditCardSplitTender/SplitTender.LineCVV'

2017-12-05 18:22:58 - [TEST_STEP][PASSED] - scrollToElement: Scroll to object 'Object Repository/Service/ServiceOrder/CreditCardSplitTender/SplitTender.LineOrderAmount1' successfully

2017-12-05 18:22:58 - [MESSAGE][PASSED] - Scroll to object 'Object Repository/Service/ServiceOrder/CreditCardSplitTender/SplitTender.LineOrderAmount1' successfully

2017-12-05 18:22:58 - [TEST_STEP][PASSED] - delay: Delayed 5 second(s)

2017-12-05 18:23:03 - [MESSAGE][PASSED] - Delayed 5 second(s)

2017-12-05 18:23:03 - [TEST_STEP][PASSED] - click: Object: 'Object Repository/Service/ServiceOrder/CreditCardSplitTender/SplitTender.LineOrderAmount1' is clicked on

2017-12-05 18:23:03 - [MESSAGE][PASSED] - Object: 'Object Repository/Service/ServiceOrder/CreditCardSplitTender/SplitTender.LineOrderAmount1' is clicked on

2017-12-05 18:23:03 - [TEST_STEP][PASSED] - delay: Delayed 3 second(s)

2017-12-05 18:23:06 - [MESSAGE][PASSED] - Delayed 3 second(s)

2017-12-05 18:23:06 - [TEST_STEP][PASSED] - setText: Text '1.00' is set on object 'Object Repository/Service/ServiceOrder/CreditCardSplitTender/SplitTender.LineOrderAmount1'

2017-12-05 18:23:07 - [MESSAGE][PASSED] - Text '1.00' is set on object 'Object Repository/Service/ServiceOrder/CreditCardSplitTender/SplitTender.LineOrderAmount1'

2017-12-05 18:23:07 - [TEST_STEP][PASSED] - delay: Delayed 2 second(s)

2017-12-05 18:23:09 - [MESSAGE][PASSED] - Delayed 2 second(s)

2017-12-05 18:23:09 - [TEST_STEP][PASSED] - comment: ***********************Line2 started***********************

2017-12-05 18:23:09 - [TEST_STEP][PASSED] - click: Object: 'Object Repository/Service/ServiceOrder/CreditCardSplitTender/SplitTender.NewButton' is clicked on

2017-12-05 18:23:09 - [MESSAGE][PASSED] - Object: 'Object Repository/Service/ServiceOrder/CreditCardSplitTender/SplitTender.NewButton' is clicked on

2017-12-05 18:23:09 - [TEST_STEP][PASSED] - delay: Delayed 2 second(s)

2017-12-05 18:23:11 - [MESSAGE][PASSED] - Delayed 2 second(s)

2017-12-05 18:23:11 - [TEST_STEP][PASSED] - doubleClick: Object: 'Object Repository/Service/ServiceOrder/CreditCardSplitTender/SplitTender.ModeofPayment1' is double clicked on

2017-12-05 18:23:11 - [MESSAGE][PASSED] - Object: 'Object Repository/Service/ServiceOrder/CreditCardSplitTender/SplitTender.ModeofPayment1' is double clicked on

2017-12-05 18:23:11 - [TEST_STEP][PASSED] - click: Object: 'Object Repository/Service/ServiceOrder/CreditCardSplitTender/SplitTender.ModeOfPaymentCreditCard2' is clicked on

2017-12-05 18:23:12 - [MESSAGE][PASSED] - Object: 'Object Repository/Service/ServiceOrder/CreditCardSplitTender/SplitTender.ModeOfPaymentCreditCard2' is clicked on

2017-12-05 18:23:12 - [TEST_STEP][PASSED] - delay: Delayed 3 second(s)

2017-12-05 18:23:15 - [MESSAGE][PASSED] - Delayed 3 second(s)

2017-12-05 18:23:15 - [TEST_STEP][PASSED] - click: Object: 'Object Repository/Service/ServiceOrder/CreditCardSplitTender/SplitTender.Line2CCNo' is clicked on

2017-12-05 18:23:15 - [MESSAGE][PASSED] - Object: 'Object Repository/Service/ServiceOrder/CreditCardSplitTender/SplitTender.Line2CCNo' is clicked on

2017-12-05 18:23:15 - [TEST_STEP][PASSED] - delay: Delayed 2 second(s)

2017-12-05 18:23:17 - [MESSAGE][PASSED] - Delayed 2 second(s)

2017-12-05 18:23:17 - [TEST_STEP][PASSED] - setText: Text '5021230000000007' is set on object 'Object Repository/Service/ServiceOrder/CreditCardSplitTender/SplitTender.Line2CCNo'

2017-12-05 18:23:17 - [MESSAGE][PASSED] - Text '5021230000000007' is set on object 'Object Repository/Service/ServiceOrder/CreditCardSplitTender/SplitTender.Line2CCNo'

2017-12-05 18:23:17 - [TEST_STEP][PASSED] - delay: Delayed 2 second(s)

2017-12-05 18:23:19 - [MESSAGE][PASSED] - Delayed 2 second(s)

2017-12-05 18:23:19 - [TEST_STEP][PASSED] - click: Object: 'Object Repository/Service/ServiceOrder/CreditCardSplitTender/SplitTender.Line2CVV' is clicked on

2017-12-05 18:23:20 - [MESSAGE][PASSED] - Object: 'Object Repository/Service/ServiceOrder/CreditCardSplitTender/SplitTender.Line2CVV' is clicked on

2017-12-05 18:23:20 - [TEST_STEP][PASSED] - delay: Delayed 3 second(s)

2017-12-05 18:23:23 - [MESSAGE][PASSED] - Delayed 3 second(s)

2017-12-05 18:23:23 - [TEST_STEP][PASSED] - setText: Text '214' is set on object 'Object Repository/Service/ServiceOrder/CreditCardSplitTender/SplitTender.Line2CVV'

2017-12-05 18:23:23 - [MESSAGE][PASSED] - Text '214' is set on object 'Object Repository/Service/ServiceOrder/CreditCardSplitTender/SplitTender.Line2CVV'

2017-12-05 18:23:23 - [TEST_STEP][PASSED] - delay: Delayed 3 second(s)

2017-12-05 18:23:26 - [MESSAGE][PASSED] - Delayed 3 second(s)

2017-12-05 18:23:26 - [TEST_STEP][PASSED] - click: Object: 'Object Repository/Service/ServiceOrder/CreditCardSplitTender/SplitTender.CardTypeLine2' is clicked on

2017-12-05 18:23:26 - [MESSAGE][PASSED] - Object: 'Object Repository/Service/ServiceOrder/CreditCardSplitTender/SplitTender.CardTypeLine2' is clicked on

2017-12-05 18:23:26 - [TEST_STEP][PASSED] - delay: Delayed 5 second(s)

2017-12-05 18:23:31 - [MESSAGE][PASSED] - Delayed 5 second(s)

2017-12-05 18:23:31 - [TEST_STEP][PASSED] - sendKeys: Keys 'Maestro' sent to object: 'Object Repository/Service/ServiceOrder/CreditCardSplitTender/SplitTender.CardTypeLine2'

2017-12-05 18:23:31 - [MESSAGE][PASSED] - Keys 'Maestro' sent to object: 'Object Repository/Service/ServiceOrder/CreditCardSplitTender/SplitTender.CardTypeLine2'

2017-12-05 18:23:31 - [TEST_STEP][PASSED] - delay: Delayed 5 second(s)

2017-12-05 18:23:36 - [MESSAGE][PASSED] - Delayed 5 second(s)

2017-12-05 18:23:36 - [TEST_STEP][PASSED] - click: Object: 'Object Repository/Service/ServiceOrder/CreditCardSplitTender/SplitTender.ExpiryMonthLine2' is clicked on

2017-12-05 18:23:36 - [MESSAGE][PASSED] - Object: 'Object Repository/Service/ServiceOrder/CreditCardSplitTender/SplitTender.ExpiryMonthLine2' is clicked on

2017-12-05 18:23:36 - [TEST_STEP][PASSED] - delay: Delayed 3 second(s)

2017-12-05 18:23:39 - [MESSAGE][PASSED] - Delayed 3 second(s)

2017-12-05 18:23:39 - [TEST_STEP][PASSED] - setText: Text '09' is set on object 'Object Repository/Service/ServiceOrder/CreditCardSplitTender/SplitTender.ExpiryMonthLine2'

2017-12-05 18:23:40 - [MESSAGE][PASSED] - Text '09' is set on object 'Object Repository/Service/ServiceOrder/CreditCardSplitTender/SplitTender.ExpiryMonthLine2'

2017-12-05 18:23:40 - [TEST_STEP][PASSED] - delay: Delayed 2 second(s)

2017-12-05 18:23:42 - [MESSAGE][PASSED] - Delayed 2 second(s)

2017-12-05 18:23:42 - [TEST_STEP][PASSED] - click: Object: 'Object Repository/Service/ServiceOrder/CreditCardSplitTender/SplitTender.ExpiryYearLine2' is clicked on

2017-12-05 18:23:42 - [MESSAGE][PASSED] - Object: 'Object Repository/Service/ServiceOrder/CreditCardSplitTender/SplitTender.ExpiryYearLine2' is clicked on

2017-12-05 18:23:42 - [TEST_STEP][PASSED] - delay: Delayed 2 second(s)

2017-12-05 18:23:44 - [MESSAGE][PASSED] - Delayed 2 second(s)

2017-12-05 18:23:44 - [TEST_STEP][PASSED] - setText: Text '99' is set on object 'Object Repository/Service/ServiceOrder/CreditCardSplitTender/SplitTender.ExpiryYearLine2'

2017-12-05 18:23:44 - [MESSAGE][PASSED] - Text '99' is set on object 'Object Repository/Service/ServiceOrder/CreditCardSplitTender/SplitTender.ExpiryYearLine2'

2017-12-05 18:23:44 - [TEST_STEP][PASSED] - delay: Delayed 3 second(s)

2017-12-05 18:23:47 - [MESSAGE][PASSED] - Delayed 3 second(s)

2017-12-05 18:23:47 - [TEST_STEP][PASSED] - scrollToElement: Scroll to object 'Object Repository/Service/ServiceOrder/CreditCardSplitTender/SplitTender.LineOrderAmount2' successfully

2017-12-05 18:23:47 - [MESSAGE][PASSED] - Scroll to object 'Object Repository/Service/ServiceOrder/CreditCardSplitTender/SplitTender.LineOrderAmount2' successfully

2017-12-05 18:23:47 - [TEST_STEP][PASSED] - delay: Delayed 2 second(s)

2017-12-05 18:23:49 - [MESSAGE][PASSED] - Delayed 2 second(s)

2017-12-05 18:23:49 - [TEST_STEP][PASSED] - click: Object: 'Object Repository/Service/ServiceOrder/CreditCardSplitTender/SplitTender.LineOrderAmount2' is clicked on

2017-12-05 18:23:50 - [MESSAGE][PASSED] - Object: 'Object Repository/Service/ServiceOrder/CreditCardSplitTender/SplitTender.LineOrderAmount2' is clicked on

2017-12-05 18:23:50 - [TEST_STEP][PASSED] - delay: Delayed 2 second(s)

2017-12-05 18:23:52 - [MESSAGE][PASSED] - Delayed 2 second(s)

2017-12-05 18:23:52 - [TEST_STEP][PASSED] - setText: Text '1.00' is set on object 'Object Repository/Service/ServiceOrder/CreditCardSplitTender/SplitTender.LineOrderAmount2'

2017-12-05 18:23:52 - [MESSAGE][PASSED] - Text '1.00' is set on object 'Object Repository/Service/ServiceOrder/CreditCardSplitTender/SplitTender.LineOrderAmount2'

2017-12-05 18:23:52 - [TEST_STEP][PASSED] - delay: Delayed 2 second(s)

2017-12-05 18:23:54 - [MESSAGE][PASSED] - Delayed 2 second(s)

2017-12-05 18:23:54 - [TEST_STEP][PASSED] - comment: ***********************Line3 started***********************

2017-12-05 18:23:54 - [TEST_STEP][PASSED] - click: Object: 'Object Repository/Service/ServiceOrder/CreditCardSplitTender/SplitTender.NewButton' is clicked on

2017-12-05 18:23:54 - [MESSAGE][PASSED] - Object: 'Object Repository/Service/ServiceOrder/CreditCardSplitTender/SplitTender.NewButton' is clicked on

2017-12-05 18:23:54 - [TEST_STEP][PASSED] - delay: Delayed 3 second(s)

2017-12-05 18:23:57 - [MESSAGE][PASSED] - Delayed 3 second(s)

2017-12-05 18:23:57 - [TEST_STEP][PASSED] - doubleClick: Object: 'Object Repository/Service/ServiceOrder/CreditCardSplitTender/SplitTender.ModeofPayment2' is double clicked on

2017-12-05 18:23:57 - [MESSAGE][PASSED] - Object: 'Object Repository/Service/ServiceOrder/CreditCardSplitTender/SplitTender.ModeofPayment2' is double clicked on

2017-12-05 18:23:57 - [TEST_STEP][PASSED] - delay: Delayed 2 second(s)

2017-12-05 18:23:59 - [MESSAGE][PASSED] - Delayed 2 second(s)

2017-12-05 18:23:59 - [TEST_STEP][PASSED] - click: Object: 'Object Repository/Service/ServiceOrder/CreditCardSplitTender/SplitTender.ModeOfPaymentCash' is clicked on

2017-12-05 18:24:00 - [MESSAGE][PASSED] - Object: 'Object Repository/Service/ServiceOrder/CreditCardSplitTender/SplitTender.ModeOfPaymentCash' is clicked on

2017-12-05 18:24:00 - [TEST_STEP][PASSED] - delay: Delayed 10 second(s)

2017-12-05 18:24:10 - [MESSAGE][PASSED] - Delayed 10 second(s)

2017-12-05 18:24:10 - [TEST_STEP][NOT_RUN] - scrollToElement: NOT_RUN: scrollToElement

2017-12-05 18:24:10 - [MESSAGE][NOT_RUN] - NOT_RUN: scrollToElement

2017-12-05 18:24:10 - [TEST_STEP][PASSED] - click: Object: 'Object Repository/Service/ServiceOrder/CreditCardSplitTender/SplitTender.LineOrderAmount3' is clicked on

2017-12-05 18:24:10 - [MESSAGE][PASSED] - Object: 'Object Repository/Service/ServiceOrder/CreditCardSplitTender/SplitTender.LineOrderAmount3' is clicked on

2017-12-05 18:24:10 - [TEST_STEP][PASSED] - delay: Delayed 2 second(s)

2017-12-05 18:24:12 - [MESSAGE][PASSED] - Delayed 2 second(s)

2017-12-05 18:24:12 - [TEST_STEP][PASSED] - setText: Text '12.0' is set on object 'Object Repository/Service/ServiceOrder/CreditCardSplitTender/SplitTender.LineOrderAmount3'

2017-12-05 18:24:12 - [MESSAGE][PASSED] - Text '12.0' is set on object 'Object Repository/Service/ServiceOrder/CreditCardSplitTender/SplitTender.LineOrderAmount3'

2017-12-05 18:24:12 - [TEST_STEP][PASSED] - delay: Delayed 2 second(s)

2017-12-05 18:24:14 - [MESSAGE][PASSED] - Delayed 2 second(s)

2017-12-05 18:24:14 - [TEST_STEP][PASSED] - click: Object: 'Object Repository/Service/ServiceOrder/CreditCardSplitTender/SplitTender.Save' is clicked on

2017-12-05 18:24:14 - [MESSAGE][PASSED] - Object: 'Object Repository/Service/ServiceOrder/CreditCardSplitTender/SplitTender.Save' is clicked on

2017-12-05 18:24:14 - [TEST_STEP][PASSED] - delay: Delayed 3 second(s)

2017-12-05 18:24:17 - [MESSAGE][PASSED] - Delayed 3 second(s)

2017-12-05 18:24:17 - [TEST_STEP][PASSED] - click: Object: 'Object Repository/Service/ServiceOrder/CreditCardSplitTender/SplitTender.Action' is clicked on

2017-12-05 18:24:18 - [MESSAGE][PASSED] - Object: 'Object Repository/Service/ServiceOrder/CreditCardSplitTender/SplitTender.Action' is clicked on

2017-12-05 18:24:18 - [TEST_STEP][PASSED] - delay: Delayed 2 second(s)

2017-12-05 18:24:20 - [MESSAGE][PASSED] - Delayed 2 second(s)

2017-12-05 18:24:20 - [TEST_STEP][PASSED] - click: Object: 'Object Repository/Service/ServiceOrder/CreditCardSplitTender/SplitTender.ApplyTax' is clicked on

2017-12-05 18:24:20 - [MESSAGE][PASSED] - Object: 'Object Repository/Service/ServiceOrder/CreditCardSplitTender/SplitTender.ApplyTax' is clicked on

2017-12-05 18:24:20 - [TEST_STEP][PASSED] - delay: Delayed 2 second(s)

2017-12-05 18:24:22 - [MESSAGE][PASSED] - Delayed 2 second(s)

2017-12-05 18:24:22 - [TEST_STEP][PASSED] - Statement - G_SplitInvoiceAmt1 = com.kms.katalon.core.webui.keyword.WebUiBuiltInKeywords.getText(com.kms.katalon.core.testobject.ObjectRepository.findTestObject(Service/ServiceOrder/CreditCardSplitTender/SplitTender.InvoiceAmt1)): Text of object 'Object Repository/Service/ServiceOrder/CreditCardSplitTender/SplitTender.InvoiceAmt1' is: '1.35'

2017-12-05 18:24:22 - [MESSAGE][PASSED] - Text of object 'Object Repository/Service/ServiceOrder/CreditCardSplitTender/SplitTender.InvoiceAmt1' is: '1.35'

2017-12-05 18:24:22 - [TEST_STEP][PASSED] - Statement - G_SplitInvoiceAmt2 = com.kms.katalon.core.webui.keyword.WebUiBuiltInKeywords.getText(com.kms.katalon.core.testobject.ObjectRepository.findTestObject(Service/ServiceOrder/CreditCardSplitTender/SplitTender.InvoiceAmt2)): Text of object 'Object Repository/Service/ServiceOrder/CreditCardSplitTender/SplitTender.InvoiceAmt2' is: '12.00'

2017-12-05 18:24:22 - [MESSAGE][PASSED] - Text of object 'Object Repository/Service/ServiceOrder/CreditCardSplitTender/SplitTender.InvoiceAmt2' is: '12.00'

2017-12-05 18:24:22 - [TEST_STEP][PASSED] - click: Object: 'Object Repository/Service/ServiceOrder/CreditCardSplitTender/SplitTender.SaveClose' is clicked on

2017-12-05 18:24:22 - [MESSAGE][PASSED] - Object: 'Object Repository/Service/ServiceOrder/CreditCardSplitTender/SplitTender.SaveClose' is clicked on

2017-12-05 18:24:22 - [TEST_STEP][PASSED] - delay: Delayed 2 second(s)

2017-12-05 18:24:24 - [MESSAGE][PASSED] - Delayed 2 second(s)

2017-12-05 18:24:24 - [TEST_STEP][PASSED] - click: Object: 'Object Repository/Service/ServiceOrder/ServiceCreditCard/ServiceCreditCard.Process' is clicked on

2017-12-05 18:24:25 - [MESSAGE][PASSED] - Object: 'Object Repository/Service/ServiceOrder/ServiceCreditCard/ServiceCreditCard.Process' is clicked on

2017-12-05 18:24:25 - [TEST_STEP][PASSED] - delay: Delayed 13 second(s)

2017-12-05 18:24:38 - [MESSAGE][PASSED] - Delayed 13 second(s)

2017-12-05 18:24:38 - [TEST_STEP][FAILED] - click: Unable to click on object 'Object Repository/Service/ServiceOrder/CreditCardSplitTender/SplitTender.PrintOK' (Root cause: com.kms.katalon.core.webui.exception.WebElementNotFoundException: Web element with id: 'Object Repository/Service/ServiceOrder/CreditCardSplitTender/SplitTender.PrintOK' located by 'By.xpath: //*[@id = 'tsext4100m300-5-button-std-file.save_and_close']' not found)

2017-12-05 18:25:09 - [MESSAGE][FAILED] - Unable to click on object 'Object Repository/Service/ServiceOrder/CreditCardSplitTender/SplitTender.PrintOK' (Root cause: com.kms.katalon.core.webui.exception.WebElementNotFoundException: Web element with id: 'Object Repository/Service/ServiceOrder/CreditCardSplitTender/SplitTender.PrintOK' located by 'By.xpath: //*[@id = 'tsext4100m300-5-button-std-file.save_and_close']' not found)
[[ATTACHMENT|C:\\Users\\agawhande\\git\\CreditCard\\Reports\\Proxima\\CC_ServiceOrderwithSplitTenderTestSuite\\20171205_181942\\1512478509478.png]]

2017-12-05 18:25:09 - [TEST_STEP][PASSED] - delay: Delayed 10 second(s)

2017-12-05 18:25:19 - [MESSAGE][PASSED] - Delayed 10 second(s)

2017-12-05 18:25:19 - [TEST_STEP][FAILED] - click: Unable to click on object 'Object Repository/Service/ServiceOrder/CreditCardSplitTender/SplitTender.PrintDevice' (Root cause: com.kms.katalon.core.webui.exception.WebElementNotFoundException: Web element with id: 'Object Repository/Service/ServiceOrder/CreditCardSplitTender/SplitTender.PrintDevice' located by 'By.xpath: //*[@id = 'ttstpsplopen-6-button-form-exec.cont.process']' not found)

2017-12-05 18:25:51 - [MESSAGE][FAILED] - Unable to click on object 'Object Repository/Service/ServiceOrder/CreditCardSplitTender/SplitTender.PrintDevice' (Root cause: com.kms.katalon.core.webui.exception.WebElementNotFoundException: Web element with id: 'Object Repository/Service/ServiceOrder/CreditCardSplitTender/SplitTender.PrintDevice' located by 'By.xpath: //*[@id = 'ttstpsplopen-6-button-form-exec.cont.process']' not found)
[[ATTACHMENT|C:\\Users\\agawhande\\git\\CreditCard\\Reports\\Proxima\\CC_ServiceOrderwithSplitTenderTestSuite\\20171205_181942\\1512478551125.png]]

2017-12-05 18:25:51 - [TEST_STEP][PASSED] - delay: Delayed 5 second(s)

2017-12-05 18:25:56 - [MESSAGE][PASSED] - Delayed 5 second(s)

2017-12-05 18:25:56 - [MESSAGE][FAILED] - Unable to call Test Case with id 'Test Cases/Service/BaseTestCases/Base_Service_HeaderInvoice_SplitTender' (Root cause: Call Test Case 'Test Cases/Service/BaseTestCases/Base_Service_HeaderInvoice_SplitTender' failed)

2017-12-05 18:25:56 - [TEST_STEP][FAILED] - callTestCase: Unable to call Test Case with id 'Test Cases/Service/BaseTestCases/Base_Service_GetInvoice_SplitTender' (Root cause: Call Test Case 'Test Cases/Service/BaseTestCases/Base_Service_GetInvoice_SplitTender' failed)

2017-12-05 18:25:56 - [TEST_CASE][FAILED] - Test Cases/Service/BaseTestCases/Base_Service_GetInvoice_SplitTender: Test Cases/Service/BaseTestCases/Base_Service_GetInvoice_SplitTender FAILED because (of) Unable to click on object 'Object Repository/Service/ServiceOrder/VerifyServiceOrderInvoice_SplitTender/ServiceOrderHeader.InvoiceButton' (Root cause: org.openqa.selenium.WebDriverException: Element <div tabindex="0" class="Button FormButton Transparent" id="tssoc2100m001-0-show.invoices" style="position: absolute; left: 1287px; top: 48px; overflow: hidden; width: 28px;"></div> is not clickable at point (1223, 191). Other element would receive the click: <div class="WindowManagerGlass" style="z-index: 1;"></div>
Command duration or timeout: 107 milliseconds
Build info: version: 'unknown', revision: 'unknown', time: 'unknown'
System info: host: 'ANIL110', ip: '192.168.25.228', os.name: 'Windows 7', os.arch: 'amd64', os.version: '6.1', java.version: '1.8.0_102'
Driver info: com.kms.katalon.core.webui.driver.firefox.CFirefoxDriver47
Capabilities [{applicationCacheEnabled=true, rotatable=false, handlesAlerts=true, databaseEnabled=true, version=56.0, platform=WINDOWS, nativeEvents=false, acceptSslCerts=true, webStorageEnabled=true, locationContextEnabled=true, browserName=firefox, takesScreenshot=true, javascriptEnabled=true, cssSelectorsEnabled=true}]
Session ID: 56026ed5-fa67-4266-b230-1a3e28f00d44)

2017-12-05 18:25:56 - [TEST_STEP][PASSED] - delay: Delayed 3 second(s)

2017-12-05 18:25:59 - [MESSAGE][PASSED] - Delayed 3 second(s)

2017-12-05 18:25:59 - [TEST_STEP][PASSED] - click: Object: 'Object Repository/Service/ServiceOrder/VerifyServiceOrderInvoice_SplitTender/ServiceorderHeader.HeaderSession' is clicked on

2017-12-05 18:25:59 - [MESSAGE][PASSED] - Object: 'Object Repository/Service/ServiceOrder/VerifyServiceOrderInvoice_SplitTender/ServiceorderHeader.HeaderSession' is clicked on

2017-12-05 18:25:59 - [TEST_STEP][FAILED] - click: Unable to click on object 'Object Repository/Service/ServiceOrder/VerifyServiceOrderInvoice_SplitTender/ServiceOrderHeader.InvoiceButton' (Root cause: org.openqa.selenium.WebDriverException: Element <div tabindex="0" class="Button FormButton Transparent" id="tssoc2100m001-0-show.invoices" style="position: absolute; left: 1287px; top: 48px; overflow: hidden; width: 28px;"></div> is not clickable at point (1223, 191). Other element would receive the click: <div class="WindowManagerGlass" style="z-index: 1;"></div>
Command duration or timeout: 107 milliseconds
Build info: version: 'unknown', revision: 'unknown', time: 'unknown'
System info: host: 'ANIL110', ip: '192.168.25.228', os.name: 'Windows 7', os.arch: 'amd64', os.version: '6.1', java.version: '1.8.0_102'
Driver info: com.kms.katalon.core.webui.driver.firefox.CFirefoxDriver47
Capabilities [{applicationCacheEnabled=true, rotatable=false, handlesAlerts=true, databaseEnabled=true, version=56.0, platform=WINDOWS, nativeEvents=false, acceptSslCerts=true, webStorageEnabled=true, locationContextEnabled=true, browserName=firefox, takesScreenshot=true, javascriptEnabled=true, cssSelectorsEnabled=true}]
Session ID: 56026ed5-fa67-4266-b230-1a3e28f00d44)

2017-12-05 18:26:00 - [MESSAGE][FAILED] - Unable to click on object 'Object Repository/Service/ServiceOrder/VerifyServiceOrderInvoice_SplitTender/ServiceOrderHeader.InvoiceButton' (Root cause: org.openqa.selenium.WebDriverException: Element <div tabindex="0" class="Button FormButton Transparent" id="tssoc2100m001-0-show.invoices" style="position: absolute; left: 1287px; top: 48px; overflow: hidden; width: 28px;"></div> is not clickable at point (1223, 191). Other element would receive the click: <div class="WindowManagerGlass" style="z-index: 1;"></div>
Command duration or timeout: 107 milliseconds
Build info: version: 'unknown', revision: 'unknown', time: 'unknown'
System info: host: 'ANIL110', ip: '192.168.25.228', os.name: 'Windows 7', os.arch: 'amd64', os.version: '6.1', java.version: '1.8.0_102'
Driver info: com.kms.katalon.core.webui.driver.firefox.CFirefoxDriver47
Capabilities [{applicationCacheEnabled=true, rotatable=false, handlesAlerts=true, databaseEnabled=true, version=56.0, platform=WINDOWS, nativeEvents=false, acceptSslCerts=true, webStorageEnabled=true, locationContextEnabled=true, browserName=firefox, takesScreenshot=true, javascriptEnabled=true, cssSelectorsEnabled=true}]
Session ID: 56026ed5-fa67-4266-b230-1a3e28f00d44)
[[ATTACHMENT|C:\\Users\\agawhande\\git\\CreditCard\\Reports\\Proxima\\CC_ServiceOrderwithSplitTenderTestSuite\\20171205_181942\\1512478560066.png]]

2017-12-05 18:26:00 - [TEST_STEP][PASSED] - delay: Delayed 3 second(s)

2017-12-05 18:26:03 - [MESSAGE][PASSED] - Delayed 3 second(s)

2017-12-05 18:26:03 - [TEST_STEP][FAILED] - Statement - G_InvoiceTnxType = com.kms.katalon.core.webui.keyword.WebUiBuiltInKeywords.getText(com.kms.katalon.core.testobject.ObjectRepository.findTestObject(Service/ServiceOrder/VerifyServiceOrderInvoice_SplitTender/ServiceOrderHeader.Invoice1)): Unable to get text of object 'Object Repository/Service/ServiceOrder/VerifyServiceOrderInvoice_SplitTender/ServiceOrderHeader.Invoice1' (Root cause: com.kms.katalon.core.webui.exception.WebElementNotFoundException: Web element with id: 'Object Repository/Service/ServiceOrder/VerifyServiceOrderInvoice_SplitTender/ServiceOrderHeader.Invoice1' located by 'By.xpath: //*[@id = 'cisli2555m001-8-grid-1-cisli255.ityp-2-0-widget']' not found)

2017-12-05 18:26:34 - [MESSAGE][FAILED] - Unable to get text of object 'Object Repository/Service/ServiceOrder/VerifyServiceOrderInvoice_SplitTender/ServiceOrderHeader.Invoice1' (Root cause: com.kms.katalon.core.webui.exception.WebElementNotFoundException: Web element with id: 'Object Repository/Service/ServiceOrder/VerifyServiceOrderInvoice_SplitTender/ServiceOrderHeader.Invoice1' located by 'By.xpath: //*[@id = 'cisli2555m001-8-grid-1-cisli255.ityp-2-0-widget']' not found)
[[ATTACHMENT|C:\\Users\\agawhande\\git\\CreditCard\\Reports\\Proxima\\CC_ServiceOrderwithSplitTenderTestSuite\\20171205_181942\\1512478594453.png]]

2017-12-05 18:26:34 - [TEST_STEP][PASSED] - delay: Delayed 3 second(s)

2017-12-05 18:26:37 - [MESSAGE][PASSED] - Delayed 3 second(s)

2017-12-05 18:26:37 - [TEST_STEP][FAILED] - Statement - G_InvoiceTnxNo = com.kms.katalon.core.webui.keyword.WebUiBuiltInKeywords.getText(com.kms.katalon.core.testobject.ObjectRepository.findTestObject(Service/ServiceOrder/VerifyServiceOrderInvoice_SplitTender/ServiceOrderHeader.Invoice2)): Unable to get text of object 'Object Repository/Service/ServiceOrder/VerifyServiceOrderInvoice_SplitTender/ServiceOrderHeader.Invoice2' (Root cause: com.kms.katalon.core.webui.exception.WebElementNotFoundException: Web element with id: 'Object Repository/Service/ServiceOrder/VerifyServiceOrderInvoice_SplitTender/ServiceOrderHeader.Invoice2' located by 'By.xpath: //*[@id = 'cisli2555m001-8-grid-1-cisli255.idoc-3-0-widget']' not found)

2017-12-05 18:27:08 - [MESSAGE][FAILED] - Unable to get text of object 'Object Repository/Service/ServiceOrder/VerifyServiceOrderInvoice_SplitTender/ServiceOrderHeader.Invoice2' (Root cause: com.kms.katalon.core.webui.exception.WebElementNotFoundException: Web element with id: 'Object Repository/Service/ServiceOrder/VerifyServiceOrderInvoice_SplitTender/ServiceOrderHeader.Invoice2' located by 'By.xpath: //*[@id = 'cisli2555m001-8-grid-1-cisli255.idoc-3-0-widget']' not found)
[[ATTACHMENT|C:\\Users\\agawhande\\git\\CreditCard\\Reports\\Proxima\\CC_ServiceOrderwithSplitTenderTestSuite\\20171205_181942\\1512478628818.png]]

2017-12-05 18:27:08 - [TEST_STEP][FAILED] - Statement - G_InvoiceAmt = com.kms.katalon.core.webui.keyword.WebUiBuiltInKeywords.getText(com.kms.katalon.core.testobject.ObjectRepository.findTestObject(Service/ServiceOrder/VerifyServiceOrderInvoice_SplitTender/ServiceOrderHeader.InvoiceAmountHD)): Unable to get text of object 'Object Repository/Service/ServiceOrder/VerifyServiceOrderInvoice_SplitTender/ServiceOrderHeader.InvoiceAmountHD' (Root cause: com.kms.katalon.core.webui.exception.WebElementNotFoundException: Web element with id: 'Object Repository/Service/ServiceOrder/VerifyServiceOrderInvoice_SplitTender/ServiceOrderHeader.InvoiceAmountHD' located by 'By.xpath: //*[@id = 'cisli2555m001-8-grid-1-form.amnt-10-0']' not found)

2017-12-05 18:27:40 - [MESSAGE][FAILED] - Unable to get text of object 'Object Repository/Service/ServiceOrder/VerifyServiceOrderInvoice_SplitTender/ServiceOrderHeader.InvoiceAmountHD' (Root cause: com.kms.katalon.core.webui.exception.WebElementNotFoundException: Web element with id: 'Object Repository/Service/ServiceOrder/VerifyServiceOrderInvoice_SplitTender/ServiceOrderHeader.InvoiceAmountHD' located by 'By.xpath: //*[@id = 'cisli2555m001-8-grid-1-form.amnt-10-0']' not found)
[[ATTACHMENT|C:\\Users\\agawhande\\git\\CreditCard\\Reports\\Proxima\\CC_ServiceOrderwithSplitTenderTestSuite\\20171205_181942\\1512478660358.png]]

2017-12-05 18:27:40 - [MESSAGE][FAILED] - Unable to call Test Case with id 'Test Cases/Service/BaseTestCases/Base_Service_GetInvoice_SplitTender' (Root cause: Call Test Case 'Test Cases/Service/BaseTestCases/Base_Service_GetInvoice_SplitTender' failed)

2017-12-05 18:27:40 - [TEST_STEP][FAILED] - callTestCase: Unable to call Test Case with id 'Test Cases/Finance/BaseTestCases/Base_Finance_CheckOpenEntriesForCCSplitPayments' (Root cause: Call Test Case 'Test Cases/Finance/BaseTestCases/Base_Finance_CheckOpenEntriesForCCSplitPayments' failed)

2017-12-05 18:27:40 - [TEST_CASE][FAILED] - Test Cases/Finance/BaseTestCases/Base_Finance_CheckOpenEntriesForCCSplitPayments: Test Cases/Finance/BaseTestCases/Base_Finance_CheckOpenEntriesForCCSplitPayments FAILED because (of) Unable to set text 'null' of object 'Object Repository/Finance/BaseTestCases_OpenEntries_Service/OpenEntries_DocumentType' (Root cause: java.lang.IllegalArgumentException: Text is null)

2017-12-05 18:27:41 - [TEST_STEP][PASSED] - callTestCase: Call Test Case 'Test Cases/Common/Base_Common_OpenSession' successfully

2017-12-05 18:27:41 - [TEST_CASE][PASSED] - Test Cases/Common/Base_Common_OpenSession: Test Cases/Common/Base_Common_OpenSession

2017-12-05 18:27:41 - [TEST_STEP][PASSED] - openBrowser: Browser is opened with url: 'https://rgajbhiye:Robin$123@proxima-ln4.e-emphasys.com:8441/webui/servlet/login'

2017-12-05 18:27:41 - [MESSAGE][WARNING] - A browser is already opened. Closing browser and opening a new one

2017-12-05 18:28:06 - [MESSAGE][PASSED] - Browser is opened with url: 'https://rgajbhiye:Robin$123@proxima-ln4.e-emphasys.com:8441/webui/servlet/login'

2017-12-05 18:28:06 - [TEST_STEP][PASSED] - waitForPageLoad: Wait for page load successfully

2017-12-05 18:28:06 - [MESSAGE][PASSED] - Wait for page load successfully

2017-12-05 18:28:06 - [TEST_STEP][PASSED] - maximizeWindow: Current window maximized

2017-12-05 18:28:06 - [MESSAGE][PASSED] - Current window maximized

2017-12-05 18:28:06 - [TEST_STEP][PASSED] - click: Object: 'Object Repository/Common/HomePage/HomePage_more' is clicked on

2017-12-05 18:28:14 - [MESSAGE][PASSED] - Object: 'Object Repository/Common/HomePage/HomePage_more' is clicked on

2017-12-05 18:28:14 - [TEST_STEP][PASSED] - click: Object: 'Object Repository/Common/HomePage/HomePage_Option' is clicked on

2017-12-05 18:28:15 - [MESSAGE][PASSED] - Object: 'Object Repository/Common/HomePage/HomePage_Option' is clicked on

2017-12-05 18:28:15 - [TEST_STEP][PASSED] - click: Object: 'Object Repository/Common/HomePage/HomePage_RunProgram_' is clicked on

2017-12-05 18:28:15 - [MESSAGE][PASSED] - Object: 'Object Repository/Common/HomePage/HomePage_RunProgram_' is clicked on

2017-12-05 18:28:15 - [TEST_STEP][PASSED] - sendKeys: Keys 'tfacr2520m000' sent to object: 'Object Repository/Common/HomePage/HomePage_Session_ID'

2017-12-05 18:28:15 - [MESSAGE][PASSED] - Keys 'tfacr2520m000' sent to object: 'Object Repository/Common/HomePage/HomePage_Session_ID'

2017-12-05 18:28:15 - [TEST_STEP][PASSED] - click: Object: 'Object Repository/Common/HomePage/HomePage_OkButton' is clicked on

2017-12-05 18:28:16 - [MESSAGE][PASSED] - Object: 'Object Repository/Common/HomePage/HomePage_OkButton' is clicked on

2017-12-05 18:28:16 - [MESSAGE][PASSED] - Call Test Case 'Test Cases/Common/Base_Common_OpenSession' successfully

2017-12-05 18:28:16 - [TEST_STEP][PASSED] - click: Object: 'Object Repository/Finance/BaseTestCases_OpenEntries_Service/OpenEntries_DocumentType' is clicked on

2017-12-05 18:28:19 - [MESSAGE][PASSED] - Object: 'Object Repository/Finance/BaseTestCases_OpenEntries_Service/OpenEntries_DocumentType' is clicked on

2017-12-05 18:28:19 - [TEST_STEP][PASSED] - click: Object: 'Object Repository/Finance/BaseTestCases_OpenEntries_Service/OpenEntries_DocumentNo' is clicked on

2017-12-05 18:28:20 - [MESSAGE][PASSED] - Object: 'Object Repository/Finance/BaseTestCases_OpenEntries_Service/OpenEntries_DocumentNo' is clicked on

2017-12-05 18:28:20 - [TEST_STEP][FAILED] - setText: Unable to set text 'null' of object 'Object Repository/Finance/BaseTestCases_OpenEntries_Service/OpenEntries_DocumentType' (Root cause: java.lang.IllegalArgumentException: Text is null)

2017-12-05 18:28:20 - [MESSAGE][FAILED] - Unable to set text 'null' of object 'Object Repository/Finance/BaseTestCases_OpenEntries_Service/OpenEntries_DocumentType' (Root cause: java.lang.IllegalArgumentException: Text is null)
[[ATTACHMENT|C:\\Users\\agawhande\\git\\CreditCard\\Reports\\Proxima\\CC_ServiceOrderwithSplitTenderTestSuite\\20171205_181942\\1512478700086.png]]

2017-12-05 18:28:20 - [TEST_STEP][NOT_RUN] - sendKeys: NOT_RUN: sendKeys

2017-12-05 18:28:20 - [MESSAGE][NOT_RUN] - NOT_RUN: sendKeys

2017-12-05 18:28:20 - [TEST_STEP][NOT_RUN] - delay: NOT_RUN: delay

2017-12-05 18:28:20 - [MESSAGE][NOT_RUN] - NOT_RUN: delay

2017-12-05 18:28:20 - [TEST_STEP][FAILED] - setText: Unable to set text 'null' of object 'Object Repository/Finance/BaseTestCases_OpenEntries_Service/OpenEntries_DocumentNo' (Root cause: java.lang.IllegalArgumentException: Text is null)

2017-12-05 18:28:21 - [MESSAGE][FAILED] - Unable to set text 'null' of object 'Object Repository/Finance/BaseTestCases_OpenEntries_Service/OpenEntries_DocumentNo' (Root cause: java.lang.IllegalArgumentException: Text is null)
[[ATTACHMENT|C:\\Users\\agawhande\\git\\CreditCard\\Reports\\Proxima\\CC_ServiceOrderwithSplitTenderTestSuite\\20171205_181942\\1512478700964.png]]

2017-12-05 18:28:21 - [TEST_STEP][NOT_RUN] - delay: NOT_RUN: delay

2017-12-05 18:28:21 - [MESSAGE][NOT_RUN] - NOT_RUN: delay

2017-12-05 18:28:21 - [TEST_STEP][NOT_RUN] - sendKeys: NOT_RUN: sendKeys

2017-12-05 18:28:21 - [MESSAGE][NOT_RUN] - NOT_RUN: sendKeys

2017-12-05 18:28:21 - [TEST_STEP][PASSED] - click: Object: 'Object Repository/Finance/BaseTestCases_OpenEntries_Service/OpenEntries_Action' is clicked on

2017-12-05 18:28:21 - [MESSAGE][PASSED] - Object: 'Object Repository/Finance/BaseTestCases_OpenEntries_Service/OpenEntries_Action' is clicked on

2017-12-05 18:28:21 - [TEST_STEP][PASSED] - click: Object: 'Object Repository/Finance/BaseTestCases_OpenEntries_Service/OpenEntries.FullyPaid' is clicked on

2017-12-05 18:28:22 - [MESSAGE][PASSED] - Object: 'Object Repository/Finance/BaseTestCases_OpenEntries_Service/OpenEntries.FullyPaid' is clicked on

2017-12-05 18:28:22 - [TEST_STEP][PASSED] - delay: Delayed 2 second(s)

2017-12-05 18:28:24 - [MESSAGE][PASSED] - Delayed 2 second(s)

2017-12-05 18:28:24 - [TEST_STEP][PASSED] - scrollToElement: Scroll to object 'Object Repository/Finance/BaseTestCases_OpenEntries_Service/OpenEntries.BalanceAmt' successfully

2017-12-05 18:28:24 - [MESSAGE][PASSED] - Scroll to object 'Object Repository/Finance/BaseTestCases_OpenEntries_Service/OpenEntries.BalanceAmt' successfully

2017-12-05 18:28:24 - [TEST_STEP][PASSED] - delay: Delayed 3 second(s)

2017-12-05 18:28:27 - [MESSAGE][PASSED] - Delayed 3 second(s)

2017-12-05 18:28:27 - [TEST_STEP][PASSED] - Statement - BalanceAmount = com.kms.katalon.core.webui.keyword.WebUiBuiltInKeywords.getText(com.kms.katalon.core.testobject.ObjectRepository.findTestObject(Finance/BaseTestCases_OpenEntries_Service/OpenEntries.BalanceAmt)): Text of object 'Object Repository/Finance/BaseTestCases_OpenEntries_Service/OpenEntries.BalanceAmt' is: '900.00'

2017-12-05 18:28:27 - [MESSAGE][PASSED] - Text of object 'Object Repository/Finance/BaseTestCases_OpenEntries_Service/OpenEntries.BalanceAmt' is: '900.00'

2017-12-05 18:28:27 - [TEST_STEP][FAILED] - verifyEqual: Unable to verify equal between actual object '900.00' and expected object '12.00' (Root cause: Actual object '900.00' and expected object '12.00' are not equal)

2017-12-05 18:28:27 - [MESSAGE][FAILED] - Unable to verify equal between actual object '900.00' and expected object '12.00' (Root cause: Actual object '900.00' and expected object '12.00' are not equal)

2017-12-05 18:28:27 - [TEST_STEP][PASSED] - click: Object: 'Object Repository/Finance/BaseTestCases_OpenEntries_Service/OpenEntries.Reference' is clicked on

2017-12-05 18:28:27 - [MESSAGE][PASSED] - Object: 'Object Repository/Finance/BaseTestCases_OpenEntries_Service/OpenEntries.Reference' is clicked on

2017-12-05 18:28:27 - [TEST_STEP][PASSED] - setText: Text '' is set on object 'Object Repository/Finance/BaseTestCases_OpenEntries_Service/OpenEntries_DocumentType'

2017-12-05 18:28:28 - [MESSAGE][PASSED] - Text '' is set on object 'Object Repository/Finance/BaseTestCases_OpenEntries_Service/OpenEntries_DocumentType'

2017-12-05 18:28:28 - [TEST_STEP][PASSED] - setText: Text '' is set on object 'Object Repository/Finance/BaseTestCases_OpenEntries_Service/OpenEntries_DocumentNo'

2017-12-05 18:28:28 - [MESSAGE][PASSED] - Text '' is set on object 'Object Repository/Finance/BaseTestCases_OpenEntries_Service/OpenEntries_DocumentNo'

2017-12-05 18:28:28 - [TEST_STEP][PASSED] - sendKeys: Keys '' sent to object: 'Object Repository/Finance/BaseTestCases_OpenEntries_Service/OpenEntries_DocumentType'

2017-12-05 18:28:28 - [MESSAGE][PASSED] - Keys '' sent to object: 'Object Repository/Finance/BaseTestCases_OpenEntries_Service/OpenEntries_DocumentType'

2017-12-05 18:28:28 - [TEST_STEP][PASSED] - sendKeys: Keys '' sent to object: 'Object Repository/Finance/BaseTestCases_OpenEntries_Service/OpenEntries_DocumentNo'

2017-12-05 18:28:28 - [MESSAGE][PASSED] - Keys '' sent to object: 'Object Repository/Finance/BaseTestCases_OpenEntries_Service/OpenEntries_DocumentNo'

2017-12-05 18:28:28 - [TEST_STEP][PASSED] - sendKeys: Keys 'M00000010 (null/null)' sent to object: 'Object Repository/Finance/BaseTestCases_OpenEntries_Service/OpenEntries.Reference'

2017-12-05 18:28:28 - [MESSAGE][PASSED] - Keys 'M00000010 (null/null)' sent to object: 'Object Repository/Finance/BaseTestCases_OpenEntries_Service/OpenEntries.Reference'

2017-12-05 18:28:28 - [TEST_STEP][PASSED] - click: Object: 'Object Repository/Finance/BaseTestCases_OpenEntries_Service/OpenEntries_DocumentNo' is clicked on

2017-12-05 18:28:29 - [MESSAGE][PASSED] - Object: 'Object Repository/Finance/BaseTestCases_OpenEntries_Service/OpenEntries_DocumentNo' is clicked on

2017-12-05 18:28:29 - [TEST_STEP][PASSED] - delay: Delayed 3 second(s)

2017-12-05 18:28:32 - [MESSAGE][PASSED] - Delayed 3 second(s)

2017-12-05 18:28:32 - [TEST_STEP][FAILED] - scrollToElement: Unable to scroll to object 'Object Repository/Finance/BaseTestCases_OpenEntries_Service/OpenEntries.BalanceAmt' (Root cause: com.kms.katalon.core.webui.exception.WebElementNotFoundException: Web element with id: 'Object Repository/Finance/BaseTestCases_OpenEntries_Service/OpenEntries.BalanceAmt' located by 'By.xpath: //*[@id = 'tfacr2520m000-0-grid-1-balc.ninv-20-0']' not found)

2017-12-05 18:29:03 - [MESSAGE][FAILED] - Unable to scroll to object 'Object Repository/Finance/BaseTestCases_OpenEntries_Service/OpenEntries.BalanceAmt' (Root cause: com.kms.katalon.core.webui.exception.WebElementNotFoundException: Web element with id: 'Object Repository/Finance/BaseTestCases_OpenEntries_Service/OpenEntries.BalanceAmt' located by 'By.xpath: //*[@id = 'tfacr2520m000-0-grid-1-balc.ninv-20-0']' not found)
[[ATTACHMENT|C:\\Users\\agawhande\\git\\CreditCard\\Reports\\Proxima\\CC_ServiceOrderwithSplitTenderTestSuite\\20171205_181942\\1512478743333.png]]

2017-12-05 18:29:03 - [TEST_STEP][FAILED] - Statement - BalanceAmount = com.kms.katalon.core.webui.keyword.WebUiBuiltInKeywords.getText(com.kms.katalon.core.testobject.ObjectRepository.findTestObject(Finance/BaseTestCases_OpenEntries_Service/OpenEntries.BalanceAmt)): Unable to get text of object 'Object Repository/Finance/BaseTestCases_OpenEntries_Service/OpenEntries.BalanceAmt' (Root cause: com.kms.katalon.core.webui.exception.WebElementNotFoundException: Web element with id: 'Object Repository/Finance/BaseTestCases_OpenEntries_Service/OpenEntries.BalanceAmt' located by 'By.xpath: //*[@id = 'tfacr2520m000-0-grid-1-balc.ninv-20-0']' not found)

2017-12-05 18:29:34 - [MESSAGE][FAILED] - Unable to get text of object 'Object Repository/Finance/BaseTestCases_OpenEntries_Service/OpenEntries.BalanceAmt' (Root cause: com.kms.katalon.core.webui.exception.WebElementNotFoundException: Web element with id: 'Object Repository/Finance/BaseTestCases_OpenEntries_Service/OpenEntries.BalanceAmt' located by 'By.xpath: //*[@id = 'tfacr2520m000-0-grid-1-balc.ninv-20-0']' not found)
[[ATTACHMENT|C:\\Users\\agawhande\\git\\CreditCard\\Reports\\Proxima\\CC_ServiceOrderwithSplitTenderTestSuite\\20171205_181942\\1512478774778.png]]

2017-12-05 18:29:34 - [TEST_STEP][FAILED] - verifyEqual: Unable to verify equal between actual object 'null' and expected object '1.35' (Root cause: Actual object 'null' and expected object '1.35' are not equal)

2017-12-05 18:29:34 - [MESSAGE][FAILED] - Unable to verify equal between actual object 'null' and expected object '1.35' (Root cause: Actual object 'null' and expected object '1.35' are not equal)

2017-12-05 18:29:34 - [TEST_STEP][FAILED] - Statement - BalanceAmount = com.kms.katalon.core.webui.keyword.WebUiBuiltInKeywords.getText(com.kms.katalon.core.testobject.ObjectRepository.findTestObject(Finance/BaseTestCases_OpenEntries_Service/OpenEntries_BalanceAmtLine2)): Unable to get text of object 'Object Repository/Finance/BaseTestCases_OpenEntries_Service/OpenEntries_BalanceAmtLine2' (Root cause: com.kms.katalon.core.webui.exception.WebElementNotFoundException: Web element with id: 'Object Repository/Finance/BaseTestCases_OpenEntries_Service/OpenEntries_BalanceAmtLine2' located by 'By.xpath: //*[@id = 'tfacr2520m000-0-grid-1-balc.ninv-20-1']' not found)

2017-12-05 18:30:06 - [MESSAGE][FAILED] - Unable to get text of object 'Object Repository/Finance/BaseTestCases_OpenEntries_Service/OpenEntries_BalanceAmtLine2' (Root cause: com.kms.katalon.core.webui.exception.WebElementNotFoundException: Web element with id: 'Object Repository/Finance/BaseTestCases_OpenEntries_Service/OpenEntries_BalanceAmtLine2' located by 'By.xpath: //*[@id = 'tfacr2520m000-0-grid-1-balc.ninv-20-1']' not found)
[[ATTACHMENT|C:\\Users\\agawhande\\git\\CreditCard\\Reports\\Proxima\\CC_ServiceOrderwithSplitTenderTestSuite\\20171205_181942\\1512478806067.png]]

2017-12-05 18:30:06 - [TEST_STEP][FAILED] - verifyEqual: Unable to verify equal between actual object 'null' and expected object '1.35' (Root cause: Actual object 'null' and expected object '1.35' are not equal)

2017-12-05 18:30:06 - [MESSAGE][FAILED] - Unable to verify equal between actual object 'null' and expected object '1.35' (Root cause: Actual object 'null' and expected object '1.35' are not equal)

2017-12-05 18:30:06 - [TEST_STEP][PASSED] - delay: Delayed 3 second(s)

2017-12-05 18:30:09 - [MESSAGE][PASSED] - Delayed 3 second(s)

2017-12-05 18:30:09 - [TEST_STEP][PASSED] - closeBrowser: Browser is closed

2017-12-05 18:30:10 - [MESSAGE][PASSED] - Browser is closed

2017-12-05 18:30:10 - [MESSAGE][FAILED] - Unable to call Test Case with id 'Test Cases/Finance/BaseTestCases/Base_Finance_CheckOpenEntriesForCCSplitPayments' (Root cause: Call Test Case 'Test Cases/Finance/BaseTestCases/Base_Finance_CheckOpenEntriesForCCSplitPayments' failed)]]></system-out>
         <system-err><![CDATA[2017-12-05 18:19:50 - [TEST_CASE][FAILED] - Test Cases/Service/CreditCardRegression/TC002_Service_CreditCardSplitTender: Test Cases/Service/CreditCardRegression/TC002_Service_CreditCardSplitTender FAILED because (of) Unable to click on object 'Object Repository/Service/ServiceOrder/CreditCardSplitTender/SplitTender.PrintOK' (Root cause: com.kms.katalon.core.webui.exception.WebElementNotFoundException: Web element with id: 'Object Repository/Service/ServiceOrder/CreditCardSplitTender/SplitTender.PrintOK' located by 'By.xpath: //*[@id = 'tsext4100m300-5-button-std-file.save_and_close']' not found)]]></system-err>
      </testcase>
      <system-out><![CDATA[2017-12-05 18:19:50 - [TEST_SUITE][FAILED] - CC_ServiceOrderwithSplitTenderTestSuite: Test Cases/Service/CreditCardRegression/TC002_Service_CreditCardSplitTender FAILED because (of) Unable to click on object 'Object Repository/Service/ServiceOrder/CreditCardSplitTender/SplitTender.PrintOK' (Root cause: com.kms.katalon.core.webui.exception.WebElementNotFoundException: Web element with id: 'Object Repository/Service/ServiceOrder/CreditCardSplitTender/SplitTender.PrintOK' located by 'By.xpath: //*[@id = 'tsext4100m300-5-button-std-file.save_and_close']' not found)]]></system-out>
      <system-err><![CDATA[2017-12-05 18:19:50 - [TEST_SUITE][FAILED] - CC_ServiceOrderwithSplitTenderTestSuite: Test Cases/Service/CreditCardRegression/TC002_Service_CreditCardSplitTender FAILED because (of) Unable to click on object 'Object Repository/Service/ServiceOrder/CreditCardSplitTender/SplitTender.PrintOK' (Root cause: com.kms.katalon.core.webui.exception.WebElementNotFoundException: Web element with id: 'Object Repository/Service/ServiceOrder/CreditCardSplitTender/SplitTender.PrintOK' located by 'By.xpath: //*[@id = 'tsext4100m300-5-button-std-file.save_and_close']' not found)]]></system-err>
   </testsuite>
</testsuites>
