<?xml version="1.0" encoding="UTF-8"?>
<testsuites name="CC_RentalInvoice" time="325" tests="0" failures="0" errors="0">
   <testsuite name="CC_RentalInvoice" tests="0" failures="0" errors="0" time="325" timestamp="2017-11-14 14:46:54" hostname="agawhande - ANIL110.e-emphasys.com" id="Test Suites/CC_RentalInvoice">
      <properties>
         <property name="deviceName" value=""/>
         <property name="devicePlatform" value=""/>
         <property name="logFolder" value="C:\\Users\\agawhande\\git\\CreditCard\\Reports\\CC_RentalInvoice\\20171114_144641"/>
         <property name="logFiles" value="C:\\Users\\agawhande\\git\\CreditCard\\Reports\\CC_RentalInvoice\\20171114_144641\\execution0.log"/>
         <property name="attachments" value=""/>
         <property name="hostName" value="agawhande - ANIL110.e-emphasys.com"/>
         <property name="os" value="Windows 7 64bit"/>
         <property name="katalonVersion" value="4.8.0.2"/>
         <property name="browser" value="Firefox 56.0"/>
         <property name="hostAddress" value="192.168.25.228"/>
         <property name="sessionId" value="56a0512c-ec28-4485-b4b4-f85220732e26"/>
         <property name="seleniumVersion" value="unknown"/>
         <property name="proxyInformation" value="ProxyInformation{proxyOption=NO_PROXY, proxyServerType=, password=, proxyServerAddress=, proxyServerPort=0}"/>
         <property name="platform" value="Windows 7"/>
      </properties>
      <testcase name="Test Cases/Rental/Base_RentalContract/CreditCardRegression/TC003_RentalContractInvoice_CC" classname="Test Cases/Rental/Base_RentalContract/CreditCardRegression/TC003_RentalContractInvoice_CC" status="INCOMPLETE">
         <system-out><![CDATA[2017-11-14 14:46:55 - [TEST_CASE][INCOMPLETE] - Test Cases/Rental/Base_RentalContract/CreditCardRegression/TC003_RentalContractInvoice_CC: null

2017-11-14 14:46:57 - [TEST_STEP][PASSED] - callTestCase: Call Test Case 'Test Cases/Rental/Base_RentalContract/Base_CreateRentalHeader' successfully

2017-11-14 14:46:58 - [TEST_CASE][PASSED] - Test Cases/Rental/Base_RentalContract/Base_CreateRentalHeader: Test Cases/Rental/Base_RentalContract/Base_CreateRentalHeader

2017-11-14 14:46:58 - [TEST_STEP][PASSED] - callTestCase: Call Test Case 'Test Cases/Common/Base_Common_OpenSession' successfully

2017-11-14 14:46:59 - [TEST_CASE][PASSED] - Test Cases/Common/Base_Common_OpenSession: Test Cases/Common/Base_Common_OpenSession

2017-11-14 14:46:59 - [TEST_STEP][PASSED] - openBrowser: Browser is opened with url: 'https://rgajbhiye:Robin$123@proxima-ln4.e-emphasys.com:8441/webui/servlet/login'

2017-11-14 14:48:32 - [MESSAGE][PASSED] - Browser is opened with url: 'https://rgajbhiye:Robin$123@proxima-ln4.e-emphasys.com:8441/webui/servlet/login'

2017-11-14 14:48:32 - [TEST_STEP][PASSED] - waitForPageLoad: Wait for page load successfully

2017-11-14 14:48:32 - [MESSAGE][PASSED] - Wait for page load successfully

2017-11-14 14:48:32 - [TEST_STEP][PASSED] - maximizeWindow: Current window maximized

2017-11-14 14:48:32 - [MESSAGE][PASSED] - Current window maximized

2017-11-14 14:48:32 - [TEST_STEP][PASSED] - click: Object: 'Object Repository/Common/HomePage/HomePage_more' is clicked on

2017-11-14 14:48:34 - [MESSAGE][PASSED] - Object: 'Object Repository/Common/HomePage/HomePage_more' is clicked on

2017-11-14 14:48:34 - [TEST_STEP][PASSED] - click: Object: 'Object Repository/Common/HomePage/HomePage_Option' is clicked on

2017-11-14 14:48:35 - [MESSAGE][PASSED] - Object: 'Object Repository/Common/HomePage/HomePage_Option' is clicked on

2017-11-14 14:48:35 - [TEST_STEP][PASSED] - click: Object: 'Object Repository/Common/HomePage/HomePage_RunProgram_' is clicked on

2017-11-14 14:48:35 - [MESSAGE][PASSED] - Object: 'Object Repository/Common/HomePage/HomePage_RunProgram_' is clicked on

2017-11-14 14:48:35 - [TEST_STEP][PASSED] - sendKeys: Keys 'erext4100s004' sent to object: 'Object Repository/Common/HomePage/HomePage_Session_ID'

2017-11-14 14:48:36 - [MESSAGE][PASSED] - Keys 'erext4100s004' sent to object: 'Object Repository/Common/HomePage/HomePage_Session_ID'

2017-11-14 14:48:36 - [TEST_STEP][PASSED] - click: Object: 'Object Repository/Common/HomePage/HomePage_OkButton' is clicked on

2017-11-14 14:48:37 - [MESSAGE][PASSED] - Object: 'Object Repository/Common/HomePage/HomePage_OkButton' is clicked on

2017-11-14 14:48:37 - [MESSAGE][PASSED] - Call Test Case 'Test Cases/Common/Base_Common_OpenSession' successfully

2017-11-14 14:48:37 - [TEST_STEP][PASSED] - click: Object: 'Object Repository/Rental/RentalHeader/RentalContract.Customer' is clicked on

2017-11-14 14:48:44 - [MESSAGE][PASSED] - Object: 'Object Repository/Rental/RentalHeader/RentalContract.Customer' is clicked on

2017-11-14 14:48:44 - [TEST_STEP][PASSED] - setText: Text 'M00000010' is set on object 'Object Repository/Rental/RentalHeader/RentalContract.Customer'

2017-11-14 14:48:47 - [MESSAGE][PASSED] - Text 'M00000010' is set on object 'Object Repository/Rental/RentalHeader/RentalContract.Customer'

2017-11-14 14:48:47 - [TEST_STEP][PASSED] - delay: Delayed 2 second(s)

2017-11-14 14:48:49 - [MESSAGE][PASSED] - Delayed 2 second(s)

2017-11-14 14:48:49 - [TEST_STEP][PASSED] - click: Object: 'Object Repository/Rental/RentalHeader/RentalContract.CustPO' is clicked on

2017-11-14 14:48:50 - [MESSAGE][PASSED] - Object: 'Object Repository/Rental/RentalHeader/RentalContract.CustPO' is clicked on

2017-11-14 14:48:50 - [TEST_STEP][PASSED] - delay: Delayed 3 second(s)

2017-11-14 14:48:54 - [MESSAGE][PASSED] - Delayed 3 second(s)

2017-11-14 14:48:54 - [TEST_STEP][PASSED] - click: Object: 'Object Repository/Rental/RentalHeader/RentalContract.OtherDetailsTab' is clicked on

2017-11-14 14:48:54 - [MESSAGE][PASSED] - Object: 'Object Repository/Rental/RentalHeader/RentalContract.OtherDetailsTab' is clicked on

2017-11-14 14:48:54 - [TEST_STEP][PASSED] - delay: Delayed 5 second(s)

2017-11-14 14:49:00 - [MESSAGE][PASSED] - Delayed 5 second(s)

2017-11-14 14:49:00 - [TEST_STEP][PASSED] - click: Object: 'Object Repository/Rental/RentalHeader/Rental Contract.ModeOfPayment' is clicked on

2017-11-14 14:49:01 - [MESSAGE][PASSED] - Object: 'Object Repository/Rental/RentalHeader/Rental Contract.ModeOfPayment' is clicked on

2017-11-14 14:49:01 - [TEST_STEP][PASSED] - delay: Delayed 2 second(s)

2017-11-14 14:49:03 - [MESSAGE][PASSED] - Delayed 2 second(s)

2017-11-14 14:49:03 - [TEST_STEP][PASSED] - click: Object: 'Object Repository/Rental/RentalHeader/RentalContract.CreditCardoption' is clicked on

2017-11-14 14:49:04 - [MESSAGE][PASSED] - Object: 'Object Repository/Rental/RentalHeader/RentalContract.CreditCardoption' is clicked on

2017-11-14 14:49:04 - [TEST_STEP][PASSED] - delay: Delayed 3 second(s)

2017-11-14 14:49:07 - [MESSAGE][PASSED] - Delayed 3 second(s)

2017-11-14 14:49:07 - [TEST_STEP][PASSED] - click: Object: 'Object Repository/Rental/RentalHeader/RentalContract.GeneralTab' is clicked on

2017-11-14 14:49:08 - [MESSAGE][PASSED] - Object: 'Object Repository/Rental/RentalHeader/RentalContract.GeneralTab' is clicked on

2017-11-14 14:49:08 - [TEST_STEP][PASSED] - delay: Delayed 5 second(s)

2017-11-14 14:49:13 - [MESSAGE][PASSED] - Delayed 5 second(s)

2017-11-14 14:49:13 - [TEST_STEP][PASSED] - click: Object: 'Object Repository/Rental/RentalHeader/RentalContract.Newbuttonline' is clicked on

2017-11-14 14:49:14 - [MESSAGE][PASSED] - Object: 'Object Repository/Rental/RentalHeader/RentalContract.Newbuttonline' is clicked on

2017-11-14 14:49:14 - [TEST_STEP][PASSED] - delay: Delayed 5 second(s)

2017-11-14 14:49:20 - [MESSAGE][PASSED] - Delayed 5 second(s)

2017-11-14 14:49:20 - [TEST_STEP][PASSED] - click: Object: 'Object Repository/Rental/RentalHeader/RentalContract.SetLine' is clicked on

2017-11-14 14:49:20 - [MESSAGE][PASSED] - Object: 'Object Repository/Rental/RentalHeader/RentalContract.SetLine' is clicked on

2017-11-14 14:49:20 - [TEST_STEP][PASSED] - delay: Delayed 5 second(s)

2017-11-14 14:49:26 - [MESSAGE][PASSED] - Delayed 5 second(s)

2017-11-14 14:49:26 - [TEST_STEP][PASSED] - scrollToElement: Scroll to object 'Object Repository/Rental/RentalHeader/RentalContract.Unit' successfully

2017-11-14 14:49:26 - [MESSAGE][PASSED] - Scroll to object 'Object Repository/Rental/RentalHeader/RentalContract.Unit' successfully

2017-11-14 14:49:26 - [TEST_STEP][PASSED] - delay: Delayed 3 second(s)

2017-11-14 14:49:30 - [MESSAGE][PASSED] - Delayed 3 second(s)

2017-11-14 14:49:30 - [TEST_STEP][NOT_RUN] - getText: NOT_RUN: getText

2017-11-14 14:49:30 - [MESSAGE][NOT_RUN] - NOT_RUN: getText

2017-11-14 14:49:30 - [TEST_STEP][PASSED] - click: Object: 'Object Repository/Rental/RentalHeader/RentalContract.Unit' is clicked on

2017-11-14 14:49:30 - [MESSAGE][PASSED] - Object: 'Object Repository/Rental/RentalHeader/RentalContract.Unit' is clicked on

2017-11-14 14:49:30 - [TEST_STEP][PASSED] - delay: Delayed 5 second(s)

2017-11-14 14:49:36 - [MESSAGE][PASSED] - Delayed 5 second(s)

2017-11-14 14:49:36 - [TEST_STEP][PASSED] - setText: Text 'MD0018256' is set on object 'Object Repository/Rental/RentalHeader/RentalContract.Unit'

2017-11-14 14:49:36 - [MESSAGE][PASSED] - Text 'MD0018256' is set on object 'Object Repository/Rental/RentalHeader/RentalContract.Unit'

2017-11-14 14:49:36 - [TEST_STEP][PASSED] - delay: Delayed 5 second(s)

2017-11-14 14:49:42 - [MESSAGE][PASSED] - Delayed 5 second(s)

2017-11-14 14:49:42 - [TEST_STEP][PASSED] - scrollToElement: Scroll to object 'Object Repository/Rental/RentalHeader/RentalContract.MultipleInsurence' successfully

2017-11-14 14:49:42 - [MESSAGE][PASSED] - Scroll to object 'Object Repository/Rental/RentalHeader/RentalContract.MultipleInsurence' successfully

2017-11-14 14:49:42 - [TEST_STEP][PASSED] - delay: Delayed 5 second(s)

2017-11-14 14:49:48 - [MESSAGE][PASSED] - Delayed 5 second(s)

2017-11-14 14:49:48 - [TEST_STEP][PASSED] - doubleClick: Object: 'Object Repository/Rental/RentalHeader/RentalContract.MultipleInsurence' is double clicked on

2017-11-14 14:49:49 - [MESSAGE][PASSED] - Object: 'Object Repository/Rental/RentalHeader/RentalContract.MultipleInsurence' is double clicked on

2017-11-14 14:49:49 - [TEST_STEP][PASSED] - delay: Delayed 5 second(s)

2017-11-14 14:49:54 - [MESSAGE][PASSED] - Delayed 5 second(s)

2017-11-14 14:49:54 - [TEST_STEP][PASSED] - click: Object: 'Object Repository/Rental/RentalHeader/RentalContract.MultipleInsurence' is clicked on

2017-11-14 14:49:57 - [MESSAGE][PASSED] - Object: 'Object Repository/Rental/RentalHeader/RentalContract.MultipleInsurence' is clicked on

2017-11-14 14:49:57 - [TEST_STEP][PASSED] - click: Object: 'Object Repository/Rental/RentalHeader/RentalContract.MultiInsNO' is clicked on

2017-11-14 14:49:57 - [MESSAGE][PASSED] - Object: 'Object Repository/Rental/RentalHeader/RentalContract.MultiInsNO' is clicked on

2017-11-14 14:49:57 - [TEST_STEP][PASSED] - delay: Delayed 5 second(s)

2017-11-14 14:50:03 - [MESSAGE][PASSED] - Delayed 5 second(s)

2017-11-14 14:50:03 - [TEST_STEP][PASSED] - scrollToElement: Scroll to object 'Object Repository/Rental/RentalHeader/RentalContract.GrossRateline' successfully

2017-11-14 14:50:03 - [MESSAGE][PASSED] - Scroll to object 'Object Repository/Rental/RentalHeader/RentalContract.GrossRateline' successfully

2017-11-14 14:50:03 - [TEST_STEP][NOT_RUN] - delay: NOT_RUN: delay

2017-11-14 14:50:03 - [MESSAGE][NOT_RUN] - NOT_RUN: delay

2017-11-14 14:50:03 - [TEST_STEP][PASSED] - doubleClick: Object: 'Object Repository/Rental/RentalHeader/RentalContract.GrossRateline' is double clicked on

2017-11-14 14:50:05 - [MESSAGE][PASSED] - Object: 'Object Repository/Rental/RentalHeader/RentalContract.GrossRateline' is double clicked on

2017-11-14 14:50:05 - [TEST_STEP][PASSED] - delay: Delayed 2 second(s)

2017-11-14 14:50:07 - [MESSAGE][PASSED] - Delayed 2 second(s)

2017-11-14 14:50:07 - [TEST_STEP][PASSED] - click: Object: 'Object Repository/Rental/RentalHeader/RentalContract.GrossRateline' is clicked on

2017-11-14 14:50:08 - [MESSAGE][PASSED] - Object: 'Object Repository/Rental/RentalHeader/RentalContract.GrossRateline' is clicked on

2017-11-14 14:50:08 - [TEST_STEP][PASSED] - delay: Delayed 2 second(s)

2017-11-14 14:50:10 - [MESSAGE][PASSED] - Delayed 2 second(s)

2017-11-14 14:50:10 - [TEST_STEP][PASSED] - setText: Text '100' is set on object 'Object Repository/Rental/RentalHeader/RentalContract.GrossRateline'

2017-11-14 14:50:10 - [MESSAGE][PASSED] - Text '100' is set on object 'Object Repository/Rental/RentalHeader/RentalContract.GrossRateline'

2017-11-14 14:50:10 - [TEST_STEP][PASSED] - delay: Delayed 4 second(s)

2017-11-14 14:50:15 - [MESSAGE][PASSED] - Delayed 4 second(s)

2017-11-14 14:50:15 - [TEST_STEP][PASSED] - click: Object: 'Object Repository/Rental/RentalHeader/RentalContract.SaveHeader' is clicked on

2017-11-14 14:50:18 - [MESSAGE][PASSED] - Object: 'Object Repository/Rental/RentalHeader/RentalContract.SaveHeader' is clicked on

2017-11-14 14:50:18 - [TEST_STEP][PASSED] - delay: Delayed 5 second(s)

2017-11-14 14:50:23 - [MESSAGE][PASSED] - Delayed 5 second(s)

2017-11-14 14:50:23 - [TEST_STEP][PASSED] - click: Object: 'Object Repository/Rental/RentalHeader/RentalContract.Action' is clicked on

2017-11-14 14:50:24 - [MESSAGE][PASSED] - Object: 'Object Repository/Rental/RentalHeader/RentalContract.Action' is clicked on

2017-11-14 14:50:24 - [TEST_STEP][PASSED] - delay: Delayed 8 second(s)

2017-11-14 14:50:33 - [MESSAGE][PASSED] - Delayed 8 second(s)

2017-11-14 14:50:33 - [TEST_STEP][PASSED] - click: Object: 'Object Repository/Rental/RentalHeader/RentalContract.Release' is clicked on

2017-11-14 14:50:34 - [MESSAGE][PASSED] - Object: 'Object Repository/Rental/RentalHeader/RentalContract.Release' is clicked on

2017-11-14 14:50:34 - [TEST_STEP][PASSED] - delay: Delayed 12 second(s)

2017-11-14 14:50:48 - [MESSAGE][PASSED] - Delayed 12 second(s)

2017-11-14 14:50:48 - [TEST_STEP][PASSED] - click: Object: 'Object Repository/Rental/RentalHeader/RentalContract.ActionDelivery' is clicked on

2017-11-14 14:50:58 - [MESSAGE][PASSED] - Object: 'Object Repository/Rental/RentalHeader/RentalContract.ActionDelivery' is clicked on

2017-11-14 14:50:58 - [TEST_STEP][PASSED] - delay: Delayed 6 second(s)

2017-11-14 14:51:05 - [MESSAGE][PASSED] - Delayed 6 second(s)

2017-11-14 14:51:05 - [TEST_STEP][PASSED] - click: Object: 'Object Repository/Rental/RentalHeader/RentalContract.ConfirmDelivery' is clicked on

2017-11-14 14:51:05 - [MESSAGE][PASSED] - Object: 'Object Repository/Rental/RentalHeader/RentalContract.ConfirmDelivery' is clicked on

2017-11-14 14:51:05 - [TEST_STEP][PASSED] - delay: Delayed 8 second(s)

2017-11-14 14:51:14 - [MESSAGE][PASSED] - Delayed 8 second(s)

2017-11-14 14:51:14 - [TEST_STEP][NOT_RUN] - waitForElementPresent: NOT_RUN: waitForElementPresent

2017-11-14 14:51:14 - [MESSAGE][NOT_RUN] - NOT_RUN: waitForElementPresent

2017-11-14 14:51:14 - [TEST_STEP][NOT_RUN] - delay: NOT_RUN: delay

2017-11-14 14:51:14 - [MESSAGE][NOT_RUN] - NOT_RUN: delay

2017-11-14 14:51:14 - [TEST_STEP][PASSED] - click: Object: 'Object Repository/Rental/RentalHeader/RentalContract.DeliveryProceed' is clicked on

2017-11-14 14:51:15 - [MESSAGE][PASSED] - Object: 'Object Repository/Rental/RentalHeader/RentalContract.DeliveryProceed' is clicked on

2017-11-14 14:51:15 - [TEST_STEP][PASSED] - delay: Delayed 12 second(s)

2017-11-14 14:51:29 - [MESSAGE][PASSED] - Delayed 12 second(s)

2017-11-14 14:51:29 - [TEST_STEP][NOT_RUN] - waitForElementPresent: NOT_RUN: waitForElementPresent

2017-11-14 14:51:29 - [MESSAGE][NOT_RUN] - NOT_RUN: waitForElementPresent

2017-11-14 14:51:29 - [TEST_STEP][NOT_RUN] - delay: NOT_RUN: delay

2017-11-14 14:51:29 - [MESSAGE][NOT_RUN] - NOT_RUN: delay

2017-11-14 14:51:29 - [TEST_STEP][NOT_RUN] - click: NOT_RUN: click

2017-11-14 14:51:29 - [MESSAGE][NOT_RUN] - NOT_RUN: click

2017-11-14 14:51:29 - [TEST_STEP][PASSED] - delay: Delayed 8 second(s)

2017-11-14 14:51:38 - [MESSAGE][PASSED] - Delayed 8 second(s)

2017-11-14 14:51:38 - [TEST_STEP][PASSED] - click: Object: 'Object Repository/Rental/RentalHeader/RentalContract.InspetionReportClose' is clicked on

2017-11-14 14:51:38 - [MESSAGE][PASSED] - Object: 'Object Repository/Rental/RentalHeader/RentalContract.InspetionReportClose' is clicked on

2017-11-14 14:51:38 - [TEST_STEP][PASSED] - delay: Delayed 5 second(s)

2017-11-14 14:51:44 - [MESSAGE][PASSED] - Delayed 5 second(s)

2017-11-14 14:51:44 - [TEST_STEP][PASSED] - click: Object: 'Object Repository/Rental/RentalHeader/RentalContract.BillofLaddingClosed' is clicked on

2017-11-14 14:51:44 - [MESSAGE][PASSED] - Object: 'Object Repository/Rental/RentalHeader/RentalContract.BillofLaddingClosed' is clicked on

2017-11-14 14:51:44 - [TEST_STEP][PASSED] - delay: Delayed 5 second(s)

2017-11-14 14:51:50 - [MESSAGE][PASSED] - Delayed 5 second(s)

2017-11-14 14:51:50 - [TEST_STEP][PASSED] - click: Object: 'Object Repository/Rental/RentalHeader/RentalContract.EqipRentalMemoclosed' is clicked on

2017-11-14 14:51:51 - [MESSAGE][PASSED] - Object: 'Object Repository/Rental/RentalHeader/RentalContract.EqipRentalMemoclosed' is clicked on

2017-11-14 14:51:51 - [TEST_STEP][PASSED] - delay: Delayed 5 second(s)

2017-11-14 14:51:57 - [MESSAGE][PASSED] - Delayed 5 second(s)

2017-11-14 14:51:57 - [TEST_STEP][PASSED] - click: Object: 'Object Repository/Rental/RentalHeader/RentalContract.InspectionOrdergnerated' is clicked on

2017-11-14 14:51:57 - [MESSAGE][PASSED] - Object: 'Object Repository/Rental/RentalHeader/RentalContract.InspectionOrdergnerated' is clicked on

2017-11-14 14:51:57 - [MESSAGE][PASSED] - Call Test Case 'Test Cases/Rental/Base_RentalContract/Base_CreateRentalHeader' successfully

2017-11-14 14:51:57 - [TEST_STEP][INCOMPLETE] - callTestCase: null

2017-11-14 14:51:58 - [TEST_CASE][INCOMPLETE] - Test Cases/Rental/Base_RentalContract/Base_CreateRentalInvoice_CC: null

2017-11-14 14:52:00 - [TEST_STEP][INCOMPLETE] - callTestCase: null

2017-11-14 14:52:01 - [TEST_CASE][INCOMPLETE] - Test Cases/Rental/Base_RentalContract/Base_CreateRentalHeader: null

2017-11-14 14:52:01 - [TEST_STEP][INCOMPLETE] - callTestCase: null

2017-11-14 14:52:01 - [TEST_CASE][INCOMPLETE] - Test Cases/Common/Base_Common_OpenSession: null

2017-11-14 14:52:01 - [TEST_STEP][INCOMPLETE] - openBrowser: A browser is already opened. Closing browser and opening a new one

2017-11-14 14:52:01 - [MESSAGE][WARNING] - A browser is already opened. Closing browser and opening a new one]]></system-out>
         <system-err><![CDATA[2017-11-14 14:46:55 - [TEST_CASE][INCOMPLETE] - Test Cases/Rental/Base_RentalContract/CreditCardRegression/TC003_RentalContractInvoice_CC: null]]></system-err>
      </testcase>
      <system-out><![CDATA[2017-11-14 14:46:54 - [TEST_SUITE][INCOMPLETE] - CC_RentalInvoice: null]]></system-out>
      <system-err><![CDATA[2017-11-14 14:46:54 - [TEST_SUITE][INCOMPLETE] - CC_RentalInvoice: null]]></system-err>
   </testsuite>
</testsuites>
