<?xml version="1.0" encoding="UTF-8"?>
<testsuites name="CC_ServiceSplitTendetTestSuite" time="187" tests="0" failures="0" errors="0">
   <testsuite name="CC_ServiceSplitTendetTestSuite" tests="0" failures="0" errors="0" time="187" timestamp="2017-11-08 18:13:39" hostname="agawhande - ANIL110.e-emphasys.com" id="Test Suites/CC_ServiceSplitTendetTestSuite">
      <properties>
         <property name="deviceName" value=""/>
         <property name="devicePlatform" value=""/>
         <property name="logFolder" value="C:\\Users\\agawhande\\git\\CreditCard\\Reports\\CC_ServiceSplitTendetTestSuite\\20171108_181329"/>
         <property name="logFiles" value="C:\\Users\\agawhande\\git\\CreditCard\\Reports\\CC_ServiceSplitTendetTestSuite\\20171108_181329\\execution0.log"/>
         <property name="attachments" value=""/>
         <property name="hostName" value="agawhande - ANIL110.e-emphasys.com"/>
         <property name="os" value="Windows 7 64bit"/>
         <property name="katalonVersion" value="4.8.0.2"/>
         <property name="browser" value="Firefox 56.0"/>
         <property name="hostAddress" value="192.168.25.228"/>
         <property name="sessionId" value="40250b48-f80c-438b-a041-3e003363c063"/>
         <property name="seleniumVersion" value="unknown"/>
         <property name="proxyInformation" value="ProxyInformation{proxyOption=NO_PROXY, proxyServerType=, password=, proxyServerAddress=, proxyServerPort=0}"/>
         <property name="platform" value="Windows 7"/>
      </properties>
      <testcase name="Test Cases/Service/CreditCardRegression/TC002_Service_CreditCardSplitTender - Iteration 1" classname="Test Cases/Service/CreditCardRegression/TC002_Service_CreditCardSplitTender" status="INCOMPLETE">
         <system-out><![CDATA[2017-11-08 18:13:40 - [TEST_CASE][INCOMPLETE] - Test Cases/Service/CreditCardRegression/TC002_Service_CreditCardSplitTender - Iteration 1: null

2017-11-08 18:13:41 - [TEST_STEP][PASSED] - callTestCase: Call Test Case 'Test Cases/Service/BaseTestCases/Base_Service_CreateHeader' successfully

2017-11-08 18:13:41 - [TEST_CASE][PASSED] - Test Cases/Service/BaseTestCases/Base_Service_CreateHeader: Test Cases/Service/BaseTestCases/Base_Service_CreateHeader

2017-11-08 18:13:41 - [TEST_STEP][PASSED] - callTestCase: Call Test Case 'Test Cases/Common/Base_Common_OpenSession' successfully

2017-11-08 18:13:41 - [TEST_CASE][PASSED] - Test Cases/Common/Base_Common_OpenSession: Test Cases/Common/Base_Common_OpenSession

2017-11-08 18:13:42 - [TEST_STEP][PASSED] - openBrowser: Browser is opened with url: 'https://rgajbhiye:Robin$123@proxima-ln4.e-emphasys.com:8441/webui/servlet/login'

2017-11-08 18:13:53 - [MESSAGE][PASSED] - Browser is opened with url: 'https://rgajbhiye:Robin$123@proxima-ln4.e-emphasys.com:8441/webui/servlet/login'

2017-11-08 18:13:53 - [TEST_STEP][PASSED] - waitForPageLoad: Wait for page load successfully

2017-11-08 18:13:53 - [MESSAGE][PASSED] - Wait for page load successfully

2017-11-08 18:13:53 - [TEST_STEP][PASSED] - maximizeWindow: Current window maximized

2017-11-08 18:13:53 - [MESSAGE][PASSED] - Current window maximized

2017-11-08 18:13:53 - [TEST_STEP][PASSED] - click: Object: 'Object Repository/Common/HomePage/HomePage_more' is clicked on

2017-11-08 18:13:55 - [MESSAGE][PASSED] - Object: 'Object Repository/Common/HomePage/HomePage_more' is clicked on

2017-11-08 18:13:55 - [TEST_STEP][PASSED] - click: Object: 'Object Repository/Common/HomePage/HomePage_Option' is clicked on

2017-11-08 18:13:55 - [MESSAGE][PASSED] - Object: 'Object Repository/Common/HomePage/HomePage_Option' is clicked on

2017-11-08 18:13:55 - [TEST_STEP][PASSED] - click: Object: 'Object Repository/Common/HomePage/HomePage_RunProgram_' is clicked on

2017-11-08 18:13:55 - [MESSAGE][PASSED] - Object: 'Object Repository/Common/HomePage/HomePage_RunProgram_' is clicked on

2017-11-08 18:13:55 - [TEST_STEP][PASSED] - sendKeys: Keys 'tssoc2100m001' sent to object: 'Object Repository/Common/HomePage/HomePage_Session_ID'

2017-11-08 18:13:56 - [MESSAGE][PASSED] - Keys 'tssoc2100m001' sent to object: 'Object Repository/Common/HomePage/HomePage_Session_ID'

2017-11-08 18:13:56 - [TEST_STEP][PASSED] - click: Object: 'Object Repository/Common/HomePage/HomePage_OkButton' is clicked on

2017-11-08 18:13:57 - [MESSAGE][PASSED] - Object: 'Object Repository/Common/HomePage/HomePage_OkButton' is clicked on

2017-11-08 18:13:57 - [MESSAGE][PASSED] - Call Test Case 'Test Cases/Common/Base_Common_OpenSession' successfully

2017-11-08 18:13:57 - [TEST_STEP][PASSED] - click: Object: 'Object Repository/Service/ServiceOrder/ServiceOrderHeader/ServiceOrderHeader.Newbutton' is clicked on

2017-11-08 18:14:00 - [MESSAGE][PASSED] - Object: 'Object Repository/Service/ServiceOrder/ServiceOrderHeader/ServiceOrderHeader.Newbutton' is clicked on

2017-11-08 18:14:00 - [TEST_STEP][PASSED] - delay: Delayed 3 second(s)

2017-11-08 18:14:03 - [MESSAGE][PASSED] - Delayed 3 second(s)

2017-11-08 18:14:03 - [TEST_STEP][PASSED] - setText: Text 'M00000182' is set on object 'Object Repository/Service/ServiceOrder/ServiceOrderHeader/ServiceOrderHeader.Customer'

2017-11-08 18:14:03 - [MESSAGE][PASSED] - Text 'M00000182' is set on object 'Object Repository/Service/ServiceOrder/ServiceOrderHeader/ServiceOrderHeader.Customer'

2017-11-08 18:14:03 - [TEST_STEP][PASSED] - sendKeys: Keys '' sent to object: 'Object Repository/Service/ServiceOrder/ServiceOrderHeader/ServiceOrderHeader.Customer'

2017-11-08 18:14:03 - [MESSAGE][PASSED] - Keys '' sent to object: 'Object Repository/Service/ServiceOrder/ServiceOrderHeader/ServiceOrderHeader.Customer'

2017-11-08 18:14:03 - [TEST_STEP][PASSED] - delay: Delayed 3 second(s)

2017-11-08 18:14:06 - [MESSAGE][PASSED] - Delayed 3 second(s)

2017-11-08 18:14:06 - [TEST_STEP][PASSED] - setText: Text 'MD0007993' is set on object 'Object Repository/Service/ServiceOrder/ServiceOrderHeader/ServiceOrderHeader.Unit'

2017-11-08 18:14:06 - [MESSAGE][PASSED] - Text 'MD0007993' is set on object 'Object Repository/Service/ServiceOrder/ServiceOrderHeader/ServiceOrderHeader.Unit'

2017-11-08 18:14:06 - [TEST_STEP][PASSED] - click: Object: 'Object Repository/Service/ServiceOrder/ServiceOrderHeader/ServiceOrderHeader.Save' is clicked on

2017-11-08 18:14:06 - [MESSAGE][PASSED] - Object: 'Object Repository/Service/ServiceOrder/ServiceOrderHeader/ServiceOrderHeader.Save' is clicked on

2017-11-08 18:14:06 - [TEST_STEP][PASSED] - click: Object: 'Object Repository/Service/ServiceOrder/ServiceOrderHeader/ServiceOrderHeader.Warning' is clicked on

2017-11-08 18:14:13 - [MESSAGE][PASSED] - Object: 'Object Repository/Service/ServiceOrder/ServiceOrderHeader/ServiceOrderHeader.Warning' is clicked on

2017-11-08 18:14:13 - [TEST_STEP][PASSED] - delay: Delayed 3 second(s)

2017-11-08 18:14:16 - [MESSAGE][PASSED] - Delayed 3 second(s)

2017-11-08 18:14:16 - [TEST_STEP][PASSED] - click: Object: 'Object Repository/Service/ServiceOrder/ServiceOrderHeader/ServiceOrderHeader.PaymentMode' is clicked on

2017-11-08 18:14:16 - [MESSAGE][PASSED] - Object: 'Object Repository/Service/ServiceOrder/ServiceOrderHeader/ServiceOrderHeader.PaymentMode' is clicked on

2017-11-08 18:14:16 - [TEST_STEP][PASSED] - click: Object: 'Object Repository/Service/ServiceOrder/ServiceOrderHeader/ServiceOrderHeader.CreditCardoption' is clicked on

2017-11-08 18:14:16 - [MESSAGE][PASSED] - Object: 'Object Repository/Service/ServiceOrder/ServiceOrderHeader/ServiceOrderHeader.CreditCardoption' is clicked on

2017-11-08 18:14:16 - [TEST_STEP][PASSED] - delay: Delayed 5 second(s)

2017-11-08 18:14:21 - [MESSAGE][PASSED] - Delayed 5 second(s)

2017-11-08 18:14:21 - [TEST_STEP][NOT_RUN] - setText: NOT_RUN: setText

2017-11-08 18:14:21 - [MESSAGE][NOT_RUN] - NOT_RUN: setText

2017-11-08 18:14:22 - [TEST_STEP][PASSED] - click: Object: 'Object Repository/Service/ServiceOrder/ServiceOrderHeader/ServiceOrderHeader.Save' is clicked on

2017-11-08 18:14:22 - [MESSAGE][PASSED] - Object: 'Object Repository/Service/ServiceOrder/ServiceOrderHeader/ServiceOrderHeader.Save' is clicked on

2017-11-08 18:14:22 - [TEST_STEP][PASSED] - delay: Delayed 5 second(s)

2017-11-08 18:14:27 - [MESSAGE][PASSED] - Delayed 5 second(s)

2017-11-08 18:14:27 - [TEST_STEP][PASSED] - Statement - SWOOrderNo = com.kms.katalon.core.webui.keyword.WebUiBuiltInKeywords.getAttribute(com.kms.katalon.core.testobject.ObjectRepository.findTestObject(Service/ServiceOrder/ServiceOrderHeader/ServiceOrderHeader.OrderNo), "value"): Attribute 'value' of object 'Object Repository/Service/ServiceOrder/ServiceOrderHeader/ServiceOrderHeader.OrderNo' is: 'SWO119856'

2017-11-08 18:14:28 - [MESSAGE][PASSED] - Attribute 'value' of object 'Object Repository/Service/ServiceOrder/ServiceOrderHeader/ServiceOrderHeader.OrderNo' is: 'SWO119856'

2017-11-08 18:14:28 - [TEST_STEP][PASSED] - verifyNotEqual: Actual object 'SWO119856' and expected object '' are not equal

2017-11-08 18:14:28 - [MESSAGE][PASSED] - Actual object 'SWO119856' and expected object '' are not equal

2017-11-08 18:14:28 - [TEST_STEP][PASSED] - delay: Delayed 5 second(s)

2017-11-08 18:14:33 - [MESSAGE][PASSED] - Delayed 5 second(s)

2017-11-08 18:14:33 - [TEST_STEP][PASSED] - click: Object: 'Object Repository/Service/ServiceOrder/ServiceOrderHeader/ServiceOrderHeader.Actions' is clicked on

2017-11-08 18:14:33 - [MESSAGE][PASSED] - Object: 'Object Repository/Service/ServiceOrder/ServiceOrderHeader/ServiceOrderHeader.Actions' is clicked on

2017-11-08 18:14:33 - [TEST_STEP][PASSED] - delay: Delayed 3 second(s)

2017-11-08 18:14:36 - [MESSAGE][PASSED] - Delayed 3 second(s)

2017-11-08 18:14:36 - [TEST_STEP][PASSED] - click: Object: 'Object Repository/Service/ServiceOrder/ServiceOrderHeader/ServiceOrderHeader.Segments' is clicked on

2017-11-08 18:14:36 - [MESSAGE][PASSED] - Object: 'Object Repository/Service/ServiceOrder/ServiceOrderHeader/ServiceOrderHeader.Segments' is clicked on

2017-11-08 18:14:36 - [TEST_STEP][PASSED] - delay: Delayed 3 second(s)

2017-11-08 18:14:39 - [MESSAGE][PASSED] - Delayed 3 second(s)

2017-11-08 18:14:39 - [MESSAGE][PASSED] - Call Test Case 'Test Cases/Service/BaseTestCases/Base_Service_CreateHeader' successfully

2017-11-08 18:14:39 - [TEST_STEP][PASSED] - callTestCase: Call Test Case 'Test Cases/Service/BaseTestCases/Base_Service_AddSegment' successfully

2017-11-08 18:14:39 - [TEST_CASE][PASSED] - Test Cases/Service/BaseTestCases/Base_Service_AddSegment: Test Cases/Service/BaseTestCases/Base_Service_AddSegment

2017-11-08 18:14:39 - [TEST_STEP][PASSED] - click: Object: 'Object Repository/Service/ServiceOrder/ServiceOrderSegment/ServiceOrderSegment.ServiceType' is clicked on

2017-11-08 18:14:40 - [MESSAGE][PASSED] - Object: 'Object Repository/Service/ServiceOrder/ServiceOrderSegment/ServiceOrderSegment.ServiceType' is clicked on

2017-11-08 18:14:40 - [TEST_STEP][PASSED] - setText: Text 'ABC' is set on object 'Object Repository/Service/ServiceOrder/ServiceOrderSegment/ServiceOrderSegment.ServiceType'

2017-11-08 18:14:40 - [MESSAGE][PASSED] - Text 'ABC' is set on object 'Object Repository/Service/ServiceOrder/ServiceOrderSegment/ServiceOrderSegment.ServiceType'

2017-11-08 18:14:40 - [TEST_STEP][NOT_RUN] - sendKeys: NOT_RUN: sendKeys

2017-11-08 18:14:40 - [MESSAGE][NOT_RUN] - NOT_RUN: sendKeys

2017-11-08 18:14:40 - [TEST_STEP][PASSED] - delay: Delayed 3 second(s)

2017-11-08 18:14:43 - [MESSAGE][PASSED] - Delayed 3 second(s)

2017-11-08 18:14:43 - [TEST_STEP][PASSED] - click: Object: 'Object Repository/Service/ServiceOrder/ServiceOrderSegment/ServiceOrderSegment.Save' is clicked on

2017-11-08 18:14:43 - [MESSAGE][PASSED] - Object: 'Object Repository/Service/ServiceOrder/ServiceOrderSegment/ServiceOrderSegment.Save' is clicked on

2017-11-08 18:14:43 - [TEST_STEP][PASSED] - delay: Delayed 10 second(s)

2017-11-08 18:14:53 - [MESSAGE][PASSED] - Delayed 10 second(s)

2017-11-08 18:14:53 - [TEST_STEP][PASSED] - click: Object: 'Object Repository/Service/ServiceOrder/ServiceOrderSegment/ServiceOrderSegment.Action' is clicked on

2017-11-08 18:14:53 - [MESSAGE][PASSED] - Object: 'Object Repository/Service/ServiceOrder/ServiceOrderSegment/ServiceOrderSegment.Action' is clicked on

2017-11-08 18:14:53 - [TEST_STEP][PASSED] - delay: Delayed 2 second(s)

2017-11-08 18:14:55 - [MESSAGE][PASSED] - Delayed 2 second(s)

2017-11-08 18:14:55 - [TEST_STEP][PASSED] - click: Object: 'Object Repository/Service/ServiceOrder/ServiceOrderSegment/ServiceOrderSegment.Release' is clicked on

2017-11-08 18:14:55 - [MESSAGE][PASSED] - Object: 'Object Repository/Service/ServiceOrder/ServiceOrderSegment/ServiceOrderSegment.Release' is clicked on

2017-11-08 18:14:55 - [TEST_STEP][PASSED] - delay: Delayed 5 second(s)

2017-11-08 18:15:00 - [MESSAGE][PASSED] - Delayed 5 second(s)

2017-11-08 18:15:00 - [TEST_STEP][NOT_RUN] - click: NOT_RUN: click

2017-11-08 18:15:00 - [MESSAGE][NOT_RUN] - NOT_RUN: click

2017-11-08 18:15:00 - [TEST_STEP][NOT_RUN] - click: NOT_RUN: click

2017-11-08 18:15:00 - [MESSAGE][NOT_RUN] - NOT_RUN: click

2017-11-08 18:15:00 - [TEST_STEP][NOT_RUN] - delay: NOT_RUN: delay

2017-11-08 18:15:00 - [MESSAGE][NOT_RUN] - NOT_RUN: delay

2017-11-08 18:15:00 - [TEST_STEP][NOT_RUN] - setText: NOT_RUN: setText

2017-11-08 18:15:00 - [MESSAGE][NOT_RUN] - NOT_RUN: setText

2017-11-08 18:15:01 - [TEST_STEP][NOT_RUN] - sendKeys: NOT_RUN: sendKeys

2017-11-08 18:15:01 - [MESSAGE][NOT_RUN] - NOT_RUN: sendKeys

2017-11-08 18:15:01 - [TEST_STEP][NOT_RUN] - delay: NOT_RUN: delay

2017-11-08 18:15:01 - [MESSAGE][NOT_RUN] - NOT_RUN: delay

2017-11-08 18:15:01 - [TEST_STEP][NOT_RUN] - click: NOT_RUN: click

2017-11-08 18:15:01 - [MESSAGE][NOT_RUN] - NOT_RUN: click

2017-11-08 18:15:01 - [TEST_STEP][NOT_RUN] - delay: NOT_RUN: delay

2017-11-08 18:15:01 - [MESSAGE][NOT_RUN] - NOT_RUN: delay

2017-11-08 18:15:01 - [TEST_STEP][PASSED] - click: Object: 'Object Repository/Service/ServiceOrder/ServiceOrderSegment/ServiceOrderSegment.Action' is clicked on

2017-11-08 18:15:01 - [MESSAGE][PASSED] - Object: 'Object Repository/Service/ServiceOrder/ServiceOrderSegment/ServiceOrderSegment.Action' is clicked on

2017-11-08 18:15:01 - [TEST_STEP][PASSED] - delay: Delayed 3 second(s)

2017-11-08 18:15:04 - [MESSAGE][PASSED] - Delayed 3 second(s)

2017-11-08 18:15:04 - [MESSAGE][PASSED] - Call Test Case 'Test Cases/Service/BaseTestCases/Base_Service_AddSegment' successfully

2017-11-08 18:15:04 - [TEST_STEP][PASSED] - callTestCase: Call Test Case 'Test Cases/Service/BaseTestCases/Base_Service_Add Others' successfully

2017-11-08 18:15:04 - [TEST_CASE][PASSED] - Test Cases/Service/BaseTestCases/Base_Service_Add Others: Test Cases/Service/BaseTestCases/Base_Service_Add Others

2017-11-08 18:15:04 - [TEST_STEP][PASSED] - click: Object: 'Object Repository/Service/ServiceOrder/ServiceOrderSegment/ServiceOrderSegment.Others' is clicked on

2017-11-08 18:15:04 - [MESSAGE][PASSED] - Object: 'Object Repository/Service/ServiceOrder/ServiceOrderSegment/ServiceOrderSegment.Others' is clicked on

2017-11-08 18:15:04 - [TEST_STEP][PASSED] - delay: Delayed 10 second(s)

2017-11-08 18:15:14 - [MESSAGE][PASSED] - Delayed 10 second(s)

2017-11-08 18:15:14 - [TEST_STEP][PASSED] - click: Object: 'Object Repository/Service/ServiceOrder/ServiceOrderSegment/ServiceOrderSegment.OthersNew' is clicked on

2017-11-08 18:15:14 - [MESSAGE][PASSED] - Object: 'Object Repository/Service/ServiceOrder/ServiceOrderSegment/ServiceOrderSegment.OthersNew' is clicked on

2017-11-08 18:15:14 - [TEST_STEP][PASSED] - delay: Delayed 5 second(s)

2017-11-08 18:15:19 - [MESSAGE][PASSED] - Delayed 5 second(s)

2017-11-08 18:15:19 - [TEST_STEP][PASSED] - click: Object: 'Object Repository/Service/ServiceOrder/ServiceOrderSegment/ServiceOrderSegment.OthersCostComp' is clicked on

2017-11-08 18:15:20 - [MESSAGE][PASSED] - Object: 'Object Repository/Service/ServiceOrder/ServiceOrderSegment/ServiceOrderSegment.OthersCostComp' is clicked on

2017-11-08 18:15:20 - [TEST_STEP][PASSED] - delay: Delayed 2 second(s)

2017-11-08 18:15:22 - [MESSAGE][PASSED] - Delayed 2 second(s)

2017-11-08 18:15:22 - [TEST_STEP][PASSED] - setText: Text 'APP' is set on object 'Object Repository/Service/ServiceOrder/ServiceOrderSegment/ServiceOrderSegment.OthersCostComp'

2017-11-08 18:15:22 - [MESSAGE][PASSED] - Text 'APP' is set on object 'Object Repository/Service/ServiceOrder/ServiceOrderSegment/ServiceOrderSegment.OthersCostComp'

2017-11-08 18:15:22 - [TEST_STEP][PASSED] - delay: Delayed 5 second(s)

2017-11-08 18:15:27 - [MESSAGE][PASSED] - Delayed 5 second(s)

2017-11-08 18:15:27 - [TEST_STEP][PASSED] - scrollToElement: Scroll to object 'Object Repository/Service/ServiceOrder/ServiceOrderSegment/ServiceOrderSegment.Actual Qty' successfully

2017-11-08 18:15:27 - [MESSAGE][PASSED] - Scroll to object 'Object Repository/Service/ServiceOrder/ServiceOrderSegment/ServiceOrderSegment.Actual Qty' successfully

2017-11-08 18:15:27 - [TEST_STEP][PASSED] - click: Object: 'Object Repository/Service/ServiceOrder/ServiceOrderSegment/ServiceOrderSegment.Actual Qty' is clicked on

2017-11-08 18:15:27 - [MESSAGE][PASSED] - Object: 'Object Repository/Service/ServiceOrder/ServiceOrderSegment/ServiceOrderSegment.Actual Qty' is clicked on

2017-11-08 18:15:27 - [TEST_STEP][PASSED] - delay: Delayed 2 second(s)

2017-11-08 18:15:29 - [MESSAGE][PASSED] - Delayed 2 second(s)

2017-11-08 18:15:29 - [TEST_STEP][PASSED] - sendKeys: Keys '2' sent to object: 'Object Repository/Service/ServiceOrder/ServiceOrderSegment/ServiceOrderSegment.Actual Qty'

2017-11-08 18:15:29 - [MESSAGE][PASSED] - Keys '2' sent to object: 'Object Repository/Service/ServiceOrder/ServiceOrderSegment/ServiceOrderSegment.Actual Qty'

2017-11-08 18:15:29 - [TEST_STEP][PASSED] - delay: Delayed 5 second(s)

2017-11-08 18:15:34 - [MESSAGE][PASSED] - Delayed 5 second(s)

2017-11-08 18:15:34 - [TEST_STEP][NOT_RUN] - click: NOT_RUN: click

2017-11-08 18:15:34 - [MESSAGE][NOT_RUN] - NOT_RUN: click

2017-11-08 18:15:34 - [TEST_STEP][PASSED] - click: Object: 'Object Repository/Service/ServiceOrder/ServiceOrderSegment/ServiceOrderSegmentOthers.SaveClose' is clicked on

2017-11-08 18:15:34 - [MESSAGE][PASSED] - Object: 'Object Repository/Service/ServiceOrder/ServiceOrderSegment/ServiceOrderSegmentOthers.SaveClose' is clicked on

2017-11-08 18:15:34 - [TEST_STEP][PASSED] - delay: Delayed 5 second(s)

2017-11-08 18:15:39 - [MESSAGE][PASSED] - Delayed 5 second(s)

2017-11-08 18:15:39 - [TEST_STEP][PASSED] - click: Object: 'Object Repository/Service/ServiceOrder/ServiceOrderSegment/ServiceOrderSegment.SaveClose' is clicked on

2017-11-08 18:15:40 - [MESSAGE][PASSED] - Object: 'Object Repository/Service/ServiceOrder/ServiceOrderSegment/ServiceOrderSegment.SaveClose' is clicked on

2017-11-08 18:15:40 - [MESSAGE][PASSED] - Call Test Case 'Test Cases/Service/BaseTestCases/Base_Service_Add Others' successfully

2017-11-08 18:15:40 - [TEST_STEP][INCOMPLETE] - callTestCase: null

2017-11-08 18:15:40 - [TEST_CASE][INCOMPLETE] - Test Cases/Service/BaseTestCases/Base_Service_HeaderInvoice_SplitTender: null

2017-11-08 18:15:40 - [TEST_STEP][PASSED] - delay: Delayed 5 second(s)

2017-11-08 18:15:45 - [MESSAGE][PASSED] - Delayed 5 second(s)

2017-11-08 18:15:45 - [TEST_STEP][PASSED] - click: Object: 'Object Repository/Service/ServiceOrder/ServiceOrderHeader/ServiceOrderHeader.Actions' is clicked on

2017-11-08 18:15:45 - [MESSAGE][PASSED] - Object: 'Object Repository/Service/ServiceOrder/ServiceOrderHeader/ServiceOrderHeader.Actions' is clicked on

2017-11-08 18:15:45 - [TEST_STEP][PASSED] - delay: Delayed 3 second(s)

2017-11-08 18:15:48 - [MESSAGE][PASSED] - Delayed 3 second(s)

2017-11-08 18:15:48 - [TEST_STEP][PASSED] - click: Object: 'Object Repository/Service/ServiceOrder/ServiceOrderHeader/ServiceOrderHeader.Costing' is clicked on

2017-11-08 18:15:49 - [MESSAGE][PASSED] - Object: 'Object Repository/Service/ServiceOrder/ServiceOrderHeader/ServiceOrderHeader.Costing' is clicked on

2017-11-08 18:15:49 - [TEST_STEP][PASSED] - delay: Delayed 5 second(s)

2017-11-08 18:15:54 - [MESSAGE][PASSED] - Delayed 5 second(s)

2017-11-08 18:15:54 - [TEST_STEP][PASSED] - click: Object: 'Object Repository/Service/ServiceOrder/ServiceOrderHeader/ServiceOrderHeader.RepriceWarning' is clicked on

2017-11-08 18:15:54 - [MESSAGE][PASSED] - Object: 'Object Repository/Service/ServiceOrder/ServiceOrderHeader/ServiceOrderHeader.RepriceWarning' is clicked on

2017-11-08 18:15:54 - [TEST_STEP][PASSED] - delay: Delayed 3 second(s)

2017-11-08 18:15:57 - [MESSAGE][PASSED] - Delayed 3 second(s)

2017-11-08 18:15:57 - [TEST_STEP][PASSED] - click: Object: 'Object Repository/Service/ServiceOrder/ServiceOrderHeader/ServiceOrderHeader.CostingProcessCont' is clicked on

2017-11-08 18:15:57 - [MESSAGE][PASSED] - Object: 'Object Repository/Service/ServiceOrder/ServiceOrderHeader/ServiceOrderHeader.CostingProcessCont' is clicked on

2017-11-08 18:15:57 - [TEST_STEP][PASSED] - delay: Delayed 3 second(s)

2017-11-08 18:16:00 - [MESSAGE][PASSED] - Delayed 3 second(s)

2017-11-08 18:16:00 - [TEST_STEP][PASSED] - click: Object: 'Object Repository/Service/ServiceOrder/ServiceOrderHeader/ServiceOrderHeader.InvoiceCont' is clicked on

2017-11-08 18:16:00 - [MESSAGE][PASSED] - Object: 'Object Repository/Service/ServiceOrder/ServiceOrderHeader/ServiceOrderHeader.InvoiceCont' is clicked on

2017-11-08 18:16:00 - [TEST_STEP][PASSED] - delay: Delayed 5 second(s)

2017-11-08 18:16:05 - [MESSAGE][PASSED] - Delayed 5 second(s)

2017-11-08 18:16:05 - [TEST_STEP][NOT_RUN] - waitForElementPresent: NOT_RUN: waitForElementPresent

2017-11-08 18:16:05 - [MESSAGE][NOT_RUN] - NOT_RUN: waitForElementPresent

2017-11-08 18:16:05 - [TEST_STEP][NOT_RUN] - doubleClick: NOT_RUN: doubleClick

2017-11-08 18:16:05 - [MESSAGE][NOT_RUN] - NOT_RUN: doubleClick

2017-11-08 18:16:05 - [TEST_STEP][NOT_RUN] - delay: NOT_RUN: delay

2017-11-08 18:16:05 - [MESSAGE][NOT_RUN] - NOT_RUN: delay

2017-11-08 18:16:05 - [TEST_STEP][NOT_RUN] - click: NOT_RUN: click

2017-11-08 18:16:05 - [MESSAGE][NOT_RUN] - NOT_RUN: click

2017-11-08 18:16:05 - [TEST_STEP][PASSED] - delay: Delayed 2 second(s)

2017-11-08 18:16:07 - [MESSAGE][PASSED] - Delayed 2 second(s)

2017-11-08 18:16:07 - [TEST_STEP][PASSED] - setText: Text 'PUBL' is set on object 'Object Repository/Service/ServiceOrder/ServiceCreditCard/ServiceCreditCard.PaymentGateway'

2017-11-08 18:16:08 - [MESSAGE][PASSED] - Text 'PUBL' is set on object 'Object Repository/Service/ServiceOrder/ServiceCreditCard/ServiceCreditCard.PaymentGateway'

2017-11-08 18:16:08 - [TEST_STEP][NOT_RUN] - sendKeys: NOT_RUN: sendKeys

2017-11-08 18:16:08 - [MESSAGE][NOT_RUN] - NOT_RUN: sendKeys

2017-11-08 18:16:08 - [TEST_STEP][PASSED] - doubleClick: Object: 'Object Repository/Service/ServiceOrder/ServiceCreditCard/ServiceCreditCard.CardType' is double clicked on

2017-11-08 18:16:08 - [MESSAGE][PASSED] - Object: 'Object Repository/Service/ServiceOrder/ServiceCreditCard/ServiceCreditCard.CardType' is double clicked on

2017-11-08 18:16:08 - [TEST_STEP][PASSED] - sendKeys: Keys 'Visa Card' sent to object: 'Object Repository/Service/ServiceOrder/ServiceCreditCard/ServiceCreditCard.CardType'

2017-11-08 18:16:08 - [MESSAGE][PASSED] - Keys 'Visa Card' sent to object: 'Object Repository/Service/ServiceOrder/ServiceCreditCard/ServiceCreditCard.CardType'

2017-11-08 18:16:08 - [TEST_STEP][PASSED] - delay: Delayed 2 second(s)

2017-11-08 18:16:10 - [MESSAGE][PASSED] - Delayed 2 second(s)

2017-11-08 18:16:10 - [TEST_STEP][PASSED] - doubleClick: Object: 'Object Repository/Service/ServiceOrder/ServiceCreditCard/ServiceCreditCard.Enter CC No' is double clicked on

2017-11-08 18:16:10 - [MESSAGE][PASSED] - Object: 'Object Repository/Service/ServiceOrder/ServiceCreditCard/ServiceCreditCard.Enter CC No' is double clicked on

2017-11-08 18:16:10 - [TEST_STEP][PASSED] - sendKeys: Keys '4012000033330026' sent to object: 'Object Repository/Service/ServiceOrder/ServiceCreditCard/ServiceCreditCard.Enter CC No'

2017-11-08 18:16:10 - [MESSAGE][PASSED] - Keys '4012000033330026' sent to object: 'Object Repository/Service/ServiceOrder/ServiceCreditCard/ServiceCreditCard.Enter CC No'

2017-11-08 18:16:10 - [TEST_STEP][PASSED] - delay: Delayed 2 second(s)

2017-11-08 18:16:12 - [MESSAGE][PASSED] - Delayed 2 second(s)

2017-11-08 18:16:12 - [TEST_STEP][PASSED] - click: Object: 'Object Repository/Service/ServiceOrder/ServiceCreditCard/ServiceCreditCard.CVV2' is clicked on

2017-11-08 18:16:13 - [MESSAGE][PASSED] - Object: 'Object Repository/Service/ServiceOrder/ServiceCreditCard/ServiceCreditCard.CVV2' is clicked on

2017-11-08 18:16:13 - [TEST_STEP][PASSED] - sendKeys: Keys '865' sent to object: 'Object Repository/Service/ServiceOrder/ServiceCreditCard/ServiceCreditCard.CVV2'

2017-11-08 18:16:13 - [MESSAGE][PASSED] - Keys '865' sent to object: 'Object Repository/Service/ServiceOrder/ServiceCreditCard/ServiceCreditCard.CVV2'

2017-11-08 18:16:13 - [TEST_STEP][NOT_RUN] - sendKeys: NOT_RUN: sendKeys

2017-11-08 18:16:13 - [MESSAGE][NOT_RUN] - NOT_RUN: sendKeys

2017-11-08 18:16:13 - [TEST_STEP][NOT_RUN] - delay: NOT_RUN: delay

2017-11-08 18:16:13 - [MESSAGE][NOT_RUN] - NOT_RUN: delay

2017-11-08 18:16:13 - [TEST_STEP][PASSED] - delay: Delayed 3 second(s)

2017-11-08 18:16:16 - [MESSAGE][PASSED] - Delayed 3 second(s)

2017-11-08 18:16:16 - [TEST_STEP][PASSED] - setText: Text '09' is set on object 'Object Repository/Service/ServiceOrder/ServiceCreditCard/ServiceCreditCard.ExpiryMonth'

2017-11-08 18:16:16 - [MESSAGE][PASSED] - Text '09' is set on object 'Object Repository/Service/ServiceOrder/ServiceCreditCard/ServiceCreditCard.ExpiryMonth'

2017-11-08 18:16:16 - [TEST_STEP][PASSED] - setText: Text '99' is set on object 'Object Repository/Service/ServiceOrder/ServiceCreditCard/ServiceCreditCard.ExpiryYear'

2017-11-08 18:16:16 - [MESSAGE][PASSED] - Text '99' is set on object 'Object Repository/Service/ServiceOrder/ServiceCreditCard/ServiceCreditCard.ExpiryYear'

2017-11-08 18:16:16 - [TEST_STEP][PASSED] - delay: Delayed 2 second(s)

2017-11-08 18:16:18 - [MESSAGE][PASSED] - Delayed 2 second(s)

2017-11-08 18:16:18 - [TEST_STEP][PASSED] - click: Object: 'Object Repository/Service/ServiceOrder/CreditCardSplitTender/SplitTenderDetails' is clicked on

2017-11-08 18:16:18 - [MESSAGE][PASSED] - Object: 'Object Repository/Service/ServiceOrder/CreditCardSplitTender/SplitTenderDetails' is clicked on

2017-11-08 18:16:18 - [TEST_STEP][PASSED] - click: Object: 'Object Repository/Service/ServiceOrder/CreditCardSplitTender/SplitTenderDetails.Yes' is clicked on

2017-11-08 18:16:18 - [MESSAGE][PASSED] - Object: 'Object Repository/Service/ServiceOrder/CreditCardSplitTender/SplitTenderDetails.Yes' is clicked on

2017-11-08 18:16:18 - [TEST_STEP][PASSED] - delay: Delayed 3 second(s)

2017-11-08 18:16:21 - [MESSAGE][PASSED] - Delayed 3 second(s)

2017-11-08 18:16:21 - [TEST_STEP][PASSED] - click: Object: 'Object Repository/Service/ServiceOrder/CreditCardSplitTender/SplitTender.LineSession' is clicked on

2017-11-08 18:16:21 - [MESSAGE][PASSED] - Object: 'Object Repository/Service/ServiceOrder/CreditCardSplitTender/SplitTender.LineSession' is clicked on

2017-11-08 18:16:21 - [TEST_STEP][PASSED] - delay: Delayed 2 second(s)

2017-11-08 18:16:23 - [MESSAGE][PASSED] - Delayed 2 second(s)

2017-11-08 18:16:23 - [TEST_STEP][PASSED] - Statement - G_OrderAmt = com.kms.katalon.core.webui.keyword.WebUiBuiltInKeywords.getText(com.kms.katalon.core.testobject.ObjectRepository.findTestObject(Service/ServiceOrder/CreditCardSplitTender/SplitTender.OrderAmtHeader)): Text of object 'Object Repository/Service/ServiceOrder/CreditCardSplitTender/SplitTender.OrderAmtHeader' is: '14.00'

2017-11-08 18:16:24 - [MESSAGE][PASSED] - Text of object 'Object Repository/Service/ServiceOrder/CreditCardSplitTender/SplitTender.OrderAmtHeader' is: '14.00'

2017-11-08 18:16:24 - [TEST_STEP][PASSED] - Statement - G_SplitOrderAmt2 = G_OrderAmt - 2: null

2017-11-08 18:16:24 - [TEST_STEP][PASSED] - comment: ***********************Line1 started***********************

2017-11-08 18:16:24 - [TEST_STEP][PASSED] - click: Object: 'Object Repository/Service/ServiceOrder/CreditCardSplitTender/SplitTender.NewButton' is clicked on

2017-11-08 18:16:24 - [MESSAGE][PASSED] - Object: 'Object Repository/Service/ServiceOrder/CreditCardSplitTender/SplitTender.NewButton' is clicked on

2017-11-08 18:16:24 - [TEST_STEP][PASSED] - delay: Delayed 2 second(s)

2017-11-08 18:16:26 - [MESSAGE][PASSED] - Delayed 2 second(s)

2017-11-08 18:16:26 - [TEST_STEP][PASSED] - doubleClick: Object: 'Object Repository/Service/ServiceOrder/CreditCardSplitTender/SplitTender.ModeofPayment' is double clicked on

2017-11-08 18:16:26 - [MESSAGE][PASSED] - Object: 'Object Repository/Service/ServiceOrder/CreditCardSplitTender/SplitTender.ModeofPayment' is double clicked on

2017-11-08 18:16:26 - [TEST_STEP][PASSED] - click: Object: 'Object Repository/Service/ServiceOrder/CreditCardSplitTender/SplitTender.ModeOfPaymentCreditCard1' is clicked on

2017-11-08 18:16:26 - [MESSAGE][PASSED] - Object: 'Object Repository/Service/ServiceOrder/CreditCardSplitTender/SplitTender.ModeOfPaymentCreditCard1' is clicked on

2017-11-08 18:16:26 - [TEST_STEP][PASSED] - click: Object: 'Object Repository/Service/ServiceOrder/CreditCardSplitTender/SplitTender.LineCCNo' is clicked on

2017-11-08 18:16:27 - [MESSAGE][PASSED] - Object: 'Object Repository/Service/ServiceOrder/CreditCardSplitTender/SplitTender.LineCCNo' is clicked on

2017-11-08 18:16:27 - [TEST_STEP][PASSED] - delay: Delayed 2 second(s)

2017-11-08 18:16:29 - [MESSAGE][PASSED] - Delayed 2 second(s)

2017-11-08 18:16:29 - [TEST_STEP][PASSED] - setText: Text '4012000033330026' is set on object 'Object Repository/Service/ServiceOrder/CreditCardSplitTender/SplitTender.LineCCNo'

2017-11-08 18:16:29 - [MESSAGE][PASSED] - Text '4012000033330026' is set on object 'Object Repository/Service/ServiceOrder/CreditCardSplitTender/SplitTender.LineCCNo'

2017-11-08 18:16:29 - [TEST_STEP][PASSED] - delay: Delayed 5 second(s)

2017-11-08 18:16:34 - [MESSAGE][PASSED] - Delayed 5 second(s)

2017-11-08 18:16:34 - [TEST_STEP][NOT_RUN] - click: NOT_RUN: click

2017-11-08 18:16:34 - [MESSAGE][NOT_RUN] - NOT_RUN: click

2017-11-08 18:16:34 - [TEST_STEP][NOT_RUN] - setText: NOT_RUN: setText

2017-11-08 18:16:34 - [MESSAGE][NOT_RUN] - NOT_RUN: setText

2017-11-08 18:16:34 - [TEST_STEP][PASSED] - scrollToElement: Scroll to object 'Object Repository/Service/ServiceOrder/CreditCardSplitTender/SplitTender.LineOrderAmount1' successfully

2017-11-08 18:16:34 - [MESSAGE][PASSED] - Scroll to object 'Object Repository/Service/ServiceOrder/CreditCardSplitTender/SplitTender.LineOrderAmount1' successfully

2017-11-08 18:16:34 - [TEST_STEP][PASSED] - delay: Delayed 5 second(s)

2017-11-08 18:16:39 - [MESSAGE][PASSED] - Delayed 5 second(s)

2017-11-08 18:16:39 - [TEST_STEP][PASSED] - click: Object: 'Object Repository/Service/ServiceOrder/CreditCardSplitTender/SplitTender.LineOrderAmount1' is clicked on

2017-11-08 18:16:39 - [MESSAGE][PASSED] - Object: 'Object Repository/Service/ServiceOrder/CreditCardSplitTender/SplitTender.LineOrderAmount1' is clicked on

2017-11-08 18:16:39 - [TEST_STEP][PASSED] - delay: Delayed 3 second(s)

2017-11-08 18:16:42 - [MESSAGE][PASSED] - Delayed 3 second(s)

2017-11-08 18:16:42 - [TEST_STEP][PASSED] - setText: Text '' is set on object 'Object Repository/Service/ServiceOrder/CreditCardSplitTender/SplitTender.LineOrderAmount1'

2017-11-08 18:16:42 - [MESSAGE][PASSED] - Text '' is set on object 'Object Repository/Service/ServiceOrder/CreditCardSplitTender/SplitTender.LineOrderAmount1'

2017-11-08 18:16:42 - [TEST_STEP][PASSED] - delay: Delayed 2 second(s)

2017-11-08 18:16:44 - [MESSAGE][PASSED] - Delayed 2 second(s)

2017-11-08 18:16:44 - [TEST_STEP][PASSED] - comment: ***********************Line2 started***********************

2017-11-08 18:16:44 - [TEST_STEP][PASSED] - click: Object: 'Object Repository/Service/ServiceOrder/CreditCardSplitTender/SplitTender.NewButton' is clicked on

2017-11-08 18:16:45 - [MESSAGE][PASSED] - Object: 'Object Repository/Service/ServiceOrder/CreditCardSplitTender/SplitTender.NewButton' is clicked on

2017-11-08 18:16:45 - [TEST_STEP][PASSED] - delay: Delayed 2 second(s)

2017-11-08 18:16:47 - [MESSAGE][PASSED] - Delayed 2 second(s)

2017-11-08 18:16:47 - [TEST_STEP][INCOMPLETE] - doubleClick: Finding web element with id: 'Object Repository/Service/ServiceOrder/CreditCardSplitTender/SplitTender.ModeofPayment1' located by 'By.xpath: //*[@id = 'xiext8105m000-4-grid-1-xiext805.modp.rq-13-1-widget']' in '30' second(s)]]></system-out>
         <system-err><![CDATA[2017-11-08 18:13:40 - [TEST_CASE][INCOMPLETE] - Test Cases/Service/CreditCardRegression/TC002_Service_CreditCardSplitTender - Iteration 1: null]]></system-err>
      </testcase>
      <system-out><![CDATA[2017-11-08 18:13:39 - [TEST_SUITE][INCOMPLETE] - CC_ServiceSplitTendetTestSuite: null]]></system-out>
      <system-err><![CDATA[2017-11-08 18:13:39 - [TEST_SUITE][INCOMPLETE] - CC_ServiceSplitTendetTestSuite: null]]></system-err>
   </testsuite>
</testsuites>
