<?xml version="1.0" encoding="UTF-8"?>
<testsuites name="CC_ServiceTestSuitewithDiffGatewayTestSuite" time="425" tests="2" failures="0" errors="0">
   <testsuite name="CC_ServiceTestSuitewithDiffGatewayTestSuite" tests="2" failures="0" errors="0" time="425" timestamp="2017-11-25 00:23:28" hostname="agawhande - ANIL110.e-emphasys.com" id="Test Suites/CC_ServiceTestSuitewithDiffGatewayTestSuite">
      <properties>
         <property name="deviceName" value=""/>
         <property name="devicePlatform" value=""/>
         <property name="logFolder" value="C:\\Users\\agawhande\\git\\CreditCard\\Reports\\CC_ServiceTestSuitewithDiffGatewayTestSuite\\20171125_000019"/>
         <property name="logFiles" value="C:\\Users\\agawhande\\git\\CreditCard\\Reports\\CC_ServiceTestSuitewithDiffGatewayTestSuite\\20171125_000019\\execution0.log"/>
         <property name="attachments" value=""/>
         <property name="hostName" value="agawhande - ANIL110.e-emphasys.com"/>
         <property name="os" value="Windows 7 64bit"/>
         <property name="katalonVersion" value="5.0.1.1"/>
         <property name="browser" value="Firefox 56.0"/>
         <property name="hostAddress" value="192.168.25.228"/>
         <property name="sessionId" value="53afe87a-e66a-452e-8b54-33f5a0003d34"/>
         <property name="seleniumVersion" value="2.53.0"/>
         <property name="proxyInformation" value="ProxyInformation{proxyOption=NO_PROXY, proxyServerType=HTTP, password=, proxyServerAddress=, proxyServerPort=0}"/>
         <property name="platform" value="Windows 7"/>
      </properties>
      <testcase name="Test Cases/Service/CreditCardRegression/TC001_Service_CreditCard - Iteration 1" classname="Test Cases/Service/CreditCardRegression/TC001_Service_CreditCard" status="PASSED">
         <system-out><![CDATA[2017-11-25 00:23:29 - [TEST_CASE][PASSED] - Test Cases/Service/CreditCardRegression/TC001_Service_CreditCard - Iteration 1: Test Cases/Service/CreditCardRegression/TC001_Service_CreditCard

2017-11-25 00:23:29 - [TEST_STEP][PASSED] - callTestCase: Call Test Case 'Test Cases/Service/BaseTestCases/Base_Service_CreateHeader' successfully

2017-11-25 00:23:29 - [TEST_CASE][PASSED] - Test Cases/Service/BaseTestCases/Base_Service_CreateHeader: Test Cases/Service/BaseTestCases/Base_Service_CreateHeader

2017-11-25 00:23:30 - [TEST_STEP][PASSED] - callTestCase: Call Test Case 'Test Cases/Common/Base_Common_OpenSession' successfully

2017-11-25 00:23:30 - [TEST_CASE][PASSED] - Test Cases/Common/Base_Common_OpenSession: Test Cases/Common/Base_Common_OpenSession

2017-11-25 00:23:30 - [TEST_STEP][PASSED] - openBrowser: Browser is opened with url: 'https://rgajbhiye:Robin$123@proxima-ln4.e-emphasys.com:8441/webui/servlet/login'

2017-11-25 00:23:38 - [MESSAGE][PASSED] - Browser is opened with url: 'https://rgajbhiye:Robin$123@proxima-ln4.e-emphasys.com:8441/webui/servlet/login'

2017-11-25 00:23:38 - [TEST_STEP][PASSED] - waitForPageLoad: Wait for page load successfully

2017-11-25 00:23:38 - [MESSAGE][PASSED] - Wait for page load successfully

2017-11-25 00:23:38 - [TEST_STEP][PASSED] - maximizeWindow: Current window maximized

2017-11-25 00:23:38 - [MESSAGE][PASSED] - Current window maximized

2017-11-25 00:23:38 - [TEST_STEP][PASSED] - click: Object: 'Object Repository/Common/HomePage/HomePage_more' is clicked on

2017-11-25 00:23:40 - [MESSAGE][PASSED] - Object: 'Object Repository/Common/HomePage/HomePage_more' is clicked on

2017-11-25 00:23:40 - [TEST_STEP][PASSED] - click: Object: 'Object Repository/Common/HomePage/HomePage_Option' is clicked on

2017-11-25 00:23:40 - [MESSAGE][PASSED] - Object: 'Object Repository/Common/HomePage/HomePage_Option' is clicked on

2017-11-25 00:23:40 - [TEST_STEP][PASSED] - click: Object: 'Object Repository/Common/HomePage/HomePage_RunProgram_' is clicked on

2017-11-25 00:23:40 - [MESSAGE][PASSED] - Object: 'Object Repository/Common/HomePage/HomePage_RunProgram_' is clicked on

2017-11-25 00:23:40 - [TEST_STEP][PASSED] - sendKeys: Keys 'tssoc2100m001' sent to object: 'Object Repository/Common/HomePage/HomePage_Session_ID'

2017-11-25 00:23:40 - [MESSAGE][PASSED] - Keys 'tssoc2100m001' sent to object: 'Object Repository/Common/HomePage/HomePage_Session_ID'

2017-11-25 00:23:40 - [TEST_STEP][PASSED] - click: Object: 'Object Repository/Common/HomePage/HomePage_OkButton' is clicked on

2017-11-25 00:23:40 - [MESSAGE][PASSED] - Object: 'Object Repository/Common/HomePage/HomePage_OkButton' is clicked on

2017-11-25 00:23:40 - [MESSAGE][PASSED] - Call Test Case 'Test Cases/Common/Base_Common_OpenSession' successfully

2017-11-25 00:23:40 - [TEST_STEP][PASSED] - click: Object: 'Object Repository/Service/ServiceOrder/ServiceOrderHeader/ServiceOrderHeader.Newbutton' is clicked on

2017-11-25 00:23:44 - [MESSAGE][PASSED] - Object: 'Object Repository/Service/ServiceOrder/ServiceOrderHeader/ServiceOrderHeader.Newbutton' is clicked on

2017-11-25 00:23:44 - [TEST_STEP][PASSED] - delay: Delayed 3 second(s)

2017-11-25 00:23:47 - [MESSAGE][PASSED] - Delayed 3 second(s)

2017-11-25 00:23:47 - [TEST_STEP][PASSED] - setText: Text 'M00000182' is set on object 'Object Repository/Service/ServiceOrder/ServiceOrderHeader/ServiceOrderHeader.Customer'

2017-11-25 00:23:47 - [MESSAGE][PASSED] - Text 'M00000182' is set on object 'Object Repository/Service/ServiceOrder/ServiceOrderHeader/ServiceOrderHeader.Customer'

2017-11-25 00:23:47 - [TEST_STEP][PASSED] - sendKeys: Keys 'TAB + ' sent to object: 'Object Repository/Service/ServiceOrder/ServiceOrderHeader/ServiceOrderHeader.Customer'

2017-11-25 00:23:47 - [MESSAGE][PASSED] - Keys 'TAB + ' sent to object: 'Object Repository/Service/ServiceOrder/ServiceOrderHeader/ServiceOrderHeader.Customer'

2017-11-25 00:23:47 - [TEST_STEP][PASSED] - delay: Delayed 3 second(s)

2017-11-25 00:23:50 - [MESSAGE][PASSED] - Delayed 3 second(s)

2017-11-25 00:23:50 - [TEST_STEP][PASSED] - setText: Text 'MD0007993' is set on object 'Object Repository/Service/ServiceOrder/ServiceOrderHeader/ServiceOrderHeader.Unit'

2017-11-25 00:23:50 - [MESSAGE][PASSED] - Text 'MD0007993' is set on object 'Object Repository/Service/ServiceOrder/ServiceOrderHeader/ServiceOrderHeader.Unit'

2017-11-25 00:23:50 - [TEST_STEP][PASSED] - click: Object: 'Object Repository/Service/ServiceOrder/ServiceOrderHeader/ServiceOrderHeader.Save' is clicked on

2017-11-25 00:23:50 - [MESSAGE][PASSED] - Object: 'Object Repository/Service/ServiceOrder/ServiceOrderHeader/ServiceOrderHeader.Save' is clicked on

2017-11-25 00:23:50 - [TEST_STEP][PASSED] - click: Object: 'Object Repository/Service/ServiceOrder/ServiceOrderHeader/ServiceOrderHeader.Warning' is clicked on

2017-11-25 00:23:56 - [MESSAGE][PASSED] - Object: 'Object Repository/Service/ServiceOrder/ServiceOrderHeader/ServiceOrderHeader.Warning' is clicked on

2017-11-25 00:23:56 - [TEST_STEP][PASSED] - delay: Delayed 3 second(s)

2017-11-25 00:23:59 - [MESSAGE][PASSED] - Delayed 3 second(s)

2017-11-25 00:23:59 - [TEST_STEP][PASSED] - click: Object: 'Object Repository/Service/ServiceOrder/ServiceOrderHeader/ServiceOrderHeader.PaymentMode' is clicked on

2017-11-25 00:24:00 - [MESSAGE][PASSED] - Object: 'Object Repository/Service/ServiceOrder/ServiceOrderHeader/ServiceOrderHeader.PaymentMode' is clicked on

2017-11-25 00:24:00 - [TEST_STEP][PASSED] - click: Object: 'Object Repository/Service/ServiceOrder/ServiceOrderHeader/ServiceOrderHeader.CreditCardoption' is clicked on

2017-11-25 00:24:00 - [MESSAGE][PASSED] - Object: 'Object Repository/Service/ServiceOrder/ServiceOrderHeader/ServiceOrderHeader.CreditCardoption' is clicked on

2017-11-25 00:24:00 - [TEST_STEP][PASSED] - delay: Delayed 5 second(s)

2017-11-25 00:24:05 - [MESSAGE][PASSED] - Delayed 5 second(s)

2017-11-25 00:24:05 - [TEST_STEP][NOT_RUN] - setText: NOT_RUN: setText

2017-11-25 00:24:05 - [MESSAGE][NOT_RUN] - NOT_RUN: setText

2017-11-25 00:24:05 - [TEST_STEP][PASSED] - click: Object: 'Object Repository/Service/ServiceOrder/ServiceOrderHeader/ServiceOrderHeader.Save' is clicked on

2017-11-25 00:24:05 - [MESSAGE][PASSED] - Object: 'Object Repository/Service/ServiceOrder/ServiceOrderHeader/ServiceOrderHeader.Save' is clicked on

2017-11-25 00:24:05 - [TEST_STEP][PASSED] - delay: Delayed 5 second(s)

2017-11-25 00:24:10 - [MESSAGE][PASSED] - Delayed 5 second(s)

2017-11-25 00:24:10 - [TEST_STEP][PASSED] - Statement - SWOOrderNo = com.kms.katalon.core.webui.keyword.WebUiBuiltInKeywords.getAttribute(com.kms.katalon.core.testobject.ObjectRepository.findTestObject(Service/ServiceOrder/ServiceOrderHeader/ServiceOrderHeader.OrderNo), "value"): Attribute 'value' of object 'Object Repository/Service/ServiceOrder/ServiceOrderHeader/ServiceOrderHeader.OrderNo' is: 'SWO119873'

2017-11-25 00:24:10 - [MESSAGE][PASSED] - Attribute 'value' of object 'Object Repository/Service/ServiceOrder/ServiceOrderHeader/ServiceOrderHeader.OrderNo' is: 'SWO119873'

2017-11-25 00:24:10 - [TEST_STEP][PASSED] - verifyNotEqual: Actual object 'SWO119873' and expected object '' are not equal

2017-11-25 00:24:10 - [MESSAGE][PASSED] - Actual object 'SWO119873' and expected object '' are not equal

2017-11-25 00:24:10 - [TEST_STEP][PASSED] - delay: Delayed 5 second(s)

2017-11-25 00:24:15 - [MESSAGE][PASSED] - Delayed 5 second(s)

2017-11-25 00:24:15 - [TEST_STEP][PASSED] - click: Object: 'Object Repository/Service/ServiceOrder/ServiceOrderHeader/ServiceOrderHeader.Actions' is clicked on

2017-11-25 00:24:15 - [MESSAGE][PASSED] - Object: 'Object Repository/Service/ServiceOrder/ServiceOrderHeader/ServiceOrderHeader.Actions' is clicked on

2017-11-25 00:24:15 - [TEST_STEP][PASSED] - delay: Delayed 3 second(s)

2017-11-25 00:24:18 - [MESSAGE][PASSED] - Delayed 3 second(s)

2017-11-25 00:24:18 - [TEST_STEP][PASSED] - click: Object: 'Object Repository/Service/ServiceOrder/ServiceOrderHeader/ServiceOrderHeader.Segments' is clicked on

2017-11-25 00:24:18 - [MESSAGE][PASSED] - Object: 'Object Repository/Service/ServiceOrder/ServiceOrderHeader/ServiceOrderHeader.Segments' is clicked on

2017-11-25 00:24:18 - [TEST_STEP][PASSED] - delay: Delayed 3 second(s)

2017-11-25 00:24:21 - [MESSAGE][PASSED] - Delayed 3 second(s)

2017-11-25 00:24:21 - [MESSAGE][PASSED] - Call Test Case 'Test Cases/Service/BaseTestCases/Base_Service_CreateHeader' successfully

2017-11-25 00:24:21 - [TEST_STEP][PASSED] - callTestCase: Call Test Case 'Test Cases/Service/BaseTestCases/Base_Service_AddSegment' successfully

2017-11-25 00:24:21 - [TEST_CASE][PASSED] - Test Cases/Service/BaseTestCases/Base_Service_AddSegment: Test Cases/Service/BaseTestCases/Base_Service_AddSegment

2017-11-25 00:24:22 - [TEST_STEP][PASSED] - click: Object: 'Object Repository/Service/ServiceOrder/ServiceOrderSegment/ServiceOrderSegment.ServiceType' is clicked on

2017-11-25 00:24:22 - [MESSAGE][PASSED] - Object: 'Object Repository/Service/ServiceOrder/ServiceOrderSegment/ServiceOrderSegment.ServiceType' is clicked on

2017-11-25 00:24:22 - [TEST_STEP][PASSED] - setText: Text 'ABC' is set on object 'Object Repository/Service/ServiceOrder/ServiceOrderSegment/ServiceOrderSegment.ServiceType'

2017-11-25 00:24:22 - [MESSAGE][PASSED] - Text 'ABC' is set on object 'Object Repository/Service/ServiceOrder/ServiceOrderSegment/ServiceOrderSegment.ServiceType'

2017-11-25 00:24:22 - [TEST_STEP][NOT_RUN] - sendKeys: NOT_RUN: sendKeys

2017-11-25 00:24:22 - [MESSAGE][NOT_RUN] - NOT_RUN: sendKeys

2017-11-25 00:24:22 - [TEST_STEP][PASSED] - delay: Delayed 3 second(s)

2017-11-25 00:24:25 - [MESSAGE][PASSED] - Delayed 3 second(s)

2017-11-25 00:24:25 - [TEST_STEP][PASSED] - click: Object: 'Object Repository/Service/ServiceOrder/ServiceOrderSegment/ServiceOrderSegment.Save' is clicked on

2017-11-25 00:24:26 - [MESSAGE][PASSED] - Object: 'Object Repository/Service/ServiceOrder/ServiceOrderSegment/ServiceOrderSegment.Save' is clicked on

2017-11-25 00:24:26 - [TEST_STEP][PASSED] - delay: Delayed 10 second(s)

2017-11-25 00:24:36 - [MESSAGE][PASSED] - Delayed 10 second(s)

2017-11-25 00:24:36 - [TEST_STEP][PASSED] - click: Object: 'Object Repository/Service/ServiceOrder/ServiceOrderSegment/ServiceOrderSegment.Action' is clicked on

2017-11-25 00:24:36 - [MESSAGE][PASSED] - Object: 'Object Repository/Service/ServiceOrder/ServiceOrderSegment/ServiceOrderSegment.Action' is clicked on

2017-11-25 00:24:36 - [TEST_STEP][PASSED] - delay: Delayed 2 second(s)

2017-11-25 00:24:38 - [MESSAGE][PASSED] - Delayed 2 second(s)

2017-11-25 00:24:38 - [TEST_STEP][PASSED] - click: Object: 'Object Repository/Service/ServiceOrder/ServiceOrderSegment/ServiceOrderSegment.Release' is clicked on

2017-11-25 00:24:38 - [MESSAGE][PASSED] - Object: 'Object Repository/Service/ServiceOrder/ServiceOrderSegment/ServiceOrderSegment.Release' is clicked on

2017-11-25 00:24:38 - [TEST_STEP][PASSED] - delay: Delayed 5 second(s)

2017-11-25 00:24:43 - [MESSAGE][PASSED] - Delayed 5 second(s)

2017-11-25 00:24:43 - [TEST_STEP][NOT_RUN] - click: NOT_RUN: click

2017-11-25 00:24:43 - [MESSAGE][NOT_RUN] - NOT_RUN: click

2017-11-25 00:24:43 - [TEST_STEP][NOT_RUN] - click: NOT_RUN: click

2017-11-25 00:24:43 - [MESSAGE][NOT_RUN] - NOT_RUN: click

2017-11-25 00:24:43 - [TEST_STEP][NOT_RUN] - delay: NOT_RUN: delay

2017-11-25 00:24:43 - [MESSAGE][NOT_RUN] - NOT_RUN: delay

2017-11-25 00:24:43 - [TEST_STEP][NOT_RUN] - setText: NOT_RUN: setText

2017-11-25 00:24:43 - [MESSAGE][NOT_RUN] - NOT_RUN: setText

2017-11-25 00:24:43 - [TEST_STEP][NOT_RUN] - sendKeys: NOT_RUN: sendKeys

2017-11-25 00:24:43 - [MESSAGE][NOT_RUN] - NOT_RUN: sendKeys

2017-11-25 00:24:43 - [TEST_STEP][NOT_RUN] - delay: NOT_RUN: delay

2017-11-25 00:24:43 - [MESSAGE][NOT_RUN] - NOT_RUN: delay

2017-11-25 00:24:43 - [TEST_STEP][NOT_RUN] - click: NOT_RUN: click

2017-11-25 00:24:43 - [MESSAGE][NOT_RUN] - NOT_RUN: click

2017-11-25 00:24:43 - [TEST_STEP][NOT_RUN] - delay: NOT_RUN: delay

2017-11-25 00:24:43 - [MESSAGE][NOT_RUN] - NOT_RUN: delay

2017-11-25 00:24:43 - [TEST_STEP][PASSED] - click: Object: 'Object Repository/Service/ServiceOrder/ServiceOrderSegment/ServiceOrderSegment.Action' is clicked on

2017-11-25 00:24:43 - [MESSAGE][PASSED] - Object: 'Object Repository/Service/ServiceOrder/ServiceOrderSegment/ServiceOrderSegment.Action' is clicked on

2017-11-25 00:24:43 - [TEST_STEP][PASSED] - delay: Delayed 3 second(s)

2017-11-25 00:24:46 - [MESSAGE][PASSED] - Delayed 3 second(s)

2017-11-25 00:24:46 - [MESSAGE][PASSED] - Call Test Case 'Test Cases/Service/BaseTestCases/Base_Service_AddSegment' successfully

2017-11-25 00:24:46 - [TEST_STEP][PASSED] - callTestCase: Call Test Case 'Test Cases/Service/BaseTestCases/Base_Service_Add Others' successfully

2017-11-25 00:24:46 - [TEST_CASE][PASSED] - Test Cases/Service/BaseTestCases/Base_Service_Add Others: Test Cases/Service/BaseTestCases/Base_Service_Add Others

2017-11-25 00:24:47 - [TEST_STEP][PASSED] - click: Object: 'Object Repository/Service/ServiceOrder/ServiceOrderSegment/ServiceOrderSegment.Others' is clicked on

2017-11-25 00:24:47 - [MESSAGE][PASSED] - Object: 'Object Repository/Service/ServiceOrder/ServiceOrderSegment/ServiceOrderSegment.Others' is clicked on

2017-11-25 00:24:47 - [TEST_STEP][PASSED] - delay: Delayed 10 second(s)

2017-11-25 00:24:57 - [MESSAGE][PASSED] - Delayed 10 second(s)

2017-11-25 00:24:57 - [TEST_STEP][PASSED] - click: Object: 'Object Repository/Service/ServiceOrder/ServiceOrderSegment/ServiceOrderSegment.OthersNew' is clicked on

2017-11-25 00:24:57 - [MESSAGE][PASSED] - Object: 'Object Repository/Service/ServiceOrder/ServiceOrderSegment/ServiceOrderSegment.OthersNew' is clicked on

2017-11-25 00:24:57 - [TEST_STEP][PASSED] - delay: Delayed 5 second(s)

2017-11-25 00:25:02 - [MESSAGE][PASSED] - Delayed 5 second(s)

2017-11-25 00:25:02 - [TEST_STEP][PASSED] - click: Object: 'Object Repository/Service/ServiceOrder/ServiceOrderSegment/ServiceOrderSegment.OthersCostComp' is clicked on

2017-11-25 00:25:02 - [MESSAGE][PASSED] - Object: 'Object Repository/Service/ServiceOrder/ServiceOrderSegment/ServiceOrderSegment.OthersCostComp' is clicked on

2017-11-25 00:25:02 - [TEST_STEP][PASSED] - delay: Delayed 2 second(s)

2017-11-25 00:25:04 - [MESSAGE][PASSED] - Delayed 2 second(s)

2017-11-25 00:25:04 - [TEST_STEP][PASSED] - setText: Text 'APP' is set on object 'Object Repository/Service/ServiceOrder/ServiceOrderSegment/ServiceOrderSegment.OthersCostComp'

2017-11-25 00:25:04 - [MESSAGE][PASSED] - Text 'APP' is set on object 'Object Repository/Service/ServiceOrder/ServiceOrderSegment/ServiceOrderSegment.OthersCostComp'

2017-11-25 00:25:04 - [TEST_STEP][PASSED] - delay: Delayed 5 second(s)

2017-11-25 00:25:09 - [MESSAGE][PASSED] - Delayed 5 second(s)

2017-11-25 00:25:09 - [TEST_STEP][PASSED] - scrollToElement: Scroll to object 'Object Repository/Service/ServiceOrder/ServiceOrderSegment/ServiceOrderSegment.Actual Qty' successfully

2017-11-25 00:25:09 - [MESSAGE][PASSED] - Scroll to object 'Object Repository/Service/ServiceOrder/ServiceOrderSegment/ServiceOrderSegment.Actual Qty' successfully

2017-11-25 00:25:09 - [TEST_STEP][PASSED] - click: Object: 'Object Repository/Service/ServiceOrder/ServiceOrderSegment/ServiceOrderSegment.Actual Qty' is clicked on

2017-11-25 00:25:10 - [MESSAGE][PASSED] - Object: 'Object Repository/Service/ServiceOrder/ServiceOrderSegment/ServiceOrderSegment.Actual Qty' is clicked on

2017-11-25 00:25:10 - [TEST_STEP][PASSED] - delay: Delayed 2 second(s)

2017-11-25 00:25:12 - [MESSAGE][PASSED] - Delayed 2 second(s)

2017-11-25 00:25:12 - [TEST_STEP][PASSED] - sendKeys: Keys '2' sent to object: 'Object Repository/Service/ServiceOrder/ServiceOrderSegment/ServiceOrderSegment.Actual Qty'

2017-11-25 00:25:12 - [MESSAGE][PASSED] - Keys '2' sent to object: 'Object Repository/Service/ServiceOrder/ServiceOrderSegment/ServiceOrderSegment.Actual Qty'

2017-11-25 00:25:12 - [TEST_STEP][PASSED] - delay: Delayed 5 second(s)

2017-11-25 00:25:17 - [MESSAGE][PASSED] - Delayed 5 second(s)

2017-11-25 00:25:17 - [TEST_STEP][NOT_RUN] - click: NOT_RUN: click

2017-11-25 00:25:17 - [MESSAGE][NOT_RUN] - NOT_RUN: click

2017-11-25 00:25:17 - [TEST_STEP][PASSED] - click: Object: 'Object Repository/Service/ServiceOrder/ServiceOrderSegment/ServiceOrderSegmentOthers.SaveClose' is clicked on

2017-11-25 00:25:17 - [MESSAGE][PASSED] - Object: 'Object Repository/Service/ServiceOrder/ServiceOrderSegment/ServiceOrderSegmentOthers.SaveClose' is clicked on

2017-11-25 00:25:17 - [TEST_STEP][PASSED] - delay: Delayed 5 second(s)

2017-11-25 00:25:22 - [MESSAGE][PASSED] - Delayed 5 second(s)

2017-11-25 00:25:22 - [TEST_STEP][PASSED] - click: Object: 'Object Repository/Service/ServiceOrder/ServiceOrderSegment/ServiceOrderSegment.SaveClose' is clicked on

2017-11-25 00:25:22 - [MESSAGE][PASSED] - Object: 'Object Repository/Service/ServiceOrder/ServiceOrderSegment/ServiceOrderSegment.SaveClose' is clicked on

2017-11-25 00:25:22 - [MESSAGE][PASSED] - Call Test Case 'Test Cases/Service/BaseTestCases/Base_Service_Add Others' successfully

2017-11-25 00:25:22 - [TEST_STEP][PASSED] - callTestCase: Call Test Case 'Test Cases/Service/BaseTestCases/Base_Service_HeaderInvoice' successfully

2017-11-25 00:25:22 - [TEST_CASE][PASSED] - Test Cases/Service/BaseTestCases/Base_Service_HeaderInvoice: Test Cases/Service/BaseTestCases/Base_Service_HeaderInvoice

2017-11-25 00:25:22 - [TEST_STEP][PASSED] - delay: Delayed 5 second(s)

2017-11-25 00:25:27 - [MESSAGE][PASSED] - Delayed 5 second(s)

2017-11-25 00:25:27 - [TEST_STEP][PASSED] - click: Object: 'Object Repository/Service/ServiceOrder/ServiceOrderHeader/ServiceOrderHeader.Actions' is clicked on

2017-11-25 00:25:28 - [MESSAGE][PASSED] - Object: 'Object Repository/Service/ServiceOrder/ServiceOrderHeader/ServiceOrderHeader.Actions' is clicked on

2017-11-25 00:25:28 - [TEST_STEP][PASSED] - delay: Delayed 3 second(s)

2017-11-25 00:25:31 - [MESSAGE][PASSED] - Delayed 3 second(s)

2017-11-25 00:25:31 - [TEST_STEP][PASSED] - click: Object: 'Object Repository/Service/ServiceOrder/ServiceOrderHeader/ServiceOrderHeader.Costing' is clicked on

2017-11-25 00:25:31 - [MESSAGE][PASSED] - Object: 'Object Repository/Service/ServiceOrder/ServiceOrderHeader/ServiceOrderHeader.Costing' is clicked on

2017-11-25 00:25:31 - [TEST_STEP][PASSED] - delay: Delayed 5 second(s)

2017-11-25 00:25:36 - [MESSAGE][PASSED] - Delayed 5 second(s)

2017-11-25 00:25:36 - [TEST_STEP][PASSED] - click: Object: 'Object Repository/Service/ServiceOrder/ServiceOrderHeader/ServiceOrderHeader.RepriceWarning' is clicked on

2017-11-25 00:25:36 - [MESSAGE][PASSED] - Object: 'Object Repository/Service/ServiceOrder/ServiceOrderHeader/ServiceOrderHeader.RepriceWarning' is clicked on

2017-11-25 00:25:36 - [TEST_STEP][PASSED] - delay: Delayed 3 second(s)

2017-11-25 00:25:39 - [MESSAGE][PASSED] - Delayed 3 second(s)

2017-11-25 00:25:39 - [TEST_STEP][PASSED] - click: Object: 'Object Repository/Service/ServiceOrder/ServiceOrderHeader/ServiceOrderHeader.CostingProcessCont' is clicked on

2017-11-25 00:25:39 - [MESSAGE][PASSED] - Object: 'Object Repository/Service/ServiceOrder/ServiceOrderHeader/ServiceOrderHeader.CostingProcessCont' is clicked on

2017-11-25 00:25:39 - [TEST_STEP][PASSED] - delay: Delayed 3 second(s)

2017-11-25 00:25:42 - [MESSAGE][PASSED] - Delayed 3 second(s)

2017-11-25 00:25:42 - [TEST_STEP][PASSED] - click: Object: 'Object Repository/Service/ServiceOrder/ServiceOrderHeader/ServiceOrderHeader.InvoiceCont' is clicked on

2017-11-25 00:25:42 - [MESSAGE][PASSED] - Object: 'Object Repository/Service/ServiceOrder/ServiceOrderHeader/ServiceOrderHeader.InvoiceCont' is clicked on

2017-11-25 00:25:42 - [TEST_STEP][PASSED] - delay: Delayed 5 second(s)

2017-11-25 00:25:47 - [MESSAGE][PASSED] - Delayed 5 second(s)

2017-11-25 00:25:47 - [TEST_STEP][NOT_RUN] - waitForElementPresent: NOT_RUN: waitForElementPresent

2017-11-25 00:25:47 - [MESSAGE][NOT_RUN] - NOT_RUN: waitForElementPresent

2017-11-25 00:25:47 - [TEST_STEP][NOT_RUN] - doubleClick: NOT_RUN: doubleClick

2017-11-25 00:25:47 - [MESSAGE][NOT_RUN] - NOT_RUN: doubleClick

2017-11-25 00:25:47 - [TEST_STEP][NOT_RUN] - delay: NOT_RUN: delay

2017-11-25 00:25:47 - [MESSAGE][NOT_RUN] - NOT_RUN: delay

2017-11-25 00:25:47 - [TEST_STEP][NOT_RUN] - click: NOT_RUN: click

2017-11-25 00:25:47 - [MESSAGE][NOT_RUN] - NOT_RUN: click

2017-11-25 00:25:47 - [TEST_STEP][PASSED] - delay: Delayed 2 second(s)

2017-11-25 00:25:49 - [MESSAGE][PASSED] - Delayed 2 second(s)

2017-11-25 00:25:49 - [TEST_STEP][PASSED] - setText: Text 'PUBL' is set on object 'Object Repository/Service/ServiceOrder/ServiceCreditCard/ServiceCreditCard.PaymentGateway'

2017-11-25 00:25:50 - [MESSAGE][PASSED] - Text 'PUBL' is set on object 'Object Repository/Service/ServiceOrder/ServiceCreditCard/ServiceCreditCard.PaymentGateway'

2017-11-25 00:25:50 - [TEST_STEP][NOT_RUN] - sendKeys: NOT_RUN: sendKeys

2017-11-25 00:25:50 - [MESSAGE][NOT_RUN] - NOT_RUN: sendKeys

2017-11-25 00:25:50 - [TEST_STEP][PASSED] - doubleClick: Object: 'Object Repository/Service/ServiceOrder/ServiceCreditCard/ServiceCreditCard.CardType' is double clicked on

2017-11-25 00:25:50 - [MESSAGE][PASSED] - Object: 'Object Repository/Service/ServiceOrder/ServiceCreditCard/ServiceCreditCard.CardType' is double clicked on

2017-11-25 00:25:50 - [TEST_STEP][PASSED] - setText: Text 'Visa Card' is set on object 'Object Repository/Service/ServiceOrder/ServiceCreditCard/ServiceCreditCard.CardType'

2017-11-25 00:25:50 - [MESSAGE][PASSED] - Text 'Visa Card' is set on object 'Object Repository/Service/ServiceOrder/ServiceCreditCard/ServiceCreditCard.CardType'

2017-11-25 00:25:50 - [TEST_STEP][PASSED] - delay: Delayed 2 second(s)

2017-11-25 00:25:52 - [MESSAGE][PASSED] - Delayed 2 second(s)

2017-11-25 00:25:52 - [TEST_STEP][PASSED] - doubleClick: Object: 'Object Repository/Service/ServiceOrder/ServiceCreditCard/ServiceCreditCard.Enter CC No' is double clicked on

2017-11-25 00:25:52 - [MESSAGE][PASSED] - Object: 'Object Repository/Service/ServiceOrder/ServiceCreditCard/ServiceCreditCard.Enter CC No' is double clicked on

2017-11-25 00:25:52 - [TEST_STEP][PASSED] - sendKeys: Keys '4012000033330026' sent to object: 'Object Repository/Service/ServiceOrder/ServiceCreditCard/ServiceCreditCard.Enter CC No'

2017-11-25 00:25:52 - [MESSAGE][PASSED] - Keys '4012000033330026' sent to object: 'Object Repository/Service/ServiceOrder/ServiceCreditCard/ServiceCreditCard.Enter CC No'

2017-11-25 00:25:52 - [TEST_STEP][PASSED] - delay: Delayed 2 second(s)

2017-11-25 00:25:54 - [MESSAGE][PASSED] - Delayed 2 second(s)

2017-11-25 00:25:54 - [TEST_STEP][PASSED] - click: Object: 'Object Repository/Service/ServiceOrder/ServiceCreditCard/ServiceCreditCard.CVV2' is clicked on

2017-11-25 00:25:54 - [MESSAGE][PASSED] - Object: 'Object Repository/Service/ServiceOrder/ServiceCreditCard/ServiceCreditCard.CVV2' is clicked on

2017-11-25 00:25:54 - [TEST_STEP][PASSED] - sendKeys: Keys '865' sent to object: 'Object Repository/Service/ServiceOrder/ServiceCreditCard/ServiceCreditCard.CVV2'

2017-11-25 00:25:55 - [MESSAGE][PASSED] - Keys '865' sent to object: 'Object Repository/Service/ServiceOrder/ServiceCreditCard/ServiceCreditCard.CVV2'

2017-11-25 00:25:55 - [TEST_STEP][NOT_RUN] - sendKeys: NOT_RUN: sendKeys

2017-11-25 00:25:55 - [MESSAGE][NOT_RUN] - NOT_RUN: sendKeys

2017-11-25 00:25:55 - [TEST_STEP][NOT_RUN] - delay: NOT_RUN: delay

2017-11-25 00:25:55 - [MESSAGE][NOT_RUN] - NOT_RUN: delay

2017-11-25 00:25:55 - [TEST_STEP][PASSED] - delay: Delayed 3 second(s)

2017-11-25 00:25:58 - [MESSAGE][PASSED] - Delayed 3 second(s)

2017-11-25 00:25:58 - [TEST_STEP][PASSED] - setText: Text '09' is set on object 'Object Repository/Service/ServiceOrder/ServiceCreditCard/ServiceCreditCard.ExpiryMonth'

2017-11-25 00:25:58 - [MESSAGE][PASSED] - Text '09' is set on object 'Object Repository/Service/ServiceOrder/ServiceCreditCard/ServiceCreditCard.ExpiryMonth'

2017-11-25 00:25:58 - [TEST_STEP][PASSED] - setText: Text '99' is set on object 'Object Repository/Service/ServiceOrder/ServiceCreditCard/ServiceCreditCard.ExpiryYear'

2017-11-25 00:25:58 - [MESSAGE][PASSED] - Text '99' is set on object 'Object Repository/Service/ServiceOrder/ServiceCreditCard/ServiceCreditCard.ExpiryYear'

2017-11-25 00:25:58 - [TEST_STEP][PASSED] - click: Object: 'Object Repository/Service/ServiceOrder/ServiceCreditCard/ServiceCreditCard.Process' is clicked on

2017-11-25 00:25:58 - [MESSAGE][PASSED] - Object: 'Object Repository/Service/ServiceOrder/ServiceCreditCard/ServiceCreditCard.Process' is clicked on

2017-11-25 00:25:58 - [TEST_STEP][PASSED] - delay: Delayed 13 second(s)

2017-11-25 00:26:11 - [MESSAGE][PASSED] - Delayed 13 second(s)

2017-11-25 00:26:11 - [TEST_STEP][PASSED] - click: Object: 'Object Repository/Service/ServiceOrder/ServiceCreditCard/ServiceCreditCard.PrintOK' is clicked on

2017-11-25 00:26:11 - [MESSAGE][PASSED] - Object: 'Object Repository/Service/ServiceOrder/ServiceCreditCard/ServiceCreditCard.PrintOK' is clicked on

2017-11-25 00:26:11 - [TEST_STEP][PASSED] - delay: Delayed 10 second(s)

2017-11-25 00:26:21 - [MESSAGE][PASSED] - Delayed 10 second(s)

2017-11-25 00:26:21 - [TEST_STEP][PASSED] - click: Object: 'Object Repository/Service/ServiceOrder/ServiceCreditCard/ServiceCreditCard.PrintDevice' is clicked on

2017-11-25 00:26:21 - [MESSAGE][PASSED] - Object: 'Object Repository/Service/ServiceOrder/ServiceCreditCard/ServiceCreditCard.PrintDevice' is clicked on

2017-11-25 00:26:21 - [TEST_STEP][PASSED] - delay: Delayed 5 second(s)

2017-11-25 00:26:26 - [MESSAGE][PASSED] - Delayed 5 second(s)

2017-11-25 00:26:26 - [MESSAGE][PASSED] - Call Test Case 'Test Cases/Service/BaseTestCases/Base_Service_HeaderInvoice' successfully

2017-11-25 00:26:26 - [TEST_STEP][PASSED] - callTestCase: Call Test Case 'Test Cases/Service/BaseTestCases/Base_Service_GetInvoice' successfully

2017-11-25 00:26:26 - [TEST_CASE][PASSED] - Test Cases/Service/BaseTestCases/Base_Service_GetInvoice: Test Cases/Service/BaseTestCases/Base_Service_GetInvoice

2017-11-25 00:26:27 - [TEST_STEP][PASSED] - delay: Delayed 3 second(s)

2017-11-25 00:26:30 - [MESSAGE][PASSED] - Delayed 3 second(s)

2017-11-25 00:26:30 - [TEST_STEP][PASSED] - click: Object: 'Object Repository/Service/ServiceOrder/VerifyServiceOrderInvoice/ServiceorderHeader.HeaderSession' is clicked on

2017-11-25 00:26:30 - [MESSAGE][PASSED] - Object: 'Object Repository/Service/ServiceOrder/VerifyServiceOrderInvoice/ServiceorderHeader.HeaderSession' is clicked on

2017-11-25 00:26:30 - [TEST_STEP][PASSED] - click: Object: 'Object Repository/Service/ServiceOrder/VerifyServiceOrderInvoice/ServiceOrderHeader.InvoiceButton' is clicked on

2017-11-25 00:26:30 - [MESSAGE][PASSED] - Object: 'Object Repository/Service/ServiceOrder/VerifyServiceOrderInvoice/ServiceOrderHeader.InvoiceButton' is clicked on

2017-11-25 00:26:30 - [TEST_STEP][PASSED] - delay: Delayed 3 second(s)

2017-11-25 00:26:33 - [MESSAGE][PASSED] - Delayed 3 second(s)

2017-11-25 00:26:33 - [TEST_STEP][PASSED] - Statement - G_InvoiceTnxType = com.kms.katalon.core.webui.keyword.WebUiBuiltInKeywords.getText(com.kms.katalon.core.testobject.ObjectRepository.findTestObject(Service/ServiceOrder/VerifyServiceOrderInvoice/ServiceOrderHeader.Invoice1)): Text of object 'Object Repository/Service/ServiceOrder/VerifyServiceOrderInvoice/ServiceOrderHeader.Invoice1' is: 'SIS'

2017-11-25 00:26:33 - [MESSAGE][PASSED] - Text of object 'Object Repository/Service/ServiceOrder/VerifyServiceOrderInvoice/ServiceOrderHeader.Invoice1' is: 'SIS'

2017-11-25 00:26:33 - [TEST_STEP][PASSED] - Statement - G_InvoiceTnxNo = com.kms.katalon.core.webui.keyword.WebUiBuiltInKeywords.getText(com.kms.katalon.core.testobject.ObjectRepository.findTestObject(Service/ServiceOrder/VerifyServiceOrderInvoice/ServiceOrderHeader.Invoice2)): Text of object 'Object Repository/Service/ServiceOrder/VerifyServiceOrderInvoice/ServiceOrderHeader.Invoice2' is: '10006799'

2017-11-25 00:26:33 - [MESSAGE][PASSED] - Text of object 'Object Repository/Service/ServiceOrder/VerifyServiceOrderInvoice/ServiceOrderHeader.Invoice2' is: '10006799'

2017-11-25 00:26:33 - [TEST_STEP][PASSED] - Statement - G_InvoiceAmt = com.kms.katalon.core.webui.keyword.WebUiBuiltInKeywords.getText(com.kms.katalon.core.testobject.ObjectRepository.findTestObject(Service/ServiceOrder/VerifyServiceOrderInvoice/ServiceOrderHeader.InvoiceAmountHD)): Text of object 'Object Repository/Service/ServiceOrder/VerifyServiceOrderInvoice/ServiceOrderHeader.InvoiceAmountHD' is: '14.00'

2017-11-25 00:26:33 - [MESSAGE][PASSED] - Text of object 'Object Repository/Service/ServiceOrder/VerifyServiceOrderInvoice/ServiceOrderHeader.InvoiceAmountHD' is: '14.00'

2017-11-25 00:26:33 - [MESSAGE][PASSED] - Call Test Case 'Test Cases/Service/BaseTestCases/Base_Service_GetInvoice' successfully

2017-11-25 00:26:33 - [TEST_STEP][PASSED] - callTestCase: Call Test Case 'Test Cases/Finance/BaseTestCases/Base_Finance_CheckOpenEntriesForCCInvoice1' successfully

2017-11-25 00:26:33 - [TEST_CASE][PASSED] - Test Cases/Finance/BaseTestCases/Base_Finance_CheckOpenEntriesForCCInvoice1: Test Cases/Finance/BaseTestCases/Base_Finance_CheckOpenEntriesForCCInvoice1

2017-11-25 00:26:34 - [TEST_STEP][PASSED] - callTestCase: Call Test Case 'Test Cases/Common/Base_Common_OpenSession' successfully

2017-11-25 00:26:34 - [TEST_CASE][PASSED] - Test Cases/Common/Base_Common_OpenSession: Test Cases/Common/Base_Common_OpenSession

2017-11-25 00:26:34 - [TEST_STEP][PASSED] - openBrowser: Browser is opened with url: 'https://rgajbhiye:Robin$123@proxima-ln4.e-emphasys.com:8441/webui/servlet/login'

2017-11-25 00:26:34 - [MESSAGE][WARNING] - A browser is already opened. Closing browser and opening a new one

2017-11-25 00:26:39 - [MESSAGE][PASSED] - Browser is opened with url: 'https://rgajbhiye:Robin$123@proxima-ln4.e-emphasys.com:8441/webui/servlet/login'

2017-11-25 00:26:39 - [TEST_STEP][PASSED] - waitForPageLoad: Wait for page load successfully

2017-11-25 00:26:39 - [MESSAGE][PASSED] - Wait for page load successfully

2017-11-25 00:26:39 - [TEST_STEP][PASSED] - maximizeWindow: Current window maximized

2017-11-25 00:26:39 - [MESSAGE][PASSED] - Current window maximized

2017-11-25 00:26:39 - [TEST_STEP][PASSED] - click: Object: 'Object Repository/Common/HomePage/HomePage_more' is clicked on

2017-11-25 00:26:41 - [MESSAGE][PASSED] - Object: 'Object Repository/Common/HomePage/HomePage_more' is clicked on

2017-11-25 00:26:41 - [TEST_STEP][PASSED] - click: Object: 'Object Repository/Common/HomePage/HomePage_Option' is clicked on

2017-11-25 00:26:42 - [MESSAGE][PASSED] - Object: 'Object Repository/Common/HomePage/HomePage_Option' is clicked on

2017-11-25 00:26:42 - [TEST_STEP][PASSED] - click: Object: 'Object Repository/Common/HomePage/HomePage_RunProgram_' is clicked on

2017-11-25 00:26:42 - [MESSAGE][PASSED] - Object: 'Object Repository/Common/HomePage/HomePage_RunProgram_' is clicked on

2017-11-25 00:26:42 - [TEST_STEP][PASSED] - sendKeys: Keys 'tfacr2520m000' sent to object: 'Object Repository/Common/HomePage/HomePage_Session_ID'

2017-11-25 00:26:42 - [MESSAGE][PASSED] - Keys 'tfacr2520m000' sent to object: 'Object Repository/Common/HomePage/HomePage_Session_ID'

2017-11-25 00:26:42 - [TEST_STEP][PASSED] - click: Object: 'Object Repository/Common/HomePage/HomePage_OkButton' is clicked on

2017-11-25 00:26:42 - [MESSAGE][PASSED] - Object: 'Object Repository/Common/HomePage/HomePage_OkButton' is clicked on

2017-11-25 00:26:42 - [MESSAGE][PASSED] - Call Test Case 'Test Cases/Common/Base_Common_OpenSession' successfully

2017-11-25 00:26:42 - [TEST_STEP][PASSED] - click: Object: 'Object Repository/Finance/BaseTestCases_OpenEntries_Service/OpenEntries_DocumentType' is clicked on

2017-11-25 00:26:45 - [MESSAGE][PASSED] - Object: 'Object Repository/Finance/BaseTestCases_OpenEntries_Service/OpenEntries_DocumentType' is clicked on

2017-11-25 00:26:45 - [TEST_STEP][PASSED] - click: Object: 'Object Repository/Finance/BaseTestCases_OpenEntries_Service/OpenEntries_DocumentNo' is clicked on

2017-11-25 00:26:46 - [MESSAGE][PASSED] - Object: 'Object Repository/Finance/BaseTestCases_OpenEntries_Service/OpenEntries_DocumentNo' is clicked on

2017-11-25 00:26:46 - [TEST_STEP][PASSED] - setText: Text 'SIS' is set on object 'Object Repository/Finance/BaseTestCases_OpenEntries_Service/OpenEntries_DocumentType'

2017-11-25 00:26:46 - [MESSAGE][PASSED] - Text 'SIS' is set on object 'Object Repository/Finance/BaseTestCases_OpenEntries_Service/OpenEntries_DocumentType'

2017-11-25 00:26:46 - [TEST_STEP][NOT_RUN] - sendKeys: NOT_RUN: sendKeys

2017-11-25 00:26:46 - [MESSAGE][NOT_RUN] - NOT_RUN: sendKeys

2017-11-25 00:26:46 - [TEST_STEP][NOT_RUN] - delay: NOT_RUN: delay

2017-11-25 00:26:46 - [MESSAGE][NOT_RUN] - NOT_RUN: delay

2017-11-25 00:26:46 - [TEST_STEP][PASSED] - setText: Text '10006799' is set on object 'Object Repository/Finance/BaseTestCases_OpenEntries_Service/OpenEntries_DocumentNo'

2017-11-25 00:26:46 - [MESSAGE][PASSED] - Text '10006799' is set on object 'Object Repository/Finance/BaseTestCases_OpenEntries_Service/OpenEntries_DocumentNo'

2017-11-25 00:26:46 - [TEST_STEP][NOT_RUN] - delay: NOT_RUN: delay

2017-11-25 00:26:46 - [MESSAGE][NOT_RUN] - NOT_RUN: delay

2017-11-25 00:26:46 - [TEST_STEP][NOT_RUN] - sendKeys: NOT_RUN: sendKeys

2017-11-25 00:26:46 - [MESSAGE][NOT_RUN] - NOT_RUN: sendKeys

2017-11-25 00:26:46 - [TEST_STEP][PASSED] - click: Object: 'Object Repository/Finance/BaseTestCases_OpenEntries_Service/OpenEntries_Action' is clicked on

2017-11-25 00:26:47 - [MESSAGE][PASSED] - Object: 'Object Repository/Finance/BaseTestCases_OpenEntries_Service/OpenEntries_Action' is clicked on

2017-11-25 00:26:47 - [TEST_STEP][PASSED] - click: Object: 'Object Repository/Finance/BaseTestCases_OpenEntries_Service/OpenEntries.FullyPaid' is clicked on

2017-11-25 00:26:47 - [MESSAGE][PASSED] - Object: 'Object Repository/Finance/BaseTestCases_OpenEntries_Service/OpenEntries.FullyPaid' is clicked on

2017-11-25 00:26:47 - [TEST_STEP][PASSED] - delay: Delayed 5 second(s)

2017-11-25 00:26:52 - [MESSAGE][PASSED] - Delayed 5 second(s)

2017-11-25 00:26:52 - [TEST_STEP][PASSED] - scrollToElement: Scroll to object 'Object Repository/Finance/BaseTestCases_OpenEntries_Service/OpenEntries.InvoiceAmt' successfully

2017-11-25 00:26:52 - [MESSAGE][PASSED] - Scroll to object 'Object Repository/Finance/BaseTestCases_OpenEntries_Service/OpenEntries.InvoiceAmt' successfully

2017-11-25 00:26:52 - [TEST_STEP][PASSED] - delay: Delayed 5 second(s)

2017-11-25 00:26:57 - [MESSAGE][PASSED] - Delayed 5 second(s)

2017-11-25 00:26:57 - [TEST_STEP][PASSED] - Statement - BalanceAmount = com.kms.katalon.core.webui.keyword.WebUiBuiltInKeywords.getText(com.kms.katalon.core.testobject.ObjectRepository.findTestObject(Finance/BaseTestCases_OpenEntries_Service/OpenEntries.BalanceAmt)): Text of object 'Object Repository/Finance/BaseTestCases_OpenEntries_Service/OpenEntries.BalanceAmt' is: '0.00'

2017-11-25 00:26:57 - [MESSAGE][PASSED] - Text of object 'Object Repository/Finance/BaseTestCases_OpenEntries_Service/OpenEntries.BalanceAmt' is: '0.00'

2017-11-25 00:26:57 - [TEST_STEP][PASSED] - verifyEqual: Actual object '0.00' and expected object '0.00' are equal

2017-11-25 00:26:57 - [MESSAGE][PASSED] - Actual object '0.00' and expected object '0.00' are equal

2017-11-25 00:26:57 - [TEST_STEP][PASSED] - click: Object: 'Object Repository/Finance/BaseTestCases_OpenEntries_Service/OpenEntries.Reference' is clicked on

2017-11-25 00:26:58 - [MESSAGE][PASSED] - Object: 'Object Repository/Finance/BaseTestCases_OpenEntries_Service/OpenEntries.Reference' is clicked on

2017-11-25 00:26:58 - [TEST_STEP][PASSED] - setText: Text '' is set on object 'Object Repository/Finance/BaseTestCases_OpenEntries_Service/OpenEntries_DocumentType'

2017-11-25 00:26:58 - [MESSAGE][PASSED] - Text '' is set on object 'Object Repository/Finance/BaseTestCases_OpenEntries_Service/OpenEntries_DocumentType'

2017-11-25 00:26:58 - [TEST_STEP][PASSED] - setText: Text '' is set on object 'Object Repository/Finance/BaseTestCases_OpenEntries_Service/OpenEntries_DocumentNo'

2017-11-25 00:26:58 - [MESSAGE][PASSED] - Text '' is set on object 'Object Repository/Finance/BaseTestCases_OpenEntries_Service/OpenEntries_DocumentNo'

2017-11-25 00:26:58 - [TEST_STEP][PASSED] - sendKeys: Keys 'TAB + ' sent to object: 'Object Repository/Finance/BaseTestCases_OpenEntries_Service/OpenEntries_DocumentType'

2017-11-25 00:26:59 - [MESSAGE][PASSED] - Keys 'TAB + ' sent to object: 'Object Repository/Finance/BaseTestCases_OpenEntries_Service/OpenEntries_DocumentType'

2017-11-25 00:26:59 - [TEST_STEP][PASSED] - sendKeys: Keys 'TAB + ' sent to object: 'Object Repository/Finance/BaseTestCases_OpenEntries_Service/OpenEntries_DocumentNo'

2017-11-25 00:26:59 - [MESSAGE][PASSED] - Keys 'TAB + ' sent to object: 'Object Repository/Finance/BaseTestCases_OpenEntries_Service/OpenEntries_DocumentNo'

2017-11-25 00:26:59 - [TEST_STEP][PASSED] - sendKeys: Keys 'M00000182 (SIS/10006799)' sent to object: 'Object Repository/Finance/BaseTestCases_OpenEntries_Service/OpenEntries.Reference'

2017-11-25 00:26:59 - [MESSAGE][PASSED] - Keys 'M00000182 (SIS/10006799)' sent to object: 'Object Repository/Finance/BaseTestCases_OpenEntries_Service/OpenEntries.Reference'

2017-11-25 00:26:59 - [TEST_STEP][PASSED] - click: Object: 'Object Repository/Finance/BaseTestCases_OpenEntries_Service/OpenEntries_DocumentNo' is clicked on

2017-11-25 00:27:00 - [MESSAGE][PASSED] - Object: 'Object Repository/Finance/BaseTestCases_OpenEntries_Service/OpenEntries_DocumentNo' is clicked on

2017-11-25 00:27:00 - [TEST_STEP][PASSED] - delay: Delayed 3 second(s)

2017-11-25 00:27:03 - [MESSAGE][PASSED] - Delayed 3 second(s)

2017-11-25 00:27:03 - [TEST_STEP][PASSED] - scrollToElement: Scroll to object 'Object Repository/Finance/BaseTestCases_OpenEntries_Service/OpenEntries.BalanceAmt' successfully

2017-11-25 00:27:03 - [MESSAGE][PASSED] - Scroll to object 'Object Repository/Finance/BaseTestCases_OpenEntries_Service/OpenEntries.BalanceAmt' successfully

2017-11-25 00:27:03 - [TEST_STEP][PASSED] - Statement - BalanceAmount = com.kms.katalon.core.webui.keyword.WebUiBuiltInKeywords.getText(com.kms.katalon.core.testobject.ObjectRepository.findTestObject(Finance/BaseTestCases_OpenEntries_Service/OpenEntries.BalanceAmt)): Text of object 'Object Repository/Finance/BaseTestCases_OpenEntries_Service/OpenEntries.BalanceAmt' is: '14.00'

2017-11-25 00:27:03 - [MESSAGE][PASSED] - Text of object 'Object Repository/Finance/BaseTestCases_OpenEntries_Service/OpenEntries.BalanceAmt' is: '14.00'

2017-11-25 00:27:03 - [TEST_STEP][PASSED] - Statement - InvoiceAmount = com.kms.katalon.core.webui.keyword.WebUiBuiltInKeywords.getText(com.kms.katalon.core.testobject.ObjectRepository.findTestObject(Finance/BaseTestCases_OpenEntries_Service/OpenEntries.InvoiceAmt)): Text of object 'Object Repository/Finance/BaseTestCases_OpenEntries_Service/OpenEntries.InvoiceAmt' is: '14.00'

2017-11-25 00:27:03 - [MESSAGE][PASSED] - Text of object 'Object Repository/Finance/BaseTestCases_OpenEntries_Service/OpenEntries.InvoiceAmt' is: '14.00'

2017-11-25 00:27:03 - [TEST_STEP][PASSED] - verifyEqual: Actual object '14.00' and expected object '14.00' are equal

2017-11-25 00:27:03 - [MESSAGE][PASSED] - Actual object '14.00' and expected object '14.00' are equal

2017-11-25 00:27:03 - [TEST_STEP][NOT_RUN] - closeBrowser: NOT_RUN: closeBrowser

2017-11-25 00:27:03 - [MESSAGE][NOT_RUN] - NOT_RUN: closeBrowser

2017-11-25 00:27:03 - [MESSAGE][PASSED] - Call Test Case 'Test Cases/Finance/BaseTestCases/Base_Finance_CheckOpenEntriesForCCInvoice1' successfully]]></system-out>
         <system-err><![CDATA[]]></system-err>
      </testcase>
      <testcase name="Test Cases/Service/CreditCardRegression/TC001_Service_CreditCard - Iteration 2" classname="Test Cases/Service/CreditCardRegression/TC001_Service_CreditCard" status="PASSED">
         <system-out><![CDATA[2017-11-25 00:27:03 - [TEST_CASE][PASSED] - Test Cases/Service/CreditCardRegression/TC001_Service_CreditCard - Iteration 2: Test Cases/Service/CreditCardRegression/TC001_Service_CreditCard

2017-11-25 00:27:03 - [TEST_STEP][PASSED] - callTestCase: Call Test Case 'Test Cases/Service/BaseTestCases/Base_Service_CreateHeader' successfully

2017-11-25 00:27:03 - [TEST_CASE][PASSED] - Test Cases/Service/BaseTestCases/Base_Service_CreateHeader: Test Cases/Service/BaseTestCases/Base_Service_CreateHeader

2017-11-25 00:27:03 - [TEST_STEP][PASSED] - callTestCase: Call Test Case 'Test Cases/Common/Base_Common_OpenSession' successfully

2017-11-25 00:27:03 - [TEST_CASE][PASSED] - Test Cases/Common/Base_Common_OpenSession: Test Cases/Common/Base_Common_OpenSession

2017-11-25 00:27:03 - [TEST_STEP][PASSED] - openBrowser: Browser is opened with url: 'https://rgajbhiye:Robin$123@proxima-ln4.e-emphasys.com:8441/webui/servlet/login'

2017-11-25 00:27:03 - [MESSAGE][WARNING] - A browser is already opened. Closing browser and opening a new one

2017-11-25 00:27:08 - [MESSAGE][PASSED] - Browser is opened with url: 'https://rgajbhiye:Robin$123@proxima-ln4.e-emphasys.com:8441/webui/servlet/login'

2017-11-25 00:27:08 - [TEST_STEP][PASSED] - waitForPageLoad: Wait for page load successfully

2017-11-25 00:27:08 - [MESSAGE][PASSED] - Wait for page load successfully

2017-11-25 00:27:08 - [TEST_STEP][PASSED] - maximizeWindow: Current window maximized

2017-11-25 00:27:08 - [MESSAGE][PASSED] - Current window maximized

2017-11-25 00:27:08 - [TEST_STEP][PASSED] - click: Object: 'Object Repository/Common/HomePage/HomePage_more' is clicked on

2017-11-25 00:27:10 - [MESSAGE][PASSED] - Object: 'Object Repository/Common/HomePage/HomePage_more' is clicked on

2017-11-25 00:27:10 - [TEST_STEP][PASSED] - click: Object: 'Object Repository/Common/HomePage/HomePage_Option' is clicked on

2017-11-25 00:27:10 - [MESSAGE][PASSED] - Object: 'Object Repository/Common/HomePage/HomePage_Option' is clicked on

2017-11-25 00:27:10 - [TEST_STEP][PASSED] - click: Object: 'Object Repository/Common/HomePage/HomePage_RunProgram_' is clicked on

2017-11-25 00:27:11 - [MESSAGE][PASSED] - Object: 'Object Repository/Common/HomePage/HomePage_RunProgram_' is clicked on

2017-11-25 00:27:11 - [TEST_STEP][PASSED] - sendKeys: Keys 'tssoc2100m001' sent to object: 'Object Repository/Common/HomePage/HomePage_Session_ID'

2017-11-25 00:27:11 - [MESSAGE][PASSED] - Keys 'tssoc2100m001' sent to object: 'Object Repository/Common/HomePage/HomePage_Session_ID'

2017-11-25 00:27:11 - [TEST_STEP][PASSED] - click: Object: 'Object Repository/Common/HomePage/HomePage_OkButton' is clicked on

2017-11-25 00:27:11 - [MESSAGE][PASSED] - Object: 'Object Repository/Common/HomePage/HomePage_OkButton' is clicked on

2017-11-25 00:27:11 - [MESSAGE][PASSED] - Call Test Case 'Test Cases/Common/Base_Common_OpenSession' successfully

2017-11-25 00:27:11 - [TEST_STEP][PASSED] - click: Object: 'Object Repository/Service/ServiceOrder/ServiceOrderHeader/ServiceOrderHeader.Newbutton' is clicked on

2017-11-25 00:27:14 - [MESSAGE][PASSED] - Object: 'Object Repository/Service/ServiceOrder/ServiceOrderHeader/ServiceOrderHeader.Newbutton' is clicked on

2017-11-25 00:27:14 - [TEST_STEP][PASSED] - delay: Delayed 3 second(s)

2017-11-25 00:27:17 - [MESSAGE][PASSED] - Delayed 3 second(s)

2017-11-25 00:27:17 - [TEST_STEP][PASSED] - setText: Text 'M00000182' is set on object 'Object Repository/Service/ServiceOrder/ServiceOrderHeader/ServiceOrderHeader.Customer'

2017-11-25 00:27:17 - [MESSAGE][PASSED] - Text 'M00000182' is set on object 'Object Repository/Service/ServiceOrder/ServiceOrderHeader/ServiceOrderHeader.Customer'

2017-11-25 00:27:17 - [TEST_STEP][PASSED] - sendKeys: Keys 'TAB + ' sent to object: 'Object Repository/Service/ServiceOrder/ServiceOrderHeader/ServiceOrderHeader.Customer'

2017-11-25 00:27:17 - [MESSAGE][PASSED] - Keys 'TAB + ' sent to object: 'Object Repository/Service/ServiceOrder/ServiceOrderHeader/ServiceOrderHeader.Customer'

2017-11-25 00:27:17 - [TEST_STEP][PASSED] - delay: Delayed 3 second(s)

2017-11-25 00:27:20 - [MESSAGE][PASSED] - Delayed 3 second(s)

2017-11-25 00:27:20 - [TEST_STEP][PASSED] - setText: Text 'MD0007993' is set on object 'Object Repository/Service/ServiceOrder/ServiceOrderHeader/ServiceOrderHeader.Unit'

2017-11-25 00:27:21 - [MESSAGE][PASSED] - Text 'MD0007993' is set on object 'Object Repository/Service/ServiceOrder/ServiceOrderHeader/ServiceOrderHeader.Unit'

2017-11-25 00:27:21 - [TEST_STEP][PASSED] - click: Object: 'Object Repository/Service/ServiceOrder/ServiceOrderHeader/ServiceOrderHeader.Save' is clicked on

2017-11-25 00:27:21 - [MESSAGE][PASSED] - Object: 'Object Repository/Service/ServiceOrder/ServiceOrderHeader/ServiceOrderHeader.Save' is clicked on

2017-11-25 00:27:21 - [TEST_STEP][PASSED] - click: Object: 'Object Repository/Service/ServiceOrder/ServiceOrderHeader/ServiceOrderHeader.Warning' is clicked on

2017-11-25 00:27:28 - [MESSAGE][PASSED] - Object: 'Object Repository/Service/ServiceOrder/ServiceOrderHeader/ServiceOrderHeader.Warning' is clicked on

2017-11-25 00:27:28 - [TEST_STEP][PASSED] - delay: Delayed 3 second(s)

2017-11-25 00:27:31 - [MESSAGE][PASSED] - Delayed 3 second(s)

2017-11-25 00:27:31 - [TEST_STEP][PASSED] - click: Object: 'Object Repository/Service/ServiceOrder/ServiceOrderHeader/ServiceOrderHeader.PaymentMode' is clicked on

2017-11-25 00:27:31 - [MESSAGE][PASSED] - Object: 'Object Repository/Service/ServiceOrder/ServiceOrderHeader/ServiceOrderHeader.PaymentMode' is clicked on

2017-11-25 00:27:31 - [TEST_STEP][PASSED] - click: Object: 'Object Repository/Service/ServiceOrder/ServiceOrderHeader/ServiceOrderHeader.CreditCardoption' is clicked on

2017-11-25 00:27:31 - [MESSAGE][PASSED] - Object: 'Object Repository/Service/ServiceOrder/ServiceOrderHeader/ServiceOrderHeader.CreditCardoption' is clicked on

2017-11-25 00:27:31 - [TEST_STEP][PASSED] - delay: Delayed 5 second(s)

2017-11-25 00:27:36 - [MESSAGE][PASSED] - Delayed 5 second(s)

2017-11-25 00:27:36 - [TEST_STEP][NOT_RUN] - setText: NOT_RUN: setText

2017-11-25 00:27:36 - [MESSAGE][NOT_RUN] - NOT_RUN: setText

2017-11-25 00:27:36 - [TEST_STEP][PASSED] - click: Object: 'Object Repository/Service/ServiceOrder/ServiceOrderHeader/ServiceOrderHeader.Save' is clicked on

2017-11-25 00:27:37 - [MESSAGE][PASSED] - Object: 'Object Repository/Service/ServiceOrder/ServiceOrderHeader/ServiceOrderHeader.Save' is clicked on

2017-11-25 00:27:37 - [TEST_STEP][PASSED] - delay: Delayed 5 second(s)

2017-11-25 00:27:42 - [MESSAGE][PASSED] - Delayed 5 second(s)

2017-11-25 00:27:42 - [TEST_STEP][PASSED] - Statement - SWOOrderNo = com.kms.katalon.core.webui.keyword.WebUiBuiltInKeywords.getAttribute(com.kms.katalon.core.testobject.ObjectRepository.findTestObject(Service/ServiceOrder/ServiceOrderHeader/ServiceOrderHeader.OrderNo), "value"): Attribute 'value' of object 'Object Repository/Service/ServiceOrder/ServiceOrderHeader/ServiceOrderHeader.OrderNo' is: 'SWO119874'

2017-11-25 00:27:42 - [MESSAGE][PASSED] - Attribute 'value' of object 'Object Repository/Service/ServiceOrder/ServiceOrderHeader/ServiceOrderHeader.OrderNo' is: 'SWO119874'

2017-11-25 00:27:42 - [TEST_STEP][PASSED] - verifyNotEqual: Actual object 'SWO119874' and expected object '' are not equal

2017-11-25 00:27:42 - [MESSAGE][PASSED] - Actual object 'SWO119874' and expected object '' are not equal

2017-11-25 00:27:42 - [TEST_STEP][PASSED] - delay: Delayed 5 second(s)

2017-11-25 00:27:47 - [MESSAGE][PASSED] - Delayed 5 second(s)

2017-11-25 00:27:47 - [TEST_STEP][PASSED] - click: Object: 'Object Repository/Service/ServiceOrder/ServiceOrderHeader/ServiceOrderHeader.Actions' is clicked on

2017-11-25 00:27:47 - [MESSAGE][PASSED] - Object: 'Object Repository/Service/ServiceOrder/ServiceOrderHeader/ServiceOrderHeader.Actions' is clicked on

2017-11-25 00:27:47 - [TEST_STEP][PASSED] - delay: Delayed 3 second(s)

2017-11-25 00:27:50 - [MESSAGE][PASSED] - Delayed 3 second(s)

2017-11-25 00:27:50 - [TEST_STEP][PASSED] - click: Object: 'Object Repository/Service/ServiceOrder/ServiceOrderHeader/ServiceOrderHeader.Segments' is clicked on

2017-11-25 00:27:50 - [MESSAGE][PASSED] - Object: 'Object Repository/Service/ServiceOrder/ServiceOrderHeader/ServiceOrderHeader.Segments' is clicked on

2017-11-25 00:27:50 - [TEST_STEP][PASSED] - delay: Delayed 3 second(s)

2017-11-25 00:27:53 - [MESSAGE][PASSED] - Delayed 3 second(s)

2017-11-25 00:27:53 - [MESSAGE][PASSED] - Call Test Case 'Test Cases/Service/BaseTestCases/Base_Service_CreateHeader' successfully

2017-11-25 00:27:53 - [TEST_STEP][PASSED] - callTestCase: Call Test Case 'Test Cases/Service/BaseTestCases/Base_Service_AddSegment' successfully

2017-11-25 00:27:53 - [TEST_CASE][PASSED] - Test Cases/Service/BaseTestCases/Base_Service_AddSegment: Test Cases/Service/BaseTestCases/Base_Service_AddSegment

2017-11-25 00:27:53 - [TEST_STEP][PASSED] - click: Object: 'Object Repository/Service/ServiceOrder/ServiceOrderSegment/ServiceOrderSegment.ServiceType' is clicked on

2017-11-25 00:27:53 - [MESSAGE][PASSED] - Object: 'Object Repository/Service/ServiceOrder/ServiceOrderSegment/ServiceOrderSegment.ServiceType' is clicked on

2017-11-25 00:27:53 - [TEST_STEP][PASSED] - setText: Text 'ABC' is set on object 'Object Repository/Service/ServiceOrder/ServiceOrderSegment/ServiceOrderSegment.ServiceType'

2017-11-25 00:27:54 - [MESSAGE][PASSED] - Text 'ABC' is set on object 'Object Repository/Service/ServiceOrder/ServiceOrderSegment/ServiceOrderSegment.ServiceType'

2017-11-25 00:27:54 - [TEST_STEP][NOT_RUN] - sendKeys: NOT_RUN: sendKeys

2017-11-25 00:27:54 - [MESSAGE][NOT_RUN] - NOT_RUN: sendKeys

2017-11-25 00:27:54 - [TEST_STEP][PASSED] - delay: Delayed 3 second(s)

2017-11-25 00:27:57 - [MESSAGE][PASSED] - Delayed 3 second(s)

2017-11-25 00:27:57 - [TEST_STEP][PASSED] - click: Object: 'Object Repository/Service/ServiceOrder/ServiceOrderSegment/ServiceOrderSegment.Save' is clicked on

2017-11-25 00:27:57 - [MESSAGE][PASSED] - Object: 'Object Repository/Service/ServiceOrder/ServiceOrderSegment/ServiceOrderSegment.Save' is clicked on

2017-11-25 00:27:57 - [TEST_STEP][PASSED] - delay: Delayed 10 second(s)

2017-11-25 00:28:07 - [MESSAGE][PASSED] - Delayed 10 second(s)

2017-11-25 00:28:07 - [TEST_STEP][PASSED] - click: Object: 'Object Repository/Service/ServiceOrder/ServiceOrderSegment/ServiceOrderSegment.Action' is clicked on

2017-11-25 00:28:07 - [MESSAGE][PASSED] - Object: 'Object Repository/Service/ServiceOrder/ServiceOrderSegment/ServiceOrderSegment.Action' is clicked on

2017-11-25 00:28:07 - [TEST_STEP][PASSED] - delay: Delayed 2 second(s)

2017-11-25 00:28:09 - [MESSAGE][PASSED] - Delayed 2 second(s)

2017-11-25 00:28:09 - [TEST_STEP][PASSED] - click: Object: 'Object Repository/Service/ServiceOrder/ServiceOrderSegment/ServiceOrderSegment.Release' is clicked on

2017-11-25 00:28:09 - [MESSAGE][PASSED] - Object: 'Object Repository/Service/ServiceOrder/ServiceOrderSegment/ServiceOrderSegment.Release' is clicked on

2017-11-25 00:28:09 - [TEST_STEP][PASSED] - delay: Delayed 5 second(s)

2017-11-25 00:28:14 - [MESSAGE][PASSED] - Delayed 5 second(s)

2017-11-25 00:28:14 - [TEST_STEP][NOT_RUN] - click: NOT_RUN: click

2017-11-25 00:28:14 - [MESSAGE][NOT_RUN] - NOT_RUN: click

2017-11-25 00:28:14 - [TEST_STEP][NOT_RUN] - click: NOT_RUN: click

2017-11-25 00:28:14 - [MESSAGE][NOT_RUN] - NOT_RUN: click

2017-11-25 00:28:14 - [TEST_STEP][NOT_RUN] - delay: NOT_RUN: delay

2017-11-25 00:28:14 - [MESSAGE][NOT_RUN] - NOT_RUN: delay

2017-11-25 00:28:14 - [TEST_STEP][NOT_RUN] - setText: NOT_RUN: setText

2017-11-25 00:28:14 - [MESSAGE][NOT_RUN] - NOT_RUN: setText

2017-11-25 00:28:14 - [TEST_STEP][NOT_RUN] - sendKeys: NOT_RUN: sendKeys

2017-11-25 00:28:14 - [MESSAGE][NOT_RUN] - NOT_RUN: sendKeys

2017-11-25 00:28:14 - [TEST_STEP][NOT_RUN] - delay: NOT_RUN: delay

2017-11-25 00:28:14 - [MESSAGE][NOT_RUN] - NOT_RUN: delay

2017-11-25 00:28:14 - [TEST_STEP][NOT_RUN] - click: NOT_RUN: click

2017-11-25 00:28:14 - [MESSAGE][NOT_RUN] - NOT_RUN: click

2017-11-25 00:28:14 - [TEST_STEP][NOT_RUN] - delay: NOT_RUN: delay

2017-11-25 00:28:14 - [MESSAGE][NOT_RUN] - NOT_RUN: delay

2017-11-25 00:28:14 - [TEST_STEP][PASSED] - click: Object: 'Object Repository/Service/ServiceOrder/ServiceOrderSegment/ServiceOrderSegment.Action' is clicked on

2017-11-25 00:28:15 - [MESSAGE][PASSED] - Object: 'Object Repository/Service/ServiceOrder/ServiceOrderSegment/ServiceOrderSegment.Action' is clicked on

2017-11-25 00:28:15 - [TEST_STEP][PASSED] - delay: Delayed 3 second(s)

2017-11-25 00:28:18 - [MESSAGE][PASSED] - Delayed 3 second(s)

2017-11-25 00:28:18 - [MESSAGE][PASSED] - Call Test Case 'Test Cases/Service/BaseTestCases/Base_Service_AddSegment' successfully

2017-11-25 00:28:18 - [TEST_STEP][PASSED] - callTestCase: Call Test Case 'Test Cases/Service/BaseTestCases/Base_Service_Add Others' successfully

2017-11-25 00:28:18 - [TEST_CASE][PASSED] - Test Cases/Service/BaseTestCases/Base_Service_Add Others: Test Cases/Service/BaseTestCases/Base_Service_Add Others

2017-11-25 00:28:18 - [TEST_STEP][PASSED] - click: Object: 'Object Repository/Service/ServiceOrder/ServiceOrderSegment/ServiceOrderSegment.Others' is clicked on

2017-11-25 00:28:18 - [MESSAGE][PASSED] - Object: 'Object Repository/Service/ServiceOrder/ServiceOrderSegment/ServiceOrderSegment.Others' is clicked on

2017-11-25 00:28:18 - [TEST_STEP][PASSED] - delay: Delayed 10 second(s)

2017-11-25 00:28:28 - [MESSAGE][PASSED] - Delayed 10 second(s)

2017-11-25 00:28:28 - [TEST_STEP][PASSED] - click: Object: 'Object Repository/Service/ServiceOrder/ServiceOrderSegment/ServiceOrderSegment.OthersNew' is clicked on

2017-11-25 00:28:28 - [MESSAGE][PASSED] - Object: 'Object Repository/Service/ServiceOrder/ServiceOrderSegment/ServiceOrderSegment.OthersNew' is clicked on

2017-11-25 00:28:28 - [TEST_STEP][PASSED] - delay: Delayed 5 second(s)

2017-11-25 00:28:33 - [MESSAGE][PASSED] - Delayed 5 second(s)

2017-11-25 00:28:33 - [TEST_STEP][PASSED] - click: Object: 'Object Repository/Service/ServiceOrder/ServiceOrderSegment/ServiceOrderSegment.OthersCostComp' is clicked on

2017-11-25 00:28:33 - [MESSAGE][PASSED] - Object: 'Object Repository/Service/ServiceOrder/ServiceOrderSegment/ServiceOrderSegment.OthersCostComp' is clicked on

2017-11-25 00:28:33 - [TEST_STEP][PASSED] - delay: Delayed 2 second(s)

2017-11-25 00:28:35 - [MESSAGE][PASSED] - Delayed 2 second(s)

2017-11-25 00:28:35 - [TEST_STEP][PASSED] - setText: Text 'APP' is set on object 'Object Repository/Service/ServiceOrder/ServiceOrderSegment/ServiceOrderSegment.OthersCostComp'

2017-11-25 00:28:35 - [MESSAGE][PASSED] - Text 'APP' is set on object 'Object Repository/Service/ServiceOrder/ServiceOrderSegment/ServiceOrderSegment.OthersCostComp'

2017-11-25 00:28:35 - [TEST_STEP][PASSED] - delay: Delayed 5 second(s)

2017-11-25 00:28:40 - [MESSAGE][PASSED] - Delayed 5 second(s)

2017-11-25 00:28:40 - [TEST_STEP][PASSED] - scrollToElement: Scroll to object 'Object Repository/Service/ServiceOrder/ServiceOrderSegment/ServiceOrderSegment.Actual Qty' successfully

2017-11-25 00:28:41 - [MESSAGE][PASSED] - Scroll to object 'Object Repository/Service/ServiceOrder/ServiceOrderSegment/ServiceOrderSegment.Actual Qty' successfully

2017-11-25 00:28:41 - [TEST_STEP][PASSED] - click: Object: 'Object Repository/Service/ServiceOrder/ServiceOrderSegment/ServiceOrderSegment.Actual Qty' is clicked on

2017-11-25 00:28:41 - [MESSAGE][PASSED] - Object: 'Object Repository/Service/ServiceOrder/ServiceOrderSegment/ServiceOrderSegment.Actual Qty' is clicked on

2017-11-25 00:28:41 - [TEST_STEP][PASSED] - delay: Delayed 2 second(s)

2017-11-25 00:28:43 - [MESSAGE][PASSED] - Delayed 2 second(s)

2017-11-25 00:28:43 - [TEST_STEP][PASSED] - sendKeys: Keys '2' sent to object: 'Object Repository/Service/ServiceOrder/ServiceOrderSegment/ServiceOrderSegment.Actual Qty'

2017-11-25 00:28:43 - [MESSAGE][PASSED] - Keys '2' sent to object: 'Object Repository/Service/ServiceOrder/ServiceOrderSegment/ServiceOrderSegment.Actual Qty'

2017-11-25 00:28:43 - [TEST_STEP][PASSED] - delay: Delayed 5 second(s)

2017-11-25 00:28:48 - [MESSAGE][PASSED] - Delayed 5 second(s)

2017-11-25 00:28:48 - [TEST_STEP][NOT_RUN] - click: NOT_RUN: click

2017-11-25 00:28:48 - [MESSAGE][NOT_RUN] - NOT_RUN: click

2017-11-25 00:28:48 - [TEST_STEP][PASSED] - click: Object: 'Object Repository/Service/ServiceOrder/ServiceOrderSegment/ServiceOrderSegmentOthers.SaveClose' is clicked on

2017-11-25 00:28:48 - [MESSAGE][PASSED] - Object: 'Object Repository/Service/ServiceOrder/ServiceOrderSegment/ServiceOrderSegmentOthers.SaveClose' is clicked on

2017-11-25 00:28:48 - [TEST_STEP][PASSED] - delay: Delayed 5 second(s)

2017-11-25 00:28:53 - [MESSAGE][PASSED] - Delayed 5 second(s)

2017-11-25 00:28:53 - [TEST_STEP][PASSED] - click: Object: 'Object Repository/Service/ServiceOrder/ServiceOrderSegment/ServiceOrderSegment.SaveClose' is clicked on

2017-11-25 00:28:53 - [MESSAGE][PASSED] - Object: 'Object Repository/Service/ServiceOrder/ServiceOrderSegment/ServiceOrderSegment.SaveClose' is clicked on

2017-11-25 00:28:53 - [MESSAGE][PASSED] - Call Test Case 'Test Cases/Service/BaseTestCases/Base_Service_Add Others' successfully

2017-11-25 00:28:53 - [TEST_STEP][PASSED] - callTestCase: Call Test Case 'Test Cases/Service/BaseTestCases/Base_Service_HeaderInvoice' successfully

2017-11-25 00:28:53 - [TEST_CASE][PASSED] - Test Cases/Service/BaseTestCases/Base_Service_HeaderInvoice: Test Cases/Service/BaseTestCases/Base_Service_HeaderInvoice

2017-11-25 00:28:53 - [TEST_STEP][PASSED] - delay: Delayed 5 second(s)

2017-11-25 00:28:58 - [MESSAGE][PASSED] - Delayed 5 second(s)

2017-11-25 00:28:58 - [TEST_STEP][PASSED] - click: Object: 'Object Repository/Service/ServiceOrder/ServiceOrderHeader/ServiceOrderHeader.Actions' is clicked on

2017-11-25 00:28:58 - [MESSAGE][PASSED] - Object: 'Object Repository/Service/ServiceOrder/ServiceOrderHeader/ServiceOrderHeader.Actions' is clicked on

2017-11-25 00:28:58 - [TEST_STEP][PASSED] - delay: Delayed 3 second(s)

2017-11-25 00:29:01 - [MESSAGE][PASSED] - Delayed 3 second(s)

2017-11-25 00:29:01 - [TEST_STEP][PASSED] - click: Object: 'Object Repository/Service/ServiceOrder/ServiceOrderHeader/ServiceOrderHeader.Costing' is clicked on

2017-11-25 00:29:02 - [MESSAGE][PASSED] - Object: 'Object Repository/Service/ServiceOrder/ServiceOrderHeader/ServiceOrderHeader.Costing' is clicked on

2017-11-25 00:29:02 - [TEST_STEP][PASSED] - delay: Delayed 5 second(s)

2017-11-25 00:29:07 - [MESSAGE][PASSED] - Delayed 5 second(s)

2017-11-25 00:29:07 - [TEST_STEP][PASSED] - click: Object: 'Object Repository/Service/ServiceOrder/ServiceOrderHeader/ServiceOrderHeader.RepriceWarning' is clicked on

2017-11-25 00:29:07 - [MESSAGE][PASSED] - Object: 'Object Repository/Service/ServiceOrder/ServiceOrderHeader/ServiceOrderHeader.RepriceWarning' is clicked on

2017-11-25 00:29:07 - [TEST_STEP][PASSED] - delay: Delayed 3 second(s)

2017-11-25 00:29:10 - [MESSAGE][PASSED] - Delayed 3 second(s)

2017-11-25 00:29:10 - [TEST_STEP][PASSED] - click: Object: 'Object Repository/Service/ServiceOrder/ServiceOrderHeader/ServiceOrderHeader.CostingProcessCont' is clicked on

2017-11-25 00:29:10 - [MESSAGE][PASSED] - Object: 'Object Repository/Service/ServiceOrder/ServiceOrderHeader/ServiceOrderHeader.CostingProcessCont' is clicked on

2017-11-25 00:29:10 - [TEST_STEP][PASSED] - delay: Delayed 3 second(s)

2017-11-25 00:29:13 - [MESSAGE][PASSED] - Delayed 3 second(s)

2017-11-25 00:29:13 - [TEST_STEP][PASSED] - click: Object: 'Object Repository/Service/ServiceOrder/ServiceOrderHeader/ServiceOrderHeader.InvoiceCont' is clicked on

2017-11-25 00:29:13 - [MESSAGE][PASSED] - Object: 'Object Repository/Service/ServiceOrder/ServiceOrderHeader/ServiceOrderHeader.InvoiceCont' is clicked on

2017-11-25 00:29:13 - [TEST_STEP][PASSED] - delay: Delayed 5 second(s)

2017-11-25 00:29:18 - [MESSAGE][PASSED] - Delayed 5 second(s)

2017-11-25 00:29:18 - [TEST_STEP][NOT_RUN] - waitForElementPresent: NOT_RUN: waitForElementPresent

2017-11-25 00:29:18 - [MESSAGE][NOT_RUN] - NOT_RUN: waitForElementPresent

2017-11-25 00:29:18 - [TEST_STEP][NOT_RUN] - doubleClick: NOT_RUN: doubleClick

2017-11-25 00:29:18 - [MESSAGE][NOT_RUN] - NOT_RUN: doubleClick

2017-11-25 00:29:18 - [TEST_STEP][NOT_RUN] - delay: NOT_RUN: delay

2017-11-25 00:29:18 - [MESSAGE][NOT_RUN] - NOT_RUN: delay

2017-11-25 00:29:18 - [TEST_STEP][NOT_RUN] - click: NOT_RUN: click

2017-11-25 00:29:18 - [MESSAGE][NOT_RUN] - NOT_RUN: click

2017-11-25 00:29:18 - [TEST_STEP][PASSED] - delay: Delayed 2 second(s)

2017-11-25 00:29:20 - [MESSAGE][PASSED] - Delayed 2 second(s)

2017-11-25 00:29:20 - [TEST_STEP][PASSED] - setText: Text 'GLOBAL' is set on object 'Object Repository/Service/ServiceOrder/ServiceCreditCard/ServiceCreditCard.PaymentGateway'

2017-11-25 00:29:20 - [MESSAGE][PASSED] - Text 'GLOBAL' is set on object 'Object Repository/Service/ServiceOrder/ServiceCreditCard/ServiceCreditCard.PaymentGateway'

2017-11-25 00:29:20 - [TEST_STEP][NOT_RUN] - sendKeys: NOT_RUN: sendKeys

2017-11-25 00:29:20 - [MESSAGE][NOT_RUN] - NOT_RUN: sendKeys

2017-11-25 00:29:20 - [TEST_STEP][PASSED] - doubleClick: Object: 'Object Repository/Service/ServiceOrder/ServiceCreditCard/ServiceCreditCard.CardType' is double clicked on

2017-11-25 00:29:21 - [MESSAGE][PASSED] - Object: 'Object Repository/Service/ServiceOrder/ServiceCreditCard/ServiceCreditCard.CardType' is double clicked on

2017-11-25 00:29:21 - [TEST_STEP][PASSED] - setText: Text 'DEBIT MASTERCARD' is set on object 'Object Repository/Service/ServiceOrder/ServiceCreditCard/ServiceCreditCard.CardType'

2017-11-25 00:29:21 - [MESSAGE][PASSED] - Text 'DEBIT MASTERCARD' is set on object 'Object Repository/Service/ServiceOrder/ServiceCreditCard/ServiceCreditCard.CardType'

2017-11-25 00:29:21 - [TEST_STEP][PASSED] - delay: Delayed 2 second(s)

2017-11-25 00:29:23 - [MESSAGE][PASSED] - Delayed 2 second(s)

2017-11-25 00:29:23 - [TEST_STEP][PASSED] - doubleClick: Object: 'Object Repository/Service/ServiceOrder/ServiceCreditCard/ServiceCreditCard.Enter CC No' is double clicked on

2017-11-25 00:29:23 - [MESSAGE][PASSED] - Object: 'Object Repository/Service/ServiceOrder/ServiceCreditCard/ServiceCreditCard.Enter CC No' is double clicked on

2017-11-25 00:29:23 - [TEST_STEP][PASSED] - sendKeys: Keys '5100270000000007' sent to object: 'Object Repository/Service/ServiceOrder/ServiceCreditCard/ServiceCreditCard.Enter CC No'

2017-11-25 00:29:23 - [MESSAGE][PASSED] - Keys '5100270000000007' sent to object: 'Object Repository/Service/ServiceOrder/ServiceCreditCard/ServiceCreditCard.Enter CC No'

2017-11-25 00:29:23 - [TEST_STEP][PASSED] - delay: Delayed 2 second(s)

2017-11-25 00:29:25 - [MESSAGE][PASSED] - Delayed 2 second(s)

2017-11-25 00:29:25 - [TEST_STEP][PASSED] - click: Object: 'Object Repository/Service/ServiceOrder/ServiceCreditCard/ServiceCreditCard.CVV2' is clicked on

2017-11-25 00:29:25 - [MESSAGE][PASSED] - Object: 'Object Repository/Service/ServiceOrder/ServiceCreditCard/ServiceCreditCard.CVV2' is clicked on

2017-11-25 00:29:25 - [TEST_STEP][PASSED] - sendKeys: Keys '865' sent to object: 'Object Repository/Service/ServiceOrder/ServiceCreditCard/ServiceCreditCard.CVV2'

2017-11-25 00:29:25 - [MESSAGE][PASSED] - Keys '865' sent to object: 'Object Repository/Service/ServiceOrder/ServiceCreditCard/ServiceCreditCard.CVV2'

2017-11-25 00:29:25 - [TEST_STEP][NOT_RUN] - sendKeys: NOT_RUN: sendKeys

2017-11-25 00:29:25 - [MESSAGE][NOT_RUN] - NOT_RUN: sendKeys

2017-11-25 00:29:25 - [TEST_STEP][NOT_RUN] - delay: NOT_RUN: delay

2017-11-25 00:29:25 - [MESSAGE][NOT_RUN] - NOT_RUN: delay

2017-11-25 00:29:25 - [TEST_STEP][PASSED] - delay: Delayed 3 second(s)

2017-11-25 00:29:28 - [MESSAGE][PASSED] - Delayed 3 second(s)

2017-11-25 00:29:28 - [TEST_STEP][PASSED] - setText: Text '09' is set on object 'Object Repository/Service/ServiceOrder/ServiceCreditCard/ServiceCreditCard.ExpiryMonth'

2017-11-25 00:29:28 - [MESSAGE][PASSED] - Text '09' is set on object 'Object Repository/Service/ServiceOrder/ServiceCreditCard/ServiceCreditCard.ExpiryMonth'

2017-11-25 00:29:28 - [TEST_STEP][PASSED] - setText: Text '99' is set on object 'Object Repository/Service/ServiceOrder/ServiceCreditCard/ServiceCreditCard.ExpiryYear'

2017-11-25 00:29:29 - [MESSAGE][PASSED] - Text '99' is set on object 'Object Repository/Service/ServiceOrder/ServiceCreditCard/ServiceCreditCard.ExpiryYear'

2017-11-25 00:29:29 - [TEST_STEP][PASSED] - click: Object: 'Object Repository/Service/ServiceOrder/ServiceCreditCard/ServiceCreditCard.Process' is clicked on

2017-11-25 00:29:29 - [MESSAGE][PASSED] - Object: 'Object Repository/Service/ServiceOrder/ServiceCreditCard/ServiceCreditCard.Process' is clicked on

2017-11-25 00:29:29 - [TEST_STEP][PASSED] - delay: Delayed 13 second(s)

2017-11-25 00:29:42 - [MESSAGE][PASSED] - Delayed 13 second(s)

2017-11-25 00:29:42 - [TEST_STEP][PASSED] - click: Object: 'Object Repository/Service/ServiceOrder/ServiceCreditCard/ServiceCreditCard.PrintOK' is clicked on

2017-11-25 00:29:42 - [MESSAGE][PASSED] - Object: 'Object Repository/Service/ServiceOrder/ServiceCreditCard/ServiceCreditCard.PrintOK' is clicked on

2017-11-25 00:29:42 - [TEST_STEP][PASSED] - delay: Delayed 10 second(s)

2017-11-25 00:29:52 - [MESSAGE][PASSED] - Delayed 10 second(s)

2017-11-25 00:29:52 - [TEST_STEP][PASSED] - click: Object: 'Object Repository/Service/ServiceOrder/ServiceCreditCard/ServiceCreditCard.PrintDevice' is clicked on

2017-11-25 00:29:52 - [MESSAGE][PASSED] - Object: 'Object Repository/Service/ServiceOrder/ServiceCreditCard/ServiceCreditCard.PrintDevice' is clicked on

2017-11-25 00:29:52 - [TEST_STEP][PASSED] - delay: Delayed 5 second(s)

2017-11-25 00:29:57 - [MESSAGE][PASSED] - Delayed 5 second(s)

2017-11-25 00:29:57 - [MESSAGE][PASSED] - Call Test Case 'Test Cases/Service/BaseTestCases/Base_Service_HeaderInvoice' successfully

2017-11-25 00:29:57 - [TEST_STEP][PASSED] - callTestCase: Call Test Case 'Test Cases/Service/BaseTestCases/Base_Service_GetInvoice' successfully

2017-11-25 00:29:57 - [TEST_CASE][PASSED] - Test Cases/Service/BaseTestCases/Base_Service_GetInvoice: Test Cases/Service/BaseTestCases/Base_Service_GetInvoice

2017-11-25 00:29:57 - [TEST_STEP][PASSED] - delay: Delayed 3 second(s)

2017-11-25 00:30:00 - [MESSAGE][PASSED] - Delayed 3 second(s)

2017-11-25 00:30:00 - [TEST_STEP][PASSED] - click: Object: 'Object Repository/Service/ServiceOrder/VerifyServiceOrderInvoice/ServiceorderHeader.HeaderSession' is clicked on

2017-11-25 00:30:00 - [MESSAGE][PASSED] - Object: 'Object Repository/Service/ServiceOrder/VerifyServiceOrderInvoice/ServiceorderHeader.HeaderSession' is clicked on

2017-11-25 00:30:00 - [TEST_STEP][PASSED] - click: Object: 'Object Repository/Service/ServiceOrder/VerifyServiceOrderInvoice/ServiceOrderHeader.InvoiceButton' is clicked on

2017-11-25 00:30:00 - [MESSAGE][PASSED] - Object: 'Object Repository/Service/ServiceOrder/VerifyServiceOrderInvoice/ServiceOrderHeader.InvoiceButton' is clicked on

2017-11-25 00:30:00 - [TEST_STEP][PASSED] - delay: Delayed 3 second(s)

2017-11-25 00:30:03 - [MESSAGE][PASSED] - Delayed 3 second(s)

2017-11-25 00:30:03 - [TEST_STEP][PASSED] - Statement - G_InvoiceTnxType = com.kms.katalon.core.webui.keyword.WebUiBuiltInKeywords.getText(com.kms.katalon.core.testobject.ObjectRepository.findTestObject(Service/ServiceOrder/VerifyServiceOrderInvoice/ServiceOrderHeader.Invoice1)): Text of object 'Object Repository/Service/ServiceOrder/VerifyServiceOrderInvoice/ServiceOrderHeader.Invoice1' is: 'SIS'

2017-11-25 00:30:04 - [MESSAGE][PASSED] - Text of object 'Object Repository/Service/ServiceOrder/VerifyServiceOrderInvoice/ServiceOrderHeader.Invoice1' is: 'SIS'

2017-11-25 00:30:04 - [TEST_STEP][PASSED] - Statement - G_InvoiceTnxNo = com.kms.katalon.core.webui.keyword.WebUiBuiltInKeywords.getText(com.kms.katalon.core.testobject.ObjectRepository.findTestObject(Service/ServiceOrder/VerifyServiceOrderInvoice/ServiceOrderHeader.Invoice2)): Text of object 'Object Repository/Service/ServiceOrder/VerifyServiceOrderInvoice/ServiceOrderHeader.Invoice2' is: '10006800'

2017-11-25 00:30:04 - [MESSAGE][PASSED] - Text of object 'Object Repository/Service/ServiceOrder/VerifyServiceOrderInvoice/ServiceOrderHeader.Invoice2' is: '10006800'

2017-11-25 00:30:04 - [TEST_STEP][PASSED] - Statement - G_InvoiceAmt = com.kms.katalon.core.webui.keyword.WebUiBuiltInKeywords.getText(com.kms.katalon.core.testobject.ObjectRepository.findTestObject(Service/ServiceOrder/VerifyServiceOrderInvoice/ServiceOrderHeader.InvoiceAmountHD)): Text of object 'Object Repository/Service/ServiceOrder/VerifyServiceOrderInvoice/ServiceOrderHeader.InvoiceAmountHD' is: '14.00'

2017-11-25 00:30:04 - [MESSAGE][PASSED] - Text of object 'Object Repository/Service/ServiceOrder/VerifyServiceOrderInvoice/ServiceOrderHeader.InvoiceAmountHD' is: '14.00'

2017-11-25 00:30:04 - [MESSAGE][PASSED] - Call Test Case 'Test Cases/Service/BaseTestCases/Base_Service_GetInvoice' successfully

2017-11-25 00:30:04 - [TEST_STEP][PASSED] - callTestCase: Call Test Case 'Test Cases/Finance/BaseTestCases/Base_Finance_CheckOpenEntriesForCCInvoice1' successfully

2017-11-25 00:30:04 - [TEST_CASE][PASSED] - Test Cases/Finance/BaseTestCases/Base_Finance_CheckOpenEntriesForCCInvoice1: Test Cases/Finance/BaseTestCases/Base_Finance_CheckOpenEntriesForCCInvoice1

2017-11-25 00:30:04 - [TEST_STEP][PASSED] - callTestCase: Call Test Case 'Test Cases/Common/Base_Common_OpenSession' successfully

2017-11-25 00:30:04 - [TEST_CASE][PASSED] - Test Cases/Common/Base_Common_OpenSession: Test Cases/Common/Base_Common_OpenSession

2017-11-25 00:30:04 - [TEST_STEP][PASSED] - openBrowser: Browser is opened with url: 'https://rgajbhiye:Robin$123@proxima-ln4.e-emphasys.com:8441/webui/servlet/login'

2017-11-25 00:30:04 - [MESSAGE][WARNING] - A browser is already opened. Closing browser and opening a new one

2017-11-25 00:30:10 - [MESSAGE][PASSED] - Browser is opened with url: 'https://rgajbhiye:Robin$123@proxima-ln4.e-emphasys.com:8441/webui/servlet/login'

2017-11-25 00:30:10 - [TEST_STEP][PASSED] - waitForPageLoad: Wait for page load successfully

2017-11-25 00:30:10 - [MESSAGE][PASSED] - Wait for page load successfully

2017-11-25 00:30:10 - [TEST_STEP][PASSED] - maximizeWindow: Current window maximized

2017-11-25 00:30:10 - [MESSAGE][PASSED] - Current window maximized

2017-11-25 00:30:10 - [TEST_STEP][PASSED] - click: Object: 'Object Repository/Common/HomePage/HomePage_more' is clicked on

2017-11-25 00:30:12 - [MESSAGE][PASSED] - Object: 'Object Repository/Common/HomePage/HomePage_more' is clicked on

2017-11-25 00:30:12 - [TEST_STEP][PASSED] - click: Object: 'Object Repository/Common/HomePage/HomePage_Option' is clicked on

2017-11-25 00:30:12 - [MESSAGE][PASSED] - Object: 'Object Repository/Common/HomePage/HomePage_Option' is clicked on

2017-11-25 00:30:12 - [TEST_STEP][PASSED] - click: Object: 'Object Repository/Common/HomePage/HomePage_RunProgram_' is clicked on

2017-11-25 00:30:12 - [MESSAGE][PASSED] - Object: 'Object Repository/Common/HomePage/HomePage_RunProgram_' is clicked on

2017-11-25 00:30:12 - [TEST_STEP][PASSED] - sendKeys: Keys 'tfacr2520m000' sent to object: 'Object Repository/Common/HomePage/HomePage_Session_ID'

2017-11-25 00:30:13 - [MESSAGE][PASSED] - Keys 'tfacr2520m000' sent to object: 'Object Repository/Common/HomePage/HomePage_Session_ID'

2017-11-25 00:30:13 - [TEST_STEP][PASSED] - click: Object: 'Object Repository/Common/HomePage/HomePage_OkButton' is clicked on

2017-11-25 00:30:13 - [MESSAGE][PASSED] - Object: 'Object Repository/Common/HomePage/HomePage_OkButton' is clicked on

2017-11-25 00:30:13 - [MESSAGE][PASSED] - Call Test Case 'Test Cases/Common/Base_Common_OpenSession' successfully

2017-11-25 00:30:13 - [TEST_STEP][PASSED] - click: Object: 'Object Repository/Finance/BaseTestCases_OpenEntries_Service/OpenEntries_DocumentType' is clicked on

2017-11-25 00:30:16 - [MESSAGE][PASSED] - Object: 'Object Repository/Finance/BaseTestCases_OpenEntries_Service/OpenEntries_DocumentType' is clicked on

2017-11-25 00:30:16 - [TEST_STEP][PASSED] - click: Object: 'Object Repository/Finance/BaseTestCases_OpenEntries_Service/OpenEntries_DocumentNo' is clicked on

2017-11-25 00:30:16 - [MESSAGE][PASSED] - Object: 'Object Repository/Finance/BaseTestCases_OpenEntries_Service/OpenEntries_DocumentNo' is clicked on

2017-11-25 00:30:16 - [TEST_STEP][PASSED] - setText: Text 'SIS' is set on object 'Object Repository/Finance/BaseTestCases_OpenEntries_Service/OpenEntries_DocumentType'

2017-11-25 00:30:17 - [MESSAGE][PASSED] - Text 'SIS' is set on object 'Object Repository/Finance/BaseTestCases_OpenEntries_Service/OpenEntries_DocumentType'

2017-11-25 00:30:17 - [TEST_STEP][NOT_RUN] - sendKeys: NOT_RUN: sendKeys

2017-11-25 00:30:17 - [MESSAGE][NOT_RUN] - NOT_RUN: sendKeys

2017-11-25 00:30:17 - [TEST_STEP][NOT_RUN] - delay: NOT_RUN: delay

2017-11-25 00:30:17 - [MESSAGE][NOT_RUN] - NOT_RUN: delay

2017-11-25 00:30:17 - [TEST_STEP][PASSED] - setText: Text '10006800' is set on object 'Object Repository/Finance/BaseTestCases_OpenEntries_Service/OpenEntries_DocumentNo'

2017-11-25 00:30:17 - [MESSAGE][PASSED] - Text '10006800' is set on object 'Object Repository/Finance/BaseTestCases_OpenEntries_Service/OpenEntries_DocumentNo'

2017-11-25 00:30:17 - [TEST_STEP][NOT_RUN] - delay: NOT_RUN: delay

2017-11-25 00:30:17 - [MESSAGE][NOT_RUN] - NOT_RUN: delay

2017-11-25 00:30:17 - [TEST_STEP][NOT_RUN] - sendKeys: NOT_RUN: sendKeys

2017-11-25 00:30:17 - [MESSAGE][NOT_RUN] - NOT_RUN: sendKeys

2017-11-25 00:30:17 - [TEST_STEP][PASSED] - click: Object: 'Object Repository/Finance/BaseTestCases_OpenEntries_Service/OpenEntries_Action' is clicked on

2017-11-25 00:30:18 - [MESSAGE][PASSED] - Object: 'Object Repository/Finance/BaseTestCases_OpenEntries_Service/OpenEntries_Action' is clicked on

2017-11-25 00:30:18 - [TEST_STEP][PASSED] - click: Object: 'Object Repository/Finance/BaseTestCases_OpenEntries_Service/OpenEntries.FullyPaid' is clicked on

2017-11-25 00:30:18 - [MESSAGE][PASSED] - Object: 'Object Repository/Finance/BaseTestCases_OpenEntries_Service/OpenEntries.FullyPaid' is clicked on

2017-11-25 00:30:18 - [TEST_STEP][PASSED] - delay: Delayed 5 second(s)

2017-11-25 00:30:23 - [MESSAGE][PASSED] - Delayed 5 second(s)

2017-11-25 00:30:23 - [TEST_STEP][PASSED] - scrollToElement: Scroll to object 'Object Repository/Finance/BaseTestCases_OpenEntries_Service/OpenEntries.InvoiceAmt' successfully

2017-11-25 00:30:23 - [MESSAGE][PASSED] - Scroll to object 'Object Repository/Finance/BaseTestCases_OpenEntries_Service/OpenEntries.InvoiceAmt' successfully

2017-11-25 00:30:23 - [TEST_STEP][PASSED] - delay: Delayed 5 second(s)

2017-11-25 00:30:28 - [MESSAGE][PASSED] - Delayed 5 second(s)

2017-11-25 00:30:28 - [TEST_STEP][PASSED] - Statement - BalanceAmount = com.kms.katalon.core.webui.keyword.WebUiBuiltInKeywords.getText(com.kms.katalon.core.testobject.ObjectRepository.findTestObject(Finance/BaseTestCases_OpenEntries_Service/OpenEntries.BalanceAmt)): Text of object 'Object Repository/Finance/BaseTestCases_OpenEntries_Service/OpenEntries.BalanceAmt' is: '0.00'

2017-11-25 00:30:28 - [MESSAGE][PASSED] - Text of object 'Object Repository/Finance/BaseTestCases_OpenEntries_Service/OpenEntries.BalanceAmt' is: '0.00'

2017-11-25 00:30:28 - [TEST_STEP][PASSED] - verifyEqual: Actual object '0.00' and expected object '0.00' are equal

2017-11-25 00:30:28 - [MESSAGE][PASSED] - Actual object '0.00' and expected object '0.00' are equal

2017-11-25 00:30:28 - [TEST_STEP][PASSED] - click: Object: 'Object Repository/Finance/BaseTestCases_OpenEntries_Service/OpenEntries.Reference' is clicked on

2017-11-25 00:30:28 - [MESSAGE][PASSED] - Object: 'Object Repository/Finance/BaseTestCases_OpenEntries_Service/OpenEntries.Reference' is clicked on

2017-11-25 00:30:28 - [TEST_STEP][PASSED] - setText: Text '' is set on object 'Object Repository/Finance/BaseTestCases_OpenEntries_Service/OpenEntries_DocumentType'

2017-11-25 00:30:28 - [MESSAGE][PASSED] - Text '' is set on object 'Object Repository/Finance/BaseTestCases_OpenEntries_Service/OpenEntries_DocumentType'

2017-11-25 00:30:28 - [TEST_STEP][PASSED] - setText: Text '' is set on object 'Object Repository/Finance/BaseTestCases_OpenEntries_Service/OpenEntries_DocumentNo'

2017-11-25 00:30:29 - [MESSAGE][PASSED] - Text '' is set on object 'Object Repository/Finance/BaseTestCases_OpenEntries_Service/OpenEntries_DocumentNo'

2017-11-25 00:30:29 - [TEST_STEP][PASSED] - sendKeys: Keys 'TAB + ' sent to object: 'Object Repository/Finance/BaseTestCases_OpenEntries_Service/OpenEntries_DocumentType'

2017-11-25 00:30:30 - [MESSAGE][PASSED] - Keys 'TAB + ' sent to object: 'Object Repository/Finance/BaseTestCases_OpenEntries_Service/OpenEntries_DocumentType'

2017-11-25 00:30:30 - [TEST_STEP][PASSED] - sendKeys: Keys 'TAB + ' sent to object: 'Object Repository/Finance/BaseTestCases_OpenEntries_Service/OpenEntries_DocumentNo'

2017-11-25 00:30:30 - [MESSAGE][PASSED] - Keys 'TAB + ' sent to object: 'Object Repository/Finance/BaseTestCases_OpenEntries_Service/OpenEntries_DocumentNo'

2017-11-25 00:30:30 - [TEST_STEP][PASSED] - sendKeys: Keys 'M00000182 (SIS/10006800)' sent to object: 'Object Repository/Finance/BaseTestCases_OpenEntries_Service/OpenEntries.Reference'

2017-11-25 00:30:30 - [MESSAGE][PASSED] - Keys 'M00000182 (SIS/10006800)' sent to object: 'Object Repository/Finance/BaseTestCases_OpenEntries_Service/OpenEntries.Reference'

2017-11-25 00:30:30 - [TEST_STEP][PASSED] - click: Object: 'Object Repository/Finance/BaseTestCases_OpenEntries_Service/OpenEntries_DocumentNo' is clicked on

2017-11-25 00:30:30 - [MESSAGE][PASSED] - Object: 'Object Repository/Finance/BaseTestCases_OpenEntries_Service/OpenEntries_DocumentNo' is clicked on

2017-11-25 00:30:30 - [TEST_STEP][PASSED] - delay: Delayed 3 second(s)

2017-11-25 00:30:33 - [MESSAGE][PASSED] - Delayed 3 second(s)

2017-11-25 00:30:33 - [TEST_STEP][PASSED] - scrollToElement: Scroll to object 'Object Repository/Finance/BaseTestCases_OpenEntries_Service/OpenEntries.BalanceAmt' successfully

2017-11-25 00:30:33 - [MESSAGE][PASSED] - Scroll to object 'Object Repository/Finance/BaseTestCases_OpenEntries_Service/OpenEntries.BalanceAmt' successfully

2017-11-25 00:30:33 - [TEST_STEP][PASSED] - Statement - BalanceAmount = com.kms.katalon.core.webui.keyword.WebUiBuiltInKeywords.getText(com.kms.katalon.core.testobject.ObjectRepository.findTestObject(Finance/BaseTestCases_OpenEntries_Service/OpenEntries.BalanceAmt)): Text of object 'Object Repository/Finance/BaseTestCases_OpenEntries_Service/OpenEntries.BalanceAmt' is: '14.00'

2017-11-25 00:30:33 - [MESSAGE][PASSED] - Text of object 'Object Repository/Finance/BaseTestCases_OpenEntries_Service/OpenEntries.BalanceAmt' is: '14.00'

2017-11-25 00:30:33 - [TEST_STEP][PASSED] - Statement - InvoiceAmount = com.kms.katalon.core.webui.keyword.WebUiBuiltInKeywords.getText(com.kms.katalon.core.testobject.ObjectRepository.findTestObject(Finance/BaseTestCases_OpenEntries_Service/OpenEntries.InvoiceAmt)): Text of object 'Object Repository/Finance/BaseTestCases_OpenEntries_Service/OpenEntries.InvoiceAmt' is: '14.00'

2017-11-25 00:30:33 - [MESSAGE][PASSED] - Text of object 'Object Repository/Finance/BaseTestCases_OpenEntries_Service/OpenEntries.InvoiceAmt' is: '14.00'

2017-11-25 00:30:33 - [TEST_STEP][PASSED] - verifyEqual: Actual object '14.00' and expected object '14.00' are equal

2017-11-25 00:30:33 - [MESSAGE][PASSED] - Actual object '14.00' and expected object '14.00' are equal

2017-11-25 00:30:33 - [TEST_STEP][NOT_RUN] - closeBrowser: NOT_RUN: closeBrowser

2017-11-25 00:30:33 - [MESSAGE][NOT_RUN] - NOT_RUN: closeBrowser

2017-11-25 00:30:33 - [MESSAGE][PASSED] - Call Test Case 'Test Cases/Finance/BaseTestCases/Base_Finance_CheckOpenEntriesForCCInvoice1' successfully]]></system-out>
         <system-err><![CDATA[]]></system-err>
      </testcase>
      <system-out><![CDATA[2017-11-25 00:23:28 - [TEST_SUITE][PASSED] - CC_ServiceTestSuitewithDiffGatewayTestSuite: Test Cases/Service/CreditCardRegression/TC001_Service_CreditCard]]></system-out>
      <system-err><![CDATA[]]></system-err>
   </testsuite>
</testsuites>
