<?xml version="1.0" encoding="UTF-8"?>
<testsuites name="CC_EquipmentTestSuite" time="753" tests="1" failures="1" errors="0">
   <testsuite name="CC_EquipmentTestSuite" tests="1" failures="1" errors="0" time="753" timestamp="2017-11-14 18:49:04" hostname="rgajbhiye - EET-RG.e-emphasys.com" id="Test Suites/CC_EquipmentTestSuite">
      <properties>
         <property name="deviceName" value=""/>
         <property name="devicePlatform" value=""/>
         <property name="logFolder" value="C:\\Users\\rgajbhiye\\git\\CreditCard\\Reports\\CC_EquipmentTestSuite\\20171114_184857"/>
         <property name="logFiles" value="C:\\Users\\rgajbhiye\\git\\CreditCard\\Reports\\CC_EquipmentTestSuite\\20171114_184857\\execution0.log"/>
         <property name="attachments" value="C:\\Users\\rgajbhiye\\git\\CreditCard\\Reports\\CC_EquipmentTestSuite\\20171114_184857\\1510666219182.png, C:\\Users\\rgajbhiye\\git\\CreditCard\\Reports\\CC_EquipmentTestSuite\\20171114_184857\\1510666251897.png, C:\\Users\\rgajbhiye\\git\\CreditCard\\Reports\\CC_EquipmentTestSuite\\20171114_184857\\1510666284572.png"/>
         <property name="hostName" value="rgajbhiye - EET-RG.e-emphasys.com"/>
         <property name="os" value="Windows 7 64bit"/>
         <property name="katalonVersion" value="5.0.0.1"/>
         <property name="browser" value="Firefox 43.0"/>
         <property name="hostAddress" value="192.168.25.107"/>
         <property name="sessionId" value="99a19b1f-f09f-4758-937f-8aaa03020aa1"/>
         <property name="seleniumVersion" value="2.53.0"/>
         <property name="proxyInformation" value="ProxyInformation{proxyOption=NO_PROXY, proxyServerType=, password=, proxyServerAddress=, proxyServerPort=0}"/>
         <property name="platform" value="Windows 7"/>
      </properties>
      <testcase name="Test Cases/Equipment/CreditCardRegression/TC001_EquipmentSalesAgreement_DiffGateway" classname="Test Cases/Equipment/CreditCardRegression/TC001_EquipmentSalesAgreement_DiffGateway" status="PASSED">
         <system-out><![CDATA[2017-11-14 18:49:05 - [TEST_CASE][PASSED] - Test Cases/Equipment/CreditCardRegression/TC001_EquipmentSalesAgreement_DiffGateway: Test Cases/Equipment/CreditCardRegression/TC001_EquipmentSalesAgreement_DiffGateway

2017-11-14 18:49:06 - [TEST_STEP][PASSED] - callTestCase: Call Test Case 'Test Cases/Equipment/Base_EquipmentPurchase/EPO_CreateNrecieve' successfully

2017-11-14 18:49:06 - [TEST_CASE][PASSED] - Test Cases/Equipment/Base_EquipmentPurchase/EPO_CreateNrecieve: Test Cases/Equipment/Base_EquipmentPurchase/EPO_CreateNrecieve

2017-11-14 18:49:06 - [TEST_STEP][PASSED] - callTestCase: Call Test Case 'Test Cases/Equipment/Base_EquipmentPurchase/Base_EPO_CreateHeaderNline' successfully

2017-11-14 18:49:07 - [TEST_CASE][PASSED] - Test Cases/Equipment/Base_EquipmentPurchase/Base_EPO_CreateHeaderNline: Test Cases/Equipment/Base_EquipmentPurchase/Base_EPO_CreateHeaderNline

2017-11-14 18:49:07 - [TEST_STEP][PASSED] - callTestCase: Call Test Case 'Test Cases/Common/Base_Common_OpenSession' successfully

2017-11-14 18:49:07 - [TEST_CASE][PASSED] - Test Cases/Common/Base_Common_OpenSession: Test Cases/Common/Base_Common_OpenSession

2017-11-14 18:49:07 - [TEST_STEP][PASSED] - openBrowser: Browser is opened with url: 'https://rgajbhiye:Robin$123@proxima-ln4.e-emphasys.com:8441/webui/servlet/login'

2017-11-14 18:49:17 - [MESSAGE][PASSED] - Browser is opened with url: 'https://rgajbhiye:Robin$123@proxima-ln4.e-emphasys.com:8441/webui/servlet/login'

2017-11-14 18:49:17 - [TEST_STEP][PASSED] - waitForPageLoad: Wait for page load successfully

2017-11-14 18:49:17 - [MESSAGE][PASSED] - Wait for page load successfully

2017-11-14 18:49:17 - [TEST_STEP][PASSED] - maximizeWindow: Current window maximized

2017-11-14 18:49:17 - [MESSAGE][PASSED] - Current window maximized

2017-11-14 18:49:17 - [TEST_STEP][PASSED] - click: Object: 'Object Repository/Common/HomePage/HomePage_more' is clicked on

2017-11-14 18:49:19 - [MESSAGE][PASSED] - Object: 'Object Repository/Common/HomePage/HomePage_more' is clicked on

2017-11-14 18:49:19 - [TEST_STEP][PASSED] - click: Object: 'Object Repository/Common/HomePage/HomePage_Option' is clicked on

2017-11-14 18:49:19 - [MESSAGE][PASSED] - Object: 'Object Repository/Common/HomePage/HomePage_Option' is clicked on

2017-11-14 18:49:19 - [TEST_STEP][PASSED] - click: Object: 'Object Repository/Common/HomePage/HomePage_RunProgram_' is clicked on

2017-11-14 18:49:20 - [MESSAGE][PASSED] - Object: 'Object Repository/Common/HomePage/HomePage_RunProgram_' is clicked on

2017-11-14 18:49:20 - [TEST_STEP][PASSED] - sendKeys: Keys 'tdext8150s000' sent to object: 'Object Repository/Common/HomePage/HomePage_Session_ID'

2017-11-14 18:49:20 - [MESSAGE][PASSED] - Keys 'tdext8150s000' sent to object: 'Object Repository/Common/HomePage/HomePage_Session_ID'

2017-11-14 18:49:20 - [TEST_STEP][PASSED] - click: Object: 'Object Repository/Common/HomePage/HomePage_OkButton' is clicked on

2017-11-14 18:49:20 - [MESSAGE][PASSED] - Object: 'Object Repository/Common/HomePage/HomePage_OkButton' is clicked on

2017-11-14 18:49:20 - [MESSAGE][PASSED] - Call Test Case 'Test Cases/Common/Base_Common_OpenSession' successfully

2017-11-14 18:49:20 - [TEST_STEP][PASSED] - waitForElementPresent: Object 'Object Repository/Equipment/EquipmentPurchase/EPO_Header/EPO_Header_New' is present

2017-11-14 18:49:22 - [MESSAGE][PASSED] - Object 'Object Repository/Equipment/EquipmentPurchase/EPO_Header/EPO_Header_New' is present

2017-11-14 18:49:22 - [TEST_STEP][PASSED] - click: Object: 'Object Repository/Equipment/EquipmentPurchase/EPO_Header/EPO_Header_New' is clicked on

2017-11-14 18:49:23 - [MESSAGE][PASSED] - Object: 'Object Repository/Equipment/EquipmentPurchase/EPO_Header/EPO_Header_New' is clicked on

2017-11-14 18:49:23 - [TEST_STEP][PASSED] - click: Object: 'Object Repository/Equipment/EquipmentPurchase/EPO_Header/EPO_Header_Customer' is clicked on

2017-11-14 18:49:23 - [MESSAGE][PASSED] - Object: 'Object Repository/Equipment/EquipmentPurchase/EPO_Header/EPO_Header_Customer' is clicked on

2017-11-14 18:49:23 - [TEST_STEP][PASSED] - setText: Text 'M00000010' is set on object 'Object Repository/Equipment/EquipmentPurchase/EPO_Header/EPO_Header_Customer'

2017-11-14 18:49:24 - [MESSAGE][PASSED] - Text 'M00000010' is set on object 'Object Repository/Equipment/EquipmentPurchase/EPO_Header/EPO_Header_Customer'

2017-11-14 18:49:24 - [TEST_STEP][PASSED] - click: Object: 'Object Repository/Equipment/EquipmentPurchase/EPO_Header/EPO_Header_Save' is clicked on

2017-11-14 18:49:24 - [MESSAGE][PASSED] - Object: 'Object Repository/Equipment/EquipmentPurchase/EPO_Header/EPO_Header_Save' is clicked on

2017-11-14 18:49:24 - [TEST_STEP][PASSED] - delay: Delayed 5 second(s)

2017-11-14 18:49:29 - [MESSAGE][PASSED] - Delayed 5 second(s)

2017-11-14 18:49:29 - [TEST_STEP][PASSED] - click: Object: 'Object Repository/Equipment/EquipmentPurchase/EPO_Header/EPO_Header_Action' is clicked on

2017-11-14 18:49:29 - [MESSAGE][PASSED] - Object: 'Object Repository/Equipment/EquipmentPurchase/EPO_Header/EPO_Header_Action' is clicked on

2017-11-14 18:49:29 - [TEST_STEP][PASSED] - click: Object: 'Object Repository/Equipment/EquipmentPurchase/EPO_Header/EPO_Header_Action_OrderLines' is clicked on

2017-11-14 18:49:29 - [MESSAGE][PASSED] - Object: 'Object Repository/Equipment/EquipmentPurchase/EPO_Header/EPO_Header_Action_OrderLines' is clicked on

2017-11-14 18:49:29 - [TEST_STEP][PASSED] - waitForElementPresent: Object 'Object Repository/Equipment/EquipmentPurchase/EPO_Line/EPO_MultiLine_New' is present

2017-11-14 18:49:31 - [MESSAGE][PASSED] - Object 'Object Repository/Equipment/EquipmentPurchase/EPO_Line/EPO_MultiLine_New' is present

2017-11-14 18:49:31 - [TEST_STEP][PASSED] - click: Object: 'Object Repository/Equipment/EquipmentPurchase/EPO_Line/EPO_MultiLine_New' is clicked on

2017-11-14 18:49:32 - [MESSAGE][PASSED] - Object: 'Object Repository/Equipment/EquipmentPurchase/EPO_Line/EPO_MultiLine_New' is clicked on

2017-11-14 18:49:32 - [TEST_STEP][PASSED] - waitForElementPresent: Object 'Object Repository/Equipment/EquipmentPurchase/EPO_Line/EPO_Line_Model' is present

2017-11-14 18:49:33 - [MESSAGE][PASSED] - Object 'Object Repository/Equipment/EquipmentPurchase/EPO_Line/EPO_Line_Model' is present

2017-11-14 18:49:33 - [TEST_STEP][PASSED] - click: Object: 'Object Repository/Equipment/EquipmentPurchase/EPO_Line/EPO_Line_Model' is clicked on

2017-11-14 18:49:33 - [MESSAGE][PASSED] - Object: 'Object Repository/Equipment/EquipmentPurchase/EPO_Line/EPO_Line_Model' is clicked on

2017-11-14 18:49:33 - [TEST_STEP][PASSED] - delay: Delayed 2 second(s)

2017-11-14 18:49:35 - [MESSAGE][PASSED] - Delayed 2 second(s)

2017-11-14 18:49:35 - [TEST_STEP][PASSED] - setText: Text '1032' is set on object 'Object Repository/Equipment/EquipmentPurchase/EPO_Line/EPO_Line_Model'

2017-11-14 18:49:35 - [MESSAGE][PASSED] - Text '1032' is set on object 'Object Repository/Equipment/EquipmentPurchase/EPO_Line/EPO_Line_Model'

2017-11-14 18:49:35 - [TEST_STEP][PASSED] - click: Object: 'Object Repository/Equipment/EquipmentPurchase/EPO_Line/EPO_Line_NeworUsed' is clicked on

2017-11-14 18:49:36 - [MESSAGE][PASSED] - Object: 'Object Repository/Equipment/EquipmentPurchase/EPO_Line/EPO_Line_NeworUsed' is clicked on

2017-11-14 18:49:36 - [TEST_STEP][PASSED] - click: Object: 'Object Repository/Equipment/EquipmentPurchase/EPO_Line/EPO_Line_NewEquipOption' is clicked on

2017-11-14 18:49:36 - [MESSAGE][PASSED] - Object: 'Object Repository/Equipment/EquipmentPurchase/EPO_Line/EPO_Line_NewEquipOption' is clicked on

2017-11-14 18:49:36 - [TEST_STEP][PASSED] - click: Object: 'Object Repository/Equipment/EquipmentPurchase/EPO_Line/EPO_Line_PlannedDate' is clicked on

2017-11-14 18:49:36 - [MESSAGE][PASSED] - Object: 'Object Repository/Equipment/EquipmentPurchase/EPO_Line/EPO_Line_PlannedDate' is clicked on

2017-11-14 18:49:36 - [TEST_STEP][PASSED] - delay: Delayed 2 second(s)

2017-11-14 18:49:38 - [MESSAGE][PASSED] - Delayed 2 second(s)

2017-11-14 18:49:38 - [TEST_STEP][PASSED] - setText: Text '+10' is set on object 'Object Repository/Equipment/EquipmentPurchase/EPO_Line/EPO_Line_PlannedDate'

2017-11-14 18:49:38 - [MESSAGE][PASSED] - Text '+10' is set on object 'Object Repository/Equipment/EquipmentPurchase/EPO_Line/EPO_Line_PlannedDate'

2017-11-14 18:49:38 - [TEST_STEP][PASSED] - click: Object: 'Object Repository/Equipment/EquipmentPurchase/EPO_Line/EPO_Line_Price' is clicked on

2017-11-14 18:49:38 - [MESSAGE][PASSED] - Object: 'Object Repository/Equipment/EquipmentPurchase/EPO_Line/EPO_Line_Price' is clicked on

2017-11-14 18:49:38 - [TEST_STEP][PASSED] - delay: Delayed 2 second(s)

2017-11-14 18:49:40 - [MESSAGE][PASSED] - Delayed 2 second(s)

2017-11-14 18:49:40 - [TEST_STEP][PASSED] - setText: Text '100' is set on object 'Object Repository/Equipment/EquipmentPurchase/EPO_Line/EPO_Line_Price'

2017-11-14 18:49:41 - [MESSAGE][PASSED] - Text '100' is set on object 'Object Repository/Equipment/EquipmentPurchase/EPO_Line/EPO_Line_Price'

2017-11-14 18:49:41 - [TEST_STEP][PASSED] - click: Object: 'Object Repository/Equipment/EquipmentPurchase/EPO_Line/EPO_Line_Save' is clicked on

2017-11-14 18:49:41 - [MESSAGE][PASSED] - Object: 'Object Repository/Equipment/EquipmentPurchase/EPO_Line/EPO_Line_Save' is clicked on

2017-11-14 18:49:41 - [TEST_STEP][PASSED] - click: Object: 'Object Repository/Equipment/EquipmentPurchase/EPO_Line/EPO_Line_importNO' is clicked on

2017-11-14 18:49:42 - [MESSAGE][PASSED] - Object: 'Object Repository/Equipment/EquipmentPurchase/EPO_Line/EPO_Line_importNO' is clicked on

2017-11-14 18:49:42 - [TEST_STEP][PASSED] - click: Object: 'Object Repository/Equipment/EquipmentPurchase/EPO_Line/EPO_Line_SaveNclose' is clicked on

2017-11-14 18:49:42 - [MESSAGE][PASSED] - Object: 'Object Repository/Equipment/EquipmentPurchase/EPO_Line/EPO_Line_SaveNclose' is clicked on

2017-11-14 18:49:42 - [TEST_STEP][PASSED] - delay: Delayed 2 second(s)

2017-11-14 18:49:44 - [MESSAGE][PASSED] - Delayed 2 second(s)

2017-11-14 18:49:44 - [TEST_STEP][PASSED] - click: Object: 'Object Repository/Equipment/EquipmentPurchase/EPO_Line/EPO_MultiLine_SavenClose' is clicked on

2017-11-14 18:49:44 - [MESSAGE][PASSED] - Object: 'Object Repository/Equipment/EquipmentPurchase/EPO_Line/EPO_MultiLine_SavenClose' is clicked on

2017-11-14 18:49:44 - [MESSAGE][PASSED] - Call Test Case 'Test Cases/Equipment/Base_EquipmentPurchase/Base_EPO_CreateHeaderNline' successfully

2017-11-14 18:49:44 - [TEST_STEP][PASSED] - callTestCase: Call Test Case 'Test Cases/Equipment/Base_EquipmentPurchase/Base_EPO_Reciept' successfully

2017-11-14 18:49:44 - [TEST_CASE][PASSED] - Test Cases/Equipment/Base_EquipmentPurchase/Base_EPO_Reciept: Test Cases/Equipment/Base_EquipmentPurchase/Base_EPO_Reciept

2017-11-14 18:49:45 - [TEST_STEP][PASSED] - click: Object: 'Object Repository/Equipment/EquipmentPurchase/EPO_Header/EPO_Header_Action' is clicked on

2017-11-14 18:49:45 - [MESSAGE][PASSED] - Object: 'Object Repository/Equipment/EquipmentPurchase/EPO_Header/EPO_Header_Action' is clicked on

2017-11-14 18:49:45 - [TEST_STEP][PASSED] - click: Object: 'Object Repository/Equipment/EquipmentPurchase/EPO_Header/EPO_Header_Action_SendForApproval' is clicked on

2017-11-14 18:49:45 - [MESSAGE][PASSED] - Object: 'Object Repository/Equipment/EquipmentPurchase/EPO_Header/EPO_Header_Action_SendForApproval' is clicked on

2017-11-14 18:49:45 - [TEST_STEP][PASSED] - delay: Delayed 5 second(s)

2017-11-14 18:49:50 - [MESSAGE][PASSED] - Delayed 5 second(s)

2017-11-14 18:49:50 - [TEST_STEP][PASSED] - click: Object: 'Object Repository/Equipment/EquipmentPurchase/EPO_Header/EPO_Header_Action' is clicked on

2017-11-14 18:49:51 - [MESSAGE][PASSED] - Object: 'Object Repository/Equipment/EquipmentPurchase/EPO_Header/EPO_Header_Action' is clicked on

2017-11-14 18:49:51 - [TEST_STEP][PASSED] - click: Object: 'Object Repository/Equipment/EquipmentPurchase/EPO_Header/EPO_Header_Apporve' is clicked on

2017-11-14 18:49:51 - [MESSAGE][PASSED] - Object: 'Object Repository/Equipment/EquipmentPurchase/EPO_Header/EPO_Header_Apporve' is clicked on

2017-11-14 18:49:51 - [TEST_STEP][PASSED] - delay: Delayed 5 second(s)

2017-11-14 18:49:56 - [MESSAGE][PASSED] - Delayed 5 second(s)

2017-11-14 18:49:56 - [TEST_STEP][PASSED] - click: Object: 'Object Repository/Equipment/EquipmentPurchase/EPO_Header/EPO_Header_Print' is clicked on

2017-11-14 18:49:56 - [MESSAGE][PASSED] - Object: 'Object Repository/Equipment/EquipmentPurchase/EPO_Header/EPO_Header_Print' is clicked on

2017-11-14 18:49:56 - [TEST_STEP][PASSED] - click: Object: 'Object Repository/Equipment/EquipmentPurchase/EPO_Header/EPO_Print_FinalPrint' is clicked on

2017-11-14 18:49:57 - [MESSAGE][PASSED] - Object: 'Object Repository/Equipment/EquipmentPurchase/EPO_Header/EPO_Print_FinalPrint' is clicked on

2017-11-14 18:49:57 - [TEST_STEP][PASSED] - click: Object: 'Object Repository/Equipment/EquipmentPurchase/EPO_Header/EPO_Print_PrintOption' is clicked on

2017-11-14 18:49:57 - [MESSAGE][PASSED] - Object: 'Object Repository/Equipment/EquipmentPurchase/EPO_Header/EPO_Print_PrintOption' is clicked on

2017-11-14 18:49:57 - [TEST_STEP][PASSED] - click: Object: 'Object Repository/Equipment/EquipmentPurchase/EPO_Header/EPO_Print_Device' is clicked on

2017-11-14 18:49:59 - [MESSAGE][PASSED] - Object: 'Object Repository/Equipment/EquipmentPurchase/EPO_Header/EPO_Print_Device' is clicked on

2017-11-14 18:49:59 - [TEST_STEP][PASSED] - setText: Text 'D' is set on object 'Object Repository/Equipment/EquipmentPurchase/EPO_Header/EPO_Print_Device'

2017-11-14 18:49:59 - [MESSAGE][PASSED] - Text 'D' is set on object 'Object Repository/Equipment/EquipmentPurchase/EPO_Header/EPO_Print_Device'

2017-11-14 18:49:59 - [TEST_STEP][PASSED] - click: Object: 'Object Repository/Equipment/EquipmentPurchase/EPO_Header/EPO_Print_Continue' is clicked on

2017-11-14 18:50:00 - [MESSAGE][PASSED] - Object: 'Object Repository/Equipment/EquipmentPurchase/EPO_Header/EPO_Print_Continue' is clicked on

2017-11-14 18:50:00 - [TEST_STEP][PASSED] - delay: Delayed 5 second(s)

2017-11-14 18:50:05 - [MESSAGE][PASSED] - Delayed 5 second(s)

2017-11-14 18:50:05 - [TEST_STEP][PASSED] - click: Object: 'Object Repository/Equipment/EquipmentPurchase/EPO_Header/EPO_Header_EPOtab' is clicked on

2017-11-14 18:50:05 - [MESSAGE][PASSED] - Object: 'Object Repository/Equipment/EquipmentPurchase/EPO_Header/EPO_Header_EPOtab' is clicked on

2017-11-14 18:50:05 - [TEST_STEP][PASSED] - click: Object: 'Object Repository/Equipment/EquipmentPurchase/EPO_Header/EPO_Print_Close' is clicked on

2017-11-14 18:50:05 - [MESSAGE][PASSED] - Object: 'Object Repository/Equipment/EquipmentPurchase/EPO_Header/EPO_Print_Close' is clicked on

2017-11-14 18:50:05 - [TEST_STEP][PASSED] - delay: Delayed 3 second(s)

2017-11-14 18:50:08 - [MESSAGE][PASSED] - Delayed 3 second(s)

2017-11-14 18:50:08 - [TEST_STEP][PASSED] - click: Object: 'Object Repository/Equipment/EquipmentPurchase/EPO_Header/EPO_Header_Action' is clicked on

2017-11-14 18:50:08 - [MESSAGE][PASSED] - Object: 'Object Repository/Equipment/EquipmentPurchase/EPO_Header/EPO_Header_Action' is clicked on

2017-11-14 18:50:08 - [TEST_STEP][PASSED] - click: Object: 'Object Repository/Equipment/EquipmentPurchase/EPO_Header/EPO_Action_Reciept' is clicked on

2017-11-14 18:50:09 - [MESSAGE][PASSED] - Object: 'Object Repository/Equipment/EquipmentPurchase/EPO_Header/EPO_Action_Reciept' is clicked on

2017-11-14 18:50:09 - [TEST_STEP][PASSED] - waitForElementPresent: Object 'Object Repository/Equipment/EquipmentPurchase/EPO_Receipt/EPO_Reciept_Save' is present

2017-11-14 18:50:11 - [MESSAGE][PASSED] - Object 'Object Repository/Equipment/EquipmentPurchase/EPO_Receipt/EPO_Reciept_Save' is present

2017-11-14 18:50:11 - [TEST_STEP][PASSED] - click: Object: 'Object Repository/Equipment/EquipmentPurchase/EPO_Receipt/EPO_Reciept_Save' is clicked on

2017-11-14 18:50:11 - [MESSAGE][PASSED] - Object: 'Object Repository/Equipment/EquipmentPurchase/EPO_Receipt/EPO_Reciept_Save' is clicked on

2017-11-14 18:50:11 - [TEST_STEP][PASSED] - delay: Delayed 3 second(s)

2017-11-14 18:50:14 - [MESSAGE][PASSED] - Delayed 3 second(s)

2017-11-14 18:50:14 - [TEST_STEP][PASSED] - click: Object: 'Object Repository/Equipment/EquipmentPurchase/EPO_Receipt/EPO_Receipt_Action' is clicked on

2017-11-14 18:50:14 - [MESSAGE][PASSED] - Object: 'Object Repository/Equipment/EquipmentPurchase/EPO_Receipt/EPO_Receipt_Action' is clicked on

2017-11-14 18:50:14 - [TEST_STEP][PASSED] - click: Object: 'Object Repository/Equipment/EquipmentPurchase/EPO_Receipt/EPO_Receipt_Action_ReceiptLine' is clicked on

2017-11-14 18:50:14 - [MESSAGE][PASSED] - Object: 'Object Repository/Equipment/EquipmentPurchase/EPO_Receipt/EPO_Receipt_Action_ReceiptLine' is clicked on

2017-11-14 18:50:14 - [TEST_STEP][PASSED] - waitForElementPresent: Object 'Object Repository/Equipment/EquipmentPurchase/EPO_Receipt_Line/EPO_ReceiptLine_New' is present

2017-11-14 18:50:15 - [MESSAGE][PASSED] - Object 'Object Repository/Equipment/EquipmentPurchase/EPO_Receipt_Line/EPO_ReceiptLine_New' is present

2017-11-14 18:50:15 - [TEST_STEP][PASSED] - click: Object: 'Object Repository/Equipment/EquipmentPurchase/EPO_Receipt_Line/EPO_ReceiptLine_New' is clicked on

2017-11-14 18:50:16 - [MESSAGE][PASSED] - Object: 'Object Repository/Equipment/EquipmentPurchase/EPO_Receipt_Line/EPO_ReceiptLine_New' is clicked on

2017-11-14 18:50:16 - [TEST_STEP][PASSED] - waitForElementPresent: Object 'Object Repository/Equipment/EquipmentPurchase/EPO_Receipt_Line/EPO_RecieptLine_Select' is present

2017-11-14 18:50:17 - [MESSAGE][PASSED] - Object 'Object Repository/Equipment/EquipmentPurchase/EPO_Receipt_Line/EPO_RecieptLine_Select' is present

2017-11-14 18:50:17 - [TEST_STEP][PASSED] - click: Object: 'Object Repository/Equipment/EquipmentPurchase/EPO_Receipt_Line/EPO_RecieptLine_Select' is clicked on

2017-11-14 18:50:18 - [MESSAGE][PASSED] - Object: 'Object Repository/Equipment/EquipmentPurchase/EPO_Receipt_Line/EPO_RecieptLine_Select' is clicked on

2017-11-14 18:50:18 - [TEST_STEP][PASSED] - delay: Delayed 3 second(s)

2017-11-14 18:50:21 - [MESSAGE][PASSED] - Delayed 3 second(s)

2017-11-14 18:50:21 - [TEST_STEP][PASSED] - click: Object: 'Object Repository/Equipment/EquipmentPurchase/EPO_Receipt_Line/EPO_ReceiptLine_SavenClose' is clicked on

2017-11-14 18:50:21 - [MESSAGE][PASSED] - Object: 'Object Repository/Equipment/EquipmentPurchase/EPO_Receipt_Line/EPO_ReceiptLine_SavenClose' is clicked on

2017-11-14 18:50:21 - [TEST_STEP][PASSED] - waitForElementPresent: Object 'Object Repository/Equipment/EquipmentPurchase/EPO_Receipt_Line/EPO_RecieptLineAction' is present

2017-11-14 18:50:21 - [MESSAGE][PASSED] - Object 'Object Repository/Equipment/EquipmentPurchase/EPO_Receipt_Line/EPO_RecieptLineAction' is present

2017-11-14 18:50:21 - [TEST_STEP][PASSED] - Statement - G_Unit = com.kms.katalon.core.webui.keyword.WebUiBuiltInKeywords.getText(com.kms.katalon.core.testobject.ObjectRepository.findTestObject(Equipment/EquipmentPurchase/EPO_Receipt/EPO_Reciept_Unit)): Text of object 'Object Repository/Equipment/EquipmentPurchase/EPO_Receipt/EPO_Reciept_Unit' is: 'MD0018305'

2017-11-14 18:50:21 - [MESSAGE][PASSED] - Text of object 'Object Repository/Equipment/EquipmentPurchase/EPO_Receipt/EPO_Reciept_Unit' is: 'MD0018305'

2017-11-14 18:50:21 - [TEST_STEP][PASSED] - click: Object: 'Object Repository/Equipment/EquipmentPurchase/EPO_Receipt_Line/EPO_RecieptLineAction' is clicked on

2017-11-14 18:50:22 - [MESSAGE][PASSED] - Object: 'Object Repository/Equipment/EquipmentPurchase/EPO_Receipt_Line/EPO_RecieptLineAction' is clicked on

2017-11-14 18:50:22 - [TEST_STEP][PASSED] - click: Object: 'Object Repository/Equipment/EquipmentPurchase/EPO_Receipt/EPO_Action_Confirm' is clicked on

2017-11-14 18:50:22 - [MESSAGE][PASSED] - Object: 'Object Repository/Equipment/EquipmentPurchase/EPO_Receipt/EPO_Action_Confirm' is clicked on

2017-11-14 18:50:22 - [TEST_STEP][PASSED] - click: Object: 'Object Repository/Equipment/EquipmentPurchase/EPO_Receipt/EPO_Reciept_MeterOK' is clicked on

2017-11-14 18:50:22 - [MESSAGE][PASSED] - Object: 'Object Repository/Equipment/EquipmentPurchase/EPO_Receipt/EPO_Reciept_MeterOK' is clicked on

2017-11-14 18:50:22 - [TEST_STEP][PASSED] - waitForElementPresent: Object 'Object Repository/Equipment/EquipmentPurchase/EPO_Receipt/EPO_RecieptPrint_Device' is present

2017-11-14 18:50:24 - [MESSAGE][PASSED] - Object 'Object Repository/Equipment/EquipmentPurchase/EPO_Receipt/EPO_RecieptPrint_Device' is present

2017-11-14 18:50:24 - [TEST_STEP][PASSED] - click: Object: 'Object Repository/Equipment/EquipmentPurchase/EPO_Receipt/EPO_RecieptPrint_Device' is clicked on

2017-11-14 18:50:24 - [MESSAGE][PASSED] - Object: 'Object Repository/Equipment/EquipmentPurchase/EPO_Receipt/EPO_RecieptPrint_Device' is clicked on

2017-11-14 18:50:24 - [TEST_STEP][PASSED] - setText: Text 'D' is set on object 'Object Repository/Equipment/EquipmentPurchase/EPO_Receipt/EPO_RecieptPrint_Device'

2017-11-14 18:50:25 - [MESSAGE][PASSED] - Text 'D' is set on object 'Object Repository/Equipment/EquipmentPurchase/EPO_Receipt/EPO_RecieptPrint_Device'

2017-11-14 18:50:25 - [TEST_STEP][PASSED] - click: Object: 'Object Repository/Equipment/EquipmentPurchase/EPO_Receipt/EPO_RecieptPrint_Continue' is clicked on

2017-11-14 18:50:25 - [MESSAGE][PASSED] - Object: 'Object Repository/Equipment/EquipmentPurchase/EPO_Receipt/EPO_RecieptPrint_Continue' is clicked on

2017-11-14 18:50:25 - [TEST_STEP][PASSED] - delay: Delayed 3 second(s)

2017-11-14 18:50:28 - [MESSAGE][PASSED] - Delayed 3 second(s)

2017-11-14 18:50:28 - [TEST_STEP][PASSED] - click: Object: 'Object Repository/Equipment/EquipmentPurchase/EPO_Receipt/EPO_RecieptPrint_ProcessCompleted' is clicked on

2017-11-14 18:50:28 - [MESSAGE][PASSED] - Object: 'Object Repository/Equipment/EquipmentPurchase/EPO_Receipt/EPO_RecieptPrint_ProcessCompleted' is clicked on

2017-11-14 18:50:28 - [TEST_STEP][PASSED] - delay: Delayed 10 second(s)

2017-11-14 18:50:38 - [MESSAGE][PASSED] - Delayed 10 second(s)

2017-11-14 18:50:38 - [MESSAGE][PASSED] - Call Test Case 'Test Cases/Equipment/Base_EquipmentPurchase/Base_EPO_Reciept' successfully

2017-11-14 18:50:38 - [MESSAGE][PASSED] - Call Test Case 'Test Cases/Equipment/Base_EquipmentPurchase/EPO_CreateNrecieve' successfully

2017-11-14 18:50:38 - [TEST_STEP][PASSED] - callTestCase: Call Test Case 'Test Cases/Equipment/Base_EquipmentSales/Base_Equipement_CreateHeader' successfully

2017-11-14 18:50:38 - [TEST_CASE][PASSED] - Test Cases/Equipment/Base_EquipmentSales/Base_Equipement_CreateHeader: Test Cases/Equipment/Base_EquipmentSales/Base_Equipement_CreateHeader

2017-11-14 18:50:39 - [TEST_STEP][PASSED] - callTestCase: Call Test Case 'Test Cases/Common/Base_Common_OpenSession' successfully

2017-11-14 18:50:39 - [TEST_CASE][PASSED] - Test Cases/Common/Base_Common_OpenSession: Test Cases/Common/Base_Common_OpenSession

2017-11-14 18:50:39 - [TEST_STEP][PASSED] - openBrowser: Browser is opened with url: 'https://rgajbhiye:Robin$123@proxima-ln4.e-emphasys.com:8441/webui/servlet/login'

2017-11-14 18:50:39 - [MESSAGE][WARNING] - A browser is already opened. Closing browser and opening a new one

2017-11-14 18:50:47 - [MESSAGE][PASSED] - Browser is opened with url: 'https://rgajbhiye:Robin$123@proxima-ln4.e-emphasys.com:8441/webui/servlet/login'

2017-11-14 18:50:47 - [TEST_STEP][PASSED] - waitForPageLoad: Wait for page load successfully

2017-11-14 18:50:47 - [MESSAGE][PASSED] - Wait for page load successfully

2017-11-14 18:50:47 - [TEST_STEP][PASSED] - maximizeWindow: Current window maximized

2017-11-14 18:50:47 - [MESSAGE][PASSED] - Current window maximized

2017-11-14 18:50:47 - [TEST_STEP][PASSED] - click: Object: 'Object Repository/Common/HomePage/HomePage_more' is clicked on

2017-11-14 18:50:49 - [MESSAGE][PASSED] - Object: 'Object Repository/Common/HomePage/HomePage_more' is clicked on

2017-11-14 18:50:49 - [TEST_STEP][PASSED] - click: Object: 'Object Repository/Common/HomePage/HomePage_Option' is clicked on

2017-11-14 18:50:50 - [MESSAGE][PASSED] - Object: 'Object Repository/Common/HomePage/HomePage_Option' is clicked on

2017-11-14 18:50:50 - [TEST_STEP][PASSED] - click: Object: 'Object Repository/Common/HomePage/HomePage_RunProgram_' is clicked on

2017-11-14 18:50:50 - [MESSAGE][PASSED] - Object: 'Object Repository/Common/HomePage/HomePage_RunProgram_' is clicked on

2017-11-14 18:50:50 - [TEST_STEP][PASSED] - sendKeys: Keys 'tdext8570m000' sent to object: 'Object Repository/Common/HomePage/HomePage_Session_ID'

2017-11-14 18:50:50 - [MESSAGE][PASSED] - Keys 'tdext8570m000' sent to object: 'Object Repository/Common/HomePage/HomePage_Session_ID'

2017-11-14 18:50:50 - [TEST_STEP][PASSED] - click: Object: 'Object Repository/Common/HomePage/HomePage_OkButton' is clicked on

2017-11-14 18:50:51 - [MESSAGE][PASSED] - Object: 'Object Repository/Common/HomePage/HomePage_OkButton' is clicked on

2017-11-14 18:50:51 - [MESSAGE][PASSED] - Call Test Case 'Test Cases/Common/Base_Common_OpenSession' successfully

2017-11-14 18:50:51 - [TEST_STEP][PASSED] - waitForElementPresent: Object 'Object Repository/Equipment/EquipmentSales/EquipmentSalesAgreementHeader/EquipmentSalesOrder_MMT_New' is present

2017-11-14 18:50:58 - [MESSAGE][PASSED] - Object 'Object Repository/Equipment/EquipmentSales/EquipmentSalesAgreementHeader/EquipmentSalesOrder_MMT_New' is present

2017-11-14 18:50:58 - [TEST_STEP][PASSED] - click: Object: 'Object Repository/Equipment/EquipmentSales/EquipmentSalesAgreementHeader/EquipmentSalesOrder_MMT_New' is clicked on

2017-11-14 18:51:02 - [MESSAGE][PASSED] - Object: 'Object Repository/Equipment/EquipmentSales/EquipmentSalesAgreementHeader/EquipmentSalesOrder_MMT_New' is clicked on

2017-11-14 18:51:02 - [TEST_STEP][PASSED] - setText: Text 'M00000010' is set on object 'Object Repository/Equipment/EquipmentSales/EquipmentSalesAgreementHeader/EquipmentSalesOrder_Customer'

2017-11-14 18:51:05 - [MESSAGE][PASSED] - Text 'M00000010' is set on object 'Object Repository/Equipment/EquipmentSales/EquipmentSalesAgreementHeader/EquipmentSalesOrder_Customer'

2017-11-14 18:51:05 - [TEST_STEP][PASSED] - doubleClick: Object: 'Object Repository/Equipment/EquipmentSales/EquipmentSalesAgreementHeader/EquipmentSalesOrder_DeliveryDate' is double clicked on

2017-11-14 18:51:05 - [MESSAGE][PASSED] - Object: 'Object Repository/Equipment/EquipmentSales/EquipmentSalesAgreementHeader/EquipmentSalesOrder_DeliveryDate' is double clicked on

2017-11-14 18:51:05 - [TEST_STEP][PASSED] - setText: Text '+10' is set on object 'Object Repository/Equipment/EquipmentSales/EquipmentSalesAgreementHeader/EquipmentSalesOrder_DeliveryDate'

2017-11-14 18:51:06 - [MESSAGE][PASSED] - Text '+10' is set on object 'Object Repository/Equipment/EquipmentSales/EquipmentSalesAgreementHeader/EquipmentSalesOrder_DeliveryDate'

2017-11-14 18:51:06 - [TEST_STEP][PASSED] - click: Object: 'Object Repository/Equipment/EquipmentSales/EquipmentSalesAgreementHeader/ESO_Header_Tax' is clicked on

2017-11-14 18:51:06 - [MESSAGE][PASSED] - Object: 'Object Repository/Equipment/EquipmentSales/EquipmentSalesAgreementHeader/ESO_Header_Tax' is clicked on

2017-11-14 18:51:06 - [TEST_STEP][PASSED] - click: Object: 'Object Repository/Equipment/EquipmentSales/EquipmentSalesAgreementHeader/EquipmentSalesOrder_OtherDetailsTab' is clicked on

2017-11-14 18:51:08 - [MESSAGE][PASSED] - Object: 'Object Repository/Equipment/EquipmentSales/EquipmentSalesAgreementHeader/EquipmentSalesOrder_OtherDetailsTab' is clicked on

2017-11-14 18:51:08 - [TEST_STEP][PASSED] - delay: Delayed 3 second(s)

2017-11-14 18:51:11 - [MESSAGE][PASSED] - Delayed 3 second(s)

2017-11-14 18:51:11 - [TEST_STEP][PASSED] - click: Object: 'Object Repository/Equipment/EquipmentSales/EquipmentSalesAgreementHeader/EquipmentSalesOrder_PaymentMethod' is clicked on

2017-11-14 18:51:15 - [MESSAGE][PASSED] - Object: 'Object Repository/Equipment/EquipmentSales/EquipmentSalesAgreementHeader/EquipmentSalesOrder_PaymentMethod' is clicked on

2017-11-14 18:51:15 - [TEST_STEP][PASSED] - click: Object: 'Object Repository/Equipment/EquipmentSales/EquipmentSalesAgreementHeader/EquimentSalesOrder_CreditCardOption' is clicked on

2017-11-14 18:51:19 - [MESSAGE][PASSED] - Object: 'Object Repository/Equipment/EquipmentSales/EquipmentSalesAgreementHeader/EquimentSalesOrder_CreditCardOption' is clicked on

2017-11-14 18:51:19 - [TEST_STEP][PASSED] - click: Object: 'Object Repository/Equipment/EquipmentSales/EquipmentSalesAgreementHeader/EquipmentSaleOrder_Save' is clicked on

2017-11-14 18:51:23 - [MESSAGE][PASSED] - Object: 'Object Repository/Equipment/EquipmentSales/EquipmentSalesAgreementHeader/EquipmentSaleOrder_Save' is clicked on

2017-11-14 18:51:23 - [TEST_STEP][PASSED] - click: Object: 'Object Repository/Equipment/EquipmentSales/EquipmentSalesAgreementHeader/EquipmentSalesOrder_DetailsTab' is clicked on

2017-11-14 18:51:23 - [MESSAGE][PASSED] - Object: 'Object Repository/Equipment/EquipmentSales/EquipmentSalesAgreementHeader/EquipmentSalesOrder_DetailsTab' is clicked on

2017-11-14 18:51:23 - [TEST_STEP][PASSED] - delay: Delayed 5 second(s)

2017-11-14 18:51:28 - [MESSAGE][PASSED] - Delayed 5 second(s)

2017-11-14 18:51:28 - [TEST_STEP][PASSED] - Statement - G_Part_PSO = com.kms.katalon.core.webui.keyword.WebUiBuiltInKeywords.getAttribute(com.kms.katalon.core.testobject.ObjectRepository.findTestObject(Equipment/EquipmentSales/EquipmentSalesAgreementHeader/EquipmentSaleOrder_OrderNo), "value"): Attribute 'value' of object 'Object Repository/Equipment/EquipmentSales/EquipmentSalesAgreementHeader/EquipmentSaleOrder_OrderNo' is: 'ESA016753'

2017-11-14 18:51:29 - [MESSAGE][PASSED] - Attribute 'value' of object 'Object Repository/Equipment/EquipmentSales/EquipmentSalesAgreementHeader/EquipmentSaleOrder_OrderNo' is: 'ESA016753'

2017-11-14 18:51:29 - [MESSAGE][PASSED] - Call Test Case 'Test Cases/Equipment/Base_EquipmentSales/Base_Equipement_CreateHeader' successfully

2017-11-14 18:51:29 - [TEST_STEP][PASSED] - callTestCase: Call Test Case 'Test Cases/Equipment/Base_EquipmentSales/Base_EquipmentSalesAddLine' successfully

2017-11-14 18:51:29 - [TEST_CASE][PASSED] - Test Cases/Equipment/Base_EquipmentSales/Base_EquipmentSalesAddLine: Test Cases/Equipment/Base_EquipmentSales/Base_EquipmentSalesAddLine

2017-11-14 18:51:29 - [TEST_STEP][PASSED] - click: Object: 'Object Repository/Equipment/EquipmentSales/EquipmentSalesAgreementHeader/EquipSalesOrder_Action' is clicked on

2017-11-14 18:51:30 - [MESSAGE][PASSED] - Object: 'Object Repository/Equipment/EquipmentSales/EquipmentSalesAgreementHeader/EquipSalesOrder_Action' is clicked on

2017-11-14 18:51:30 - [TEST_STEP][PASSED] - click: Object: 'Object Repository/Equipment/EquipmentSales/EquipmentSalesAgreementHeader/EquipSalesOrder_SalesOrderLine' is clicked on

2017-11-14 18:51:30 - [MESSAGE][PASSED] - Object: 'Object Repository/Equipment/EquipmentSales/EquipmentSalesAgreementHeader/EquipSalesOrder_SalesOrderLine' is clicked on

2017-11-14 18:51:30 - [TEST_STEP][PASSED] - waitForElementPresent: Object 'Object Repository/Equipment/EquipmentSales/EquipSalesOrderLines/EquipSaleOrderLine_New' is present

2017-11-14 18:51:32 - [MESSAGE][PASSED] - Object 'Object Repository/Equipment/EquipmentSales/EquipSalesOrderLines/EquipSaleOrderLine_New' is present

2017-11-14 18:51:32 - [TEST_STEP][PASSED] - click: Object: 'Object Repository/Equipment/EquipmentSales/EquipSalesOrderLines/EquipSaleOrderLine_New' is clicked on

2017-11-14 18:51:32 - [MESSAGE][PASSED] - Object: 'Object Repository/Equipment/EquipmentSales/EquipSalesOrderLines/EquipSaleOrderLine_New' is clicked on

2017-11-14 18:51:32 - [TEST_STEP][PASSED] - waitForElementPresent: Object 'Object Repository/Equipment/EquipmentSales/EquipSalesOrderLines/EquipSalesOrder_Model' is present

2017-11-14 18:51:34 - [MESSAGE][PASSED] - Object 'Object Repository/Equipment/EquipmentSales/EquipSalesOrderLines/EquipSalesOrder_Model' is present

2017-11-14 18:51:34 - [TEST_STEP][PASSED] - click: Object: 'Object Repository/Equipment/EquipmentSales/EquipSalesOrderLines/EquipSalesOrder_Model' is clicked on

2017-11-14 18:51:34 - [MESSAGE][PASSED] - Object: 'Object Repository/Equipment/EquipmentSales/EquipSalesOrderLines/EquipSalesOrder_Model' is clicked on

2017-11-14 18:51:34 - [TEST_STEP][PASSED] - setText: Text '1032' is set on object 'Object Repository/Equipment/EquipmentSales/EquipSalesOrderLines/EquipSalesOrder_Model'

2017-11-14 18:51:34 - [MESSAGE][PASSED] - Text '1032' is set on object 'Object Repository/Equipment/EquipmentSales/EquipSalesOrderLines/EquipSalesOrder_Model'

2017-11-14 18:51:34 - [TEST_STEP][PASSED] - doubleClick: Object: 'Object Repository/Equipment/EquipmentSales/EquipSalesOrderLines/ESO_Line_Unit' is double clicked on

2017-11-14 18:51:34 - [MESSAGE][PASSED] - Object: 'Object Repository/Equipment/EquipmentSales/EquipSalesOrderLines/ESO_Line_Unit' is double clicked on

2017-11-14 18:51:34 - [TEST_STEP][PASSED] - delay: Delayed 2 second(s)

2017-11-14 18:51:36 - [MESSAGE][PASSED] - Delayed 2 second(s)

2017-11-14 18:51:36 - [TEST_STEP][PASSED] - setText: Text 'MD0018305' is set on object 'Object Repository/Equipment/EquipmentSales/EquipSalesOrderLines/ESO_Line_Unit'

2017-11-14 18:51:37 - [MESSAGE][PASSED] - Text 'MD0018305' is set on object 'Object Repository/Equipment/EquipmentSales/EquipSalesOrderLines/ESO_Line_Unit'

2017-11-14 18:51:37 - [TEST_STEP][PASSED] - doubleClick: Object: 'Object Repository/Equipment/EquipmentSales/EquipSalesOrderLines/EquipSalesOrder_Price' is double clicked on

2017-11-14 18:51:37 - [MESSAGE][PASSED] - Object: 'Object Repository/Equipment/EquipmentSales/EquipSalesOrderLines/EquipSalesOrder_Price' is double clicked on

2017-11-14 18:51:37 - [TEST_STEP][PASSED] - delay: Delayed 2 second(s)

2017-11-14 18:51:39 - [MESSAGE][PASSED] - Delayed 2 second(s)

2017-11-14 18:51:39 - [TEST_STEP][PASSED] - setText: Text '10' is set on object 'Object Repository/Equipment/EquipmentSales/EquipSalesOrderLines/EquipSalesOrder_Price'

2017-11-14 18:51:39 - [MESSAGE][PASSED] - Text '10' is set on object 'Object Repository/Equipment/EquipmentSales/EquipSalesOrderLines/EquipSalesOrder_Price'

2017-11-14 18:51:39 - [TEST_STEP][PASSED] - click: Object: 'Object Repository/Equipment/EquipmentSales/EquipSalesOrderLines/EquipSaleOrder_Save' is clicked on

2017-11-14 18:51:39 - [MESSAGE][PASSED] - Object: 'Object Repository/Equipment/EquipmentSales/EquipSalesOrderLines/EquipSaleOrder_Save' is clicked on

2017-11-14 18:51:39 - [TEST_STEP][PASSED] - waitForElementPresent: Object 'Object Repository/Equipment/EquipmentSales/EquipSalesOrderLines/EquipSalesOrder_taxok' is present

2017-11-14 18:51:40 - [MESSAGE][PASSED] - Object 'Object Repository/Equipment/EquipmentSales/EquipSalesOrderLines/EquipSalesOrder_taxok' is present

2017-11-14 18:51:40 - [TEST_STEP][PASSED] - click: Object: 'Object Repository/Equipment/EquipmentSales/EquipSalesOrderLines/EquipSalesOrder_taxok' is clicked on

2017-11-14 18:51:40 - [MESSAGE][PASSED] - Object: 'Object Repository/Equipment/EquipmentSales/EquipSalesOrderLines/EquipSalesOrder_taxok' is clicked on

2017-11-14 18:51:40 - [TEST_STEP][NOT_RUN] - click: NOT_RUN: click

2017-11-14 18:51:40 - [MESSAGE][NOT_RUN] - NOT_RUN: click

2017-11-14 18:51:40 - [TEST_STEP][PASSED] - delay: Delayed 2 second(s)

2017-11-14 18:51:42 - [MESSAGE][PASSED] - Delayed 2 second(s)

2017-11-14 18:51:42 - [TEST_STEP][PASSED] - click: Object: 'Object Repository/Equipment/EquipmentSales/EquipSalesOrderLines/EquipSaleOrder_SavenClose' is clicked on

2017-11-14 18:51:43 - [MESSAGE][PASSED] - Object: 'Object Repository/Equipment/EquipmentSales/EquipSalesOrderLines/EquipSaleOrder_SavenClose' is clicked on

2017-11-14 18:51:43 - [TEST_STEP][PASSED] - delay: Delayed 2 second(s)

2017-11-14 18:51:45 - [MESSAGE][PASSED] - Delayed 2 second(s)

2017-11-14 18:51:45 - [TEST_STEP][PASSED] - click: Object: 'Object Repository/Equipment/EquipmentSales/EquipmentSalesAgreementHeader/EquipSalesOrder_MMTsavenClose' is clicked on

2017-11-14 18:51:45 - [MESSAGE][PASSED] - Object: 'Object Repository/Equipment/EquipmentSales/EquipmentSalesAgreementHeader/EquipSalesOrder_MMTsavenClose' is clicked on

2017-11-14 18:51:45 - [MESSAGE][PASSED] - Call Test Case 'Test Cases/Equipment/Base_EquipmentSales/Base_EquipmentSalesAddLine' successfully

2017-11-14 18:51:45 - [TEST_STEP][PASSED] - callTestCase: Call Test Case 'Test Cases/Equipment/Base_EquipmentSales/Base_EquipSaleOrderProcessing' successfully

2017-11-14 18:51:45 - [TEST_CASE][PASSED] - Test Cases/Equipment/Base_EquipmentSales/Base_EquipSaleOrderProcessing: Test Cases/Equipment/Base_EquipmentSales/Base_EquipSaleOrderProcessing

2017-11-14 18:51:45 - [TEST_STEP][PASSED] - click: Object: 'Object Repository/Equipment/EquipmentSales/EquipmentSalesAgreementHeader/EquipSalesOrder_Action' is clicked on

2017-11-14 18:51:46 - [MESSAGE][PASSED] - Object: 'Object Repository/Equipment/EquipmentSales/EquipmentSalesAgreementHeader/EquipSalesOrder_Action' is clicked on

2017-11-14 18:51:46 - [TEST_STEP][PASSED] - delay: Delayed 2 second(s)

2017-11-14 18:51:48 - [MESSAGE][PASSED] - Delayed 2 second(s)

2017-11-14 18:51:48 - [TEST_STEP][PASSED] - click: Object: 'Object Repository/Equipment/EquipmentSales/EquipSalesOrder_Process/EquipSalesOrder_SendForApproval' is clicked on

2017-11-14 18:51:48 - [MESSAGE][PASSED] - Object: 'Object Repository/Equipment/EquipmentSales/EquipSalesOrder_Process/EquipSalesOrder_SendForApproval' is clicked on

2017-11-14 18:51:48 - [TEST_STEP][PASSED] - delay: Delayed 2 second(s)

2017-11-14 18:51:50 - [MESSAGE][PASSED] - Delayed 2 second(s)

2017-11-14 18:51:50 - [TEST_STEP][PASSED] - verifyElementText: Actual text and expected text of test object 'Object Repository/Equipment/EquipmentSales/EquipSalesOrder_Process/EquipSalesOrder_Status' are matched.

2017-11-14 18:51:50 - [MESSAGE][PASSED] - Actual text and expected text of test object 'Object Repository/Equipment/EquipmentSales/EquipSalesOrder_Process/EquipSalesOrder_Status' are matched.

2017-11-14 18:51:50 - [TEST_STEP][PASSED] - click: Object: 'Object Repository/Equipment/EquipmentSales/EquipmentSalesAgreementHeader/EquipSalesOrder_Action' is clicked on

2017-11-14 18:51:50 - [MESSAGE][PASSED] - Object: 'Object Repository/Equipment/EquipmentSales/EquipmentSalesAgreementHeader/EquipSalesOrder_Action' is clicked on

2017-11-14 18:51:50 - [TEST_STEP][PASSED] - delay: Delayed 2 second(s)

2017-11-14 18:51:52 - [MESSAGE][PASSED] - Delayed 2 second(s)

2017-11-14 18:51:52 - [TEST_STEP][PASSED] - click: Object: 'Object Repository/Equipment/EquipmentSales/EquipSalesOrder_Process/EquipSalesOrder_Action_Approve' is clicked on

2017-11-14 18:51:53 - [MESSAGE][PASSED] - Object: 'Object Repository/Equipment/EquipmentSales/EquipSalesOrder_Process/EquipSalesOrder_Action_Approve' is clicked on

2017-11-14 18:51:53 - [TEST_STEP][PASSED] - delay: Delayed 2 second(s)

2017-11-14 18:51:55 - [MESSAGE][PASSED] - Delayed 2 second(s)

2017-11-14 18:51:55 - [TEST_STEP][PASSED] - click: Object: 'Object Repository/Equipment/EquipmentSales/EquipmentSalesAgreementHeader/EquipSalesOrder_Action' is clicked on

2017-11-14 18:51:55 - [MESSAGE][PASSED] - Object: 'Object Repository/Equipment/EquipmentSales/EquipmentSalesAgreementHeader/EquipSalesOrder_Action' is clicked on

2017-11-14 18:51:55 - [TEST_STEP][PASSED] - delay: Delayed 2 second(s)

2017-11-14 18:51:57 - [MESSAGE][PASSED] - Delayed 2 second(s)

2017-11-14 18:51:57 - [TEST_STEP][PASSED] - verifyElementText: Actual text and expected text of test object 'Object Repository/Equipment/EquipmentSales/EquipSalesOrder_Process/EquipSalesOrder_Status' are matched.

2017-11-14 18:51:57 - [MESSAGE][PASSED] - Actual text and expected text of test object 'Object Repository/Equipment/EquipmentSales/EquipSalesOrder_Process/EquipSalesOrder_Status' are matched.

2017-11-14 18:51:57 - [TEST_STEP][PASSED] - delay: Delayed 2 second(s)

2017-11-14 18:51:59 - [MESSAGE][PASSED] - Delayed 2 second(s)

2017-11-14 18:51:59 - [TEST_STEP][PASSED] - click: Object: 'Object Repository/Equipment/EquipmentSales/EquipmentSalesAgreementHeader/ESO_Header_Print' is clicked on

2017-11-14 18:51:59 - [MESSAGE][PASSED] - Object: 'Object Repository/Equipment/EquipmentSales/EquipmentSalesAgreementHeader/ESO_Header_Print' is clicked on

2017-11-14 18:51:59 - [TEST_STEP][PASSED] - click: Object: 'Object Repository/Equipment/EquipmentSales/EquipmentSalesAgreementHeader/ESO_Header_Print_FinalPrint' is clicked on

2017-11-14 18:52:00 - [MESSAGE][PASSED] - Object: 'Object Repository/Equipment/EquipmentSales/EquipmentSalesAgreementHeader/ESO_Header_Print_FinalPrint' is clicked on

2017-11-14 18:52:00 - [TEST_STEP][PASSED] - click: Object: 'Object Repository/Equipment/EquipmentSales/EquipmentSalesAgreementHeader/ESO_Header_Print_Print' is clicked on

2017-11-14 18:52:01 - [MESSAGE][PASSED] - Object: 'Object Repository/Equipment/EquipmentSales/EquipmentSalesAgreementHeader/ESO_Header_Print_Print' is clicked on

2017-11-14 18:52:01 - [TEST_STEP][PASSED] - click: Object: 'Object Repository/Equipment/EquipmentSales/EquipmentSalesAgreementHeader/ESO_Header_Print_ESOOK' is clicked on

2017-11-14 18:52:01 - [MESSAGE][PASSED] - Object: 'Object Repository/Equipment/EquipmentSales/EquipmentSalesAgreementHeader/ESO_Header_Print_ESOOK' is clicked on

2017-11-14 18:52:01 - [TEST_STEP][PASSED] - delay: Delayed 2 second(s)

2017-11-14 18:52:03 - [MESSAGE][PASSED] - Delayed 2 second(s)

2017-11-14 18:52:03 - [TEST_STEP][PASSED] - click: Object: 'Object Repository/Equipment/EquipmentSales/EquipmentSalesAgreementHeader/ESO_Print_Device' is clicked on

2017-11-14 18:52:03 - [MESSAGE][PASSED] - Object: 'Object Repository/Equipment/EquipmentSales/EquipmentSalesAgreementHeader/ESO_Print_Device' is clicked on

2017-11-14 18:52:03 - [TEST_STEP][PASSED] - delay: Delayed 2 second(s)

2017-11-14 18:52:05 - [MESSAGE][PASSED] - Delayed 2 second(s)

2017-11-14 18:52:05 - [TEST_STEP][PASSED] - setText: Text 'D' is set on object 'Object Repository/Equipment/EquipmentSales/EquipmentSalesAgreementHeader/ESO_Print_Device'

2017-11-14 18:52:06 - [MESSAGE][PASSED] - Text 'D' is set on object 'Object Repository/Equipment/EquipmentSales/EquipmentSalesAgreementHeader/ESO_Print_Device'

2017-11-14 18:52:06 - [TEST_STEP][PASSED] - click: Object: 'Object Repository/Equipment/EquipmentSales/EquipmentSalesAgreementHeader/ESO_Header_Print_Continue' is clicked on

2017-11-14 18:52:06 - [MESSAGE][PASSED] - Object: 'Object Repository/Equipment/EquipmentSales/EquipmentSalesAgreementHeader/ESO_Header_Print_Continue' is clicked on

2017-11-14 18:52:06 - [TEST_STEP][PASSED] - delay: Delayed 3 second(s)

2017-11-14 18:52:09 - [MESSAGE][PASSED] - Delayed 3 second(s)

2017-11-14 18:52:09 - [TEST_STEP][PASSED] - click: Object: 'Object Repository/Equipment/EquipmentSales/EquipmentSalesAgreementHeader/ESO_Tab' is clicked on

2017-11-14 18:52:10 - [MESSAGE][PASSED] - Object: 'Object Repository/Equipment/EquipmentSales/EquipmentSalesAgreementHeader/ESO_Tab' is clicked on

2017-11-14 18:52:10 - [TEST_STEP][PASSED] - click: Object: 'Object Repository/Equipment/EquipmentSales/EquipmentSalesAgreementHeader/ESO_Print_Close' is clicked on

2017-11-14 18:52:10 - [MESSAGE][PASSED] - Object: 'Object Repository/Equipment/EquipmentSales/EquipmentSalesAgreementHeader/ESO_Print_Close' is clicked on

2017-11-14 18:52:10 - [TEST_STEP][PASSED] - delay: Delayed 3 second(s)

2017-11-14 18:52:13 - [MESSAGE][PASSED] - Delayed 3 second(s)

2017-11-14 18:52:13 - [TEST_STEP][PASSED] - click: Object: 'Object Repository/Equipment/EquipmentSales/EquipmentSalesAgreementHeader/EquipSalesOrder_Action' is clicked on

2017-11-14 18:52:13 - [MESSAGE][PASSED] - Object: 'Object Repository/Equipment/EquipmentSales/EquipmentSalesAgreementHeader/EquipSalesOrder_Action' is clicked on

2017-11-14 18:52:13 - [TEST_STEP][PASSED] - click: Object: 'Object Repository/Equipment/EquipmentSales/EquipmentSalesAgreementHeader/ESO_Header_Action_EquipmentDelivery' is clicked on

2017-11-14 18:52:13 - [MESSAGE][PASSED] - Object: 'Object Repository/Equipment/EquipmentSales/EquipmentSalesAgreementHeader/ESO_Header_Action_EquipmentDelivery' is clicked on

2017-11-14 18:52:13 - [TEST_STEP][PASSED] - waitForElementPresent: Object 'Object Repository/Equipment/EquipmentSales/EquipmentDelivery/ESO_Delivery_Agreement' is present

2017-11-14 18:52:15 - [MESSAGE][PASSED] - Object 'Object Repository/Equipment/EquipmentSales/EquipmentDelivery/ESO_Delivery_Agreement' is present

2017-11-14 18:52:15 - [TEST_STEP][PASSED] - click: Object: 'Object Repository/Equipment/EquipmentSales/EquipmentDelivery/ESO_Delivery_Agreement' is clicked on

2017-11-14 18:52:15 - [MESSAGE][PASSED] - Object: 'Object Repository/Equipment/EquipmentSales/EquipmentDelivery/ESO_Delivery_Agreement' is clicked on

2017-11-14 18:52:15 - [TEST_STEP][PASSED] - click: Object: 'Object Repository/Equipment/EquipmentSales/EquipmentDelivery/ESO_Delivery_Save' is clicked on

2017-11-14 18:52:15 - [MESSAGE][PASSED] - Object: 'Object Repository/Equipment/EquipmentSales/EquipmentDelivery/ESO_Delivery_Save' is clicked on

2017-11-14 18:52:15 - [TEST_STEP][PASSED] - delay: Delayed 3 second(s)

2017-11-14 18:52:18 - [MESSAGE][PASSED] - Delayed 3 second(s)

2017-11-14 18:52:18 - [TEST_STEP][PASSED] - click: Object: 'Object Repository/Equipment/EquipmentSales/EquipmentDelivery/ESO_Delivery_Action' is clicked on

2017-11-14 18:52:19 - [MESSAGE][PASSED] - Object: 'Object Repository/Equipment/EquipmentSales/EquipmentDelivery/ESO_Delivery_Action' is clicked on

2017-11-14 18:52:19 - [TEST_STEP][PASSED] - click: Object: 'Object Repository/Equipment/EquipmentSales/EquipmentDelivery/ESO_Delivery_Action_Line' is clicked on

2017-11-14 18:52:19 - [MESSAGE][PASSED] - Object: 'Object Repository/Equipment/EquipmentSales/EquipmentDelivery/ESO_Delivery_Action_Line' is clicked on

2017-11-14 18:52:19 - [TEST_STEP][PASSED] - waitForElementPresent: Object 'Object Repository/Equipment/EquipmentSales/EquipmentDelivery/ESO_DeliveryLine_New' is present

2017-11-14 18:52:20 - [MESSAGE][PASSED] - Object 'Object Repository/Equipment/EquipmentSales/EquipmentDelivery/ESO_DeliveryLine_New' is present

2017-11-14 18:52:20 - [TEST_STEP][PASSED] - click: Object: 'Object Repository/Equipment/EquipmentSales/EquipmentDelivery/ESO_DeliveryLine_New' is clicked on

2017-11-14 18:52:20 - [MESSAGE][PASSED] - Object: 'Object Repository/Equipment/EquipmentSales/EquipmentDelivery/ESO_DeliveryLine_New' is clicked on

2017-11-14 18:52:20 - [TEST_STEP][PASSED] - delay: Delayed 2 second(s)

2017-11-14 18:52:22 - [MESSAGE][PASSED] - Delayed 2 second(s)

2017-11-14 18:52:22 - [TEST_STEP][PASSED] - click: Object: 'Object Repository/Equipment/EquipmentSales/EquipmentDelivery/ESO_DeliveryLine_SelectLine' is clicked on

2017-11-14 18:52:23 - [MESSAGE][PASSED] - Object: 'Object Repository/Equipment/EquipmentSales/EquipmentDelivery/ESO_DeliveryLine_SelectLine' is clicked on

2017-11-14 18:52:23 - [TEST_STEP][PASSED] - delay: Delayed 2 second(s)

2017-11-14 18:52:25 - [MESSAGE][PASSED] - Delayed 2 second(s)

2017-11-14 18:52:25 - [TEST_STEP][PASSED] - click: Object: 'Object Repository/Equipment/EquipmentSales/EquipmentDelivery/ESO_SelectDeliveryLine_SaveNclose' is clicked on

2017-11-14 18:52:25 - [MESSAGE][PASSED] - Object: 'Object Repository/Equipment/EquipmentSales/EquipmentDelivery/ESO_SelectDeliveryLine_SaveNclose' is clicked on

2017-11-14 18:52:25 - [TEST_STEP][PASSED] - delay: Delayed 2 second(s)

2017-11-14 18:52:27 - [MESSAGE][PASSED] - Delayed 2 second(s)

2017-11-14 18:52:27 - [TEST_STEP][PASSED] - click: Object: 'Object Repository/Equipment/EquipmentSales/EquipmentDelivery/ESO_DeliveryLine_Action' is clicked on

2017-11-14 18:52:27 - [MESSAGE][PASSED] - Object: 'Object Repository/Equipment/EquipmentSales/EquipmentDelivery/ESO_DeliveryLine_Action' is clicked on

2017-11-14 18:52:27 - [TEST_STEP][PASSED] - click: Object: 'Object Repository/Equipment/EquipmentSales/EquipmentDelivery/ESO_Delivery_ActionConfirm' is clicked on

2017-11-14 18:52:27 - [MESSAGE][PASSED] - Object: 'Object Repository/Equipment/EquipmentSales/EquipmentDelivery/ESO_Delivery_ActionConfirm' is clicked on

2017-11-14 18:52:27 - [TEST_STEP][PASSED] - delay: Delayed 3 second(s)

2017-11-14 18:52:30 - [MESSAGE][PASSED] - Delayed 3 second(s)

2017-11-14 18:52:30 - [TEST_STEP][PASSED] - click: Object: 'Object Repository/Equipment/EquipmentSales/EquipmentDelivery/ESO_Delivery_ConfirmYes' is clicked on

2017-11-14 18:52:32 - [MESSAGE][PASSED] - Object: 'Object Repository/Equipment/EquipmentSales/EquipmentDelivery/ESO_Delivery_ConfirmYes' is clicked on

2017-11-14 18:52:32 - [TEST_STEP][NOT_RUN] - click: NOT_RUN: click

2017-11-14 18:52:32 - [MESSAGE][NOT_RUN] - NOT_RUN: click

2017-11-14 18:52:32 - [TEST_STEP][PASSED] - setText: Text 'D' is set on object 'Object Repository/Equipment/EquipmentSales/EquipmentDelivery/ESO_Delivery_Device'

2017-11-14 18:52:32 - [MESSAGE][PASSED] - Text 'D' is set on object 'Object Repository/Equipment/EquipmentSales/EquipmentDelivery/ESO_Delivery_Device'

2017-11-14 18:52:32 - [TEST_STEP][PASSED] - click: Object: 'Object Repository/Equipment/EquipmentSales/EquipmentDelivery/ESO_Delivery_printContinue' is clicked on

2017-11-14 18:52:32 - [MESSAGE][PASSED] - Object: 'Object Repository/Equipment/EquipmentSales/EquipmentDelivery/ESO_Delivery_printContinue' is clicked on

2017-11-14 18:52:32 - [TEST_STEP][PASSED] - delay: Delayed 5 second(s)

2017-11-14 18:52:37 - [MESSAGE][PASSED] - Delayed 5 second(s)

2017-11-14 18:52:37 - [MESSAGE][PASSED] - Call Test Case 'Test Cases/Equipment/Base_EquipmentSales/Base_EquipSaleOrderProcessing' successfully

2017-11-14 18:52:37 - [TEST_STEP][PASSED] - callTestCase: Call Test Case 'Test Cases/Equipment/Base_EquipmentSales/Base_EquipSaleOrder_Invoice_cc' successfully

2017-11-14 18:52:37 - [TEST_CASE][PASSED] - Test Cases/Equipment/Base_EquipmentSales/Base_EquipSaleOrder_Invoice_cc: Test Cases/Equipment/Base_EquipmentSales/Base_EquipSaleOrder_Invoice_cc

2017-11-14 18:52:38 - [TEST_STEP][PASSED] - delay: Delayed 5 second(s)

2017-11-14 18:52:43 - [MESSAGE][PASSED] - Delayed 5 second(s)

2017-11-14 18:52:43 - [TEST_STEP][PASSED] - click: Object: 'Object Repository/Equipment/EquipmentSales/EquipmentDelivery/ESO_EquipDeliveryTab' is clicked on

2017-11-14 18:52:43 - [MESSAGE][PASSED] - Object: 'Object Repository/Equipment/EquipmentSales/EquipmentDelivery/ESO_EquipDeliveryTab' is clicked on

2017-11-14 18:52:43 - [TEST_STEP][PASSED] - delay: Delayed 3 second(s)

2017-11-14 18:52:46 - [MESSAGE][PASSED] - Delayed 3 second(s)

2017-11-14 18:52:46 - [TEST_STEP][PASSED] - click: Object: 'Object Repository/Equipment/EquipmentSales/EquipmentDelivery/ESO_Delivery_Action' is clicked on

2017-11-14 18:52:46 - [MESSAGE][PASSED] - Object: 'Object Repository/Equipment/EquipmentSales/EquipmentDelivery/ESO_Delivery_Action' is clicked on

2017-11-14 18:52:46 - [TEST_STEP][PASSED] - click: Object: 'Object Repository/Equipment/EquipmentSales/EquipmentDelivery/ESO_Delivery_Action_SaleInvoice' is clicked on

2017-11-14 18:52:46 - [MESSAGE][PASSED] - Object: 'Object Repository/Equipment/EquipmentSales/EquipmentDelivery/ESO_Delivery_Action_SaleInvoice' is clicked on

2017-11-14 18:52:46 - [TEST_STEP][PASSED] - delay: Delayed 3 second(s)

2017-11-14 18:52:49 - [MESSAGE][PASSED] - Delayed 3 second(s)

2017-11-14 18:52:49 - [TEST_STEP][PASSED] - click: Object: 'Object Repository/Equipment/EquipmentSales/EquipmentSalesInvoiceCC/ESO_CC_ContinueInvoice' is clicked on

2017-11-14 18:52:51 - [MESSAGE][PASSED] - Object: 'Object Repository/Equipment/EquipmentSales/EquipmentSalesInvoiceCC/ESO_CC_ContinueInvoice' is clicked on

2017-11-14 18:52:51 - [TEST_STEP][PASSED] - delay: Delayed 3 second(s)

2017-11-14 18:52:54 - [MESSAGE][PASSED] - Delayed 3 second(s)

2017-11-14 18:52:54 - [TEST_STEP][PASSED] - setText: Text 'PUBL' is set on object 'Object Repository/Equipment/EquipmentSales/EquipmentSalesInvoiceCC/CCInterface_PaymentGateway'

2017-11-14 18:52:54 - [MESSAGE][PASSED] - Text 'PUBL' is set on object 'Object Repository/Equipment/EquipmentSales/EquipmentSalesInvoiceCC/CCInterface_PaymentGateway'

2017-11-14 18:52:54 - [TEST_STEP][PASSED] - doubleClick: Object: 'Object Repository/Equipment/EquipmentSales/EquipmentSalesInvoiceCC/CCInterface_CardType' is double clicked on

2017-11-14 18:52:54 - [MESSAGE][PASSED] - Object: 'Object Repository/Equipment/EquipmentSales/EquipmentSalesInvoiceCC/CCInterface_CardType' is double clicked on

2017-11-14 18:52:54 - [TEST_STEP][PASSED] - setText: Text 'Visa Card' is set on object 'Object Repository/Equipment/EquipmentSales/EquipmentSalesInvoiceCC/CCInterface_CardType'

2017-11-14 18:52:55 - [MESSAGE][PASSED] - Text 'Visa Card' is set on object 'Object Repository/Equipment/EquipmentSales/EquipmentSalesInvoiceCC/CCInterface_CardType'

2017-11-14 18:52:55 - [TEST_STEP][PASSED] - delay: Delayed 3 second(s)

2017-11-14 18:52:58 - [MESSAGE][PASSED] - Delayed 3 second(s)

2017-11-14 18:52:58 - [TEST_STEP][PASSED] - doubleClick: Object: 'Object Repository/Equipment/EquipmentSales/EquipmentSalesInvoiceCC/CCInterface_CardNo' is double clicked on

2017-11-14 18:52:58 - [MESSAGE][PASSED] - Object: 'Object Repository/Equipment/EquipmentSales/EquipmentSalesInvoiceCC/CCInterface_CardNo' is double clicked on

2017-11-14 18:52:58 - [TEST_STEP][PASSED] - setText: Text '4012000033330026' is set on object 'Object Repository/Equipment/EquipmentSales/EquipmentSalesInvoiceCC/CCInterface_CardNo'

2017-11-14 18:52:58 - [MESSAGE][PASSED] - Text '4012000033330026' is set on object 'Object Repository/Equipment/EquipmentSales/EquipmentSalesInvoiceCC/CCInterface_CardNo'

2017-11-14 18:52:58 - [TEST_STEP][PASSED] - setText: Text '456' is set on object 'Object Repository/Equipment/EquipmentSales/EquipmentSalesInvoiceCC/CCInterface_CVV'

2017-11-14 18:52:59 - [MESSAGE][PASSED] - Text '456' is set on object 'Object Repository/Equipment/EquipmentSales/EquipmentSalesInvoiceCC/CCInterface_CVV'

2017-11-14 18:52:59 - [TEST_STEP][PASSED] - setText: Text '09' is set on object 'Object Repository/Equipment/EquipmentSales/EquipmentSalesInvoiceCC/CCInterface_MM'

2017-11-14 18:52:59 - [MESSAGE][PASSED] - Text '09' is set on object 'Object Repository/Equipment/EquipmentSales/EquipmentSalesInvoiceCC/CCInterface_MM'

2017-11-14 18:52:59 - [TEST_STEP][PASSED] - setText: Text '99' is set on object 'Object Repository/Equipment/EquipmentSales/EquipmentSalesInvoiceCC/CCInterface_YY'

2017-11-14 18:52:59 - [MESSAGE][PASSED] - Text '99' is set on object 'Object Repository/Equipment/EquipmentSales/EquipmentSalesInvoiceCC/CCInterface_YY'

2017-11-14 18:52:59 - [TEST_STEP][PASSED] - click: Object: 'Object Repository/Equipment/EquipmentSales/EquipmentSalesInvoiceCC/CCInterface_Process' is clicked on

2017-11-14 18:52:59 - [MESSAGE][PASSED] - Object: 'Object Repository/Equipment/EquipmentSales/EquipmentSalesInvoiceCC/CCInterface_Process' is clicked on

2017-11-14 18:52:59 - [TEST_STEP][PASSED] - delay: Delayed 5 second(s)

2017-11-14 18:53:04 - [MESSAGE][PASSED] - Delayed 5 second(s)

2017-11-14 18:53:04 - [TEST_STEP][PASSED] - waitForElementPresent: Object 'Object Repository/Equipment/EquipmentSales/EquipmentSalesInvoiceCC/EPO_Invoice_TextSelection' is present

2017-11-14 18:53:16 - [MESSAGE][PASSED] - Object 'Object Repository/Equipment/EquipmentSales/EquipmentSalesInvoiceCC/EPO_Invoice_TextSelection' is present

2017-11-14 18:53:16 - [TEST_STEP][PASSED] - click: Object: 'Object Repository/Equipment/EquipmentSales/EquipmentSalesInvoiceCC/EPO_Invoice_TextSelection' is clicked on

2017-11-14 18:53:16 - [MESSAGE][PASSED] - Object: 'Object Repository/Equipment/EquipmentSales/EquipmentSalesInvoiceCC/EPO_Invoice_TextSelection' is clicked on

2017-11-14 18:53:16 - [TEST_STEP][PASSED] - setText: Text 'D' is set on object 'Object Repository/Equipment/EquipmentSales/EquipmentSalesInvoiceCC/EPO_Invoice_Device'

2017-11-14 18:53:18 - [MESSAGE][PASSED] - Text 'D' is set on object 'Object Repository/Equipment/EquipmentSales/EquipmentSalesInvoiceCC/EPO_Invoice_Device'

2017-11-14 18:53:18 - [TEST_STEP][PASSED] - click: Object: 'Object Repository/Equipment/EquipmentSales/EquipmentSalesInvoiceCC/EPO_Invoice_Continue' is clicked on

2017-11-14 18:53:18 - [MESSAGE][PASSED] - Object: 'Object Repository/Equipment/EquipmentSales/EquipmentSalesInvoiceCC/EPO_Invoice_Continue' is clicked on

2017-11-14 18:53:18 - [TEST_STEP][PASSED] - delay: Delayed 10 second(s)

2017-11-14 18:53:28 - [MESSAGE][PASSED] - Delayed 10 second(s)

2017-11-14 18:53:28 - [MESSAGE][PASSED] - Call Test Case 'Test Cases/Equipment/Base_EquipmentSales/Base_EquipSaleOrder_Invoice_cc' successfully

2017-11-14 18:53:28 - [TEST_STEP][PASSED] - callTestCase: Call Test Case 'Test Cases/Parts/BaseTestCases/Base_Part_GetInvoiceDetails' successfully

2017-11-14 18:53:28 - [TEST_CASE][PASSED] - Test Cases/Parts/BaseTestCases/Base_Part_GetInvoiceDetails: Test Cases/Parts/BaseTestCases/Base_Part_GetInvoiceDetails

2017-11-14 18:53:28 - [TEST_STEP][PASSED] - callTestCase: Call Test Case 'Test Cases/Common/Base_Common_OpenSession' successfully

2017-11-14 18:53:28 - [TEST_CASE][PASSED] - Test Cases/Common/Base_Common_OpenSession: Test Cases/Common/Base_Common_OpenSession

2017-11-14 18:53:28 - [TEST_STEP][PASSED] - openBrowser: Browser is opened with url: 'https://rgajbhiye:Robin$123@proxima-ln4.e-emphasys.com:8441/webui/servlet/login'

2017-11-14 18:53:28 - [MESSAGE][WARNING] - A browser is already opened. Closing browser and opening a new one

2017-11-14 18:53:38 - [MESSAGE][PASSED] - Browser is opened with url: 'https://rgajbhiye:Robin$123@proxima-ln4.e-emphasys.com:8441/webui/servlet/login'

2017-11-14 18:53:38 - [TEST_STEP][PASSED] - waitForPageLoad: Wait for page load successfully

2017-11-14 18:53:38 - [MESSAGE][PASSED] - Wait for page load successfully

2017-11-14 18:53:38 - [TEST_STEP][PASSED] - maximizeWindow: Current window maximized

2017-11-14 18:53:38 - [MESSAGE][PASSED] - Current window maximized

2017-11-14 18:53:38 - [TEST_STEP][PASSED] - click: Object: 'Object Repository/Common/HomePage/HomePage_more' is clicked on

2017-11-14 18:53:40 - [MESSAGE][PASSED] - Object: 'Object Repository/Common/HomePage/HomePage_more' is clicked on

2017-11-14 18:53:40 - [TEST_STEP][PASSED] - click: Object: 'Object Repository/Common/HomePage/HomePage_Option' is clicked on

2017-11-14 18:53:41 - [MESSAGE][PASSED] - Object: 'Object Repository/Common/HomePage/HomePage_Option' is clicked on

2017-11-14 18:53:41 - [TEST_STEP][PASSED] - click: Object: 'Object Repository/Common/HomePage/HomePage_RunProgram_' is clicked on

2017-11-14 18:53:41 - [MESSAGE][PASSED] - Object: 'Object Repository/Common/HomePage/HomePage_RunProgram_' is clicked on

2017-11-14 18:53:41 - [TEST_STEP][PASSED] - sendKeys: Keys 'ttaad4500' sent to object: 'Object Repository/Common/HomePage/HomePage_Session_ID'

2017-11-14 18:53:41 - [MESSAGE][PASSED] - Keys 'ttaad4500' sent to object: 'Object Repository/Common/HomePage/HomePage_Session_ID'

2017-11-14 18:53:41 - [TEST_STEP][PASSED] - click: Object: 'Object Repository/Common/HomePage/HomePage_OkButton' is clicked on

2017-11-14 18:53:42 - [MESSAGE][PASSED] - Object: 'Object Repository/Common/HomePage/HomePage_OkButton' is clicked on

2017-11-14 18:53:42 - [MESSAGE][PASSED] - Call Test Case 'Test Cases/Common/Base_Common_OpenSession' successfully

2017-11-14 18:53:42 - [TEST_STEP][PASSED] - doubleClick: Object: 'Object Repository/Parts/cisli245/cisli245_package' is double clicked on

2017-11-14 18:53:42 - [MESSAGE][PASSED] - Object: 'Object Repository/Parts/cisli245/cisli245_package' is double clicked on

2017-11-14 18:53:42 - [TEST_STEP][PASSED] - setText: Text 'ci' is set on object 'Object Repository/Parts/cisli245/cisli245_package'

2017-11-14 18:53:43 - [MESSAGE][PASSED] - Text 'ci' is set on object 'Object Repository/Parts/cisli245/cisli245_package'

2017-11-14 18:53:43 - [TEST_STEP][PASSED] - doubleClick: Object: 'Object Repository/Parts/cisli245/cisli245_module' is double clicked on

2017-11-14 18:53:43 - [MESSAGE][PASSED] - Object: 'Object Repository/Parts/cisli245/cisli245_module' is double clicked on

2017-11-14 18:53:43 - [TEST_STEP][PASSED] - setText: Text 'sli' is set on object 'Object Repository/Parts/cisli245/cisli245_module'

2017-11-14 18:53:43 - [MESSAGE][PASSED] - Text 'sli' is set on object 'Object Repository/Parts/cisli245/cisli245_module'

2017-11-14 18:53:43 - [TEST_STEP][PASSED] - delay: Delayed 2 second(s)

2017-11-14 18:53:45 - [MESSAGE][PASSED] - Delayed 2 second(s)

2017-11-14 18:53:45 - [TEST_STEP][PASSED] - doubleClick: Object: 'Object Repository/Parts/cisli245/cisli245_table' is double clicked on

2017-11-14 18:53:45 - [MESSAGE][PASSED] - Object: 'Object Repository/Parts/cisli245/cisli245_table' is double clicked on

2017-11-14 18:53:45 - [TEST_STEP][PASSED] - setText: Text '245' is set on object 'Object Repository/Parts/cisli245/cisli245_table'

2017-11-14 18:53:46 - [MESSAGE][PASSED] - Text '245' is set on object 'Object Repository/Parts/cisli245/cisli245_table'

2017-11-14 18:53:46 - [TEST_STEP][PASSED] - click: Object: 'Object Repository/Parts/cisli245/cisli245_ok' is clicked on

2017-11-14 18:53:46 - [MESSAGE][PASSED] - Object: 'Object Repository/Parts/cisli245/cisli245_ok' is clicked on

2017-11-14 18:53:46 - [TEST_STEP][NOT_RUN] - doubleClick: NOT_RUN: doubleClick

2017-11-14 18:53:46 - [MESSAGE][NOT_RUN] - NOT_RUN: doubleClick

2017-11-14 18:53:46 - [TEST_STEP][PASSED] - click: Object: 'Object Repository/Parts/cisli245/cisli245_find' is clicked on

2017-11-14 18:53:48 - [MESSAGE][PASSED] - Object: 'Object Repository/Parts/cisli245/cisli245_find' is clicked on

2017-11-14 18:53:48 - [TEST_STEP][PASSED] - doubleClick: Object: 'Object Repository/Parts/cisli245/cisli245_SaleOrder' is double clicked on

2017-11-14 18:53:48 - [MESSAGE][PASSED] - Object: 'Object Repository/Parts/cisli245/cisli245_SaleOrder' is double clicked on

2017-11-14 18:53:48 - [TEST_STEP][PASSED] - setText: Text 'ESA016753' is set on object 'Object Repository/Parts/cisli245/cisli245_SaleOrder'

2017-11-14 18:53:49 - [MESSAGE][PASSED] - Text 'ESA016753' is set on object 'Object Repository/Parts/cisli245/cisli245_SaleOrder'

2017-11-14 18:53:49 - [TEST_STEP][PASSED] - click: Object: 'Object Repository/Parts/cisli245/cisli245_oksearch' is clicked on

2017-11-14 18:53:49 - [MESSAGE][PASSED] - Object: 'Object Repository/Parts/cisli245/cisli245_oksearch' is clicked on

2017-11-14 18:53:49 - [TEST_STEP][PASSED] - delay: Delayed 3 second(s)

2017-11-14 18:53:52 - [MESSAGE][PASSED] - Delayed 3 second(s)

2017-11-14 18:53:52 - [TEST_STEP][PASSED] - getAttribute: Attribute 'value' of object 'Object Repository/Parts/cisli245/cisli245_OrderNo' is: 'ESA016753'

2017-11-14 18:53:52 - [MESSAGE][PASSED] - Attribute 'value' of object 'Object Repository/Parts/cisli245/cisli245_OrderNo' is: 'ESA016753'

2017-11-14 18:53:52 - [TEST_STEP][PASSED] - Statement - G_InvoiceTnxType = com.kms.katalon.core.webui.keyword.WebUiBuiltInKeywords.getAttribute(com.kms.katalon.core.testobject.ObjectRepository.findTestObject(Parts/cisli245/cisli245_invoice1), "value"): Attribute 'value' of object 'Object Repository/Parts/cisli245/cisli245_invoice1' is: 'SIE'

2017-11-14 18:53:52 - [MESSAGE][PASSED] - Attribute 'value' of object 'Object Repository/Parts/cisli245/cisli245_invoice1' is: 'SIE'

2017-11-14 18:53:52 - [TEST_STEP][PASSED] - Statement - G_InvoiceTnxNo = com.kms.katalon.core.webui.keyword.WebUiBuiltInKeywords.getAttribute(com.kms.katalon.core.testobject.ObjectRepository.findTestObject(Parts/cisli245/cisli245_invoice2), "value"): Attribute 'value' of object 'Object Repository/Parts/cisli245/cisli245_invoice2' is: '10002793'

2017-11-14 18:53:52 - [MESSAGE][PASSED] - Attribute 'value' of object 'Object Repository/Parts/cisli245/cisli245_invoice2' is: '10002793'

2017-11-14 18:53:52 - [TEST_STEP][PASSED] - Statement - G_InvoiceAmt = com.kms.katalon.core.webui.keyword.WebUiBuiltInKeywords.getAttribute(com.kms.katalon.core.testobject.ObjectRepository.findTestObject(Parts/cisli245/cisli245_amount), "value"): Attribute 'value' of object 'Object Repository/Parts/cisli245/cisli245_amount' is: '10'

2017-11-14 18:53:52 - [MESSAGE][PASSED] - Attribute 'value' of object 'Object Repository/Parts/cisli245/cisli245_amount' is: '10'

2017-11-14 18:53:52 - [MESSAGE][PASSED] - Call Test Case 'Test Cases/Parts/BaseTestCases/Base_Part_GetInvoiceDetails' successfully

2017-11-14 18:53:52 - [TEST_STEP][PASSED] - callTestCase: Call Test Case 'Test Cases/Finance/BaseTestCases/Base_Finance_CheckOpenEntriesForCCInvoice1' successfully

2017-11-14 18:53:52 - [TEST_CASE][PASSED] - Test Cases/Finance/BaseTestCases/Base_Finance_CheckOpenEntriesForCCInvoice1: Test Cases/Finance/BaseTestCases/Base_Finance_CheckOpenEntriesForCCInvoice1

2017-11-14 18:53:52 - [TEST_STEP][PASSED] - callTestCase: Call Test Case 'Test Cases/Common/Base_Common_OpenSession' successfully

2017-11-14 18:53:53 - [TEST_CASE][PASSED] - Test Cases/Common/Base_Common_OpenSession: Test Cases/Common/Base_Common_OpenSession

2017-11-14 18:53:53 - [TEST_STEP][PASSED] - openBrowser: Browser is opened with url: 'https://rgajbhiye:Robin$123@proxima-ln4.e-emphasys.com:8441/webui/servlet/login'

2017-11-14 18:53:53 - [MESSAGE][WARNING] - A browser is already opened. Closing browser and opening a new one

2017-11-14 18:54:00 - [MESSAGE][PASSED] - Browser is opened with url: 'https://rgajbhiye:Robin$123@proxima-ln4.e-emphasys.com:8441/webui/servlet/login'

2017-11-14 18:54:00 - [TEST_STEP][PASSED] - waitForPageLoad: Wait for page load successfully

2017-11-14 18:54:00 - [MESSAGE][PASSED] - Wait for page load successfully

2017-11-14 18:54:00 - [TEST_STEP][PASSED] - maximizeWindow: Current window maximized

2017-11-14 18:54:00 - [MESSAGE][PASSED] - Current window maximized

2017-11-14 18:54:00 - [TEST_STEP][PASSED] - click: Object: 'Object Repository/Common/HomePage/HomePage_more' is clicked on

2017-11-14 18:54:02 - [MESSAGE][PASSED] - Object: 'Object Repository/Common/HomePage/HomePage_more' is clicked on

2017-11-14 18:54:02 - [TEST_STEP][PASSED] - click: Object: 'Object Repository/Common/HomePage/HomePage_Option' is clicked on

2017-11-14 18:54:03 - [MESSAGE][PASSED] - Object: 'Object Repository/Common/HomePage/HomePage_Option' is clicked on

2017-11-14 18:54:03 - [TEST_STEP][PASSED] - click: Object: 'Object Repository/Common/HomePage/HomePage_RunProgram_' is clicked on

2017-11-14 18:54:03 - [MESSAGE][PASSED] - Object: 'Object Repository/Common/HomePage/HomePage_RunProgram_' is clicked on

2017-11-14 18:54:03 - [TEST_STEP][PASSED] - sendKeys: Keys 'tfacr2520m000' sent to object: 'Object Repository/Common/HomePage/HomePage_Session_ID'

2017-11-14 18:54:03 - [MESSAGE][PASSED] - Keys 'tfacr2520m000' sent to object: 'Object Repository/Common/HomePage/HomePage_Session_ID'

2017-11-14 18:54:03 - [TEST_STEP][PASSED] - click: Object: 'Object Repository/Common/HomePage/HomePage_OkButton' is clicked on

2017-11-14 18:54:04 - [MESSAGE][PASSED] - Object: 'Object Repository/Common/HomePage/HomePage_OkButton' is clicked on

2017-11-14 18:54:04 - [MESSAGE][PASSED] - Call Test Case 'Test Cases/Common/Base_Common_OpenSession' successfully

2017-11-14 18:54:04 - [TEST_STEP][PASSED] - click: Object: 'Object Repository/Finance/BaseTestCases_OpenEntries_Service/OpenEntries_DocumentType' is clicked on

2017-11-14 18:54:08 - [MESSAGE][PASSED] - Object: 'Object Repository/Finance/BaseTestCases_OpenEntries_Service/OpenEntries_DocumentType' is clicked on

2017-11-14 18:54:08 - [TEST_STEP][PASSED] - click: Object: 'Object Repository/Finance/BaseTestCases_OpenEntries_Service/OpenEntries_DocumentNo' is clicked on

2017-11-14 18:54:08 - [MESSAGE][PASSED] - Object: 'Object Repository/Finance/BaseTestCases_OpenEntries_Service/OpenEntries_DocumentNo' is clicked on

2017-11-14 18:54:08 - [TEST_STEP][PASSED] - setText: Text 'SIE' is set on object 'Object Repository/Finance/BaseTestCases_OpenEntries_Service/OpenEntries_DocumentType'

2017-11-14 18:54:08 - [MESSAGE][PASSED] - Text 'SIE' is set on object 'Object Repository/Finance/BaseTestCases_OpenEntries_Service/OpenEntries_DocumentType'

2017-11-14 18:54:08 - [TEST_STEP][NOT_RUN] - sendKeys: NOT_RUN: sendKeys

2017-11-14 18:54:08 - [MESSAGE][NOT_RUN] - NOT_RUN: sendKeys

2017-11-14 18:54:08 - [TEST_STEP][NOT_RUN] - delay: NOT_RUN: delay

2017-11-14 18:54:08 - [MESSAGE][NOT_RUN] - NOT_RUN: delay

2017-11-14 18:54:08 - [TEST_STEP][PASSED] - setText: Text '10002793' is set on object 'Object Repository/Finance/BaseTestCases_OpenEntries_Service/OpenEntries_DocumentNo'

2017-11-14 18:54:09 - [MESSAGE][PASSED] - Text '10002793' is set on object 'Object Repository/Finance/BaseTestCases_OpenEntries_Service/OpenEntries_DocumentNo'

2017-11-14 18:54:09 - [TEST_STEP][NOT_RUN] - delay: NOT_RUN: delay

2017-11-14 18:54:09 - [MESSAGE][NOT_RUN] - NOT_RUN: delay

2017-11-14 18:54:09 - [TEST_STEP][NOT_RUN] - sendKeys: NOT_RUN: sendKeys

2017-11-14 18:54:09 - [MESSAGE][NOT_RUN] - NOT_RUN: sendKeys

2017-11-14 18:54:09 - [TEST_STEP][PASSED] - click: Object: 'Object Repository/Finance/BaseTestCases_OpenEntries_Service/OpenEntries_Action' is clicked on

2017-11-14 18:54:10 - [MESSAGE][PASSED] - Object: 'Object Repository/Finance/BaseTestCases_OpenEntries_Service/OpenEntries_Action' is clicked on

2017-11-14 18:54:10 - [TEST_STEP][PASSED] - click: Object: 'Object Repository/Finance/BaseTestCases_OpenEntries_Service/OpenEntries.FullyPaid' is clicked on

2017-11-14 18:54:11 - [MESSAGE][PASSED] - Object: 'Object Repository/Finance/BaseTestCases_OpenEntries_Service/OpenEntries.FullyPaid' is clicked on

2017-11-14 18:54:11 - [TEST_STEP][PASSED] - delay: Delayed 5 second(s)

2017-11-14 18:54:16 - [MESSAGE][PASSED] - Delayed 5 second(s)

2017-11-14 18:54:16 - [TEST_STEP][PASSED] - scrollToElement: Scroll to object 'Object Repository/Finance/BaseTestCases_OpenEntries_Service/OpenEntries.InvoiceAmt' successfully

2017-11-14 18:54:16 - [MESSAGE][PASSED] - Scroll to object 'Object Repository/Finance/BaseTestCases_OpenEntries_Service/OpenEntries.InvoiceAmt' successfully

2017-11-14 18:54:16 - [TEST_STEP][PASSED] - delay: Delayed 5 second(s)

2017-11-14 18:54:21 - [MESSAGE][PASSED] - Delayed 5 second(s)

2017-11-14 18:54:21 - [TEST_STEP][PASSED] - Statement - BalanceAmount = com.kms.katalon.core.webui.keyword.WebUiBuiltInKeywords.getText(com.kms.katalon.core.testobject.ObjectRepository.findTestObject(Finance/BaseTestCases_OpenEntries_Service/OpenEntries.BalanceAmt)): Text of object 'Object Repository/Finance/BaseTestCases_OpenEntries_Service/OpenEntries.BalanceAmt' is: '0.00'

2017-11-14 18:54:21 - [MESSAGE][PASSED] - Text of object 'Object Repository/Finance/BaseTestCases_OpenEntries_Service/OpenEntries.BalanceAmt' is: '0.00'

2017-11-14 18:54:21 - [TEST_STEP][PASSED] - verifyEqual: Actual object '0.00' and expected object '0.00' are equal

2017-11-14 18:54:21 - [MESSAGE][PASSED] - Actual object '0.00' and expected object '0.00' are equal

2017-11-14 18:54:21 - [TEST_STEP][PASSED] - click: Object: 'Object Repository/Finance/BaseTestCases_OpenEntries_Service/OpenEntries.Reference' is clicked on

2017-11-14 18:54:21 - [MESSAGE][PASSED] - Object: 'Object Repository/Finance/BaseTestCases_OpenEntries_Service/OpenEntries.Reference' is clicked on

2017-11-14 18:54:21 - [TEST_STEP][PASSED] - setText: Text '' is set on object 'Object Repository/Finance/BaseTestCases_OpenEntries_Service/OpenEntries_DocumentType'

2017-11-14 18:54:22 - [MESSAGE][PASSED] - Text '' is set on object 'Object Repository/Finance/BaseTestCases_OpenEntries_Service/OpenEntries_DocumentType'

2017-11-14 18:54:22 - [TEST_STEP][PASSED] - setText: Text '' is set on object 'Object Repository/Finance/BaseTestCases_OpenEntries_Service/OpenEntries_DocumentNo'

2017-11-14 18:54:23 - [MESSAGE][PASSED] - Text '' is set on object 'Object Repository/Finance/BaseTestCases_OpenEntries_Service/OpenEntries_DocumentNo'

2017-11-14 18:54:23 - [TEST_STEP][PASSED] - sendKeys: Keys 'TAB + ' sent to object: 'Object Repository/Finance/BaseTestCases_OpenEntries_Service/OpenEntries_DocumentType'

2017-11-14 18:54:23 - [MESSAGE][PASSED] - Keys 'TAB + ' sent to object: 'Object Repository/Finance/BaseTestCases_OpenEntries_Service/OpenEntries_DocumentType'

2017-11-14 18:54:23 - [TEST_STEP][PASSED] - sendKeys: Keys 'TAB + ' sent to object: 'Object Repository/Finance/BaseTestCases_OpenEntries_Service/OpenEntries_DocumentNo'

2017-11-14 18:54:24 - [MESSAGE][PASSED] - Keys 'TAB + ' sent to object: 'Object Repository/Finance/BaseTestCases_OpenEntries_Service/OpenEntries_DocumentNo'

2017-11-14 18:54:24 - [TEST_STEP][PASSED] - sendKeys: Keys 'M00000010 (SIE/10002793)' sent to object: 'Object Repository/Finance/BaseTestCases_OpenEntries_Service/OpenEntries.Reference'

2017-11-14 18:54:24 - [MESSAGE][PASSED] - Keys 'M00000010 (SIE/10002793)' sent to object: 'Object Repository/Finance/BaseTestCases_OpenEntries_Service/OpenEntries.Reference'

2017-11-14 18:54:24 - [TEST_STEP][PASSED] - click: Object: 'Object Repository/Finance/BaseTestCases_OpenEntries_Service/OpenEntries_DocumentNo' is clicked on

2017-11-14 18:54:24 - [MESSAGE][PASSED] - Object: 'Object Repository/Finance/BaseTestCases_OpenEntries_Service/OpenEntries_DocumentNo' is clicked on

2017-11-14 18:54:24 - [TEST_STEP][PASSED] - delay: Delayed 3 second(s)

2017-11-14 18:54:27 - [MESSAGE][PASSED] - Delayed 3 second(s)

2017-11-14 18:54:27 - [TEST_STEP][PASSED] - scrollToElement: Scroll to object 'Object Repository/Finance/BaseTestCases_OpenEntries_Service/OpenEntries.BalanceAmt' successfully

2017-11-14 18:54:27 - [MESSAGE][PASSED] - Scroll to object 'Object Repository/Finance/BaseTestCases_OpenEntries_Service/OpenEntries.BalanceAmt' successfully

2017-11-14 18:54:27 - [TEST_STEP][PASSED] - Statement - BalanceAmount = com.kms.katalon.core.webui.keyword.WebUiBuiltInKeywords.getText(com.kms.katalon.core.testobject.ObjectRepository.findTestObject(Finance/BaseTestCases_OpenEntries_Service/OpenEntries.BalanceAmt)): Text of object 'Object Repository/Finance/BaseTestCases_OpenEntries_Service/OpenEntries.BalanceAmt' is: '10.00'

2017-11-14 18:54:27 - [MESSAGE][PASSED] - Text of object 'Object Repository/Finance/BaseTestCases_OpenEntries_Service/OpenEntries.BalanceAmt' is: '10.00'

2017-11-14 18:54:27 - [TEST_STEP][PASSED] - Statement - InvoiceAmount = com.kms.katalon.core.webui.keyword.WebUiBuiltInKeywords.getText(com.kms.katalon.core.testobject.ObjectRepository.findTestObject(Finance/BaseTestCases_OpenEntries_Service/OpenEntries.InvoiceAmt)): Text of object 'Object Repository/Finance/BaseTestCases_OpenEntries_Service/OpenEntries.InvoiceAmt' is: '10.00'

2017-11-14 18:54:28 - [MESSAGE][PASSED] - Text of object 'Object Repository/Finance/BaseTestCases_OpenEntries_Service/OpenEntries.InvoiceAmt' is: '10.00'

2017-11-14 18:54:28 - [TEST_STEP][PASSED] - verifyEqual: Actual object '10.00' and expected object '10.00' are equal

2017-11-14 18:54:28 - [MESSAGE][PASSED] - Actual object '10.00' and expected object '10.00' are equal

2017-11-14 18:54:28 - [TEST_STEP][NOT_RUN] - closeBrowser: NOT_RUN: closeBrowser

2017-11-14 18:54:28 - [MESSAGE][NOT_RUN] - NOT_RUN: closeBrowser

2017-11-14 18:54:28 - [MESSAGE][PASSED] - Call Test Case 'Test Cases/Finance/BaseTestCases/Base_Finance_CheckOpenEntriesForCCInvoice1' successfully]]></system-out>
         <system-err><![CDATA[]]></system-err>
      </testcase>
      <testcase name="Test Cases/Equipment/CreditCardRegression/TC002_EquipmentSalesAgreement_Split" classname="Test Cases/Equipment/CreditCardRegression/TC002_EquipmentSalesAgreement_Split" status="FAILED">
         <failure type="FAILED" message="Unable to click on object 'Object Repository/Equipment/EquipmentSales/EquipmentSalesInvoiceCC/EPO_SplitInvoice_TextSelection' (Root cause: com.kms.katalon.core.webui.exception.WebElementNotFoundException: Web element with id: 'Object Repository/Equipment/EquipmentSales/EquipmentSalesInvoiceCC/EPO_SplitInvoice_TextSelection' located by 'By.xpath: //*[@id = 'tdext8475m100-18-button-std-file.save_and_close']' not found)"/>
         <system-out><![CDATA[2017-11-14 18:54:28 - [TEST_CASE][FAILED] - Test Cases/Equipment/CreditCardRegression/TC002_EquipmentSalesAgreement_Split: Test Cases/Equipment/CreditCardRegression/TC002_EquipmentSalesAgreement_Split FAILED because (of) Unable to click on object 'Object Repository/Equipment/EquipmentSales/EquipmentSalesInvoiceCC/EPO_SplitInvoice_TextSelection' (Root cause: com.kms.katalon.core.webui.exception.WebElementNotFoundException: Web element with id: 'Object Repository/Equipment/EquipmentSales/EquipmentSalesInvoiceCC/EPO_SplitInvoice_TextSelection' located by 'By.xpath: //*[@id = 'tdext8475m100-18-button-std-file.save_and_close']' not found)

2017-11-14 18:54:28 - [TEST_STEP][PASSED] - callTestCase: Call Test Case 'Test Cases/Equipment/Base_EquipmentPurchase/EPO_CreateNrecieve' successfully

2017-11-14 18:54:28 - [TEST_CASE][PASSED] - Test Cases/Equipment/Base_EquipmentPurchase/EPO_CreateNrecieve: Test Cases/Equipment/Base_EquipmentPurchase/EPO_CreateNrecieve

2017-11-14 18:54:28 - [TEST_STEP][PASSED] - callTestCase: Call Test Case 'Test Cases/Equipment/Base_EquipmentPurchase/Base_EPO_CreateHeaderNline' successfully

2017-11-14 18:54:28 - [TEST_CASE][PASSED] - Test Cases/Equipment/Base_EquipmentPurchase/Base_EPO_CreateHeaderNline: Test Cases/Equipment/Base_EquipmentPurchase/Base_EPO_CreateHeaderNline

2017-11-14 18:54:28 - [TEST_STEP][PASSED] - callTestCase: Call Test Case 'Test Cases/Common/Base_Common_OpenSession' successfully

2017-11-14 18:54:28 - [TEST_CASE][PASSED] - Test Cases/Common/Base_Common_OpenSession: Test Cases/Common/Base_Common_OpenSession

2017-11-14 18:54:28 - [TEST_STEP][PASSED] - openBrowser: Browser is opened with url: 'https://rgajbhiye:Robin$123@proxima-ln4.e-emphasys.com:8441/webui/servlet/login'

2017-11-14 18:54:28 - [MESSAGE][WARNING] - A browser is already opened. Closing browser and opening a new one

2017-11-14 18:54:38 - [MESSAGE][PASSED] - Browser is opened with url: 'https://rgajbhiye:Robin$123@proxima-ln4.e-emphasys.com:8441/webui/servlet/login'

2017-11-14 18:54:38 - [TEST_STEP][PASSED] - waitForPageLoad: Wait for page load successfully

2017-11-14 18:54:38 - [MESSAGE][PASSED] - Wait for page load successfully

2017-11-14 18:54:38 - [TEST_STEP][PASSED] - maximizeWindow: Current window maximized

2017-11-14 18:54:38 - [MESSAGE][PASSED] - Current window maximized

2017-11-14 18:54:38 - [TEST_STEP][PASSED] - click: Object: 'Object Repository/Common/HomePage/HomePage_more' is clicked on

2017-11-14 18:54:40 - [MESSAGE][PASSED] - Object: 'Object Repository/Common/HomePage/HomePage_more' is clicked on

2017-11-14 18:54:40 - [TEST_STEP][PASSED] - click: Object: 'Object Repository/Common/HomePage/HomePage_Option' is clicked on

2017-11-14 18:54:40 - [MESSAGE][PASSED] - Object: 'Object Repository/Common/HomePage/HomePage_Option' is clicked on

2017-11-14 18:54:40 - [TEST_STEP][PASSED] - click: Object: 'Object Repository/Common/HomePage/HomePage_RunProgram_' is clicked on

2017-11-14 18:54:41 - [MESSAGE][PASSED] - Object: 'Object Repository/Common/HomePage/HomePage_RunProgram_' is clicked on

2017-11-14 18:54:41 - [TEST_STEP][PASSED] - sendKeys: Keys 'tdext8150s000' sent to object: 'Object Repository/Common/HomePage/HomePage_Session_ID'

2017-11-14 18:54:41 - [MESSAGE][PASSED] - Keys 'tdext8150s000' sent to object: 'Object Repository/Common/HomePage/HomePage_Session_ID'

2017-11-14 18:54:41 - [TEST_STEP][PASSED] - click: Object: 'Object Repository/Common/HomePage/HomePage_OkButton' is clicked on

2017-11-14 18:54:41 - [MESSAGE][PASSED] - Object: 'Object Repository/Common/HomePage/HomePage_OkButton' is clicked on

2017-11-14 18:54:41 - [MESSAGE][PASSED] - Call Test Case 'Test Cases/Common/Base_Common_OpenSession' successfully

2017-11-14 18:54:41 - [TEST_STEP][PASSED] - waitForElementPresent: Object 'Object Repository/Equipment/EquipmentPurchase/EPO_Header/EPO_Header_New' is present

2017-11-14 18:54:43 - [MESSAGE][PASSED] - Object 'Object Repository/Equipment/EquipmentPurchase/EPO_Header/EPO_Header_New' is present

2017-11-14 18:54:43 - [TEST_STEP][PASSED] - click: Object: 'Object Repository/Equipment/EquipmentPurchase/EPO_Header/EPO_Header_New' is clicked on

2017-11-14 18:54:43 - [MESSAGE][PASSED] - Object: 'Object Repository/Equipment/EquipmentPurchase/EPO_Header/EPO_Header_New' is clicked on

2017-11-14 18:54:43 - [TEST_STEP][PASSED] - click: Object: 'Object Repository/Equipment/EquipmentPurchase/EPO_Header/EPO_Header_Customer' is clicked on

2017-11-14 18:54:44 - [MESSAGE][PASSED] - Object: 'Object Repository/Equipment/EquipmentPurchase/EPO_Header/EPO_Header_Customer' is clicked on

2017-11-14 18:54:44 - [TEST_STEP][PASSED] - setText: Text 'M00000010' is set on object 'Object Repository/Equipment/EquipmentPurchase/EPO_Header/EPO_Header_Customer'

2017-11-14 18:54:44 - [MESSAGE][PASSED] - Text 'M00000010' is set on object 'Object Repository/Equipment/EquipmentPurchase/EPO_Header/EPO_Header_Customer'

2017-11-14 18:54:44 - [TEST_STEP][PASSED] - click: Object: 'Object Repository/Equipment/EquipmentPurchase/EPO_Header/EPO_Header_Save' is clicked on

2017-11-14 18:54:44 - [MESSAGE][PASSED] - Object: 'Object Repository/Equipment/EquipmentPurchase/EPO_Header/EPO_Header_Save' is clicked on

2017-11-14 18:54:44 - [TEST_STEP][PASSED] - delay: Delayed 5 second(s)

2017-11-14 18:54:49 - [MESSAGE][PASSED] - Delayed 5 second(s)

2017-11-14 18:54:49 - [TEST_STEP][PASSED] - click: Object: 'Object Repository/Equipment/EquipmentPurchase/EPO_Header/EPO_Header_Action' is clicked on

2017-11-14 18:54:50 - [MESSAGE][PASSED] - Object: 'Object Repository/Equipment/EquipmentPurchase/EPO_Header/EPO_Header_Action' is clicked on

2017-11-14 18:54:50 - [TEST_STEP][PASSED] - click: Object: 'Object Repository/Equipment/EquipmentPurchase/EPO_Header/EPO_Header_Action_OrderLines' is clicked on

2017-11-14 18:54:50 - [MESSAGE][PASSED] - Object: 'Object Repository/Equipment/EquipmentPurchase/EPO_Header/EPO_Header_Action_OrderLines' is clicked on

2017-11-14 18:54:50 - [TEST_STEP][PASSED] - waitForElementPresent: Object 'Object Repository/Equipment/EquipmentPurchase/EPO_Line/EPO_MultiLine_New' is present

2017-11-14 18:54:52 - [MESSAGE][PASSED] - Object 'Object Repository/Equipment/EquipmentPurchase/EPO_Line/EPO_MultiLine_New' is present

2017-11-14 18:54:52 - [TEST_STEP][PASSED] - click: Object: 'Object Repository/Equipment/EquipmentPurchase/EPO_Line/EPO_MultiLine_New' is clicked on

2017-11-14 18:54:52 - [MESSAGE][PASSED] - Object: 'Object Repository/Equipment/EquipmentPurchase/EPO_Line/EPO_MultiLine_New' is clicked on

2017-11-14 18:54:52 - [TEST_STEP][PASSED] - waitForElementPresent: Object 'Object Repository/Equipment/EquipmentPurchase/EPO_Line/EPO_Line_Model' is present

2017-11-14 18:54:53 - [MESSAGE][PASSED] - Object 'Object Repository/Equipment/EquipmentPurchase/EPO_Line/EPO_Line_Model' is present

2017-11-14 18:54:53 - [TEST_STEP][PASSED] - click: Object: 'Object Repository/Equipment/EquipmentPurchase/EPO_Line/EPO_Line_Model' is clicked on

2017-11-14 18:54:53 - [MESSAGE][PASSED] - Object: 'Object Repository/Equipment/EquipmentPurchase/EPO_Line/EPO_Line_Model' is clicked on

2017-11-14 18:54:53 - [TEST_STEP][PASSED] - delay: Delayed 2 second(s)

2017-11-14 18:54:55 - [MESSAGE][PASSED] - Delayed 2 second(s)

2017-11-14 18:54:55 - [TEST_STEP][PASSED] - setText: Text '1032' is set on object 'Object Repository/Equipment/EquipmentPurchase/EPO_Line/EPO_Line_Model'

2017-11-14 18:54:55 - [MESSAGE][PASSED] - Text '1032' is set on object 'Object Repository/Equipment/EquipmentPurchase/EPO_Line/EPO_Line_Model'

2017-11-14 18:54:55 - [TEST_STEP][PASSED] - click: Object: 'Object Repository/Equipment/EquipmentPurchase/EPO_Line/EPO_Line_NeworUsed' is clicked on

2017-11-14 18:54:56 - [MESSAGE][PASSED] - Object: 'Object Repository/Equipment/EquipmentPurchase/EPO_Line/EPO_Line_NeworUsed' is clicked on

2017-11-14 18:54:56 - [TEST_STEP][PASSED] - click: Object: 'Object Repository/Equipment/EquipmentPurchase/EPO_Line/EPO_Line_NewEquipOption' is clicked on

2017-11-14 18:54:56 - [MESSAGE][PASSED] - Object: 'Object Repository/Equipment/EquipmentPurchase/EPO_Line/EPO_Line_NewEquipOption' is clicked on

2017-11-14 18:54:56 - [TEST_STEP][PASSED] - click: Object: 'Object Repository/Equipment/EquipmentPurchase/EPO_Line/EPO_Line_PlannedDate' is clicked on

2017-11-14 18:54:56 - [MESSAGE][PASSED] - Object: 'Object Repository/Equipment/EquipmentPurchase/EPO_Line/EPO_Line_PlannedDate' is clicked on

2017-11-14 18:54:56 - [TEST_STEP][PASSED] - delay: Delayed 2 second(s)

2017-11-14 18:54:58 - [MESSAGE][PASSED] - Delayed 2 second(s)

2017-11-14 18:54:58 - [TEST_STEP][PASSED] - setText: Text '+10' is set on object 'Object Repository/Equipment/EquipmentPurchase/EPO_Line/EPO_Line_PlannedDate'

2017-11-14 18:54:59 - [MESSAGE][PASSED] - Text '+10' is set on object 'Object Repository/Equipment/EquipmentPurchase/EPO_Line/EPO_Line_PlannedDate'

2017-11-14 18:54:59 - [TEST_STEP][PASSED] - click: Object: 'Object Repository/Equipment/EquipmentPurchase/EPO_Line/EPO_Line_Price' is clicked on

2017-11-14 18:54:59 - [MESSAGE][PASSED] - Object: 'Object Repository/Equipment/EquipmentPurchase/EPO_Line/EPO_Line_Price' is clicked on

2017-11-14 18:54:59 - [TEST_STEP][PASSED] - delay: Delayed 2 second(s)

2017-11-14 18:55:01 - [MESSAGE][PASSED] - Delayed 2 second(s)

2017-11-14 18:55:01 - [TEST_STEP][PASSED] - setText: Text '100' is set on object 'Object Repository/Equipment/EquipmentPurchase/EPO_Line/EPO_Line_Price'

2017-11-14 18:55:01 - [MESSAGE][PASSED] - Text '100' is set on object 'Object Repository/Equipment/EquipmentPurchase/EPO_Line/EPO_Line_Price'

2017-11-14 18:55:01 - [TEST_STEP][PASSED] - click: Object: 'Object Repository/Equipment/EquipmentPurchase/EPO_Line/EPO_Line_Save' is clicked on

2017-11-14 18:55:01 - [MESSAGE][PASSED] - Object: 'Object Repository/Equipment/EquipmentPurchase/EPO_Line/EPO_Line_Save' is clicked on

2017-11-14 18:55:01 - [TEST_STEP][PASSED] - click: Object: 'Object Repository/Equipment/EquipmentPurchase/EPO_Line/EPO_Line_importNO' is clicked on

2017-11-14 18:55:02 - [MESSAGE][PASSED] - Object: 'Object Repository/Equipment/EquipmentPurchase/EPO_Line/EPO_Line_importNO' is clicked on

2017-11-14 18:55:02 - [TEST_STEP][PASSED] - click: Object: 'Object Repository/Equipment/EquipmentPurchase/EPO_Line/EPO_Line_SaveNclose' is clicked on

2017-11-14 18:55:02 - [MESSAGE][PASSED] - Object: 'Object Repository/Equipment/EquipmentPurchase/EPO_Line/EPO_Line_SaveNclose' is clicked on

2017-11-14 18:55:02 - [TEST_STEP][PASSED] - delay: Delayed 2 second(s)

2017-11-14 18:55:04 - [MESSAGE][PASSED] - Delayed 2 second(s)

2017-11-14 18:55:04 - [TEST_STEP][PASSED] - click: Object: 'Object Repository/Equipment/EquipmentPurchase/EPO_Line/EPO_MultiLine_SavenClose' is clicked on

2017-11-14 18:55:04 - [MESSAGE][PASSED] - Object: 'Object Repository/Equipment/EquipmentPurchase/EPO_Line/EPO_MultiLine_SavenClose' is clicked on

2017-11-14 18:55:04 - [MESSAGE][PASSED] - Call Test Case 'Test Cases/Equipment/Base_EquipmentPurchase/Base_EPO_CreateHeaderNline' successfully

2017-11-14 18:55:05 - [TEST_STEP][PASSED] - callTestCase: Call Test Case 'Test Cases/Equipment/Base_EquipmentPurchase/Base_EPO_Reciept' successfully

2017-11-14 18:55:05 - [TEST_CASE][PASSED] - Test Cases/Equipment/Base_EquipmentPurchase/Base_EPO_Reciept: Test Cases/Equipment/Base_EquipmentPurchase/Base_EPO_Reciept

2017-11-14 18:55:05 - [TEST_STEP][PASSED] - click: Object: 'Object Repository/Equipment/EquipmentPurchase/EPO_Header/EPO_Header_Action' is clicked on

2017-11-14 18:55:05 - [MESSAGE][PASSED] - Object: 'Object Repository/Equipment/EquipmentPurchase/EPO_Header/EPO_Header_Action' is clicked on

2017-11-14 18:55:05 - [TEST_STEP][PASSED] - click: Object: 'Object Repository/Equipment/EquipmentPurchase/EPO_Header/EPO_Header_Action_SendForApproval' is clicked on

2017-11-14 18:55:05 - [MESSAGE][PASSED] - Object: 'Object Repository/Equipment/EquipmentPurchase/EPO_Header/EPO_Header_Action_SendForApproval' is clicked on

2017-11-14 18:55:05 - [TEST_STEP][PASSED] - delay: Delayed 5 second(s)

2017-11-14 18:55:10 - [MESSAGE][PASSED] - Delayed 5 second(s)

2017-11-14 18:55:10 - [TEST_STEP][PASSED] - click: Object: 'Object Repository/Equipment/EquipmentPurchase/EPO_Header/EPO_Header_Action' is clicked on

2017-11-14 18:55:11 - [MESSAGE][PASSED] - Object: 'Object Repository/Equipment/EquipmentPurchase/EPO_Header/EPO_Header_Action' is clicked on

2017-11-14 18:55:11 - [TEST_STEP][PASSED] - click: Object: 'Object Repository/Equipment/EquipmentPurchase/EPO_Header/EPO_Header_Apporve' is clicked on

2017-11-14 18:55:11 - [MESSAGE][PASSED] - Object: 'Object Repository/Equipment/EquipmentPurchase/EPO_Header/EPO_Header_Apporve' is clicked on

2017-11-14 18:55:11 - [TEST_STEP][PASSED] - delay: Delayed 5 second(s)

2017-11-14 18:55:16 - [MESSAGE][PASSED] - Delayed 5 second(s)

2017-11-14 18:55:16 - [TEST_STEP][PASSED] - click: Object: 'Object Repository/Equipment/EquipmentPurchase/EPO_Header/EPO_Header_Print' is clicked on

2017-11-14 18:55:16 - [MESSAGE][PASSED] - Object: 'Object Repository/Equipment/EquipmentPurchase/EPO_Header/EPO_Header_Print' is clicked on

2017-11-14 18:55:16 - [TEST_STEP][PASSED] - click: Object: 'Object Repository/Equipment/EquipmentPurchase/EPO_Header/EPO_Print_FinalPrint' is clicked on

2017-11-14 18:55:17 - [MESSAGE][PASSED] - Object: 'Object Repository/Equipment/EquipmentPurchase/EPO_Header/EPO_Print_FinalPrint' is clicked on

2017-11-14 18:55:17 - [TEST_STEP][PASSED] - click: Object: 'Object Repository/Equipment/EquipmentPurchase/EPO_Header/EPO_Print_PrintOption' is clicked on

2017-11-14 18:55:17 - [MESSAGE][PASSED] - Object: 'Object Repository/Equipment/EquipmentPurchase/EPO_Header/EPO_Print_PrintOption' is clicked on

2017-11-14 18:55:17 - [TEST_STEP][PASSED] - click: Object: 'Object Repository/Equipment/EquipmentPurchase/EPO_Header/EPO_Print_Device' is clicked on

2017-11-14 18:55:20 - [MESSAGE][PASSED] - Object: 'Object Repository/Equipment/EquipmentPurchase/EPO_Header/EPO_Print_Device' is clicked on

2017-11-14 18:55:20 - [TEST_STEP][PASSED] - setText: Text 'D' is set on object 'Object Repository/Equipment/EquipmentPurchase/EPO_Header/EPO_Print_Device'

2017-11-14 18:55:20 - [MESSAGE][PASSED] - Text 'D' is set on object 'Object Repository/Equipment/EquipmentPurchase/EPO_Header/EPO_Print_Device'

2017-11-14 18:55:20 - [TEST_STEP][PASSED] - click: Object: 'Object Repository/Equipment/EquipmentPurchase/EPO_Header/EPO_Print_Continue' is clicked on

2017-11-14 18:55:20 - [MESSAGE][PASSED] - Object: 'Object Repository/Equipment/EquipmentPurchase/EPO_Header/EPO_Print_Continue' is clicked on

2017-11-14 18:55:20 - [TEST_STEP][PASSED] - delay: Delayed 5 second(s)

2017-11-14 18:55:25 - [MESSAGE][PASSED] - Delayed 5 second(s)

2017-11-14 18:55:25 - [TEST_STEP][PASSED] - click: Object: 'Object Repository/Equipment/EquipmentPurchase/EPO_Header/EPO_Header_EPOtab' is clicked on

2017-11-14 18:55:26 - [MESSAGE][PASSED] - Object: 'Object Repository/Equipment/EquipmentPurchase/EPO_Header/EPO_Header_EPOtab' is clicked on

2017-11-14 18:55:26 - [TEST_STEP][PASSED] - click: Object: 'Object Repository/Equipment/EquipmentPurchase/EPO_Header/EPO_Print_Close' is clicked on

2017-11-14 18:55:26 - [MESSAGE][PASSED] - Object: 'Object Repository/Equipment/EquipmentPurchase/EPO_Header/EPO_Print_Close' is clicked on

2017-11-14 18:55:26 - [TEST_STEP][PASSED] - delay: Delayed 3 second(s)

2017-11-14 18:55:29 - [MESSAGE][PASSED] - Delayed 3 second(s)

2017-11-14 18:55:29 - [TEST_STEP][PASSED] - click: Object: 'Object Repository/Equipment/EquipmentPurchase/EPO_Header/EPO_Header_Action' is clicked on

2017-11-14 18:55:29 - [MESSAGE][PASSED] - Object: 'Object Repository/Equipment/EquipmentPurchase/EPO_Header/EPO_Header_Action' is clicked on

2017-11-14 18:55:29 - [TEST_STEP][PASSED] - click: Object: 'Object Repository/Equipment/EquipmentPurchase/EPO_Header/EPO_Action_Reciept' is clicked on

2017-11-14 18:55:29 - [MESSAGE][PASSED] - Object: 'Object Repository/Equipment/EquipmentPurchase/EPO_Header/EPO_Action_Reciept' is clicked on

2017-11-14 18:55:29 - [TEST_STEP][PASSED] - waitForElementPresent: Object 'Object Repository/Equipment/EquipmentPurchase/EPO_Receipt/EPO_Reciept_Save' is present

2017-11-14 18:55:31 - [MESSAGE][PASSED] - Object 'Object Repository/Equipment/EquipmentPurchase/EPO_Receipt/EPO_Reciept_Save' is present

2017-11-14 18:55:31 - [TEST_STEP][PASSED] - click: Object: 'Object Repository/Equipment/EquipmentPurchase/EPO_Receipt/EPO_Reciept_Save' is clicked on

2017-11-14 18:55:32 - [MESSAGE][PASSED] - Object: 'Object Repository/Equipment/EquipmentPurchase/EPO_Receipt/EPO_Reciept_Save' is clicked on

2017-11-14 18:55:32 - [TEST_STEP][PASSED] - delay: Delayed 3 second(s)

2017-11-14 18:55:35 - [MESSAGE][PASSED] - Delayed 3 second(s)

2017-11-14 18:55:35 - [TEST_STEP][PASSED] - click: Object: 'Object Repository/Equipment/EquipmentPurchase/EPO_Receipt/EPO_Receipt_Action' is clicked on

2017-11-14 18:55:35 - [MESSAGE][PASSED] - Object: 'Object Repository/Equipment/EquipmentPurchase/EPO_Receipt/EPO_Receipt_Action' is clicked on

2017-11-14 18:55:35 - [TEST_STEP][PASSED] - click: Object: 'Object Repository/Equipment/EquipmentPurchase/EPO_Receipt/EPO_Receipt_Action_ReceiptLine' is clicked on

2017-11-14 18:55:35 - [MESSAGE][PASSED] - Object: 'Object Repository/Equipment/EquipmentPurchase/EPO_Receipt/EPO_Receipt_Action_ReceiptLine' is clicked on

2017-11-14 18:55:35 - [TEST_STEP][PASSED] - waitForElementPresent: Object 'Object Repository/Equipment/EquipmentPurchase/EPO_Receipt_Line/EPO_ReceiptLine_New' is present

2017-11-14 18:55:37 - [MESSAGE][PASSED] - Object 'Object Repository/Equipment/EquipmentPurchase/EPO_Receipt_Line/EPO_ReceiptLine_New' is present

2017-11-14 18:55:37 - [TEST_STEP][PASSED] - click: Object: 'Object Repository/Equipment/EquipmentPurchase/EPO_Receipt_Line/EPO_ReceiptLine_New' is clicked on

2017-11-14 18:55:38 - [MESSAGE][PASSED] - Object: 'Object Repository/Equipment/EquipmentPurchase/EPO_Receipt_Line/EPO_ReceiptLine_New' is clicked on

2017-11-14 18:55:38 - [TEST_STEP][PASSED] - waitForElementPresent: Object 'Object Repository/Equipment/EquipmentPurchase/EPO_Receipt_Line/EPO_RecieptLine_Select' is present

2017-11-14 18:55:39 - [MESSAGE][PASSED] - Object 'Object Repository/Equipment/EquipmentPurchase/EPO_Receipt_Line/EPO_RecieptLine_Select' is present

2017-11-14 18:55:39 - [TEST_STEP][PASSED] - click: Object: 'Object Repository/Equipment/EquipmentPurchase/EPO_Receipt_Line/EPO_RecieptLine_Select' is clicked on

2017-11-14 18:55:39 - [MESSAGE][PASSED] - Object: 'Object Repository/Equipment/EquipmentPurchase/EPO_Receipt_Line/EPO_RecieptLine_Select' is clicked on

2017-11-14 18:55:39 - [TEST_STEP][PASSED] - delay: Delayed 3 second(s)

2017-11-14 18:55:42 - [MESSAGE][PASSED] - Delayed 3 second(s)

2017-11-14 18:55:42 - [TEST_STEP][PASSED] - click: Object: 'Object Repository/Equipment/EquipmentPurchase/EPO_Receipt_Line/EPO_ReceiptLine_SavenClose' is clicked on

2017-11-14 18:55:43 - [MESSAGE][PASSED] - Object: 'Object Repository/Equipment/EquipmentPurchase/EPO_Receipt_Line/EPO_ReceiptLine_SavenClose' is clicked on

2017-11-14 18:55:43 - [TEST_STEP][PASSED] - waitForElementPresent: Object 'Object Repository/Equipment/EquipmentPurchase/EPO_Receipt_Line/EPO_RecieptLineAction' is present

2017-11-14 18:55:43 - [MESSAGE][PASSED] - Object 'Object Repository/Equipment/EquipmentPurchase/EPO_Receipt_Line/EPO_RecieptLineAction' is present

2017-11-14 18:55:43 - [TEST_STEP][PASSED] - Statement - G_Unit = com.kms.katalon.core.webui.keyword.WebUiBuiltInKeywords.getText(com.kms.katalon.core.testobject.ObjectRepository.findTestObject(Equipment/EquipmentPurchase/EPO_Receipt/EPO_Reciept_Unit)): Text of object 'Object Repository/Equipment/EquipmentPurchase/EPO_Receipt/EPO_Reciept_Unit' is: 'MD0018306'

2017-11-14 18:55:43 - [MESSAGE][PASSED] - Text of object 'Object Repository/Equipment/EquipmentPurchase/EPO_Receipt/EPO_Reciept_Unit' is: 'MD0018306'

2017-11-14 18:55:43 - [TEST_STEP][PASSED] - click: Object: 'Object Repository/Equipment/EquipmentPurchase/EPO_Receipt_Line/EPO_RecieptLineAction' is clicked on

2017-11-14 18:55:43 - [MESSAGE][PASSED] - Object: 'Object Repository/Equipment/EquipmentPurchase/EPO_Receipt_Line/EPO_RecieptLineAction' is clicked on

2017-11-14 18:55:43 - [TEST_STEP][PASSED] - click: Object: 'Object Repository/Equipment/EquipmentPurchase/EPO_Receipt/EPO_Action_Confirm' is clicked on

2017-11-14 18:55:44 - [MESSAGE][PASSED] - Object: 'Object Repository/Equipment/EquipmentPurchase/EPO_Receipt/EPO_Action_Confirm' is clicked on

2017-11-14 18:55:44 - [TEST_STEP][PASSED] - click: Object: 'Object Repository/Equipment/EquipmentPurchase/EPO_Receipt/EPO_Reciept_MeterOK' is clicked on

2017-11-14 18:55:44 - [MESSAGE][PASSED] - Object: 'Object Repository/Equipment/EquipmentPurchase/EPO_Receipt/EPO_Reciept_MeterOK' is clicked on

2017-11-14 18:55:44 - [TEST_STEP][PASSED] - waitForElementPresent: Object 'Object Repository/Equipment/EquipmentPurchase/EPO_Receipt/EPO_RecieptPrint_Device' is present

2017-11-14 18:55:46 - [MESSAGE][PASSED] - Object 'Object Repository/Equipment/EquipmentPurchase/EPO_Receipt/EPO_RecieptPrint_Device' is present

2017-11-14 18:55:46 - [TEST_STEP][PASSED] - click: Object: 'Object Repository/Equipment/EquipmentPurchase/EPO_Receipt/EPO_RecieptPrint_Device' is clicked on

2017-11-14 18:55:46 - [MESSAGE][PASSED] - Object: 'Object Repository/Equipment/EquipmentPurchase/EPO_Receipt/EPO_RecieptPrint_Device' is clicked on

2017-11-14 18:55:46 - [TEST_STEP][PASSED] - setText: Text 'D' is set on object 'Object Repository/Equipment/EquipmentPurchase/EPO_Receipt/EPO_RecieptPrint_Device'

2017-11-14 18:55:46 - [MESSAGE][PASSED] - Text 'D' is set on object 'Object Repository/Equipment/EquipmentPurchase/EPO_Receipt/EPO_RecieptPrint_Device'

2017-11-14 18:55:46 - [TEST_STEP][PASSED] - click: Object: 'Object Repository/Equipment/EquipmentPurchase/EPO_Receipt/EPO_RecieptPrint_Continue' is clicked on

2017-11-14 18:55:46 - [MESSAGE][PASSED] - Object: 'Object Repository/Equipment/EquipmentPurchase/EPO_Receipt/EPO_RecieptPrint_Continue' is clicked on

2017-11-14 18:55:46 - [TEST_STEP][PASSED] - delay: Delayed 3 second(s)

2017-11-14 18:55:49 - [MESSAGE][PASSED] - Delayed 3 second(s)

2017-11-14 18:55:49 - [TEST_STEP][PASSED] - click: Object: 'Object Repository/Equipment/EquipmentPurchase/EPO_Receipt/EPO_RecieptPrint_ProcessCompleted' is clicked on

2017-11-14 18:55:50 - [MESSAGE][PASSED] - Object: 'Object Repository/Equipment/EquipmentPurchase/EPO_Receipt/EPO_RecieptPrint_ProcessCompleted' is clicked on

2017-11-14 18:55:50 - [TEST_STEP][PASSED] - delay: Delayed 10 second(s)

2017-11-14 18:56:00 - [MESSAGE][PASSED] - Delayed 10 second(s)

2017-11-14 18:56:00 - [MESSAGE][PASSED] - Call Test Case 'Test Cases/Equipment/Base_EquipmentPurchase/Base_EPO_Reciept' successfully

2017-11-14 18:56:00 - [MESSAGE][PASSED] - Call Test Case 'Test Cases/Equipment/Base_EquipmentPurchase/EPO_CreateNrecieve' successfully

2017-11-14 18:56:00 - [TEST_STEP][PASSED] - callTestCase: Call Test Case 'Test Cases/Equipment/Base_EquipmentSales/Base_Equipement_CreateHeader' successfully

2017-11-14 18:56:00 - [TEST_CASE][PASSED] - Test Cases/Equipment/Base_EquipmentSales/Base_Equipement_CreateHeader: Test Cases/Equipment/Base_EquipmentSales/Base_Equipement_CreateHeader

2017-11-14 18:56:00 - [TEST_STEP][PASSED] - callTestCase: Call Test Case 'Test Cases/Common/Base_Common_OpenSession' successfully

2017-11-14 18:56:00 - [TEST_CASE][PASSED] - Test Cases/Common/Base_Common_OpenSession: Test Cases/Common/Base_Common_OpenSession

2017-11-14 18:56:00 - [TEST_STEP][PASSED] - openBrowser: Browser is opened with url: 'https://rgajbhiye:Robin$123@proxima-ln4.e-emphasys.com:8441/webui/servlet/login'

2017-11-14 18:56:00 - [MESSAGE][WARNING] - A browser is already opened. Closing browser and opening a new one

2017-11-14 18:56:10 - [MESSAGE][PASSED] - Browser is opened with url: 'https://rgajbhiye:Robin$123@proxima-ln4.e-emphasys.com:8441/webui/servlet/login'

2017-11-14 18:56:10 - [TEST_STEP][PASSED] - waitForPageLoad: Wait for page load successfully

2017-11-14 18:56:10 - [MESSAGE][PASSED] - Wait for page load successfully

2017-11-14 18:56:10 - [TEST_STEP][PASSED] - maximizeWindow: Current window maximized

2017-11-14 18:56:10 - [MESSAGE][PASSED] - Current window maximized

2017-11-14 18:56:10 - [TEST_STEP][PASSED] - click: Object: 'Object Repository/Common/HomePage/HomePage_more' is clicked on

2017-11-14 18:56:12 - [MESSAGE][PASSED] - Object: 'Object Repository/Common/HomePage/HomePage_more' is clicked on

2017-11-14 18:56:12 - [TEST_STEP][PASSED] - click: Object: 'Object Repository/Common/HomePage/HomePage_Option' is clicked on

2017-11-14 18:56:12 - [MESSAGE][PASSED] - Object: 'Object Repository/Common/HomePage/HomePage_Option' is clicked on

2017-11-14 18:56:12 - [TEST_STEP][PASSED] - click: Object: 'Object Repository/Common/HomePage/HomePage_RunProgram_' is clicked on

2017-11-14 18:56:12 - [MESSAGE][PASSED] - Object: 'Object Repository/Common/HomePage/HomePage_RunProgram_' is clicked on

2017-11-14 18:56:12 - [TEST_STEP][PASSED] - sendKeys: Keys 'tdext8570m000' sent to object: 'Object Repository/Common/HomePage/HomePage_Session_ID'

2017-11-14 18:56:13 - [MESSAGE][PASSED] - Keys 'tdext8570m000' sent to object: 'Object Repository/Common/HomePage/HomePage_Session_ID'

2017-11-14 18:56:13 - [TEST_STEP][PASSED] - click: Object: 'Object Repository/Common/HomePage/HomePage_OkButton' is clicked on

2017-11-14 18:56:13 - [MESSAGE][PASSED] - Object: 'Object Repository/Common/HomePage/HomePage_OkButton' is clicked on

2017-11-14 18:56:13 - [MESSAGE][PASSED] - Call Test Case 'Test Cases/Common/Base_Common_OpenSession' successfully

2017-11-14 18:56:13 - [TEST_STEP][PASSED] - waitForElementPresent: Object 'Object Repository/Equipment/EquipmentSales/EquipmentSalesAgreementHeader/EquipmentSalesOrder_MMT_New' is present

2017-11-14 18:56:19 - [MESSAGE][PASSED] - Object 'Object Repository/Equipment/EquipmentSales/EquipmentSalesAgreementHeader/EquipmentSalesOrder_MMT_New' is present

2017-11-14 18:56:19 - [TEST_STEP][PASSED] - click: Object: 'Object Repository/Equipment/EquipmentSales/EquipmentSalesAgreementHeader/EquipmentSalesOrder_MMT_New' is clicked on

2017-11-14 18:56:23 - [MESSAGE][PASSED] - Object: 'Object Repository/Equipment/EquipmentSales/EquipmentSalesAgreementHeader/EquipmentSalesOrder_MMT_New' is clicked on

2017-11-14 18:56:23 - [TEST_STEP][PASSED] - setText: Text 'M00000010' is set on object 'Object Repository/Equipment/EquipmentSales/EquipmentSalesAgreementHeader/EquipmentSalesOrder_Customer'

2017-11-14 18:56:26 - [MESSAGE][PASSED] - Text 'M00000010' is set on object 'Object Repository/Equipment/EquipmentSales/EquipmentSalesAgreementHeader/EquipmentSalesOrder_Customer'

2017-11-14 18:56:26 - [TEST_STEP][PASSED] - doubleClick: Object: 'Object Repository/Equipment/EquipmentSales/EquipmentSalesAgreementHeader/EquipmentSalesOrder_DeliveryDate' is double clicked on

2017-11-14 18:56:27 - [MESSAGE][PASSED] - Object: 'Object Repository/Equipment/EquipmentSales/EquipmentSalesAgreementHeader/EquipmentSalesOrder_DeliveryDate' is double clicked on

2017-11-14 18:56:27 - [TEST_STEP][PASSED] - setText: Text '+10' is set on object 'Object Repository/Equipment/EquipmentSales/EquipmentSalesAgreementHeader/EquipmentSalesOrder_DeliveryDate'

2017-11-14 18:56:27 - [MESSAGE][PASSED] - Text '+10' is set on object 'Object Repository/Equipment/EquipmentSales/EquipmentSalesAgreementHeader/EquipmentSalesOrder_DeliveryDate'

2017-11-14 18:56:27 - [TEST_STEP][PASSED] - click: Object: 'Object Repository/Equipment/EquipmentSales/EquipmentSalesAgreementHeader/ESO_Header_Tax' is clicked on

2017-11-14 18:56:28 - [MESSAGE][PASSED] - Object: 'Object Repository/Equipment/EquipmentSales/EquipmentSalesAgreementHeader/ESO_Header_Tax' is clicked on

2017-11-14 18:56:28 - [TEST_STEP][PASSED] - click: Object: 'Object Repository/Equipment/EquipmentSales/EquipmentSalesAgreementHeader/EquipmentSalesOrder_OtherDetailsTab' is clicked on

2017-11-14 18:56:29 - [MESSAGE][PASSED] - Object: 'Object Repository/Equipment/EquipmentSales/EquipmentSalesAgreementHeader/EquipmentSalesOrder_OtherDetailsTab' is clicked on

2017-11-14 18:56:29 - [TEST_STEP][PASSED] - delay: Delayed 3 second(s)

2017-11-14 18:56:32 - [MESSAGE][PASSED] - Delayed 3 second(s)

2017-11-14 18:56:32 - [TEST_STEP][PASSED] - click: Object: 'Object Repository/Equipment/EquipmentSales/EquipmentSalesAgreementHeader/EquipmentSalesOrder_PaymentMethod' is clicked on

2017-11-14 18:56:36 - [MESSAGE][PASSED] - Object: 'Object Repository/Equipment/EquipmentSales/EquipmentSalesAgreementHeader/EquipmentSalesOrder_PaymentMethod' is clicked on

2017-11-14 18:56:36 - [TEST_STEP][PASSED] - click: Object: 'Object Repository/Equipment/EquipmentSales/EquipmentSalesAgreementHeader/EquimentSalesOrder_CreditCardOption' is clicked on

2017-11-14 18:56:40 - [MESSAGE][PASSED] - Object: 'Object Repository/Equipment/EquipmentSales/EquipmentSalesAgreementHeader/EquimentSalesOrder_CreditCardOption' is clicked on

2017-11-14 18:56:40 - [TEST_STEP][PASSED] - click: Object: 'Object Repository/Equipment/EquipmentSales/EquipmentSalesAgreementHeader/EquipmentSaleOrder_Save' is clicked on

2017-11-14 18:56:44 - [MESSAGE][PASSED] - Object: 'Object Repository/Equipment/EquipmentSales/EquipmentSalesAgreementHeader/EquipmentSaleOrder_Save' is clicked on

2017-11-14 18:56:44 - [TEST_STEP][PASSED] - click: Object: 'Object Repository/Equipment/EquipmentSales/EquipmentSalesAgreementHeader/EquipmentSalesOrder_DetailsTab' is clicked on

2017-11-14 18:56:44 - [MESSAGE][PASSED] - Object: 'Object Repository/Equipment/EquipmentSales/EquipmentSalesAgreementHeader/EquipmentSalesOrder_DetailsTab' is clicked on

2017-11-14 18:56:44 - [TEST_STEP][PASSED] - delay: Delayed 5 second(s)

2017-11-14 18:56:49 - [MESSAGE][PASSED] - Delayed 5 second(s)

2017-11-14 18:56:49 - [TEST_STEP][PASSED] - Statement - G_Part_PSO = com.kms.katalon.core.webui.keyword.WebUiBuiltInKeywords.getAttribute(com.kms.katalon.core.testobject.ObjectRepository.findTestObject(Equipment/EquipmentSales/EquipmentSalesAgreementHeader/EquipmentSaleOrder_OrderNo), "value"): Attribute 'value' of object 'Object Repository/Equipment/EquipmentSales/EquipmentSalesAgreementHeader/EquipmentSaleOrder_OrderNo' is: 'ESA016754'

2017-11-14 18:56:49 - [MESSAGE][PASSED] - Attribute 'value' of object 'Object Repository/Equipment/EquipmentSales/EquipmentSalesAgreementHeader/EquipmentSaleOrder_OrderNo' is: 'ESA016754'

2017-11-14 18:56:49 - [MESSAGE][PASSED] - Call Test Case 'Test Cases/Equipment/Base_EquipmentSales/Base_Equipement_CreateHeader' successfully

2017-11-14 18:56:49 - [TEST_STEP][PASSED] - callTestCase: Call Test Case 'Test Cases/Equipment/Base_EquipmentSales/Base_EquipmentSalesAddLine' successfully

2017-11-14 18:56:49 - [TEST_CASE][PASSED] - Test Cases/Equipment/Base_EquipmentSales/Base_EquipmentSalesAddLine: Test Cases/Equipment/Base_EquipmentSales/Base_EquipmentSalesAddLine

2017-11-14 18:56:49 - [TEST_STEP][PASSED] - click: Object: 'Object Repository/Equipment/EquipmentSales/EquipmentSalesAgreementHeader/EquipSalesOrder_Action' is clicked on

2017-11-14 18:56:49 - [MESSAGE][PASSED] - Object: 'Object Repository/Equipment/EquipmentSales/EquipmentSalesAgreementHeader/EquipSalesOrder_Action' is clicked on

2017-11-14 18:56:49 - [TEST_STEP][PASSED] - click: Object: 'Object Repository/Equipment/EquipmentSales/EquipmentSalesAgreementHeader/EquipSalesOrder_SalesOrderLine' is clicked on

2017-11-14 18:56:49 - [MESSAGE][PASSED] - Object: 'Object Repository/Equipment/EquipmentSales/EquipmentSalesAgreementHeader/EquipSalesOrder_SalesOrderLine' is clicked on

2017-11-14 18:56:49 - [TEST_STEP][PASSED] - waitForElementPresent: Object 'Object Repository/Equipment/EquipmentSales/EquipSalesOrderLines/EquipSaleOrderLine_New' is present

2017-11-14 18:56:51 - [MESSAGE][PASSED] - Object 'Object Repository/Equipment/EquipmentSales/EquipSalesOrderLines/EquipSaleOrderLine_New' is present

2017-11-14 18:56:51 - [TEST_STEP][PASSED] - click: Object: 'Object Repository/Equipment/EquipmentSales/EquipSalesOrderLines/EquipSaleOrderLine_New' is clicked on

2017-11-14 18:56:52 - [MESSAGE][PASSED] - Object: 'Object Repository/Equipment/EquipmentSales/EquipSalesOrderLines/EquipSaleOrderLine_New' is clicked on

2017-11-14 18:56:52 - [TEST_STEP][PASSED] - waitForElementPresent: Object 'Object Repository/Equipment/EquipmentSales/EquipSalesOrderLines/EquipSalesOrder_Model' is present

2017-11-14 18:56:53 - [MESSAGE][PASSED] - Object 'Object Repository/Equipment/EquipmentSales/EquipSalesOrderLines/EquipSalesOrder_Model' is present

2017-11-14 18:56:53 - [TEST_STEP][PASSED] - click: Object: 'Object Repository/Equipment/EquipmentSales/EquipSalesOrderLines/EquipSalesOrder_Model' is clicked on

2017-11-14 18:56:53 - [MESSAGE][PASSED] - Object: 'Object Repository/Equipment/EquipmentSales/EquipSalesOrderLines/EquipSalesOrder_Model' is clicked on

2017-11-14 18:56:53 - [TEST_STEP][PASSED] - setText: Text '1032' is set on object 'Object Repository/Equipment/EquipmentSales/EquipSalesOrderLines/EquipSalesOrder_Model'

2017-11-14 18:56:54 - [MESSAGE][PASSED] - Text '1032' is set on object 'Object Repository/Equipment/EquipmentSales/EquipSalesOrderLines/EquipSalesOrder_Model'

2017-11-14 18:56:54 - [TEST_STEP][PASSED] - doubleClick: Object: 'Object Repository/Equipment/EquipmentSales/EquipSalesOrderLines/ESO_Line_Unit' is double clicked on

2017-11-14 18:56:54 - [MESSAGE][PASSED] - Object: 'Object Repository/Equipment/EquipmentSales/EquipSalesOrderLines/ESO_Line_Unit' is double clicked on

2017-11-14 18:56:54 - [TEST_STEP][PASSED] - delay: Delayed 2 second(s)

2017-11-14 18:56:56 - [MESSAGE][PASSED] - Delayed 2 second(s)

2017-11-14 18:56:56 - [TEST_STEP][PASSED] - setText: Text 'MD0018306' is set on object 'Object Repository/Equipment/EquipmentSales/EquipSalesOrderLines/ESO_Line_Unit'

2017-11-14 18:56:56 - [MESSAGE][PASSED] - Text 'MD0018306' is set on object 'Object Repository/Equipment/EquipmentSales/EquipSalesOrderLines/ESO_Line_Unit'

2017-11-14 18:56:56 - [TEST_STEP][PASSED] - doubleClick: Object: 'Object Repository/Equipment/EquipmentSales/EquipSalesOrderLines/EquipSalesOrder_Price' is double clicked on

2017-11-14 18:56:57 - [MESSAGE][PASSED] - Object: 'Object Repository/Equipment/EquipmentSales/EquipSalesOrderLines/EquipSalesOrder_Price' is double clicked on

2017-11-14 18:56:57 - [TEST_STEP][PASSED] - delay: Delayed 2 second(s)

2017-11-14 18:56:59 - [MESSAGE][PASSED] - Delayed 2 second(s)

2017-11-14 18:56:59 - [TEST_STEP][PASSED] - setText: Text '10' is set on object 'Object Repository/Equipment/EquipmentSales/EquipSalesOrderLines/EquipSalesOrder_Price'

2017-11-14 18:56:59 - [MESSAGE][PASSED] - Text '10' is set on object 'Object Repository/Equipment/EquipmentSales/EquipSalesOrderLines/EquipSalesOrder_Price'

2017-11-14 18:56:59 - [TEST_STEP][PASSED] - click: Object: 'Object Repository/Equipment/EquipmentSales/EquipSalesOrderLines/EquipSaleOrder_Save' is clicked on

2017-11-14 18:56:59 - [MESSAGE][PASSED] - Object: 'Object Repository/Equipment/EquipmentSales/EquipSalesOrderLines/EquipSaleOrder_Save' is clicked on

2017-11-14 18:56:59 - [TEST_STEP][PASSED] - waitForElementPresent: Object 'Object Repository/Equipment/EquipmentSales/EquipSalesOrderLines/EquipSalesOrder_taxok' is present

2017-11-14 18:57:00 - [MESSAGE][PASSED] - Object 'Object Repository/Equipment/EquipmentSales/EquipSalesOrderLines/EquipSalesOrder_taxok' is present

2017-11-14 18:57:00 - [TEST_STEP][PASSED] - click: Object: 'Object Repository/Equipment/EquipmentSales/EquipSalesOrderLines/EquipSalesOrder_taxok' is clicked on

2017-11-14 18:57:00 - [MESSAGE][PASSED] - Object: 'Object Repository/Equipment/EquipmentSales/EquipSalesOrderLines/EquipSalesOrder_taxok' is clicked on

2017-11-14 18:57:00 - [TEST_STEP][NOT_RUN] - click: NOT_RUN: click

2017-11-14 18:57:00 - [MESSAGE][NOT_RUN] - NOT_RUN: click

2017-11-14 18:57:00 - [TEST_STEP][PASSED] - delay: Delayed 2 second(s)

2017-11-14 18:57:02 - [MESSAGE][PASSED] - Delayed 2 second(s)

2017-11-14 18:57:02 - [TEST_STEP][PASSED] - click: Object: 'Object Repository/Equipment/EquipmentSales/EquipSalesOrderLines/EquipSaleOrder_SavenClose' is clicked on

2017-11-14 18:57:02 - [MESSAGE][PASSED] - Object: 'Object Repository/Equipment/EquipmentSales/EquipSalesOrderLines/EquipSaleOrder_SavenClose' is clicked on

2017-11-14 18:57:02 - [TEST_STEP][PASSED] - delay: Delayed 2 second(s)

2017-11-14 18:57:04 - [MESSAGE][PASSED] - Delayed 2 second(s)

2017-11-14 18:57:04 - [TEST_STEP][PASSED] - click: Object: 'Object Repository/Equipment/EquipmentSales/EquipmentSalesAgreementHeader/EquipSalesOrder_MMTsavenClose' is clicked on

2017-11-14 18:57:04 - [MESSAGE][PASSED] - Object: 'Object Repository/Equipment/EquipmentSales/EquipmentSalesAgreementHeader/EquipSalesOrder_MMTsavenClose' is clicked on

2017-11-14 18:57:04 - [MESSAGE][PASSED] - Call Test Case 'Test Cases/Equipment/Base_EquipmentSales/Base_EquipmentSalesAddLine' successfully

2017-11-14 18:57:04 - [TEST_STEP][PASSED] - callTestCase: Call Test Case 'Test Cases/Equipment/Base_EquipmentSales/Base_EquipSaleOrderProcessing' successfully

2017-11-14 18:57:04 - [TEST_CASE][PASSED] - Test Cases/Equipment/Base_EquipmentSales/Base_EquipSaleOrderProcessing: Test Cases/Equipment/Base_EquipmentSales/Base_EquipSaleOrderProcessing

2017-11-14 18:57:04 - [TEST_STEP][PASSED] - click: Object: 'Object Repository/Equipment/EquipmentSales/EquipmentSalesAgreementHeader/EquipSalesOrder_Action' is clicked on

2017-11-14 18:57:05 - [MESSAGE][PASSED] - Object: 'Object Repository/Equipment/EquipmentSales/EquipmentSalesAgreementHeader/EquipSalesOrder_Action' is clicked on

2017-11-14 18:57:05 - [TEST_STEP][PASSED] - delay: Delayed 2 second(s)

2017-11-14 18:57:07 - [MESSAGE][PASSED] - Delayed 2 second(s)

2017-11-14 18:57:07 - [TEST_STEP][PASSED] - click: Object: 'Object Repository/Equipment/EquipmentSales/EquipSalesOrder_Process/EquipSalesOrder_SendForApproval' is clicked on

2017-11-14 18:57:07 - [MESSAGE][PASSED] - Object: 'Object Repository/Equipment/EquipmentSales/EquipSalesOrder_Process/EquipSalesOrder_SendForApproval' is clicked on

2017-11-14 18:57:07 - [TEST_STEP][PASSED] - delay: Delayed 2 second(s)

2017-11-14 18:57:09 - [MESSAGE][PASSED] - Delayed 2 second(s)

2017-11-14 18:57:09 - [TEST_STEP][PASSED] - verifyElementText: Actual text and expected text of test object 'Object Repository/Equipment/EquipmentSales/EquipSalesOrder_Process/EquipSalesOrder_Status' are matched.

2017-11-14 18:57:09 - [MESSAGE][PASSED] - Actual text and expected text of test object 'Object Repository/Equipment/EquipmentSales/EquipSalesOrder_Process/EquipSalesOrder_Status' are matched.

2017-11-14 18:57:09 - [TEST_STEP][PASSED] - click: Object: 'Object Repository/Equipment/EquipmentSales/EquipmentSalesAgreementHeader/EquipSalesOrder_Action' is clicked on

2017-11-14 18:57:10 - [MESSAGE][PASSED] - Object: 'Object Repository/Equipment/EquipmentSales/EquipmentSalesAgreementHeader/EquipSalesOrder_Action' is clicked on

2017-11-14 18:57:10 - [TEST_STEP][PASSED] - delay: Delayed 2 second(s)

2017-11-14 18:57:12 - [MESSAGE][PASSED] - Delayed 2 second(s)

2017-11-14 18:57:12 - [TEST_STEP][PASSED] - click: Object: 'Object Repository/Equipment/EquipmentSales/EquipSalesOrder_Process/EquipSalesOrder_Action_Approve' is clicked on

2017-11-14 18:57:12 - [MESSAGE][PASSED] - Object: 'Object Repository/Equipment/EquipmentSales/EquipSalesOrder_Process/EquipSalesOrder_Action_Approve' is clicked on

2017-11-14 18:57:12 - [TEST_STEP][PASSED] - delay: Delayed 2 second(s)

2017-11-14 18:57:14 - [MESSAGE][PASSED] - Delayed 2 second(s)

2017-11-14 18:57:14 - [TEST_STEP][PASSED] - click: Object: 'Object Repository/Equipment/EquipmentSales/EquipmentSalesAgreementHeader/EquipSalesOrder_Action' is clicked on

2017-11-14 18:57:14 - [MESSAGE][PASSED] - Object: 'Object Repository/Equipment/EquipmentSales/EquipmentSalesAgreementHeader/EquipSalesOrder_Action' is clicked on

2017-11-14 18:57:14 - [TEST_STEP][PASSED] - delay: Delayed 2 second(s)

2017-11-14 18:57:16 - [MESSAGE][PASSED] - Delayed 2 second(s)

2017-11-14 18:57:16 - [TEST_STEP][PASSED] - verifyElementText: Actual text and expected text of test object 'Object Repository/Equipment/EquipmentSales/EquipSalesOrder_Process/EquipSalesOrder_Status' are matched.

2017-11-14 18:57:16 - [MESSAGE][PASSED] - Actual text and expected text of test object 'Object Repository/Equipment/EquipmentSales/EquipSalesOrder_Process/EquipSalesOrder_Status' are matched.

2017-11-14 18:57:16 - [TEST_STEP][PASSED] - delay: Delayed 2 second(s)

2017-11-14 18:57:18 - [MESSAGE][PASSED] - Delayed 2 second(s)

2017-11-14 18:57:18 - [TEST_STEP][PASSED] - click: Object: 'Object Repository/Equipment/EquipmentSales/EquipmentSalesAgreementHeader/ESO_Header_Print' is clicked on

2017-11-14 18:57:18 - [MESSAGE][PASSED] - Object: 'Object Repository/Equipment/EquipmentSales/EquipmentSalesAgreementHeader/ESO_Header_Print' is clicked on

2017-11-14 18:57:18 - [TEST_STEP][PASSED] - click: Object: 'Object Repository/Equipment/EquipmentSales/EquipmentSalesAgreementHeader/ESO_Header_Print_FinalPrint' is clicked on

2017-11-14 18:57:19 - [MESSAGE][PASSED] - Object: 'Object Repository/Equipment/EquipmentSales/EquipmentSalesAgreementHeader/ESO_Header_Print_FinalPrint' is clicked on

2017-11-14 18:57:19 - [TEST_STEP][PASSED] - click: Object: 'Object Repository/Equipment/EquipmentSales/EquipmentSalesAgreementHeader/ESO_Header_Print_Print' is clicked on

2017-11-14 18:57:20 - [MESSAGE][PASSED] - Object: 'Object Repository/Equipment/EquipmentSales/EquipmentSalesAgreementHeader/ESO_Header_Print_Print' is clicked on

2017-11-14 18:57:20 - [TEST_STEP][PASSED] - click: Object: 'Object Repository/Equipment/EquipmentSales/EquipmentSalesAgreementHeader/ESO_Header_Print_ESOOK' is clicked on

2017-11-14 18:57:20 - [MESSAGE][PASSED] - Object: 'Object Repository/Equipment/EquipmentSales/EquipmentSalesAgreementHeader/ESO_Header_Print_ESOOK' is clicked on

2017-11-14 18:57:20 - [TEST_STEP][PASSED] - delay: Delayed 2 second(s)

2017-11-14 18:57:22 - [MESSAGE][PASSED] - Delayed 2 second(s)

2017-11-14 18:57:22 - [TEST_STEP][PASSED] - click: Object: 'Object Repository/Equipment/EquipmentSales/EquipmentSalesAgreementHeader/ESO_Print_Device' is clicked on

2017-11-14 18:57:23 - [MESSAGE][PASSED] - Object: 'Object Repository/Equipment/EquipmentSales/EquipmentSalesAgreementHeader/ESO_Print_Device' is clicked on

2017-11-14 18:57:23 - [TEST_STEP][PASSED] - delay: Delayed 2 second(s)

2017-11-14 18:57:25 - [MESSAGE][PASSED] - Delayed 2 second(s)

2017-11-14 18:57:25 - [TEST_STEP][PASSED] - setText: Text 'D' is set on object 'Object Repository/Equipment/EquipmentSales/EquipmentSalesAgreementHeader/ESO_Print_Device'

2017-11-14 18:57:25 - [MESSAGE][PASSED] - Text 'D' is set on object 'Object Repository/Equipment/EquipmentSales/EquipmentSalesAgreementHeader/ESO_Print_Device'

2017-11-14 18:57:25 - [TEST_STEP][PASSED] - click: Object: 'Object Repository/Equipment/EquipmentSales/EquipmentSalesAgreementHeader/ESO_Header_Print_Continue' is clicked on

2017-11-14 18:57:25 - [MESSAGE][PASSED] - Object: 'Object Repository/Equipment/EquipmentSales/EquipmentSalesAgreementHeader/ESO_Header_Print_Continue' is clicked on

2017-11-14 18:57:25 - [TEST_STEP][PASSED] - delay: Delayed 3 second(s)

2017-11-14 18:57:28 - [MESSAGE][PASSED] - Delayed 3 second(s)

2017-11-14 18:57:28 - [TEST_STEP][PASSED] - click: Object: 'Object Repository/Equipment/EquipmentSales/EquipmentSalesAgreementHeader/ESO_Tab' is clicked on

2017-11-14 18:57:29 - [MESSAGE][PASSED] - Object: 'Object Repository/Equipment/EquipmentSales/EquipmentSalesAgreementHeader/ESO_Tab' is clicked on

2017-11-14 18:57:29 - [TEST_STEP][PASSED] - click: Object: 'Object Repository/Equipment/EquipmentSales/EquipmentSalesAgreementHeader/ESO_Print_Close' is clicked on

2017-11-14 18:57:29 - [MESSAGE][PASSED] - Object: 'Object Repository/Equipment/EquipmentSales/EquipmentSalesAgreementHeader/ESO_Print_Close' is clicked on

2017-11-14 18:57:29 - [TEST_STEP][PASSED] - delay: Delayed 3 second(s)

2017-11-14 18:57:32 - [MESSAGE][PASSED] - Delayed 3 second(s)

2017-11-14 18:57:32 - [TEST_STEP][PASSED] - click: Object: 'Object Repository/Equipment/EquipmentSales/EquipmentSalesAgreementHeader/EquipSalesOrder_Action' is clicked on

2017-11-14 18:57:32 - [MESSAGE][PASSED] - Object: 'Object Repository/Equipment/EquipmentSales/EquipmentSalesAgreementHeader/EquipSalesOrder_Action' is clicked on

2017-11-14 18:57:32 - [TEST_STEP][PASSED] - click: Object: 'Object Repository/Equipment/EquipmentSales/EquipmentSalesAgreementHeader/ESO_Header_Action_EquipmentDelivery' is clicked on

2017-11-14 18:57:32 - [MESSAGE][PASSED] - Object: 'Object Repository/Equipment/EquipmentSales/EquipmentSalesAgreementHeader/ESO_Header_Action_EquipmentDelivery' is clicked on

2017-11-14 18:57:32 - [TEST_STEP][PASSED] - waitForElementPresent: Object 'Object Repository/Equipment/EquipmentSales/EquipmentDelivery/ESO_Delivery_Agreement' is present

2017-11-14 18:57:34 - [MESSAGE][PASSED] - Object 'Object Repository/Equipment/EquipmentSales/EquipmentDelivery/ESO_Delivery_Agreement' is present

2017-11-14 18:57:34 - [TEST_STEP][PASSED] - click: Object: 'Object Repository/Equipment/EquipmentSales/EquipmentDelivery/ESO_Delivery_Agreement' is clicked on

2017-11-14 18:57:34 - [MESSAGE][PASSED] - Object: 'Object Repository/Equipment/EquipmentSales/EquipmentDelivery/ESO_Delivery_Agreement' is clicked on

2017-11-14 18:57:34 - [TEST_STEP][PASSED] - click: Object: 'Object Repository/Equipment/EquipmentSales/EquipmentDelivery/ESO_Delivery_Save' is clicked on

2017-11-14 18:57:34 - [MESSAGE][PASSED] - Object: 'Object Repository/Equipment/EquipmentSales/EquipmentDelivery/ESO_Delivery_Save' is clicked on

2017-11-14 18:57:34 - [TEST_STEP][PASSED] - delay: Delayed 3 second(s)

2017-11-14 18:57:37 - [MESSAGE][PASSED] - Delayed 3 second(s)

2017-11-14 18:57:37 - [TEST_STEP][PASSED] - click: Object: 'Object Repository/Equipment/EquipmentSales/EquipmentDelivery/ESO_Delivery_Action' is clicked on

2017-11-14 18:57:38 - [MESSAGE][PASSED] - Object: 'Object Repository/Equipment/EquipmentSales/EquipmentDelivery/ESO_Delivery_Action' is clicked on

2017-11-14 18:57:38 - [TEST_STEP][PASSED] - click: Object: 'Object Repository/Equipment/EquipmentSales/EquipmentDelivery/ESO_Delivery_Action_Line' is clicked on

2017-11-14 18:57:38 - [MESSAGE][PASSED] - Object: 'Object Repository/Equipment/EquipmentSales/EquipmentDelivery/ESO_Delivery_Action_Line' is clicked on

2017-11-14 18:57:38 - [TEST_STEP][PASSED] - waitForElementPresent: Object 'Object Repository/Equipment/EquipmentSales/EquipmentDelivery/ESO_DeliveryLine_New' is present

2017-11-14 18:57:39 - [MESSAGE][PASSED] - Object 'Object Repository/Equipment/EquipmentSales/EquipmentDelivery/ESO_DeliveryLine_New' is present

2017-11-14 18:57:39 - [TEST_STEP][PASSED] - click: Object: 'Object Repository/Equipment/EquipmentSales/EquipmentDelivery/ESO_DeliveryLine_New' is clicked on

2017-11-14 18:57:40 - [MESSAGE][PASSED] - Object: 'Object Repository/Equipment/EquipmentSales/EquipmentDelivery/ESO_DeliveryLine_New' is clicked on

2017-11-14 18:57:40 - [TEST_STEP][PASSED] - delay: Delayed 2 second(s)

2017-11-14 18:57:42 - [MESSAGE][PASSED] - Delayed 2 second(s)

2017-11-14 18:57:42 - [TEST_STEP][PASSED] - click: Object: 'Object Repository/Equipment/EquipmentSales/EquipmentDelivery/ESO_DeliveryLine_SelectLine' is clicked on

2017-11-14 18:57:42 - [MESSAGE][PASSED] - Object: 'Object Repository/Equipment/EquipmentSales/EquipmentDelivery/ESO_DeliveryLine_SelectLine' is clicked on

2017-11-14 18:57:42 - [TEST_STEP][PASSED] - delay: Delayed 2 second(s)

2017-11-14 18:57:44 - [MESSAGE][PASSED] - Delayed 2 second(s)

2017-11-14 18:57:44 - [TEST_STEP][PASSED] - click: Object: 'Object Repository/Equipment/EquipmentSales/EquipmentDelivery/ESO_SelectDeliveryLine_SaveNclose' is clicked on

2017-11-14 18:57:44 - [MESSAGE][PASSED] - Object: 'Object Repository/Equipment/EquipmentSales/EquipmentDelivery/ESO_SelectDeliveryLine_SaveNclose' is clicked on

2017-11-14 18:57:44 - [TEST_STEP][PASSED] - delay: Delayed 2 second(s)

2017-11-14 18:57:46 - [MESSAGE][PASSED] - Delayed 2 second(s)

2017-11-14 18:57:46 - [TEST_STEP][PASSED] - click: Object: 'Object Repository/Equipment/EquipmentSales/EquipmentDelivery/ESO_DeliveryLine_Action' is clicked on

2017-11-14 18:57:46 - [MESSAGE][PASSED] - Object: 'Object Repository/Equipment/EquipmentSales/EquipmentDelivery/ESO_DeliveryLine_Action' is clicked on

2017-11-14 18:57:46 - [TEST_STEP][PASSED] - click: Object: 'Object Repository/Equipment/EquipmentSales/EquipmentDelivery/ESO_Delivery_ActionConfirm' is clicked on

2017-11-14 18:57:47 - [MESSAGE][PASSED] - Object: 'Object Repository/Equipment/EquipmentSales/EquipmentDelivery/ESO_Delivery_ActionConfirm' is clicked on

2017-11-14 18:57:47 - [TEST_STEP][PASSED] - delay: Delayed 3 second(s)

2017-11-14 18:57:50 - [MESSAGE][PASSED] - Delayed 3 second(s)

2017-11-14 18:57:50 - [TEST_STEP][PASSED] - click: Object: 'Object Repository/Equipment/EquipmentSales/EquipmentDelivery/ESO_Delivery_ConfirmYes' is clicked on

2017-11-14 18:57:51 - [MESSAGE][PASSED] - Object: 'Object Repository/Equipment/EquipmentSales/EquipmentDelivery/ESO_Delivery_ConfirmYes' is clicked on

2017-11-14 18:57:51 - [TEST_STEP][NOT_RUN] - click: NOT_RUN: click

2017-11-14 18:57:51 - [MESSAGE][NOT_RUN] - NOT_RUN: click

2017-11-14 18:57:51 - [TEST_STEP][PASSED] - setText: Text 'D' is set on object 'Object Repository/Equipment/EquipmentSales/EquipmentDelivery/ESO_Delivery_Device'

2017-11-14 18:57:51 - [MESSAGE][PASSED] - Text 'D' is set on object 'Object Repository/Equipment/EquipmentSales/EquipmentDelivery/ESO_Delivery_Device'

2017-11-14 18:57:51 - [TEST_STEP][PASSED] - click: Object: 'Object Repository/Equipment/EquipmentSales/EquipmentDelivery/ESO_Delivery_printContinue' is clicked on

2017-11-14 18:57:51 - [MESSAGE][PASSED] - Object: 'Object Repository/Equipment/EquipmentSales/EquipmentDelivery/ESO_Delivery_printContinue' is clicked on

2017-11-14 18:57:51 - [TEST_STEP][PASSED] - delay: Delayed 5 second(s)

2017-11-14 18:57:56 - [MESSAGE][PASSED] - Delayed 5 second(s)

2017-11-14 18:57:56 - [MESSAGE][PASSED] - Call Test Case 'Test Cases/Equipment/Base_EquipmentSales/Base_EquipSaleOrderProcessing' successfully

2017-11-14 18:57:56 - [TEST_STEP][FAILED] - callTestCase: Unable to call Test Case with id 'Test Cases/Equipment/Base_EquipmentSales/Base_EquipSaleOrder_Invoice_Split' (Root cause: Call Test Case 'Test Cases/Equipment/Base_EquipmentSales/Base_EquipSaleOrder_Invoice_Split' failed)

2017-11-14 18:57:56 - [TEST_CASE][FAILED] - Test Cases/Equipment/Base_EquipmentSales/Base_EquipSaleOrder_Invoice_Split: Test Cases/Equipment/Base_EquipmentSales/Base_EquipSaleOrder_Invoice_Split FAILED because (of) Unable to click on object 'Object Repository/Equipment/EquipmentSales/EquipmentSalesInvoiceCC/EPO_SplitInvoice_TextSelection' (Root cause: com.kms.katalon.core.webui.exception.WebElementNotFoundException: Web element with id: 'Object Repository/Equipment/EquipmentSales/EquipmentSalesInvoiceCC/EPO_SplitInvoice_TextSelection' located by 'By.xpath: //*[@id = 'tdext8475m100-18-button-std-file.save_and_close']' not found)

2017-11-14 18:57:57 - [TEST_STEP][PASSED] - delay: Delayed 5 second(s)

2017-11-14 18:58:02 - [MESSAGE][PASSED] - Delayed 5 second(s)

2017-11-14 18:58:02 - [TEST_STEP][PASSED] - click: Object: 'Object Repository/Equipment/EquipmentSales/EquipmentDelivery/ESO_EquipDeliveryTab' is clicked on

2017-11-14 18:58:02 - [MESSAGE][PASSED] - Object: 'Object Repository/Equipment/EquipmentSales/EquipmentDelivery/ESO_EquipDeliveryTab' is clicked on

2017-11-14 18:58:02 - [TEST_STEP][PASSED] - delay: Delayed 3 second(s)

2017-11-14 18:58:05 - [MESSAGE][PASSED] - Delayed 3 second(s)

2017-11-14 18:58:05 - [TEST_STEP][PASSED] - click: Object: 'Object Repository/Equipment/EquipmentSales/EquipmentDelivery/ESO_Delivery_Action' is clicked on

2017-11-14 18:58:06 - [MESSAGE][PASSED] - Object: 'Object Repository/Equipment/EquipmentSales/EquipmentDelivery/ESO_Delivery_Action' is clicked on

2017-11-14 18:58:06 - [TEST_STEP][PASSED] - click: Object: 'Object Repository/Equipment/EquipmentSales/EquipmentDelivery/ESO_Delivery_Action_SaleInvoice' is clicked on

2017-11-14 18:58:06 - [MESSAGE][PASSED] - Object: 'Object Repository/Equipment/EquipmentSales/EquipmentDelivery/ESO_Delivery_Action_SaleInvoice' is clicked on

2017-11-14 18:58:06 - [TEST_STEP][PASSED] - delay: Delayed 3 second(s)

2017-11-14 18:58:09 - [MESSAGE][PASSED] - Delayed 3 second(s)

2017-11-14 18:58:09 - [TEST_STEP][PASSED] - click: Object: 'Object Repository/Equipment/EquipmentSales/EquipmentSalesInvoiceCC/ESO_CC_ContinueInvoice' is clicked on

2017-11-14 18:58:09 - [MESSAGE][PASSED] - Object: 'Object Repository/Equipment/EquipmentSales/EquipmentSalesInvoiceCC/ESO_CC_ContinueInvoice' is clicked on

2017-11-14 18:58:09 - [TEST_STEP][PASSED] - delay: Delayed 3 second(s)

2017-11-14 18:58:12 - [MESSAGE][PASSED] - Delayed 3 second(s)

2017-11-14 18:58:12 - [TEST_STEP][PASSED] - setText: Text 'PUBL' is set on object 'Object Repository/Equipment/EquipmentSales/EquipmentSalesInvoiceCC/CCInterface_PaymentGateway'

2017-11-14 18:58:12 - [MESSAGE][PASSED] - Text 'PUBL' is set on object 'Object Repository/Equipment/EquipmentSales/EquipmentSalesInvoiceCC/CCInterface_PaymentGateway'

2017-11-14 18:58:12 - [TEST_STEP][PASSED] - doubleClick: Object: 'Object Repository/Equipment/EquipmentSales/EquipmentSalesInvoiceCC/CCInterface_CardType' is double clicked on

2017-11-14 18:58:13 - [MESSAGE][PASSED] - Object: 'Object Repository/Equipment/EquipmentSales/EquipmentSalesInvoiceCC/CCInterface_CardType' is double clicked on

2017-11-14 18:58:13 - [TEST_STEP][PASSED] - setText: Text 'Visa Card' is set on object 'Object Repository/Equipment/EquipmentSales/EquipmentSalesInvoiceCC/CCInterface_CardType'

2017-11-14 18:58:13 - [MESSAGE][PASSED] - Text 'Visa Card' is set on object 'Object Repository/Equipment/EquipmentSales/EquipmentSalesInvoiceCC/CCInterface_CardType'

2017-11-14 18:58:13 - [TEST_STEP][PASSED] - delay: Delayed 3 second(s)

2017-11-14 18:58:16 - [MESSAGE][PASSED] - Delayed 3 second(s)

2017-11-14 18:58:16 - [TEST_STEP][PASSED] - doubleClick: Object: 'Object Repository/Equipment/EquipmentSales/EquipmentSalesInvoiceCC/CCInterface_CardNo' is double clicked on

2017-11-14 18:58:16 - [MESSAGE][PASSED] - Object: 'Object Repository/Equipment/EquipmentSales/EquipmentSalesInvoiceCC/CCInterface_CardNo' is double clicked on

2017-11-14 18:58:16 - [TEST_STEP][PASSED] - setText: Text '4012000033330026' is set on object 'Object Repository/Equipment/EquipmentSales/EquipmentSalesInvoiceCC/CCInterface_CardNo'

2017-11-14 18:58:17 - [MESSAGE][PASSED] - Text '4012000033330026' is set on object 'Object Repository/Equipment/EquipmentSales/EquipmentSalesInvoiceCC/CCInterface_CardNo'

2017-11-14 18:58:17 - [TEST_STEP][PASSED] - setText: Text '456' is set on object 'Object Repository/Equipment/EquipmentSales/EquipmentSalesInvoiceCC/CCInterface_CVV'

2017-11-14 18:58:17 - [MESSAGE][PASSED] - Text '456' is set on object 'Object Repository/Equipment/EquipmentSales/EquipmentSalesInvoiceCC/CCInterface_CVV'

2017-11-14 18:58:17 - [TEST_STEP][PASSED] - setText: Text '09' is set on object 'Object Repository/Equipment/EquipmentSales/EquipmentSalesInvoiceCC/CCInterface_MM'

2017-11-14 18:58:17 - [MESSAGE][PASSED] - Text '09' is set on object 'Object Repository/Equipment/EquipmentSales/EquipmentSalesInvoiceCC/CCInterface_MM'

2017-11-14 18:58:17 - [TEST_STEP][PASSED] - setText: Text '99' is set on object 'Object Repository/Equipment/EquipmentSales/EquipmentSalesInvoiceCC/CCInterface_YY'

2017-11-14 18:58:18 - [MESSAGE][PASSED] - Text '99' is set on object 'Object Repository/Equipment/EquipmentSales/EquipmentSalesInvoiceCC/CCInterface_YY'

2017-11-14 18:58:18 - [TEST_STEP][PASSED] - click: Object: 'Object Repository/Equipment/EquipmentSales/EquipmentSalesInvoiceCC/CCInterface_SplitPayment' is clicked on

2017-11-14 18:58:18 - [MESSAGE][PASSED] - Object: 'Object Repository/Equipment/EquipmentSales/EquipmentSalesInvoiceCC/CCInterface_SplitPayment' is clicked on

2017-11-14 18:58:18 - [TEST_STEP][PASSED] - click: Object: 'Object Repository/Equipment/EquipmentSales/EquipmentSalesInvoiceCC/CCInterface_SplitTenderYes' is clicked on

2017-11-14 18:58:18 - [MESSAGE][PASSED] - Object: 'Object Repository/Equipment/EquipmentSales/EquipmentSalesInvoiceCC/CCInterface_SplitTenderYes' is clicked on

2017-11-14 18:58:18 - [TEST_STEP][PASSED] - click: Object: 'Object Repository/Equipment/EquipmentSales/EquipmentSalesInvoiceCC/CCInterface_SplitPaymentPlus' is clicked on

2017-11-14 18:58:18 - [MESSAGE][PASSED] - Object: 'Object Repository/Equipment/EquipmentSales/EquipmentSalesInvoiceCC/CCInterface_SplitPaymentPlus' is clicked on

2017-11-14 18:58:18 - [TEST_STEP][PASSED] - delay: Delayed 5 second(s)

2017-11-14 18:58:23 - [MESSAGE][PASSED] - Delayed 5 second(s)

2017-11-14 18:58:23 - [TEST_STEP][PASSED] - Statement - G_OrderAmt = com.kms.katalon.core.webui.keyword.WebUiBuiltInKeywords.getText(com.kms.katalon.core.testobject.ObjectRepository.findTestObject(Object Repository/Equipment/EquipmentSales/EquipmentSalesInvoiceCC/CCInterface_OrderTotal)): Text of object 'Object Repository/Equipment/EquipmentSales/EquipmentSalesInvoiceCC/CCInterface_OrderTotal' is: '10.00'

2017-11-14 18:58:24 - [MESSAGE][PASSED] - Text of object 'Object Repository/Equipment/EquipmentSales/EquipmentSalesInvoiceCC/CCInterface_OrderTotal' is: '10.00'

2017-11-14 18:58:24 - [TEST_STEP][PASSED] - Statement - G_SplitOrderAmt2 = G_OrderAmt - 2: null

2017-11-14 18:58:24 - [TEST_STEP][PASSED] - Statement - println(G_SplitOrderAmt1): null

2017-11-14 18:58:24 - [TEST_STEP][PASSED] - Statement - println(G_SplitOrderAmt2): null

2017-11-14 18:58:24 - [TEST_STEP][PASSED] - delay: Delayed 2 second(s)

2017-11-14 18:58:26 - [MESSAGE][PASSED] - Delayed 2 second(s)

2017-11-14 18:58:26 - [TEST_STEP][PASSED] - comment: *********Line 1: Credit Card Started***********************

2017-11-14 18:58:26 - [TEST_STEP][PASSED] - click: Object: 'Object Repository/Equipment/EquipmentSales/SplitPayment/Page_Infor LN UI (1)/CCInterface_Split_New' is clicked on

2017-11-14 18:58:26 - [MESSAGE][PASSED] - Object: 'Object Repository/Equipment/EquipmentSales/SplitPayment/Page_Infor LN UI (1)/CCInterface_Split_New' is clicked on

2017-11-14 18:58:26 - [TEST_STEP][PASSED] - delay: Delayed 2 second(s)

2017-11-14 18:58:28 - [MESSAGE][PASSED] - Delayed 2 second(s)

2017-11-14 18:58:28 - [TEST_STEP][PASSED] - click: Object: 'Object Repository/Equipment/EquipmentSales/SplitPayment/Page_Infor LN UI (1)/CC_Interface_Split_CC1_add' is clicked on

2017-11-14 18:58:29 - [MESSAGE][PASSED] - Object: 'Object Repository/Equipment/EquipmentSales/SplitPayment/Page_Infor LN UI (1)/CC_Interface_Split_CC1_add' is clicked on

2017-11-14 18:58:29 - [TEST_STEP][PASSED] - delay: Delayed 2 second(s)

2017-11-14 18:58:31 - [MESSAGE][PASSED] - Delayed 2 second(s)

2017-11-14 18:58:31 - [TEST_STEP][PASSED] - sendKeys: Keys '4012000033330026' sent to object: 'Object Repository/Equipment/EquipmentSales/SplitPayment/Page_Infor LN UI (1)/CC_Interface_Split_CC1_add'

2017-11-14 18:58:31 - [MESSAGE][PASSED] - Keys '4012000033330026' sent to object: 'Object Repository/Equipment/EquipmentSales/SplitPayment/Page_Infor LN UI (1)/CC_Interface_Split_CC1_add'

2017-11-14 18:58:31 - [TEST_STEP][PASSED] - click: Object: 'Object Repository/Equipment/EquipmentSales/SplitPayment/Page_Infor LN UI (1)/CC_Interface_Split_CC1_add' is clicked on

2017-11-14 18:58:31 - [MESSAGE][PASSED] - Object: 'Object Repository/Equipment/EquipmentSales/SplitPayment/Page_Infor LN UI (1)/CC_Interface_Split_CC1_add' is clicked on

2017-11-14 18:58:31 - [TEST_STEP][PASSED] - delay: Delayed 2 second(s)

2017-11-14 18:58:33 - [MESSAGE][PASSED] - Delayed 2 second(s)

2017-11-14 18:58:33 - [TEST_STEP][PASSED] - sendKeys: Keys '456' sent to object: 'Object Repository/Equipment/EquipmentSales/SplitPayment/Page_Infor LN UI (1)/CCInterface_Split_CVV1_add'

2017-11-14 18:58:34 - [MESSAGE][PASSED] - Keys '456' sent to object: 'Object Repository/Equipment/EquipmentSales/SplitPayment/Page_Infor LN UI (1)/CCInterface_Split_CVV1_add'

2017-11-14 18:58:34 - [TEST_STEP][PASSED] - click: Object: 'Object Repository/Equipment/EquipmentSales/SplitPayment/Page_Infor LN UI (1)/CCInterface_Split_Order1_add' is clicked on

2017-11-14 18:58:34 - [MESSAGE][PASSED] - Object: 'Object Repository/Equipment/EquipmentSales/SplitPayment/Page_Infor LN UI (1)/CCInterface_Split_Order1_add' is clicked on

2017-11-14 18:58:34 - [TEST_STEP][PASSED] - delay: Delayed 2 second(s)

2017-11-14 18:58:36 - [MESSAGE][PASSED] - Delayed 2 second(s)

2017-11-14 18:58:36 - [TEST_STEP][PASSED] - sendKeys: Keys '1.00' sent to object: 'Object Repository/Equipment/EquipmentSales/SplitPayment/Page_Infor LN UI (1)/CCInterface_Split_Order1_add'

2017-11-14 18:58:36 - [MESSAGE][PASSED] - Keys '1.00' sent to object: 'Object Repository/Equipment/EquipmentSales/SplitPayment/Page_Infor LN UI (1)/CCInterface_Split_Order1_add'

2017-11-14 18:58:36 - [TEST_STEP][PASSED] - click: Object: 'Object Repository/Equipment/EquipmentSales/SplitPayment/Page_Infor LN UI (1)/CCInterface_Split_Save' is clicked on

2017-11-14 18:58:36 - [MESSAGE][PASSED] - Object: 'Object Repository/Equipment/EquipmentSales/SplitPayment/Page_Infor LN UI (1)/CCInterface_Split_Save' is clicked on

2017-11-14 18:58:36 - [TEST_STEP][PASSED] - comment: *********Line 2: Credit Card Started***********************

2017-11-14 18:58:36 - [TEST_STEP][PASSED] - click: Object: 'Object Repository/Equipment/EquipmentSales/SplitPayment/Page_Infor LN UI (1)/CCInterface_Split_New' is clicked on

2017-11-14 18:58:37 - [MESSAGE][PASSED] - Object: 'Object Repository/Equipment/EquipmentSales/SplitPayment/Page_Infor LN UI (1)/CCInterface_Split_New' is clicked on

2017-11-14 18:58:37 - [TEST_STEP][PASSED] - delay: Delayed 2 second(s)

2017-11-14 18:58:39 - [MESSAGE][PASSED] - Delayed 2 second(s)

2017-11-14 18:58:39 - [TEST_STEP][PASSED] - click: Object: 'Object Repository/Equipment/EquipmentSales/SplitPayment/Page_Infor LN UI (1)/CCInterface_Split_CC2add' is clicked on

2017-11-14 18:58:39 - [MESSAGE][PASSED] - Object: 'Object Repository/Equipment/EquipmentSales/SplitPayment/Page_Infor LN UI (1)/CCInterface_Split_CC2add' is clicked on

2017-11-14 18:58:39 - [TEST_STEP][PASSED] - delay: Delayed 2 second(s)

2017-11-14 18:58:41 - [MESSAGE][PASSED] - Delayed 2 second(s)

2017-11-14 18:58:41 - [TEST_STEP][PASSED] - setText: Text '456' is set on object 'Object Repository/Equipment/EquipmentSales/SplitPayment/Page_Infor LN UI (1)/CCInterface_Split_CC2add'

2017-11-14 18:58:41 - [MESSAGE][PASSED] - Text '456' is set on object 'Object Repository/Equipment/EquipmentSales/SplitPayment/Page_Infor LN UI (1)/CCInterface_Split_CC2add'

2017-11-14 18:58:41 - [TEST_STEP][PASSED] - delay: Delayed 2 second(s)

2017-11-14 18:58:43 - [MESSAGE][PASSED] - Delayed 2 second(s)

2017-11-14 18:58:43 - [TEST_STEP][PASSED] - click: Object: 'Object Repository/Equipment/EquipmentSales/SplitPayment/Page_Infor LN UI (1)/CCInterface_Split_CVV2add' is clicked on

2017-11-14 18:58:44 - [MESSAGE][PASSED] - Object: 'Object Repository/Equipment/EquipmentSales/SplitPayment/Page_Infor LN UI (1)/CCInterface_Split_CVV2add' is clicked on

2017-11-14 18:58:44 - [TEST_STEP][PASSED] - delay: Delayed 2 second(s)

2017-11-14 18:58:46 - [MESSAGE][PASSED] - Delayed 2 second(s)

2017-11-14 18:58:46 - [TEST_STEP][PASSED] - setText: Text '456' is set on object 'Object Repository/Equipment/EquipmentSales/SplitPayment/Page_Infor LN UI (1)/CCInterface_Split_CVV2add'

2017-11-14 18:58:46 - [MESSAGE][PASSED] - Text '456' is set on object 'Object Repository/Equipment/EquipmentSales/SplitPayment/Page_Infor LN UI (1)/CCInterface_Split_CVV2add'

2017-11-14 18:58:46 - [TEST_STEP][PASSED] - click: Object: 'Object Repository/Equipment/EquipmentSales/SplitPayment/Page_Infor LN UI (1)/CCInterface_Split_CardType2' is clicked on

2017-11-14 18:58:46 - [MESSAGE][PASSED] - Object: 'Object Repository/Equipment/EquipmentSales/SplitPayment/Page_Infor LN UI (1)/CCInterface_Split_CardType2' is clicked on

2017-11-14 18:58:46 - [TEST_STEP][PASSED] - click: Object: 'Object Repository/Equipment/EquipmentSales/SplitPayment/Page_Infor LN UI (1)/CCInterface_Split_Name2' is clicked on

2017-11-14 18:58:47 - [MESSAGE][PASSED] - Object: 'Object Repository/Equipment/EquipmentSales/SplitPayment/Page_Infor LN UI (1)/CCInterface_Split_Name2' is clicked on

2017-11-14 18:58:47 - [TEST_STEP][PASSED] - delay: Delayed 2 second(s)

2017-11-14 18:58:49 - [MESSAGE][PASSED] - Delayed 2 second(s)

2017-11-14 18:58:49 - [TEST_STEP][PASSED] - setText: Text 'Robin' is set on object 'Object Repository/Equipment/EquipmentSales/SplitPayment/Page_Infor LN UI (1)/CCInterface_Split_Name2'

2017-11-14 18:58:49 - [MESSAGE][PASSED] - Text 'Robin' is set on object 'Object Repository/Equipment/EquipmentSales/SplitPayment/Page_Infor LN UI (1)/CCInterface_Split_Name2'

2017-11-14 18:58:49 - [TEST_STEP][PASSED] - click: Object: 'Object Repository/Equipment/EquipmentSales/SplitPayment/Page_Infor LN UI (1)/CCInterface_Split_Month2' is clicked on

2017-11-14 18:58:49 - [MESSAGE][PASSED] - Object: 'Object Repository/Equipment/EquipmentSales/SplitPayment/Page_Infor LN UI (1)/CCInterface_Split_Month2' is clicked on

2017-11-14 18:58:49 - [TEST_STEP][PASSED] - delay: Delayed 2 second(s)

2017-11-14 18:58:51 - [MESSAGE][PASSED] - Delayed 2 second(s)

2017-11-14 18:58:51 - [TEST_STEP][PASSED] - setText: Text '09' is set on object 'Object Repository/Equipment/EquipmentSales/SplitPayment/Page_Infor LN UI (1)/CCInterface_Split_Month2'

2017-11-14 18:58:52 - [MESSAGE][PASSED] - Text '09' is set on object 'Object Repository/Equipment/EquipmentSales/SplitPayment/Page_Infor LN UI (1)/CCInterface_Split_Month2'

2017-11-14 18:58:52 - [TEST_STEP][PASSED] - click: Object: 'Object Repository/Equipment/EquipmentSales/SplitPayment/Page_Infor LN UI (1)/CCInterface_Split_Year2' is clicked on

2017-11-14 18:58:52 - [MESSAGE][PASSED] - Object: 'Object Repository/Equipment/EquipmentSales/SplitPayment/Page_Infor LN UI (1)/CCInterface_Split_Year2' is clicked on

2017-11-14 18:58:52 - [TEST_STEP][PASSED] - delay: Delayed 2 second(s)

2017-11-14 18:58:54 - [MESSAGE][PASSED] - Delayed 2 second(s)

2017-11-14 18:58:54 - [TEST_STEP][PASSED] - setText: Text '99' is set on object 'Object Repository/Equipment/EquipmentSales/SplitPayment/Page_Infor LN UI (1)/CCInterface_Split_Year2'

2017-11-14 18:58:54 - [MESSAGE][PASSED] - Text '99' is set on object 'Object Repository/Equipment/EquipmentSales/SplitPayment/Page_Infor LN UI (1)/CCInterface_Split_Year2'

2017-11-14 18:58:54 - [TEST_STEP][PASSED] - click: Object: 'Object Repository/Equipment/EquipmentSales/SplitPayment/Page_Infor LN UI (1)/CCInterface_Split_Order2add' is clicked on

2017-11-14 18:58:54 - [MESSAGE][PASSED] - Object: 'Object Repository/Equipment/EquipmentSales/SplitPayment/Page_Infor LN UI (1)/CCInterface_Split_Order2add' is clicked on

2017-11-14 18:58:54 - [TEST_STEP][PASSED] - delay: Delayed 2 second(s)

2017-11-14 18:58:56 - [MESSAGE][PASSED] - Delayed 2 second(s)

2017-11-14 18:58:56 - [TEST_STEP][PASSED] - setText: Text '1.00' is set on object 'Object Repository/Equipment/EquipmentSales/SplitPayment/Page_Infor LN UI (1)/CCInterface_Split_Order2add'

2017-11-14 18:58:57 - [MESSAGE][PASSED] - Text '1.00' is set on object 'Object Repository/Equipment/EquipmentSales/SplitPayment/Page_Infor LN UI (1)/CCInterface_Split_Order2add'

2017-11-14 18:58:57 - [TEST_STEP][PASSED] - click: Object: 'Object Repository/Equipment/EquipmentSales/SplitPayment/Page_Infor LN UI (1)/CCInterface_Split_Save' is clicked on

2017-11-14 18:58:57 - [MESSAGE][PASSED] - Object: 'Object Repository/Equipment/EquipmentSales/SplitPayment/Page_Infor LN UI (1)/CCInterface_Split_Save' is clicked on

2017-11-14 18:58:57 - [TEST_STEP][PASSED] - comment: *********Line 3: Cash Started***********************

2017-11-14 18:58:57 - [TEST_STEP][PASSED] - click: Object: 'Object Repository/Equipment/EquipmentSales/SplitPayment/Page_Infor LN UI (1)/CCInterface_Split_New' is clicked on

2017-11-14 18:58:58 - [MESSAGE][PASSED] - Object: 'Object Repository/Equipment/EquipmentSales/SplitPayment/Page_Infor LN UI (1)/CCInterface_Split_New' is clicked on

2017-11-14 18:58:58 - [TEST_STEP][PASSED] - delay: Delayed 2 second(s)

2017-11-14 18:59:00 - [MESSAGE][PASSED] - Delayed 2 second(s)

2017-11-14 18:59:00 - [TEST_STEP][PASSED] - click: Object: 'Object Repository/Equipment/EquipmentSales/SplitPayment/Line3_Cash/Split_3_ModeOfPayment' is clicked on

2017-11-14 18:59:00 - [MESSAGE][PASSED] - Object: 'Object Repository/Equipment/EquipmentSales/SplitPayment/Line3_Cash/Split_3_ModeOfPayment' is clicked on

2017-11-14 18:59:00 - [TEST_STEP][PASSED] - click: Object: 'Object Repository/Equipment/EquipmentSales/SplitPayment/Line3_Cash/Split_3_Cashoption' is clicked on

2017-11-14 18:59:02 - [MESSAGE][PASSED] - Object: 'Object Repository/Equipment/EquipmentSales/SplitPayment/Line3_Cash/Split_3_Cashoption' is clicked on

2017-11-14 18:59:02 - [TEST_STEP][PASSED] - click: Object: 'Object Repository/Equipment/EquipmentSales/SplitPayment/Line3_Cash/Split_3_OrderAmt' is clicked on

2017-11-14 18:59:03 - [MESSAGE][PASSED] - Object: 'Object Repository/Equipment/EquipmentSales/SplitPayment/Line3_Cash/Split_3_OrderAmt' is clicked on

2017-11-14 18:59:03 - [TEST_STEP][PASSED] - delay: Delayed 2 second(s)

2017-11-14 18:59:05 - [MESSAGE][PASSED] - Delayed 2 second(s)

2017-11-14 18:59:05 - [TEST_STEP][PASSED] - setText: Text '8.0' is set on object 'Object Repository/Equipment/EquipmentSales/SplitPayment/Line3_Cash/Split_3_OrderAmt'

2017-11-14 18:59:05 - [MESSAGE][PASSED] - Text '8.0' is set on object 'Object Repository/Equipment/EquipmentSales/SplitPayment/Line3_Cash/Split_3_OrderAmt'

2017-11-14 18:59:05 - [TEST_STEP][PASSED] - click: Object: 'Object Repository/Equipment/EquipmentSales/SplitPayment/Page_Infor LN UI (1)/CCInterface_Split_Save' is clicked on

2017-11-14 18:59:05 - [MESSAGE][PASSED] - Object: 'Object Repository/Equipment/EquipmentSales/SplitPayment/Page_Infor LN UI (1)/CCInterface_Split_Save' is clicked on

2017-11-14 18:59:05 - [TEST_STEP][PASSED] - click: Object: 'Object Repository/Equipment/EquipmentSales/SplitPayment/Spilt_Action' is clicked on

2017-11-14 18:59:07 - [MESSAGE][PASSED] - Object: 'Object Repository/Equipment/EquipmentSales/SplitPayment/Spilt_Action' is clicked on

2017-11-14 18:59:07 - [TEST_STEP][PASSED] - click: Object: 'Object Repository/Equipment/EquipmentSales/SplitPayment/Split_ApplyTax' is clicked on

2017-11-14 18:59:07 - [MESSAGE][PASSED] - Object: 'Object Repository/Equipment/EquipmentSales/SplitPayment/Split_ApplyTax' is clicked on

2017-11-14 18:59:07 - [TEST_STEP][PASSED] - delay: Delayed 5 second(s)

2017-11-14 18:59:12 - [MESSAGE][PASSED] - Delayed 5 second(s)

2017-11-14 18:59:12 - [TEST_STEP][PASSED] - click: Object: 'Object Repository/Equipment/EquipmentSales/SplitPayment/Page_Infor LN UI (1)/Split_Scrollup' is clicked on

2017-11-14 18:59:12 - [MESSAGE][PASSED] - Object: 'Object Repository/Equipment/EquipmentSales/SplitPayment/Page_Infor LN UI (1)/Split_Scrollup' is clicked on

2017-11-14 18:59:12 - [TEST_STEP][PASSED] - scrollToElement: Scroll to object 'Object Repository/Equipment/EquipmentSales/SplitPayment/Page_Infor LN UI (1)/Split_InvoiceAmt1' successfully

2017-11-14 18:59:13 - [MESSAGE][PASSED] - Scroll to object 'Object Repository/Equipment/EquipmentSales/SplitPayment/Page_Infor LN UI (1)/Split_InvoiceAmt1' successfully

2017-11-14 18:59:13 - [TEST_STEP][PASSED] - Statement - G_SplitInvoiceAmt1 = com.kms.katalon.core.webui.keyword.WebUiBuiltInKeywords.getText(com.kms.katalon.core.testobject.ObjectRepository.findTestObject(Equipment/EquipmentSales/SplitPayment/Page_Infor LN UI (1)/Split_InvoiceAmt1)): Text of object 'Object Repository/Equipment/EquipmentSales/SplitPayment/Page_Infor LN UI (1)/Split_InvoiceAmt1' is: '1.00'

2017-11-14 18:59:13 - [MESSAGE][PASSED] - Text of object 'Object Repository/Equipment/EquipmentSales/SplitPayment/Page_Infor LN UI (1)/Split_InvoiceAmt1' is: '1.00'

2017-11-14 18:59:13 - [TEST_STEP][PASSED] - scrollToElement: Scroll to object 'Object Repository/Equipment/EquipmentSales/SplitPayment/Page_Infor LN UI (1)/Split_InvoiceAmt2' successfully

2017-11-14 18:59:13 - [MESSAGE][PASSED] - Scroll to object 'Object Repository/Equipment/EquipmentSales/SplitPayment/Page_Infor LN UI (1)/Split_InvoiceAmt2' successfully

2017-11-14 18:59:13 - [TEST_STEP][PASSED] - Statement - G_SplitInvoiceAmt2 = com.kms.katalon.core.webui.keyword.WebUiBuiltInKeywords.getText(com.kms.katalon.core.testobject.ObjectRepository.findTestObject(Equipment/EquipmentSales/SplitPayment/Page_Infor LN UI (1)/Split_InvoiceAmt2)): Text of object 'Object Repository/Equipment/EquipmentSales/SplitPayment/Page_Infor LN UI (1)/Split_InvoiceAmt2' is: '8.00'

2017-11-14 18:59:13 - [MESSAGE][PASSED] - Text of object 'Object Repository/Equipment/EquipmentSales/SplitPayment/Page_Infor LN UI (1)/Split_InvoiceAmt2' is: '8.00'

2017-11-14 18:59:13 - [TEST_STEP][PASSED] - delay: Delayed 5 second(s)

2017-11-14 18:59:18 - [MESSAGE][PASSED] - Delayed 5 second(s)

2017-11-14 18:59:18 - [TEST_STEP][PASSED] - click: Object: 'Object Repository/Equipment/EquipmentSales/SplitPayment/Split_SaveNclose' is clicked on

2017-11-14 18:59:18 - [MESSAGE][PASSED] - Object: 'Object Repository/Equipment/EquipmentSales/SplitPayment/Split_SaveNclose' is clicked on

2017-11-14 18:59:18 - [TEST_STEP][PASSED] - click: Object: 'Object Repository/Equipment/EquipmentSales/EquipmentSalesInvoiceCC/CCInterface_Process' is clicked on

2017-11-14 18:59:19 - [MESSAGE][PASSED] - Object: 'Object Repository/Equipment/EquipmentSales/EquipmentSalesInvoiceCC/CCInterface_Process' is clicked on

2017-11-14 18:59:19 - [TEST_STEP][PASSED] - delay: Delayed 5 second(s)

2017-11-14 18:59:24 - [MESSAGE][PASSED] - Delayed 5 second(s)

2017-11-14 18:59:24 - [TEST_STEP][PASSED] - waitForElementPresent: Object 'Object Repository/Equipment/EquipmentSales/EquipmentSalesInvoiceCC/EPO_SplitInvoice_TextSelection' is not present after 20 second(s)

2017-11-14 18:59:46 - [MESSAGE][WARNING] - Object 'Object Repository/Equipment/EquipmentSales/EquipmentSalesInvoiceCC/EPO_SplitInvoice_TextSelection' is not present after 20 second(s)

2017-11-14 18:59:46 - [TEST_STEP][FAILED] - click: Unable to click on object 'Object Repository/Equipment/EquipmentSales/EquipmentSalesInvoiceCC/EPO_SplitInvoice_TextSelection' (Root cause: com.kms.katalon.core.webui.exception.WebElementNotFoundException: Web element with id: 'Object Repository/Equipment/EquipmentSales/EquipmentSalesInvoiceCC/EPO_SplitInvoice_TextSelection' located by 'By.xpath: //*[@id = 'tdext8475m100-18-button-std-file.save_and_close']' not found)

2017-11-14 19:00:19 - [MESSAGE][FAILED] - Unable to click on object 'Object Repository/Equipment/EquipmentSales/EquipmentSalesInvoiceCC/EPO_SplitInvoice_TextSelection' (Root cause: com.kms.katalon.core.webui.exception.WebElementNotFoundException: Web element with id: 'Object Repository/Equipment/EquipmentSales/EquipmentSalesInvoiceCC/EPO_SplitInvoice_TextSelection' located by 'By.xpath: //*[@id = 'tdext8475m100-18-button-std-file.save_and_close']' not found)
[[ATTACHMENT|C:\\Users\\rgajbhiye\\git\\CreditCard\\Reports\\CC_EquipmentTestSuite\\20171114_184857\\1510666219182.png]]

2017-11-14 19:00:19 - [TEST_STEP][FAILED] - setText: Unable to set text 'D' of object 'Object Repository/Equipment/EquipmentSales/EquipmentSalesInvoiceCC/EPO_SplitInvoice_Device ' (Root cause: com.kms.katalon.core.webui.exception.WebElementNotFoundException: Web element with id: 'Object Repository/Equipment/EquipmentSales/EquipmentSalesInvoiceCC/EPO_SplitInvoice_Device ' located by 'By.xpath: //*[@id = 'ttstpsplopen-19-devc-1-lookup-widget']' not found)

2017-11-14 19:00:52 - [MESSAGE][FAILED] - Unable to set text 'D' of object 'Object Repository/Equipment/EquipmentSales/EquipmentSalesInvoiceCC/EPO_SplitInvoice_Device ' (Root cause: com.kms.katalon.core.webui.exception.WebElementNotFoundException: Web element with id: 'Object Repository/Equipment/EquipmentSales/EquipmentSalesInvoiceCC/EPO_SplitInvoice_Device ' located by 'By.xpath: //*[@id = 'ttstpsplopen-19-devc-1-lookup-widget']' not found)
[[ATTACHMENT|C:\\Users\\rgajbhiye\\git\\CreditCard\\Reports\\CC_EquipmentTestSuite\\20171114_184857\\1510666251897.png]]

2017-11-14 19:00:52 - [TEST_STEP][FAILED] - click: Unable to click on object 'Object Repository/Equipment/EquipmentSales/EquipmentSalesInvoiceCC/EPO_SplitInvoice_Continue ' (Root cause: com.kms.katalon.core.webui.exception.WebElementNotFoundException: Web element with id: 'Object Repository/Equipment/EquipmentSales/EquipmentSalesInvoiceCC/EPO_SplitInvoice_Continue ' located by 'By.xpath: //*[@id = 'ttstpsplopen-19-button-form-exec.cont.process']' not found)

2017-11-14 19:01:24 - [MESSAGE][FAILED] - Unable to click on object 'Object Repository/Equipment/EquipmentSales/EquipmentSalesInvoiceCC/EPO_SplitInvoice_Continue ' (Root cause: com.kms.katalon.core.webui.exception.WebElementNotFoundException: Web element with id: 'Object Repository/Equipment/EquipmentSales/EquipmentSalesInvoiceCC/EPO_SplitInvoice_Continue ' located by 'By.xpath: //*[@id = 'ttstpsplopen-19-button-form-exec.cont.process']' not found)
[[ATTACHMENT|C:\\Users\\rgajbhiye\\git\\CreditCard\\Reports\\CC_EquipmentTestSuite\\20171114_184857\\1510666284572.png]]

2017-11-14 19:01:24 - [TEST_STEP][PASSED] - delay: Delayed 10 second(s)

2017-11-14 19:01:34 - [MESSAGE][PASSED] - Delayed 10 second(s)

2017-11-14 19:01:34 - [MESSAGE][FAILED] - Unable to call Test Case with id 'Test Cases/Equipment/Base_EquipmentSales/Base_EquipSaleOrder_Invoice_Split' (Root cause: Call Test Case 'Test Cases/Equipment/Base_EquipmentSales/Base_EquipSaleOrder_Invoice_Split' failed)]]></system-out>
         <system-err><![CDATA[2017-11-14 18:54:28 - [TEST_CASE][FAILED] - Test Cases/Equipment/CreditCardRegression/TC002_EquipmentSalesAgreement_Split: Test Cases/Equipment/CreditCardRegression/TC002_EquipmentSalesAgreement_Split FAILED because (of) Unable to click on object 'Object Repository/Equipment/EquipmentSales/EquipmentSalesInvoiceCC/EPO_SplitInvoice_TextSelection' (Root cause: com.kms.katalon.core.webui.exception.WebElementNotFoundException: Web element with id: 'Object Repository/Equipment/EquipmentSales/EquipmentSalesInvoiceCC/EPO_SplitInvoice_TextSelection' located by 'By.xpath: //*[@id = 'tdext8475m100-18-button-std-file.save_and_close']' not found)]]></system-err>
      </testcase>
      <system-out><![CDATA[2017-11-14 18:49:04 - [TEST_SUITE][FAILED] - CC_EquipmentTestSuite: Test Cases/Equipment/CreditCardRegression/TC002_EquipmentSalesAgreement_Split FAILED because (of) Unable to click on object 'Object Repository/Equipment/EquipmentSales/EquipmentSalesInvoiceCC/EPO_SplitInvoice_TextSelection' (Root cause: com.kms.katalon.core.webui.exception.WebElementNotFoundException: Web element with id: 'Object Repository/Equipment/EquipmentSales/EquipmentSalesInvoiceCC/EPO_SplitInvoice_TextSelection' located by 'By.xpath: //*[@id = 'tdext8475m100-18-button-std-file.save_and_close']' not found)]]></system-out>
      <system-err><![CDATA[2017-11-14 18:49:04 - [TEST_SUITE][FAILED] - CC_EquipmentTestSuite: Test Cases/Equipment/CreditCardRegression/TC002_EquipmentSalesAgreement_Split FAILED because (of) Unable to click on object 'Object Repository/Equipment/EquipmentSales/EquipmentSalesInvoiceCC/EPO_SplitInvoice_TextSelection' (Root cause: com.kms.katalon.core.webui.exception.WebElementNotFoundException: Web element with id: 'Object Repository/Equipment/EquipmentSales/EquipmentSalesInvoiceCC/EPO_SplitInvoice_TextSelection' located by 'By.xpath: //*[@id = 'tdext8475m100-18-button-std-file.save_and_close']' not found)]]></system-err>
   </testsuite>
</testsuites>
