<?xml version="1.0" encoding="UTF-8"?>
<testsuites name="CC_RentalInvoice" time="220" tests="0" failures="0" errors="0">
   <testsuite name="CC_RentalInvoice" tests="0" failures="0" errors="0" time="220" timestamp="2017-11-14 12:49:30" hostname="agawhande - ANIL110.e-emphasys.com" id="Test Suites/CC_RentalInvoice">
      <properties>
         <property name="deviceName" value=""/>
         <property name="devicePlatform" value=""/>
         <property name="logFolder" value="C:\\Users\\agawhande\\git\\CreditCard\\Reports\\CC_RentalInvoice\\20171114_124922"/>
         <property name="logFiles" value="C:\\Users\\agawhande\\git\\CreditCard\\Reports\\CC_RentalInvoice\\20171114_124922\\execution0.log"/>
         <property name="attachments" value="C:\\Users\\agawhande\\git\\CreditCard\\Reports\\CC_RentalInvoice\\20171114_124922\\1510644063689.png, C:\\Users\\agawhande\\git\\CreditCard\\Reports\\CC_RentalInvoice\\20171114_124922\\1510644185645.png"/>
         <property name="hostName" value="agawhande - ANIL110.e-emphasys.com"/>
         <property name="os" value="Windows 7 64bit"/>
         <property name="katalonVersion" value="4.8.0.2"/>
         <property name="browser" value="Firefox 56.0"/>
         <property name="hostAddress" value="192.168.25.228"/>
         <property name="sessionId" value="e9a6afbc-d7ac-4594-98f6-7b35bb457b95"/>
         <property name="seleniumVersion" value="unknown"/>
         <property name="proxyInformation" value="ProxyInformation{proxyOption=NO_PROXY, proxyServerType=, password=, proxyServerAddress=, proxyServerPort=0}"/>
         <property name="platform" value="Windows 7"/>
      </properties>
      <testcase name="Test Cases/Rental/Base_RentalContract/CreditCardRegression/TC003_RentalContractInvoice_CC" classname="Test Cases/Rental/Base_RentalContract/CreditCardRegression/TC003_RentalContractInvoice_CC" status="INCOMPLETE">
         <system-out><![CDATA[2017-11-14 12:49:31 - [TEST_CASE][INCOMPLETE] - Test Cases/Rental/Base_RentalContract/CreditCardRegression/TC003_RentalContractInvoice_CC: null

2017-11-14 12:49:32 - [TEST_STEP][FAILED] - callTestCase: Unable to call Test Case with id 'Test Cases/Rental/Base_RentalContract/Base_CreateRentalHeader' (Root cause: Call Test Case 'Test Cases/Rental/Base_RentalContract/Base_CreateRentalHeader' failed)

2017-11-14 12:49:32 - [TEST_CASE][FAILED] - Test Cases/Rental/Base_RentalContract/Base_CreateRentalHeader: Test Cases/Rental/Base_RentalContract/Base_CreateRentalHeader FAILED because (of) Unable to set text '100' of object 'Object Repository/Rental/RentalHeader/RentalContract.GrossRateline' (Root cause: org.openqa.selenium.StaleElementReferenceException: Element is no longer attached to the DOM
Command duration or timeout: 327 milliseconds
For documentation on this error, please visit: http://seleniumhq.org/exceptions/stale_element_reference.html
Build info: version: 'unknown', revision: 'unknown', time: 'unknown'
System info: host: 'ANIL110', ip: '192.168.25.228', os.name: 'Windows 7', os.arch: 'amd64', os.version: '6.1', java.version: '1.8.0_102'
Driver info: com.kms.katalon.core.webui.driver.firefox.CFirefoxDriver47
Capabilities [{applicationCacheEnabled=true, rotatable=false, handlesAlerts=true, databaseEnabled=true, version=56.0, platform=WINDOWS, nativeEvents=false, acceptSslCerts=true, webStorageEnabled=true, locationContextEnabled=true, browserName=firefox, takesScreenshot=true, javascriptEnabled=true, cssSelectorsEnabled=true}]
Session ID: ec73f330-e545-4113-a8c7-3b7b4832fbac)

2017-11-14 12:49:32 - [TEST_STEP][PASSED] - callTestCase: Call Test Case 'Test Cases/Common/Base_Common_OpenSession' successfully

2017-11-14 12:49:32 - [TEST_CASE][PASSED] - Test Cases/Common/Base_Common_OpenSession: Test Cases/Common/Base_Common_OpenSession

2017-11-14 12:49:33 - [TEST_STEP][PASSED] - openBrowser: Browser is opened with url: 'https://rgajbhiye:Robin$123@proxima-ln4.e-emphasys.com:8441/webui/servlet/login'

2017-11-14 12:49:45 - [MESSAGE][PASSED] - Browser is opened with url: 'https://rgajbhiye:Robin$123@proxima-ln4.e-emphasys.com:8441/webui/servlet/login'

2017-11-14 12:49:45 - [TEST_STEP][PASSED] - waitForPageLoad: Wait for page load successfully

2017-11-14 12:49:45 - [MESSAGE][PASSED] - Wait for page load successfully

2017-11-14 12:49:45 - [TEST_STEP][PASSED] - maximizeWindow: Current window maximized

2017-11-14 12:49:45 - [MESSAGE][PASSED] - Current window maximized

2017-11-14 12:49:45 - [TEST_STEP][PASSED] - click: Object: 'Object Repository/Common/HomePage/HomePage_more' is clicked on

2017-11-14 12:49:48 - [MESSAGE][PASSED] - Object: 'Object Repository/Common/HomePage/HomePage_more' is clicked on

2017-11-14 12:49:48 - [TEST_STEP][PASSED] - click: Object: 'Object Repository/Common/HomePage/HomePage_Option' is clicked on

2017-11-14 12:49:48 - [MESSAGE][PASSED] - Object: 'Object Repository/Common/HomePage/HomePage_Option' is clicked on

2017-11-14 12:49:48 - [TEST_STEP][PASSED] - click: Object: 'Object Repository/Common/HomePage/HomePage_RunProgram_' is clicked on

2017-11-14 12:49:49 - [MESSAGE][PASSED] - Object: 'Object Repository/Common/HomePage/HomePage_RunProgram_' is clicked on

2017-11-14 12:49:49 - [TEST_STEP][PASSED] - sendKeys: Keys 'erext4100s004' sent to object: 'Object Repository/Common/HomePage/HomePage_Session_ID'

2017-11-14 12:49:49 - [MESSAGE][PASSED] - Keys 'erext4100s004' sent to object: 'Object Repository/Common/HomePage/HomePage_Session_ID'

2017-11-14 12:49:49 - [TEST_STEP][PASSED] - click: Object: 'Object Repository/Common/HomePage/HomePage_OkButton' is clicked on

2017-11-14 12:49:50 - [MESSAGE][PASSED] - Object: 'Object Repository/Common/HomePage/HomePage_OkButton' is clicked on

2017-11-14 12:49:50 - [MESSAGE][PASSED] - Call Test Case 'Test Cases/Common/Base_Common_OpenSession' successfully

2017-11-14 12:49:50 - [TEST_STEP][PASSED] - click: Object: 'Object Repository/Rental/RentalHeader/RentalContract.Customer' is clicked on

2017-11-14 12:49:55 - [MESSAGE][PASSED] - Object: 'Object Repository/Rental/RentalHeader/RentalContract.Customer' is clicked on

2017-11-14 12:49:55 - [TEST_STEP][PASSED] - setText: Text 'M00000010' is set on object 'Object Repository/Rental/RentalHeader/RentalContract.Customer'

2017-11-14 12:49:55 - [MESSAGE][PASSED] - Text 'M00000010' is set on object 'Object Repository/Rental/RentalHeader/RentalContract.Customer'

2017-11-14 12:49:55 - [TEST_STEP][PASSED] - delay: Delayed 2 second(s)

2017-11-14 12:49:57 - [MESSAGE][PASSED] - Delayed 2 second(s)

2017-11-14 12:49:57 - [TEST_STEP][PASSED] - click: Object: 'Object Repository/Rental/RentalHeader/RentalContract.CustPO' is clicked on

2017-11-14 12:49:58 - [MESSAGE][PASSED] - Object: 'Object Repository/Rental/RentalHeader/RentalContract.CustPO' is clicked on

2017-11-14 12:49:58 - [TEST_STEP][PASSED] - delay: Delayed 3 second(s)

2017-11-14 12:50:01 - [MESSAGE][PASSED] - Delayed 3 second(s)

2017-11-14 12:50:01 - [TEST_STEP][PASSED] - click: Object: 'Object Repository/Rental/RentalHeader/RentalContract.OtherDetailsTab' is clicked on

2017-11-14 12:50:01 - [MESSAGE][PASSED] - Object: 'Object Repository/Rental/RentalHeader/RentalContract.OtherDetailsTab' is clicked on

2017-11-14 12:50:01 - [TEST_STEP][PASSED] - delay: Delayed 5 second(s)

2017-11-14 12:50:06 - [MESSAGE][PASSED] - Delayed 5 second(s)

2017-11-14 12:50:06 - [TEST_STEP][PASSED] - click: Object: 'Object Repository/Rental/RentalHeader/Rental Contract.ModeOfPayment' is clicked on

2017-11-14 12:50:06 - [MESSAGE][PASSED] - Object: 'Object Repository/Rental/RentalHeader/Rental Contract.ModeOfPayment' is clicked on

2017-11-14 12:50:06 - [TEST_STEP][PASSED] - delay: Delayed 2 second(s)

2017-11-14 12:50:08 - [MESSAGE][PASSED] - Delayed 2 second(s)

2017-11-14 12:50:08 - [TEST_STEP][PASSED] - click: Object: 'Object Repository/Rental/RentalHeader/RentalContract.CreditCardoption' is clicked on

2017-11-14 12:50:09 - [MESSAGE][PASSED] - Object: 'Object Repository/Rental/RentalHeader/RentalContract.CreditCardoption' is clicked on

2017-11-14 12:50:09 - [TEST_STEP][PASSED] - delay: Delayed 3 second(s)

2017-11-14 12:50:12 - [MESSAGE][PASSED] - Delayed 3 second(s)

2017-11-14 12:50:12 - [TEST_STEP][PASSED] - click: Object: 'Object Repository/Rental/RentalHeader/RentalContract.GeneralTab' is clicked on

2017-11-14 12:50:12 - [MESSAGE][PASSED] - Object: 'Object Repository/Rental/RentalHeader/RentalContract.GeneralTab' is clicked on

2017-11-14 12:50:12 - [TEST_STEP][PASSED] - delay: Delayed 5 second(s)

2017-11-14 12:50:17 - [MESSAGE][PASSED] - Delayed 5 second(s)

2017-11-14 12:50:17 - [TEST_STEP][PASSED] - click: Object: 'Object Repository/Rental/RentalHeader/RentalContract.Newbuttonline' is clicked on

2017-11-14 12:50:18 - [MESSAGE][PASSED] - Object: 'Object Repository/Rental/RentalHeader/RentalContract.Newbuttonline' is clicked on

2017-11-14 12:50:18 - [TEST_STEP][PASSED] - delay: Delayed 5 second(s)

2017-11-14 12:50:23 - [MESSAGE][PASSED] - Delayed 5 second(s)

2017-11-14 12:50:23 - [TEST_STEP][PASSED] - click: Object: 'Object Repository/Rental/RentalHeader/RentalContract.SetLine' is clicked on

2017-11-14 12:50:23 - [MESSAGE][PASSED] - Object: 'Object Repository/Rental/RentalHeader/RentalContract.SetLine' is clicked on

2017-11-14 12:50:23 - [TEST_STEP][PASSED] - delay: Delayed 5 second(s)

2017-11-14 12:50:28 - [MESSAGE][PASSED] - Delayed 5 second(s)

2017-11-14 12:50:28 - [TEST_STEP][PASSED] - scrollToElement: Scroll to object 'Object Repository/Rental/RentalHeader/RentalContract.Unit' successfully

2017-11-14 12:50:28 - [MESSAGE][PASSED] - Scroll to object 'Object Repository/Rental/RentalHeader/RentalContract.Unit' successfully

2017-11-14 12:50:28 - [TEST_STEP][PASSED] - delay: Delayed 3 second(s)

2017-11-14 12:50:31 - [MESSAGE][PASSED] - Delayed 3 second(s)

2017-11-14 12:50:31 - [TEST_STEP][NOT_RUN] - getText: NOT_RUN: getText

2017-11-14 12:50:31 - [MESSAGE][NOT_RUN] - NOT_RUN: getText

2017-11-14 12:50:31 - [TEST_STEP][PASSED] - click: Object: 'Object Repository/Rental/RentalHeader/RentalContract.Unit' is clicked on

2017-11-14 12:50:31 - [MESSAGE][PASSED] - Object: 'Object Repository/Rental/RentalHeader/RentalContract.Unit' is clicked on

2017-11-14 12:50:31 - [TEST_STEP][PASSED] - delay: Delayed 5 second(s)

2017-11-14 12:50:36 - [MESSAGE][PASSED] - Delayed 5 second(s)

2017-11-14 12:50:36 - [TEST_STEP][PASSED] - setText: Text 'MD0018255' is set on object 'Object Repository/Rental/RentalHeader/RentalContract.Unit'

2017-11-14 12:50:37 - [MESSAGE][PASSED] - Text 'MD0018255' is set on object 'Object Repository/Rental/RentalHeader/RentalContract.Unit'

2017-11-14 12:50:37 - [TEST_STEP][PASSED] - delay: Delayed 5 second(s)

2017-11-14 12:50:42 - [MESSAGE][PASSED] - Delayed 5 second(s)

2017-11-14 12:50:42 - [TEST_STEP][PASSED] - scrollToElement: Scroll to object 'Object Repository/Rental/RentalHeader/RentalContract.MultipleInsurence' successfully

2017-11-14 12:50:42 - [MESSAGE][PASSED] - Scroll to object 'Object Repository/Rental/RentalHeader/RentalContract.MultipleInsurence' successfully

2017-11-14 12:50:42 - [TEST_STEP][PASSED] - delay: Delayed 5 second(s)

2017-11-14 12:50:47 - [MESSAGE][PASSED] - Delayed 5 second(s)

2017-11-14 12:50:47 - [TEST_STEP][PASSED] - doubleClick: Object: 'Object Repository/Rental/RentalHeader/RentalContract.MultipleInsurence' is double clicked on

2017-11-14 12:50:47 - [MESSAGE][PASSED] - Object: 'Object Repository/Rental/RentalHeader/RentalContract.MultipleInsurence' is double clicked on

2017-11-14 12:50:47 - [TEST_STEP][PASSED] - delay: Delayed 5 second(s)

2017-11-14 12:50:52 - [MESSAGE][PASSED] - Delayed 5 second(s)

2017-11-14 12:50:52 - [TEST_STEP][PASSED] - click: Object: 'Object Repository/Rental/RentalHeader/RentalContract.MultipleInsurence' is clicked on

2017-11-14 12:50:53 - [MESSAGE][PASSED] - Object: 'Object Repository/Rental/RentalHeader/RentalContract.MultipleInsurence' is clicked on

2017-11-14 12:50:53 - [TEST_STEP][PASSED] - click: Object: 'Object Repository/Rental/RentalHeader/RentalContract.MultiInsNO' is clicked on

2017-11-14 12:50:53 - [MESSAGE][PASSED] - Object: 'Object Repository/Rental/RentalHeader/RentalContract.MultiInsNO' is clicked on

2017-11-14 12:50:53 - [TEST_STEP][PASSED] - delay: Delayed 5 second(s)

2017-11-14 12:50:58 - [MESSAGE][PASSED] - Delayed 5 second(s)

2017-11-14 12:50:58 - [TEST_STEP][PASSED] - scrollToElement: Scroll to object 'Object Repository/Rental/RentalHeader/RentalContract.GrossRateline' successfully

2017-11-14 12:50:58 - [MESSAGE][PASSED] - Scroll to object 'Object Repository/Rental/RentalHeader/RentalContract.GrossRateline' successfully

2017-11-14 12:50:58 - [TEST_STEP][NOT_RUN] - delay: NOT_RUN: delay

2017-11-14 12:50:58 - [MESSAGE][NOT_RUN] - NOT_RUN: delay

2017-11-14 12:50:58 - [TEST_STEP][PASSED] - doubleClick: Object: 'Object Repository/Rental/RentalHeader/RentalContract.GrossRateline' is double clicked on

2017-11-14 12:50:58 - [MESSAGE][PASSED] - Object: 'Object Repository/Rental/RentalHeader/RentalContract.GrossRateline' is double clicked on

2017-11-14 12:50:58 - [TEST_STEP][PASSED] - delay: Delayed 2 second(s)

2017-11-14 12:51:00 - [MESSAGE][PASSED] - Delayed 2 second(s)

2017-11-14 12:51:00 - [TEST_STEP][PASSED] - click: Object: 'Object Repository/Rental/RentalHeader/RentalContract.GrossRateline' is clicked on

2017-11-14 12:51:00 - [MESSAGE][PASSED] - Object: 'Object Repository/Rental/RentalHeader/RentalContract.GrossRateline' is clicked on

2017-11-14 12:51:00 - [TEST_STEP][PASSED] - delay: Delayed 2 second(s)

2017-11-14 12:51:02 - [MESSAGE][PASSED] - Delayed 2 second(s)

2017-11-14 12:51:02 - [TEST_STEP][FAILED] - setText: Unable to set text '100' of object 'Object Repository/Rental/RentalHeader/RentalContract.GrossRateline' (Root cause: org.openqa.selenium.StaleElementReferenceException: Element is no longer attached to the DOM
Command duration or timeout: 327 milliseconds
For documentation on this error, please visit: http://seleniumhq.org/exceptions/stale_element_reference.html
Build info: version: 'unknown', revision: 'unknown', time: 'unknown'
System info: host: 'ANIL110', ip: '192.168.25.228', os.name: 'Windows 7', os.arch: 'amd64', os.version: '6.1', java.version: '1.8.0_102'
Driver info: com.kms.katalon.core.webui.driver.firefox.CFirefoxDriver47
Capabilities [{applicationCacheEnabled=true, rotatable=false, handlesAlerts=true, databaseEnabled=true, version=56.0, platform=WINDOWS, nativeEvents=false, acceptSslCerts=true, webStorageEnabled=true, locationContextEnabled=true, browserName=firefox, takesScreenshot=true, javascriptEnabled=true, cssSelectorsEnabled=true}]
Session ID: ec73f330-e545-4113-a8c7-3b7b4832fbac)

2017-11-14 12:51:03 - [MESSAGE][FAILED] - Unable to set text '100' of object 'Object Repository/Rental/RentalHeader/RentalContract.GrossRateline' (Root cause: org.openqa.selenium.StaleElementReferenceException: Element is no longer attached to the DOM
Command duration or timeout: 327 milliseconds
For documentation on this error, please visit: http://seleniumhq.org/exceptions/stale_element_reference.html
Build info: version: 'unknown', revision: 'unknown', time: 'unknown'
System info: host: 'ANIL110', ip: '192.168.25.228', os.name: 'Windows 7', os.arch: 'amd64', os.version: '6.1', java.version: '1.8.0_102'
Driver info: com.kms.katalon.core.webui.driver.firefox.CFirefoxDriver47
Capabilities [{applicationCacheEnabled=true, rotatable=false, handlesAlerts=true, databaseEnabled=true, version=56.0, platform=WINDOWS, nativeEvents=false, acceptSslCerts=true, webStorageEnabled=true, locationContextEnabled=true, browserName=firefox, takesScreenshot=true, javascriptEnabled=true, cssSelectorsEnabled=true}]
Session ID: ec73f330-e545-4113-a8c7-3b7b4832fbac)
[[ATTACHMENT|C:\\Users\\agawhande\\git\\CreditCard\\Reports\\CC_RentalInvoice\\20171114_124922\\1510644063689.png]]

2017-11-14 12:51:03 - [TEST_STEP][PASSED] - delay: Delayed 4 second(s)

2017-11-14 12:51:07 - [MESSAGE][PASSED] - Delayed 4 second(s)

2017-11-14 12:51:07 - [TEST_STEP][PASSED] - click: Object: 'Object Repository/Rental/RentalHeader/RentalContract.SaveHeader' is clicked on

2017-11-14 12:51:08 - [MESSAGE][PASSED] - Object: 'Object Repository/Rental/RentalHeader/RentalContract.SaveHeader' is clicked on

2017-11-14 12:51:08 - [TEST_STEP][PASSED] - delay: Delayed 5 second(s)

2017-11-14 12:51:13 - [MESSAGE][PASSED] - Delayed 5 second(s)

2017-11-14 12:51:13 - [TEST_STEP][PASSED] - click: Object: 'Object Repository/Rental/RentalHeader/RentalContract.Action' is clicked on

2017-11-14 12:51:13 - [MESSAGE][PASSED] - Object: 'Object Repository/Rental/RentalHeader/RentalContract.Action' is clicked on

2017-11-14 12:51:13 - [TEST_STEP][PASSED] - delay: Delayed 8 second(s)

2017-11-14 12:51:21 - [MESSAGE][PASSED] - Delayed 8 second(s)

2017-11-14 12:51:21 - [TEST_STEP][PASSED] - click: Object: 'Object Repository/Rental/RentalHeader/RentalContract.Release' is clicked on

2017-11-14 12:51:21 - [MESSAGE][PASSED] - Object: 'Object Repository/Rental/RentalHeader/RentalContract.Release' is clicked on

2017-11-14 12:51:21 - [TEST_STEP][PASSED] - delay: Delayed 12 second(s)

2017-11-14 12:51:33 - [MESSAGE][PASSED] - Delayed 12 second(s)

2017-11-14 12:51:33 - [TEST_STEP][PASSED] - click: Object: 'Object Repository/Rental/RentalHeader/RentalContract.ActionDelivery' is clicked on

2017-11-14 12:51:34 - [MESSAGE][PASSED] - Object: 'Object Repository/Rental/RentalHeader/RentalContract.ActionDelivery' is clicked on

2017-11-14 12:51:34 - [TEST_STEP][PASSED] - delay: Delayed 6 second(s)

2017-11-14 12:51:40 - [MESSAGE][PASSED] - Delayed 6 second(s)

2017-11-14 12:51:40 - [TEST_STEP][PASSED] - click: Object: 'Object Repository/Rental/RentalHeader/RentalContract.ConfirmDelivery' is clicked on

2017-11-14 12:51:40 - [MESSAGE][PASSED] - Object: 'Object Repository/Rental/RentalHeader/RentalContract.ConfirmDelivery' is clicked on

2017-11-14 12:51:40 - [TEST_STEP][PASSED] - delay: Delayed 8 second(s)

2017-11-14 12:51:48 - [MESSAGE][PASSED] - Delayed 8 second(s)

2017-11-14 12:51:48 - [TEST_STEP][NOT_RUN] - waitForElementPresent: NOT_RUN: waitForElementPresent

2017-11-14 12:51:48 - [MESSAGE][NOT_RUN] - NOT_RUN: waitForElementPresent

2017-11-14 12:51:48 - [TEST_STEP][NOT_RUN] - delay: NOT_RUN: delay

2017-11-14 12:51:48 - [MESSAGE][NOT_RUN] - NOT_RUN: delay

2017-11-14 12:51:48 - [TEST_STEP][PASSED] - click: Object: 'Object Repository/Rental/RentalHeader/RentalContract.DeliveryProceed' is clicked on

2017-11-14 12:51:48 - [MESSAGE][PASSED] - Object: 'Object Repository/Rental/RentalHeader/RentalContract.DeliveryProceed' is clicked on

2017-11-14 12:51:48 - [TEST_STEP][PASSED] - delay: Delayed 12 second(s)

2017-11-14 12:52:00 - [MESSAGE][PASSED] - Delayed 12 second(s)

2017-11-14 12:52:00 - [TEST_STEP][NOT_RUN] - waitForElementPresent: NOT_RUN: waitForElementPresent

2017-11-14 12:52:00 - [MESSAGE][NOT_RUN] - NOT_RUN: waitForElementPresent

2017-11-14 12:52:00 - [TEST_STEP][NOT_RUN] - delay: NOT_RUN: delay

2017-11-14 12:52:00 - [MESSAGE][NOT_RUN] - NOT_RUN: delay

2017-11-14 12:52:00 - [TEST_STEP][NOT_RUN] - click: NOT_RUN: click

2017-11-14 12:52:00 - [MESSAGE][NOT_RUN] - NOT_RUN: click

2017-11-14 12:52:00 - [TEST_STEP][PASSED] - delay: Delayed 8 second(s)

2017-11-14 12:52:08 - [MESSAGE][PASSED] - Delayed 8 second(s)

2017-11-14 12:52:08 - [TEST_STEP][PASSED] - click: Object: 'Object Repository/Rental/RentalHeader/RentalContract.InspetionReportClose' is clicked on

2017-11-14 12:52:09 - [MESSAGE][PASSED] - Object: 'Object Repository/Rental/RentalHeader/RentalContract.InspetionReportClose' is clicked on

2017-11-14 12:52:09 - [TEST_STEP][PASSED] - delay: Delayed 5 second(s)

2017-11-14 12:52:14 - [MESSAGE][PASSED] - Delayed 5 second(s)

2017-11-14 12:52:14 - [TEST_STEP][PASSED] - click: Object: 'Object Repository/Rental/RentalHeader/RentalContract.BillofLaddingClosed' is clicked on

2017-11-14 12:52:14 - [MESSAGE][PASSED] - Object: 'Object Repository/Rental/RentalHeader/RentalContract.BillofLaddingClosed' is clicked on

2017-11-14 12:52:14 - [TEST_STEP][PASSED] - delay: Delayed 5 second(s)

2017-11-14 12:52:19 - [MESSAGE][PASSED] - Delayed 5 second(s)

2017-11-14 12:52:19 - [TEST_STEP][PASSED] - click: Object: 'Object Repository/Rental/RentalHeader/RentalContract.EqipRentalMemoclosed' is clicked on

2017-11-14 12:52:19 - [MESSAGE][PASSED] - Object: 'Object Repository/Rental/RentalHeader/RentalContract.EqipRentalMemoclosed' is clicked on

2017-11-14 12:52:19 - [TEST_STEP][PASSED] - delay: Delayed 5 second(s)

2017-11-14 12:52:24 - [MESSAGE][PASSED] - Delayed 5 second(s)

2017-11-14 12:52:24 - [TEST_STEP][PASSED] - click: Object: 'Object Repository/Rental/RentalHeader/RentalContract.InspectionOrdergnerated' is clicked on

2017-11-14 12:52:25 - [MESSAGE][PASSED] - Object: 'Object Repository/Rental/RentalHeader/RentalContract.InspectionOrdergnerated' is clicked on

2017-11-14 12:52:25 - [MESSAGE][FAILED] - Unable to call Test Case with id 'Test Cases/Rental/Base_RentalContract/Base_CreateRentalHeader' (Root cause: Call Test Case 'Test Cases/Rental/Base_RentalContract/Base_CreateRentalHeader' failed)

2017-11-14 12:52:25 - [TEST_STEP][INCOMPLETE] - callTestCase: null

2017-11-14 12:52:25 - [TEST_CASE][INCOMPLETE] - Test Cases/Rental/Base_RentalContract/Base_CreateRentalInvoice_CC: null

2017-11-14 12:52:26 - [TEST_STEP][INCOMPLETE] - callTestCase: null

2017-11-14 12:52:26 - [TEST_CASE][INCOMPLETE] - Test Cases/Rental/Base_RentalContract/Base_CreateRentalHeader: null

2017-11-14 12:52:26 - [TEST_STEP][PASSED] - callTestCase: Call Test Case 'Test Cases/Common/Base_Common_OpenSession' successfully

2017-11-14 12:52:26 - [TEST_CASE][PASSED] - Test Cases/Common/Base_Common_OpenSession: Test Cases/Common/Base_Common_OpenSession

2017-11-14 12:52:26 - [TEST_STEP][PASSED] - openBrowser: Browser is opened with url: 'https://rgajbhiye:Robin$123@proxima-ln4.e-emphasys.com:8441/webui/servlet/login'

2017-11-14 12:52:26 - [MESSAGE][WARNING] - A browser is already opened. Closing browser and opening a new one

2017-11-14 12:52:49 - [MESSAGE][PASSED] - Browser is opened with url: 'https://rgajbhiye:Robin$123@proxima-ln4.e-emphasys.com:8441/webui/servlet/login'

2017-11-14 12:52:49 - [TEST_STEP][PASSED] - waitForPageLoad: Wait for page load successfully

2017-11-14 12:52:49 - [MESSAGE][PASSED] - Wait for page load successfully

2017-11-14 12:52:49 - [TEST_STEP][PASSED] - maximizeWindow: Current window maximized

2017-11-14 12:52:49 - [MESSAGE][PASSED] - Current window maximized

2017-11-14 12:52:49 - [TEST_STEP][PASSED] - click: Object: 'Object Repository/Common/HomePage/HomePage_more' is clicked on

2017-11-14 12:52:51 - [MESSAGE][PASSED] - Object: 'Object Repository/Common/HomePage/HomePage_more' is clicked on

2017-11-14 12:52:51 - [TEST_STEP][PASSED] - click: Object: 'Object Repository/Common/HomePage/HomePage_Option' is clicked on

2017-11-14 12:52:52 - [MESSAGE][PASSED] - Object: 'Object Repository/Common/HomePage/HomePage_Option' is clicked on

2017-11-14 12:52:52 - [TEST_STEP][PASSED] - click: Object: 'Object Repository/Common/HomePage/HomePage_RunProgram_' is clicked on

2017-11-14 12:52:52 - [MESSAGE][PASSED] - Object: 'Object Repository/Common/HomePage/HomePage_RunProgram_' is clicked on

2017-11-14 12:52:52 - [TEST_STEP][PASSED] - sendKeys: Keys 'erext4100s004' sent to object: 'Object Repository/Common/HomePage/HomePage_Session_ID'

2017-11-14 12:52:53 - [MESSAGE][PASSED] - Keys 'erext4100s004' sent to object: 'Object Repository/Common/HomePage/HomePage_Session_ID'

2017-11-14 12:52:53 - [TEST_STEP][PASSED] - click: Object: 'Object Repository/Common/HomePage/HomePage_OkButton' is clicked on

2017-11-14 12:52:53 - [MESSAGE][PASSED] - Object: 'Object Repository/Common/HomePage/HomePage_OkButton' is clicked on

2017-11-14 12:52:53 - [MESSAGE][PASSED] - Call Test Case 'Test Cases/Common/Base_Common_OpenSession' successfully

2017-11-14 12:52:53 - [TEST_STEP][PASSED] - click: Object: 'Object Repository/Rental/RentalHeader/RentalContract.Customer' is clicked on

2017-11-14 12:52:58 - [MESSAGE][PASSED] - Object: 'Object Repository/Rental/RentalHeader/RentalContract.Customer' is clicked on

2017-11-14 12:52:58 - [TEST_STEP][PASSED] - setText: Text '' is set on object 'Object Repository/Rental/RentalHeader/RentalContract.Customer'

2017-11-14 12:52:59 - [MESSAGE][PASSED] - Text '' is set on object 'Object Repository/Rental/RentalHeader/RentalContract.Customer'

2017-11-14 12:52:59 - [TEST_STEP][PASSED] - delay: Delayed 2 second(s)

2017-11-14 12:53:01 - [MESSAGE][PASSED] - Delayed 2 second(s)

2017-11-14 12:53:01 - [TEST_STEP][PASSED] - click: Object: 'Object Repository/Rental/RentalHeader/RentalContract.CustPO' is clicked on

2017-11-14 12:53:02 - [MESSAGE][PASSED] - Object: 'Object Repository/Rental/RentalHeader/RentalContract.CustPO' is clicked on

2017-11-14 12:53:02 - [TEST_STEP][PASSED] - delay: Delayed 3 second(s)

2017-11-14 12:53:05 - [MESSAGE][PASSED] - Delayed 3 second(s)

2017-11-14 12:53:05 - [TEST_STEP][FAILED] - click: Unable to click on object 'Object Repository/Rental/RentalHeader/RentalContract.OtherDetailsTab' (Root cause: org.openqa.selenium.WebDriverException: Element <div tabindex="-1" class="Tab" aria-selected="false" id="erext4100s004-0-pages-bar-page-3"></div> is not clickable at point (215, 111). Other element would receive the click: <div class="WindowManagerGlass" style="z-index: 1;"></div>
Command duration or timeout: 507 milliseconds
Build info: version: 'unknown', revision: 'unknown', time: 'unknown'
System info: host: 'ANIL110', ip: '192.168.25.228', os.name: 'Windows 7', os.arch: 'amd64', os.version: '6.1', java.version: '1.8.0_102'
Driver info: com.kms.katalon.core.webui.driver.firefox.CFirefoxDriver47
Capabilities [{applicationCacheEnabled=true, rotatable=false, handlesAlerts=true, databaseEnabled=true, version=56.0, platform=WINDOWS, nativeEvents=false, acceptSslCerts=true, webStorageEnabled=true, locationContextEnabled=true, browserName=firefox, takesScreenshot=true, javascriptEnabled=true, cssSelectorsEnabled=true}]
Session ID: e9a6afbc-d7ac-4594-98f6-7b35bb457b95)

2017-11-14 12:53:06 - [MESSAGE][FAILED] - Unable to click on object 'Object Repository/Rental/RentalHeader/RentalContract.OtherDetailsTab' (Root cause: org.openqa.selenium.WebDriverException: Element <div tabindex="-1" class="Tab" aria-selected="false" id="erext4100s004-0-pages-bar-page-3"></div> is not clickable at point (215, 111). Other element would receive the click: <div class="WindowManagerGlass" style="z-index: 1;"></div>
Command duration or timeout: 507 milliseconds
Build info: version: 'unknown', revision: 'unknown', time: 'unknown'
System info: host: 'ANIL110', ip: '192.168.25.228', os.name: 'Windows 7', os.arch: 'amd64', os.version: '6.1', java.version: '1.8.0_102'
Driver info: com.kms.katalon.core.webui.driver.firefox.CFirefoxDriver47
Capabilities [{applicationCacheEnabled=true, rotatable=false, handlesAlerts=true, databaseEnabled=true, version=56.0, platform=WINDOWS, nativeEvents=false, acceptSslCerts=true, webStorageEnabled=true, locationContextEnabled=true, browserName=firefox, takesScreenshot=true, javascriptEnabled=true, cssSelectorsEnabled=true}]
Session ID: e9a6afbc-d7ac-4594-98f6-7b35bb457b95)
[[ATTACHMENT|C:\\Users\\agawhande\\git\\CreditCard\\Reports\\CC_RentalInvoice\\20171114_124922\\1510644185645.png]]

2017-11-14 12:53:06 - [TEST_STEP][PASSED] - delay: Delayed 5 second(s)

2017-11-14 12:53:11 - [MESSAGE][PASSED] - Delayed 5 second(s)

2017-11-14 12:53:11 - [TEST_STEP][INCOMPLETE] - click: Clicking on object: 'Object Repository/Rental/RentalHeader/Rental Contract.ModeOfPayment']]></system-out>
         <system-err><![CDATA[2017-11-14 12:49:31 - [TEST_CASE][INCOMPLETE] - Test Cases/Rental/Base_RentalContract/CreditCardRegression/TC003_RentalContractInvoice_CC: null]]></system-err>
      </testcase>
      <system-out><![CDATA[2017-11-14 12:49:30 - [TEST_SUITE][INCOMPLETE] - CC_RentalInvoice: null]]></system-out>
      <system-err><![CDATA[2017-11-14 12:49:30 - [TEST_SUITE][INCOMPLETE] - CC_RentalInvoice: null]]></system-err>
   </testsuite>
</testsuites>
