<?xml version="1.0" encoding="UTF-8"?>
<testsuites name="CC_RentalInvoicewithSplitTenderTestSuite" time="312" tests="0" failures="0" errors="0">
   <testsuite name="CC_RentalInvoicewithSplitTenderTestSuite" tests="0" failures="0" errors="0" time="312" timestamp="2017-11-15 14:52:53" hostname="agawhande - ANIL110.e-emphasys.com" id="Test Suites/CC_RentalInvoicewithSplitTenderTestSuite">
      <properties>
         <property name="deviceName" value=""/>
         <property name="devicePlatform" value=""/>
         <property name="logFolder" value="C:\\Users\\agawhande\\git\\CreditCard\\Reports\\CC_RentalInvoicewithSplitTenderTestSuite\\20171115_145245"/>
         <property name="logFiles" value="C:\\Users\\agawhande\\git\\CreditCard\\Reports\\CC_RentalInvoicewithSplitTenderTestSuite\\20171115_145245\\execution0.log"/>
         <property name="attachments" value="C:\\Users\\agawhande\\git\\CreditCard\\Reports\\CC_RentalInvoicewithSplitTenderTestSuite\\20171115_145245\\1510738085268.png"/>
         <property name="hostName" value="agawhande - ANIL110.e-emphasys.com"/>
         <property name="os" value="Windows 7 64bit"/>
         <property name="katalonVersion" value="4.8.0.2"/>
         <property name="browser" value="Firefox 56.0"/>
         <property name="hostAddress" value="192.168.25.228"/>
         <property name="sessionId" value="26ee2ece-57b3-4a78-b2b1-c05cbed7cd47"/>
         <property name="seleniumVersion" value="unknown"/>
         <property name="proxyInformation" value="ProxyInformation{proxyOption=NO_PROXY, proxyServerType=, password=, proxyServerAddress=, proxyServerPort=0}"/>
         <property name="platform" value="Windows 7"/>
      </properties>
      <testcase name="Test Cases/Rental/Base_RentalContract/CreditCardRegression/TC004_RentalContractInvoice_SplitTender - Iteration 1" classname="Test Cases/Rental/Base_RentalContract/CreditCardRegression/TC004_RentalContractInvoice_SplitTender" status="INCOMPLETE">
         <system-out><![CDATA[2017-11-15 14:52:53 - [TEST_CASE][INCOMPLETE] - Test Cases/Rental/Base_RentalContract/CreditCardRegression/TC004_RentalContractInvoice_SplitTender - Iteration 1: null

2017-11-15 14:52:54 - [TEST_STEP][PASSED] - callTestCase: Call Test Case 'Test Cases/Equipment/Base_EquipmentPurchase/EPO_CreateNrecieve' successfully

2017-11-15 14:52:54 - [TEST_CASE][PASSED] - Test Cases/Equipment/Base_EquipmentPurchase/EPO_CreateNrecieve: Test Cases/Equipment/Base_EquipmentPurchase/EPO_CreateNrecieve

2017-11-15 14:52:54 - [TEST_STEP][PASSED] - callTestCase: Call Test Case 'Test Cases/Equipment/Base_EquipmentPurchase/Base_EPO_CreateHeaderNline' successfully

2017-11-15 14:52:55 - [TEST_CASE][PASSED] - Test Cases/Equipment/Base_EquipmentPurchase/Base_EPO_CreateHeaderNline: Test Cases/Equipment/Base_EquipmentPurchase/Base_EPO_CreateHeaderNline

2017-11-15 14:52:55 - [TEST_STEP][PASSED] - callTestCase: Call Test Case 'Test Cases/Common/Base_Common_OpenSession' successfully

2017-11-15 14:52:55 - [TEST_CASE][PASSED] - Test Cases/Common/Base_Common_OpenSession: Test Cases/Common/Base_Common_OpenSession

2017-11-15 14:52:55 - [TEST_STEP][PASSED] - openBrowser: Browser is opened with url: 'https://rgajbhiye:Robin$123@proxima-ln4.e-emphasys.com:8441/webui/servlet/login'

2017-11-15 14:53:02 - [MESSAGE][PASSED] - Browser is opened with url: 'https://rgajbhiye:Robin$123@proxima-ln4.e-emphasys.com:8441/webui/servlet/login'

2017-11-15 14:53:02 - [TEST_STEP][PASSED] - waitForPageLoad: Wait for page load successfully

2017-11-15 14:53:02 - [MESSAGE][PASSED] - Wait for page load successfully

2017-11-15 14:53:02 - [TEST_STEP][PASSED] - maximizeWindow: Current window maximized

2017-11-15 14:53:02 - [MESSAGE][PASSED] - Current window maximized

2017-11-15 14:53:02 - [TEST_STEP][PASSED] - click: Object: 'Object Repository/Common/HomePage/HomePage_more' is clicked on

2017-11-15 14:53:04 - [MESSAGE][PASSED] - Object: 'Object Repository/Common/HomePage/HomePage_more' is clicked on

2017-11-15 14:53:04 - [TEST_STEP][PASSED] - click: Object: 'Object Repository/Common/HomePage/HomePage_Option' is clicked on

2017-11-15 14:53:04 - [MESSAGE][PASSED] - Object: 'Object Repository/Common/HomePage/HomePage_Option' is clicked on

2017-11-15 14:53:04 - [TEST_STEP][PASSED] - click: Object: 'Object Repository/Common/HomePage/HomePage_RunProgram_' is clicked on

2017-11-15 14:53:05 - [MESSAGE][PASSED] - Object: 'Object Repository/Common/HomePage/HomePage_RunProgram_' is clicked on

2017-11-15 14:53:05 - [TEST_STEP][PASSED] - sendKeys: Keys 'tdext8150s000' sent to object: 'Object Repository/Common/HomePage/HomePage_Session_ID'

2017-11-15 14:53:05 - [MESSAGE][PASSED] - Keys 'tdext8150s000' sent to object: 'Object Repository/Common/HomePage/HomePage_Session_ID'

2017-11-15 14:53:05 - [TEST_STEP][PASSED] - click: Object: 'Object Repository/Common/HomePage/HomePage_OkButton' is clicked on

2017-11-15 14:53:05 - [MESSAGE][PASSED] - Object: 'Object Repository/Common/HomePage/HomePage_OkButton' is clicked on

2017-11-15 14:53:05 - [MESSAGE][PASSED] - Call Test Case 'Test Cases/Common/Base_Common_OpenSession' successfully

2017-11-15 14:53:05 - [TEST_STEP][PASSED] - waitForElementPresent: Object 'Object Repository/Equipment/EquipmentPurchase/EPO_Header/EPO_Header_New' is present

2017-11-15 14:53:07 - [MESSAGE][PASSED] - Object 'Object Repository/Equipment/EquipmentPurchase/EPO_Header/EPO_Header_New' is present

2017-11-15 14:53:07 - [TEST_STEP][PASSED] - click: Object: 'Object Repository/Equipment/EquipmentPurchase/EPO_Header/EPO_Header_New' is clicked on

2017-11-15 14:53:08 - [MESSAGE][PASSED] - Object: 'Object Repository/Equipment/EquipmentPurchase/EPO_Header/EPO_Header_New' is clicked on

2017-11-15 14:53:08 - [TEST_STEP][PASSED] - click: Object: 'Object Repository/Equipment/EquipmentPurchase/EPO_Header/EPO_Header_Customer' is clicked on

2017-11-15 14:53:08 - [MESSAGE][PASSED] - Object: 'Object Repository/Equipment/EquipmentPurchase/EPO_Header/EPO_Header_Customer' is clicked on

2017-11-15 14:53:08 - [TEST_STEP][PASSED] - setText: Text 'M00000010' is set on object 'Object Repository/Equipment/EquipmentPurchase/EPO_Header/EPO_Header_Customer'

2017-11-15 14:53:08 - [MESSAGE][PASSED] - Text 'M00000010' is set on object 'Object Repository/Equipment/EquipmentPurchase/EPO_Header/EPO_Header_Customer'

2017-11-15 14:53:08 - [TEST_STEP][PASSED] - click: Object: 'Object Repository/Equipment/EquipmentPurchase/EPO_Header/EPO_Header_Save' is clicked on

2017-11-15 14:53:08 - [MESSAGE][PASSED] - Object: 'Object Repository/Equipment/EquipmentPurchase/EPO_Header/EPO_Header_Save' is clicked on

2017-11-15 14:53:08 - [TEST_STEP][PASSED] - delay: Delayed 5 second(s)

2017-11-15 14:53:13 - [MESSAGE][PASSED] - Delayed 5 second(s)

2017-11-15 14:53:13 - [TEST_STEP][PASSED] - click: Object: 'Object Repository/Equipment/EquipmentPurchase/EPO_Header/EPO_Header_Action' is clicked on

2017-11-15 14:53:14 - [MESSAGE][PASSED] - Object: 'Object Repository/Equipment/EquipmentPurchase/EPO_Header/EPO_Header_Action' is clicked on

2017-11-15 14:53:14 - [TEST_STEP][PASSED] - click: Object: 'Object Repository/Equipment/EquipmentPurchase/EPO_Header/EPO_Header_Action_OrderLines' is clicked on

2017-11-15 14:53:14 - [MESSAGE][PASSED] - Object: 'Object Repository/Equipment/EquipmentPurchase/EPO_Header/EPO_Header_Action_OrderLines' is clicked on

2017-11-15 14:53:14 - [TEST_STEP][PASSED] - waitForElementPresent: Object 'Object Repository/Equipment/EquipmentPurchase/EPO_Line/EPO_MultiLine_New' is present

2017-11-15 14:53:15 - [MESSAGE][PASSED] - Object 'Object Repository/Equipment/EquipmentPurchase/EPO_Line/EPO_MultiLine_New' is present

2017-11-15 14:53:15 - [TEST_STEP][PASSED] - click: Object: 'Object Repository/Equipment/EquipmentPurchase/EPO_Line/EPO_MultiLine_New' is clicked on

2017-11-15 14:53:15 - [MESSAGE][PASSED] - Object: 'Object Repository/Equipment/EquipmentPurchase/EPO_Line/EPO_MultiLine_New' is clicked on

2017-11-15 14:53:15 - [TEST_STEP][PASSED] - waitForElementPresent: Object 'Object Repository/Equipment/EquipmentPurchase/EPO_Line/EPO_Line_Model' is present

2017-11-15 14:53:16 - [MESSAGE][PASSED] - Object 'Object Repository/Equipment/EquipmentPurchase/EPO_Line/EPO_Line_Model' is present

2017-11-15 14:53:16 - [TEST_STEP][PASSED] - click: Object: 'Object Repository/Equipment/EquipmentPurchase/EPO_Line/EPO_Line_Model' is clicked on

2017-11-15 14:53:16 - [MESSAGE][PASSED] - Object: 'Object Repository/Equipment/EquipmentPurchase/EPO_Line/EPO_Line_Model' is clicked on

2017-11-15 14:53:16 - [TEST_STEP][PASSED] - delay: Delayed 2 second(s)

2017-11-15 14:53:18 - [MESSAGE][PASSED] - Delayed 2 second(s)

2017-11-15 14:53:18 - [TEST_STEP][PASSED] - setText: Text '1032' is set on object 'Object Repository/Equipment/EquipmentPurchase/EPO_Line/EPO_Line_Model'

2017-11-15 14:53:19 - [MESSAGE][PASSED] - Text '1032' is set on object 'Object Repository/Equipment/EquipmentPurchase/EPO_Line/EPO_Line_Model'

2017-11-15 14:53:19 - [TEST_STEP][PASSED] - click: Object: 'Object Repository/Equipment/EquipmentPurchase/EPO_Line/EPO_Line_NeworUsed' is clicked on

2017-11-15 14:53:19 - [MESSAGE][PASSED] - Object: 'Object Repository/Equipment/EquipmentPurchase/EPO_Line/EPO_Line_NeworUsed' is clicked on

2017-11-15 14:53:19 - [TEST_STEP][PASSED] - click: Object: 'Object Repository/Equipment/EquipmentPurchase/EPO_Line/EPO_Line_NewEquipOption' is clicked on

2017-11-15 14:53:19 - [MESSAGE][PASSED] - Object: 'Object Repository/Equipment/EquipmentPurchase/EPO_Line/EPO_Line_NewEquipOption' is clicked on

2017-11-15 14:53:19 - [TEST_STEP][PASSED] - click: Object: 'Object Repository/Equipment/EquipmentPurchase/EPO_Line/EPO_Line_PlannedDate' is clicked on

2017-11-15 14:53:19 - [MESSAGE][PASSED] - Object: 'Object Repository/Equipment/EquipmentPurchase/EPO_Line/EPO_Line_PlannedDate' is clicked on

2017-11-15 14:53:19 - [TEST_STEP][PASSED] - delay: Delayed 2 second(s)

2017-11-15 14:53:21 - [MESSAGE][PASSED] - Delayed 2 second(s)

2017-11-15 14:53:21 - [TEST_STEP][PASSED] - setText: Text '+10' is set on object 'Object Repository/Equipment/EquipmentPurchase/EPO_Line/EPO_Line_PlannedDate'

2017-11-15 14:53:21 - [MESSAGE][PASSED] - Text '+10' is set on object 'Object Repository/Equipment/EquipmentPurchase/EPO_Line/EPO_Line_PlannedDate'

2017-11-15 14:53:21 - [TEST_STEP][PASSED] - click: Object: 'Object Repository/Equipment/EquipmentPurchase/EPO_Line/EPO_Line_Price' is clicked on

2017-11-15 14:53:21 - [MESSAGE][PASSED] - Object: 'Object Repository/Equipment/EquipmentPurchase/EPO_Line/EPO_Line_Price' is clicked on

2017-11-15 14:53:21 - [TEST_STEP][PASSED] - delay: Delayed 2 second(s)

2017-11-15 14:53:23 - [MESSAGE][PASSED] - Delayed 2 second(s)

2017-11-15 14:53:23 - [TEST_STEP][PASSED] - setText: Text '100' is set on object 'Object Repository/Equipment/EquipmentPurchase/EPO_Line/EPO_Line_Price'

2017-11-15 14:53:24 - [MESSAGE][PASSED] - Text '100' is set on object 'Object Repository/Equipment/EquipmentPurchase/EPO_Line/EPO_Line_Price'

2017-11-15 14:53:24 - [TEST_STEP][PASSED] - click: Object: 'Object Repository/Equipment/EquipmentPurchase/EPO_Line/EPO_Line_Save' is clicked on

2017-11-15 14:53:24 - [MESSAGE][PASSED] - Object: 'Object Repository/Equipment/EquipmentPurchase/EPO_Line/EPO_Line_Save' is clicked on

2017-11-15 14:53:24 - [TEST_STEP][PASSED] - click: Object: 'Object Repository/Equipment/EquipmentPurchase/EPO_Line/EPO_Line_importNO' is clicked on

2017-11-15 14:53:25 - [MESSAGE][PASSED] - Object: 'Object Repository/Equipment/EquipmentPurchase/EPO_Line/EPO_Line_importNO' is clicked on

2017-11-15 14:53:25 - [TEST_STEP][PASSED] - click: Object: 'Object Repository/Equipment/EquipmentPurchase/EPO_Line/EPO_Line_SaveNclose' is clicked on

2017-11-15 14:53:25 - [MESSAGE][PASSED] - Object: 'Object Repository/Equipment/EquipmentPurchase/EPO_Line/EPO_Line_SaveNclose' is clicked on

2017-11-15 14:53:25 - [TEST_STEP][PASSED] - delay: Delayed 2 second(s)

2017-11-15 14:53:27 - [MESSAGE][PASSED] - Delayed 2 second(s)

2017-11-15 14:53:27 - [TEST_STEP][PASSED] - click: Object: 'Object Repository/Equipment/EquipmentPurchase/EPO_Line/EPO_MultiLine_SavenClose' is clicked on

2017-11-15 14:53:27 - [MESSAGE][PASSED] - Object: 'Object Repository/Equipment/EquipmentPurchase/EPO_Line/EPO_MultiLine_SavenClose' is clicked on

2017-11-15 14:53:27 - [MESSAGE][PASSED] - Call Test Case 'Test Cases/Equipment/Base_EquipmentPurchase/Base_EPO_CreateHeaderNline' successfully

2017-11-15 14:53:27 - [TEST_STEP][PASSED] - callTestCase: Call Test Case 'Test Cases/Equipment/Base_EquipmentPurchase/Base_EPO_Reciept' successfully

2017-11-15 14:53:27 - [TEST_CASE][PASSED] - Test Cases/Equipment/Base_EquipmentPurchase/Base_EPO_Reciept: Test Cases/Equipment/Base_EquipmentPurchase/Base_EPO_Reciept

2017-11-15 14:53:27 - [TEST_STEP][PASSED] - click: Object: 'Object Repository/Equipment/EquipmentPurchase/EPO_Header/EPO_Header_Action' is clicked on

2017-11-15 14:53:28 - [MESSAGE][PASSED] - Object: 'Object Repository/Equipment/EquipmentPurchase/EPO_Header/EPO_Header_Action' is clicked on

2017-11-15 14:53:28 - [TEST_STEP][PASSED] - click: Object: 'Object Repository/Equipment/EquipmentPurchase/EPO_Header/EPO_Header_Action_SendForApproval' is clicked on

2017-11-15 14:53:28 - [MESSAGE][PASSED] - Object: 'Object Repository/Equipment/EquipmentPurchase/EPO_Header/EPO_Header_Action_SendForApproval' is clicked on

2017-11-15 14:53:28 - [TEST_STEP][PASSED] - delay: Delayed 5 second(s)

2017-11-15 14:53:33 - [MESSAGE][PASSED] - Delayed 5 second(s)

2017-11-15 14:53:33 - [TEST_STEP][PASSED] - click: Object: 'Object Repository/Equipment/EquipmentPurchase/EPO_Header/EPO_Header_Action' is clicked on

2017-11-15 14:53:33 - [MESSAGE][PASSED] - Object: 'Object Repository/Equipment/EquipmentPurchase/EPO_Header/EPO_Header_Action' is clicked on

2017-11-15 14:53:33 - [TEST_STEP][PASSED] - click: Object: 'Object Repository/Equipment/EquipmentPurchase/EPO_Header/EPO_Header_Apporve' is clicked on

2017-11-15 14:53:33 - [MESSAGE][PASSED] - Object: 'Object Repository/Equipment/EquipmentPurchase/EPO_Header/EPO_Header_Apporve' is clicked on

2017-11-15 14:53:33 - [TEST_STEP][PASSED] - delay: Delayed 5 second(s)

2017-11-15 14:53:38 - [MESSAGE][PASSED] - Delayed 5 second(s)

2017-11-15 14:53:38 - [TEST_STEP][PASSED] - click: Object: 'Object Repository/Equipment/EquipmentPurchase/EPO_Header/EPO_Header_Print' is clicked on

2017-11-15 14:53:38 - [MESSAGE][PASSED] - Object: 'Object Repository/Equipment/EquipmentPurchase/EPO_Header/EPO_Header_Print' is clicked on

2017-11-15 14:53:38 - [TEST_STEP][PASSED] - click: Object: 'Object Repository/Equipment/EquipmentPurchase/EPO_Header/EPO_Print_FinalPrint' is clicked on

2017-11-15 14:53:39 - [MESSAGE][PASSED] - Object: 'Object Repository/Equipment/EquipmentPurchase/EPO_Header/EPO_Print_FinalPrint' is clicked on

2017-11-15 14:53:39 - [TEST_STEP][PASSED] - click: Object: 'Object Repository/Equipment/EquipmentPurchase/EPO_Header/EPO_Print_PrintOption' is clicked on

2017-11-15 14:53:39 - [MESSAGE][PASSED] - Object: 'Object Repository/Equipment/EquipmentPurchase/EPO_Header/EPO_Print_PrintOption' is clicked on

2017-11-15 14:53:39 - [TEST_STEP][PASSED] - click: Object: 'Object Repository/Equipment/EquipmentPurchase/EPO_Header/EPO_Print_Device' is clicked on

2017-11-15 14:53:42 - [MESSAGE][PASSED] - Object: 'Object Repository/Equipment/EquipmentPurchase/EPO_Header/EPO_Print_Device' is clicked on

2017-11-15 14:53:42 - [TEST_STEP][PASSED] - setText: Text 'D' is set on object 'Object Repository/Equipment/EquipmentPurchase/EPO_Header/EPO_Print_Device'

2017-11-15 14:53:42 - [MESSAGE][PASSED] - Text 'D' is set on object 'Object Repository/Equipment/EquipmentPurchase/EPO_Header/EPO_Print_Device'

2017-11-15 14:53:42 - [TEST_STEP][PASSED] - click: Object: 'Object Repository/Equipment/EquipmentPurchase/EPO_Header/EPO_Print_Continue' is clicked on

2017-11-15 14:53:42 - [MESSAGE][PASSED] - Object: 'Object Repository/Equipment/EquipmentPurchase/EPO_Header/EPO_Print_Continue' is clicked on

2017-11-15 14:53:42 - [TEST_STEP][PASSED] - delay: Delayed 5 second(s)

2017-11-15 14:53:47 - [MESSAGE][PASSED] - Delayed 5 second(s)

2017-11-15 14:53:47 - [TEST_STEP][PASSED] - click: Object: 'Object Repository/Equipment/EquipmentPurchase/EPO_Header/EPO_Header_EPOtab' is clicked on

2017-11-15 14:53:47 - [MESSAGE][PASSED] - Object: 'Object Repository/Equipment/EquipmentPurchase/EPO_Header/EPO_Header_EPOtab' is clicked on

2017-11-15 14:53:47 - [TEST_STEP][PASSED] - click: Object: 'Object Repository/Equipment/EquipmentPurchase/EPO_Header/EPO_Print_Close' is clicked on

2017-11-15 14:53:48 - [MESSAGE][PASSED] - Object: 'Object Repository/Equipment/EquipmentPurchase/EPO_Header/EPO_Print_Close' is clicked on

2017-11-15 14:53:48 - [TEST_STEP][PASSED] - delay: Delayed 3 second(s)

2017-11-15 14:53:51 - [MESSAGE][PASSED] - Delayed 3 second(s)

2017-11-15 14:53:51 - [TEST_STEP][PASSED] - click: Object: 'Object Repository/Equipment/EquipmentPurchase/EPO_Header/EPO_Header_Action' is clicked on

2017-11-15 14:53:51 - [MESSAGE][PASSED] - Object: 'Object Repository/Equipment/EquipmentPurchase/EPO_Header/EPO_Header_Action' is clicked on

2017-11-15 14:53:51 - [TEST_STEP][PASSED] - click: Object: 'Object Repository/Equipment/EquipmentPurchase/EPO_Header/EPO_Action_Reciept' is clicked on

2017-11-15 14:53:51 - [MESSAGE][PASSED] - Object: 'Object Repository/Equipment/EquipmentPurchase/EPO_Header/EPO_Action_Reciept' is clicked on

2017-11-15 14:53:51 - [TEST_STEP][PASSED] - waitForElementPresent: Object 'Object Repository/Equipment/EquipmentPurchase/EPO_Receipt/EPO_Reciept_Save' is present

2017-11-15 14:53:52 - [MESSAGE][PASSED] - Object 'Object Repository/Equipment/EquipmentPurchase/EPO_Receipt/EPO_Reciept_Save' is present

2017-11-15 14:53:52 - [TEST_STEP][PASSED] - click: Object: 'Object Repository/Equipment/EquipmentPurchase/EPO_Receipt/EPO_Reciept_Save' is clicked on

2017-11-15 14:53:53 - [MESSAGE][PASSED] - Object: 'Object Repository/Equipment/EquipmentPurchase/EPO_Receipt/EPO_Reciept_Save' is clicked on

2017-11-15 14:53:53 - [TEST_STEP][PASSED] - delay: Delayed 3 second(s)

2017-11-15 14:53:56 - [MESSAGE][PASSED] - Delayed 3 second(s)

2017-11-15 14:53:56 - [TEST_STEP][PASSED] - click: Object: 'Object Repository/Equipment/EquipmentPurchase/EPO_Receipt/EPO_Receipt_Action' is clicked on

2017-11-15 14:53:56 - [MESSAGE][PASSED] - Object: 'Object Repository/Equipment/EquipmentPurchase/EPO_Receipt/EPO_Receipt_Action' is clicked on

2017-11-15 14:53:56 - [TEST_STEP][PASSED] - click: Object: 'Object Repository/Equipment/EquipmentPurchase/EPO_Receipt/EPO_Receipt_Action_ReceiptLine' is clicked on

2017-11-15 14:53:56 - [MESSAGE][PASSED] - Object: 'Object Repository/Equipment/EquipmentPurchase/EPO_Receipt/EPO_Receipt_Action_ReceiptLine' is clicked on

2017-11-15 14:53:56 - [TEST_STEP][PASSED] - waitForElementPresent: Object 'Object Repository/Equipment/EquipmentPurchase/EPO_Receipt_Line/EPO_ReceiptLine_New' is present

2017-11-15 14:53:57 - [MESSAGE][PASSED] - Object 'Object Repository/Equipment/EquipmentPurchase/EPO_Receipt_Line/EPO_ReceiptLine_New' is present

2017-11-15 14:53:57 - [TEST_STEP][PASSED] - click: Object: 'Object Repository/Equipment/EquipmentPurchase/EPO_Receipt_Line/EPO_ReceiptLine_New' is clicked on

2017-11-15 14:53:57 - [MESSAGE][PASSED] - Object: 'Object Repository/Equipment/EquipmentPurchase/EPO_Receipt_Line/EPO_ReceiptLine_New' is clicked on

2017-11-15 14:53:57 - [TEST_STEP][PASSED] - waitForElementPresent: Object 'Object Repository/Equipment/EquipmentPurchase/EPO_Receipt_Line/EPO_RecieptLine_Select' is present

2017-11-15 14:53:58 - [MESSAGE][PASSED] - Object 'Object Repository/Equipment/EquipmentPurchase/EPO_Receipt_Line/EPO_RecieptLine_Select' is present

2017-11-15 14:53:58 - [TEST_STEP][PASSED] - click: Object: 'Object Repository/Equipment/EquipmentPurchase/EPO_Receipt_Line/EPO_RecieptLine_Select' is clicked on

2017-11-15 14:53:58 - [MESSAGE][PASSED] - Object: 'Object Repository/Equipment/EquipmentPurchase/EPO_Receipt_Line/EPO_RecieptLine_Select' is clicked on

2017-11-15 14:53:58 - [TEST_STEP][PASSED] - delay: Delayed 3 second(s)

2017-11-15 14:54:01 - [MESSAGE][PASSED] - Delayed 3 second(s)

2017-11-15 14:54:01 - [TEST_STEP][PASSED] - click: Object: 'Object Repository/Equipment/EquipmentPurchase/EPO_Receipt_Line/EPO_ReceiptLine_SavenClose' is clicked on

2017-11-15 14:54:01 - [MESSAGE][PASSED] - Object: 'Object Repository/Equipment/EquipmentPurchase/EPO_Receipt_Line/EPO_ReceiptLine_SavenClose' is clicked on

2017-11-15 14:54:01 - [TEST_STEP][PASSED] - waitForElementPresent: Object 'Object Repository/Equipment/EquipmentPurchase/EPO_Receipt_Line/EPO_RecieptLineAction' is present

2017-11-15 14:54:01 - [MESSAGE][PASSED] - Object 'Object Repository/Equipment/EquipmentPurchase/EPO_Receipt_Line/EPO_RecieptLineAction' is present

2017-11-15 14:54:01 - [TEST_STEP][PASSED] - Statement - G_Unit = com.kms.katalon.core.webui.keyword.WebUiBuiltInKeywords.getText(com.kms.katalon.core.testobject.ObjectRepository.findTestObject(Equipment/EquipmentPurchase/EPO_Receipt/EPO_Reciept_Unit)): Text of object 'Object Repository/Equipment/EquipmentPurchase/EPO_Receipt/EPO_Reciept_Unit' is: 'MD0018317'

2017-11-15 14:54:02 - [MESSAGE][PASSED] - Text of object 'Object Repository/Equipment/EquipmentPurchase/EPO_Receipt/EPO_Reciept_Unit' is: 'MD0018317'

2017-11-15 14:54:02 - [TEST_STEP][PASSED] - click: Object: 'Object Repository/Equipment/EquipmentPurchase/EPO_Receipt_Line/EPO_RecieptLineAction' is clicked on

2017-11-15 14:54:02 - [MESSAGE][PASSED] - Object: 'Object Repository/Equipment/EquipmentPurchase/EPO_Receipt_Line/EPO_RecieptLineAction' is clicked on

2017-11-15 14:54:02 - [TEST_STEP][PASSED] - click: Object: 'Object Repository/Equipment/EquipmentPurchase/EPO_Receipt/EPO_Action_Confirm' is clicked on

2017-11-15 14:54:03 - [MESSAGE][PASSED] - Object: 'Object Repository/Equipment/EquipmentPurchase/EPO_Receipt/EPO_Action_Confirm' is clicked on

2017-11-15 14:54:03 - [TEST_STEP][PASSED] - click: Object: 'Object Repository/Equipment/EquipmentPurchase/EPO_Receipt/EPO_Reciept_MeterOK' is clicked on

2017-11-15 14:54:03 - [MESSAGE][PASSED] - Object: 'Object Repository/Equipment/EquipmentPurchase/EPO_Receipt/EPO_Reciept_MeterOK' is clicked on

2017-11-15 14:54:03 - [TEST_STEP][PASSED] - waitForElementPresent: Object 'Object Repository/Equipment/EquipmentPurchase/EPO_Receipt/EPO_RecieptPrint_Device' is present

2017-11-15 14:54:05 - [MESSAGE][PASSED] - Object 'Object Repository/Equipment/EquipmentPurchase/EPO_Receipt/EPO_RecieptPrint_Device' is present

2017-11-15 14:54:05 - [TEST_STEP][PASSED] - click: Object: 'Object Repository/Equipment/EquipmentPurchase/EPO_Receipt/EPO_RecieptPrint_Device' is clicked on

2017-11-15 14:54:05 - [MESSAGE][PASSED] - Object: 'Object Repository/Equipment/EquipmentPurchase/EPO_Receipt/EPO_RecieptPrint_Device' is clicked on

2017-11-15 14:54:05 - [TEST_STEP][PASSED] - setText: Text 'D' is set on object 'Object Repository/Equipment/EquipmentPurchase/EPO_Receipt/EPO_RecieptPrint_Device'

2017-11-15 14:54:05 - [MESSAGE][PASSED] - Text 'D' is set on object 'Object Repository/Equipment/EquipmentPurchase/EPO_Receipt/EPO_RecieptPrint_Device'

2017-11-15 14:54:05 - [TEST_STEP][PASSED] - click: Object: 'Object Repository/Equipment/EquipmentPurchase/EPO_Receipt/EPO_RecieptPrint_Continue' is clicked on

2017-11-15 14:54:05 - [MESSAGE][PASSED] - Object: 'Object Repository/Equipment/EquipmentPurchase/EPO_Receipt/EPO_RecieptPrint_Continue' is clicked on

2017-11-15 14:54:05 - [TEST_STEP][PASSED] - delay: Delayed 3 second(s)

2017-11-15 14:54:08 - [MESSAGE][PASSED] - Delayed 3 second(s)

2017-11-15 14:54:08 - [TEST_STEP][PASSED] - click: Object: 'Object Repository/Equipment/EquipmentPurchase/EPO_Receipt/EPO_RecieptPrint_ProcessCompleted' is clicked on

2017-11-15 14:54:08 - [MESSAGE][PASSED] - Object: 'Object Repository/Equipment/EquipmentPurchase/EPO_Receipt/EPO_RecieptPrint_ProcessCompleted' is clicked on

2017-11-15 14:54:08 - [TEST_STEP][PASSED] - delay: Delayed 10 second(s)

2017-11-15 14:54:18 - [MESSAGE][PASSED] - Delayed 10 second(s)

2017-11-15 14:54:18 - [MESSAGE][PASSED] - Call Test Case 'Test Cases/Equipment/Base_EquipmentPurchase/Base_EPO_Reciept' successfully

2017-11-15 14:54:18 - [MESSAGE][PASSED] - Call Test Case 'Test Cases/Equipment/Base_EquipmentPurchase/EPO_CreateNrecieve' successfully

2017-11-15 14:54:18 - [TEST_STEP][PASSED] - callTestCase: Call Test Case 'Test Cases/Rental/Base_RentalContract/Base_CreateRentalInvoice_HeaderlineInvoice_SplitTender' successfully

2017-11-15 14:54:19 - [TEST_CASE][PASSED] - Test Cases/Rental/Base_RentalContract/Base_CreateRentalInvoice_HeaderlineInvoice_SplitTender: Test Cases/Rental/Base_RentalContract/Base_CreateRentalInvoice_HeaderlineInvoice_SplitTender

2017-11-15 14:54:19 - [TEST_STEP][PASSED] - callTestCase: Call Test Case 'Test Cases/Rental/Base_RentalContract/Base_CreateRentalHeader' successfully

2017-11-15 14:54:19 - [TEST_CASE][PASSED] - Test Cases/Rental/Base_RentalContract/Base_CreateRentalHeader: Test Cases/Rental/Base_RentalContract/Base_CreateRentalHeader

2017-11-15 14:54:19 - [TEST_STEP][PASSED] - callTestCase: Call Test Case 'Test Cases/Common/Base_Common_OpenSession' successfully

2017-11-15 14:54:19 - [TEST_CASE][PASSED] - Test Cases/Common/Base_Common_OpenSession: Test Cases/Common/Base_Common_OpenSession

2017-11-15 14:54:19 - [TEST_STEP][PASSED] - openBrowser: Browser is opened with url: 'https://rgajbhiye:Robin$123@proxima-ln4.e-emphasys.com:8441/webui/servlet/login'

2017-11-15 14:54:19 - [MESSAGE][WARNING] - A browser is already opened. Closing browser and opening a new one

2017-11-15 14:54:26 - [MESSAGE][PASSED] - Browser is opened with url: 'https://rgajbhiye:Robin$123@proxima-ln4.e-emphasys.com:8441/webui/servlet/login'

2017-11-15 14:54:26 - [TEST_STEP][PASSED] - waitForPageLoad: Wait for page load successfully

2017-11-15 14:54:26 - [MESSAGE][PASSED] - Wait for page load successfully

2017-11-15 14:54:26 - [TEST_STEP][PASSED] - maximizeWindow: Current window maximized

2017-11-15 14:54:26 - [MESSAGE][PASSED] - Current window maximized

2017-11-15 14:54:26 - [TEST_STEP][PASSED] - click: Object: 'Object Repository/Common/HomePage/HomePage_more' is clicked on

2017-11-15 14:54:28 - [MESSAGE][PASSED] - Object: 'Object Repository/Common/HomePage/HomePage_more' is clicked on

2017-11-15 14:54:28 - [TEST_STEP][PASSED] - click: Object: 'Object Repository/Common/HomePage/HomePage_Option' is clicked on

2017-11-15 14:54:28 - [MESSAGE][PASSED] - Object: 'Object Repository/Common/HomePage/HomePage_Option' is clicked on

2017-11-15 14:54:28 - [TEST_STEP][PASSED] - click: Object: 'Object Repository/Common/HomePage/HomePage_RunProgram_' is clicked on

2017-11-15 14:54:28 - [MESSAGE][PASSED] - Object: 'Object Repository/Common/HomePage/HomePage_RunProgram_' is clicked on

2017-11-15 14:54:28 - [TEST_STEP][PASSED] - sendKeys: Keys 'erext4100s004' sent to object: 'Object Repository/Common/HomePage/HomePage_Session_ID'

2017-11-15 14:54:28 - [MESSAGE][PASSED] - Keys 'erext4100s004' sent to object: 'Object Repository/Common/HomePage/HomePage_Session_ID'

2017-11-15 14:54:28 - [TEST_STEP][PASSED] - click: Object: 'Object Repository/Common/HomePage/HomePage_OkButton' is clicked on

2017-11-15 14:54:29 - [MESSAGE][PASSED] - Object: 'Object Repository/Common/HomePage/HomePage_OkButton' is clicked on

2017-11-15 14:54:29 - [MESSAGE][PASSED] - Call Test Case 'Test Cases/Common/Base_Common_OpenSession' successfully

2017-11-15 14:54:29 - [TEST_STEP][PASSED] - click: Object: 'Object Repository/Rental/RentalHeader/RentalContract.Customer' is clicked on

2017-11-15 14:54:32 - [MESSAGE][PASSED] - Object: 'Object Repository/Rental/RentalHeader/RentalContract.Customer' is clicked on

2017-11-15 14:54:32 - [TEST_STEP][PASSED] - setText: Text 'M00000010' is set on object 'Object Repository/Rental/RentalHeader/RentalContract.Customer'

2017-11-15 14:54:33 - [MESSAGE][PASSED] - Text 'M00000010' is set on object 'Object Repository/Rental/RentalHeader/RentalContract.Customer'

2017-11-15 14:54:33 - [TEST_STEP][PASSED] - delay: Delayed 2 second(s)

2017-11-15 14:54:35 - [MESSAGE][PASSED] - Delayed 2 second(s)

2017-11-15 14:54:35 - [TEST_STEP][PASSED] - click: Object: 'Object Repository/Rental/RentalHeader/RentalContract.CustPO' is clicked on

2017-11-15 14:54:35 - [MESSAGE][PASSED] - Object: 'Object Repository/Rental/RentalHeader/RentalContract.CustPO' is clicked on

2017-11-15 14:54:35 - [TEST_STEP][PASSED] - delay: Delayed 3 second(s)

2017-11-15 14:54:38 - [MESSAGE][PASSED] - Delayed 3 second(s)

2017-11-15 14:54:38 - [TEST_STEP][PASSED] - click: Object: 'Object Repository/Rental/RentalHeader/RentalContract.OtherDetailsTab' is clicked on

2017-11-15 14:54:38 - [MESSAGE][PASSED] - Object: 'Object Repository/Rental/RentalHeader/RentalContract.OtherDetailsTab' is clicked on

2017-11-15 14:54:38 - [TEST_STEP][PASSED] - delay: Delayed 5 second(s)

2017-11-15 14:54:43 - [MESSAGE][PASSED] - Delayed 5 second(s)

2017-11-15 14:54:43 - [TEST_STEP][PASSED] - click: Object: 'Object Repository/Rental/RentalHeader/Rental Contract.ModeOfPayment' is clicked on

2017-11-15 14:54:43 - [MESSAGE][PASSED] - Object: 'Object Repository/Rental/RentalHeader/Rental Contract.ModeOfPayment' is clicked on

2017-11-15 14:54:43 - [TEST_STEP][PASSED] - delay: Delayed 2 second(s)

2017-11-15 14:54:45 - [MESSAGE][PASSED] - Delayed 2 second(s)

2017-11-15 14:54:45 - [TEST_STEP][PASSED] - click: Object: 'Object Repository/Rental/RentalHeader/RentalContract.CreditCardoption' is clicked on

2017-11-15 14:54:46 - [MESSAGE][PASSED] - Object: 'Object Repository/Rental/RentalHeader/RentalContract.CreditCardoption' is clicked on

2017-11-15 14:54:46 - [TEST_STEP][PASSED] - delay: Delayed 3 second(s)

2017-11-15 14:54:49 - [MESSAGE][PASSED] - Delayed 3 second(s)

2017-11-15 14:54:49 - [TEST_STEP][PASSED] - click: Object: 'Object Repository/Rental/RentalHeader/RentalContract.GeneralTab' is clicked on

2017-11-15 14:54:49 - [MESSAGE][PASSED] - Object: 'Object Repository/Rental/RentalHeader/RentalContract.GeneralTab' is clicked on

2017-11-15 14:54:49 - [TEST_STEP][PASSED] - delay: Delayed 5 second(s)

2017-11-15 14:54:54 - [MESSAGE][PASSED] - Delayed 5 second(s)

2017-11-15 14:54:54 - [TEST_STEP][PASSED] - click: Object: 'Object Repository/Rental/RentalHeader/RentalContract.Newbuttonline' is clicked on

2017-11-15 14:54:54 - [MESSAGE][PASSED] - Object: 'Object Repository/Rental/RentalHeader/RentalContract.Newbuttonline' is clicked on

2017-11-15 14:54:54 - [TEST_STEP][PASSED] - delay: Delayed 5 second(s)

2017-11-15 14:54:59 - [MESSAGE][PASSED] - Delayed 5 second(s)

2017-11-15 14:54:59 - [TEST_STEP][PASSED] - click: Object: 'Object Repository/Rental/RentalHeader/RentalContract.SetLine' is clicked on

2017-11-15 14:54:59 - [MESSAGE][PASSED] - Object: 'Object Repository/Rental/RentalHeader/RentalContract.SetLine' is clicked on

2017-11-15 14:54:59 - [TEST_STEP][PASSED] - delay: Delayed 5 second(s)

2017-11-15 14:55:04 - [MESSAGE][PASSED] - Delayed 5 second(s)

2017-11-15 14:55:04 - [TEST_STEP][PASSED] - scrollToElement: Scroll to object 'Object Repository/Rental/RentalHeader/RentalContract.Unit' successfully

2017-11-15 14:55:04 - [MESSAGE][PASSED] - Scroll to object 'Object Repository/Rental/RentalHeader/RentalContract.Unit' successfully

2017-11-15 14:55:04 - [TEST_STEP][PASSED] - delay: Delayed 3 second(s)

2017-11-15 14:55:07 - [MESSAGE][PASSED] - Delayed 3 second(s)

2017-11-15 14:55:07 - [TEST_STEP][NOT_RUN] - getText: NOT_RUN: getText

2017-11-15 14:55:07 - [MESSAGE][NOT_RUN] - NOT_RUN: getText

2017-11-15 14:55:07 - [TEST_STEP][PASSED] - click: Object: 'Object Repository/Rental/RentalHeader/RentalContract.Unit' is clicked on

2017-11-15 14:55:08 - [MESSAGE][PASSED] - Object: 'Object Repository/Rental/RentalHeader/RentalContract.Unit' is clicked on

2017-11-15 14:55:08 - [TEST_STEP][PASSED] - delay: Delayed 5 second(s)

2017-11-15 14:55:13 - [MESSAGE][PASSED] - Delayed 5 second(s)

2017-11-15 14:55:13 - [TEST_STEP][PASSED] - setText: Text 'MD0018317' is set on object 'Object Repository/Rental/RentalHeader/RentalContract.Unit'

2017-11-15 14:55:13 - [MESSAGE][PASSED] - Text 'MD0018317' is set on object 'Object Repository/Rental/RentalHeader/RentalContract.Unit'

2017-11-15 14:55:13 - [TEST_STEP][PASSED] - delay: Delayed 5 second(s)

2017-11-15 14:55:18 - [MESSAGE][PASSED] - Delayed 5 second(s)

2017-11-15 14:55:18 - [TEST_STEP][PASSED] - scrollToElement: Scroll to object 'Object Repository/Rental/RentalHeader/RentalContract.MultipleInsurence' successfully

2017-11-15 14:55:18 - [MESSAGE][PASSED] - Scroll to object 'Object Repository/Rental/RentalHeader/RentalContract.MultipleInsurence' successfully

2017-11-15 14:55:18 - [TEST_STEP][PASSED] - delay: Delayed 5 second(s)

2017-11-15 14:55:23 - [MESSAGE][PASSED] - Delayed 5 second(s)

2017-11-15 14:55:23 - [TEST_STEP][PASSED] - doubleClick: Object: 'Object Repository/Rental/RentalHeader/RentalContract.MultipleInsurence' is double clicked on

2017-11-15 14:55:23 - [MESSAGE][PASSED] - Object: 'Object Repository/Rental/RentalHeader/RentalContract.MultipleInsurence' is double clicked on

2017-11-15 14:55:23 - [TEST_STEP][PASSED] - delay: Delayed 5 second(s)

2017-11-15 14:55:28 - [MESSAGE][PASSED] - Delayed 5 second(s)

2017-11-15 14:55:28 - [TEST_STEP][PASSED] - click: Object: 'Object Repository/Rental/RentalHeader/RentalContract.MultipleInsurence' is clicked on

2017-11-15 14:55:28 - [MESSAGE][PASSED] - Object: 'Object Repository/Rental/RentalHeader/RentalContract.MultipleInsurence' is clicked on

2017-11-15 14:55:28 - [TEST_STEP][PASSED] - click: Object: 'Object Repository/Rental/RentalHeader/RentalContract.MultiInsNO' is clicked on

2017-11-15 14:55:29 - [MESSAGE][PASSED] - Object: 'Object Repository/Rental/RentalHeader/RentalContract.MultiInsNO' is clicked on

2017-11-15 14:55:29 - [TEST_STEP][PASSED] - delay: Delayed 5 second(s)

2017-11-15 14:55:34 - [MESSAGE][PASSED] - Delayed 5 second(s)

2017-11-15 14:55:34 - [TEST_STEP][PASSED] - scrollToElement: Scroll to object 'Object Repository/Rental/RentalHeader/RentalContract.GrossRateline' successfully

2017-11-15 14:55:34 - [MESSAGE][PASSED] - Scroll to object 'Object Repository/Rental/RentalHeader/RentalContract.GrossRateline' successfully

2017-11-15 14:55:34 - [TEST_STEP][NOT_RUN] - delay: NOT_RUN: delay

2017-11-15 14:55:34 - [MESSAGE][NOT_RUN] - NOT_RUN: delay

2017-11-15 14:55:34 - [TEST_STEP][PASSED] - doubleClick: Object: 'Object Repository/Rental/RentalHeader/RentalContract.GrossRateline' is double clicked on

2017-11-15 14:55:34 - [MESSAGE][PASSED] - Object: 'Object Repository/Rental/RentalHeader/RentalContract.GrossRateline' is double clicked on

2017-11-15 14:55:34 - [TEST_STEP][PASSED] - delay: Delayed 2 second(s)

2017-11-15 14:55:36 - [MESSAGE][PASSED] - Delayed 2 second(s)

2017-11-15 14:55:36 - [TEST_STEP][PASSED] - click: Object: 'Object Repository/Rental/RentalHeader/RentalContract.GrossRateline' is clicked on

2017-11-15 14:55:36 - [MESSAGE][PASSED] - Object: 'Object Repository/Rental/RentalHeader/RentalContract.GrossRateline' is clicked on

2017-11-15 14:55:36 - [TEST_STEP][PASSED] - delay: Delayed 2 second(s)

2017-11-15 14:55:38 - [MESSAGE][PASSED] - Delayed 2 second(s)

2017-11-15 14:55:38 - [TEST_STEP][PASSED] - setText: Text '100' is set on object 'Object Repository/Rental/RentalHeader/RentalContract.GrossRateline'

2017-11-15 14:55:39 - [MESSAGE][PASSED] - Text '100' is set on object 'Object Repository/Rental/RentalHeader/RentalContract.GrossRateline'

2017-11-15 14:55:39 - [TEST_STEP][PASSED] - delay: Delayed 4 second(s)

2017-11-15 14:55:43 - [MESSAGE][PASSED] - Delayed 4 second(s)

2017-11-15 14:55:43 - [TEST_STEP][PASSED] - click: Object: 'Object Repository/Rental/RentalHeader/RentalContract.SaveHeader' is clicked on

2017-11-15 14:55:43 - [MESSAGE][PASSED] - Object: 'Object Repository/Rental/RentalHeader/RentalContract.SaveHeader' is clicked on

2017-11-15 14:55:43 - [TEST_STEP][PASSED] - delay: Delayed 5 second(s)

2017-11-15 14:55:48 - [MESSAGE][PASSED] - Delayed 5 second(s)

2017-11-15 14:55:48 - [TEST_STEP][PASSED] - click: Object: 'Object Repository/Rental/RentalHeader/RentalContract.Action' is clicked on

2017-11-15 14:55:48 - [MESSAGE][PASSED] - Object: 'Object Repository/Rental/RentalHeader/RentalContract.Action' is clicked on

2017-11-15 14:55:48 - [TEST_STEP][PASSED] - delay: Delayed 8 second(s)

2017-11-15 14:55:56 - [MESSAGE][PASSED] - Delayed 8 second(s)

2017-11-15 14:55:56 - [TEST_STEP][PASSED] - click: Object: 'Object Repository/Rental/RentalHeader/RentalContract.Release' is clicked on

2017-11-15 14:55:56 - [MESSAGE][PASSED] - Object: 'Object Repository/Rental/RentalHeader/RentalContract.Release' is clicked on

2017-11-15 14:55:56 - [TEST_STEP][PASSED] - delay: Delayed 12 second(s)

2017-11-15 14:56:08 - [MESSAGE][PASSED] - Delayed 12 second(s)

2017-11-15 14:56:08 - [TEST_STEP][PASSED] - click: Object: 'Object Repository/Rental/RentalHeader/RentalContract.ActionDelivery' is clicked on

2017-11-15 14:56:09 - [MESSAGE][PASSED] - Object: 'Object Repository/Rental/RentalHeader/RentalContract.ActionDelivery' is clicked on

2017-11-15 14:56:09 - [TEST_STEP][PASSED] - delay: Delayed 6 second(s)

2017-11-15 14:56:15 - [MESSAGE][PASSED] - Delayed 6 second(s)

2017-11-15 14:56:15 - [TEST_STEP][PASSED] - click: Object: 'Object Repository/Rental/RentalHeader/RentalContract.ConfirmDelivery' is clicked on

2017-11-15 14:56:15 - [MESSAGE][PASSED] - Object: 'Object Repository/Rental/RentalHeader/RentalContract.ConfirmDelivery' is clicked on

2017-11-15 14:56:15 - [TEST_STEP][PASSED] - delay: Delayed 8 second(s)

2017-11-15 14:56:23 - [MESSAGE][PASSED] - Delayed 8 second(s)

2017-11-15 14:56:23 - [TEST_STEP][NOT_RUN] - waitForElementPresent: NOT_RUN: waitForElementPresent

2017-11-15 14:56:23 - [MESSAGE][NOT_RUN] - NOT_RUN: waitForElementPresent

2017-11-15 14:56:23 - [TEST_STEP][NOT_RUN] - delay: NOT_RUN: delay

2017-11-15 14:56:23 - [MESSAGE][NOT_RUN] - NOT_RUN: delay

2017-11-15 14:56:23 - [TEST_STEP][PASSED] - click: Object: 'Object Repository/Rental/RentalHeader/RentalContract.DeliveryProceed' is clicked on

2017-11-15 14:56:23 - [MESSAGE][PASSED] - Object: 'Object Repository/Rental/RentalHeader/RentalContract.DeliveryProceed' is clicked on

2017-11-15 14:56:23 - [TEST_STEP][PASSED] - delay: Delayed 12 second(s)

2017-11-15 14:56:35 - [MESSAGE][PASSED] - Delayed 12 second(s)

2017-11-15 14:56:35 - [TEST_STEP][NOT_RUN] - waitForElementPresent: NOT_RUN: waitForElementPresent

2017-11-15 14:56:35 - [MESSAGE][NOT_RUN] - NOT_RUN: waitForElementPresent

2017-11-15 14:56:35 - [TEST_STEP][NOT_RUN] - delay: NOT_RUN: delay

2017-11-15 14:56:35 - [MESSAGE][NOT_RUN] - NOT_RUN: delay

2017-11-15 14:56:35 - [TEST_STEP][NOT_RUN] - click: NOT_RUN: click

2017-11-15 14:56:35 - [MESSAGE][NOT_RUN] - NOT_RUN: click

2017-11-15 14:56:35 - [TEST_STEP][PASSED] - delay: Delayed 8 second(s)

2017-11-15 14:56:43 - [MESSAGE][PASSED] - Delayed 8 second(s)

2017-11-15 14:56:43 - [TEST_STEP][PASSED] - click: Object: 'Object Repository/Rental/RentalHeader/RentalContract.InspetionReportClose' is clicked on

2017-11-15 14:56:43 - [MESSAGE][PASSED] - Object: 'Object Repository/Rental/RentalHeader/RentalContract.InspetionReportClose' is clicked on

2017-11-15 14:56:43 - [TEST_STEP][PASSED] - delay: Delayed 5 second(s)

2017-11-15 14:56:48 - [MESSAGE][PASSED] - Delayed 5 second(s)

2017-11-15 14:56:48 - [TEST_STEP][PASSED] - click: Object: 'Object Repository/Rental/RentalHeader/RentalContract.BillofLaddingClosed' is clicked on

2017-11-15 14:56:49 - [MESSAGE][PASSED] - Object: 'Object Repository/Rental/RentalHeader/RentalContract.BillofLaddingClosed' is clicked on

2017-11-15 14:56:49 - [TEST_STEP][PASSED] - delay: Delayed 5 second(s)

2017-11-15 14:56:54 - [MESSAGE][PASSED] - Delayed 5 second(s)

2017-11-15 14:56:54 - [TEST_STEP][PASSED] - click: Object: 'Object Repository/Rental/RentalHeader/RentalContract.EqipRentalMemoclosed' is clicked on

2017-11-15 14:56:54 - [MESSAGE][PASSED] - Object: 'Object Repository/Rental/RentalHeader/RentalContract.EqipRentalMemoclosed' is clicked on

2017-11-15 14:56:54 - [TEST_STEP][PASSED] - delay: Delayed 5 second(s)

2017-11-15 14:56:59 - [MESSAGE][PASSED] - Delayed 5 second(s)

2017-11-15 14:56:59 - [TEST_STEP][PASSED] - click: Object: 'Object Repository/Rental/RentalHeader/RentalContract.InspectionOrdergnerated' is clicked on

2017-11-15 14:56:59 - [MESSAGE][PASSED] - Object: 'Object Repository/Rental/RentalHeader/RentalContract.InspectionOrdergnerated' is clicked on

2017-11-15 14:56:59 - [MESSAGE][PASSED] - Call Test Case 'Test Cases/Rental/Base_RentalContract/Base_CreateRentalHeader' successfully

2017-11-15 14:56:59 - [TEST_STEP][PASSED] - delay: Delayed 4 second(s)

2017-11-15 14:57:03 - [MESSAGE][PASSED] - Delayed 4 second(s)

2017-11-15 14:57:03 - [TEST_STEP][PASSED] - click: Object: 'Object Repository/Rental/RentalHeader/RentalInvoice/RentalInvoice.InvoicingscheduleTab' is clicked on

2017-11-15 14:57:03 - [MESSAGE][PASSED] - Object: 'Object Repository/Rental/RentalHeader/RentalInvoice/RentalInvoice.InvoicingscheduleTab' is clicked on

2017-11-15 14:57:03 - [TEST_STEP][PASSED] - delay: Delayed 4 second(s)

2017-11-15 14:57:07 - [MESSAGE][PASSED] - Delayed 4 second(s)

2017-11-15 14:57:07 - [TEST_STEP][PASSED] - click: Object: 'Object Repository/Rental/RentalHeader/RentalInvoice/RentalInvoice.Action' is clicked on

2017-11-15 14:57:08 - [MESSAGE][PASSED] - Object: 'Object Repository/Rental/RentalHeader/RentalInvoice/RentalInvoice.Action' is clicked on

2017-11-15 14:57:08 - [TEST_STEP][PASSED] - delay: Delayed 4 second(s)

2017-11-15 14:57:12 - [MESSAGE][PASSED] - Delayed 4 second(s)

2017-11-15 14:57:12 - [TEST_STEP][PASSED] - click: Object: 'Object Repository/Rental/RentalHeader/RentalInvoice/RentalInvoice.ProcessInvoice' is clicked on

2017-11-15 14:57:12 - [MESSAGE][PASSED] - Object: 'Object Repository/Rental/RentalHeader/RentalInvoice/RentalInvoice.ProcessInvoice' is clicked on

2017-11-15 14:57:12 - [TEST_STEP][PASSED] - delay: Delayed 4 second(s)

2017-11-15 14:57:16 - [MESSAGE][PASSED] - Delayed 4 second(s)

2017-11-15 14:57:16 - [TEST_STEP][PASSED] - click: Object: 'Object Repository/Rental/RentalHeader/RentalInvoice/RentalInvoice.ProcessInvoice2' is clicked on

2017-11-15 14:57:16 - [MESSAGE][PASSED] - Object: 'Object Repository/Rental/RentalHeader/RentalInvoice/RentalInvoice.ProcessInvoice2' is clicked on

2017-11-15 14:57:16 - [TEST_STEP][PASSED] - delay: Delayed 0 second(s)

2017-11-15 14:57:16 - [MESSAGE][PASSED] - Delayed 0 second(s)

2017-11-15 14:57:16 - [TEST_STEP][PASSED] - click: Object: 'Object Repository/Rental/RentalHeader/RentalInvoice/RentalInvoice.InvoiceProcessYES' is clicked on

2017-11-15 14:57:16 - [MESSAGE][PASSED] - Object: 'Object Repository/Rental/RentalHeader/RentalInvoice/RentalInvoice.InvoiceProcessYES' is clicked on

2017-11-15 14:57:16 - [TEST_STEP][PASSED] - delay: Delayed 0 second(s)

2017-11-15 14:57:16 - [MESSAGE][PASSED] - Delayed 0 second(s)

2017-11-15 14:57:16 - [TEST_STEP][PASSED] - setText: Text 'PUBL' is set on object 'Object Repository/Rental/RentalHeader/RentalInvoice/ServiceCreditCard.PaymentGateway'

2017-11-15 14:57:17 - [MESSAGE][PASSED] - Text 'PUBL' is set on object 'Object Repository/Rental/RentalHeader/RentalInvoice/ServiceCreditCard.PaymentGateway'

2017-11-15 14:57:17 - [TEST_STEP][NOT_RUN] - sendKeys: NOT_RUN: sendKeys

2017-11-15 14:57:17 - [MESSAGE][NOT_RUN] - NOT_RUN: sendKeys

2017-11-15 14:57:17 - [TEST_STEP][PASSED] - doubleClick: Object: 'Object Repository/Rental/RentalHeader/RentalInvoice/ServiceCreditCard.CardType' is double clicked on

2017-11-15 14:57:18 - [MESSAGE][PASSED] - Object: 'Object Repository/Rental/RentalHeader/RentalInvoice/ServiceCreditCard.CardType' is double clicked on

2017-11-15 14:57:18 - [TEST_STEP][PASSED] - setText: Text 'Visa Card' is set on object 'Object Repository/Rental/RentalHeader/RentalInvoice/ServiceCreditCard.CardType'

2017-11-15 14:57:18 - [MESSAGE][PASSED] - Text 'Visa Card' is set on object 'Object Repository/Rental/RentalHeader/RentalInvoice/ServiceCreditCard.CardType'

2017-11-15 14:57:18 - [TEST_STEP][PASSED] - delay: Delayed 2 second(s)

2017-11-15 14:57:20 - [MESSAGE][PASSED] - Delayed 2 second(s)

2017-11-15 14:57:20 - [TEST_STEP][PASSED] - doubleClick: Object: 'Object Repository/Rental/RentalHeader/RentalInvoice/ServiceCreditCard.Enter CC No' is double clicked on

2017-11-15 14:57:20 - [MESSAGE][PASSED] - Object: 'Object Repository/Rental/RentalHeader/RentalInvoice/ServiceCreditCard.Enter CC No' is double clicked on

2017-11-15 14:57:20 - [TEST_STEP][PASSED] - sendKeys: Keys '4012000033330026' sent to object: 'Object Repository/Rental/RentalHeader/RentalInvoice/ServiceCreditCard.Enter CC No'

2017-11-15 14:57:20 - [MESSAGE][PASSED] - Keys '4012000033330026' sent to object: 'Object Repository/Rental/RentalHeader/RentalInvoice/ServiceCreditCard.Enter CC No'

2017-11-15 14:57:20 - [TEST_STEP][PASSED] - delay: Delayed 2 second(s)

2017-11-15 14:57:22 - [MESSAGE][PASSED] - Delayed 2 second(s)

2017-11-15 14:57:22 - [TEST_STEP][PASSED] - click: Object: 'Object Repository/Rental/RentalHeader/RentalInvoice/ServiceCreditCard.CVV2' is clicked on

2017-11-15 14:57:23 - [MESSAGE][PASSED] - Object: 'Object Repository/Rental/RentalHeader/RentalInvoice/ServiceCreditCard.CVV2' is clicked on

2017-11-15 14:57:23 - [TEST_STEP][PASSED] - sendKeys: Keys '865' sent to object: 'Object Repository/Rental/RentalHeader/RentalInvoice/ServiceCreditCard.CVV2'

2017-11-15 14:57:23 - [MESSAGE][PASSED] - Keys '865' sent to object: 'Object Repository/Rental/RentalHeader/RentalInvoice/ServiceCreditCard.CVV2'

2017-11-15 14:57:23 - [TEST_STEP][NOT_RUN] - sendKeys: NOT_RUN: sendKeys

2017-11-15 14:57:23 - [MESSAGE][NOT_RUN] - NOT_RUN: sendKeys

2017-11-15 14:57:23 - [TEST_STEP][NOT_RUN] - delay: NOT_RUN: delay

2017-11-15 14:57:23 - [MESSAGE][NOT_RUN] - NOT_RUN: delay

2017-11-15 14:57:23 - [TEST_STEP][PASSED] - delay: Delayed 3 second(s)

2017-11-15 14:57:26 - [MESSAGE][PASSED] - Delayed 3 second(s)

2017-11-15 14:57:26 - [TEST_STEP][PASSED] - setText: Text '09' is set on object 'Object Repository/Rental/RentalHeader/RentalInvoice/ServiceCreditCard.ExpiryMonth'

2017-11-15 14:57:26 - [MESSAGE][PASSED] - Text '09' is set on object 'Object Repository/Rental/RentalHeader/RentalInvoice/ServiceCreditCard.ExpiryMonth'

2017-11-15 14:57:26 - [TEST_STEP][PASSED] - setText: Text '99' is set on object 'Object Repository/Rental/RentalHeader/RentalInvoice/ServiceCreditCard.ExpiryYear'

2017-11-15 14:57:26 - [MESSAGE][PASSED] - Text '99' is set on object 'Object Repository/Rental/RentalHeader/RentalInvoice/ServiceCreditCard.ExpiryYear'

2017-11-15 14:57:26 - [TEST_STEP][NOT_RUN] - click: NOT_RUN: click

2017-11-15 14:57:26 - [MESSAGE][NOT_RUN] - NOT_RUN: click

2017-11-15 14:57:26 - [TEST_STEP][NOT_RUN] - delay: NOT_RUN: delay

2017-11-15 14:57:26 - [MESSAGE][NOT_RUN] - NOT_RUN: delay

2017-11-15 14:57:26 - [TEST_STEP][NOT_RUN] - click: NOT_RUN: click

2017-11-15 14:57:26 - [MESSAGE][NOT_RUN] - NOT_RUN: click

2017-11-15 14:57:26 - [TEST_STEP][NOT_RUN] - delay: NOT_RUN: delay

2017-11-15 14:57:26 - [MESSAGE][NOT_RUN] - NOT_RUN: delay

2017-11-15 14:57:26 - [TEST_STEP][NOT_RUN] - click: NOT_RUN: click

2017-11-15 14:57:26 - [MESSAGE][NOT_RUN] - NOT_RUN: click

2017-11-15 14:57:26 - [TEST_STEP][NOT_RUN] - delay: NOT_RUN: delay

2017-11-15 14:57:26 - [MESSAGE][NOT_RUN] - NOT_RUN: delay

2017-11-15 14:57:26 - [TEST_STEP][NOT_RUN] - click: NOT_RUN: click

2017-11-15 14:57:26 - [MESSAGE][NOT_RUN] - NOT_RUN: click

2017-11-15 14:57:26 - [TEST_STEP][NOT_RUN] - delay: NOT_RUN: delay

2017-11-15 14:57:26 - [MESSAGE][NOT_RUN] - NOT_RUN: delay

2017-11-15 14:57:26 - [TEST_STEP][NOT_RUN] - closeBrowser: NOT_RUN: closeBrowser

2017-11-15 14:57:26 - [MESSAGE][NOT_RUN] - NOT_RUN: closeBrowser

2017-11-15 14:57:26 - [MESSAGE][PASSED] - Call Test Case 'Test Cases/Rental/Base_RentalContract/Base_CreateRentalInvoice_HeaderlineInvoice_SplitTender' successfully

2017-11-15 14:57:26 - [TEST_STEP][INCOMPLETE] - callTestCase: null

2017-11-15 14:57:26 - [TEST_CASE][INCOMPLETE] - Test Cases/Rental/Base_RentalContract/Base_CreateRentalInvoicewithSpitTenderDetails_SplitTender: null

2017-11-15 14:57:27 - [TEST_STEP][PASSED] - delay: Delayed 5 second(s)

2017-11-15 14:57:32 - [MESSAGE][PASSED] - Delayed 5 second(s)

2017-11-15 14:57:32 - [TEST_STEP][FAILED] - doubleClick: Unable to double click on object 'Object Repository/Rental/Rental_SplitTenderDetails/SplitTenderDetails' (Root cause: com.kms.katalon.core.webui.exception.WebElementNotFoundException: Web element with id: 'Object Repository/Rental/Rental_SplitTenderDetails/SplitTenderDetails' located by 'By.xpath: //*[@id = 'xiext6102m000-11-frm.paym-26-lookup-widget']' not found)

2017-11-15 14:58:05 - [MESSAGE][FAILED] - Unable to double click on object 'Object Repository/Rental/Rental_SplitTenderDetails/SplitTenderDetails' (Root cause: com.kms.katalon.core.webui.exception.WebElementNotFoundException: Web element with id: 'Object Repository/Rental/Rental_SplitTenderDetails/SplitTenderDetails' located by 'By.xpath: //*[@id = 'xiext6102m000-11-frm.paym-26-lookup-widget']' not found)
[[ATTACHMENT|C:\\Users\\agawhande\\git\\CreditCard\\Reports\\CC_RentalInvoicewithSplitTenderTestSuite\\20171115_145245\\1510738085268.png]]

2017-11-15 14:58:05 - [TEST_STEP][INCOMPLETE] - click: Finding web element with id: 'Object Repository/Rental/Rental_SplitTenderDetails/SplitTenderDetails.Yes' located by 'By.xpath: //*[@id = 'item_0']' in '30' second(s)]]></system-out>
         <system-err><![CDATA[2017-11-15 14:52:53 - [TEST_CASE][INCOMPLETE] - Test Cases/Rental/Base_RentalContract/CreditCardRegression/TC004_RentalContractInvoice_SplitTender - Iteration 1: null]]></system-err>
      </testcase>
      <system-out><![CDATA[2017-11-15 14:52:53 - [TEST_SUITE][INCOMPLETE] - CC_RentalInvoicewithSplitTenderTestSuite: null]]></system-out>
      <system-err><![CDATA[2017-11-15 14:52:53 - [TEST_SUITE][INCOMPLETE] - CC_RentalInvoicewithSplitTenderTestSuite: null]]></system-err>
   </testsuite>
</testsuites>
