<?xml version="1.0" encoding="UTF-8"?>
<testsuites name="CC_RentalInvoicewithSplitTenderTestSuite" time="458" tests="0" failures="1" errors="0">
   <testsuite name="CC_RentalInvoicewithSplitTenderTestSuite" tests="0" failures="1" errors="0" time="458" timestamp="2017-11-21 17:55:39" hostname="agawhande - ANIL110.e-emphasys.com" id="Test Suites/CC_RentalInvoicewithSplitTenderTestSuite">
      <properties>
         <property name="deviceName" value=""/>
         <property name="devicePlatform" value=""/>
         <property name="logFolder" value="C:\\Users\\agawhande\\git\\CreditCard\\Reports\\CC_RentalInvoicewithSplitTenderTestSuite\\20171121_175531"/>
         <property name="logFiles" value="C:\\Users\\agawhande\\git\\CreditCard\\Reports\\CC_RentalInvoicewithSplitTenderTestSuite\\20171121_175531\\execution0.log"/>
         <property name="attachments" value="C:\\Users\\agawhande\\git\\CreditCard\\Reports\\CC_RentalInvoicewithSplitTenderTestSuite\\20171121_175531\\1511267458702.png"/>
         <property name="hostName" value="agawhande - ANIL110.e-emphasys.com"/>
         <property name="os" value="Windows 7 64bit"/>
         <property name="katalonVersion" value="4.8.0.2"/>
         <property name="browser" value="Firefox 56.0"/>
         <property name="hostAddress" value="192.168.25.228"/>
         <property name="sessionId" value="fec0ed54-3488-476b-b2bd-aedc8d5c9561"/>
         <property name="seleniumVersion" value="unknown"/>
         <property name="proxyInformation" value="ProxyInformation{proxyOption=NO_PROXY, proxyServerType=, password=, proxyServerAddress=, proxyServerPort=0}"/>
         <property name="platform" value="Windows 7"/>
      </properties>
      <testcase name="Test Cases/Rental/Base_RentalContract/CreditCardRegression/TC004_RentalContractInvoice_SplitTender" classname="Test Cases/Rental/Base_RentalContract/CreditCardRegression/TC004_RentalContractInvoice_SplitTender" status="FAILED">
         <failure type="FAILED" message="Unable to set text '456' of object 'Object Repository/Rental/Rental_SplitTenderDetails/SplitTender.LineCVV' (Root cause: org.openqa.selenium.InvalidElementStateException: Element must be user-editable in order to clear it.
Command duration or timeout: 43 milliseconds
Build info: version: 'unknown', revision: 'unknown', time: 'unknown'
System info: host: 'ANIL110', ip: '192.168.25.228', os.name: 'Windows 7', os.arch: 'amd64', os.version: '6.1', java.version: '1.8.0_102'
Driver info: com.kms.katalon.core.webui.driver.firefox.CFirefoxDriver47
Capabilities [{applicationCacheEnabled=true, rotatable=false, handlesAlerts=true, databaseEnabled=true, version=56.0, platform=WINDOWS, nativeEvents=false, acceptSslCerts=true, webStorageEnabled=true, locationContextEnabled=true, browserName=firefox, takesScreenshot=true, javascriptEnabled=true, cssSelectorsEnabled=true}]
Session ID: fec0ed54-3488-476b-b2bd-aedc8d5c9561)"/>
         <system-out><![CDATA[2017-11-21 17:55:39 - [TEST_CASE][FAILED] - Test Cases/Rental/Base_RentalContract/CreditCardRegression/TC004_RentalContractInvoice_SplitTender: Test Cases/Rental/Base_RentalContract/CreditCardRegression/TC004_RentalContractInvoice_SplitTender FAILED because (of) Unable to set text '456' of object 'Object Repository/Rental/Rental_SplitTenderDetails/SplitTender.LineCVV' (Root cause: org.openqa.selenium.InvalidElementStateException: Element must be user-editable in order to clear it.
Command duration or timeout: 43 milliseconds
Build info: version: 'unknown', revision: 'unknown', time: 'unknown'
System info: host: 'ANIL110', ip: '192.168.25.228', os.name: 'Windows 7', os.arch: 'amd64', os.version: '6.1', java.version: '1.8.0_102'
Driver info: com.kms.katalon.core.webui.driver.firefox.CFirefoxDriver47
Capabilities [{applicationCacheEnabled=true, rotatable=false, handlesAlerts=true, databaseEnabled=true, version=56.0, platform=WINDOWS, nativeEvents=false, acceptSslCerts=true, webStorageEnabled=true, locationContextEnabled=true, browserName=firefox, takesScreenshot=true, javascriptEnabled=true, cssSelectorsEnabled=true}]
Session ID: fec0ed54-3488-476b-b2bd-aedc8d5c9561)

2017-11-21 17:55:41 - [TEST_STEP][PASSED] - callTestCase: Call Test Case 'Test Cases/Equipment/Base_EquipmentPurchase/EPO_CreateNrecieve' successfully

2017-11-21 17:55:41 - [TEST_CASE][PASSED] - Test Cases/Equipment/Base_EquipmentPurchase/EPO_CreateNrecieve: Test Cases/Equipment/Base_EquipmentPurchase/EPO_CreateNrecieve

2017-11-21 17:55:41 - [TEST_STEP][PASSED] - callTestCase: Call Test Case 'Test Cases/Equipment/Base_EquipmentPurchase/Base_EPO_CreateHeaderNline' successfully

2017-11-21 17:55:41 - [TEST_CASE][PASSED] - Test Cases/Equipment/Base_EquipmentPurchase/Base_EPO_CreateHeaderNline: Test Cases/Equipment/Base_EquipmentPurchase/Base_EPO_CreateHeaderNline

2017-11-21 17:55:42 - [TEST_STEP][PASSED] - callTestCase: Call Test Case 'Test Cases/Common/Base_Common_OpenSession' successfully

2017-11-21 17:55:42 - [TEST_CASE][PASSED] - Test Cases/Common/Base_Common_OpenSession: Test Cases/Common/Base_Common_OpenSession

2017-11-21 17:55:42 - [TEST_STEP][PASSED] - openBrowser: Browser is opened with url: 'https://rgajbhiye:Robin$123@proxima-ln4.e-emphasys.com:8441/webui/servlet/login'

2017-11-21 17:55:51 - [MESSAGE][PASSED] - Browser is opened with url: 'https://rgajbhiye:Robin$123@proxima-ln4.e-emphasys.com:8441/webui/servlet/login'

2017-11-21 17:55:51 - [TEST_STEP][PASSED] - waitForPageLoad: Wait for page load successfully

2017-11-21 17:55:51 - [MESSAGE][PASSED] - Wait for page load successfully

2017-11-21 17:55:51 - [TEST_STEP][PASSED] - maximizeWindow: Current window maximized

2017-11-21 17:55:51 - [MESSAGE][PASSED] - Current window maximized

2017-11-21 17:55:51 - [TEST_STEP][PASSED] - click: Object: 'Object Repository/Common/HomePage/HomePage_more' is clicked on

2017-11-21 17:55:55 - [MESSAGE][PASSED] - Object: 'Object Repository/Common/HomePage/HomePage_more' is clicked on

2017-11-21 17:55:55 - [TEST_STEP][PASSED] - click: Object: 'Object Repository/Common/HomePage/HomePage_Option' is clicked on

2017-11-21 17:55:55 - [MESSAGE][PASSED] - Object: 'Object Repository/Common/HomePage/HomePage_Option' is clicked on

2017-11-21 17:55:55 - [TEST_STEP][PASSED] - click: Object: 'Object Repository/Common/HomePage/HomePage_RunProgram_' is clicked on

2017-11-21 17:55:55 - [MESSAGE][PASSED] - Object: 'Object Repository/Common/HomePage/HomePage_RunProgram_' is clicked on

2017-11-21 17:55:55 - [TEST_STEP][PASSED] - sendKeys: Keys 'tdext8150s000' sent to object: 'Object Repository/Common/HomePage/HomePage_Session_ID'

2017-11-21 17:55:55 - [MESSAGE][PASSED] - Keys 'tdext8150s000' sent to object: 'Object Repository/Common/HomePage/HomePage_Session_ID'

2017-11-21 17:55:55 - [TEST_STEP][PASSED] - click: Object: 'Object Repository/Common/HomePage/HomePage_OkButton' is clicked on

2017-11-21 17:55:56 - [MESSAGE][PASSED] - Object: 'Object Repository/Common/HomePage/HomePage_OkButton' is clicked on

2017-11-21 17:55:56 - [MESSAGE][PASSED] - Call Test Case 'Test Cases/Common/Base_Common_OpenSession' successfully

2017-11-21 17:55:56 - [TEST_STEP][PASSED] - waitForElementPresent: Object 'Object Repository/Equipment/EquipmentPurchase/EPO_Header/EPO_Header_New' is present

2017-11-21 17:55:58 - [MESSAGE][PASSED] - Object 'Object Repository/Equipment/EquipmentPurchase/EPO_Header/EPO_Header_New' is present

2017-11-21 17:55:58 - [TEST_STEP][PASSED] - click: Object: 'Object Repository/Equipment/EquipmentPurchase/EPO_Header/EPO_Header_New' is clicked on

2017-11-21 17:55:58 - [MESSAGE][PASSED] - Object: 'Object Repository/Equipment/EquipmentPurchase/EPO_Header/EPO_Header_New' is clicked on

2017-11-21 17:55:58 - [TEST_STEP][PASSED] - click: Object: 'Object Repository/Equipment/EquipmentPurchase/EPO_Header/EPO_Header_Customer' is clicked on

2017-11-21 17:55:59 - [MESSAGE][PASSED] - Object: 'Object Repository/Equipment/EquipmentPurchase/EPO_Header/EPO_Header_Customer' is clicked on

2017-11-21 17:55:59 - [TEST_STEP][PASSED] - setText: Text 'M00000010' is set on object 'Object Repository/Equipment/EquipmentPurchase/EPO_Header/EPO_Header_Customer'

2017-11-21 17:55:59 - [MESSAGE][PASSED] - Text 'M00000010' is set on object 'Object Repository/Equipment/EquipmentPurchase/EPO_Header/EPO_Header_Customer'

2017-11-21 17:55:59 - [TEST_STEP][PASSED] - click: Object: 'Object Repository/Equipment/EquipmentPurchase/EPO_Header/EPO_Header_Save' is clicked on

2017-11-21 17:55:59 - [MESSAGE][PASSED] - Object: 'Object Repository/Equipment/EquipmentPurchase/EPO_Header/EPO_Header_Save' is clicked on

2017-11-21 17:55:59 - [TEST_STEP][PASSED] - delay: Delayed 5 second(s)

2017-11-21 17:56:04 - [MESSAGE][PASSED] - Delayed 5 second(s)

2017-11-21 17:56:04 - [TEST_STEP][PASSED] - click: Object: 'Object Repository/Equipment/EquipmentPurchase/EPO_Header/EPO_Header_Action' is clicked on

2017-11-21 17:56:05 - [MESSAGE][PASSED] - Object: 'Object Repository/Equipment/EquipmentPurchase/EPO_Header/EPO_Header_Action' is clicked on

2017-11-21 17:56:05 - [TEST_STEP][PASSED] - click: Object: 'Object Repository/Equipment/EquipmentPurchase/EPO_Header/EPO_Header_Action_OrderLines' is clicked on

2017-11-21 17:56:05 - [MESSAGE][PASSED] - Object: 'Object Repository/Equipment/EquipmentPurchase/EPO_Header/EPO_Header_Action_OrderLines' is clicked on

2017-11-21 17:56:05 - [TEST_STEP][PASSED] - waitForElementPresent: Object 'Object Repository/Equipment/EquipmentPurchase/EPO_Line/EPO_MultiLine_New' is present

2017-11-21 17:56:06 - [MESSAGE][PASSED] - Object 'Object Repository/Equipment/EquipmentPurchase/EPO_Line/EPO_MultiLine_New' is present

2017-11-21 17:56:06 - [TEST_STEP][PASSED] - click: Object: 'Object Repository/Equipment/EquipmentPurchase/EPO_Line/EPO_MultiLine_New' is clicked on

2017-11-21 17:56:06 - [MESSAGE][PASSED] - Object: 'Object Repository/Equipment/EquipmentPurchase/EPO_Line/EPO_MultiLine_New' is clicked on

2017-11-21 17:56:06 - [TEST_STEP][PASSED] - waitForElementPresent: Object 'Object Repository/Equipment/EquipmentPurchase/EPO_Line/EPO_Line_Model' is present

2017-11-21 17:56:07 - [MESSAGE][PASSED] - Object 'Object Repository/Equipment/EquipmentPurchase/EPO_Line/EPO_Line_Model' is present

2017-11-21 17:56:07 - [TEST_STEP][PASSED] - click: Object: 'Object Repository/Equipment/EquipmentPurchase/EPO_Line/EPO_Line_Model' is clicked on

2017-11-21 17:56:07 - [MESSAGE][PASSED] - Object: 'Object Repository/Equipment/EquipmentPurchase/EPO_Line/EPO_Line_Model' is clicked on

2017-11-21 17:56:07 - [TEST_STEP][PASSED] - delay: Delayed 2 second(s)

2017-11-21 17:56:09 - [MESSAGE][PASSED] - Delayed 2 second(s)

2017-11-21 17:56:09 - [TEST_STEP][PASSED] - setText: Text '1032' is set on object 'Object Repository/Equipment/EquipmentPurchase/EPO_Line/EPO_Line_Model'

2017-11-21 17:56:10 - [MESSAGE][PASSED] - Text '1032' is set on object 'Object Repository/Equipment/EquipmentPurchase/EPO_Line/EPO_Line_Model'

2017-11-21 17:56:10 - [TEST_STEP][PASSED] - click: Object: 'Object Repository/Equipment/EquipmentPurchase/EPO_Line/EPO_Line_NeworUsed' is clicked on

2017-11-21 17:56:10 - [MESSAGE][PASSED] - Object: 'Object Repository/Equipment/EquipmentPurchase/EPO_Line/EPO_Line_NeworUsed' is clicked on

2017-11-21 17:56:10 - [TEST_STEP][PASSED] - click: Object: 'Object Repository/Equipment/EquipmentPurchase/EPO_Line/EPO_Line_NewEquipOption' is clicked on

2017-11-21 17:56:10 - [MESSAGE][PASSED] - Object: 'Object Repository/Equipment/EquipmentPurchase/EPO_Line/EPO_Line_NewEquipOption' is clicked on

2017-11-21 17:56:10 - [TEST_STEP][PASSED] - click: Object: 'Object Repository/Equipment/EquipmentPurchase/EPO_Line/EPO_Line_PlannedDate' is clicked on

2017-11-21 17:56:10 - [MESSAGE][PASSED] - Object: 'Object Repository/Equipment/EquipmentPurchase/EPO_Line/EPO_Line_PlannedDate' is clicked on

2017-11-21 17:56:10 - [TEST_STEP][PASSED] - delay: Delayed 2 second(s)

2017-11-21 17:56:12 - [MESSAGE][PASSED] - Delayed 2 second(s)

2017-11-21 17:56:12 - [TEST_STEP][PASSED] - setText: Text '+10' is set on object 'Object Repository/Equipment/EquipmentPurchase/EPO_Line/EPO_Line_PlannedDate'

2017-11-21 17:56:13 - [MESSAGE][PASSED] - Text '+10' is set on object 'Object Repository/Equipment/EquipmentPurchase/EPO_Line/EPO_Line_PlannedDate'

2017-11-21 17:56:13 - [TEST_STEP][PASSED] - click: Object: 'Object Repository/Equipment/EquipmentPurchase/EPO_Line/EPO_Line_Price' is clicked on

2017-11-21 17:56:13 - [MESSAGE][PASSED] - Object: 'Object Repository/Equipment/EquipmentPurchase/EPO_Line/EPO_Line_Price' is clicked on

2017-11-21 17:56:13 - [TEST_STEP][PASSED] - delay: Delayed 2 second(s)

2017-11-21 17:56:15 - [MESSAGE][PASSED] - Delayed 2 second(s)

2017-11-21 17:56:15 - [TEST_STEP][PASSED] - setText: Text '100' is set on object 'Object Repository/Equipment/EquipmentPurchase/EPO_Line/EPO_Line_Price'

2017-11-21 17:56:15 - [MESSAGE][PASSED] - Text '100' is set on object 'Object Repository/Equipment/EquipmentPurchase/EPO_Line/EPO_Line_Price'

2017-11-21 17:56:15 - [TEST_STEP][PASSED] - click: Object: 'Object Repository/Equipment/EquipmentPurchase/EPO_Line/EPO_Line_Save' is clicked on

2017-11-21 17:56:15 - [MESSAGE][PASSED] - Object: 'Object Repository/Equipment/EquipmentPurchase/EPO_Line/EPO_Line_Save' is clicked on

2017-11-21 17:56:15 - [TEST_STEP][PASSED] - click: Object: 'Object Repository/Equipment/EquipmentPurchase/EPO_Line/EPO_Line_importNO' is clicked on

2017-11-21 17:56:16 - [MESSAGE][PASSED] - Object: 'Object Repository/Equipment/EquipmentPurchase/EPO_Line/EPO_Line_importNO' is clicked on

2017-11-21 17:56:16 - [TEST_STEP][PASSED] - click: Object: 'Object Repository/Equipment/EquipmentPurchase/EPO_Line/EPO_Line_SaveNclose' is clicked on

2017-11-21 17:56:16 - [MESSAGE][PASSED] - Object: 'Object Repository/Equipment/EquipmentPurchase/EPO_Line/EPO_Line_SaveNclose' is clicked on

2017-11-21 17:56:16 - [TEST_STEP][PASSED] - delay: Delayed 2 second(s)

2017-11-21 17:56:18 - [MESSAGE][PASSED] - Delayed 2 second(s)

2017-11-21 17:56:18 - [TEST_STEP][PASSED] - click: Object: 'Object Repository/Equipment/EquipmentPurchase/EPO_Line/EPO_MultiLine_SavenClose' is clicked on

2017-11-21 17:56:18 - [MESSAGE][PASSED] - Object: 'Object Repository/Equipment/EquipmentPurchase/EPO_Line/EPO_MultiLine_SavenClose' is clicked on

2017-11-21 17:56:18 - [MESSAGE][PASSED] - Call Test Case 'Test Cases/Equipment/Base_EquipmentPurchase/Base_EPO_CreateHeaderNline' successfully

2017-11-21 17:56:18 - [TEST_STEP][PASSED] - callTestCase: Call Test Case 'Test Cases/Equipment/Base_EquipmentPurchase/Base_EPO_Reciept' successfully

2017-11-21 17:56:18 - [TEST_CASE][PASSED] - Test Cases/Equipment/Base_EquipmentPurchase/Base_EPO_Reciept: Test Cases/Equipment/Base_EquipmentPurchase/Base_EPO_Reciept

2017-11-21 17:56:19 - [TEST_STEP][PASSED] - click: Object: 'Object Repository/Equipment/EquipmentPurchase/EPO_Header/EPO_Header_Action' is clicked on

2017-11-21 17:56:19 - [MESSAGE][PASSED] - Object: 'Object Repository/Equipment/EquipmentPurchase/EPO_Header/EPO_Header_Action' is clicked on

2017-11-21 17:56:19 - [TEST_STEP][PASSED] - click: Object: 'Object Repository/Equipment/EquipmentPurchase/EPO_Header/EPO_Header_Action_SendForApproval' is clicked on

2017-11-21 17:56:19 - [MESSAGE][PASSED] - Object: 'Object Repository/Equipment/EquipmentPurchase/EPO_Header/EPO_Header_Action_SendForApproval' is clicked on

2017-11-21 17:56:19 - [TEST_STEP][PASSED] - delay: Delayed 5 second(s)

2017-11-21 17:56:24 - [MESSAGE][PASSED] - Delayed 5 second(s)

2017-11-21 17:56:24 - [TEST_STEP][PASSED] - click: Object: 'Object Repository/Equipment/EquipmentPurchase/EPO_Header/EPO_Header_Action' is clicked on

2017-11-21 17:56:25 - [MESSAGE][PASSED] - Object: 'Object Repository/Equipment/EquipmentPurchase/EPO_Header/EPO_Header_Action' is clicked on

2017-11-21 17:56:25 - [TEST_STEP][PASSED] - click: Object: 'Object Repository/Equipment/EquipmentPurchase/EPO_Header/EPO_Header_Apporve' is clicked on

2017-11-21 17:56:25 - [MESSAGE][PASSED] - Object: 'Object Repository/Equipment/EquipmentPurchase/EPO_Header/EPO_Header_Apporve' is clicked on

2017-11-21 17:56:25 - [TEST_STEP][PASSED] - delay: Delayed 5 second(s)

2017-11-21 17:56:30 - [MESSAGE][PASSED] - Delayed 5 second(s)

2017-11-21 17:56:30 - [TEST_STEP][PASSED] - click: Object: 'Object Repository/Equipment/EquipmentPurchase/EPO_Header/EPO_Header_Print' is clicked on

2017-11-21 17:56:30 - [MESSAGE][PASSED] - Object: 'Object Repository/Equipment/EquipmentPurchase/EPO_Header/EPO_Header_Print' is clicked on

2017-11-21 17:56:30 - [TEST_STEP][PASSED] - click: Object: 'Object Repository/Equipment/EquipmentPurchase/EPO_Header/EPO_Print_FinalPrint' is clicked on

2017-11-21 17:56:31 - [MESSAGE][PASSED] - Object: 'Object Repository/Equipment/EquipmentPurchase/EPO_Header/EPO_Print_FinalPrint' is clicked on

2017-11-21 17:56:31 - [TEST_STEP][PASSED] - click: Object: 'Object Repository/Equipment/EquipmentPurchase/EPO_Header/EPO_Print_PrintOption' is clicked on

2017-11-21 17:56:31 - [MESSAGE][PASSED] - Object: 'Object Repository/Equipment/EquipmentPurchase/EPO_Header/EPO_Print_PrintOption' is clicked on

2017-11-21 17:56:31 - [TEST_STEP][PASSED] - click: Object: 'Object Repository/Equipment/EquipmentPurchase/EPO_Header/EPO_Print_Device' is clicked on

2017-11-21 17:56:33 - [MESSAGE][PASSED] - Object: 'Object Repository/Equipment/EquipmentPurchase/EPO_Header/EPO_Print_Device' is clicked on

2017-11-21 17:56:33 - [TEST_STEP][PASSED] - setText: Text 'D' is set on object 'Object Repository/Equipment/EquipmentPurchase/EPO_Header/EPO_Print_Device'

2017-11-21 17:56:33 - [MESSAGE][PASSED] - Text 'D' is set on object 'Object Repository/Equipment/EquipmentPurchase/EPO_Header/EPO_Print_Device'

2017-11-21 17:56:33 - [TEST_STEP][PASSED] - click: Object: 'Object Repository/Equipment/EquipmentPurchase/EPO_Header/EPO_Print_Continue' is clicked on

2017-11-21 17:56:34 - [MESSAGE][PASSED] - Object: 'Object Repository/Equipment/EquipmentPurchase/EPO_Header/EPO_Print_Continue' is clicked on

2017-11-21 17:56:34 - [TEST_STEP][PASSED] - delay: Delayed 5 second(s)

2017-11-21 17:56:39 - [MESSAGE][PASSED] - Delayed 5 second(s)

2017-11-21 17:56:39 - [TEST_STEP][PASSED] - click: Object: 'Object Repository/Equipment/EquipmentPurchase/EPO_Header/EPO_Header_EPOtab' is clicked on

2017-11-21 17:56:39 - [MESSAGE][PASSED] - Object: 'Object Repository/Equipment/EquipmentPurchase/EPO_Header/EPO_Header_EPOtab' is clicked on

2017-11-21 17:56:39 - [TEST_STEP][PASSED] - click: Object: 'Object Repository/Equipment/EquipmentPurchase/EPO_Header/EPO_Print_Close' is clicked on

2017-11-21 17:56:39 - [MESSAGE][PASSED] - Object: 'Object Repository/Equipment/EquipmentPurchase/EPO_Header/EPO_Print_Close' is clicked on

2017-11-21 17:56:39 - [TEST_STEP][PASSED] - delay: Delayed 3 second(s)

2017-11-21 17:56:42 - [MESSAGE][PASSED] - Delayed 3 second(s)

2017-11-21 17:56:42 - [TEST_STEP][PASSED] - click: Object: 'Object Repository/Equipment/EquipmentPurchase/EPO_Header/EPO_Header_Action' is clicked on

2017-11-21 17:56:42 - [MESSAGE][PASSED] - Object: 'Object Repository/Equipment/EquipmentPurchase/EPO_Header/EPO_Header_Action' is clicked on

2017-11-21 17:56:42 - [TEST_STEP][PASSED] - click: Object: 'Object Repository/Equipment/EquipmentPurchase/EPO_Header/EPO_Action_Reciept' is clicked on

2017-11-21 17:56:42 - [MESSAGE][PASSED] - Object: 'Object Repository/Equipment/EquipmentPurchase/EPO_Header/EPO_Action_Reciept' is clicked on

2017-11-21 17:56:42 - [TEST_STEP][PASSED] - waitForElementPresent: Object 'Object Repository/Equipment/EquipmentPurchase/EPO_Receipt/EPO_Reciept_Save' is present

2017-11-21 17:56:44 - [MESSAGE][PASSED] - Object 'Object Repository/Equipment/EquipmentPurchase/EPO_Receipt/EPO_Reciept_Save' is present

2017-11-21 17:56:44 - [TEST_STEP][PASSED] - click: Object: 'Object Repository/Equipment/EquipmentPurchase/EPO_Receipt/EPO_Reciept_Save' is clicked on

2017-11-21 17:56:44 - [MESSAGE][PASSED] - Object: 'Object Repository/Equipment/EquipmentPurchase/EPO_Receipt/EPO_Reciept_Save' is clicked on

2017-11-21 17:56:44 - [TEST_STEP][PASSED] - delay: Delayed 3 second(s)

2017-11-21 17:56:47 - [MESSAGE][PASSED] - Delayed 3 second(s)

2017-11-21 17:56:47 - [TEST_STEP][PASSED] - click: Object: 'Object Repository/Equipment/EquipmentPurchase/EPO_Receipt/EPO_Receipt_Action' is clicked on

2017-11-21 17:56:47 - [MESSAGE][PASSED] - Object: 'Object Repository/Equipment/EquipmentPurchase/EPO_Receipt/EPO_Receipt_Action' is clicked on

2017-11-21 17:56:47 - [TEST_STEP][PASSED] - click: Object: 'Object Repository/Equipment/EquipmentPurchase/EPO_Receipt/EPO_Receipt_Action_ReceiptLine' is clicked on

2017-11-21 17:56:48 - [MESSAGE][PASSED] - Object: 'Object Repository/Equipment/EquipmentPurchase/EPO_Receipt/EPO_Receipt_Action_ReceiptLine' is clicked on

2017-11-21 17:56:48 - [TEST_STEP][PASSED] - waitForElementPresent: Object 'Object Repository/Equipment/EquipmentPurchase/EPO_Receipt_Line/EPO_ReceiptLine_New' is present

2017-11-21 17:56:48 - [MESSAGE][PASSED] - Object 'Object Repository/Equipment/EquipmentPurchase/EPO_Receipt_Line/EPO_ReceiptLine_New' is present

2017-11-21 17:56:48 - [TEST_STEP][PASSED] - click: Object: 'Object Repository/Equipment/EquipmentPurchase/EPO_Receipt_Line/EPO_ReceiptLine_New' is clicked on

2017-11-21 17:56:49 - [MESSAGE][PASSED] - Object: 'Object Repository/Equipment/EquipmentPurchase/EPO_Receipt_Line/EPO_ReceiptLine_New' is clicked on

2017-11-21 17:56:49 - [TEST_STEP][PASSED] - waitForElementPresent: Object 'Object Repository/Equipment/EquipmentPurchase/EPO_Receipt_Line/EPO_RecieptLine_Select' is present

2017-11-21 17:56:49 - [MESSAGE][PASSED] - Object 'Object Repository/Equipment/EquipmentPurchase/EPO_Receipt_Line/EPO_RecieptLine_Select' is present

2017-11-21 17:56:49 - [TEST_STEP][PASSED] - click: Object: 'Object Repository/Equipment/EquipmentPurchase/EPO_Receipt_Line/EPO_RecieptLine_Select' is clicked on

2017-11-21 17:56:50 - [MESSAGE][PASSED] - Object: 'Object Repository/Equipment/EquipmentPurchase/EPO_Receipt_Line/EPO_RecieptLine_Select' is clicked on

2017-11-21 17:56:50 - [TEST_STEP][PASSED] - delay: Delayed 3 second(s)

2017-11-21 17:56:53 - [MESSAGE][PASSED] - Delayed 3 second(s)

2017-11-21 17:56:53 - [TEST_STEP][PASSED] - click: Object: 'Object Repository/Equipment/EquipmentPurchase/EPO_Receipt_Line/EPO_ReceiptLine_SavenClose' is clicked on

2017-11-21 17:56:53 - [MESSAGE][PASSED] - Object: 'Object Repository/Equipment/EquipmentPurchase/EPO_Receipt_Line/EPO_ReceiptLine_SavenClose' is clicked on

2017-11-21 17:56:53 - [TEST_STEP][PASSED] - waitForElementPresent: Object 'Object Repository/Equipment/EquipmentPurchase/EPO_Receipt_Line/EPO_RecieptLineAction' is present

2017-11-21 17:56:53 - [MESSAGE][PASSED] - Object 'Object Repository/Equipment/EquipmentPurchase/EPO_Receipt_Line/EPO_RecieptLineAction' is present

2017-11-21 17:56:53 - [TEST_STEP][PASSED] - Statement - G_Unit = com.kms.katalon.core.webui.keyword.WebUiBuiltInKeywords.getText(com.kms.katalon.core.testobject.ObjectRepository.findTestObject(Equipment/EquipmentPurchase/EPO_Receipt/EPO_Reciept_Unit)): Text of object 'Object Repository/Equipment/EquipmentPurchase/EPO_Receipt/EPO_Reciept_Unit' is: 'MD0018349'

2017-11-21 17:56:54 - [MESSAGE][PASSED] - Text of object 'Object Repository/Equipment/EquipmentPurchase/EPO_Receipt/EPO_Reciept_Unit' is: 'MD0018349'

2017-11-21 17:56:54 - [TEST_STEP][PASSED] - click: Object: 'Object Repository/Equipment/EquipmentPurchase/EPO_Receipt_Line/EPO_RecieptLineAction' is clicked on

2017-11-21 17:56:54 - [MESSAGE][PASSED] - Object: 'Object Repository/Equipment/EquipmentPurchase/EPO_Receipt_Line/EPO_RecieptLineAction' is clicked on

2017-11-21 17:56:54 - [TEST_STEP][PASSED] - click: Object: 'Object Repository/Equipment/EquipmentPurchase/EPO_Receipt/EPO_Action_Confirm' is clicked on

2017-11-21 17:56:54 - [MESSAGE][PASSED] - Object: 'Object Repository/Equipment/EquipmentPurchase/EPO_Receipt/EPO_Action_Confirm' is clicked on

2017-11-21 17:56:54 - [TEST_STEP][PASSED] - click: Object: 'Object Repository/Equipment/EquipmentPurchase/EPO_Receipt/EPO_Reciept_MeterOK' is clicked on

2017-11-21 17:56:55 - [MESSAGE][PASSED] - Object: 'Object Repository/Equipment/EquipmentPurchase/EPO_Receipt/EPO_Reciept_MeterOK' is clicked on

2017-11-21 17:56:55 - [TEST_STEP][PASSED] - waitForElementPresent: Object 'Object Repository/Equipment/EquipmentPurchase/EPO_Receipt/EPO_RecieptPrint_Device' is present

2017-11-21 17:56:56 - [MESSAGE][PASSED] - Object 'Object Repository/Equipment/EquipmentPurchase/EPO_Receipt/EPO_RecieptPrint_Device' is present

2017-11-21 17:56:56 - [TEST_STEP][PASSED] - click: Object: 'Object Repository/Equipment/EquipmentPurchase/EPO_Receipt/EPO_RecieptPrint_Device' is clicked on

2017-11-21 17:56:56 - [MESSAGE][PASSED] - Object: 'Object Repository/Equipment/EquipmentPurchase/EPO_Receipt/EPO_RecieptPrint_Device' is clicked on

2017-11-21 17:56:56 - [TEST_STEP][PASSED] - setText: Text 'D' is set on object 'Object Repository/Equipment/EquipmentPurchase/EPO_Receipt/EPO_RecieptPrint_Device'

2017-11-21 17:56:57 - [MESSAGE][PASSED] - Text 'D' is set on object 'Object Repository/Equipment/EquipmentPurchase/EPO_Receipt/EPO_RecieptPrint_Device'

2017-11-21 17:56:57 - [TEST_STEP][PASSED] - click: Object: 'Object Repository/Equipment/EquipmentPurchase/EPO_Receipt/EPO_RecieptPrint_Continue' is clicked on

2017-11-21 17:56:57 - [MESSAGE][PASSED] - Object: 'Object Repository/Equipment/EquipmentPurchase/EPO_Receipt/EPO_RecieptPrint_Continue' is clicked on

2017-11-21 17:56:57 - [TEST_STEP][PASSED] - delay: Delayed 3 second(s)

2017-11-21 17:57:00 - [MESSAGE][PASSED] - Delayed 3 second(s)

2017-11-21 17:57:00 - [TEST_STEP][PASSED] - click: Object: 'Object Repository/Equipment/EquipmentPurchase/EPO_Receipt/EPO_RecieptPrint_ProcessCompleted' is clicked on

2017-11-21 17:57:00 - [MESSAGE][PASSED] - Object: 'Object Repository/Equipment/EquipmentPurchase/EPO_Receipt/EPO_RecieptPrint_ProcessCompleted' is clicked on

2017-11-21 17:57:00 - [TEST_STEP][PASSED] - delay: Delayed 10 second(s)

2017-11-21 17:57:10 - [MESSAGE][PASSED] - Delayed 10 second(s)

2017-11-21 17:57:10 - [MESSAGE][PASSED] - Call Test Case 'Test Cases/Equipment/Base_EquipmentPurchase/Base_EPO_Reciept' successfully

2017-11-21 17:57:10 - [MESSAGE][PASSED] - Call Test Case 'Test Cases/Equipment/Base_EquipmentPurchase/EPO_CreateNrecieve' successfully

2017-11-21 17:57:10 - [TEST_STEP][PASSED] - callTestCase: Call Test Case 'Test Cases/Rental/Base_RentalContract/Base_CreateRentalInvoice_HeaderlineInvoice_SplitTender' successfully

2017-11-21 17:57:10 - [TEST_CASE][PASSED] - Test Cases/Rental/Base_RentalContract/Base_CreateRentalInvoice_HeaderlineInvoice_SplitTender: Test Cases/Rental/Base_RentalContract/Base_CreateRentalInvoice_HeaderlineInvoice_SplitTender

2017-11-21 17:57:11 - [TEST_STEP][PASSED] - callTestCase: Call Test Case 'Test Cases/Rental/Base_RentalContract/Base_CreateRentalHeader' successfully

2017-11-21 17:57:11 - [TEST_CASE][PASSED] - Test Cases/Rental/Base_RentalContract/Base_CreateRentalHeader: Test Cases/Rental/Base_RentalContract/Base_CreateRentalHeader

2017-11-21 17:57:11 - [TEST_STEP][PASSED] - callTestCase: Call Test Case 'Test Cases/Common/Base_Common_OpenSession' successfully

2017-11-21 17:57:11 - [TEST_CASE][PASSED] - Test Cases/Common/Base_Common_OpenSession: Test Cases/Common/Base_Common_OpenSession

2017-11-21 17:57:11 - [TEST_STEP][PASSED] - openBrowser: Browser is opened with url: 'https://rgajbhiye:Robin$123@proxima-ln4.e-emphasys.com:8441/webui/servlet/login'

2017-11-21 17:57:11 - [MESSAGE][WARNING] - A browser is already opened. Closing browser and opening a new one

2017-11-21 17:57:18 - [MESSAGE][PASSED] - Browser is opened with url: 'https://rgajbhiye:Robin$123@proxima-ln4.e-emphasys.com:8441/webui/servlet/login'

2017-11-21 17:57:18 - [TEST_STEP][PASSED] - waitForPageLoad: Wait for page load successfully

2017-11-21 17:57:18 - [MESSAGE][PASSED] - Wait for page load successfully

2017-11-21 17:57:18 - [TEST_STEP][PASSED] - maximizeWindow: Current window maximized

2017-11-21 17:57:18 - [MESSAGE][PASSED] - Current window maximized

2017-11-21 17:57:18 - [TEST_STEP][PASSED] - click: Object: 'Object Repository/Common/HomePage/HomePage_more' is clicked on

2017-11-21 17:57:22 - [MESSAGE][PASSED] - Object: 'Object Repository/Common/HomePage/HomePage_more' is clicked on

2017-11-21 17:57:22 - [TEST_STEP][PASSED] - click: Object: 'Object Repository/Common/HomePage/HomePage_Option' is clicked on

2017-11-21 17:57:22 - [MESSAGE][PASSED] - Object: 'Object Repository/Common/HomePage/HomePage_Option' is clicked on

2017-11-21 17:57:22 - [TEST_STEP][PASSED] - click: Object: 'Object Repository/Common/HomePage/HomePage_RunProgram_' is clicked on

2017-11-21 17:57:22 - [MESSAGE][PASSED] - Object: 'Object Repository/Common/HomePage/HomePage_RunProgram_' is clicked on

2017-11-21 17:57:22 - [TEST_STEP][PASSED] - sendKeys: Keys 'erext4100s004' sent to object: 'Object Repository/Common/HomePage/HomePage_Session_ID'

2017-11-21 17:57:23 - [MESSAGE][PASSED] - Keys 'erext4100s004' sent to object: 'Object Repository/Common/HomePage/HomePage_Session_ID'

2017-11-21 17:57:23 - [TEST_STEP][PASSED] - click: Object: 'Object Repository/Common/HomePage/HomePage_OkButton' is clicked on

2017-11-21 17:57:23 - [MESSAGE][PASSED] - Object: 'Object Repository/Common/HomePage/HomePage_OkButton' is clicked on

2017-11-21 17:57:23 - [MESSAGE][PASSED] - Call Test Case 'Test Cases/Common/Base_Common_OpenSession' successfully

2017-11-21 17:57:23 - [TEST_STEP][PASSED] - click: Object: 'Object Repository/Rental/RentalHeader/RentalContract.Customer' is clicked on

2017-11-21 17:57:27 - [MESSAGE][PASSED] - Object: 'Object Repository/Rental/RentalHeader/RentalContract.Customer' is clicked on

2017-11-21 17:57:27 - [TEST_STEP][PASSED] - setText: Text 'M00000010' is set on object 'Object Repository/Rental/RentalHeader/RentalContract.Customer'

2017-11-21 17:57:27 - [MESSAGE][PASSED] - Text 'M00000010' is set on object 'Object Repository/Rental/RentalHeader/RentalContract.Customer'

2017-11-21 17:57:27 - [TEST_STEP][PASSED] - delay: Delayed 2 second(s)

2017-11-21 17:57:29 - [MESSAGE][PASSED] - Delayed 2 second(s)

2017-11-21 17:57:29 - [TEST_STEP][PASSED] - click: Object: 'Object Repository/Rental/RentalHeader/RentalContract.CustPO' is clicked on

2017-11-21 17:57:29 - [MESSAGE][PASSED] - Object: 'Object Repository/Rental/RentalHeader/RentalContract.CustPO' is clicked on

2017-11-21 17:57:29 - [TEST_STEP][PASSED] - delay: Delayed 3 second(s)

2017-11-21 17:57:32 - [MESSAGE][PASSED] - Delayed 3 second(s)

2017-11-21 17:57:32 - [TEST_STEP][PASSED] - click: Object: 'Object Repository/Rental/RentalHeader/RentalContract.OtherDetailsTab' is clicked on

2017-11-21 17:57:33 - [MESSAGE][PASSED] - Object: 'Object Repository/Rental/RentalHeader/RentalContract.OtherDetailsTab' is clicked on

2017-11-21 17:57:33 - [TEST_STEP][PASSED] - delay: Delayed 5 second(s)

2017-11-21 17:57:38 - [MESSAGE][PASSED] - Delayed 5 second(s)

2017-11-21 17:57:38 - [TEST_STEP][PASSED] - click: Object: 'Object Repository/Rental/RentalHeader/Rental Contract.ModeOfPayment' is clicked on

2017-11-21 17:57:38 - [MESSAGE][PASSED] - Object: 'Object Repository/Rental/RentalHeader/Rental Contract.ModeOfPayment' is clicked on

2017-11-21 17:57:38 - [TEST_STEP][PASSED] - delay: Delayed 2 second(s)

2017-11-21 17:57:40 - [MESSAGE][PASSED] - Delayed 2 second(s)

2017-11-21 17:57:40 - [TEST_STEP][PASSED] - click: Object: 'Object Repository/Rental/RentalHeader/RentalContract.CreditCardoption' is clicked on

2017-11-21 17:57:40 - [MESSAGE][PASSED] - Object: 'Object Repository/Rental/RentalHeader/RentalContract.CreditCardoption' is clicked on

2017-11-21 17:57:40 - [TEST_STEP][PASSED] - delay: Delayed 3 second(s)

2017-11-21 17:57:43 - [MESSAGE][PASSED] - Delayed 3 second(s)

2017-11-21 17:57:43 - [TEST_STEP][PASSED] - click: Object: 'Object Repository/Rental/RentalHeader/RentalContract.GeneralTab' is clicked on

2017-11-21 17:57:43 - [MESSAGE][PASSED] - Object: 'Object Repository/Rental/RentalHeader/RentalContract.GeneralTab' is clicked on

2017-11-21 17:57:43 - [TEST_STEP][PASSED] - delay: Delayed 5 second(s)

2017-11-21 17:57:48 - [MESSAGE][PASSED] - Delayed 5 second(s)

2017-11-21 17:57:48 - [TEST_STEP][PASSED] - click: Object: 'Object Repository/Rental/RentalHeader/RentalContract.Newbuttonline' is clicked on

2017-11-21 17:57:49 - [MESSAGE][PASSED] - Object: 'Object Repository/Rental/RentalHeader/RentalContract.Newbuttonline' is clicked on

2017-11-21 17:57:49 - [TEST_STEP][PASSED] - delay: Delayed 5 second(s)

2017-11-21 17:57:54 - [MESSAGE][PASSED] - Delayed 5 second(s)

2017-11-21 17:57:54 - [TEST_STEP][PASSED] - click: Object: 'Object Repository/Rental/RentalHeader/RentalContract.SetLine' is clicked on

2017-11-21 17:57:54 - [MESSAGE][PASSED] - Object: 'Object Repository/Rental/RentalHeader/RentalContract.SetLine' is clicked on

2017-11-21 17:57:54 - [TEST_STEP][PASSED] - delay: Delayed 5 second(s)

2017-11-21 17:57:59 - [MESSAGE][PASSED] - Delayed 5 second(s)

2017-11-21 17:57:59 - [TEST_STEP][PASSED] - scrollToElement: Scroll to object 'Object Repository/Rental/RentalHeader/RentalContract.Unit' successfully

2017-11-21 17:57:59 - [MESSAGE][PASSED] - Scroll to object 'Object Repository/Rental/RentalHeader/RentalContract.Unit' successfully

2017-11-21 17:57:59 - [TEST_STEP][PASSED] - delay: Delayed 3 second(s)

2017-11-21 17:58:02 - [MESSAGE][PASSED] - Delayed 3 second(s)

2017-11-21 17:58:02 - [TEST_STEP][NOT_RUN] - getText: NOT_RUN: getText

2017-11-21 17:58:02 - [MESSAGE][NOT_RUN] - NOT_RUN: getText

2017-11-21 17:58:02 - [TEST_STEP][PASSED] - click: Object: 'Object Repository/Rental/RentalHeader/RentalContract.Unit' is clicked on

2017-11-21 17:58:02 - [MESSAGE][PASSED] - Object: 'Object Repository/Rental/RentalHeader/RentalContract.Unit' is clicked on

2017-11-21 17:58:02 - [TEST_STEP][PASSED] - delay: Delayed 5 second(s)

2017-11-21 17:58:07 - [MESSAGE][PASSED] - Delayed 5 second(s)

2017-11-21 17:58:07 - [TEST_STEP][PASSED] - setText: Text 'MD0018349' is set on object 'Object Repository/Rental/RentalHeader/RentalContract.Unit'

2017-11-21 17:58:08 - [MESSAGE][PASSED] - Text 'MD0018349' is set on object 'Object Repository/Rental/RentalHeader/RentalContract.Unit'

2017-11-21 17:58:08 - [TEST_STEP][PASSED] - delay: Delayed 5 second(s)

2017-11-21 17:58:13 - [MESSAGE][PASSED] - Delayed 5 second(s)

2017-11-21 17:58:13 - [TEST_STEP][PASSED] - scrollToElement: Scroll to object 'Object Repository/Rental/RentalHeader/RentalContract.MultipleInsurence' successfully

2017-11-21 17:58:13 - [MESSAGE][PASSED] - Scroll to object 'Object Repository/Rental/RentalHeader/RentalContract.MultipleInsurence' successfully

2017-11-21 17:58:13 - [TEST_STEP][PASSED] - delay: Delayed 5 second(s)

2017-11-21 17:58:18 - [MESSAGE][PASSED] - Delayed 5 second(s)

2017-11-21 17:58:18 - [TEST_STEP][PASSED] - doubleClick: Object: 'Object Repository/Rental/RentalHeader/RentalContract.MultipleInsurence' is double clicked on

2017-11-21 17:58:18 - [MESSAGE][PASSED] - Object: 'Object Repository/Rental/RentalHeader/RentalContract.MultipleInsurence' is double clicked on

2017-11-21 17:58:18 - [TEST_STEP][PASSED] - delay: Delayed 5 second(s)

2017-11-21 17:58:23 - [MESSAGE][PASSED] - Delayed 5 second(s)

2017-11-21 17:58:23 - [TEST_STEP][PASSED] - click: Object: 'Object Repository/Rental/RentalHeader/RentalContract.MultipleInsurence' is clicked on

2017-11-21 17:58:23 - [MESSAGE][PASSED] - Object: 'Object Repository/Rental/RentalHeader/RentalContract.MultipleInsurence' is clicked on

2017-11-21 17:58:23 - [TEST_STEP][NOT_RUN] - doubleClick: NOT_RUN: doubleClick

2017-11-21 17:58:23 - [MESSAGE][NOT_RUN] - NOT_RUN: doubleClick

2017-11-21 17:58:23 - [TEST_STEP][PASSED] - delay: Delayed 5 second(s)

2017-11-21 17:58:28 - [MESSAGE][PASSED] - Delayed 5 second(s)

2017-11-21 17:58:28 - [TEST_STEP][PASSED] - click: Object: 'Object Repository/Rental/RentalHeader/RentalContract.MultiInsNO' is clicked on

2017-11-21 17:58:29 - [MESSAGE][PASSED] - Object: 'Object Repository/Rental/RentalHeader/RentalContract.MultiInsNO' is clicked on

2017-11-21 17:58:29 - [TEST_STEP][PASSED] - delay: Delayed 5 second(s)

2017-11-21 17:58:34 - [MESSAGE][PASSED] - Delayed 5 second(s)

2017-11-21 17:58:34 - [TEST_STEP][PASSED] - scrollToElement: Scroll to object 'Object Repository/Rental/RentalHeader/RentalContract.GrossRateline' successfully

2017-11-21 17:58:34 - [MESSAGE][PASSED] - Scroll to object 'Object Repository/Rental/RentalHeader/RentalContract.GrossRateline' successfully

2017-11-21 17:58:34 - [TEST_STEP][NOT_RUN] - delay: NOT_RUN: delay

2017-11-21 17:58:34 - [MESSAGE][NOT_RUN] - NOT_RUN: delay

2017-11-21 17:58:34 - [TEST_STEP][PASSED] - doubleClick: Object: 'Object Repository/Rental/RentalHeader/RentalContract.GrossRateline' is double clicked on

2017-11-21 17:58:34 - [MESSAGE][PASSED] - Object: 'Object Repository/Rental/RentalHeader/RentalContract.GrossRateline' is double clicked on

2017-11-21 17:58:34 - [TEST_STEP][PASSED] - delay: Delayed 2 second(s)

2017-11-21 17:58:36 - [MESSAGE][PASSED] - Delayed 2 second(s)

2017-11-21 17:58:36 - [TEST_STEP][PASSED] - click: Object: 'Object Repository/Rental/RentalHeader/RentalContract.GrossRateline' is clicked on

2017-11-21 17:58:36 - [MESSAGE][PASSED] - Object: 'Object Repository/Rental/RentalHeader/RentalContract.GrossRateline' is clicked on

2017-11-21 17:58:36 - [TEST_STEP][PASSED] - delay: Delayed 2 second(s)

2017-11-21 17:58:38 - [MESSAGE][PASSED] - Delayed 2 second(s)

2017-11-21 17:58:38 - [TEST_STEP][PASSED] - setText: Text '100' is set on object 'Object Repository/Rental/RentalHeader/RentalContract.GrossRateline'

2017-11-21 17:58:39 - [MESSAGE][PASSED] - Text '100' is set on object 'Object Repository/Rental/RentalHeader/RentalContract.GrossRateline'

2017-11-21 17:58:39 - [TEST_STEP][PASSED] - delay: Delayed 4 second(s)

2017-11-21 17:58:43 - [MESSAGE][PASSED] - Delayed 4 second(s)

2017-11-21 17:58:43 - [TEST_STEP][PASSED] - click: Object: 'Object Repository/Rental/RentalHeader/RentalContract.SaveHeader' is clicked on

2017-11-21 17:58:43 - [MESSAGE][PASSED] - Object: 'Object Repository/Rental/RentalHeader/RentalContract.SaveHeader' is clicked on

2017-11-21 17:58:43 - [TEST_STEP][PASSED] - delay: Delayed 5 second(s)

2017-11-21 17:58:48 - [MESSAGE][PASSED] - Delayed 5 second(s)

2017-11-21 17:58:48 - [TEST_STEP][PASSED] - click: Object: 'Object Repository/Rental/RentalHeader/RentalContract.Action' is clicked on

2017-11-21 17:58:48 - [MESSAGE][PASSED] - Object: 'Object Repository/Rental/RentalHeader/RentalContract.Action' is clicked on

2017-11-21 17:58:48 - [TEST_STEP][PASSED] - delay: Delayed 8 second(s)

2017-11-21 17:58:56 - [MESSAGE][PASSED] - Delayed 8 second(s)

2017-11-21 17:58:56 - [TEST_STEP][PASSED] - click: Object: 'Object Repository/Rental/RentalHeader/RentalContract.Release' is clicked on

2017-11-21 17:58:57 - [MESSAGE][PASSED] - Object: 'Object Repository/Rental/RentalHeader/RentalContract.Release' is clicked on

2017-11-21 17:58:57 - [TEST_STEP][PASSED] - delay: Delayed 12 second(s)

2017-11-21 17:59:09 - [MESSAGE][PASSED] - Delayed 12 second(s)

2017-11-21 17:59:09 - [TEST_STEP][PASSED] - click: Object: 'Object Repository/Rental/RentalHeader/RentalContract.ActionDelivery' is clicked on

2017-11-21 17:59:09 - [MESSAGE][PASSED] - Object: 'Object Repository/Rental/RentalHeader/RentalContract.ActionDelivery' is clicked on

2017-11-21 17:59:09 - [TEST_STEP][PASSED] - delay: Delayed 6 second(s)

2017-11-21 17:59:15 - [MESSAGE][PASSED] - Delayed 6 second(s)

2017-11-21 17:59:15 - [TEST_STEP][PASSED] - click: Object: 'Object Repository/Rental/RentalHeader/RentalContract.ConfirmDelivery' is clicked on

2017-11-21 17:59:15 - [MESSAGE][PASSED] - Object: 'Object Repository/Rental/RentalHeader/RentalContract.ConfirmDelivery' is clicked on

2017-11-21 17:59:15 - [TEST_STEP][PASSED] - delay: Delayed 8 second(s)

2017-11-21 17:59:23 - [MESSAGE][PASSED] - Delayed 8 second(s)

2017-11-21 17:59:23 - [TEST_STEP][NOT_RUN] - waitForElementPresent: NOT_RUN: waitForElementPresent

2017-11-21 17:59:23 - [MESSAGE][NOT_RUN] - NOT_RUN: waitForElementPresent

2017-11-21 17:59:23 - [TEST_STEP][NOT_RUN] - delay: NOT_RUN: delay

2017-11-21 17:59:23 - [MESSAGE][NOT_RUN] - NOT_RUN: delay

2017-11-21 17:59:23 - [TEST_STEP][PASSED] - click: Object: 'Object Repository/Rental/RentalHeader/RentalContract.DeliveryProceed' is clicked on

2017-11-21 17:59:23 - [MESSAGE][PASSED] - Object: 'Object Repository/Rental/RentalHeader/RentalContract.DeliveryProceed' is clicked on

2017-11-21 17:59:23 - [TEST_STEP][PASSED] - delay: Delayed 12 second(s)

2017-11-21 17:59:35 - [MESSAGE][PASSED] - Delayed 12 second(s)

2017-11-21 17:59:35 - [TEST_STEP][NOT_RUN] - waitForElementPresent: NOT_RUN: waitForElementPresent

2017-11-21 17:59:35 - [MESSAGE][NOT_RUN] - NOT_RUN: waitForElementPresent

2017-11-21 17:59:35 - [TEST_STEP][NOT_RUN] - delay: NOT_RUN: delay

2017-11-21 17:59:35 - [MESSAGE][NOT_RUN] - NOT_RUN: delay

2017-11-21 17:59:35 - [TEST_STEP][NOT_RUN] - click: NOT_RUN: click

2017-11-21 17:59:35 - [MESSAGE][NOT_RUN] - NOT_RUN: click

2017-11-21 17:59:35 - [TEST_STEP][PASSED] - delay: Delayed 8 second(s)

2017-11-21 17:59:43 - [MESSAGE][PASSED] - Delayed 8 second(s)

2017-11-21 17:59:43 - [TEST_STEP][PASSED] - click: Object: 'Object Repository/Rental/RentalHeader/RentalContract.InspetionReportClose' is clicked on

2017-11-21 17:59:44 - [MESSAGE][PASSED] - Object: 'Object Repository/Rental/RentalHeader/RentalContract.InspetionReportClose' is clicked on

2017-11-21 17:59:44 - [TEST_STEP][PASSED] - delay: Delayed 5 second(s)

2017-11-21 17:59:49 - [MESSAGE][PASSED] - Delayed 5 second(s)

2017-11-21 17:59:49 - [TEST_STEP][PASSED] - click: Object: 'Object Repository/Rental/RentalHeader/RentalContract.BillofLaddingClosed' is clicked on

2017-11-21 17:59:49 - [MESSAGE][PASSED] - Object: 'Object Repository/Rental/RentalHeader/RentalContract.BillofLaddingClosed' is clicked on

2017-11-21 17:59:49 - [TEST_STEP][PASSED] - delay: Delayed 5 second(s)

2017-11-21 17:59:54 - [MESSAGE][PASSED] - Delayed 5 second(s)

2017-11-21 17:59:54 - [TEST_STEP][PASSED] - click: Object: 'Object Repository/Rental/RentalHeader/RentalContract.EqipRentalMemoclosed' is clicked on

2017-11-21 17:59:54 - [MESSAGE][PASSED] - Object: 'Object Repository/Rental/RentalHeader/RentalContract.EqipRentalMemoclosed' is clicked on

2017-11-21 17:59:54 - [TEST_STEP][PASSED] - delay: Delayed 5 second(s)

2017-11-21 17:59:59 - [MESSAGE][PASSED] - Delayed 5 second(s)

2017-11-21 17:59:59 - [TEST_STEP][PASSED] - click: Object: 'Object Repository/Rental/RentalHeader/RentalContract.InspectionOrdergnerated' is clicked on

2017-11-21 17:59:59 - [MESSAGE][PASSED] - Object: 'Object Repository/Rental/RentalHeader/RentalContract.InspectionOrdergnerated' is clicked on

2017-11-21 17:59:59 - [MESSAGE][PASSED] - Call Test Case 'Test Cases/Rental/Base_RentalContract/Base_CreateRentalHeader' successfully

2017-11-21 17:59:59 - [TEST_STEP][PASSED] - delay: Delayed 4 second(s)

2017-11-21 18:00:03 - [MESSAGE][PASSED] - Delayed 4 second(s)

2017-11-21 18:00:03 - [TEST_STEP][PASSED] - click: Object: 'Object Repository/Rental/RentalHeader/RentalInvoice/RentalInvoice.InvoicingscheduleTab' is clicked on

2017-11-21 18:00:03 - [MESSAGE][PASSED] - Object: 'Object Repository/Rental/RentalHeader/RentalInvoice/RentalInvoice.InvoicingscheduleTab' is clicked on

2017-11-21 18:00:03 - [TEST_STEP][PASSED] - delay: Delayed 4 second(s)

2017-11-21 18:00:07 - [MESSAGE][PASSED] - Delayed 4 second(s)

2017-11-21 18:00:07 - [TEST_STEP][PASSED] - click: Object: 'Object Repository/Rental/RentalHeader/RentalInvoice/RentalInvoice.Action' is clicked on

2017-11-21 18:00:08 - [MESSAGE][PASSED] - Object: 'Object Repository/Rental/RentalHeader/RentalInvoice/RentalInvoice.Action' is clicked on

2017-11-21 18:00:08 - [TEST_STEP][PASSED] - delay: Delayed 4 second(s)

2017-11-21 18:00:12 - [MESSAGE][PASSED] - Delayed 4 second(s)

2017-11-21 18:00:12 - [TEST_STEP][PASSED] - click: Object: 'Object Repository/Rental/RentalHeader/RentalInvoice/RentalInvoice.ProcessInvoice' is clicked on

2017-11-21 18:00:12 - [MESSAGE][PASSED] - Object: 'Object Repository/Rental/RentalHeader/RentalInvoice/RentalInvoice.ProcessInvoice' is clicked on

2017-11-21 18:00:12 - [TEST_STEP][PASSED] - delay: Delayed 4 second(s)

2017-11-21 18:00:16 - [MESSAGE][PASSED] - Delayed 4 second(s)

2017-11-21 18:00:16 - [TEST_STEP][PASSED] - click: Object: 'Object Repository/Rental/RentalHeader/RentalInvoice/RentalInvoice.ProcessInvoice2' is clicked on

2017-11-21 18:00:16 - [MESSAGE][PASSED] - Object: 'Object Repository/Rental/RentalHeader/RentalInvoice/RentalInvoice.ProcessInvoice2' is clicked on

2017-11-21 18:00:16 - [TEST_STEP][PASSED] - delay: Delayed 0 second(s)

2017-11-21 18:00:16 - [MESSAGE][PASSED] - Delayed 0 second(s)

2017-11-21 18:00:16 - [TEST_STEP][PASSED] - click: Object: 'Object Repository/Rental/RentalHeader/RentalInvoice/RentalInvoice.InvoiceProcessYES' is clicked on

2017-11-21 18:00:17 - [MESSAGE][PASSED] - Object: 'Object Repository/Rental/RentalHeader/RentalInvoice/RentalInvoice.InvoiceProcessYES' is clicked on

2017-11-21 18:00:17 - [TEST_STEP][PASSED] - delay: Delayed 0 second(s)

2017-11-21 18:00:17 - [MESSAGE][PASSED] - Delayed 0 second(s)

2017-11-21 18:00:17 - [TEST_STEP][PASSED] - setText: Text 'PUBL' is set on object 'Object Repository/Rental/RentalHeader/RentalInvoice/ServiceCreditCard.PaymentGateway'

2017-11-21 18:00:18 - [MESSAGE][PASSED] - Text 'PUBL' is set on object 'Object Repository/Rental/RentalHeader/RentalInvoice/ServiceCreditCard.PaymentGateway'

2017-11-21 18:00:18 - [TEST_STEP][NOT_RUN] - sendKeys: NOT_RUN: sendKeys

2017-11-21 18:00:18 - [MESSAGE][NOT_RUN] - NOT_RUN: sendKeys

2017-11-21 18:00:18 - [TEST_STEP][PASSED] - doubleClick: Object: 'Object Repository/Rental/RentalHeader/RentalInvoice/ServiceCreditCard.CardType' is double clicked on

2017-11-21 18:00:18 - [MESSAGE][PASSED] - Object: 'Object Repository/Rental/RentalHeader/RentalInvoice/ServiceCreditCard.CardType' is double clicked on

2017-11-21 18:00:18 - [TEST_STEP][PASSED] - setText: Text 'Visa Card' is set on object 'Object Repository/Rental/RentalHeader/RentalInvoice/ServiceCreditCard.CardType'

2017-11-21 18:00:19 - [MESSAGE][PASSED] - Text 'Visa Card' is set on object 'Object Repository/Rental/RentalHeader/RentalInvoice/ServiceCreditCard.CardType'

2017-11-21 18:00:19 - [TEST_STEP][PASSED] - delay: Delayed 2 second(s)

2017-11-21 18:00:21 - [MESSAGE][PASSED] - Delayed 2 second(s)

2017-11-21 18:00:21 - [TEST_STEP][PASSED] - doubleClick: Object: 'Object Repository/Rental/RentalHeader/RentalInvoice/ServiceCreditCard.Enter CC No' is double clicked on

2017-11-21 18:00:21 - [MESSAGE][PASSED] - Object: 'Object Repository/Rental/RentalHeader/RentalInvoice/ServiceCreditCard.Enter CC No' is double clicked on

2017-11-21 18:00:21 - [TEST_STEP][PASSED] - setText: Text '4012000033330026' is set on object 'Object Repository/Rental/RentalHeader/RentalInvoice/ServiceCreditCard.Enter CC No'

2017-11-21 18:00:21 - [MESSAGE][PASSED] - Text '4012000033330026' is set on object 'Object Repository/Rental/RentalHeader/RentalInvoice/ServiceCreditCard.Enter CC No'

2017-11-21 18:00:21 - [TEST_STEP][PASSED] - delay: Delayed 5 second(s)

2017-11-21 18:00:26 - [MESSAGE][PASSED] - Delayed 5 second(s)

2017-11-21 18:00:26 - [TEST_STEP][PASSED] - click: Object: 'Object Repository/Rental/RentalHeader/RentalInvoice/ServiceCreditCard.CVV2' is clicked on

2017-11-21 18:00:26 - [MESSAGE][PASSED] - Object: 'Object Repository/Rental/RentalHeader/RentalInvoice/ServiceCreditCard.CVV2' is clicked on

2017-11-21 18:00:26 - [TEST_STEP][PASSED] - setText: Text '456' is set on object 'Object Repository/Rental/RentalHeader/RentalInvoice/ServiceCreditCard.CVV2'

2017-11-21 18:00:27 - [MESSAGE][PASSED] - Text '456' is set on object 'Object Repository/Rental/RentalHeader/RentalInvoice/ServiceCreditCard.CVV2'

2017-11-21 18:00:27 - [TEST_STEP][NOT_RUN] - sendKeys: NOT_RUN: sendKeys

2017-11-21 18:00:27 - [MESSAGE][NOT_RUN] - NOT_RUN: sendKeys

2017-11-21 18:00:27 - [TEST_STEP][NOT_RUN] - delay: NOT_RUN: delay

2017-11-21 18:00:27 - [MESSAGE][NOT_RUN] - NOT_RUN: delay

2017-11-21 18:00:27 - [TEST_STEP][PASSED] - delay: Delayed 8 second(s)

2017-11-21 18:00:35 - [MESSAGE][PASSED] - Delayed 8 second(s)

2017-11-21 18:00:35 - [TEST_STEP][PASSED] - setText: Text '09' is set on object 'Object Repository/Rental/RentalHeader/RentalInvoice/ServiceCreditCard.ExpiryMonth'

2017-11-21 18:00:35 - [MESSAGE][PASSED] - Text '09' is set on object 'Object Repository/Rental/RentalHeader/RentalInvoice/ServiceCreditCard.ExpiryMonth'

2017-11-21 18:00:35 - [TEST_STEP][PASSED] - setText: Text '99' is set on object 'Object Repository/Rental/RentalHeader/RentalInvoice/ServiceCreditCard.ExpiryYear'

2017-11-21 18:00:35 - [MESSAGE][PASSED] - Text '99' is set on object 'Object Repository/Rental/RentalHeader/RentalInvoice/ServiceCreditCard.ExpiryYear'

2017-11-21 18:00:35 - [TEST_STEP][NOT_RUN] - click: NOT_RUN: click

2017-11-21 18:00:35 - [MESSAGE][NOT_RUN] - NOT_RUN: click

2017-11-21 18:00:35 - [TEST_STEP][NOT_RUN] - delay: NOT_RUN: delay

2017-11-21 18:00:35 - [MESSAGE][NOT_RUN] - NOT_RUN: delay

2017-11-21 18:00:35 - [TEST_STEP][NOT_RUN] - click: NOT_RUN: click

2017-11-21 18:00:35 - [MESSAGE][NOT_RUN] - NOT_RUN: click

2017-11-21 18:00:35 - [TEST_STEP][NOT_RUN] - delay: NOT_RUN: delay

2017-11-21 18:00:35 - [MESSAGE][NOT_RUN] - NOT_RUN: delay

2017-11-21 18:00:35 - [TEST_STEP][NOT_RUN] - click: NOT_RUN: click

2017-11-21 18:00:35 - [MESSAGE][NOT_RUN] - NOT_RUN: click

2017-11-21 18:00:35 - [TEST_STEP][NOT_RUN] - delay: NOT_RUN: delay

2017-11-21 18:00:35 - [MESSAGE][NOT_RUN] - NOT_RUN: delay

2017-11-21 18:00:35 - [TEST_STEP][NOT_RUN] - click: NOT_RUN: click

2017-11-21 18:00:35 - [MESSAGE][NOT_RUN] - NOT_RUN: click

2017-11-21 18:00:35 - [TEST_STEP][NOT_RUN] - delay: NOT_RUN: delay

2017-11-21 18:00:35 - [MESSAGE][NOT_RUN] - NOT_RUN: delay

2017-11-21 18:00:35 - [TEST_STEP][NOT_RUN] - closeBrowser: NOT_RUN: closeBrowser

2017-11-21 18:00:35 - [MESSAGE][NOT_RUN] - NOT_RUN: closeBrowser

2017-11-21 18:00:35 - [MESSAGE][PASSED] - Call Test Case 'Test Cases/Rental/Base_RentalContract/Base_CreateRentalInvoice_HeaderlineInvoice_SplitTender' successfully

2017-11-21 18:00:35 - [TEST_STEP][FAILED] - callTestCase: Unable to call Test Case with id 'Test Cases/Rental/Base_RentalContract/Base_CreateRentalInvoicewithSpitTenderDetails_SplitTender' (Root cause: Call Test Case 'Test Cases/Rental/Base_RentalContract/Base_CreateRentalInvoicewithSpitTenderDetails_SplitTender' failed)

2017-11-21 18:00:35 - [TEST_CASE][FAILED] - Test Cases/Rental/Base_RentalContract/Base_CreateRentalInvoicewithSpitTenderDetails_SplitTender: Test Cases/Rental/Base_RentalContract/Base_CreateRentalInvoicewithSpitTenderDetails_SplitTender FAILED because (of) Unable to set text '456' of object 'Object Repository/Rental/Rental_SplitTenderDetails/SplitTender.LineCVV' (Root cause: org.openqa.selenium.InvalidElementStateException: Element must be user-editable in order to clear it.
Command duration or timeout: 43 milliseconds
Build info: version: 'unknown', revision: 'unknown', time: 'unknown'
System info: host: 'ANIL110', ip: '192.168.25.228', os.name: 'Windows 7', os.arch: 'amd64', os.version: '6.1', java.version: '1.8.0_102'
Driver info: com.kms.katalon.core.webui.driver.firefox.CFirefoxDriver47
Capabilities [{applicationCacheEnabled=true, rotatable=false, handlesAlerts=true, databaseEnabled=true, version=56.0, platform=WINDOWS, nativeEvents=false, acceptSslCerts=true, webStorageEnabled=true, locationContextEnabled=true, browserName=firefox, takesScreenshot=true, javascriptEnabled=true, cssSelectorsEnabled=true}]
Session ID: fec0ed54-3488-476b-b2bd-aedc8d5c9561)

2017-11-21 18:00:36 - [TEST_STEP][PASSED] - delay: Delayed 5 second(s)

2017-11-21 18:00:41 - [MESSAGE][PASSED] - Delayed 5 second(s)

2017-11-21 18:00:41 - [TEST_STEP][PASSED] - doubleClick: Object: 'Object Repository/Rental/Rental_SplitTenderDetails/SplitTenderDetails' is double clicked on

2017-11-21 18:00:41 - [MESSAGE][PASSED] - Object: 'Object Repository/Rental/Rental_SplitTenderDetails/SplitTenderDetails' is double clicked on

2017-11-21 18:00:41 - [TEST_STEP][PASSED] - click: Object: 'Object Repository/Rental/Rental_SplitTenderDetails/SplitTenderDetails.Yes' is clicked on

2017-11-21 18:00:41 - [MESSAGE][PASSED] - Object: 'Object Repository/Rental/Rental_SplitTenderDetails/SplitTenderDetails.Yes' is clicked on

2017-11-21 18:00:41 - [TEST_STEP][PASSED] - delay: Delayed 3 second(s)

2017-11-21 18:00:44 - [MESSAGE][PASSED] - Delayed 3 second(s)

2017-11-21 18:00:44 - [TEST_STEP][PASSED] - click: Object: 'Object Repository/Rental/Rental_SplitTenderDetails/SplitTender.LineSession' is clicked on

2017-11-21 18:00:45 - [MESSAGE][PASSED] - Object: 'Object Repository/Rental/Rental_SplitTenderDetails/SplitTender.LineSession' is clicked on

2017-11-21 18:00:45 - [TEST_STEP][PASSED] - delay: Delayed 2 second(s)

2017-11-21 18:00:47 - [MESSAGE][PASSED] - Delayed 2 second(s)

2017-11-21 18:00:47 - [TEST_STEP][PASSED] - Statement - G_OrderAmt = com.kms.katalon.core.webui.keyword.WebUiBuiltInKeywords.getText(com.kms.katalon.core.testobject.ObjectRepository.findTestObject(Rental/Rental_SplitTenderDetails/SplitTender.OrderAmtHeader), CONTINUE_ON_FAILURE): Text of object 'Object Repository/Rental/Rental_SplitTenderDetails/SplitTender.OrderAmtHeader' is: '110.00'

2017-11-21 18:00:47 - [MESSAGE][PASSED] - Text of object 'Object Repository/Rental/Rental_SplitTenderDetails/SplitTender.OrderAmtHeader' is: '110.00'

2017-11-21 18:00:47 - [TEST_STEP][PASSED] - Statement - G_SplitOrderAmt2 = G_OrderAmt - 2: null

2017-11-21 18:00:47 - [TEST_STEP][PASSED] - comment: ***********************Line1 started***********************

2017-11-21 18:00:47 - [TEST_STEP][PASSED] - click: Object: 'Object Repository/Rental/Rental_SplitTenderDetails/SplitTender.NewButton' is clicked on

2017-11-21 18:00:47 - [MESSAGE][PASSED] - Object: 'Object Repository/Rental/Rental_SplitTenderDetails/SplitTender.NewButton' is clicked on

2017-11-21 18:00:47 - [TEST_STEP][PASSED] - delay: Delayed 2 second(s)

2017-11-21 18:00:49 - [MESSAGE][PASSED] - Delayed 2 second(s)

2017-11-21 18:00:49 - [TEST_STEP][PASSED] - doubleClick: Object: 'Object Repository/Rental/Rental_SplitTenderDetails/SplitTender.ModeofPayment' is double clicked on

2017-11-21 18:00:50 - [MESSAGE][PASSED] - Object: 'Object Repository/Rental/Rental_SplitTenderDetails/SplitTender.ModeofPayment' is double clicked on

2017-11-21 18:00:50 - [TEST_STEP][PASSED] - click: Object: 'Object Repository/Rental/Rental_SplitTenderDetails/SplitTender.ModeOfPaymentCreditCard1' is clicked on

2017-11-21 18:00:50 - [MESSAGE][PASSED] - Object: 'Object Repository/Rental/Rental_SplitTenderDetails/SplitTender.ModeOfPaymentCreditCard1' is clicked on

2017-11-21 18:00:50 - [TEST_STEP][PASSED] - click: Object: 'Object Repository/Rental/Rental_SplitTenderDetails/SplitTender.LineCCNo' is clicked on

2017-11-21 18:00:50 - [MESSAGE][PASSED] - Object: 'Object Repository/Rental/Rental_SplitTenderDetails/SplitTender.LineCCNo' is clicked on

2017-11-21 18:00:50 - [TEST_STEP][PASSED] - delay: Delayed 2 second(s)

2017-11-21 18:00:52 - [MESSAGE][PASSED] - Delayed 2 second(s)

2017-11-21 18:00:52 - [TEST_STEP][PASSED] - setText: Text '4012000033330026' is set on object 'Object Repository/Rental/Rental_SplitTenderDetails/SplitTender.LineCCNo'

2017-11-21 18:00:53 - [MESSAGE][PASSED] - Text '4012000033330026' is set on object 'Object Repository/Rental/Rental_SplitTenderDetails/SplitTender.LineCCNo'

2017-11-21 18:00:53 - [TEST_STEP][PASSED] - delay: Delayed 5 second(s)

2017-11-21 18:00:58 - [MESSAGE][PASSED] - Delayed 5 second(s)

2017-11-21 18:00:58 - [TEST_STEP][PASSED] - click: Object: 'Object Repository/Rental/Rental_SplitTenderDetails/SplitTender.LineCVV' is clicked on

2017-11-21 18:00:58 - [MESSAGE][PASSED] - Object: 'Object Repository/Rental/Rental_SplitTenderDetails/SplitTender.LineCVV' is clicked on

2017-11-21 18:00:58 - [TEST_STEP][FAILED] - setText: Unable to set text '456' of object 'Object Repository/Rental/Rental_SplitTenderDetails/SplitTender.LineCVV' (Root cause: org.openqa.selenium.InvalidElementStateException: Element must be user-editable in order to clear it.
Command duration or timeout: 43 milliseconds
Build info: version: 'unknown', revision: 'unknown', time: 'unknown'
System info: host: 'ANIL110', ip: '192.168.25.228', os.name: 'Windows 7', os.arch: 'amd64', os.version: '6.1', java.version: '1.8.0_102'
Driver info: com.kms.katalon.core.webui.driver.firefox.CFirefoxDriver47
Capabilities [{applicationCacheEnabled=true, rotatable=false, handlesAlerts=true, databaseEnabled=true, version=56.0, platform=WINDOWS, nativeEvents=false, acceptSslCerts=true, webStorageEnabled=true, locationContextEnabled=true, browserName=firefox, takesScreenshot=true, javascriptEnabled=true, cssSelectorsEnabled=true}]
Session ID: fec0ed54-3488-476b-b2bd-aedc8d5c9561)

2017-11-21 18:00:58 - [MESSAGE][FAILED] - Unable to set text '456' of object 'Object Repository/Rental/Rental_SplitTenderDetails/SplitTender.LineCVV' (Root cause: org.openqa.selenium.InvalidElementStateException: Element must be user-editable in order to clear it.
Command duration or timeout: 43 milliseconds
Build info: version: 'unknown', revision: 'unknown', time: 'unknown'
System info: host: 'ANIL110', ip: '192.168.25.228', os.name: 'Windows 7', os.arch: 'amd64', os.version: '6.1', java.version: '1.8.0_102'
Driver info: com.kms.katalon.core.webui.driver.firefox.CFirefoxDriver47
Capabilities [{applicationCacheEnabled=true, rotatable=false, handlesAlerts=true, databaseEnabled=true, version=56.0, platform=WINDOWS, nativeEvents=false, acceptSslCerts=true, webStorageEnabled=true, locationContextEnabled=true, browserName=firefox, takesScreenshot=true, javascriptEnabled=true, cssSelectorsEnabled=true}]
Session ID: fec0ed54-3488-476b-b2bd-aedc8d5c9561)
[[ATTACHMENT|C:\\Users\\agawhande\\git\\CreditCard\\Reports\\CC_RentalInvoicewithSplitTenderTestSuite\\20171121_175531\\1511267458702.png]]

2017-11-21 18:00:58 - [TEST_STEP][PASSED] - delay: Delayed 5 second(s)

2017-11-21 18:01:03 - [MESSAGE][PASSED] - Delayed 5 second(s)

2017-11-21 18:01:03 - [TEST_STEP][PASSED] - scrollToElement: Scroll to object 'Object Repository/Rental/Rental_SplitTenderDetails/SplitTender.LineOrderAmount1' successfully

2017-11-21 18:01:04 - [MESSAGE][PASSED] - Scroll to object 'Object Repository/Rental/Rental_SplitTenderDetails/SplitTender.LineOrderAmount1' successfully

2017-11-21 18:01:04 - [TEST_STEP][PASSED] - delay: Delayed 5 second(s)

2017-11-21 18:01:09 - [MESSAGE][PASSED] - Delayed 5 second(s)

2017-11-21 18:01:09 - [TEST_STEP][PASSED] - click: Object: 'Object Repository/Rental/Rental_SplitTenderDetails/SplitTender.LineOrderAmount1' is clicked on

2017-11-21 18:01:09 - [MESSAGE][PASSED] - Object: 'Object Repository/Rental/Rental_SplitTenderDetails/SplitTender.LineOrderAmount1' is clicked on

2017-11-21 18:01:09 - [TEST_STEP][PASSED] - delay: Delayed 3 second(s)

2017-11-21 18:01:12 - [MESSAGE][PASSED] - Delayed 3 second(s)

2017-11-21 18:01:12 - [TEST_STEP][PASSED] - setText: Text '1.00' is set on object 'Object Repository/Rental/Rental_SplitTenderDetails/SplitTender.LineOrderAmount1'

2017-11-21 18:01:12 - [MESSAGE][PASSED] - Text '1.00' is set on object 'Object Repository/Rental/Rental_SplitTenderDetails/SplitTender.LineOrderAmount1'

2017-11-21 18:01:12 - [TEST_STEP][PASSED] - delay: Delayed 2 second(s)

2017-11-21 18:01:14 - [MESSAGE][PASSED] - Delayed 2 second(s)

2017-11-21 18:01:14 - [TEST_STEP][PASSED] - comment: ***********************Line2 started***********************

2017-11-21 18:01:14 - [TEST_STEP][PASSED] - click: Object: 'Object Repository/Rental/Rental_SplitTenderDetails/SplitTender.NewButton' is clicked on

2017-11-21 18:01:15 - [MESSAGE][PASSED] - Object: 'Object Repository/Rental/Rental_SplitTenderDetails/SplitTender.NewButton' is clicked on

2017-11-21 18:01:15 - [TEST_STEP][PASSED] - delay: Delayed 2 second(s)

2017-11-21 18:01:17 - [MESSAGE][PASSED] - Delayed 2 second(s)

2017-11-21 18:01:17 - [TEST_STEP][PASSED] - doubleClick: Object: 'Object Repository/Rental/Rental_SplitTenderDetails/SplitTender.ModeofPayment1' is double clicked on

2017-11-21 18:01:17 - [MESSAGE][PASSED] - Object: 'Object Repository/Rental/Rental_SplitTenderDetails/SplitTender.ModeofPayment1' is double clicked on

2017-11-21 18:01:17 - [TEST_STEP][PASSED] - click: Object: 'Object Repository/Rental/Rental_SplitTenderDetails/SplitTender.ModeOfPaymentCreditCard2' is clicked on

2017-11-21 18:01:17 - [MESSAGE][PASSED] - Object: 'Object Repository/Rental/Rental_SplitTenderDetails/SplitTender.ModeOfPaymentCreditCard2' is clicked on

2017-11-21 18:01:17 - [TEST_STEP][PASSED] - delay: Delayed 3 second(s)

2017-11-21 18:01:20 - [MESSAGE][PASSED] - Delayed 3 second(s)

2017-11-21 18:01:20 - [TEST_STEP][PASSED] - click: Object: 'Object Repository/Rental/Rental_SplitTenderDetails/SplitTender.Line2CCNo' is clicked on

2017-11-21 18:01:20 - [MESSAGE][PASSED] - Object: 'Object Repository/Rental/Rental_SplitTenderDetails/SplitTender.Line2CCNo' is clicked on

2017-11-21 18:01:20 - [TEST_STEP][PASSED] - delay: Delayed 2 second(s)

2017-11-21 18:01:22 - [MESSAGE][PASSED] - Delayed 2 second(s)

2017-11-21 18:01:22 - [TEST_STEP][PASSED] - setText: Text '4111123400062020' is set on object 'Object Repository/Rental/Rental_SplitTenderDetails/SplitTender.Line2CCNo'

2017-11-21 18:01:23 - [MESSAGE][PASSED] - Text '4111123400062020' is set on object 'Object Repository/Rental/Rental_SplitTenderDetails/SplitTender.Line2CCNo'

2017-11-21 18:01:23 - [TEST_STEP][PASSED] - delay: Delayed 2 second(s)

2017-11-21 18:01:25 - [MESSAGE][PASSED] - Delayed 2 second(s)

2017-11-21 18:01:25 - [TEST_STEP][PASSED] - click: Object: 'Object Repository/Rental/Rental_SplitTenderDetails/SplitTender.Line2CVV' is clicked on

2017-11-21 18:01:25 - [MESSAGE][PASSED] - Object: 'Object Repository/Rental/Rental_SplitTenderDetails/SplitTender.Line2CVV' is clicked on

2017-11-21 18:01:25 - [TEST_STEP][PASSED] - delay: Delayed 3 second(s)

2017-11-21 18:01:28 - [MESSAGE][PASSED] - Delayed 3 second(s)

2017-11-21 18:01:28 - [TEST_STEP][PASSED] - setText: Text '456' is set on object 'Object Repository/Rental/Rental_SplitTenderDetails/SplitTender.Line2CVV'

2017-11-21 18:01:28 - [MESSAGE][PASSED] - Text '456' is set on object 'Object Repository/Rental/Rental_SplitTenderDetails/SplitTender.Line2CVV'

2017-11-21 18:01:28 - [TEST_STEP][PASSED] - delay: Delayed 3 second(s)

2017-11-21 18:01:31 - [MESSAGE][PASSED] - Delayed 3 second(s)

2017-11-21 18:01:31 - [TEST_STEP][PASSED] - click: Object: 'Object Repository/Rental/Rental_SplitTenderDetails/SplitTender.CardTypeLine2' is clicked on

2017-11-21 18:01:32 - [MESSAGE][PASSED] - Object: 'Object Repository/Rental/Rental_SplitTenderDetails/SplitTender.CardTypeLine2' is clicked on

2017-11-21 18:01:32 - [TEST_STEP][PASSED] - delay: Delayed 5 second(s)

2017-11-21 18:01:37 - [MESSAGE][PASSED] - Delayed 5 second(s)

2017-11-21 18:01:37 - [TEST_STEP][PASSED] - sendKeys: Keys 'Visa' sent to object: 'Object Repository/Rental/Rental_SplitTenderDetails/SplitTender.CardTypeLine2'

2017-11-21 18:01:37 - [MESSAGE][PASSED] - Keys 'Visa' sent to object: 'Object Repository/Rental/Rental_SplitTenderDetails/SplitTender.CardTypeLine2'

2017-11-21 18:01:37 - [TEST_STEP][PASSED] - delay: Delayed 5 second(s)

2017-11-21 18:01:42 - [MESSAGE][PASSED] - Delayed 5 second(s)

2017-11-21 18:01:42 - [TEST_STEP][PASSED] - click: Object: 'Object Repository/Rental/Rental_SplitTenderDetails/SplitTender.ExpiryMonthLine2' is clicked on

2017-11-21 18:01:42 - [MESSAGE][PASSED] - Object: 'Object Repository/Rental/Rental_SplitTenderDetails/SplitTender.ExpiryMonthLine2' is clicked on

2017-11-21 18:01:42 - [TEST_STEP][PASSED] - delay: Delayed 3 second(s)

2017-11-21 18:01:45 - [MESSAGE][PASSED] - Delayed 3 second(s)

2017-11-21 18:01:45 - [TEST_STEP][PASSED] - setText: Text '09' is set on object 'Object Repository/Rental/Rental_SplitTenderDetails/SplitTender.ExpiryMonthLine2'

2017-11-21 18:01:45 - [MESSAGE][PASSED] - Text '09' is set on object 'Object Repository/Rental/Rental_SplitTenderDetails/SplitTender.ExpiryMonthLine2'

2017-11-21 18:01:45 - [TEST_STEP][PASSED] - delay: Delayed 2 second(s)

2017-11-21 18:01:47 - [MESSAGE][PASSED] - Delayed 2 second(s)

2017-11-21 18:01:47 - [TEST_STEP][PASSED] - click: Object: 'Object Repository/Rental/Rental_SplitTenderDetails/SplitTender.ExpiryYearLine2' is clicked on

2017-11-21 18:01:48 - [MESSAGE][PASSED] - Object: 'Object Repository/Rental/Rental_SplitTenderDetails/SplitTender.ExpiryYearLine2' is clicked on

2017-11-21 18:01:48 - [TEST_STEP][PASSED] - delay: Delayed 2 second(s)

2017-11-21 18:01:50 - [MESSAGE][PASSED] - Delayed 2 second(s)

2017-11-21 18:01:50 - [TEST_STEP][PASSED] - setText: Text '99' is set on object 'Object Repository/Rental/Rental_SplitTenderDetails/SplitTender.ExpiryYearLine2'

2017-11-21 18:01:50 - [MESSAGE][PASSED] - Text '99' is set on object 'Object Repository/Rental/Rental_SplitTenderDetails/SplitTender.ExpiryYearLine2'

2017-11-21 18:01:50 - [TEST_STEP][PASSED] - delay: Delayed 3 second(s)

2017-11-21 18:01:53 - [MESSAGE][PASSED] - Delayed 3 second(s)

2017-11-21 18:01:53 - [TEST_STEP][PASSED] - scrollToElement: Scroll to object 'Object Repository/Rental/Rental_SplitTenderDetails/SplitTender.LineOrderAmount2' successfully

2017-11-21 18:01:53 - [MESSAGE][PASSED] - Scroll to object 'Object Repository/Rental/Rental_SplitTenderDetails/SplitTender.LineOrderAmount2' successfully

2017-11-21 18:01:53 - [TEST_STEP][PASSED] - delay: Delayed 2 second(s)

2017-11-21 18:01:55 - [MESSAGE][PASSED] - Delayed 2 second(s)

2017-11-21 18:01:55 - [TEST_STEP][PASSED] - click: Object: 'Object Repository/Rental/Rental_SplitTenderDetails/SplitTender.LineOrderAmount2' is clicked on

2017-11-21 18:01:55 - [MESSAGE][PASSED] - Object: 'Object Repository/Rental/Rental_SplitTenderDetails/SplitTender.LineOrderAmount2' is clicked on

2017-11-21 18:01:55 - [TEST_STEP][PASSED] - delay: Delayed 2 second(s)

2017-11-21 18:01:57 - [MESSAGE][PASSED] - Delayed 2 second(s)

2017-11-21 18:01:57 - [TEST_STEP][PASSED] - setText: Text '1.00' is set on object 'Object Repository/Rental/Rental_SplitTenderDetails/SplitTender.LineOrderAmount2'

2017-11-21 18:01:58 - [MESSAGE][PASSED] - Text '1.00' is set on object 'Object Repository/Rental/Rental_SplitTenderDetails/SplitTender.LineOrderAmount2'

2017-11-21 18:01:58 - [TEST_STEP][PASSED] - delay: Delayed 2 second(s)

2017-11-21 18:02:00 - [MESSAGE][PASSED] - Delayed 2 second(s)

2017-11-21 18:02:00 - [TEST_STEP][PASSED] - comment: ***********************Line3 started***********************

2017-11-21 18:02:00 - [TEST_STEP][PASSED] - click: Object: 'Object Repository/Rental/Rental_SplitTenderDetails/SplitTender.NewButton' is clicked on

2017-11-21 18:02:00 - [MESSAGE][PASSED] - Object: 'Object Repository/Rental/Rental_SplitTenderDetails/SplitTender.NewButton' is clicked on

2017-11-21 18:02:00 - [TEST_STEP][PASSED] - delay: Delayed 3 second(s)

2017-11-21 18:02:03 - [MESSAGE][PASSED] - Delayed 3 second(s)

2017-11-21 18:02:03 - [TEST_STEP][PASSED] - doubleClick: Object: 'Object Repository/Rental/Rental_SplitTenderDetails/SplitTender.ModeofPayment2' is double clicked on

2017-11-21 18:02:03 - [MESSAGE][PASSED] - Object: 'Object Repository/Rental/Rental_SplitTenderDetails/SplitTender.ModeofPayment2' is double clicked on

2017-11-21 18:02:03 - [TEST_STEP][PASSED] - delay: Delayed 5 second(s)

2017-11-21 18:02:08 - [MESSAGE][PASSED] - Delayed 5 second(s)

2017-11-21 18:02:08 - [TEST_STEP][NOT_RUN] - click: NOT_RUN: click

2017-11-21 18:02:08 - [MESSAGE][NOT_RUN] - NOT_RUN: click

2017-11-21 18:02:08 - [TEST_STEP][PASSED] - click: Object: 'Object Repository/Rental/Rental_SplitTenderDetails/SplitTender.ModeOfPaymentCash' is clicked on

2017-11-21 18:02:09 - [MESSAGE][PASSED] - Object: 'Object Repository/Rental/Rental_SplitTenderDetails/SplitTender.ModeOfPaymentCash' is clicked on

2017-11-21 18:02:09 - [TEST_STEP][PASSED] - delay: Delayed 10 second(s)

2017-11-21 18:02:19 - [MESSAGE][PASSED] - Delayed 10 second(s)

2017-11-21 18:02:19 - [TEST_STEP][NOT_RUN] - scrollToElement: NOT_RUN: scrollToElement

2017-11-21 18:02:19 - [MESSAGE][NOT_RUN] - NOT_RUN: scrollToElement

2017-11-21 18:02:19 - [TEST_STEP][PASSED] - click: Object: 'Object Repository/Rental/Rental_SplitTenderDetails/SplitTender.LineOrderAmount3' is clicked on

2017-11-21 18:02:19 - [MESSAGE][PASSED] - Object: 'Object Repository/Rental/Rental_SplitTenderDetails/SplitTender.LineOrderAmount3' is clicked on

2017-11-21 18:02:19 - [TEST_STEP][PASSED] - delay: Delayed 2 second(s)

2017-11-21 18:02:21 - [MESSAGE][PASSED] - Delayed 2 second(s)

2017-11-21 18:02:21 - [TEST_STEP][PASSED] - setText: Text '108.0' is set on object 'Object Repository/Rental/Rental_SplitTenderDetails/SplitTender.LineOrderAmount3'

2017-11-21 18:02:22 - [MESSAGE][PASSED] - Text '108.0' is set on object 'Object Repository/Rental/Rental_SplitTenderDetails/SplitTender.LineOrderAmount3'

2017-11-21 18:02:22 - [TEST_STEP][NOT_RUN] - delay: NOT_RUN: delay

2017-11-21 18:02:22 - [MESSAGE][NOT_RUN] - NOT_RUN: delay

2017-11-21 18:02:22 - [TEST_STEP][NOT_RUN] - click: NOT_RUN: click

2017-11-21 18:02:22 - [MESSAGE][NOT_RUN] - NOT_RUN: click

2017-11-21 18:02:22 - [TEST_STEP][PASSED] - delay: Delayed 5 second(s)

2017-11-21 18:02:27 - [MESSAGE][PASSED] - Delayed 5 second(s)

2017-11-21 18:02:27 - [TEST_STEP][PASSED] - click: Object: 'Object Repository/Rental/Rental_SplitTenderDetails/SplitTender.Action' is clicked on

2017-11-21 18:02:27 - [MESSAGE][PASSED] - Object: 'Object Repository/Rental/Rental_SplitTenderDetails/SplitTender.Action' is clicked on

2017-11-21 18:02:27 - [TEST_STEP][PASSED] - delay: Delayed 2 second(s)

2017-11-21 18:02:29 - [MESSAGE][PASSED] - Delayed 2 second(s)

2017-11-21 18:02:29 - [TEST_STEP][PASSED] - click: Object: 'Object Repository/Rental/Rental_SplitTenderDetails/SplitTender.ApplyTax' is clicked on

2017-11-21 18:02:29 - [MESSAGE][PASSED] - Object: 'Object Repository/Rental/Rental_SplitTenderDetails/SplitTender.ApplyTax' is clicked on

2017-11-21 18:02:29 - [TEST_STEP][PASSED] - delay: Delayed 2 second(s)

2017-11-21 18:02:31 - [MESSAGE][PASSED] - Delayed 2 second(s)

2017-11-21 18:02:31 - [TEST_STEP][PASSED] - Statement - G_SplitInvoiceAmt1 = com.kms.katalon.core.webui.keyword.WebUiBuiltInKeywords.getText(com.kms.katalon.core.testobject.ObjectRepository.findTestObject(Rental/Rental_SplitTenderDetails/SplitTender.InvoiceAmt1)): Text of object 'Object Repository/Rental/Rental_SplitTenderDetails/SplitTender.InvoiceAmt1' is: '1.00'

2017-11-21 18:02:31 - [MESSAGE][PASSED] - Text of object 'Object Repository/Rental/Rental_SplitTenderDetails/SplitTender.InvoiceAmt1' is: '1.00'

2017-11-21 18:02:31 - [TEST_STEP][PASSED] - Statement - G_SplitInvoiceAmt2 = com.kms.katalon.core.webui.keyword.WebUiBuiltInKeywords.getText(com.kms.katalon.core.testobject.ObjectRepository.findTestObject(Rental/Rental_SplitTenderDetails/SplitTender.InvoiceAmt2)): Text of object 'Object Repository/Rental/Rental_SplitTenderDetails/SplitTender.InvoiceAmt2' is: '108.00'

2017-11-21 18:02:31 - [MESSAGE][PASSED] - Text of object 'Object Repository/Rental/Rental_SplitTenderDetails/SplitTender.InvoiceAmt2' is: '108.00'

2017-11-21 18:02:31 - [TEST_STEP][PASSED] - click: Object: 'Object Repository/Rental/Rental_SplitTenderDetails/SplitTender.SaveClose' is clicked on

2017-11-21 18:02:32 - [MESSAGE][PASSED] - Object: 'Object Repository/Rental/Rental_SplitTenderDetails/SplitTender.SaveClose' is clicked on

2017-11-21 18:02:32 - [TEST_STEP][PASSED] - delay: Delayed 2 second(s)

2017-11-21 18:02:34 - [MESSAGE][PASSED] - Delayed 2 second(s)

2017-11-21 18:02:34 - [TEST_STEP][PASSED] - click: Object: 'Object Repository/Rental/Rental_SplitTenderDetails/SplitTender.CCProcess' is clicked on

2017-11-21 18:02:34 - [MESSAGE][PASSED] - Object: 'Object Repository/Rental/Rental_SplitTenderDetails/SplitTender.CCProcess' is clicked on

2017-11-21 18:02:34 - [TEST_STEP][PASSED] - delay: Delayed 13 second(s)

2017-11-21 18:02:47 - [MESSAGE][PASSED] - Delayed 13 second(s)

2017-11-21 18:02:47 - [TEST_STEP][PASSED] - click: Object: 'Object Repository/Rental/Rental_SplitTenderDetails/SplitTender.PrintDevice' is clicked on

2017-11-21 18:02:57 - [MESSAGE][PASSED] - Object: 'Object Repository/Rental/Rental_SplitTenderDetails/SplitTender.PrintDevice' is clicked on

2017-11-21 18:02:57 - [TEST_STEP][PASSED] - delay: Delayed 10 second(s)

2017-11-21 18:03:07 - [MESSAGE][PASSED] - Delayed 10 second(s)

2017-11-21 18:03:07 - [TEST_STEP][PASSED] - click: Object: 'Object Repository/Rental/Rental_SplitTenderDetails/SplitTender.PrintOK' is clicked on

2017-11-21 18:03:07 - [MESSAGE][PASSED] - Object: 'Object Repository/Rental/Rental_SplitTenderDetails/SplitTender.PrintOK' is clicked on

2017-11-21 18:03:07 - [TEST_STEP][PASSED] - delay: Delayed 5 second(s)

2017-11-21 18:03:12 - [MESSAGE][PASSED] - Delayed 5 second(s)

2017-11-21 18:03:12 - [TEST_STEP][PASSED] - click: Object: 'Object Repository/Rental/Rental_SplitTenderDetails/SplitTender.CloseRentalInvocieSession' is clicked on

2017-11-21 18:03:12 - [MESSAGE][PASSED] - Object: 'Object Repository/Rental/Rental_SplitTenderDetails/SplitTender.CloseRentalInvocieSession' is clicked on

2017-11-21 18:03:12 - [TEST_STEP][PASSED] - delay: Delayed 5 second(s)

2017-11-21 18:03:17 - [MESSAGE][PASSED] - Delayed 5 second(s)

2017-11-21 18:03:17 - [TEST_STEP][PASSED] - closeBrowser: Browser is closed

2017-11-21 18:03:18 - [MESSAGE][PASSED] - Browser is closed

2017-11-21 18:03:18 - [MESSAGE][FAILED] - Unable to call Test Case with id 'Test Cases/Rental/Base_RentalContract/Base_CreateRentalInvoicewithSpitTenderDetails_SplitTender' (Root cause: Call Test Case 'Test Cases/Rental/Base_RentalContract/Base_CreateRentalInvoicewithSpitTenderDetails_SplitTender' failed)]]></system-out>
         <system-err><![CDATA[2017-11-21 17:55:39 - [TEST_CASE][FAILED] - Test Cases/Rental/Base_RentalContract/CreditCardRegression/TC004_RentalContractInvoice_SplitTender: Test Cases/Rental/Base_RentalContract/CreditCardRegression/TC004_RentalContractInvoice_SplitTender FAILED because (of) Unable to set text '456' of object 'Object Repository/Rental/Rental_SplitTenderDetails/SplitTender.LineCVV' (Root cause: org.openqa.selenium.InvalidElementStateException: Element must be user-editable in order to clear it.
Command duration or timeout: 43 milliseconds
Build info: version: 'unknown', revision: 'unknown', time: 'unknown'
System info: host: 'ANIL110', ip: '192.168.25.228', os.name: 'Windows 7', os.arch: 'amd64', os.version: '6.1', java.version: '1.8.0_102'
Driver info: com.kms.katalon.core.webui.driver.firefox.CFirefoxDriver47
Capabilities [{applicationCacheEnabled=true, rotatable=false, handlesAlerts=true, databaseEnabled=true, version=56.0, platform=WINDOWS, nativeEvents=false, acceptSslCerts=true, webStorageEnabled=true, locationContextEnabled=true, browserName=firefox, takesScreenshot=true, javascriptEnabled=true, cssSelectorsEnabled=true}]
Session ID: fec0ed54-3488-476b-b2bd-aedc8d5c9561)]]></system-err>
      </testcase>
      <system-out><![CDATA[2017-11-21 17:55:39 - [TEST_SUITE][FAILED] - CC_RentalInvoicewithSplitTenderTestSuite: Test Cases/Rental/Base_RentalContract/CreditCardRegression/TC004_RentalContractInvoice_SplitTender FAILED because (of) Unable to set text '456' of object 'Object Repository/Rental/Rental_SplitTenderDetails/SplitTender.LineCVV' (Root cause: org.openqa.selenium.InvalidElementStateException: Element must be user-editable in order to clear it.
Command duration or timeout: 43 milliseconds
Build info: version: 'unknown', revision: 'unknown', time: 'unknown'
System info: host: 'ANIL110', ip: '192.168.25.228', os.name: 'Windows 7', os.arch: 'amd64', os.version: '6.1', java.version: '1.8.0_102'
Driver info: com.kms.katalon.core.webui.driver.firefox.CFirefoxDriver47
Capabilities [{applicationCacheEnabled=true, rotatable=false, handlesAlerts=true, databaseEnabled=true, version=56.0, platform=WINDOWS, nativeEvents=false, acceptSslCerts=true, webStorageEnabled=true, locationContextEnabled=true, browserName=firefox, takesScreenshot=true, javascriptEnabled=true, cssSelectorsEnabled=true}]
Session ID: fec0ed54-3488-476b-b2bd-aedc8d5c9561)]]></system-out>
      <system-err><![CDATA[2017-11-21 17:55:39 - [TEST_SUITE][FAILED] - CC_RentalInvoicewithSplitTenderTestSuite: Test Cases/Rental/Base_RentalContract/CreditCardRegression/TC004_RentalContractInvoice_SplitTender FAILED because (of) Unable to set text '456' of object 'Object Repository/Rental/Rental_SplitTenderDetails/SplitTender.LineCVV' (Root cause: org.openqa.selenium.InvalidElementStateException: Element must be user-editable in order to clear it.
Command duration or timeout: 43 milliseconds
Build info: version: 'unknown', revision: 'unknown', time: 'unknown'
System info: host: 'ANIL110', ip: '192.168.25.228', os.name: 'Windows 7', os.arch: 'amd64', os.version: '6.1', java.version: '1.8.0_102'
Driver info: com.kms.katalon.core.webui.driver.firefox.CFirefoxDriver47
Capabilities [{applicationCacheEnabled=true, rotatable=false, handlesAlerts=true, databaseEnabled=true, version=56.0, platform=WINDOWS, nativeEvents=false, acceptSslCerts=true, webStorageEnabled=true, locationContextEnabled=true, browserName=firefox, takesScreenshot=true, javascriptEnabled=true, cssSelectorsEnabled=true}]
Session ID: fec0ed54-3488-476b-b2bd-aedc8d5c9561)]]></system-err>
   </testsuite>
</testsuites>
