<?xml version="1.0" encoding="UTF-8"?>
<testsuites name="CC_EquipmentTestSuite" time="1343" tests="2" failures="1" errors="0">
   <testsuite name="CC_EquipmentTestSuite" tests="2" failures="1" errors="0" time="1343" timestamp="2017-12-06 12:44:50" hostname="rgajbhiye - EET-RG.e-emphasys.com" id="Test Suites/Proxima/CC_EquipmentTestSuite">
      <properties>
         <property name="deviceName" value=""/>
         <property name="devicePlatform" value=""/>
         <property name="logFolder" value="C:\\Users\\rgajbhiye\\git\\CreditCard\\Reports\\Proxima\\CC_EquipmentTestSuite\\20171206_124443"/>
         <property name="logFiles" value="C:\\Users\\rgajbhiye\\git\\CreditCard\\Reports\\Proxima\\CC_EquipmentTestSuite\\20171206_124443\\execution0.log"/>
         <property name="attachments" value="C:\\Users\\rgajbhiye\\git\\CreditCard\\Reports\\Proxima\\CC_EquipmentTestSuite\\20171206_124443\\1512545335601.png, C:\\Users\\rgajbhiye\\git\\CreditCard\\Reports\\Proxima\\CC_EquipmentTestSuite\\20171206_124443\\1512545371814.png, C:\\Users\\rgajbhiye\\git\\CreditCard\\Reports\\Proxima\\CC_EquipmentTestSuite\\20171206_124443\\1512545372846.png, C:\\Users\\rgajbhiye\\git\\CreditCard\\Reports\\Proxima\\CC_EquipmentTestSuite\\20171206_124443\\1512545409039.png, C:\\Users\\rgajbhiye\\git\\CreditCard\\Reports\\Proxima\\CC_EquipmentTestSuite\\20171206_124443\\1512545445320.png, C:\\Users\\rgajbhiye\\git\\CreditCard\\Reports\\Proxima\\CC_EquipmentTestSuite\\20171206_124443\\1512545481353.png, C:\\Users\\rgajbhiye\\git\\CreditCard\\Reports\\Proxima\\CC_EquipmentTestSuite\\20171206_124443\\1512545517376.png, C:\\Users\\rgajbhiye\\git\\CreditCard\\Reports\\Proxima\\CC_EquipmentTestSuite\\20171206_124443\\1512545551547.png, C:\\Users\\rgajbhiye\\git\\CreditCard\\Reports\\Proxima\\CC_EquipmentTestSuite\\20171206_124443\\1512545585607.png, C:\\Users\\rgajbhiye\\git\\CreditCard\\Reports\\Proxima\\CC_EquipmentTestSuite\\20171206_124443\\1512545621831.png, C:\\Users\\rgajbhiye\\git\\CreditCard\\Reports\\Proxima\\CC_EquipmentTestSuite\\20171206_124443\\1512545656061.png, C:\\Users\\rgajbhiye\\git\\CreditCard\\Reports\\Proxima\\CC_EquipmentTestSuite\\20171206_124443\\1512545692249.png, C:\\Users\\rgajbhiye\\git\\CreditCard\\Reports\\Proxima\\CC_EquipmentTestSuite\\20171206_124443\\1512545726348.png, C:\\Users\\rgajbhiye\\git\\CreditCard\\Reports\\Proxima\\CC_EquipmentTestSuite\\20171206_124443\\1512545762468.png, C:\\Users\\rgajbhiye\\git\\CreditCard\\Reports\\Proxima\\CC_EquipmentTestSuite\\20171206_124443\\1512545796605.png, C:\\Users\\rgajbhiye\\git\\CreditCard\\Reports\\Proxima\\CC_EquipmentTestSuite\\20171206_124443\\1512545832785.png, C:\\Users\\rgajbhiye\\git\\CreditCard\\Reports\\Proxima\\CC_EquipmentTestSuite\\20171206_124443\\1512545833233.png"/>
         <property name="hostName" value="rgajbhiye - EET-RG.e-emphasys.com"/>
         <property name="os" value="Windows 7 64bit"/>
         <property name="katalonVersion" value="5.0.0.1"/>
         <property name="browser" value="Firefox 43.0"/>
         <property name="hostAddress" value="192.168.25.107"/>
         <property name="sessionId" value="de1a2424-74ab-4bde-a88d-e4c7c3fc5b1d"/>
         <property name="seleniumVersion" value="2.53.0"/>
         <property name="proxyInformation" value="ProxyInformation{proxyOption=NO_PROXY, proxyServerType=, password=, proxyServerAddress=, proxyServerPort=0}"/>
         <property name="platform" value="Windows 7"/>
      </properties>
      <testcase name="Test Cases/Equipment/CreditCardRegression/TC001_EquipmentSalesAgreement_DiffGateway - Iteration 1" classname="Test Cases/Equipment/CreditCardRegression/TC001_EquipmentSalesAgreement_DiffGateway" status="PASSED">
         <system-out><![CDATA[2017-12-06 12:44:51 - [TEST_CASE][PASSED] - Test Cases/Equipment/CreditCardRegression/TC001_EquipmentSalesAgreement_DiffGateway - Iteration 1: Test Cases/Equipment/CreditCardRegression/TC001_EquipmentSalesAgreement_DiffGateway

2017-12-06 12:44:52 - [TEST_STEP][PASSED] - callTestCase: Call Test Case 'Test Cases/Equipment/Base_EquipmentPurchase/EPO_CreateNrecieve' successfully

2017-12-06 12:44:52 - [TEST_CASE][PASSED] - Test Cases/Equipment/Base_EquipmentPurchase/EPO_CreateNrecieve: Test Cases/Equipment/Base_EquipmentPurchase/EPO_CreateNrecieve

2017-12-06 12:44:52 - [TEST_STEP][PASSED] - callTestCase: Call Test Case 'Test Cases/Equipment/Base_EquipmentPurchase/Base_EPO_CreateHeaderNline' successfully

2017-12-06 12:44:52 - [TEST_CASE][PASSED] - Test Cases/Equipment/Base_EquipmentPurchase/Base_EPO_CreateHeaderNline: Test Cases/Equipment/Base_EquipmentPurchase/Base_EPO_CreateHeaderNline

2017-12-06 12:44:52 - [TEST_STEP][PASSED] - callTestCase: Call Test Case 'Test Cases/Common/Base_Common_OpenSession' successfully

2017-12-06 12:44:52 - [TEST_CASE][PASSED] - Test Cases/Common/Base_Common_OpenSession: Test Cases/Common/Base_Common_OpenSession

2017-12-06 12:44:53 - [TEST_STEP][PASSED] - openBrowser: Browser is opened with url: 'https://rgajbhiye:Robin$123@proxima-ln4.e-emphasys.com:8441/webui/servlet/login'

2017-12-06 12:45:01 - [MESSAGE][PASSED] - Browser is opened with url: 'https://rgajbhiye:Robin$123@proxima-ln4.e-emphasys.com:8441/webui/servlet/login'

2017-12-06 12:45:01 - [TEST_STEP][PASSED] - waitForPageLoad: Wait for page load successfully

2017-12-06 12:45:01 - [MESSAGE][PASSED] - Wait for page load successfully

2017-12-06 12:45:01 - [TEST_STEP][PASSED] - maximizeWindow: Current window maximized

2017-12-06 12:45:01 - [MESSAGE][PASSED] - Current window maximized

2017-12-06 12:45:01 - [TEST_STEP][PASSED] - click: Object: 'Object Repository/Common/HomePage/HomePage_more' is clicked on

2017-12-06 12:45:04 - [MESSAGE][PASSED] - Object: 'Object Repository/Common/HomePage/HomePage_more' is clicked on

2017-12-06 12:45:04 - [TEST_STEP][PASSED] - click: Object: 'Object Repository/Common/HomePage/HomePage_Option' is clicked on

2017-12-06 12:45:04 - [MESSAGE][PASSED] - Object: 'Object Repository/Common/HomePage/HomePage_Option' is clicked on

2017-12-06 12:45:04 - [TEST_STEP][PASSED] - click: Object: 'Object Repository/Common/HomePage/HomePage_RunProgram_' is clicked on

2017-12-06 12:45:05 - [MESSAGE][PASSED] - Object: 'Object Repository/Common/HomePage/HomePage_RunProgram_' is clicked on

2017-12-06 12:45:05 - [TEST_STEP][PASSED] - sendKeys: Keys 'tdext8150s000' sent to object: 'Object Repository/Common/HomePage/HomePage_Session_ID'

2017-12-06 12:45:05 - [MESSAGE][PASSED] - Keys 'tdext8150s000' sent to object: 'Object Repository/Common/HomePage/HomePage_Session_ID'

2017-12-06 12:45:05 - [TEST_STEP][PASSED] - click: Object: 'Object Repository/Common/HomePage/HomePage_OkButton' is clicked on

2017-12-06 12:45:05 - [MESSAGE][PASSED] - Object: 'Object Repository/Common/HomePage/HomePage_OkButton' is clicked on

2017-12-06 12:45:05 - [MESSAGE][PASSED] - Call Test Case 'Test Cases/Common/Base_Common_OpenSession' successfully

2017-12-06 12:45:05 - [TEST_STEP][PASSED] - waitForElementPresent: Object 'Object Repository/Equipment/EquipmentPurchase/EPO_Header/EPO_Header_New' is present

2017-12-06 12:45:07 - [MESSAGE][PASSED] - Object 'Object Repository/Equipment/EquipmentPurchase/EPO_Header/EPO_Header_New' is present

2017-12-06 12:45:07 - [TEST_STEP][PASSED] - click: Object: 'Object Repository/Equipment/EquipmentPurchase/EPO_Header/EPO_Header_New' is clicked on

2017-12-06 12:45:07 - [MESSAGE][PASSED] - Object: 'Object Repository/Equipment/EquipmentPurchase/EPO_Header/EPO_Header_New' is clicked on

2017-12-06 12:45:07 - [TEST_STEP][PASSED] - click: Object: 'Object Repository/Equipment/EquipmentPurchase/EPO_Header/EPO_Header_Customer' is clicked on

2017-12-06 12:45:07 - [MESSAGE][PASSED] - Object: 'Object Repository/Equipment/EquipmentPurchase/EPO_Header/EPO_Header_Customer' is clicked on

2017-12-06 12:45:07 - [TEST_STEP][PASSED] - setText: Text 'M00000010' is set on object 'Object Repository/Equipment/EquipmentPurchase/EPO_Header/EPO_Header_Customer'

2017-12-06 12:45:08 - [MESSAGE][PASSED] - Text 'M00000010' is set on object 'Object Repository/Equipment/EquipmentPurchase/EPO_Header/EPO_Header_Customer'

2017-12-06 12:45:08 - [TEST_STEP][PASSED] - click: Object: 'Object Repository/Equipment/EquipmentPurchase/EPO_Header/EPO_Header_Save' is clicked on

2017-12-06 12:45:08 - [MESSAGE][PASSED] - Object: 'Object Repository/Equipment/EquipmentPurchase/EPO_Header/EPO_Header_Save' is clicked on

2017-12-06 12:45:08 - [TEST_STEP][PASSED] - delay: Delayed 5 second(s)

2017-12-06 12:45:13 - [MESSAGE][PASSED] - Delayed 5 second(s)

2017-12-06 12:45:13 - [TEST_STEP][PASSED] - click: Object: 'Object Repository/Equipment/EquipmentPurchase/EPO_Header/EPO_Header_Action' is clicked on

2017-12-06 12:45:13 - [MESSAGE][PASSED] - Object: 'Object Repository/Equipment/EquipmentPurchase/EPO_Header/EPO_Header_Action' is clicked on

2017-12-06 12:45:13 - [TEST_STEP][PASSED] - click: Object: 'Object Repository/Equipment/EquipmentPurchase/EPO_Header/EPO_Header_Action_OrderLines' is clicked on

2017-12-06 12:45:13 - [MESSAGE][PASSED] - Object: 'Object Repository/Equipment/EquipmentPurchase/EPO_Header/EPO_Header_Action_OrderLines' is clicked on

2017-12-06 12:45:13 - [TEST_STEP][PASSED] - waitForElementPresent: Object 'Object Repository/Equipment/EquipmentPurchase/EPO_Line/EPO_MultiLine_New' is present

2017-12-06 12:45:15 - [MESSAGE][PASSED] - Object 'Object Repository/Equipment/EquipmentPurchase/EPO_Line/EPO_MultiLine_New' is present

2017-12-06 12:45:15 - [TEST_STEP][PASSED] - click: Object: 'Object Repository/Equipment/EquipmentPurchase/EPO_Line/EPO_MultiLine_New' is clicked on

2017-12-06 12:45:15 - [MESSAGE][PASSED] - Object: 'Object Repository/Equipment/EquipmentPurchase/EPO_Line/EPO_MultiLine_New' is clicked on

2017-12-06 12:45:15 - [TEST_STEP][PASSED] - waitForElementPresent: Object 'Object Repository/Equipment/EquipmentPurchase/EPO_Line/EPO_Line_Model' is present

2017-12-06 12:45:16 - [MESSAGE][PASSED] - Object 'Object Repository/Equipment/EquipmentPurchase/EPO_Line/EPO_Line_Model' is present

2017-12-06 12:45:16 - [TEST_STEP][PASSED] - click: Object: 'Object Repository/Equipment/EquipmentPurchase/EPO_Line/EPO_Line_Model' is clicked on

2017-12-06 12:45:16 - [MESSAGE][PASSED] - Object: 'Object Repository/Equipment/EquipmentPurchase/EPO_Line/EPO_Line_Model' is clicked on

2017-12-06 12:45:16 - [TEST_STEP][PASSED] - delay: Delayed 2 second(s)

2017-12-06 12:45:18 - [MESSAGE][PASSED] - Delayed 2 second(s)

2017-12-06 12:45:18 - [TEST_STEP][PASSED] - setText: Text '1032' is set on object 'Object Repository/Equipment/EquipmentPurchase/EPO_Line/EPO_Line_Model'

2017-12-06 12:45:18 - [MESSAGE][PASSED] - Text '1032' is set on object 'Object Repository/Equipment/EquipmentPurchase/EPO_Line/EPO_Line_Model'

2017-12-06 12:45:18 - [TEST_STEP][PASSED] - click: Object: 'Object Repository/Equipment/EquipmentPurchase/EPO_Line/EPO_Line_NeworUsed' is clicked on

2017-12-06 12:45:19 - [MESSAGE][PASSED] - Object: 'Object Repository/Equipment/EquipmentPurchase/EPO_Line/EPO_Line_NeworUsed' is clicked on

2017-12-06 12:45:19 - [TEST_STEP][PASSED] - click: Object: 'Object Repository/Equipment/EquipmentPurchase/EPO_Line/EPO_Line_NewEquipOption' is clicked on

2017-12-06 12:45:19 - [MESSAGE][PASSED] - Object: 'Object Repository/Equipment/EquipmentPurchase/EPO_Line/EPO_Line_NewEquipOption' is clicked on

2017-12-06 12:45:19 - [TEST_STEP][PASSED] - click: Object: 'Object Repository/Equipment/EquipmentPurchase/EPO_Line/EPO_Line_PlannedDate' is clicked on

2017-12-06 12:45:19 - [MESSAGE][PASSED] - Object: 'Object Repository/Equipment/EquipmentPurchase/EPO_Line/EPO_Line_PlannedDate' is clicked on

2017-12-06 12:45:19 - [TEST_STEP][PASSED] - delay: Delayed 2 second(s)

2017-12-06 12:45:21 - [MESSAGE][PASSED] - Delayed 2 second(s)

2017-12-06 12:45:21 - [TEST_STEP][PASSED] - setText: Text '+10' is set on object 'Object Repository/Equipment/EquipmentPurchase/EPO_Line/EPO_Line_PlannedDate'

2017-12-06 12:45:21 - [MESSAGE][PASSED] - Text '+10' is set on object 'Object Repository/Equipment/EquipmentPurchase/EPO_Line/EPO_Line_PlannedDate'

2017-12-06 12:45:21 - [TEST_STEP][PASSED] - click: Object: 'Object Repository/Equipment/EquipmentPurchase/EPO_Line/EPO_Line_Price' is clicked on

2017-12-06 12:45:21 - [MESSAGE][PASSED] - Object: 'Object Repository/Equipment/EquipmentPurchase/EPO_Line/EPO_Line_Price' is clicked on

2017-12-06 12:45:21 - [TEST_STEP][PASSED] - delay: Delayed 2 second(s)

2017-12-06 12:45:23 - [MESSAGE][PASSED] - Delayed 2 second(s)

2017-12-06 12:45:23 - [TEST_STEP][PASSED] - setText: Text '100' is set on object 'Object Repository/Equipment/EquipmentPurchase/EPO_Line/EPO_Line_Price'

2017-12-06 12:45:23 - [MESSAGE][PASSED] - Text '100' is set on object 'Object Repository/Equipment/EquipmentPurchase/EPO_Line/EPO_Line_Price'

2017-12-06 12:45:23 - [TEST_STEP][PASSED] - click: Object: 'Object Repository/Equipment/EquipmentPurchase/EPO_Line/EPO_Line_Save' is clicked on

2017-12-06 12:45:24 - [MESSAGE][PASSED] - Object: 'Object Repository/Equipment/EquipmentPurchase/EPO_Line/EPO_Line_Save' is clicked on

2017-12-06 12:45:24 - [TEST_STEP][PASSED] - click: Object: 'Object Repository/Equipment/EquipmentPurchase/EPO_Line/EPO_Line_importNO' is clicked on

2017-12-06 12:45:24 - [MESSAGE][PASSED] - Object: 'Object Repository/Equipment/EquipmentPurchase/EPO_Line/EPO_Line_importNO' is clicked on

2017-12-06 12:45:24 - [TEST_STEP][PASSED] - click: Object: 'Object Repository/Equipment/EquipmentPurchase/EPO_Line/EPO_Line_SaveNclose' is clicked on

2017-12-06 12:45:25 - [MESSAGE][PASSED] - Object: 'Object Repository/Equipment/EquipmentPurchase/EPO_Line/EPO_Line_SaveNclose' is clicked on

2017-12-06 12:45:25 - [TEST_STEP][PASSED] - delay: Delayed 2 second(s)

2017-12-06 12:45:27 - [MESSAGE][PASSED] - Delayed 2 second(s)

2017-12-06 12:45:27 - [TEST_STEP][PASSED] - click: Object: 'Object Repository/Equipment/EquipmentPurchase/EPO_Line/EPO_MultiLine_SavenClose' is clicked on

2017-12-06 12:45:27 - [MESSAGE][PASSED] - Object: 'Object Repository/Equipment/EquipmentPurchase/EPO_Line/EPO_MultiLine_SavenClose' is clicked on

2017-12-06 12:45:27 - [MESSAGE][PASSED] - Call Test Case 'Test Cases/Equipment/Base_EquipmentPurchase/Base_EPO_CreateHeaderNline' successfully

2017-12-06 12:45:27 - [TEST_STEP][PASSED] - callTestCase: Call Test Case 'Test Cases/Equipment/Base_EquipmentPurchase/Base_EPO_Reciept' successfully

2017-12-06 12:45:27 - [TEST_CASE][PASSED] - Test Cases/Equipment/Base_EquipmentPurchase/Base_EPO_Reciept: Test Cases/Equipment/Base_EquipmentPurchase/Base_EPO_Reciept

2017-12-06 12:45:27 - [TEST_STEP][PASSED] - click: Object: 'Object Repository/Equipment/EquipmentPurchase/EPO_Header/EPO_Header_Action' is clicked on

2017-12-06 12:45:28 - [MESSAGE][PASSED] - Object: 'Object Repository/Equipment/EquipmentPurchase/EPO_Header/EPO_Header_Action' is clicked on

2017-12-06 12:45:28 - [TEST_STEP][PASSED] - click: Object: 'Object Repository/Equipment/EquipmentPurchase/EPO_Header/EPO_Header_Action_SendForApproval' is clicked on

2017-12-06 12:45:28 - [MESSAGE][PASSED] - Object: 'Object Repository/Equipment/EquipmentPurchase/EPO_Header/EPO_Header_Action_SendForApproval' is clicked on

2017-12-06 12:45:28 - [TEST_STEP][PASSED] - delay: Delayed 5 second(s)

2017-12-06 12:45:33 - [MESSAGE][PASSED] - Delayed 5 second(s)

2017-12-06 12:45:33 - [TEST_STEP][PASSED] - click: Object: 'Object Repository/Equipment/EquipmentPurchase/EPO_Header/EPO_Header_Action' is clicked on

2017-12-06 12:45:33 - [MESSAGE][PASSED] - Object: 'Object Repository/Equipment/EquipmentPurchase/EPO_Header/EPO_Header_Action' is clicked on

2017-12-06 12:45:33 - [TEST_STEP][PASSED] - click: Object: 'Object Repository/Equipment/EquipmentPurchase/EPO_Header/EPO_Header_Apporve' is clicked on

2017-12-06 12:45:33 - [MESSAGE][PASSED] - Object: 'Object Repository/Equipment/EquipmentPurchase/EPO_Header/EPO_Header_Apporve' is clicked on

2017-12-06 12:45:33 - [TEST_STEP][PASSED] - delay: Delayed 5 second(s)

2017-12-06 12:45:38 - [MESSAGE][PASSED] - Delayed 5 second(s)

2017-12-06 12:45:38 - [TEST_STEP][PASSED] - click: Object: 'Object Repository/Equipment/EquipmentPurchase/EPO_Header/EPO_Header_Print' is clicked on

2017-12-06 12:45:39 - [MESSAGE][PASSED] - Object: 'Object Repository/Equipment/EquipmentPurchase/EPO_Header/EPO_Header_Print' is clicked on

2017-12-06 12:45:39 - [TEST_STEP][PASSED] - click: Object: 'Object Repository/Equipment/EquipmentPurchase/EPO_Header/EPO_Print_FinalPrint' is clicked on

2017-12-06 12:45:39 - [MESSAGE][PASSED] - Object: 'Object Repository/Equipment/EquipmentPurchase/EPO_Header/EPO_Print_FinalPrint' is clicked on

2017-12-06 12:45:39 - [TEST_STEP][PASSED] - click: Object: 'Object Repository/Equipment/EquipmentPurchase/EPO_Header/EPO_Print_PrintOption' is clicked on

2017-12-06 12:45:40 - [MESSAGE][PASSED] - Object: 'Object Repository/Equipment/EquipmentPurchase/EPO_Header/EPO_Print_PrintOption' is clicked on

2017-12-06 12:45:40 - [TEST_STEP][PASSED] - click: Object: 'Object Repository/Equipment/EquipmentPurchase/EPO_Header/EPO_Print_Device' is clicked on

2017-12-06 12:45:42 - [MESSAGE][PASSED] - Object: 'Object Repository/Equipment/EquipmentPurchase/EPO_Header/EPO_Print_Device' is clicked on

2017-12-06 12:45:42 - [TEST_STEP][PASSED] - setText: Text 'D' is set on object 'Object Repository/Equipment/EquipmentPurchase/EPO_Header/EPO_Print_Device'

2017-12-06 12:45:42 - [MESSAGE][PASSED] - Text 'D' is set on object 'Object Repository/Equipment/EquipmentPurchase/EPO_Header/EPO_Print_Device'

2017-12-06 12:45:42 - [TEST_STEP][PASSED] - click: Object: 'Object Repository/Equipment/EquipmentPurchase/EPO_Header/EPO_Print_Continue' is clicked on

2017-12-06 12:45:42 - [MESSAGE][PASSED] - Object: 'Object Repository/Equipment/EquipmentPurchase/EPO_Header/EPO_Print_Continue' is clicked on

2017-12-06 12:45:42 - [TEST_STEP][PASSED] - delay: Delayed 5 second(s)

2017-12-06 12:45:47 - [MESSAGE][PASSED] - Delayed 5 second(s)

2017-12-06 12:45:47 - [TEST_STEP][PASSED] - click: Object: 'Object Repository/Equipment/EquipmentPurchase/EPO_Header/EPO_Header_EPOtab' is clicked on

2017-12-06 12:45:47 - [MESSAGE][PASSED] - Object: 'Object Repository/Equipment/EquipmentPurchase/EPO_Header/EPO_Header_EPOtab' is clicked on

2017-12-06 12:45:47 - [TEST_STEP][PASSED] - click: Object: 'Object Repository/Equipment/EquipmentPurchase/EPO_Header/EPO_Print_Close' is clicked on

2017-12-06 12:45:48 - [MESSAGE][PASSED] - Object: 'Object Repository/Equipment/EquipmentPurchase/EPO_Header/EPO_Print_Close' is clicked on

2017-12-06 12:45:48 - [TEST_STEP][PASSED] - delay: Delayed 3 second(s)

2017-12-06 12:45:51 - [MESSAGE][PASSED] - Delayed 3 second(s)

2017-12-06 12:45:51 - [TEST_STEP][PASSED] - click: Object: 'Object Repository/Equipment/EquipmentPurchase/EPO_Header/EPO_Header_Action' is clicked on

2017-12-06 12:45:51 - [MESSAGE][PASSED] - Object: 'Object Repository/Equipment/EquipmentPurchase/EPO_Header/EPO_Header_Action' is clicked on

2017-12-06 12:45:51 - [TEST_STEP][PASSED] - click: Object: 'Object Repository/Equipment/EquipmentPurchase/EPO_Header/EPO_Action_Reciept' is clicked on

2017-12-06 12:45:51 - [MESSAGE][PASSED] - Object: 'Object Repository/Equipment/EquipmentPurchase/EPO_Header/EPO_Action_Reciept' is clicked on

2017-12-06 12:45:51 - [TEST_STEP][PASSED] - waitForElementPresent: Object 'Object Repository/Equipment/EquipmentPurchase/EPO_Receipt/EPO_Reciept_Save' is present

2017-12-06 12:45:52 - [MESSAGE][PASSED] - Object 'Object Repository/Equipment/EquipmentPurchase/EPO_Receipt/EPO_Reciept_Save' is present

2017-12-06 12:45:52 - [TEST_STEP][PASSED] - click: Object: 'Object Repository/Equipment/EquipmentPurchase/EPO_Receipt/EPO_Reciept_Save' is clicked on

2017-12-06 12:45:52 - [MESSAGE][PASSED] - Object: 'Object Repository/Equipment/EquipmentPurchase/EPO_Receipt/EPO_Reciept_Save' is clicked on

2017-12-06 12:45:52 - [TEST_STEP][PASSED] - delay: Delayed 3 second(s)

2017-12-06 12:45:55 - [MESSAGE][PASSED] - Delayed 3 second(s)

2017-12-06 12:45:55 - [TEST_STEP][PASSED] - click: Object: 'Object Repository/Equipment/EquipmentPurchase/EPO_Receipt/EPO_Receipt_Action' is clicked on

2017-12-06 12:45:56 - [MESSAGE][PASSED] - Object: 'Object Repository/Equipment/EquipmentPurchase/EPO_Receipt/EPO_Receipt_Action' is clicked on

2017-12-06 12:45:56 - [TEST_STEP][PASSED] - click: Object: 'Object Repository/Equipment/EquipmentPurchase/EPO_Receipt/EPO_Receipt_Action_ReceiptLine' is clicked on

2017-12-06 12:45:56 - [MESSAGE][PASSED] - Object: 'Object Repository/Equipment/EquipmentPurchase/EPO_Receipt/EPO_Receipt_Action_ReceiptLine' is clicked on

2017-12-06 12:45:56 - [TEST_STEP][PASSED] - waitForElementPresent: Object 'Object Repository/Equipment/EquipmentPurchase/EPO_Receipt_Line/EPO_ReceiptLine_New' is present

2017-12-06 12:45:57 - [MESSAGE][PASSED] - Object 'Object Repository/Equipment/EquipmentPurchase/EPO_Receipt_Line/EPO_ReceiptLine_New' is present

2017-12-06 12:45:57 - [TEST_STEP][PASSED] - click: Object: 'Object Repository/Equipment/EquipmentPurchase/EPO_Receipt_Line/EPO_ReceiptLine_New' is clicked on

2017-12-06 12:45:57 - [MESSAGE][PASSED] - Object: 'Object Repository/Equipment/EquipmentPurchase/EPO_Receipt_Line/EPO_ReceiptLine_New' is clicked on

2017-12-06 12:45:57 - [TEST_STEP][PASSED] - waitForElementPresent: Object 'Object Repository/Equipment/EquipmentPurchase/EPO_Receipt_Line/EPO_RecieptLine_Select' is present

2017-12-06 12:45:58 - [MESSAGE][PASSED] - Object 'Object Repository/Equipment/EquipmentPurchase/EPO_Receipt_Line/EPO_RecieptLine_Select' is present

2017-12-06 12:45:58 - [TEST_STEP][PASSED] - click: Object: 'Object Repository/Equipment/EquipmentPurchase/EPO_Receipt_Line/EPO_RecieptLine_Select' is clicked on

2017-12-06 12:45:58 - [MESSAGE][PASSED] - Object: 'Object Repository/Equipment/EquipmentPurchase/EPO_Receipt_Line/EPO_RecieptLine_Select' is clicked on

2017-12-06 12:45:58 - [TEST_STEP][PASSED] - delay: Delayed 3 second(s)

2017-12-06 12:46:01 - [MESSAGE][PASSED] - Delayed 3 second(s)

2017-12-06 12:46:01 - [TEST_STEP][PASSED] - click: Object: 'Object Repository/Equipment/EquipmentPurchase/EPO_Receipt_Line/EPO_ReceiptLine_SavenClose' is clicked on

2017-12-06 12:46:01 - [MESSAGE][PASSED] - Object: 'Object Repository/Equipment/EquipmentPurchase/EPO_Receipt_Line/EPO_ReceiptLine_SavenClose' is clicked on

2017-12-06 12:46:01 - [TEST_STEP][PASSED] - waitForElementPresent: Object 'Object Repository/Equipment/EquipmentPurchase/EPO_Receipt_Line/EPO_RecieptLineAction' is present

2017-12-06 12:46:02 - [MESSAGE][PASSED] - Object 'Object Repository/Equipment/EquipmentPurchase/EPO_Receipt_Line/EPO_RecieptLineAction' is present

2017-12-06 12:46:02 - [TEST_STEP][PASSED] - Statement - G_Unit = com.kms.katalon.core.webui.keyword.WebUiBuiltInKeywords.getText(com.kms.katalon.core.testobject.ObjectRepository.findTestObject(Equipment/EquipmentPurchase/EPO_Receipt/EPO_Reciept_Unit)): Text of object 'Object Repository/Equipment/EquipmentPurchase/EPO_Receipt/EPO_Reciept_Unit' is: 'MD0018388'

2017-12-06 12:46:02 - [MESSAGE][PASSED] - Text of object 'Object Repository/Equipment/EquipmentPurchase/EPO_Receipt/EPO_Reciept_Unit' is: 'MD0018388'

2017-12-06 12:46:02 - [TEST_STEP][PASSED] - click: Object: 'Object Repository/Equipment/EquipmentPurchase/EPO_Receipt_Line/EPO_RecieptLineAction' is clicked on

2017-12-06 12:46:02 - [MESSAGE][PASSED] - Object: 'Object Repository/Equipment/EquipmentPurchase/EPO_Receipt_Line/EPO_RecieptLineAction' is clicked on

2017-12-06 12:46:02 - [TEST_STEP][PASSED] - click: Object: 'Object Repository/Equipment/EquipmentPurchase/EPO_Receipt/EPO_Action_Confirm' is clicked on

2017-12-06 12:46:02 - [MESSAGE][PASSED] - Object: 'Object Repository/Equipment/EquipmentPurchase/EPO_Receipt/EPO_Action_Confirm' is clicked on

2017-12-06 12:46:02 - [TEST_STEP][PASSED] - click: Object: 'Object Repository/Equipment/EquipmentPurchase/EPO_Receipt/EPO_Reciept_MeterOK' is clicked on

2017-12-06 12:46:03 - [MESSAGE][PASSED] - Object: 'Object Repository/Equipment/EquipmentPurchase/EPO_Receipt/EPO_Reciept_MeterOK' is clicked on

2017-12-06 12:46:03 - [TEST_STEP][PASSED] - waitForElementPresent: Object 'Object Repository/Equipment/EquipmentPurchase/EPO_Receipt/EPO_RecieptPrint_Device' is present

2017-12-06 12:46:04 - [MESSAGE][PASSED] - Object 'Object Repository/Equipment/EquipmentPurchase/EPO_Receipt/EPO_RecieptPrint_Device' is present

2017-12-06 12:46:04 - [TEST_STEP][PASSED] - click: Object: 'Object Repository/Equipment/EquipmentPurchase/EPO_Receipt/EPO_RecieptPrint_Device' is clicked on

2017-12-06 12:46:04 - [MESSAGE][PASSED] - Object: 'Object Repository/Equipment/EquipmentPurchase/EPO_Receipt/EPO_RecieptPrint_Device' is clicked on

2017-12-06 12:46:04 - [TEST_STEP][PASSED] - setText: Text 'D' is set on object 'Object Repository/Equipment/EquipmentPurchase/EPO_Receipt/EPO_RecieptPrint_Device'

2017-12-06 12:46:04 - [MESSAGE][PASSED] - Text 'D' is set on object 'Object Repository/Equipment/EquipmentPurchase/EPO_Receipt/EPO_RecieptPrint_Device'

2017-12-06 12:46:04 - [TEST_STEP][PASSED] - click: Object: 'Object Repository/Equipment/EquipmentPurchase/EPO_Receipt/EPO_RecieptPrint_Continue' is clicked on

2017-12-06 12:46:04 - [MESSAGE][PASSED] - Object: 'Object Repository/Equipment/EquipmentPurchase/EPO_Receipt/EPO_RecieptPrint_Continue' is clicked on

2017-12-06 12:46:04 - [TEST_STEP][PASSED] - delay: Delayed 3 second(s)

2017-12-06 12:46:07 - [MESSAGE][PASSED] - Delayed 3 second(s)

2017-12-06 12:46:07 - [TEST_STEP][PASSED] - click: Object: 'Object Repository/Equipment/EquipmentPurchase/EPO_Receipt/EPO_RecieptPrint_ProcessCompleted' is clicked on

2017-12-06 12:46:08 - [MESSAGE][PASSED] - Object: 'Object Repository/Equipment/EquipmentPurchase/EPO_Receipt/EPO_RecieptPrint_ProcessCompleted' is clicked on

2017-12-06 12:46:08 - [TEST_STEP][PASSED] - delay: Delayed 10 second(s)

2017-12-06 12:46:18 - [MESSAGE][PASSED] - Delayed 10 second(s)

2017-12-06 12:46:18 - [MESSAGE][PASSED] - Call Test Case 'Test Cases/Equipment/Base_EquipmentPurchase/Base_EPO_Reciept' successfully

2017-12-06 12:46:18 - [MESSAGE][PASSED] - Call Test Case 'Test Cases/Equipment/Base_EquipmentPurchase/EPO_CreateNrecieve' successfully

2017-12-06 12:46:18 - [TEST_STEP][PASSED] - callTestCase: Call Test Case 'Test Cases/Equipment/Base_EquipmentSales/Base_Equipement_CreateHeader' successfully

2017-12-06 12:46:18 - [TEST_CASE][PASSED] - Test Cases/Equipment/Base_EquipmentSales/Base_Equipement_CreateHeader: Test Cases/Equipment/Base_EquipmentSales/Base_Equipement_CreateHeader

2017-12-06 12:46:18 - [TEST_STEP][PASSED] - callTestCase: Call Test Case 'Test Cases/Common/Base_Common_OpenSession' successfully

2017-12-06 12:46:18 - [TEST_CASE][PASSED] - Test Cases/Common/Base_Common_OpenSession: Test Cases/Common/Base_Common_OpenSession

2017-12-06 12:46:18 - [TEST_STEP][PASSED] - openBrowser: Browser is opened with url: 'https://rgajbhiye:Robin$123@proxima-ln4.e-emphasys.com:8441/webui/servlet/login'

2017-12-06 12:46:18 - [MESSAGE][WARNING] - A browser is already opened. Closing browser and opening a new one

2017-12-06 12:46:26 - [MESSAGE][PASSED] - Browser is opened with url: 'https://rgajbhiye:Robin$123@proxima-ln4.e-emphasys.com:8441/webui/servlet/login'

2017-12-06 12:46:26 - [TEST_STEP][PASSED] - waitForPageLoad: Wait for page load successfully

2017-12-06 12:46:26 - [MESSAGE][PASSED] - Wait for page load successfully

2017-12-06 12:46:26 - [TEST_STEP][PASSED] - maximizeWindow: Current window maximized

2017-12-06 12:46:26 - [MESSAGE][PASSED] - Current window maximized

2017-12-06 12:46:26 - [TEST_STEP][PASSED] - click: Object: 'Object Repository/Common/HomePage/HomePage_more' is clicked on

2017-12-06 12:46:30 - [MESSAGE][PASSED] - Object: 'Object Repository/Common/HomePage/HomePage_more' is clicked on

2017-12-06 12:46:30 - [TEST_STEP][PASSED] - click: Object: 'Object Repository/Common/HomePage/HomePage_Option' is clicked on

2017-12-06 12:46:30 - [MESSAGE][PASSED] - Object: 'Object Repository/Common/HomePage/HomePage_Option' is clicked on

2017-12-06 12:46:30 - [TEST_STEP][PASSED] - click: Object: 'Object Repository/Common/HomePage/HomePage_RunProgram_' is clicked on

2017-12-06 12:46:30 - [MESSAGE][PASSED] - Object: 'Object Repository/Common/HomePage/HomePage_RunProgram_' is clicked on

2017-12-06 12:46:30 - [TEST_STEP][PASSED] - sendKeys: Keys 'tdext8570m000' sent to object: 'Object Repository/Common/HomePage/HomePage_Session_ID'

2017-12-06 12:46:30 - [MESSAGE][PASSED] - Keys 'tdext8570m000' sent to object: 'Object Repository/Common/HomePage/HomePage_Session_ID'

2017-12-06 12:46:30 - [TEST_STEP][PASSED] - click: Object: 'Object Repository/Common/HomePage/HomePage_OkButton' is clicked on

2017-12-06 12:46:30 - [MESSAGE][PASSED] - Object: 'Object Repository/Common/HomePage/HomePage_OkButton' is clicked on

2017-12-06 12:46:30 - [MESSAGE][PASSED] - Call Test Case 'Test Cases/Common/Base_Common_OpenSession' successfully

2017-12-06 12:46:30 - [TEST_STEP][PASSED] - waitForElementPresent: Object 'Object Repository/Equipment/EquipmentSales/EquipmentSalesAgreementHeader/EquipmentSalesOrder_MMT_New' is present

2017-12-06 12:46:35 - [MESSAGE][PASSED] - Object 'Object Repository/Equipment/EquipmentSales/EquipmentSalesAgreementHeader/EquipmentSalesOrder_MMT_New' is present

2017-12-06 12:46:35 - [TEST_STEP][PASSED] - click: Object: 'Object Repository/Equipment/EquipmentSales/EquipmentSalesAgreementHeader/EquipmentSalesOrder_MMT_New' is clicked on

2017-12-06 12:46:38 - [MESSAGE][PASSED] - Object: 'Object Repository/Equipment/EquipmentSales/EquipmentSalesAgreementHeader/EquipmentSalesOrder_MMT_New' is clicked on

2017-12-06 12:46:38 - [TEST_STEP][PASSED] - setText: Text 'M00000010' is set on object 'Object Repository/Equipment/EquipmentSales/EquipmentSalesAgreementHeader/EquipmentSalesOrder_Customer'

2017-12-06 12:46:41 - [MESSAGE][PASSED] - Text 'M00000010' is set on object 'Object Repository/Equipment/EquipmentSales/EquipmentSalesAgreementHeader/EquipmentSalesOrder_Customer'

2017-12-06 12:46:41 - [TEST_STEP][PASSED] - doubleClick: Object: 'Object Repository/Equipment/EquipmentSales/EquipmentSalesAgreementHeader/EquipmentSalesOrder_DeliveryDate' is double clicked on

2017-12-06 12:46:41 - [MESSAGE][PASSED] - Object: 'Object Repository/Equipment/EquipmentSales/EquipmentSalesAgreementHeader/EquipmentSalesOrder_DeliveryDate' is double clicked on

2017-12-06 12:46:41 - [TEST_STEP][PASSED] - setText: Text '+10' is set on object 'Object Repository/Equipment/EquipmentSales/EquipmentSalesAgreementHeader/EquipmentSalesOrder_DeliveryDate'

2017-12-06 12:46:41 - [MESSAGE][PASSED] - Text '+10' is set on object 'Object Repository/Equipment/EquipmentSales/EquipmentSalesAgreementHeader/EquipmentSalesOrder_DeliveryDate'

2017-12-06 12:46:41 - [TEST_STEP][PASSED] - click: Object: 'Object Repository/Equipment/EquipmentSales/EquipmentSalesAgreementHeader/ESO_Header_Tax' is clicked on

2017-12-06 12:46:42 - [MESSAGE][PASSED] - Object: 'Object Repository/Equipment/EquipmentSales/EquipmentSalesAgreementHeader/ESO_Header_Tax' is clicked on

2017-12-06 12:46:42 - [TEST_STEP][PASSED] - click: Object: 'Object Repository/Equipment/EquipmentSales/EquipmentSalesAgreementHeader/EquipmentSaleOrder_Save' is clicked on

2017-12-06 12:46:45 - [MESSAGE][PASSED] - Object: 'Object Repository/Equipment/EquipmentSales/EquipmentSalesAgreementHeader/EquipmentSaleOrder_Save' is clicked on

2017-12-06 12:46:45 - [TEST_STEP][PASSED] - delay: Delayed 2 second(s)

2017-12-06 12:46:47 - [MESSAGE][PASSED] - Delayed 2 second(s)

2017-12-06 12:46:47 - [TEST_STEP][PASSED] - click: Object: 'Object Repository/Equipment/EquipmentSales/EquipmentSalesAgreementHeader/EPO_Header_othertab' is clicked on

2017-12-06 12:46:47 - [MESSAGE][PASSED] - Object: 'Object Repository/Equipment/EquipmentSales/EquipmentSalesAgreementHeader/EPO_Header_othertab' is clicked on

2017-12-06 12:46:47 - [TEST_STEP][PASSED] - delay: Delayed 3 second(s)

2017-12-06 12:46:50 - [MESSAGE][PASSED] - Delayed 3 second(s)

2017-12-06 12:46:50 - [TEST_STEP][PASSED] - click: Object: 'Object Repository/Equipment/EquipmentSales/EquipmentSalesAgreementHeader/EquipmentSalesOrder_PaymentMethod' is clicked on

2017-12-06 12:46:50 - [MESSAGE][PASSED] - Object: 'Object Repository/Equipment/EquipmentSales/EquipmentSalesAgreementHeader/EquipmentSalesOrder_PaymentMethod' is clicked on

2017-12-06 12:46:50 - [TEST_STEP][PASSED] - click: Object: 'Object Repository/Equipment/EquipmentSales/EquipmentSalesAgreementHeader/EquimentSalesOrder_CreditCardOption' is clicked on

2017-12-06 12:46:51 - [MESSAGE][PASSED] - Object: 'Object Repository/Equipment/EquipmentSales/EquipmentSalesAgreementHeader/EquimentSalesOrder_CreditCardOption' is clicked on

2017-12-06 12:46:51 - [TEST_STEP][PASSED] - click: Object: 'Object Repository/Equipment/EquipmentSales/EquipmentSalesAgreementHeader/EquipmentSaleOrder_Save' is clicked on

2017-12-06 12:46:52 - [MESSAGE][PASSED] - Object: 'Object Repository/Equipment/EquipmentSales/EquipmentSalesAgreementHeader/EquipmentSaleOrder_Save' is clicked on

2017-12-06 12:46:52 - [TEST_STEP][PASSED] - click: Object: 'Object Repository/Equipment/EquipmentSales/EquipmentSalesAgreementHeader/EquipmentSalesOrder_DetailsTab' is clicked on

2017-12-06 12:46:52 - [MESSAGE][PASSED] - Object: 'Object Repository/Equipment/EquipmentSales/EquipmentSalesAgreementHeader/EquipmentSalesOrder_DetailsTab' is clicked on

2017-12-06 12:46:52 - [TEST_STEP][PASSED] - delay: Delayed 5 second(s)

2017-12-06 12:46:57 - [MESSAGE][PASSED] - Delayed 5 second(s)

2017-12-06 12:46:57 - [TEST_STEP][PASSED] - Statement - G_Part_PSO = com.kms.katalon.core.webui.keyword.WebUiBuiltInKeywords.getAttribute(com.kms.katalon.core.testobject.ObjectRepository.findTestObject(Equipment/EquipmentSales/EquipmentSalesAgreementHeader/EquipmentSaleOrder_OrderNo), "value"): Attribute 'value' of object 'Object Repository/Equipment/EquipmentSales/EquipmentSalesAgreementHeader/EquipmentSaleOrder_OrderNo' is: 'ESA016786'

2017-12-06 12:46:57 - [MESSAGE][PASSED] - Attribute 'value' of object 'Object Repository/Equipment/EquipmentSales/EquipmentSalesAgreementHeader/EquipmentSaleOrder_OrderNo' is: 'ESA016786'

2017-12-06 12:46:57 - [MESSAGE][PASSED] - Call Test Case 'Test Cases/Equipment/Base_EquipmentSales/Base_Equipement_CreateHeader' successfully

2017-12-06 12:46:57 - [TEST_STEP][PASSED] - callTestCase: Call Test Case 'Test Cases/Equipment/Base_EquipmentSales/Base_EquipmentSalesAddLine' successfully

2017-12-06 12:46:57 - [TEST_CASE][PASSED] - Test Cases/Equipment/Base_EquipmentSales/Base_EquipmentSalesAddLine: Test Cases/Equipment/Base_EquipmentSales/Base_EquipmentSalesAddLine

2017-12-06 12:46:57 - [TEST_STEP][PASSED] - click: Object: 'Object Repository/Equipment/EquipmentSales/EquipmentSalesAgreementHeader/EquipSalesOrder_Action' is clicked on

2017-12-06 12:46:57 - [MESSAGE][PASSED] - Object: 'Object Repository/Equipment/EquipmentSales/EquipmentSalesAgreementHeader/EquipSalesOrder_Action' is clicked on

2017-12-06 12:46:57 - [TEST_STEP][PASSED] - click: Object: 'Object Repository/Equipment/EquipmentSales/EquipmentSalesAgreementHeader/EquipSalesOrder_SalesOrderLine' is clicked on

2017-12-06 12:46:57 - [MESSAGE][PASSED] - Object: 'Object Repository/Equipment/EquipmentSales/EquipmentSalesAgreementHeader/EquipSalesOrder_SalesOrderLine' is clicked on

2017-12-06 12:46:57 - [TEST_STEP][PASSED] - waitForElementPresent: Object 'Object Repository/Equipment/EquipmentSales/EquipSalesOrderLines/EquipSaleOrderLine_New' is present

2017-12-06 12:47:00 - [MESSAGE][PASSED] - Object 'Object Repository/Equipment/EquipmentSales/EquipSalesOrderLines/EquipSaleOrderLine_New' is present

2017-12-06 12:47:00 - [TEST_STEP][PASSED] - click: Object: 'Object Repository/Equipment/EquipmentSales/EquipSalesOrderLines/EquipSaleOrderLine_New' is clicked on

2017-12-06 12:47:00 - [MESSAGE][PASSED] - Object: 'Object Repository/Equipment/EquipmentSales/EquipSalesOrderLines/EquipSaleOrderLine_New' is clicked on

2017-12-06 12:47:00 - [TEST_STEP][PASSED] - waitForElementPresent: Object 'Object Repository/Equipment/EquipmentSales/EquipSalesOrderLines/EquipSalesOrder_Model' is present

2017-12-06 12:47:01 - [MESSAGE][PASSED] - Object 'Object Repository/Equipment/EquipmentSales/EquipSalesOrderLines/EquipSalesOrder_Model' is present

2017-12-06 12:47:01 - [TEST_STEP][PASSED] - click: Object: 'Object Repository/Equipment/EquipmentSales/EquipSalesOrderLines/EquipSalesOrder_Model' is clicked on

2017-12-06 12:47:01 - [MESSAGE][PASSED] - Object: 'Object Repository/Equipment/EquipmentSales/EquipSalesOrderLines/EquipSalesOrder_Model' is clicked on

2017-12-06 12:47:01 - [TEST_STEP][PASSED] - setText: Text '1032' is set on object 'Object Repository/Equipment/EquipmentSales/EquipSalesOrderLines/EquipSalesOrder_Model'

2017-12-06 12:47:01 - [MESSAGE][PASSED] - Text '1032' is set on object 'Object Repository/Equipment/EquipmentSales/EquipSalesOrderLines/EquipSalesOrder_Model'

2017-12-06 12:47:01 - [TEST_STEP][PASSED] - doubleClick: Object: 'Object Repository/Equipment/EquipmentSales/EquipSalesOrderLines/ESO_Line_Unit' is double clicked on

2017-12-06 12:47:02 - [MESSAGE][PASSED] - Object: 'Object Repository/Equipment/EquipmentSales/EquipSalesOrderLines/ESO_Line_Unit' is double clicked on

2017-12-06 12:47:02 - [TEST_STEP][PASSED] - delay: Delayed 2 second(s)

2017-12-06 12:47:04 - [MESSAGE][PASSED] - Delayed 2 second(s)

2017-12-06 12:47:04 - [TEST_STEP][PASSED] - setText: Text 'MD0018388' is set on object 'Object Repository/Equipment/EquipmentSales/EquipSalesOrderLines/ESO_Line_Unit'

2017-12-06 12:47:04 - [MESSAGE][PASSED] - Text 'MD0018388' is set on object 'Object Repository/Equipment/EquipmentSales/EquipSalesOrderLines/ESO_Line_Unit'

2017-12-06 12:47:04 - [TEST_STEP][PASSED] - doubleClick: Object: 'Object Repository/Equipment/EquipmentSales/EquipSalesOrderLines/EquipSalesOrder_Price' is double clicked on

2017-12-06 12:47:04 - [MESSAGE][PASSED] - Object: 'Object Repository/Equipment/EquipmentSales/EquipSalesOrderLines/EquipSalesOrder_Price' is double clicked on

2017-12-06 12:47:04 - [TEST_STEP][PASSED] - delay: Delayed 2 second(s)

2017-12-06 12:47:06 - [MESSAGE][PASSED] - Delayed 2 second(s)

2017-12-06 12:47:06 - [TEST_STEP][PASSED] - setText: Text '10' is set on object 'Object Repository/Equipment/EquipmentSales/EquipSalesOrderLines/EquipSalesOrder_Price'

2017-12-06 12:47:06 - [MESSAGE][PASSED] - Text '10' is set on object 'Object Repository/Equipment/EquipmentSales/EquipSalesOrderLines/EquipSalesOrder_Price'

2017-12-06 12:47:06 - [TEST_STEP][PASSED] - click: Object: 'Object Repository/Equipment/EquipmentSales/EquipSalesOrderLines/EquipSaleOrder_Save' is clicked on

2017-12-06 12:47:06 - [MESSAGE][PASSED] - Object: 'Object Repository/Equipment/EquipmentSales/EquipSalesOrderLines/EquipSaleOrder_Save' is clicked on

2017-12-06 12:47:06 - [TEST_STEP][PASSED] - waitForElementPresent: Object 'Object Repository/Equipment/EquipmentSales/EquipSalesOrderLines/EquipSalesOrder_taxok' is present

2017-12-06 12:47:07 - [MESSAGE][PASSED] - Object 'Object Repository/Equipment/EquipmentSales/EquipSalesOrderLines/EquipSalesOrder_taxok' is present

2017-12-06 12:47:07 - [TEST_STEP][PASSED] - click: Object: 'Object Repository/Equipment/EquipmentSales/EquipSalesOrderLines/EquipSalesOrder_taxok' is clicked on

2017-12-06 12:47:07 - [MESSAGE][PASSED] - Object: 'Object Repository/Equipment/EquipmentSales/EquipSalesOrderLines/EquipSalesOrder_taxok' is clicked on

2017-12-06 12:47:07 - [TEST_STEP][NOT_RUN] - click: NOT_RUN: click

2017-12-06 12:47:07 - [MESSAGE][NOT_RUN] - NOT_RUN: click

2017-12-06 12:47:07 - [TEST_STEP][PASSED] - delay: Delayed 2 second(s)

2017-12-06 12:47:09 - [MESSAGE][PASSED] - Delayed 2 second(s)

2017-12-06 12:47:09 - [TEST_STEP][PASSED] - click: Object: 'Object Repository/Equipment/EquipmentSales/EquipSalesOrderLines/EquipSaleOrder_SavenClose' is clicked on

2017-12-06 12:47:10 - [MESSAGE][PASSED] - Object: 'Object Repository/Equipment/EquipmentSales/EquipSalesOrderLines/EquipSaleOrder_SavenClose' is clicked on

2017-12-06 12:47:10 - [TEST_STEP][PASSED] - delay: Delayed 2 second(s)

2017-12-06 12:47:12 - [MESSAGE][PASSED] - Delayed 2 second(s)

2017-12-06 12:47:12 - [TEST_STEP][PASSED] - click: Object: 'Object Repository/Equipment/EquipmentSales/EquipmentSalesAgreementHeader/EquipSalesOrder_MMTsavenClose' is clicked on

2017-12-06 12:47:12 - [MESSAGE][PASSED] - Object: 'Object Repository/Equipment/EquipmentSales/EquipmentSalesAgreementHeader/EquipSalesOrder_MMTsavenClose' is clicked on

2017-12-06 12:47:12 - [MESSAGE][PASSED] - Call Test Case 'Test Cases/Equipment/Base_EquipmentSales/Base_EquipmentSalesAddLine' successfully

2017-12-06 12:47:12 - [TEST_STEP][PASSED] - callTestCase: Call Test Case 'Test Cases/Equipment/Base_EquipmentSales/Base_EquipSaleOrderProcessing' successfully

2017-12-06 12:47:12 - [TEST_CASE][PASSED] - Test Cases/Equipment/Base_EquipmentSales/Base_EquipSaleOrderProcessing: Test Cases/Equipment/Base_EquipmentSales/Base_EquipSaleOrderProcessing

2017-12-06 12:47:12 - [TEST_STEP][PASSED] - click: Object: 'Object Repository/Equipment/EquipmentSales/EquipmentSalesAgreementHeader/EquipSalesOrder_Action' is clicked on

2017-12-06 12:47:12 - [MESSAGE][PASSED] - Object: 'Object Repository/Equipment/EquipmentSales/EquipmentSalesAgreementHeader/EquipSalesOrder_Action' is clicked on

2017-12-06 12:47:12 - [TEST_STEP][PASSED] - delay: Delayed 2 second(s)

2017-12-06 12:47:14 - [MESSAGE][PASSED] - Delayed 2 second(s)

2017-12-06 12:47:14 - [TEST_STEP][PASSED] - click: Object: 'Object Repository/Equipment/EquipmentSales/EquipSalesOrder_Process/EquipSalesOrder_SendForApproval' is clicked on

2017-12-06 12:47:15 - [MESSAGE][PASSED] - Object: 'Object Repository/Equipment/EquipmentSales/EquipSalesOrder_Process/EquipSalesOrder_SendForApproval' is clicked on

2017-12-06 12:47:15 - [TEST_STEP][PASSED] - delay: Delayed 2 second(s)

2017-12-06 12:47:17 - [MESSAGE][PASSED] - Delayed 2 second(s)

2017-12-06 12:47:17 - [TEST_STEP][PASSED] - verifyElementText: Actual text and expected text of test object 'Object Repository/Equipment/EquipmentSales/EquipSalesOrder_Process/EquipSalesOrder_Status' are matched.

2017-12-06 12:47:17 - [MESSAGE][PASSED] - Actual text and expected text of test object 'Object Repository/Equipment/EquipmentSales/EquipSalesOrder_Process/EquipSalesOrder_Status' are matched.

2017-12-06 12:47:17 - [TEST_STEP][PASSED] - click: Object: 'Object Repository/Equipment/EquipmentSales/EquipmentSalesAgreementHeader/EquipSalesOrder_Action' is clicked on

2017-12-06 12:47:17 - [MESSAGE][PASSED] - Object: 'Object Repository/Equipment/EquipmentSales/EquipmentSalesAgreementHeader/EquipSalesOrder_Action' is clicked on

2017-12-06 12:47:17 - [TEST_STEP][PASSED] - delay: Delayed 2 second(s)

2017-12-06 12:47:19 - [MESSAGE][PASSED] - Delayed 2 second(s)

2017-12-06 12:47:19 - [TEST_STEP][PASSED] - click: Object: 'Object Repository/Equipment/EquipmentSales/EquipSalesOrder_Process/EquipSalesOrder_Action_Approve' is clicked on

2017-12-06 12:47:19 - [MESSAGE][PASSED] - Object: 'Object Repository/Equipment/EquipmentSales/EquipSalesOrder_Process/EquipSalesOrder_Action_Approve' is clicked on

2017-12-06 12:47:19 - [TEST_STEP][PASSED] - delay: Delayed 2 second(s)

2017-12-06 12:47:21 - [MESSAGE][PASSED] - Delayed 2 second(s)

2017-12-06 12:47:21 - [TEST_STEP][PASSED] - click: Object: 'Object Repository/Equipment/EquipmentSales/EquipmentSalesAgreementHeader/EquipSalesOrder_Action' is clicked on

2017-12-06 12:47:21 - [MESSAGE][PASSED] - Object: 'Object Repository/Equipment/EquipmentSales/EquipmentSalesAgreementHeader/EquipSalesOrder_Action' is clicked on

2017-12-06 12:47:21 - [TEST_STEP][PASSED] - delay: Delayed 2 second(s)

2017-12-06 12:47:23 - [MESSAGE][PASSED] - Delayed 2 second(s)

2017-12-06 12:47:23 - [TEST_STEP][PASSED] - verifyElementText: Actual text and expected text of test object 'Object Repository/Equipment/EquipmentSales/EquipSalesOrder_Process/EquipSalesOrder_Status' are matched.

2017-12-06 12:47:23 - [MESSAGE][PASSED] - Actual text and expected text of test object 'Object Repository/Equipment/EquipmentSales/EquipSalesOrder_Process/EquipSalesOrder_Status' are matched.

2017-12-06 12:47:23 - [TEST_STEP][PASSED] - delay: Delayed 2 second(s)

2017-12-06 12:47:25 - [MESSAGE][PASSED] - Delayed 2 second(s)

2017-12-06 12:47:25 - [TEST_STEP][PASSED] - click: Object: 'Object Repository/Equipment/EquipmentSales/EquipmentSalesAgreementHeader/ESO_Header_Print' is clicked on

2017-12-06 12:47:26 - [MESSAGE][PASSED] - Object: 'Object Repository/Equipment/EquipmentSales/EquipmentSalesAgreementHeader/ESO_Header_Print' is clicked on

2017-12-06 12:47:26 - [TEST_STEP][PASSED] - click: Object: 'Object Repository/Equipment/EquipmentSales/EquipmentSalesAgreementHeader/ESO_Header_Print_FinalPrint' is clicked on

2017-12-06 12:47:26 - [MESSAGE][PASSED] - Object: 'Object Repository/Equipment/EquipmentSales/EquipmentSalesAgreementHeader/ESO_Header_Print_FinalPrint' is clicked on

2017-12-06 12:47:26 - [TEST_STEP][PASSED] - click: Object: 'Object Repository/Equipment/EquipmentSales/EquipmentSalesAgreementHeader/ESO_Header_Print_Print' is clicked on

2017-12-06 12:47:26 - [MESSAGE][PASSED] - Object: 'Object Repository/Equipment/EquipmentSales/EquipmentSalesAgreementHeader/ESO_Header_Print_Print' is clicked on

2017-12-06 12:47:26 - [TEST_STEP][PASSED] - click: Object: 'Object Repository/Equipment/EquipmentSales/EquipmentSalesAgreementHeader/ESO_Header_Print_ESOOK' is clicked on

2017-12-06 12:47:27 - [MESSAGE][PASSED] - Object: 'Object Repository/Equipment/EquipmentSales/EquipmentSalesAgreementHeader/ESO_Header_Print_ESOOK' is clicked on

2017-12-06 12:47:27 - [TEST_STEP][PASSED] - delay: Delayed 2 second(s)

2017-12-06 12:47:29 - [MESSAGE][PASSED] - Delayed 2 second(s)

2017-12-06 12:47:29 - [TEST_STEP][PASSED] - click: Object: 'Object Repository/Equipment/EquipmentSales/EquipmentSalesAgreementHeader/ESO_Print_Device' is clicked on

2017-12-06 12:47:30 - [MESSAGE][PASSED] - Object: 'Object Repository/Equipment/EquipmentSales/EquipmentSalesAgreementHeader/ESO_Print_Device' is clicked on

2017-12-06 12:47:30 - [TEST_STEP][PASSED] - delay: Delayed 2 second(s)

2017-12-06 12:47:32 - [MESSAGE][PASSED] - Delayed 2 second(s)

2017-12-06 12:47:32 - [TEST_STEP][PASSED] - setText: Text 'D' is set on object 'Object Repository/Equipment/EquipmentSales/EquipmentSalesAgreementHeader/ESO_Print_Device'

2017-12-06 12:47:32 - [MESSAGE][PASSED] - Text 'D' is set on object 'Object Repository/Equipment/EquipmentSales/EquipmentSalesAgreementHeader/ESO_Print_Device'

2017-12-06 12:47:32 - [TEST_STEP][PASSED] - click: Object: 'Object Repository/Equipment/EquipmentSales/EquipmentSalesAgreementHeader/ESO_Header_Print_Continue' is clicked on

2017-12-06 12:47:32 - [MESSAGE][PASSED] - Object: 'Object Repository/Equipment/EquipmentSales/EquipmentSalesAgreementHeader/ESO_Header_Print_Continue' is clicked on

2017-12-06 12:47:32 - [TEST_STEP][PASSED] - delay: Delayed 3 second(s)

2017-12-06 12:47:35 - [MESSAGE][PASSED] - Delayed 3 second(s)

2017-12-06 12:47:35 - [TEST_STEP][PASSED] - click: Object: 'Object Repository/Equipment/EquipmentSales/EquipmentSalesAgreementHeader/ESO_Tab' is clicked on

2017-12-06 12:47:35 - [MESSAGE][PASSED] - Object: 'Object Repository/Equipment/EquipmentSales/EquipmentSalesAgreementHeader/ESO_Tab' is clicked on

2017-12-06 12:47:35 - [TEST_STEP][PASSED] - click: Object: 'Object Repository/Equipment/EquipmentSales/EquipmentSalesAgreementHeader/ESO_Print_Close' is clicked on

2017-12-06 12:47:36 - [MESSAGE][PASSED] - Object: 'Object Repository/Equipment/EquipmentSales/EquipmentSalesAgreementHeader/ESO_Print_Close' is clicked on

2017-12-06 12:47:36 - [TEST_STEP][PASSED] - delay: Delayed 3 second(s)

2017-12-06 12:47:39 - [MESSAGE][PASSED] - Delayed 3 second(s)

2017-12-06 12:47:39 - [TEST_STEP][PASSED] - click: Object: 'Object Repository/Equipment/EquipmentSales/EquipmentSalesAgreementHeader/EquipSalesOrder_Action' is clicked on

2017-12-06 12:47:39 - [MESSAGE][PASSED] - Object: 'Object Repository/Equipment/EquipmentSales/EquipmentSalesAgreementHeader/EquipSalesOrder_Action' is clicked on

2017-12-06 12:47:39 - [TEST_STEP][PASSED] - click: Object: 'Object Repository/Equipment/EquipmentSales/EquipmentSalesAgreementHeader/ESO_Header_Action_EquipmentDelivery' is clicked on

2017-12-06 12:47:39 - [MESSAGE][PASSED] - Object: 'Object Repository/Equipment/EquipmentSales/EquipmentSalesAgreementHeader/ESO_Header_Action_EquipmentDelivery' is clicked on

2017-12-06 12:47:39 - [TEST_STEP][PASSED] - waitForElementPresent: Object 'Object Repository/Equipment/EquipmentSales/EquipmentDelivery/ESO_Delivery_Agreement' is present

2017-12-06 12:47:41 - [MESSAGE][PASSED] - Object 'Object Repository/Equipment/EquipmentSales/EquipmentDelivery/ESO_Delivery_Agreement' is present

2017-12-06 12:47:41 - [TEST_STEP][PASSED] - click: Object: 'Object Repository/Equipment/EquipmentSales/EquipmentDelivery/ESO_Delivery_Agreement' is clicked on

2017-12-06 12:47:41 - [MESSAGE][PASSED] - Object: 'Object Repository/Equipment/EquipmentSales/EquipmentDelivery/ESO_Delivery_Agreement' is clicked on

2017-12-06 12:47:41 - [TEST_STEP][PASSED] - click: Object: 'Object Repository/Equipment/EquipmentSales/EquipmentDelivery/ESO_Delivery_Save' is clicked on

2017-12-06 12:47:41 - [MESSAGE][PASSED] - Object: 'Object Repository/Equipment/EquipmentSales/EquipmentDelivery/ESO_Delivery_Save' is clicked on

2017-12-06 12:47:41 - [TEST_STEP][PASSED] - delay: Delayed 3 second(s)

2017-12-06 12:47:44 - [MESSAGE][PASSED] - Delayed 3 second(s)

2017-12-06 12:47:44 - [TEST_STEP][PASSED] - click: Object: 'Object Repository/Equipment/EquipmentSales/EquipmentDelivery/ESO_Delivery_Action' is clicked on

2017-12-06 12:47:44 - [MESSAGE][PASSED] - Object: 'Object Repository/Equipment/EquipmentSales/EquipmentDelivery/ESO_Delivery_Action' is clicked on

2017-12-06 12:47:44 - [TEST_STEP][PASSED] - click: Object: 'Object Repository/Equipment/EquipmentSales/EquipmentDelivery/ESO_Delivery_Action_Line' is clicked on

2017-12-06 12:47:44 - [MESSAGE][PASSED] - Object: 'Object Repository/Equipment/EquipmentSales/EquipmentDelivery/ESO_Delivery_Action_Line' is clicked on

2017-12-06 12:47:44 - [TEST_STEP][PASSED] - waitForElementPresent: Object 'Object Repository/Equipment/EquipmentSales/EquipmentDelivery/ESO_DeliveryLine_New' is present

2017-12-06 12:47:46 - [MESSAGE][PASSED] - Object 'Object Repository/Equipment/EquipmentSales/EquipmentDelivery/ESO_DeliveryLine_New' is present

2017-12-06 12:47:46 - [TEST_STEP][PASSED] - click: Object: 'Object Repository/Equipment/EquipmentSales/EquipmentDelivery/ESO_DeliveryLine_New' is clicked on

2017-12-06 12:47:46 - [MESSAGE][PASSED] - Object: 'Object Repository/Equipment/EquipmentSales/EquipmentDelivery/ESO_DeliveryLine_New' is clicked on

2017-12-06 12:47:46 - [TEST_STEP][PASSED] - delay: Delayed 2 second(s)

2017-12-06 12:47:48 - [MESSAGE][PASSED] - Delayed 2 second(s)

2017-12-06 12:47:48 - [TEST_STEP][PASSED] - click: Object: 'Object Repository/Equipment/EquipmentSales/EquipmentDelivery/ESO_DeliveryLine_SelectLine' is clicked on

2017-12-06 12:47:48 - [MESSAGE][PASSED] - Object: 'Object Repository/Equipment/EquipmentSales/EquipmentDelivery/ESO_DeliveryLine_SelectLine' is clicked on

2017-12-06 12:47:48 - [TEST_STEP][PASSED] - delay: Delayed 2 second(s)

2017-12-06 12:47:50 - [MESSAGE][PASSED] - Delayed 2 second(s)

2017-12-06 12:47:50 - [TEST_STEP][PASSED] - click: Object: 'Object Repository/Equipment/EquipmentSales/EquipmentDelivery/ESO_SelectDeliveryLine_SaveNclose' is clicked on

2017-12-06 12:47:50 - [MESSAGE][PASSED] - Object: 'Object Repository/Equipment/EquipmentSales/EquipmentDelivery/ESO_SelectDeliveryLine_SaveNclose' is clicked on

2017-12-06 12:47:50 - [TEST_STEP][PASSED] - delay: Delayed 2 second(s)

2017-12-06 12:47:52 - [MESSAGE][PASSED] - Delayed 2 second(s)

2017-12-06 12:47:52 - [TEST_STEP][PASSED] - click: Object: 'Object Repository/Equipment/EquipmentSales/EquipmentDelivery/ESO_DeliveryLine_Action' is clicked on

2017-12-06 12:47:53 - [MESSAGE][PASSED] - Object: 'Object Repository/Equipment/EquipmentSales/EquipmentDelivery/ESO_DeliveryLine_Action' is clicked on

2017-12-06 12:47:53 - [TEST_STEP][PASSED] - click: Object: 'Object Repository/Equipment/EquipmentSales/EquipmentDelivery/ESO_Delivery_ActionConfirm' is clicked on

2017-12-06 12:47:53 - [MESSAGE][PASSED] - Object: 'Object Repository/Equipment/EquipmentSales/EquipmentDelivery/ESO_Delivery_ActionConfirm' is clicked on

2017-12-06 12:47:53 - [TEST_STEP][PASSED] - delay: Delayed 3 second(s)

2017-12-06 12:47:56 - [MESSAGE][PASSED] - Delayed 3 second(s)

2017-12-06 12:47:56 - [TEST_STEP][PASSED] - click: Object: 'Object Repository/Equipment/EquipmentSales/EquipmentDelivery/ESO_Delivery_ConfirmYes' is clicked on

2017-12-06 12:48:08 - [MESSAGE][PASSED] - Object: 'Object Repository/Equipment/EquipmentSales/EquipmentDelivery/ESO_Delivery_ConfirmYes' is clicked on

2017-12-06 12:48:08 - [TEST_STEP][NOT_RUN] - click: NOT_RUN: click

2017-12-06 12:48:08 - [MESSAGE][NOT_RUN] - NOT_RUN: click

2017-12-06 12:48:08 - [TEST_STEP][PASSED] - setText: Text 'D' is set on object 'Object Repository/Equipment/EquipmentSales/EquipmentDelivery/ESO_Delivery_Device'

2017-12-06 12:48:08 - [MESSAGE][PASSED] - Text 'D' is set on object 'Object Repository/Equipment/EquipmentSales/EquipmentDelivery/ESO_Delivery_Device'

2017-12-06 12:48:08 - [TEST_STEP][PASSED] - click: Object: 'Object Repository/Equipment/EquipmentSales/EquipmentDelivery/ESO_Delivery_printContinue' is clicked on

2017-12-06 12:48:08 - [MESSAGE][PASSED] - Object: 'Object Repository/Equipment/EquipmentSales/EquipmentDelivery/ESO_Delivery_printContinue' is clicked on

2017-12-06 12:48:08 - [TEST_STEP][PASSED] - delay: Delayed 5 second(s)

2017-12-06 12:48:13 - [MESSAGE][PASSED] - Delayed 5 second(s)

2017-12-06 12:48:13 - [MESSAGE][PASSED] - Call Test Case 'Test Cases/Equipment/Base_EquipmentSales/Base_EquipSaleOrderProcessing' successfully

2017-12-06 12:48:13 - [TEST_STEP][PASSED] - callTestCase: Call Test Case 'Test Cases/Equipment/Base_EquipmentSales/Base_EquipSaleOrder_Invoice_cc' successfully

2017-12-06 12:48:14 - [TEST_CASE][PASSED] - Test Cases/Equipment/Base_EquipmentSales/Base_EquipSaleOrder_Invoice_cc: Test Cases/Equipment/Base_EquipmentSales/Base_EquipSaleOrder_Invoice_cc

2017-12-06 12:48:14 - [TEST_STEP][PASSED] - delay: Delayed 5 second(s)

2017-12-06 12:48:19 - [MESSAGE][PASSED] - Delayed 5 second(s)

2017-12-06 12:48:19 - [TEST_STEP][PASSED] - click: Object: 'Object Repository/Equipment/EquipmentSales/EquipmentDelivery/ESO_EquipDeliveryTab' is clicked on

2017-12-06 12:48:19 - [MESSAGE][PASSED] - Object: 'Object Repository/Equipment/EquipmentSales/EquipmentDelivery/ESO_EquipDeliveryTab' is clicked on

2017-12-06 12:48:19 - [TEST_STEP][PASSED] - delay: Delayed 3 second(s)

2017-12-06 12:48:22 - [MESSAGE][PASSED] - Delayed 3 second(s)

2017-12-06 12:48:22 - [TEST_STEP][PASSED] - click: Object: 'Object Repository/Equipment/EquipmentSales/EquipmentDelivery/ESO_Delivery_Action' is clicked on

2017-12-06 12:48:22 - [MESSAGE][PASSED] - Object: 'Object Repository/Equipment/EquipmentSales/EquipmentDelivery/ESO_Delivery_Action' is clicked on

2017-12-06 12:48:22 - [TEST_STEP][PASSED] - click: Object: 'Object Repository/Equipment/EquipmentSales/EquipmentDelivery/ESO_Delivery_Action_SaleInvoice' is clicked on

2017-12-06 12:48:23 - [MESSAGE][PASSED] - Object: 'Object Repository/Equipment/EquipmentSales/EquipmentDelivery/ESO_Delivery_Action_SaleInvoice' is clicked on

2017-12-06 12:48:23 - [TEST_STEP][PASSED] - delay: Delayed 3 second(s)

2017-12-06 12:48:26 - [MESSAGE][PASSED] - Delayed 3 second(s)

2017-12-06 12:48:26 - [TEST_STEP][PASSED] - click: Object: 'Object Repository/Equipment/EquipmentSales/EquipmentSalesInvoiceCC/ESO_CC_ContinueInvoice' is clicked on

2017-12-06 12:48:26 - [MESSAGE][PASSED] - Object: 'Object Repository/Equipment/EquipmentSales/EquipmentSalesInvoiceCC/ESO_CC_ContinueInvoice' is clicked on

2017-12-06 12:48:26 - [TEST_STEP][PASSED] - delay: Delayed 3 second(s)

2017-12-06 12:48:29 - [MESSAGE][PASSED] - Delayed 3 second(s)

2017-12-06 12:48:29 - [TEST_STEP][PASSED] - setText: Text 'PUBL' is set on object 'Object Repository/Equipment/EquipmentSales/EquipmentSalesInvoiceCC/CCInterface_PaymentGateway'

2017-12-06 12:48:29 - [MESSAGE][PASSED] - Text 'PUBL' is set on object 'Object Repository/Equipment/EquipmentSales/EquipmentSalesInvoiceCC/CCInterface_PaymentGateway'

2017-12-06 12:48:29 - [TEST_STEP][PASSED] - doubleClick: Object: 'Object Repository/Equipment/EquipmentSales/EquipmentSalesInvoiceCC/CCInterface_CardType' is double clicked on

2017-12-06 12:48:29 - [MESSAGE][PASSED] - Object: 'Object Repository/Equipment/EquipmentSales/EquipmentSalesInvoiceCC/CCInterface_CardType' is double clicked on

2017-12-06 12:48:29 - [TEST_STEP][PASSED] - setText: Text 'Visa Card' is set on object 'Object Repository/Equipment/EquipmentSales/EquipmentSalesInvoiceCC/CCInterface_CardType'

2017-12-06 12:48:30 - [MESSAGE][PASSED] - Text 'Visa Card' is set on object 'Object Repository/Equipment/EquipmentSales/EquipmentSalesInvoiceCC/CCInterface_CardType'

2017-12-06 12:48:30 - [TEST_STEP][PASSED] - delay: Delayed 3 second(s)

2017-12-06 12:48:33 - [MESSAGE][PASSED] - Delayed 3 second(s)

2017-12-06 12:48:33 - [TEST_STEP][PASSED] - doubleClick: Object: 'Object Repository/Equipment/EquipmentSales/EquipmentSalesInvoiceCC/CCInterface_CardNo' is double clicked on

2017-12-06 12:48:33 - [MESSAGE][PASSED] - Object: 'Object Repository/Equipment/EquipmentSales/EquipmentSalesInvoiceCC/CCInterface_CardNo' is double clicked on

2017-12-06 12:48:33 - [TEST_STEP][PASSED] - setText: Text '4012000033330026' is set on object 'Object Repository/Equipment/EquipmentSales/EquipmentSalesInvoiceCC/CCInterface_CardNo'

2017-12-06 12:48:33 - [MESSAGE][PASSED] - Text '4012000033330026' is set on object 'Object Repository/Equipment/EquipmentSales/EquipmentSalesInvoiceCC/CCInterface_CardNo'

2017-12-06 12:48:33 - [TEST_STEP][PASSED] - setText: Text '456' is set on object 'Object Repository/Equipment/EquipmentSales/EquipmentSalesInvoiceCC/CCInterface_CVV'

2017-12-06 12:48:33 - [MESSAGE][PASSED] - Text '456' is set on object 'Object Repository/Equipment/EquipmentSales/EquipmentSalesInvoiceCC/CCInterface_CVV'

2017-12-06 12:48:33 - [TEST_STEP][PASSED] - setText: Text '09' is set on object 'Object Repository/Equipment/EquipmentSales/EquipmentSalesInvoiceCC/CCInterface_MM'

2017-12-06 12:48:33 - [MESSAGE][PASSED] - Text '09' is set on object 'Object Repository/Equipment/EquipmentSales/EquipmentSalesInvoiceCC/CCInterface_MM'

2017-12-06 12:48:33 - [TEST_STEP][PASSED] - setText: Text '99' is set on object 'Object Repository/Equipment/EquipmentSales/EquipmentSalesInvoiceCC/CCInterface_YY'

2017-12-06 12:48:34 - [MESSAGE][PASSED] - Text '99' is set on object 'Object Repository/Equipment/EquipmentSales/EquipmentSalesInvoiceCC/CCInterface_YY'

2017-12-06 12:48:34 - [TEST_STEP][PASSED] - click: Object: 'Object Repository/Equipment/EquipmentSales/EquipmentSalesInvoiceCC/CCInterface_Process' is clicked on

2017-12-06 12:48:34 - [MESSAGE][PASSED] - Object: 'Object Repository/Equipment/EquipmentSales/EquipmentSalesInvoiceCC/CCInterface_Process' is clicked on

2017-12-06 12:48:34 - [TEST_STEP][PASSED] - delay: Delayed 5 second(s)

2017-12-06 12:48:39 - [MESSAGE][PASSED] - Delayed 5 second(s)

2017-12-06 12:48:39 - [TEST_STEP][PASSED] - waitForElementPresent: Object 'Object Repository/Equipment/EquipmentSales/EquipmentSalesInvoiceCC/EPO_Invoice_TextSelection' is present

2017-12-06 12:48:44 - [MESSAGE][PASSED] - Object 'Object Repository/Equipment/EquipmentSales/EquipmentSalesInvoiceCC/EPO_Invoice_TextSelection' is present

2017-12-06 12:48:44 - [TEST_STEP][PASSED] - click: Object: 'Object Repository/Equipment/EquipmentSales/EquipmentSalesInvoiceCC/EPO_Invoice_TextSelection' is clicked on

2017-12-06 12:48:45 - [MESSAGE][PASSED] - Object: 'Object Repository/Equipment/EquipmentSales/EquipmentSalesInvoiceCC/EPO_Invoice_TextSelection' is clicked on

2017-12-06 12:48:45 - [TEST_STEP][PASSED] - setText: Text 'D' is set on object 'Object Repository/Equipment/EquipmentSales/EquipmentSalesInvoiceCC/EPO_Invoice_Device'

2017-12-06 12:48:46 - [MESSAGE][PASSED] - Text 'D' is set on object 'Object Repository/Equipment/EquipmentSales/EquipmentSalesInvoiceCC/EPO_Invoice_Device'

2017-12-06 12:48:46 - [TEST_STEP][PASSED] - click: Object: 'Object Repository/Equipment/EquipmentSales/EquipmentSalesInvoiceCC/EPO_Invoice_Continue' is clicked on

2017-12-06 12:48:47 - [MESSAGE][PASSED] - Object: 'Object Repository/Equipment/EquipmentSales/EquipmentSalesInvoiceCC/EPO_Invoice_Continue' is clicked on

2017-12-06 12:48:47 - [TEST_STEP][PASSED] - delay: Delayed 10 second(s)

2017-12-06 12:48:57 - [MESSAGE][PASSED] - Delayed 10 second(s)

2017-12-06 12:48:57 - [MESSAGE][PASSED] - Call Test Case 'Test Cases/Equipment/Base_EquipmentSales/Base_EquipSaleOrder_Invoice_cc' successfully

2017-12-06 12:48:57 - [TEST_STEP][PASSED] - callTestCase: Call Test Case 'Test Cases/Parts/BaseTestCases/Base_Part_GetInvoiceDetails' successfully

2017-12-06 12:48:57 - [TEST_CASE][PASSED] - Test Cases/Parts/BaseTestCases/Base_Part_GetInvoiceDetails: Test Cases/Parts/BaseTestCases/Base_Part_GetInvoiceDetails

2017-12-06 12:48:57 - [TEST_STEP][PASSED] - callTestCase: Call Test Case 'Test Cases/Common/Base_Common_OpenSession' successfully

2017-12-06 12:48:57 - [TEST_CASE][PASSED] - Test Cases/Common/Base_Common_OpenSession: Test Cases/Common/Base_Common_OpenSession

2017-12-06 12:48:57 - [TEST_STEP][PASSED] - openBrowser: Browser is opened with url: 'https://rgajbhiye:Robin$123@proxima-ln4.e-emphasys.com:8441/webui/servlet/login'

2017-12-06 12:48:57 - [MESSAGE][WARNING] - A browser is already opened. Closing browser and opening a new one

2017-12-06 12:49:05 - [MESSAGE][PASSED] - Browser is opened with url: 'https://rgajbhiye:Robin$123@proxima-ln4.e-emphasys.com:8441/webui/servlet/login'

2017-12-06 12:49:05 - [TEST_STEP][PASSED] - waitForPageLoad: Wait for page load successfully

2017-12-06 12:49:05 - [MESSAGE][PASSED] - Wait for page load successfully

2017-12-06 12:49:05 - [TEST_STEP][PASSED] - maximizeWindow: Current window maximized

2017-12-06 12:49:06 - [MESSAGE][PASSED] - Current window maximized

2017-12-06 12:49:06 - [TEST_STEP][PASSED] - click: Object: 'Object Repository/Common/HomePage/HomePage_more' is clicked on

2017-12-06 12:49:09 - [MESSAGE][PASSED] - Object: 'Object Repository/Common/HomePage/HomePage_more' is clicked on

2017-12-06 12:49:09 - [TEST_STEP][PASSED] - click: Object: 'Object Repository/Common/HomePage/HomePage_Option' is clicked on

2017-12-06 12:49:09 - [MESSAGE][PASSED] - Object: 'Object Repository/Common/HomePage/HomePage_Option' is clicked on

2017-12-06 12:49:09 - [TEST_STEP][PASSED] - click: Object: 'Object Repository/Common/HomePage/HomePage_RunProgram_' is clicked on

2017-12-06 12:49:09 - [MESSAGE][PASSED] - Object: 'Object Repository/Common/HomePage/HomePage_RunProgram_' is clicked on

2017-12-06 12:49:09 - [TEST_STEP][PASSED] - sendKeys: Keys 'ttaad4500' sent to object: 'Object Repository/Common/HomePage/HomePage_Session_ID'

2017-12-06 12:49:10 - [MESSAGE][PASSED] - Keys 'ttaad4500' sent to object: 'Object Repository/Common/HomePage/HomePage_Session_ID'

2017-12-06 12:49:10 - [TEST_STEP][PASSED] - click: Object: 'Object Repository/Common/HomePage/HomePage_OkButton' is clicked on

2017-12-06 12:49:10 - [MESSAGE][PASSED] - Object: 'Object Repository/Common/HomePage/HomePage_OkButton' is clicked on

2017-12-06 12:49:10 - [MESSAGE][PASSED] - Call Test Case 'Test Cases/Common/Base_Common_OpenSession' successfully

2017-12-06 12:49:10 - [TEST_STEP][PASSED] - doubleClick: Object: 'Object Repository/Parts/cisli245/cisli245_package' is double clicked on

2017-12-06 12:49:10 - [MESSAGE][PASSED] - Object: 'Object Repository/Parts/cisli245/cisli245_package' is double clicked on

2017-12-06 12:49:10 - [TEST_STEP][PASSED] - setText: Text 'ci' is set on object 'Object Repository/Parts/cisli245/cisli245_package'

2017-12-06 12:49:11 - [MESSAGE][PASSED] - Text 'ci' is set on object 'Object Repository/Parts/cisli245/cisli245_package'

2017-12-06 12:49:11 - [TEST_STEP][PASSED] - doubleClick: Object: 'Object Repository/Parts/cisli245/cisli245_module' is double clicked on

2017-12-06 12:49:11 - [MESSAGE][PASSED] - Object: 'Object Repository/Parts/cisli245/cisli245_module' is double clicked on

2017-12-06 12:49:11 - [TEST_STEP][PASSED] - setText: Text 'sli' is set on object 'Object Repository/Parts/cisli245/cisli245_module'

2017-12-06 12:49:11 - [MESSAGE][PASSED] - Text 'sli' is set on object 'Object Repository/Parts/cisli245/cisli245_module'

2017-12-06 12:49:11 - [TEST_STEP][PASSED] - delay: Delayed 2 second(s)

2017-12-06 12:49:13 - [MESSAGE][PASSED] - Delayed 2 second(s)

2017-12-06 12:49:13 - [TEST_STEP][PASSED] - doubleClick: Object: 'Object Repository/Parts/cisli245/cisli245_table' is double clicked on

2017-12-06 12:49:13 - [MESSAGE][PASSED] - Object: 'Object Repository/Parts/cisli245/cisli245_table' is double clicked on

2017-12-06 12:49:13 - [TEST_STEP][PASSED] - setText: Text '245' is set on object 'Object Repository/Parts/cisli245/cisli245_table'

2017-12-06 12:49:13 - [MESSAGE][PASSED] - Text '245' is set on object 'Object Repository/Parts/cisli245/cisli245_table'

2017-12-06 12:49:13 - [TEST_STEP][PASSED] - click: Object: 'Object Repository/Parts/cisli245/cisli245_ok' is clicked on

2017-12-06 12:49:13 - [MESSAGE][PASSED] - Object: 'Object Repository/Parts/cisli245/cisli245_ok' is clicked on

2017-12-06 12:49:13 - [TEST_STEP][NOT_RUN] - doubleClick: NOT_RUN: doubleClick

2017-12-06 12:49:13 - [MESSAGE][NOT_RUN] - NOT_RUN: doubleClick

2017-12-06 12:49:13 - [TEST_STEP][PASSED] - click: Object: 'Object Repository/Parts/cisli245/cisli245_find' is clicked on

2017-12-06 12:49:15 - [MESSAGE][PASSED] - Object: 'Object Repository/Parts/cisli245/cisli245_find' is clicked on

2017-12-06 12:49:15 - [TEST_STEP][PASSED] - doubleClick: Object: 'Object Repository/Parts/cisli245/cisli245_SaleOrder' is double clicked on

2017-12-06 12:49:16 - [MESSAGE][PASSED] - Object: 'Object Repository/Parts/cisli245/cisli245_SaleOrder' is double clicked on

2017-12-06 12:49:16 - [TEST_STEP][PASSED] - setText: Text 'ESA016786' is set on object 'Object Repository/Parts/cisli245/cisli245_SaleOrder'

2017-12-06 12:49:16 - [MESSAGE][PASSED] - Text 'ESA016786' is set on object 'Object Repository/Parts/cisli245/cisli245_SaleOrder'

2017-12-06 12:49:16 - [TEST_STEP][PASSED] - click: Object: 'Object Repository/Parts/cisli245/cisli245_oksearch' is clicked on

2017-12-06 12:49:16 - [MESSAGE][PASSED] - Object: 'Object Repository/Parts/cisli245/cisli245_oksearch' is clicked on

2017-12-06 12:49:16 - [TEST_STEP][PASSED] - delay: Delayed 3 second(s)

2017-12-06 12:49:19 - [MESSAGE][PASSED] - Delayed 3 second(s)

2017-12-06 12:49:19 - [TEST_STEP][PASSED] - getAttribute: Attribute 'value' of object 'Object Repository/Parts/cisli245/cisli245_OrderNo' is: 'ESA016786'

2017-12-06 12:49:19 - [MESSAGE][PASSED] - Attribute 'value' of object 'Object Repository/Parts/cisli245/cisli245_OrderNo' is: 'ESA016786'

2017-12-06 12:49:19 - [TEST_STEP][PASSED] - Statement - G_InvoiceTnxType = com.kms.katalon.core.webui.keyword.WebUiBuiltInKeywords.getAttribute(com.kms.katalon.core.testobject.ObjectRepository.findTestObject(Parts/cisli245/cisli245_invoice1), "value"): Attribute 'value' of object 'Object Repository/Parts/cisli245/cisli245_invoice1' is: 'SIE'

2017-12-06 12:49:19 - [MESSAGE][PASSED] - Attribute 'value' of object 'Object Repository/Parts/cisli245/cisli245_invoice1' is: 'SIE'

2017-12-06 12:49:19 - [TEST_STEP][PASSED] - Statement - G_InvoiceTnxNo = com.kms.katalon.core.webui.keyword.WebUiBuiltInKeywords.getAttribute(com.kms.katalon.core.testobject.ObjectRepository.findTestObject(Parts/cisli245/cisli245_invoice2), "value"): Attribute 'value' of object 'Object Repository/Parts/cisli245/cisli245_invoice2' is: '10002813'

2017-12-06 12:49:19 - [MESSAGE][PASSED] - Attribute 'value' of object 'Object Repository/Parts/cisli245/cisli245_invoice2' is: '10002813'

2017-12-06 12:49:19 - [TEST_STEP][PASSED] - Statement - G_InvoiceAmt = com.kms.katalon.core.webui.keyword.WebUiBuiltInKeywords.getAttribute(com.kms.katalon.core.testobject.ObjectRepository.findTestObject(Parts/cisli245/cisli245_amount), "value"): Attribute 'value' of object 'Object Repository/Parts/cisli245/cisli245_amount' is: '10'

2017-12-06 12:49:20 - [MESSAGE][PASSED] - Attribute 'value' of object 'Object Repository/Parts/cisli245/cisli245_amount' is: '10'

2017-12-06 12:49:20 - [MESSAGE][PASSED] - Call Test Case 'Test Cases/Parts/BaseTestCases/Base_Part_GetInvoiceDetails' successfully

2017-12-06 12:49:20 - [TEST_STEP][PASSED] - callTestCase: Call Test Case 'Test Cases/Finance/BaseTestCases/Base_Finance_CheckOpenEntriesForCCInvoice1' successfully

2017-12-06 12:49:20 - [TEST_CASE][PASSED] - Test Cases/Finance/BaseTestCases/Base_Finance_CheckOpenEntriesForCCInvoice1: Test Cases/Finance/BaseTestCases/Base_Finance_CheckOpenEntriesForCCInvoice1

2017-12-06 12:49:20 - [TEST_STEP][PASSED] - callTestCase: Call Test Case 'Test Cases/Common/Base_Common_OpenSession' successfully

2017-12-06 12:49:20 - [TEST_CASE][PASSED] - Test Cases/Common/Base_Common_OpenSession: Test Cases/Common/Base_Common_OpenSession

2017-12-06 12:49:20 - [TEST_STEP][PASSED] - openBrowser: Browser is opened with url: 'https://rgajbhiye:Robin$123@proxima-ln4.e-emphasys.com:8441/webui/servlet/login'

2017-12-06 12:49:20 - [MESSAGE][WARNING] - A browser is already opened. Closing browser and opening a new one

2017-12-06 12:49:26 - [MESSAGE][PASSED] - Browser is opened with url: 'https://rgajbhiye:Robin$123@proxima-ln4.e-emphasys.com:8441/webui/servlet/login'

2017-12-06 12:49:26 - [TEST_STEP][PASSED] - waitForPageLoad: Wait for page load successfully

2017-12-06 12:49:26 - [MESSAGE][PASSED] - Wait for page load successfully

2017-12-06 12:49:26 - [TEST_STEP][PASSED] - maximizeWindow: Current window maximized

2017-12-06 12:49:26 - [MESSAGE][PASSED] - Current window maximized

2017-12-06 12:49:26 - [TEST_STEP][PASSED] - click: Object: 'Object Repository/Common/HomePage/HomePage_more' is clicked on

2017-12-06 12:49:30 - [MESSAGE][PASSED] - Object: 'Object Repository/Common/HomePage/HomePage_more' is clicked on

2017-12-06 12:49:30 - [TEST_STEP][PASSED] - click: Object: 'Object Repository/Common/HomePage/HomePage_Option' is clicked on

2017-12-06 12:49:30 - [MESSAGE][PASSED] - Object: 'Object Repository/Common/HomePage/HomePage_Option' is clicked on

2017-12-06 12:49:30 - [TEST_STEP][PASSED] - click: Object: 'Object Repository/Common/HomePage/HomePage_RunProgram_' is clicked on

2017-12-06 12:49:31 - [MESSAGE][PASSED] - Object: 'Object Repository/Common/HomePage/HomePage_RunProgram_' is clicked on

2017-12-06 12:49:31 - [TEST_STEP][PASSED] - sendKeys: Keys 'tfacr2520m000' sent to object: 'Object Repository/Common/HomePage/HomePage_Session_ID'

2017-12-06 12:49:31 - [MESSAGE][PASSED] - Keys 'tfacr2520m000' sent to object: 'Object Repository/Common/HomePage/HomePage_Session_ID'

2017-12-06 12:49:31 - [TEST_STEP][PASSED] - click: Object: 'Object Repository/Common/HomePage/HomePage_OkButton' is clicked on

2017-12-06 12:49:31 - [MESSAGE][PASSED] - Object: 'Object Repository/Common/HomePage/HomePage_OkButton' is clicked on

2017-12-06 12:49:31 - [MESSAGE][PASSED] - Call Test Case 'Test Cases/Common/Base_Common_OpenSession' successfully

2017-12-06 12:49:31 - [TEST_STEP][PASSED] - click: Object: 'Object Repository/Finance/BaseTestCases_OpenEntries_Service/OpenEntries_DocumentType' is clicked on

2017-12-06 12:49:35 - [MESSAGE][PASSED] - Object: 'Object Repository/Finance/BaseTestCases_OpenEntries_Service/OpenEntries_DocumentType' is clicked on

2017-12-06 12:49:35 - [TEST_STEP][PASSED] - click: Object: 'Object Repository/Finance/BaseTestCases_OpenEntries_Service/OpenEntries_DocumentNo' is clicked on

2017-12-06 12:49:36 - [MESSAGE][PASSED] - Object: 'Object Repository/Finance/BaseTestCases_OpenEntries_Service/OpenEntries_DocumentNo' is clicked on

2017-12-06 12:49:36 - [TEST_STEP][PASSED] - setText: Text 'SIE' is set on object 'Object Repository/Finance/BaseTestCases_OpenEntries_Service/OpenEntries_DocumentType'

2017-12-06 12:49:36 - [MESSAGE][PASSED] - Text 'SIE' is set on object 'Object Repository/Finance/BaseTestCases_OpenEntries_Service/OpenEntries_DocumentType'

2017-12-06 12:49:36 - [TEST_STEP][NOT_RUN] - sendKeys: NOT_RUN: sendKeys

2017-12-06 12:49:36 - [MESSAGE][NOT_RUN] - NOT_RUN: sendKeys

2017-12-06 12:49:36 - [TEST_STEP][NOT_RUN] - delay: NOT_RUN: delay

2017-12-06 12:49:36 - [MESSAGE][NOT_RUN] - NOT_RUN: delay

2017-12-06 12:49:36 - [TEST_STEP][PASSED] - setText: Text '10002813' is set on object 'Object Repository/Finance/BaseTestCases_OpenEntries_Service/OpenEntries_DocumentNo'

2017-12-06 12:49:36 - [MESSAGE][PASSED] - Text '10002813' is set on object 'Object Repository/Finance/BaseTestCases_OpenEntries_Service/OpenEntries_DocumentNo'

2017-12-06 12:49:36 - [TEST_STEP][NOT_RUN] - delay: NOT_RUN: delay

2017-12-06 12:49:36 - [MESSAGE][NOT_RUN] - NOT_RUN: delay

2017-12-06 12:49:36 - [TEST_STEP][NOT_RUN] - sendKeys: NOT_RUN: sendKeys

2017-12-06 12:49:36 - [MESSAGE][NOT_RUN] - NOT_RUN: sendKeys

2017-12-06 12:49:36 - [TEST_STEP][PASSED] - click: Object: 'Object Repository/Finance/BaseTestCases_OpenEntries_Service/OpenEntries_Action' is clicked on

2017-12-06 12:49:37 - [MESSAGE][PASSED] - Object: 'Object Repository/Finance/BaseTestCases_OpenEntries_Service/OpenEntries_Action' is clicked on

2017-12-06 12:49:37 - [TEST_STEP][PASSED] - click: Object: 'Object Repository/Finance/BaseTestCases_OpenEntries_Service/OpenEntries.FullyPaid' is clicked on

2017-12-06 12:49:38 - [MESSAGE][PASSED] - Object: 'Object Repository/Finance/BaseTestCases_OpenEntries_Service/OpenEntries.FullyPaid' is clicked on

2017-12-06 12:49:38 - [TEST_STEP][PASSED] - delay: Delayed 5 second(s)

2017-12-06 12:49:43 - [MESSAGE][PASSED] - Delayed 5 second(s)

2017-12-06 12:49:43 - [TEST_STEP][PASSED] - scrollToElement: Scroll to object 'Object Repository/Finance/BaseTestCases_OpenEntries_Service/OpenEntries.InvoiceAmt' successfully

2017-12-06 12:49:43 - [MESSAGE][PASSED] - Scroll to object 'Object Repository/Finance/BaseTestCases_OpenEntries_Service/OpenEntries.InvoiceAmt' successfully

2017-12-06 12:49:43 - [TEST_STEP][PASSED] - delay: Delayed 5 second(s)

2017-12-06 12:49:48 - [MESSAGE][PASSED] - Delayed 5 second(s)

2017-12-06 12:49:48 - [TEST_STEP][PASSED] - Statement - BalanceAmount = com.kms.katalon.core.webui.keyword.WebUiBuiltInKeywords.getText(com.kms.katalon.core.testobject.ObjectRepository.findTestObject(Finance/BaseTestCases_OpenEntries_Service/OpenEntries.BalanceAmt)): Text of object 'Object Repository/Finance/BaseTestCases_OpenEntries_Service/OpenEntries.BalanceAmt' is: '0.00'

2017-12-06 12:49:48 - [MESSAGE][PASSED] - Text of object 'Object Repository/Finance/BaseTestCases_OpenEntries_Service/OpenEntries.BalanceAmt' is: '0.00'

2017-12-06 12:49:48 - [TEST_STEP][PASSED] - verifyEqual: Actual object '0.00' and expected object '0.00' are equal

2017-12-06 12:49:48 - [MESSAGE][PASSED] - Actual object '0.00' and expected object '0.00' are equal

2017-12-06 12:49:48 - [TEST_STEP][PASSED] - click: Object: 'Object Repository/Finance/BaseTestCases_OpenEntries_Service/OpenEntries.Reference' is clicked on

2017-12-06 12:49:48 - [MESSAGE][PASSED] - Object: 'Object Repository/Finance/BaseTestCases_OpenEntries_Service/OpenEntries.Reference' is clicked on

2017-12-06 12:49:48 - [TEST_STEP][PASSED] - setText: Text '' is set on object 'Object Repository/Finance/BaseTestCases_OpenEntries_Service/OpenEntries_DocumentType'

2017-12-06 12:49:48 - [MESSAGE][PASSED] - Text '' is set on object 'Object Repository/Finance/BaseTestCases_OpenEntries_Service/OpenEntries_DocumentType'

2017-12-06 12:49:48 - [TEST_STEP][PASSED] - setText: Text '' is set on object 'Object Repository/Finance/BaseTestCases_OpenEntries_Service/OpenEntries_DocumentNo'

2017-12-06 12:49:49 - [MESSAGE][PASSED] - Text '' is set on object 'Object Repository/Finance/BaseTestCases_OpenEntries_Service/OpenEntries_DocumentNo'

2017-12-06 12:49:49 - [TEST_STEP][PASSED] - sendKeys: Keys 'TAB + ' sent to object: 'Object Repository/Finance/BaseTestCases_OpenEntries_Service/OpenEntries_DocumentType'

2017-12-06 12:49:49 - [MESSAGE][PASSED] - Keys 'TAB + ' sent to object: 'Object Repository/Finance/BaseTestCases_OpenEntries_Service/OpenEntries_DocumentType'

2017-12-06 12:49:49 - [TEST_STEP][PASSED] - sendKeys: Keys 'TAB + ' sent to object: 'Object Repository/Finance/BaseTestCases_OpenEntries_Service/OpenEntries_DocumentNo'

2017-12-06 12:49:49 - [MESSAGE][PASSED] - Keys 'TAB + ' sent to object: 'Object Repository/Finance/BaseTestCases_OpenEntries_Service/OpenEntries_DocumentNo'

2017-12-06 12:49:49 - [TEST_STEP][PASSED] - sendKeys: Keys 'M00000010 (SIE/10002813)' sent to object: 'Object Repository/Finance/BaseTestCases_OpenEntries_Service/OpenEntries.Reference'

2017-12-06 12:49:49 - [MESSAGE][PASSED] - Keys 'M00000010 (SIE/10002813)' sent to object: 'Object Repository/Finance/BaseTestCases_OpenEntries_Service/OpenEntries.Reference'

2017-12-06 12:49:49 - [TEST_STEP][PASSED] - click: Object: 'Object Repository/Finance/BaseTestCases_OpenEntries_Service/OpenEntries_DocumentNo' is clicked on

2017-12-06 12:49:50 - [MESSAGE][PASSED] - Object: 'Object Repository/Finance/BaseTestCases_OpenEntries_Service/OpenEntries_DocumentNo' is clicked on

2017-12-06 12:49:50 - [TEST_STEP][PASSED] - delay: Delayed 3 second(s)

2017-12-06 12:49:53 - [MESSAGE][PASSED] - Delayed 3 second(s)

2017-12-06 12:49:53 - [TEST_STEP][PASSED] - scrollToElement: Scroll to object 'Object Repository/Finance/BaseTestCases_OpenEntries_Service/OpenEntries.BalanceAmt' successfully

2017-12-06 12:49:53 - [MESSAGE][PASSED] - Scroll to object 'Object Repository/Finance/BaseTestCases_OpenEntries_Service/OpenEntries.BalanceAmt' successfully

2017-12-06 12:49:53 - [TEST_STEP][PASSED] - Statement - BalanceAmount = com.kms.katalon.core.webui.keyword.WebUiBuiltInKeywords.getText(com.kms.katalon.core.testobject.ObjectRepository.findTestObject(Finance/BaseTestCases_OpenEntries_Service/OpenEntries.BalanceAmt)): Text of object 'Object Repository/Finance/BaseTestCases_OpenEntries_Service/OpenEntries.BalanceAmt' is: '10.00'

2017-12-06 12:49:53 - [MESSAGE][PASSED] - Text of object 'Object Repository/Finance/BaseTestCases_OpenEntries_Service/OpenEntries.BalanceAmt' is: '10.00'

2017-12-06 12:49:53 - [TEST_STEP][PASSED] - Statement - InvoiceAmount = com.kms.katalon.core.webui.keyword.WebUiBuiltInKeywords.getText(com.kms.katalon.core.testobject.ObjectRepository.findTestObject(Finance/BaseTestCases_OpenEntries_Service/OpenEntries.InvoiceAmt)): Text of object 'Object Repository/Finance/BaseTestCases_OpenEntries_Service/OpenEntries.InvoiceAmt' is: '10.00'

2017-12-06 12:49:54 - [MESSAGE][PASSED] - Text of object 'Object Repository/Finance/BaseTestCases_OpenEntries_Service/OpenEntries.InvoiceAmt' is: '10.00'

2017-12-06 12:49:54 - [TEST_STEP][PASSED] - verifyEqual: Actual object '10.00' and expected object '10.00' are equal

2017-12-06 12:49:54 - [MESSAGE][PASSED] - Actual object '10.00' and expected object '10.00' are equal

2017-12-06 12:49:54 - [TEST_STEP][NOT_RUN] - closeBrowser: NOT_RUN: closeBrowser

2017-12-06 12:49:54 - [MESSAGE][NOT_RUN] - NOT_RUN: closeBrowser

2017-12-06 12:49:54 - [MESSAGE][PASSED] - Call Test Case 'Test Cases/Finance/BaseTestCases/Base_Finance_CheckOpenEntriesForCCInvoice1' successfully]]></system-out>
         <system-err><![CDATA[]]></system-err>
      </testcase>
      <testcase name="Test Cases/Equipment/CreditCardRegression/TC001_EquipmentSalesAgreement_DiffGateway - Iteration 2" classname="Test Cases/Equipment/CreditCardRegression/TC001_EquipmentSalesAgreement_DiffGateway" status="PASSED">
         <system-out><![CDATA[2017-12-06 12:49:54 - [TEST_CASE][PASSED] - Test Cases/Equipment/CreditCardRegression/TC001_EquipmentSalesAgreement_DiffGateway - Iteration 2: Test Cases/Equipment/CreditCardRegression/TC001_EquipmentSalesAgreement_DiffGateway

2017-12-06 12:49:54 - [TEST_STEP][PASSED] - callTestCase: Call Test Case 'Test Cases/Equipment/Base_EquipmentPurchase/EPO_CreateNrecieve' successfully

2017-12-06 12:49:54 - [TEST_CASE][PASSED] - Test Cases/Equipment/Base_EquipmentPurchase/EPO_CreateNrecieve: Test Cases/Equipment/Base_EquipmentPurchase/EPO_CreateNrecieve

2017-12-06 12:49:54 - [TEST_STEP][PASSED] - callTestCase: Call Test Case 'Test Cases/Equipment/Base_EquipmentPurchase/Base_EPO_CreateHeaderNline' successfully

2017-12-06 12:49:54 - [TEST_CASE][PASSED] - Test Cases/Equipment/Base_EquipmentPurchase/Base_EPO_CreateHeaderNline: Test Cases/Equipment/Base_EquipmentPurchase/Base_EPO_CreateHeaderNline

2017-12-06 12:49:54 - [TEST_STEP][PASSED] - callTestCase: Call Test Case 'Test Cases/Common/Base_Common_OpenSession' successfully

2017-12-06 12:49:54 - [TEST_CASE][PASSED] - Test Cases/Common/Base_Common_OpenSession: Test Cases/Common/Base_Common_OpenSession

2017-12-06 12:49:54 - [TEST_STEP][PASSED] - openBrowser: Browser is opened with url: 'https://rgajbhiye:Robin$123@proxima-ln4.e-emphasys.com:8441/webui/servlet/login'

2017-12-06 12:49:54 - [MESSAGE][WARNING] - A browser is already opened. Closing browser and opening a new one

2017-12-06 12:50:00 - [MESSAGE][PASSED] - Browser is opened with url: 'https://rgajbhiye:Robin$123@proxima-ln4.e-emphasys.com:8441/webui/servlet/login'

2017-12-06 12:50:00 - [TEST_STEP][PASSED] - waitForPageLoad: Wait for page load successfully

2017-12-06 12:50:00 - [MESSAGE][PASSED] - Wait for page load successfully

2017-12-06 12:50:00 - [TEST_STEP][PASSED] - maximizeWindow: Current window maximized

2017-12-06 12:50:00 - [MESSAGE][PASSED] - Current window maximized

2017-12-06 12:50:00 - [TEST_STEP][PASSED] - click: Object: 'Object Repository/Common/HomePage/HomePage_more' is clicked on

2017-12-06 12:50:04 - [MESSAGE][PASSED] - Object: 'Object Repository/Common/HomePage/HomePage_more' is clicked on

2017-12-06 12:50:04 - [TEST_STEP][PASSED] - click: Object: 'Object Repository/Common/HomePage/HomePage_Option' is clicked on

2017-12-06 12:50:04 - [MESSAGE][PASSED] - Object: 'Object Repository/Common/HomePage/HomePage_Option' is clicked on

2017-12-06 12:50:04 - [TEST_STEP][PASSED] - click: Object: 'Object Repository/Common/HomePage/HomePage_RunProgram_' is clicked on

2017-12-06 12:50:05 - [MESSAGE][PASSED] - Object: 'Object Repository/Common/HomePage/HomePage_RunProgram_' is clicked on

2017-12-06 12:50:05 - [TEST_STEP][PASSED] - sendKeys: Keys 'tdext8150s000' sent to object: 'Object Repository/Common/HomePage/HomePage_Session_ID'

2017-12-06 12:50:05 - [MESSAGE][PASSED] - Keys 'tdext8150s000' sent to object: 'Object Repository/Common/HomePage/HomePage_Session_ID'

2017-12-06 12:50:05 - [TEST_STEP][PASSED] - click: Object: 'Object Repository/Common/HomePage/HomePage_OkButton' is clicked on

2017-12-06 12:50:05 - [MESSAGE][PASSED] - Object: 'Object Repository/Common/HomePage/HomePage_OkButton' is clicked on

2017-12-06 12:50:05 - [MESSAGE][PASSED] - Call Test Case 'Test Cases/Common/Base_Common_OpenSession' successfully

2017-12-06 12:50:05 - [TEST_STEP][PASSED] - waitForElementPresent: Object 'Object Repository/Equipment/EquipmentPurchase/EPO_Header/EPO_Header_New' is present

2017-12-06 12:50:07 - [MESSAGE][PASSED] - Object 'Object Repository/Equipment/EquipmentPurchase/EPO_Header/EPO_Header_New' is present

2017-12-06 12:50:07 - [TEST_STEP][PASSED] - click: Object: 'Object Repository/Equipment/EquipmentPurchase/EPO_Header/EPO_Header_New' is clicked on

2017-12-06 12:50:07 - [MESSAGE][PASSED] - Object: 'Object Repository/Equipment/EquipmentPurchase/EPO_Header/EPO_Header_New' is clicked on

2017-12-06 12:50:07 - [TEST_STEP][PASSED] - click: Object: 'Object Repository/Equipment/EquipmentPurchase/EPO_Header/EPO_Header_Customer' is clicked on

2017-12-06 12:50:08 - [MESSAGE][PASSED] - Object: 'Object Repository/Equipment/EquipmentPurchase/EPO_Header/EPO_Header_Customer' is clicked on

2017-12-06 12:50:08 - [TEST_STEP][PASSED] - setText: Text 'M00000010' is set on object 'Object Repository/Equipment/EquipmentPurchase/EPO_Header/EPO_Header_Customer'

2017-12-06 12:50:08 - [MESSAGE][PASSED] - Text 'M00000010' is set on object 'Object Repository/Equipment/EquipmentPurchase/EPO_Header/EPO_Header_Customer'

2017-12-06 12:50:08 - [TEST_STEP][PASSED] - click: Object: 'Object Repository/Equipment/EquipmentPurchase/EPO_Header/EPO_Header_Save' is clicked on

2017-12-06 12:50:08 - [MESSAGE][PASSED] - Object: 'Object Repository/Equipment/EquipmentPurchase/EPO_Header/EPO_Header_Save' is clicked on

2017-12-06 12:50:08 - [TEST_STEP][PASSED] - delay: Delayed 5 second(s)

2017-12-06 12:50:13 - [MESSAGE][PASSED] - Delayed 5 second(s)

2017-12-06 12:50:13 - [TEST_STEP][PASSED] - click: Object: 'Object Repository/Equipment/EquipmentPurchase/EPO_Header/EPO_Header_Action' is clicked on

2017-12-06 12:50:13 - [MESSAGE][PASSED] - Object: 'Object Repository/Equipment/EquipmentPurchase/EPO_Header/EPO_Header_Action' is clicked on

2017-12-06 12:50:13 - [TEST_STEP][PASSED] - click: Object: 'Object Repository/Equipment/EquipmentPurchase/EPO_Header/EPO_Header_Action_OrderLines' is clicked on

2017-12-06 12:50:13 - [MESSAGE][PASSED] - Object: 'Object Repository/Equipment/EquipmentPurchase/EPO_Header/EPO_Header_Action_OrderLines' is clicked on

2017-12-06 12:50:13 - [TEST_STEP][PASSED] - waitForElementPresent: Object 'Object Repository/Equipment/EquipmentPurchase/EPO_Line/EPO_MultiLine_New' is present

2017-12-06 12:50:15 - [MESSAGE][PASSED] - Object 'Object Repository/Equipment/EquipmentPurchase/EPO_Line/EPO_MultiLine_New' is present

2017-12-06 12:50:15 - [TEST_STEP][PASSED] - click: Object: 'Object Repository/Equipment/EquipmentPurchase/EPO_Line/EPO_MultiLine_New' is clicked on

2017-12-06 12:50:15 - [MESSAGE][PASSED] - Object: 'Object Repository/Equipment/EquipmentPurchase/EPO_Line/EPO_MultiLine_New' is clicked on

2017-12-06 12:50:15 - [TEST_STEP][PASSED] - waitForElementPresent: Object 'Object Repository/Equipment/EquipmentPurchase/EPO_Line/EPO_Line_Model' is present

2017-12-06 12:50:16 - [MESSAGE][PASSED] - Object 'Object Repository/Equipment/EquipmentPurchase/EPO_Line/EPO_Line_Model' is present

2017-12-06 12:50:16 - [TEST_STEP][PASSED] - click: Object: 'Object Repository/Equipment/EquipmentPurchase/EPO_Line/EPO_Line_Model' is clicked on

2017-12-06 12:50:16 - [MESSAGE][PASSED] - Object: 'Object Repository/Equipment/EquipmentPurchase/EPO_Line/EPO_Line_Model' is clicked on

2017-12-06 12:50:16 - [TEST_STEP][PASSED] - delay: Delayed 2 second(s)

2017-12-06 12:50:18 - [MESSAGE][PASSED] - Delayed 2 second(s)

2017-12-06 12:50:18 - [TEST_STEP][PASSED] - setText: Text '1032' is set on object 'Object Repository/Equipment/EquipmentPurchase/EPO_Line/EPO_Line_Model'

2017-12-06 12:50:18 - [MESSAGE][PASSED] - Text '1032' is set on object 'Object Repository/Equipment/EquipmentPurchase/EPO_Line/EPO_Line_Model'

2017-12-06 12:50:18 - [TEST_STEP][PASSED] - click: Object: 'Object Repository/Equipment/EquipmentPurchase/EPO_Line/EPO_Line_NeworUsed' is clicked on

2017-12-06 12:50:19 - [MESSAGE][PASSED] - Object: 'Object Repository/Equipment/EquipmentPurchase/EPO_Line/EPO_Line_NeworUsed' is clicked on

2017-12-06 12:50:19 - [TEST_STEP][PASSED] - click: Object: 'Object Repository/Equipment/EquipmentPurchase/EPO_Line/EPO_Line_NewEquipOption' is clicked on

2017-12-06 12:50:19 - [MESSAGE][PASSED] - Object: 'Object Repository/Equipment/EquipmentPurchase/EPO_Line/EPO_Line_NewEquipOption' is clicked on

2017-12-06 12:50:19 - [TEST_STEP][PASSED] - click: Object: 'Object Repository/Equipment/EquipmentPurchase/EPO_Line/EPO_Line_PlannedDate' is clicked on

2017-12-06 12:50:19 - [MESSAGE][PASSED] - Object: 'Object Repository/Equipment/EquipmentPurchase/EPO_Line/EPO_Line_PlannedDate' is clicked on

2017-12-06 12:50:19 - [TEST_STEP][PASSED] - delay: Delayed 2 second(s)

2017-12-06 12:50:21 - [MESSAGE][PASSED] - Delayed 2 second(s)

2017-12-06 12:50:21 - [TEST_STEP][PASSED] - setText: Text '+10' is set on object 'Object Repository/Equipment/EquipmentPurchase/EPO_Line/EPO_Line_PlannedDate'

2017-12-06 12:50:21 - [MESSAGE][PASSED] - Text '+10' is set on object 'Object Repository/Equipment/EquipmentPurchase/EPO_Line/EPO_Line_PlannedDate'

2017-12-06 12:50:21 - [TEST_STEP][PASSED] - click: Object: 'Object Repository/Equipment/EquipmentPurchase/EPO_Line/EPO_Line_Price' is clicked on

2017-12-06 12:50:21 - [MESSAGE][PASSED] - Object: 'Object Repository/Equipment/EquipmentPurchase/EPO_Line/EPO_Line_Price' is clicked on

2017-12-06 12:50:21 - [TEST_STEP][PASSED] - delay: Delayed 2 second(s)

2017-12-06 12:50:23 - [MESSAGE][PASSED] - Delayed 2 second(s)

2017-12-06 12:50:23 - [TEST_STEP][PASSED] - setText: Text '100' is set on object 'Object Repository/Equipment/EquipmentPurchase/EPO_Line/EPO_Line_Price'

2017-12-06 12:50:23 - [MESSAGE][PASSED] - Text '100' is set on object 'Object Repository/Equipment/EquipmentPurchase/EPO_Line/EPO_Line_Price'

2017-12-06 12:50:23 - [TEST_STEP][PASSED] - click: Object: 'Object Repository/Equipment/EquipmentPurchase/EPO_Line/EPO_Line_Save' is clicked on

2017-12-06 12:50:24 - [MESSAGE][PASSED] - Object: 'Object Repository/Equipment/EquipmentPurchase/EPO_Line/EPO_Line_Save' is clicked on

2017-12-06 12:50:24 - [TEST_STEP][PASSED] - click: Object: 'Object Repository/Equipment/EquipmentPurchase/EPO_Line/EPO_Line_importNO' is clicked on

2017-12-06 12:50:24 - [MESSAGE][PASSED] - Object: 'Object Repository/Equipment/EquipmentPurchase/EPO_Line/EPO_Line_importNO' is clicked on

2017-12-06 12:50:24 - [TEST_STEP][PASSED] - click: Object: 'Object Repository/Equipment/EquipmentPurchase/EPO_Line/EPO_Line_SaveNclose' is clicked on

2017-12-06 12:50:25 - [MESSAGE][PASSED] - Object: 'Object Repository/Equipment/EquipmentPurchase/EPO_Line/EPO_Line_SaveNclose' is clicked on

2017-12-06 12:50:25 - [TEST_STEP][PASSED] - delay: Delayed 2 second(s)

2017-12-06 12:50:27 - [MESSAGE][PASSED] - Delayed 2 second(s)

2017-12-06 12:50:27 - [TEST_STEP][PASSED] - click: Object: 'Object Repository/Equipment/EquipmentPurchase/EPO_Line/EPO_MultiLine_SavenClose' is clicked on

2017-12-06 12:50:27 - [MESSAGE][PASSED] - Object: 'Object Repository/Equipment/EquipmentPurchase/EPO_Line/EPO_MultiLine_SavenClose' is clicked on

2017-12-06 12:50:27 - [MESSAGE][PASSED] - Call Test Case 'Test Cases/Equipment/Base_EquipmentPurchase/Base_EPO_CreateHeaderNline' successfully

2017-12-06 12:50:27 - [TEST_STEP][PASSED] - callTestCase: Call Test Case 'Test Cases/Equipment/Base_EquipmentPurchase/Base_EPO_Reciept' successfully

2017-12-06 12:50:27 - [TEST_CASE][PASSED] - Test Cases/Equipment/Base_EquipmentPurchase/Base_EPO_Reciept: Test Cases/Equipment/Base_EquipmentPurchase/Base_EPO_Reciept

2017-12-06 12:50:27 - [TEST_STEP][PASSED] - click: Object: 'Object Repository/Equipment/EquipmentPurchase/EPO_Header/EPO_Header_Action' is clicked on

2017-12-06 12:50:27 - [MESSAGE][PASSED] - Object: 'Object Repository/Equipment/EquipmentPurchase/EPO_Header/EPO_Header_Action' is clicked on

2017-12-06 12:50:27 - [TEST_STEP][PASSED] - click: Object: 'Object Repository/Equipment/EquipmentPurchase/EPO_Header/EPO_Header_Action_SendForApproval' is clicked on

2017-12-06 12:50:27 - [MESSAGE][PASSED] - Object: 'Object Repository/Equipment/EquipmentPurchase/EPO_Header/EPO_Header_Action_SendForApproval' is clicked on

2017-12-06 12:50:27 - [TEST_STEP][PASSED] - delay: Delayed 5 second(s)

2017-12-06 12:50:32 - [MESSAGE][PASSED] - Delayed 5 second(s)

2017-12-06 12:50:32 - [TEST_STEP][PASSED] - click: Object: 'Object Repository/Equipment/EquipmentPurchase/EPO_Header/EPO_Header_Action' is clicked on

2017-12-06 12:50:33 - [MESSAGE][PASSED] - Object: 'Object Repository/Equipment/EquipmentPurchase/EPO_Header/EPO_Header_Action' is clicked on

2017-12-06 12:50:33 - [TEST_STEP][PASSED] - click: Object: 'Object Repository/Equipment/EquipmentPurchase/EPO_Header/EPO_Header_Apporve' is clicked on

2017-12-06 12:50:33 - [MESSAGE][PASSED] - Object: 'Object Repository/Equipment/EquipmentPurchase/EPO_Header/EPO_Header_Apporve' is clicked on

2017-12-06 12:50:33 - [TEST_STEP][PASSED] - delay: Delayed 5 second(s)

2017-12-06 12:50:38 - [MESSAGE][PASSED] - Delayed 5 second(s)

2017-12-06 12:50:38 - [TEST_STEP][PASSED] - click: Object: 'Object Repository/Equipment/EquipmentPurchase/EPO_Header/EPO_Header_Print' is clicked on

2017-12-06 12:50:38 - [MESSAGE][PASSED] - Object: 'Object Repository/Equipment/EquipmentPurchase/EPO_Header/EPO_Header_Print' is clicked on

2017-12-06 12:50:38 - [TEST_STEP][PASSED] - click: Object: 'Object Repository/Equipment/EquipmentPurchase/EPO_Header/EPO_Print_FinalPrint' is clicked on

2017-12-06 12:50:39 - [MESSAGE][PASSED] - Object: 'Object Repository/Equipment/EquipmentPurchase/EPO_Header/EPO_Print_FinalPrint' is clicked on

2017-12-06 12:50:39 - [TEST_STEP][PASSED] - click: Object: 'Object Repository/Equipment/EquipmentPurchase/EPO_Header/EPO_Print_PrintOption' is clicked on

2017-12-06 12:50:39 - [MESSAGE][PASSED] - Object: 'Object Repository/Equipment/EquipmentPurchase/EPO_Header/EPO_Print_PrintOption' is clicked on

2017-12-06 12:50:39 - [TEST_STEP][PASSED] - click: Object: 'Object Repository/Equipment/EquipmentPurchase/EPO_Header/EPO_Print_Device' is clicked on

2017-12-06 12:50:42 - [MESSAGE][PASSED] - Object: 'Object Repository/Equipment/EquipmentPurchase/EPO_Header/EPO_Print_Device' is clicked on

2017-12-06 12:50:42 - [TEST_STEP][PASSED] - setText: Text 'D' is set on object 'Object Repository/Equipment/EquipmentPurchase/EPO_Header/EPO_Print_Device'

2017-12-06 12:50:42 - [MESSAGE][PASSED] - Text 'D' is set on object 'Object Repository/Equipment/EquipmentPurchase/EPO_Header/EPO_Print_Device'

2017-12-06 12:50:42 - [TEST_STEP][PASSED] - click: Object: 'Object Repository/Equipment/EquipmentPurchase/EPO_Header/EPO_Print_Continue' is clicked on

2017-12-06 12:50:42 - [MESSAGE][PASSED] - Object: 'Object Repository/Equipment/EquipmentPurchase/EPO_Header/EPO_Print_Continue' is clicked on

2017-12-06 12:50:42 - [TEST_STEP][PASSED] - delay: Delayed 5 second(s)

2017-12-06 12:50:47 - [MESSAGE][PASSED] - Delayed 5 second(s)

2017-12-06 12:50:47 - [TEST_STEP][PASSED] - click: Object: 'Object Repository/Equipment/EquipmentPurchase/EPO_Header/EPO_Header_EPOtab' is clicked on

2017-12-06 12:50:47 - [MESSAGE][PASSED] - Object: 'Object Repository/Equipment/EquipmentPurchase/EPO_Header/EPO_Header_EPOtab' is clicked on

2017-12-06 12:50:47 - [TEST_STEP][PASSED] - click: Object: 'Object Repository/Equipment/EquipmentPurchase/EPO_Header/EPO_Print_Close' is clicked on

2017-12-06 12:50:47 - [MESSAGE][PASSED] - Object: 'Object Repository/Equipment/EquipmentPurchase/EPO_Header/EPO_Print_Close' is clicked on

2017-12-06 12:50:47 - [TEST_STEP][PASSED] - delay: Delayed 3 second(s)

2017-12-06 12:50:50 - [MESSAGE][PASSED] - Delayed 3 second(s)

2017-12-06 12:50:50 - [TEST_STEP][PASSED] - click: Object: 'Object Repository/Equipment/EquipmentPurchase/EPO_Header/EPO_Header_Action' is clicked on

2017-12-06 12:50:50 - [MESSAGE][PASSED] - Object: 'Object Repository/Equipment/EquipmentPurchase/EPO_Header/EPO_Header_Action' is clicked on

2017-12-06 12:50:50 - [TEST_STEP][PASSED] - click: Object: 'Object Repository/Equipment/EquipmentPurchase/EPO_Header/EPO_Action_Reciept' is clicked on

2017-12-06 12:50:51 - [MESSAGE][PASSED] - Object: 'Object Repository/Equipment/EquipmentPurchase/EPO_Header/EPO_Action_Reciept' is clicked on

2017-12-06 12:50:51 - [TEST_STEP][PASSED] - waitForElementPresent: Object 'Object Repository/Equipment/EquipmentPurchase/EPO_Receipt/EPO_Reciept_Save' is present

2017-12-06 12:50:52 - [MESSAGE][PASSED] - Object 'Object Repository/Equipment/EquipmentPurchase/EPO_Receipt/EPO_Reciept_Save' is present

2017-12-06 12:50:52 - [TEST_STEP][PASSED] - click: Object: 'Object Repository/Equipment/EquipmentPurchase/EPO_Receipt/EPO_Reciept_Save' is clicked on

2017-12-06 12:50:52 - [MESSAGE][PASSED] - Object: 'Object Repository/Equipment/EquipmentPurchase/EPO_Receipt/EPO_Reciept_Save' is clicked on

2017-12-06 12:50:52 - [TEST_STEP][PASSED] - delay: Delayed 3 second(s)

2017-12-06 12:50:55 - [MESSAGE][PASSED] - Delayed 3 second(s)

2017-12-06 12:50:55 - [TEST_STEP][PASSED] - click: Object: 'Object Repository/Equipment/EquipmentPurchase/EPO_Receipt/EPO_Receipt_Action' is clicked on

2017-12-06 12:50:56 - [MESSAGE][PASSED] - Object: 'Object Repository/Equipment/EquipmentPurchase/EPO_Receipt/EPO_Receipt_Action' is clicked on

2017-12-06 12:50:56 - [TEST_STEP][PASSED] - click: Object: 'Object Repository/Equipment/EquipmentPurchase/EPO_Receipt/EPO_Receipt_Action_ReceiptLine' is clicked on

2017-12-06 12:50:56 - [MESSAGE][PASSED] - Object: 'Object Repository/Equipment/EquipmentPurchase/EPO_Receipt/EPO_Receipt_Action_ReceiptLine' is clicked on

2017-12-06 12:50:56 - [TEST_STEP][PASSED] - waitForElementPresent: Object 'Object Repository/Equipment/EquipmentPurchase/EPO_Receipt_Line/EPO_ReceiptLine_New' is present

2017-12-06 12:50:57 - [MESSAGE][PASSED] - Object 'Object Repository/Equipment/EquipmentPurchase/EPO_Receipt_Line/EPO_ReceiptLine_New' is present

2017-12-06 12:50:57 - [TEST_STEP][PASSED] - click: Object: 'Object Repository/Equipment/EquipmentPurchase/EPO_Receipt_Line/EPO_ReceiptLine_New' is clicked on

2017-12-06 12:50:57 - [MESSAGE][PASSED] - Object: 'Object Repository/Equipment/EquipmentPurchase/EPO_Receipt_Line/EPO_ReceiptLine_New' is clicked on

2017-12-06 12:50:57 - [TEST_STEP][PASSED] - waitForElementPresent: Object 'Object Repository/Equipment/EquipmentPurchase/EPO_Receipt_Line/EPO_RecieptLine_Select' is present

2017-12-06 12:50:58 - [MESSAGE][PASSED] - Object 'Object Repository/Equipment/EquipmentPurchase/EPO_Receipt_Line/EPO_RecieptLine_Select' is present

2017-12-06 12:50:58 - [TEST_STEP][PASSED] - click: Object: 'Object Repository/Equipment/EquipmentPurchase/EPO_Receipt_Line/EPO_RecieptLine_Select' is clicked on

2017-12-06 12:50:58 - [MESSAGE][PASSED] - Object: 'Object Repository/Equipment/EquipmentPurchase/EPO_Receipt_Line/EPO_RecieptLine_Select' is clicked on

2017-12-06 12:50:58 - [TEST_STEP][PASSED] - delay: Delayed 3 second(s)

2017-12-06 12:51:01 - [MESSAGE][PASSED] - Delayed 3 second(s)

2017-12-06 12:51:01 - [TEST_STEP][PASSED] - click: Object: 'Object Repository/Equipment/EquipmentPurchase/EPO_Receipt_Line/EPO_ReceiptLine_SavenClose' is clicked on

2017-12-06 12:51:01 - [MESSAGE][PASSED] - Object: 'Object Repository/Equipment/EquipmentPurchase/EPO_Receipt_Line/EPO_ReceiptLine_SavenClose' is clicked on

2017-12-06 12:51:01 - [TEST_STEP][PASSED] - waitForElementPresent: Object 'Object Repository/Equipment/EquipmentPurchase/EPO_Receipt_Line/EPO_RecieptLineAction' is present

2017-12-06 12:51:02 - [MESSAGE][PASSED] - Object 'Object Repository/Equipment/EquipmentPurchase/EPO_Receipt_Line/EPO_RecieptLineAction' is present

2017-12-06 12:51:02 - [TEST_STEP][PASSED] - Statement - G_Unit = com.kms.katalon.core.webui.keyword.WebUiBuiltInKeywords.getText(com.kms.katalon.core.testobject.ObjectRepository.findTestObject(Equipment/EquipmentPurchase/EPO_Receipt/EPO_Reciept_Unit)): Text of object 'Object Repository/Equipment/EquipmentPurchase/EPO_Receipt/EPO_Reciept_Unit' is: 'MD0018390'

2017-12-06 12:51:02 - [MESSAGE][PASSED] - Text of object 'Object Repository/Equipment/EquipmentPurchase/EPO_Receipt/EPO_Reciept_Unit' is: 'MD0018390'

2017-12-06 12:51:02 - [TEST_STEP][PASSED] - click: Object: 'Object Repository/Equipment/EquipmentPurchase/EPO_Receipt_Line/EPO_RecieptLineAction' is clicked on

2017-12-06 12:51:02 - [MESSAGE][PASSED] - Object: 'Object Repository/Equipment/EquipmentPurchase/EPO_Receipt_Line/EPO_RecieptLineAction' is clicked on

2017-12-06 12:51:02 - [TEST_STEP][PASSED] - click: Object: 'Object Repository/Equipment/EquipmentPurchase/EPO_Receipt/EPO_Action_Confirm' is clicked on

2017-12-06 12:51:03 - [MESSAGE][PASSED] - Object: 'Object Repository/Equipment/EquipmentPurchase/EPO_Receipt/EPO_Action_Confirm' is clicked on

2017-12-06 12:51:03 - [TEST_STEP][PASSED] - click: Object: 'Object Repository/Equipment/EquipmentPurchase/EPO_Receipt/EPO_Reciept_MeterOK' is clicked on

2017-12-06 12:51:03 - [MESSAGE][PASSED] - Object: 'Object Repository/Equipment/EquipmentPurchase/EPO_Receipt/EPO_Reciept_MeterOK' is clicked on

2017-12-06 12:51:03 - [TEST_STEP][PASSED] - waitForElementPresent: Object 'Object Repository/Equipment/EquipmentPurchase/EPO_Receipt/EPO_RecieptPrint_Device' is present

2017-12-06 12:51:04 - [MESSAGE][PASSED] - Object 'Object Repository/Equipment/EquipmentPurchase/EPO_Receipt/EPO_RecieptPrint_Device' is present

2017-12-06 12:51:04 - [TEST_STEP][PASSED] - click: Object: 'Object Repository/Equipment/EquipmentPurchase/EPO_Receipt/EPO_RecieptPrint_Device' is clicked on

2017-12-06 12:51:04 - [MESSAGE][PASSED] - Object: 'Object Repository/Equipment/EquipmentPurchase/EPO_Receipt/EPO_RecieptPrint_Device' is clicked on

2017-12-06 12:51:04 - [TEST_STEP][PASSED] - setText: Text 'D' is set on object 'Object Repository/Equipment/EquipmentPurchase/EPO_Receipt/EPO_RecieptPrint_Device'

2017-12-06 12:51:05 - [MESSAGE][PASSED] - Text 'D' is set on object 'Object Repository/Equipment/EquipmentPurchase/EPO_Receipt/EPO_RecieptPrint_Device'

2017-12-06 12:51:05 - [TEST_STEP][PASSED] - click: Object: 'Object Repository/Equipment/EquipmentPurchase/EPO_Receipt/EPO_RecieptPrint_Continue' is clicked on

2017-12-06 12:51:05 - [MESSAGE][PASSED] - Object: 'Object Repository/Equipment/EquipmentPurchase/EPO_Receipt/EPO_RecieptPrint_Continue' is clicked on

2017-12-06 12:51:05 - [TEST_STEP][PASSED] - delay: Delayed 3 second(s)

2017-12-06 12:51:08 - [MESSAGE][PASSED] - Delayed 3 second(s)

2017-12-06 12:51:08 - [TEST_STEP][PASSED] - click: Object: 'Object Repository/Equipment/EquipmentPurchase/EPO_Receipt/EPO_RecieptPrint_ProcessCompleted' is clicked on

2017-12-06 12:51:08 - [MESSAGE][PASSED] - Object: 'Object Repository/Equipment/EquipmentPurchase/EPO_Receipt/EPO_RecieptPrint_ProcessCompleted' is clicked on

2017-12-06 12:51:08 - [TEST_STEP][PASSED] - delay: Delayed 10 second(s)

2017-12-06 12:51:18 - [MESSAGE][PASSED] - Delayed 10 second(s)

2017-12-06 12:51:18 - [MESSAGE][PASSED] - Call Test Case 'Test Cases/Equipment/Base_EquipmentPurchase/Base_EPO_Reciept' successfully

2017-12-06 12:51:18 - [MESSAGE][PASSED] - Call Test Case 'Test Cases/Equipment/Base_EquipmentPurchase/EPO_CreateNrecieve' successfully

2017-12-06 12:51:18 - [TEST_STEP][PASSED] - callTestCase: Call Test Case 'Test Cases/Equipment/Base_EquipmentSales/Base_Equipement_CreateHeader' successfully

2017-12-06 12:51:18 - [TEST_CASE][PASSED] - Test Cases/Equipment/Base_EquipmentSales/Base_Equipement_CreateHeader: Test Cases/Equipment/Base_EquipmentSales/Base_Equipement_CreateHeader

2017-12-06 12:51:18 - [TEST_STEP][PASSED] - callTestCase: Call Test Case 'Test Cases/Common/Base_Common_OpenSession' successfully

2017-12-06 12:51:18 - [TEST_CASE][PASSED] - Test Cases/Common/Base_Common_OpenSession: Test Cases/Common/Base_Common_OpenSession

2017-12-06 12:51:18 - [TEST_STEP][PASSED] - openBrowser: Browser is opened with url: 'https://rgajbhiye:Robin$123@proxima-ln4.e-emphasys.com:8441/webui/servlet/login'

2017-12-06 12:51:18 - [MESSAGE][WARNING] - A browser is already opened. Closing browser and opening a new one

2017-12-06 12:51:26 - [MESSAGE][PASSED] - Browser is opened with url: 'https://rgajbhiye:Robin$123@proxima-ln4.e-emphasys.com:8441/webui/servlet/login'

2017-12-06 12:51:26 - [TEST_STEP][PASSED] - waitForPageLoad: Wait for page load successfully

2017-12-06 12:51:26 - [MESSAGE][PASSED] - Wait for page load successfully

2017-12-06 12:51:26 - [TEST_STEP][PASSED] - maximizeWindow: Current window maximized

2017-12-06 12:51:26 - [MESSAGE][PASSED] - Current window maximized

2017-12-06 12:51:26 - [TEST_STEP][PASSED] - click: Object: 'Object Repository/Common/HomePage/HomePage_more' is clicked on

2017-12-06 12:51:29 - [MESSAGE][PASSED] - Object: 'Object Repository/Common/HomePage/HomePage_more' is clicked on

2017-12-06 12:51:29 - [TEST_STEP][PASSED] - click: Object: 'Object Repository/Common/HomePage/HomePage_Option' is clicked on

2017-12-06 12:51:30 - [MESSAGE][PASSED] - Object: 'Object Repository/Common/HomePage/HomePage_Option' is clicked on

2017-12-06 12:51:30 - [TEST_STEP][PASSED] - click: Object: 'Object Repository/Common/HomePage/HomePage_RunProgram_' is clicked on

2017-12-06 12:51:30 - [MESSAGE][PASSED] - Object: 'Object Repository/Common/HomePage/HomePage_RunProgram_' is clicked on

2017-12-06 12:51:30 - [TEST_STEP][PASSED] - sendKeys: Keys 'tdext8570m000' sent to object: 'Object Repository/Common/HomePage/HomePage_Session_ID'

2017-12-06 12:51:30 - [MESSAGE][PASSED] - Keys 'tdext8570m000' sent to object: 'Object Repository/Common/HomePage/HomePage_Session_ID'

2017-12-06 12:51:30 - [TEST_STEP][PASSED] - click: Object: 'Object Repository/Common/HomePage/HomePage_OkButton' is clicked on

2017-12-06 12:51:31 - [MESSAGE][PASSED] - Object: 'Object Repository/Common/HomePage/HomePage_OkButton' is clicked on

2017-12-06 12:51:31 - [MESSAGE][PASSED] - Call Test Case 'Test Cases/Common/Base_Common_OpenSession' successfully

2017-12-06 12:51:31 - [TEST_STEP][PASSED] - waitForElementPresent: Object 'Object Repository/Equipment/EquipmentSales/EquipmentSalesAgreementHeader/EquipmentSalesOrder_MMT_New' is present

2017-12-06 12:51:36 - [MESSAGE][PASSED] - Object 'Object Repository/Equipment/EquipmentSales/EquipmentSalesAgreementHeader/EquipmentSalesOrder_MMT_New' is present

2017-12-06 12:51:36 - [TEST_STEP][PASSED] - click: Object: 'Object Repository/Equipment/EquipmentSales/EquipmentSalesAgreementHeader/EquipmentSalesOrder_MMT_New' is clicked on

2017-12-06 12:51:40 - [MESSAGE][PASSED] - Object: 'Object Repository/Equipment/EquipmentSales/EquipmentSalesAgreementHeader/EquipmentSalesOrder_MMT_New' is clicked on

2017-12-06 12:51:40 - [TEST_STEP][PASSED] - setText: Text 'M00000010' is set on object 'Object Repository/Equipment/EquipmentSales/EquipmentSalesAgreementHeader/EquipmentSalesOrder_Customer'

2017-12-06 12:51:42 - [MESSAGE][PASSED] - Text 'M00000010' is set on object 'Object Repository/Equipment/EquipmentSales/EquipmentSalesAgreementHeader/EquipmentSalesOrder_Customer'

2017-12-06 12:51:42 - [TEST_STEP][PASSED] - doubleClick: Object: 'Object Repository/Equipment/EquipmentSales/EquipmentSalesAgreementHeader/EquipmentSalesOrder_DeliveryDate' is double clicked on

2017-12-06 12:51:42 - [MESSAGE][PASSED] - Object: 'Object Repository/Equipment/EquipmentSales/EquipmentSalesAgreementHeader/EquipmentSalesOrder_DeliveryDate' is double clicked on

2017-12-06 12:51:42 - [TEST_STEP][PASSED] - setText: Text '+10' is set on object 'Object Repository/Equipment/EquipmentSales/EquipmentSalesAgreementHeader/EquipmentSalesOrder_DeliveryDate'

2017-12-06 12:51:43 - [MESSAGE][PASSED] - Text '+10' is set on object 'Object Repository/Equipment/EquipmentSales/EquipmentSalesAgreementHeader/EquipmentSalesOrder_DeliveryDate'

2017-12-06 12:51:43 - [TEST_STEP][PASSED] - click: Object: 'Object Repository/Equipment/EquipmentSales/EquipmentSalesAgreementHeader/ESO_Header_Tax' is clicked on

2017-12-06 12:51:43 - [MESSAGE][PASSED] - Object: 'Object Repository/Equipment/EquipmentSales/EquipmentSalesAgreementHeader/ESO_Header_Tax' is clicked on

2017-12-06 12:51:43 - [TEST_STEP][PASSED] - click: Object: 'Object Repository/Equipment/EquipmentSales/EquipmentSalesAgreementHeader/EquipmentSaleOrder_Save' is clicked on

2017-12-06 12:51:46 - [MESSAGE][PASSED] - Object: 'Object Repository/Equipment/EquipmentSales/EquipmentSalesAgreementHeader/EquipmentSaleOrder_Save' is clicked on

2017-12-06 12:51:46 - [TEST_STEP][PASSED] - delay: Delayed 2 second(s)

2017-12-06 12:51:48 - [MESSAGE][PASSED] - Delayed 2 second(s)

2017-12-06 12:51:48 - [TEST_STEP][PASSED] - click: Object: 'Object Repository/Equipment/EquipmentSales/EquipmentSalesAgreementHeader/EPO_Header_othertab' is clicked on

2017-12-06 12:51:48 - [MESSAGE][PASSED] - Object: 'Object Repository/Equipment/EquipmentSales/EquipmentSalesAgreementHeader/EPO_Header_othertab' is clicked on

2017-12-06 12:51:48 - [TEST_STEP][PASSED] - delay: Delayed 3 second(s)

2017-12-06 12:51:51 - [MESSAGE][PASSED] - Delayed 3 second(s)

2017-12-06 12:51:51 - [TEST_STEP][PASSED] - click: Object: 'Object Repository/Equipment/EquipmentSales/EquipmentSalesAgreementHeader/EquipmentSalesOrder_PaymentMethod' is clicked on

2017-12-06 12:51:51 - [MESSAGE][PASSED] - Object: 'Object Repository/Equipment/EquipmentSales/EquipmentSalesAgreementHeader/EquipmentSalesOrder_PaymentMethod' is clicked on

2017-12-06 12:51:51 - [TEST_STEP][PASSED] - click: Object: 'Object Repository/Equipment/EquipmentSales/EquipmentSalesAgreementHeader/EquimentSalesOrder_CreditCardOption' is clicked on

2017-12-06 12:51:52 - [MESSAGE][PASSED] - Object: 'Object Repository/Equipment/EquipmentSales/EquipmentSalesAgreementHeader/EquimentSalesOrder_CreditCardOption' is clicked on

2017-12-06 12:51:52 - [TEST_STEP][PASSED] - click: Object: 'Object Repository/Equipment/EquipmentSales/EquipmentSalesAgreementHeader/EquipmentSaleOrder_Save' is clicked on

2017-12-06 12:51:53 - [MESSAGE][PASSED] - Object: 'Object Repository/Equipment/EquipmentSales/EquipmentSalesAgreementHeader/EquipmentSaleOrder_Save' is clicked on

2017-12-06 12:51:53 - [TEST_STEP][PASSED] - click: Object: 'Object Repository/Equipment/EquipmentSales/EquipmentSalesAgreementHeader/EquipmentSalesOrder_DetailsTab' is clicked on

2017-12-06 12:51:53 - [MESSAGE][PASSED] - Object: 'Object Repository/Equipment/EquipmentSales/EquipmentSalesAgreementHeader/EquipmentSalesOrder_DetailsTab' is clicked on

2017-12-06 12:51:53 - [TEST_STEP][PASSED] - delay: Delayed 5 second(s)

2017-12-06 12:51:58 - [MESSAGE][PASSED] - Delayed 5 second(s)

2017-12-06 12:51:58 - [TEST_STEP][PASSED] - Statement - G_Part_PSO = com.kms.katalon.core.webui.keyword.WebUiBuiltInKeywords.getAttribute(com.kms.katalon.core.testobject.ObjectRepository.findTestObject(Equipment/EquipmentSales/EquipmentSalesAgreementHeader/EquipmentSaleOrder_OrderNo), "value"): Attribute 'value' of object 'Object Repository/Equipment/EquipmentSales/EquipmentSalesAgreementHeader/EquipmentSaleOrder_OrderNo' is: 'ESA016787'

2017-12-06 12:51:58 - [MESSAGE][PASSED] - Attribute 'value' of object 'Object Repository/Equipment/EquipmentSales/EquipmentSalesAgreementHeader/EquipmentSaleOrder_OrderNo' is: 'ESA016787'

2017-12-06 12:51:58 - [MESSAGE][PASSED] - Call Test Case 'Test Cases/Equipment/Base_EquipmentSales/Base_Equipement_CreateHeader' successfully

2017-12-06 12:51:58 - [TEST_STEP][PASSED] - callTestCase: Call Test Case 'Test Cases/Equipment/Base_EquipmentSales/Base_EquipmentSalesAddLine' successfully

2017-12-06 12:51:58 - [TEST_CASE][PASSED] - Test Cases/Equipment/Base_EquipmentSales/Base_EquipmentSalesAddLine: Test Cases/Equipment/Base_EquipmentSales/Base_EquipmentSalesAddLine

2017-12-06 12:51:58 - [TEST_STEP][PASSED] - click: Object: 'Object Repository/Equipment/EquipmentSales/EquipmentSalesAgreementHeader/EquipSalesOrder_Action' is clicked on

2017-12-06 12:51:58 - [MESSAGE][PASSED] - Object: 'Object Repository/Equipment/EquipmentSales/EquipmentSalesAgreementHeader/EquipSalesOrder_Action' is clicked on

2017-12-06 12:51:58 - [TEST_STEP][PASSED] - click: Object: 'Object Repository/Equipment/EquipmentSales/EquipmentSalesAgreementHeader/EquipSalesOrder_SalesOrderLine' is clicked on

2017-12-06 12:51:58 - [MESSAGE][PASSED] - Object: 'Object Repository/Equipment/EquipmentSales/EquipmentSalesAgreementHeader/EquipSalesOrder_SalesOrderLine' is clicked on

2017-12-06 12:51:58 - [TEST_STEP][PASSED] - waitForElementPresent: Object 'Object Repository/Equipment/EquipmentSales/EquipSalesOrderLines/EquipSaleOrderLine_New' is present

2017-12-06 12:52:00 - [MESSAGE][PASSED] - Object 'Object Repository/Equipment/EquipmentSales/EquipSalesOrderLines/EquipSaleOrderLine_New' is present

2017-12-06 12:52:00 - [TEST_STEP][PASSED] - click: Object: 'Object Repository/Equipment/EquipmentSales/EquipSalesOrderLines/EquipSaleOrderLine_New' is clicked on

2017-12-06 12:52:00 - [MESSAGE][PASSED] - Object: 'Object Repository/Equipment/EquipmentSales/EquipSalesOrderLines/EquipSaleOrderLine_New' is clicked on

2017-12-06 12:52:00 - [TEST_STEP][PASSED] - waitForElementPresent: Object 'Object Repository/Equipment/EquipmentSales/EquipSalesOrderLines/EquipSalesOrder_Model' is present

2017-12-06 12:52:01 - [MESSAGE][PASSED] - Object 'Object Repository/Equipment/EquipmentSales/EquipSalesOrderLines/EquipSalesOrder_Model' is present

2017-12-06 12:52:01 - [TEST_STEP][PASSED] - click: Object: 'Object Repository/Equipment/EquipmentSales/EquipSalesOrderLines/EquipSalesOrder_Model' is clicked on

2017-12-06 12:52:01 - [MESSAGE][PASSED] - Object: 'Object Repository/Equipment/EquipmentSales/EquipSalesOrderLines/EquipSalesOrder_Model' is clicked on

2017-12-06 12:52:01 - [TEST_STEP][PASSED] - setText: Text '1032' is set on object 'Object Repository/Equipment/EquipmentSales/EquipSalesOrderLines/EquipSalesOrder_Model'

2017-12-06 12:52:02 - [MESSAGE][PASSED] - Text '1032' is set on object 'Object Repository/Equipment/EquipmentSales/EquipSalesOrderLines/EquipSalesOrder_Model'

2017-12-06 12:52:02 - [TEST_STEP][PASSED] - doubleClick: Object: 'Object Repository/Equipment/EquipmentSales/EquipSalesOrderLines/ESO_Line_Unit' is double clicked on

2017-12-06 12:52:02 - [MESSAGE][PASSED] - Object: 'Object Repository/Equipment/EquipmentSales/EquipSalesOrderLines/ESO_Line_Unit' is double clicked on

2017-12-06 12:52:02 - [TEST_STEP][PASSED] - delay: Delayed 2 second(s)

2017-12-06 12:52:04 - [MESSAGE][PASSED] - Delayed 2 second(s)

2017-12-06 12:52:04 - [TEST_STEP][PASSED] - setText: Text 'MD0018390' is set on object 'Object Repository/Equipment/EquipmentSales/EquipSalesOrderLines/ESO_Line_Unit'

2017-12-06 12:52:04 - [MESSAGE][PASSED] - Text 'MD0018390' is set on object 'Object Repository/Equipment/EquipmentSales/EquipSalesOrderLines/ESO_Line_Unit'

2017-12-06 12:52:04 - [TEST_STEP][PASSED] - doubleClick: Object: 'Object Repository/Equipment/EquipmentSales/EquipSalesOrderLines/EquipSalesOrder_Price' is double clicked on

2017-12-06 12:52:04 - [MESSAGE][PASSED] - Object: 'Object Repository/Equipment/EquipmentSales/EquipSalesOrderLines/EquipSalesOrder_Price' is double clicked on

2017-12-06 12:52:04 - [TEST_STEP][PASSED] - delay: Delayed 2 second(s)

2017-12-06 12:52:06 - [MESSAGE][PASSED] - Delayed 2 second(s)

2017-12-06 12:52:06 - [TEST_STEP][PASSED] - setText: Text '10' is set on object 'Object Repository/Equipment/EquipmentSales/EquipSalesOrderLines/EquipSalesOrder_Price'

2017-12-06 12:52:06 - [MESSAGE][PASSED] - Text '10' is set on object 'Object Repository/Equipment/EquipmentSales/EquipSalesOrderLines/EquipSalesOrder_Price'

2017-12-06 12:52:06 - [TEST_STEP][PASSED] - click: Object: 'Object Repository/Equipment/EquipmentSales/EquipSalesOrderLines/EquipSaleOrder_Save' is clicked on

2017-12-06 12:52:06 - [MESSAGE][PASSED] - Object: 'Object Repository/Equipment/EquipmentSales/EquipSalesOrderLines/EquipSaleOrder_Save' is clicked on

2017-12-06 12:52:06 - [TEST_STEP][PASSED] - waitForElementPresent: Object 'Object Repository/Equipment/EquipmentSales/EquipSalesOrderLines/EquipSalesOrder_taxok' is present

2017-12-06 12:52:07 - [MESSAGE][PASSED] - Object 'Object Repository/Equipment/EquipmentSales/EquipSalesOrderLines/EquipSalesOrder_taxok' is present

2017-12-06 12:52:07 - [TEST_STEP][PASSED] - click: Object: 'Object Repository/Equipment/EquipmentSales/EquipSalesOrderLines/EquipSalesOrder_taxok' is clicked on

2017-12-06 12:52:07 - [MESSAGE][PASSED] - Object: 'Object Repository/Equipment/EquipmentSales/EquipSalesOrderLines/EquipSalesOrder_taxok' is clicked on

2017-12-06 12:52:07 - [TEST_STEP][NOT_RUN] - click: NOT_RUN: click

2017-12-06 12:52:07 - [MESSAGE][NOT_RUN] - NOT_RUN: click

2017-12-06 12:52:07 - [TEST_STEP][PASSED] - delay: Delayed 2 second(s)

2017-12-06 12:52:09 - [MESSAGE][PASSED] - Delayed 2 second(s)

2017-12-06 12:52:09 - [TEST_STEP][PASSED] - click: Object: 'Object Repository/Equipment/EquipmentSales/EquipSalesOrderLines/EquipSaleOrder_SavenClose' is clicked on

2017-12-06 12:52:10 - [MESSAGE][PASSED] - Object: 'Object Repository/Equipment/EquipmentSales/EquipSalesOrderLines/EquipSaleOrder_SavenClose' is clicked on

2017-12-06 12:52:10 - [TEST_STEP][PASSED] - delay: Delayed 2 second(s)

2017-12-06 12:52:12 - [MESSAGE][PASSED] - Delayed 2 second(s)

2017-12-06 12:52:12 - [TEST_STEP][PASSED] - click: Object: 'Object Repository/Equipment/EquipmentSales/EquipmentSalesAgreementHeader/EquipSalesOrder_MMTsavenClose' is clicked on

2017-12-06 12:52:12 - [MESSAGE][PASSED] - Object: 'Object Repository/Equipment/EquipmentSales/EquipmentSalesAgreementHeader/EquipSalesOrder_MMTsavenClose' is clicked on

2017-12-06 12:52:12 - [MESSAGE][PASSED] - Call Test Case 'Test Cases/Equipment/Base_EquipmentSales/Base_EquipmentSalesAddLine' successfully

2017-12-06 12:52:12 - [TEST_STEP][PASSED] - callTestCase: Call Test Case 'Test Cases/Equipment/Base_EquipmentSales/Base_EquipSaleOrderProcessing' successfully

2017-12-06 12:52:12 - [TEST_CASE][PASSED] - Test Cases/Equipment/Base_EquipmentSales/Base_EquipSaleOrderProcessing: Test Cases/Equipment/Base_EquipmentSales/Base_EquipSaleOrderProcessing

2017-12-06 12:52:12 - [TEST_STEP][PASSED] - click: Object: 'Object Repository/Equipment/EquipmentSales/EquipmentSalesAgreementHeader/EquipSalesOrder_Action' is clicked on

2017-12-06 12:52:12 - [MESSAGE][PASSED] - Object: 'Object Repository/Equipment/EquipmentSales/EquipmentSalesAgreementHeader/EquipSalesOrder_Action' is clicked on

2017-12-06 12:52:12 - [TEST_STEP][PASSED] - delay: Delayed 2 second(s)

2017-12-06 12:52:14 - [MESSAGE][PASSED] - Delayed 2 second(s)

2017-12-06 12:52:14 - [TEST_STEP][PASSED] - click: Object: 'Object Repository/Equipment/EquipmentSales/EquipSalesOrder_Process/EquipSalesOrder_SendForApproval' is clicked on

2017-12-06 12:52:14 - [MESSAGE][PASSED] - Object: 'Object Repository/Equipment/EquipmentSales/EquipSalesOrder_Process/EquipSalesOrder_SendForApproval' is clicked on

2017-12-06 12:52:14 - [TEST_STEP][PASSED] - delay: Delayed 2 second(s)

2017-12-06 12:52:16 - [MESSAGE][PASSED] - Delayed 2 second(s)

2017-12-06 12:52:16 - [TEST_STEP][PASSED] - verifyElementText: Actual text and expected text of test object 'Object Repository/Equipment/EquipmentSales/EquipSalesOrder_Process/EquipSalesOrder_Status' are matched.

2017-12-06 12:52:16 - [MESSAGE][PASSED] - Actual text and expected text of test object 'Object Repository/Equipment/EquipmentSales/EquipSalesOrder_Process/EquipSalesOrder_Status' are matched.

2017-12-06 12:52:16 - [TEST_STEP][PASSED] - click: Object: 'Object Repository/Equipment/EquipmentSales/EquipmentSalesAgreementHeader/EquipSalesOrder_Action' is clicked on

2017-12-06 12:52:17 - [MESSAGE][PASSED] - Object: 'Object Repository/Equipment/EquipmentSales/EquipmentSalesAgreementHeader/EquipSalesOrder_Action' is clicked on

2017-12-06 12:52:17 - [TEST_STEP][PASSED] - delay: Delayed 2 second(s)

2017-12-06 12:52:19 - [MESSAGE][PASSED] - Delayed 2 second(s)

2017-12-06 12:52:19 - [TEST_STEP][PASSED] - click: Object: 'Object Repository/Equipment/EquipmentSales/EquipSalesOrder_Process/EquipSalesOrder_Action_Approve' is clicked on

2017-12-06 12:52:19 - [MESSAGE][PASSED] - Object: 'Object Repository/Equipment/EquipmentSales/EquipSalesOrder_Process/EquipSalesOrder_Action_Approve' is clicked on

2017-12-06 12:52:19 - [TEST_STEP][PASSED] - delay: Delayed 2 second(s)

2017-12-06 12:52:21 - [MESSAGE][PASSED] - Delayed 2 second(s)

2017-12-06 12:52:21 - [TEST_STEP][PASSED] - click: Object: 'Object Repository/Equipment/EquipmentSales/EquipmentSalesAgreementHeader/EquipSalesOrder_Action' is clicked on

2017-12-06 12:52:21 - [MESSAGE][PASSED] - Object: 'Object Repository/Equipment/EquipmentSales/EquipmentSalesAgreementHeader/EquipSalesOrder_Action' is clicked on

2017-12-06 12:52:21 - [TEST_STEP][PASSED] - delay: Delayed 2 second(s)

2017-12-06 12:52:23 - [MESSAGE][PASSED] - Delayed 2 second(s)

2017-12-06 12:52:23 - [TEST_STEP][PASSED] - verifyElementText: Actual text and expected text of test object 'Object Repository/Equipment/EquipmentSales/EquipSalesOrder_Process/EquipSalesOrder_Status' are matched.

2017-12-06 12:52:23 - [MESSAGE][PASSED] - Actual text and expected text of test object 'Object Repository/Equipment/EquipmentSales/EquipSalesOrder_Process/EquipSalesOrder_Status' are matched.

2017-12-06 12:52:23 - [TEST_STEP][PASSED] - delay: Delayed 2 second(s)

2017-12-06 12:52:25 - [MESSAGE][PASSED] - Delayed 2 second(s)

2017-12-06 12:52:25 - [TEST_STEP][PASSED] - click: Object: 'Object Repository/Equipment/EquipmentSales/EquipmentSalesAgreementHeader/ESO_Header_Print' is clicked on

2017-12-06 12:52:25 - [MESSAGE][PASSED] - Object: 'Object Repository/Equipment/EquipmentSales/EquipmentSalesAgreementHeader/ESO_Header_Print' is clicked on

2017-12-06 12:52:25 - [TEST_STEP][PASSED] - click: Object: 'Object Repository/Equipment/EquipmentSales/EquipmentSalesAgreementHeader/ESO_Header_Print_FinalPrint' is clicked on

2017-12-06 12:52:26 - [MESSAGE][PASSED] - Object: 'Object Repository/Equipment/EquipmentSales/EquipmentSalesAgreementHeader/ESO_Header_Print_FinalPrint' is clicked on

2017-12-06 12:52:26 - [TEST_STEP][PASSED] - click: Object: 'Object Repository/Equipment/EquipmentSales/EquipmentSalesAgreementHeader/ESO_Header_Print_Print' is clicked on

2017-12-06 12:52:26 - [MESSAGE][PASSED] - Object: 'Object Repository/Equipment/EquipmentSales/EquipmentSalesAgreementHeader/ESO_Header_Print_Print' is clicked on

2017-12-06 12:52:26 - [TEST_STEP][PASSED] - click: Object: 'Object Repository/Equipment/EquipmentSales/EquipmentSalesAgreementHeader/ESO_Header_Print_ESOOK' is clicked on

2017-12-06 12:52:27 - [MESSAGE][PASSED] - Object: 'Object Repository/Equipment/EquipmentSales/EquipmentSalesAgreementHeader/ESO_Header_Print_ESOOK' is clicked on

2017-12-06 12:52:27 - [TEST_STEP][PASSED] - delay: Delayed 2 second(s)

2017-12-06 12:52:29 - [MESSAGE][PASSED] - Delayed 2 second(s)

2017-12-06 12:52:29 - [TEST_STEP][PASSED] - click: Object: 'Object Repository/Equipment/EquipmentSales/EquipmentSalesAgreementHeader/ESO_Print_Device' is clicked on

2017-12-06 12:52:29 - [MESSAGE][PASSED] - Object: 'Object Repository/Equipment/EquipmentSales/EquipmentSalesAgreementHeader/ESO_Print_Device' is clicked on

2017-12-06 12:52:29 - [TEST_STEP][PASSED] - delay: Delayed 2 second(s)

2017-12-06 12:52:31 - [MESSAGE][PASSED] - Delayed 2 second(s)

2017-12-06 12:52:31 - [TEST_STEP][PASSED] - setText: Text 'D' is set on object 'Object Repository/Equipment/EquipmentSales/EquipmentSalesAgreementHeader/ESO_Print_Device'

2017-12-06 12:52:32 - [MESSAGE][PASSED] - Text 'D' is set on object 'Object Repository/Equipment/EquipmentSales/EquipmentSalesAgreementHeader/ESO_Print_Device'

2017-12-06 12:52:32 - [TEST_STEP][PASSED] - click: Object: 'Object Repository/Equipment/EquipmentSales/EquipmentSalesAgreementHeader/ESO_Header_Print_Continue' is clicked on

2017-12-06 12:52:32 - [MESSAGE][PASSED] - Object: 'Object Repository/Equipment/EquipmentSales/EquipmentSalesAgreementHeader/ESO_Header_Print_Continue' is clicked on

2017-12-06 12:52:32 - [TEST_STEP][PASSED] - delay: Delayed 3 second(s)

2017-12-06 12:52:35 - [MESSAGE][PASSED] - Delayed 3 second(s)

2017-12-06 12:52:35 - [TEST_STEP][PASSED] - click: Object: 'Object Repository/Equipment/EquipmentSales/EquipmentSalesAgreementHeader/ESO_Tab' is clicked on

2017-12-06 12:52:35 - [MESSAGE][PASSED] - Object: 'Object Repository/Equipment/EquipmentSales/EquipmentSalesAgreementHeader/ESO_Tab' is clicked on

2017-12-06 12:52:35 - [TEST_STEP][PASSED] - click: Object: 'Object Repository/Equipment/EquipmentSales/EquipmentSalesAgreementHeader/ESO_Print_Close' is clicked on

2017-12-06 12:52:35 - [MESSAGE][PASSED] - Object: 'Object Repository/Equipment/EquipmentSales/EquipmentSalesAgreementHeader/ESO_Print_Close' is clicked on

2017-12-06 12:52:35 - [TEST_STEP][PASSED] - delay: Delayed 3 second(s)

2017-12-06 12:52:38 - [MESSAGE][PASSED] - Delayed 3 second(s)

2017-12-06 12:52:38 - [TEST_STEP][PASSED] - click: Object: 'Object Repository/Equipment/EquipmentSales/EquipmentSalesAgreementHeader/EquipSalesOrder_Action' is clicked on

2017-12-06 12:52:39 - [MESSAGE][PASSED] - Object: 'Object Repository/Equipment/EquipmentSales/EquipmentSalesAgreementHeader/EquipSalesOrder_Action' is clicked on

2017-12-06 12:52:39 - [TEST_STEP][PASSED] - click: Object: 'Object Repository/Equipment/EquipmentSales/EquipmentSalesAgreementHeader/ESO_Header_Action_EquipmentDelivery' is clicked on

2017-12-06 12:52:39 - [MESSAGE][PASSED] - Object: 'Object Repository/Equipment/EquipmentSales/EquipmentSalesAgreementHeader/ESO_Header_Action_EquipmentDelivery' is clicked on

2017-12-06 12:52:39 - [TEST_STEP][PASSED] - waitForElementPresent: Object 'Object Repository/Equipment/EquipmentSales/EquipmentDelivery/ESO_Delivery_Agreement' is present

2017-12-06 12:52:40 - [MESSAGE][PASSED] - Object 'Object Repository/Equipment/EquipmentSales/EquipmentDelivery/ESO_Delivery_Agreement' is present

2017-12-06 12:52:40 - [TEST_STEP][PASSED] - click: Object: 'Object Repository/Equipment/EquipmentSales/EquipmentDelivery/ESO_Delivery_Agreement' is clicked on

2017-12-06 12:52:40 - [MESSAGE][PASSED] - Object: 'Object Repository/Equipment/EquipmentSales/EquipmentDelivery/ESO_Delivery_Agreement' is clicked on

2017-12-06 12:52:40 - [TEST_STEP][PASSED] - click: Object: 'Object Repository/Equipment/EquipmentSales/EquipmentDelivery/ESO_Delivery_Save' is clicked on

2017-12-06 12:52:41 - [MESSAGE][PASSED] - Object: 'Object Repository/Equipment/EquipmentSales/EquipmentDelivery/ESO_Delivery_Save' is clicked on

2017-12-06 12:52:41 - [TEST_STEP][PASSED] - delay: Delayed 3 second(s)

2017-12-06 12:52:44 - [MESSAGE][PASSED] - Delayed 3 second(s)

2017-12-06 12:52:44 - [TEST_STEP][PASSED] - click: Object: 'Object Repository/Equipment/EquipmentSales/EquipmentDelivery/ESO_Delivery_Action' is clicked on

2017-12-06 12:52:44 - [MESSAGE][PASSED] - Object: 'Object Repository/Equipment/EquipmentSales/EquipmentDelivery/ESO_Delivery_Action' is clicked on

2017-12-06 12:52:44 - [TEST_STEP][PASSED] - click: Object: 'Object Repository/Equipment/EquipmentSales/EquipmentDelivery/ESO_Delivery_Action_Line' is clicked on

2017-12-06 12:52:44 - [MESSAGE][PASSED] - Object: 'Object Repository/Equipment/EquipmentSales/EquipmentDelivery/ESO_Delivery_Action_Line' is clicked on

2017-12-06 12:52:44 - [TEST_STEP][PASSED] - waitForElementPresent: Object 'Object Repository/Equipment/EquipmentSales/EquipmentDelivery/ESO_DeliveryLine_New' is present

2017-12-06 12:52:45 - [MESSAGE][PASSED] - Object 'Object Repository/Equipment/EquipmentSales/EquipmentDelivery/ESO_DeliveryLine_New' is present

2017-12-06 12:52:45 - [TEST_STEP][PASSED] - click: Object: 'Object Repository/Equipment/EquipmentSales/EquipmentDelivery/ESO_DeliveryLine_New' is clicked on

2017-12-06 12:52:45 - [MESSAGE][PASSED] - Object: 'Object Repository/Equipment/EquipmentSales/EquipmentDelivery/ESO_DeliveryLine_New' is clicked on

2017-12-06 12:52:45 - [TEST_STEP][PASSED] - delay: Delayed 2 second(s)

2017-12-06 12:52:47 - [MESSAGE][PASSED] - Delayed 2 second(s)

2017-12-06 12:52:47 - [TEST_STEP][PASSED] - click: Object: 'Object Repository/Equipment/EquipmentSales/EquipmentDelivery/ESO_DeliveryLine_SelectLine' is clicked on

2017-12-06 12:52:48 - [MESSAGE][PASSED] - Object: 'Object Repository/Equipment/EquipmentSales/EquipmentDelivery/ESO_DeliveryLine_SelectLine' is clicked on

2017-12-06 12:52:48 - [TEST_STEP][PASSED] - delay: Delayed 2 second(s)

2017-12-06 12:52:50 - [MESSAGE][PASSED] - Delayed 2 second(s)

2017-12-06 12:52:50 - [TEST_STEP][PASSED] - click: Object: 'Object Repository/Equipment/EquipmentSales/EquipmentDelivery/ESO_SelectDeliveryLine_SaveNclose' is clicked on

2017-12-06 12:52:50 - [MESSAGE][PASSED] - Object: 'Object Repository/Equipment/EquipmentSales/EquipmentDelivery/ESO_SelectDeliveryLine_SaveNclose' is clicked on

2017-12-06 12:52:50 - [TEST_STEP][PASSED] - delay: Delayed 2 second(s)

2017-12-06 12:52:52 - [MESSAGE][PASSED] - Delayed 2 second(s)

2017-12-06 12:52:52 - [TEST_STEP][PASSED] - click: Object: 'Object Repository/Equipment/EquipmentSales/EquipmentDelivery/ESO_DeliveryLine_Action' is clicked on

2017-12-06 12:52:52 - [MESSAGE][PASSED] - Object: 'Object Repository/Equipment/EquipmentSales/EquipmentDelivery/ESO_DeliveryLine_Action' is clicked on

2017-12-06 12:52:52 - [TEST_STEP][PASSED] - click: Object: 'Object Repository/Equipment/EquipmentSales/EquipmentDelivery/ESO_Delivery_ActionConfirm' is clicked on

2017-12-06 12:52:52 - [MESSAGE][PASSED] - Object: 'Object Repository/Equipment/EquipmentSales/EquipmentDelivery/ESO_Delivery_ActionConfirm' is clicked on

2017-12-06 12:52:52 - [TEST_STEP][PASSED] - delay: Delayed 3 second(s)

2017-12-06 12:52:55 - [MESSAGE][PASSED] - Delayed 3 second(s)

2017-12-06 12:52:55 - [TEST_STEP][PASSED] - click: Object: 'Object Repository/Equipment/EquipmentSales/EquipmentDelivery/ESO_Delivery_ConfirmYes' is clicked on

2017-12-06 12:52:55 - [MESSAGE][PASSED] - Object: 'Object Repository/Equipment/EquipmentSales/EquipmentDelivery/ESO_Delivery_ConfirmYes' is clicked on

2017-12-06 12:52:55 - [TEST_STEP][NOT_RUN] - click: NOT_RUN: click

2017-12-06 12:52:55 - [MESSAGE][NOT_RUN] - NOT_RUN: click

2017-12-06 12:52:55 - [TEST_STEP][PASSED] - setText: Text 'D' is set on object 'Object Repository/Equipment/EquipmentSales/EquipmentDelivery/ESO_Delivery_Device'

2017-12-06 12:52:56 - [MESSAGE][PASSED] - Text 'D' is set on object 'Object Repository/Equipment/EquipmentSales/EquipmentDelivery/ESO_Delivery_Device'

2017-12-06 12:52:56 - [TEST_STEP][PASSED] - click: Object: 'Object Repository/Equipment/EquipmentSales/EquipmentDelivery/ESO_Delivery_printContinue' is clicked on

2017-12-06 12:52:56 - [MESSAGE][PASSED] - Object: 'Object Repository/Equipment/EquipmentSales/EquipmentDelivery/ESO_Delivery_printContinue' is clicked on

2017-12-06 12:52:56 - [TEST_STEP][PASSED] - delay: Delayed 5 second(s)

2017-12-06 12:53:01 - [MESSAGE][PASSED] - Delayed 5 second(s)

2017-12-06 12:53:01 - [MESSAGE][PASSED] - Call Test Case 'Test Cases/Equipment/Base_EquipmentSales/Base_EquipSaleOrderProcessing' successfully

2017-12-06 12:53:01 - [TEST_STEP][PASSED] - callTestCase: Call Test Case 'Test Cases/Equipment/Base_EquipmentSales/Base_EquipSaleOrder_Invoice_cc' successfully

2017-12-06 12:53:01 - [TEST_CASE][PASSED] - Test Cases/Equipment/Base_EquipmentSales/Base_EquipSaleOrder_Invoice_cc: Test Cases/Equipment/Base_EquipmentSales/Base_EquipSaleOrder_Invoice_cc

2017-12-06 12:53:01 - [TEST_STEP][PASSED] - delay: Delayed 5 second(s)

2017-12-06 12:53:06 - [MESSAGE][PASSED] - Delayed 5 second(s)

2017-12-06 12:53:06 - [TEST_STEP][PASSED] - click: Object: 'Object Repository/Equipment/EquipmentSales/EquipmentDelivery/ESO_EquipDeliveryTab' is clicked on

2017-12-06 12:53:07 - [MESSAGE][PASSED] - Object: 'Object Repository/Equipment/EquipmentSales/EquipmentDelivery/ESO_EquipDeliveryTab' is clicked on

2017-12-06 12:53:07 - [TEST_STEP][PASSED] - delay: Delayed 3 second(s)

2017-12-06 12:53:10 - [MESSAGE][PASSED] - Delayed 3 second(s)

2017-12-06 12:53:10 - [TEST_STEP][PASSED] - click: Object: 'Object Repository/Equipment/EquipmentSales/EquipmentDelivery/ESO_Delivery_Action' is clicked on

2017-12-06 12:53:10 - [MESSAGE][PASSED] - Object: 'Object Repository/Equipment/EquipmentSales/EquipmentDelivery/ESO_Delivery_Action' is clicked on

2017-12-06 12:53:10 - [TEST_STEP][PASSED] - click: Object: 'Object Repository/Equipment/EquipmentSales/EquipmentDelivery/ESO_Delivery_Action_SaleInvoice' is clicked on

2017-12-06 12:53:10 - [MESSAGE][PASSED] - Object: 'Object Repository/Equipment/EquipmentSales/EquipmentDelivery/ESO_Delivery_Action_SaleInvoice' is clicked on

2017-12-06 12:53:10 - [TEST_STEP][PASSED] - delay: Delayed 3 second(s)

2017-12-06 12:53:13 - [MESSAGE][PASSED] - Delayed 3 second(s)

2017-12-06 12:53:13 - [TEST_STEP][PASSED] - click: Object: 'Object Repository/Equipment/EquipmentSales/EquipmentSalesInvoiceCC/ESO_CC_ContinueInvoice' is clicked on

2017-12-06 12:53:13 - [MESSAGE][PASSED] - Object: 'Object Repository/Equipment/EquipmentSales/EquipmentSalesInvoiceCC/ESO_CC_ContinueInvoice' is clicked on

2017-12-06 12:53:13 - [TEST_STEP][PASSED] - delay: Delayed 3 second(s)

2017-12-06 12:53:16 - [MESSAGE][PASSED] - Delayed 3 second(s)

2017-12-06 12:53:16 - [TEST_STEP][PASSED] - setText: Text 'GLOBAL' is set on object 'Object Repository/Equipment/EquipmentSales/EquipmentSalesInvoiceCC/CCInterface_PaymentGateway'

2017-12-06 12:53:17 - [MESSAGE][PASSED] - Text 'GLOBAL' is set on object 'Object Repository/Equipment/EquipmentSales/EquipmentSalesInvoiceCC/CCInterface_PaymentGateway'

2017-12-06 12:53:17 - [TEST_STEP][PASSED] - doubleClick: Object: 'Object Repository/Equipment/EquipmentSales/EquipmentSalesInvoiceCC/CCInterface_CardType' is double clicked on

2017-12-06 12:53:17 - [MESSAGE][PASSED] - Object: 'Object Repository/Equipment/EquipmentSales/EquipmentSalesInvoiceCC/CCInterface_CardType' is double clicked on

2017-12-06 12:53:17 - [TEST_STEP][PASSED] - setText: Text 'DEBIT MASTERCARD' is set on object 'Object Repository/Equipment/EquipmentSales/EquipmentSalesInvoiceCC/CCInterface_CardType'

2017-12-06 12:53:17 - [MESSAGE][PASSED] - Text 'DEBIT MASTERCARD' is set on object 'Object Repository/Equipment/EquipmentSales/EquipmentSalesInvoiceCC/CCInterface_CardType'

2017-12-06 12:53:17 - [TEST_STEP][PASSED] - delay: Delayed 3 second(s)

2017-12-06 12:53:20 - [MESSAGE][PASSED] - Delayed 3 second(s)

2017-12-06 12:53:20 - [TEST_STEP][PASSED] - doubleClick: Object: 'Object Repository/Equipment/EquipmentSales/EquipmentSalesInvoiceCC/CCInterface_CardNo' is double clicked on

2017-12-06 12:53:20 - [MESSAGE][PASSED] - Object: 'Object Repository/Equipment/EquipmentSales/EquipmentSalesInvoiceCC/CCInterface_CardNo' is double clicked on

2017-12-06 12:53:20 - [TEST_STEP][PASSED] - setText: Text '5100270000000007' is set on object 'Object Repository/Equipment/EquipmentSales/EquipmentSalesInvoiceCC/CCInterface_CardNo'

2017-12-06 12:53:21 - [MESSAGE][PASSED] - Text '5100270000000007' is set on object 'Object Repository/Equipment/EquipmentSales/EquipmentSalesInvoiceCC/CCInterface_CardNo'

2017-12-06 12:53:21 - [TEST_STEP][PASSED] - setText: Text '456' is set on object 'Object Repository/Equipment/EquipmentSales/EquipmentSalesInvoiceCC/CCInterface_CVV'

2017-12-06 12:53:21 - [MESSAGE][PASSED] - Text '456' is set on object 'Object Repository/Equipment/EquipmentSales/EquipmentSalesInvoiceCC/CCInterface_CVV'

2017-12-06 12:53:21 - [TEST_STEP][PASSED] - setText: Text '09' is set on object 'Object Repository/Equipment/EquipmentSales/EquipmentSalesInvoiceCC/CCInterface_MM'

2017-12-06 12:53:21 - [MESSAGE][PASSED] - Text '09' is set on object 'Object Repository/Equipment/EquipmentSales/EquipmentSalesInvoiceCC/CCInterface_MM'

2017-12-06 12:53:21 - [TEST_STEP][PASSED] - setText: Text '99' is set on object 'Object Repository/Equipment/EquipmentSales/EquipmentSalesInvoiceCC/CCInterface_YY'

2017-12-06 12:53:21 - [MESSAGE][PASSED] - Text '99' is set on object 'Object Repository/Equipment/EquipmentSales/EquipmentSalesInvoiceCC/CCInterface_YY'

2017-12-06 12:53:21 - [TEST_STEP][PASSED] - click: Object: 'Object Repository/Equipment/EquipmentSales/EquipmentSalesInvoiceCC/CCInterface_Process' is clicked on

2017-12-06 12:53:21 - [MESSAGE][PASSED] - Object: 'Object Repository/Equipment/EquipmentSales/EquipmentSalesInvoiceCC/CCInterface_Process' is clicked on

2017-12-06 12:53:21 - [TEST_STEP][PASSED] - delay: Delayed 5 second(s)

2017-12-06 12:53:26 - [MESSAGE][PASSED] - Delayed 5 second(s)

2017-12-06 12:53:26 - [TEST_STEP][PASSED] - waitForElementPresent: Object 'Object Repository/Equipment/EquipmentSales/EquipmentSalesInvoiceCC/EPO_Invoice_TextSelection' is present

2017-12-06 12:53:30 - [MESSAGE][PASSED] - Object 'Object Repository/Equipment/EquipmentSales/EquipmentSalesInvoiceCC/EPO_Invoice_TextSelection' is present

2017-12-06 12:53:30 - [TEST_STEP][PASSED] - click: Object: 'Object Repository/Equipment/EquipmentSales/EquipmentSalesInvoiceCC/EPO_Invoice_TextSelection' is clicked on

2017-12-06 12:53:30 - [MESSAGE][PASSED] - Object: 'Object Repository/Equipment/EquipmentSales/EquipmentSalesInvoiceCC/EPO_Invoice_TextSelection' is clicked on

2017-12-06 12:53:30 - [TEST_STEP][PASSED] - setText: Text 'D' is set on object 'Object Repository/Equipment/EquipmentSales/EquipmentSalesInvoiceCC/EPO_Invoice_Device'

2017-12-06 12:53:31 - [MESSAGE][PASSED] - Text 'D' is set on object 'Object Repository/Equipment/EquipmentSales/EquipmentSalesInvoiceCC/EPO_Invoice_Device'

2017-12-06 12:53:31 - [TEST_STEP][PASSED] - click: Object: 'Object Repository/Equipment/EquipmentSales/EquipmentSalesInvoiceCC/EPO_Invoice_Continue' is clicked on

2017-12-06 12:53:32 - [MESSAGE][PASSED] - Object: 'Object Repository/Equipment/EquipmentSales/EquipmentSalesInvoiceCC/EPO_Invoice_Continue' is clicked on

2017-12-06 12:53:32 - [TEST_STEP][PASSED] - delay: Delayed 10 second(s)

2017-12-06 12:53:42 - [MESSAGE][PASSED] - Delayed 10 second(s)

2017-12-06 12:53:42 - [MESSAGE][PASSED] - Call Test Case 'Test Cases/Equipment/Base_EquipmentSales/Base_EquipSaleOrder_Invoice_cc' successfully

2017-12-06 12:53:42 - [TEST_STEP][PASSED] - callTestCase: Call Test Case 'Test Cases/Parts/BaseTestCases/Base_Part_GetInvoiceDetails' successfully

2017-12-06 12:53:42 - [TEST_CASE][PASSED] - Test Cases/Parts/BaseTestCases/Base_Part_GetInvoiceDetails: Test Cases/Parts/BaseTestCases/Base_Part_GetInvoiceDetails

2017-12-06 12:53:42 - [TEST_STEP][PASSED] - callTestCase: Call Test Case 'Test Cases/Common/Base_Common_OpenSession' successfully

2017-12-06 12:53:42 - [TEST_CASE][PASSED] - Test Cases/Common/Base_Common_OpenSession: Test Cases/Common/Base_Common_OpenSession

2017-12-06 12:53:42 - [TEST_STEP][PASSED] - openBrowser: Browser is opened with url: 'https://rgajbhiye:Robin$123@proxima-ln4.e-emphasys.com:8441/webui/servlet/login'

2017-12-06 12:53:42 - [MESSAGE][WARNING] - A browser is already opened. Closing browser and opening a new one

2017-12-06 12:53:51 - [MESSAGE][PASSED] - Browser is opened with url: 'https://rgajbhiye:Robin$123@proxima-ln4.e-emphasys.com:8441/webui/servlet/login'

2017-12-06 12:53:51 - [TEST_STEP][PASSED] - waitForPageLoad: Wait for page load successfully

2017-12-06 12:53:51 - [MESSAGE][PASSED] - Wait for page load successfully

2017-12-06 12:53:51 - [TEST_STEP][PASSED] - maximizeWindow: Current window maximized

2017-12-06 12:53:51 - [MESSAGE][PASSED] - Current window maximized

2017-12-06 12:53:51 - [TEST_STEP][PASSED] - click: Object: 'Object Repository/Common/HomePage/HomePage_more' is clicked on

2017-12-06 12:53:55 - [MESSAGE][PASSED] - Object: 'Object Repository/Common/HomePage/HomePage_more' is clicked on

2017-12-06 12:53:55 - [TEST_STEP][PASSED] - click: Object: 'Object Repository/Common/HomePage/HomePage_Option' is clicked on

2017-12-06 12:53:55 - [MESSAGE][PASSED] - Object: 'Object Repository/Common/HomePage/HomePage_Option' is clicked on

2017-12-06 12:53:55 - [TEST_STEP][PASSED] - click: Object: 'Object Repository/Common/HomePage/HomePage_RunProgram_' is clicked on

2017-12-06 12:53:55 - [MESSAGE][PASSED] - Object: 'Object Repository/Common/HomePage/HomePage_RunProgram_' is clicked on

2017-12-06 12:53:55 - [TEST_STEP][PASSED] - sendKeys: Keys 'ttaad4500' sent to object: 'Object Repository/Common/HomePage/HomePage_Session_ID'

2017-12-06 12:53:55 - [MESSAGE][PASSED] - Keys 'ttaad4500' sent to object: 'Object Repository/Common/HomePage/HomePage_Session_ID'

2017-12-06 12:53:55 - [TEST_STEP][PASSED] - click: Object: 'Object Repository/Common/HomePage/HomePage_OkButton' is clicked on

2017-12-06 12:53:56 - [MESSAGE][PASSED] - Object: 'Object Repository/Common/HomePage/HomePage_OkButton' is clicked on

2017-12-06 12:53:56 - [MESSAGE][PASSED] - Call Test Case 'Test Cases/Common/Base_Common_OpenSession' successfully

2017-12-06 12:53:56 - [TEST_STEP][PASSED] - doubleClick: Object: 'Object Repository/Parts/cisli245/cisli245_package' is double clicked on

2017-12-06 12:53:56 - [MESSAGE][PASSED] - Object: 'Object Repository/Parts/cisli245/cisli245_package' is double clicked on

2017-12-06 12:53:56 - [TEST_STEP][PASSED] - setText: Text 'ci' is set on object 'Object Repository/Parts/cisli245/cisli245_package'

2017-12-06 12:53:56 - [MESSAGE][PASSED] - Text 'ci' is set on object 'Object Repository/Parts/cisli245/cisli245_package'

2017-12-06 12:53:56 - [TEST_STEP][PASSED] - doubleClick: Object: 'Object Repository/Parts/cisli245/cisli245_module' is double clicked on

2017-12-06 12:53:57 - [MESSAGE][PASSED] - Object: 'Object Repository/Parts/cisli245/cisli245_module' is double clicked on

2017-12-06 12:53:57 - [TEST_STEP][PASSED] - setText: Text 'sli' is set on object 'Object Repository/Parts/cisli245/cisli245_module'

2017-12-06 12:53:57 - [MESSAGE][PASSED] - Text 'sli' is set on object 'Object Repository/Parts/cisli245/cisli245_module'

2017-12-06 12:53:57 - [TEST_STEP][PASSED] - delay: Delayed 2 second(s)

2017-12-06 12:53:59 - [MESSAGE][PASSED] - Delayed 2 second(s)

2017-12-06 12:53:59 - [TEST_STEP][PASSED] - doubleClick: Object: 'Object Repository/Parts/cisli245/cisli245_table' is double clicked on

2017-12-06 12:53:59 - [MESSAGE][PASSED] - Object: 'Object Repository/Parts/cisli245/cisli245_table' is double clicked on

2017-12-06 12:53:59 - [TEST_STEP][PASSED] - setText: Text '245' is set on object 'Object Repository/Parts/cisli245/cisli245_table'

2017-12-06 12:53:59 - [MESSAGE][PASSED] - Text '245' is set on object 'Object Repository/Parts/cisli245/cisli245_table'

2017-12-06 12:53:59 - [TEST_STEP][PASSED] - click: Object: 'Object Repository/Parts/cisli245/cisli245_ok' is clicked on

2017-12-06 12:53:59 - [MESSAGE][PASSED] - Object: 'Object Repository/Parts/cisli245/cisli245_ok' is clicked on

2017-12-06 12:53:59 - [TEST_STEP][NOT_RUN] - doubleClick: NOT_RUN: doubleClick

2017-12-06 12:53:59 - [MESSAGE][NOT_RUN] - NOT_RUN: doubleClick

2017-12-06 12:53:59 - [TEST_STEP][PASSED] - click: Object: 'Object Repository/Parts/cisli245/cisli245_find' is clicked on

2017-12-06 12:54:01 - [MESSAGE][PASSED] - Object: 'Object Repository/Parts/cisli245/cisli245_find' is clicked on

2017-12-06 12:54:01 - [TEST_STEP][PASSED] - doubleClick: Object: 'Object Repository/Parts/cisli245/cisli245_SaleOrder' is double clicked on

2017-12-06 12:54:01 - [MESSAGE][PASSED] - Object: 'Object Repository/Parts/cisli245/cisli245_SaleOrder' is double clicked on

2017-12-06 12:54:01 - [TEST_STEP][PASSED] - setText: Text 'ESA016787' is set on object 'Object Repository/Parts/cisli245/cisli245_SaleOrder'

2017-12-06 12:54:02 - [MESSAGE][PASSED] - Text 'ESA016787' is set on object 'Object Repository/Parts/cisli245/cisli245_SaleOrder'

2017-12-06 12:54:02 - [TEST_STEP][PASSED] - click: Object: 'Object Repository/Parts/cisli245/cisli245_oksearch' is clicked on

2017-12-06 12:54:02 - [MESSAGE][PASSED] - Object: 'Object Repository/Parts/cisli245/cisli245_oksearch' is clicked on

2017-12-06 12:54:02 - [TEST_STEP][PASSED] - delay: Delayed 3 second(s)

2017-12-06 12:54:05 - [MESSAGE][PASSED] - Delayed 3 second(s)

2017-12-06 12:54:05 - [TEST_STEP][PASSED] - getAttribute: Attribute 'value' of object 'Object Repository/Parts/cisli245/cisli245_OrderNo' is: 'ESA016787'

2017-12-06 12:54:05 - [MESSAGE][PASSED] - Attribute 'value' of object 'Object Repository/Parts/cisli245/cisli245_OrderNo' is: 'ESA016787'

2017-12-06 12:54:05 - [TEST_STEP][PASSED] - Statement - G_InvoiceTnxType = com.kms.katalon.core.webui.keyword.WebUiBuiltInKeywords.getAttribute(com.kms.katalon.core.testobject.ObjectRepository.findTestObject(Parts/cisli245/cisli245_invoice1), "value"): Attribute 'value' of object 'Object Repository/Parts/cisli245/cisli245_invoice1' is: 'SIE'

2017-12-06 12:54:05 - [MESSAGE][PASSED] - Attribute 'value' of object 'Object Repository/Parts/cisli245/cisli245_invoice1' is: 'SIE'

2017-12-06 12:54:05 - [TEST_STEP][PASSED] - Statement - G_InvoiceTnxNo = com.kms.katalon.core.webui.keyword.WebUiBuiltInKeywords.getAttribute(com.kms.katalon.core.testobject.ObjectRepository.findTestObject(Parts/cisli245/cisli245_invoice2), "value"): Attribute 'value' of object 'Object Repository/Parts/cisli245/cisli245_invoice2' is: '10002814'

2017-12-06 12:54:05 - [MESSAGE][PASSED] - Attribute 'value' of object 'Object Repository/Parts/cisli245/cisli245_invoice2' is: '10002814'

2017-12-06 12:54:05 - [TEST_STEP][PASSED] - Statement - G_InvoiceAmt = com.kms.katalon.core.webui.keyword.WebUiBuiltInKeywords.getAttribute(com.kms.katalon.core.testobject.ObjectRepository.findTestObject(Parts/cisli245/cisli245_amount), "value"): Attribute 'value' of object 'Object Repository/Parts/cisli245/cisli245_amount' is: '10'

2017-12-06 12:54:05 - [MESSAGE][PASSED] - Attribute 'value' of object 'Object Repository/Parts/cisli245/cisli245_amount' is: '10'

2017-12-06 12:54:05 - [MESSAGE][PASSED] - Call Test Case 'Test Cases/Parts/BaseTestCases/Base_Part_GetInvoiceDetails' successfully

2017-12-06 12:54:05 - [TEST_STEP][PASSED] - callTestCase: Call Test Case 'Test Cases/Finance/BaseTestCases/Base_Finance_CheckOpenEntriesForCCInvoice1' successfully

2017-12-06 12:54:05 - [TEST_CASE][PASSED] - Test Cases/Finance/BaseTestCases/Base_Finance_CheckOpenEntriesForCCInvoice1: Test Cases/Finance/BaseTestCases/Base_Finance_CheckOpenEntriesForCCInvoice1

2017-12-06 12:54:05 - [TEST_STEP][PASSED] - callTestCase: Call Test Case 'Test Cases/Common/Base_Common_OpenSession' successfully

2017-12-06 12:54:05 - [TEST_CASE][PASSED] - Test Cases/Common/Base_Common_OpenSession: Test Cases/Common/Base_Common_OpenSession

2017-12-06 12:54:05 - [TEST_STEP][PASSED] - openBrowser: Browser is opened with url: 'https://rgajbhiye:Robin$123@proxima-ln4.e-emphasys.com:8441/webui/servlet/login'

2017-12-06 12:54:05 - [MESSAGE][WARNING] - A browser is already opened. Closing browser and opening a new one

2017-12-06 12:54:11 - [MESSAGE][PASSED] - Browser is opened with url: 'https://rgajbhiye:Robin$123@proxima-ln4.e-emphasys.com:8441/webui/servlet/login'

2017-12-06 12:54:11 - [TEST_STEP][PASSED] - waitForPageLoad: Wait for page load successfully

2017-12-06 12:54:11 - [MESSAGE][PASSED] - Wait for page load successfully

2017-12-06 12:54:11 - [TEST_STEP][PASSED] - maximizeWindow: Current window maximized

2017-12-06 12:54:11 - [MESSAGE][PASSED] - Current window maximized

2017-12-06 12:54:11 - [TEST_STEP][PASSED] - click: Object: 'Object Repository/Common/HomePage/HomePage_more' is clicked on

2017-12-06 12:54:15 - [MESSAGE][PASSED] - Object: 'Object Repository/Common/HomePage/HomePage_more' is clicked on

2017-12-06 12:54:15 - [TEST_STEP][PASSED] - click: Object: 'Object Repository/Common/HomePage/HomePage_Option' is clicked on

2017-12-06 12:54:15 - [MESSAGE][PASSED] - Object: 'Object Repository/Common/HomePage/HomePage_Option' is clicked on

2017-12-06 12:54:15 - [TEST_STEP][PASSED] - click: Object: 'Object Repository/Common/HomePage/HomePage_RunProgram_' is clicked on

2017-12-06 12:54:15 - [MESSAGE][PASSED] - Object: 'Object Repository/Common/HomePage/HomePage_RunProgram_' is clicked on

2017-12-06 12:54:15 - [TEST_STEP][PASSED] - sendKeys: Keys 'tfacr2520m000' sent to object: 'Object Repository/Common/HomePage/HomePage_Session_ID'

2017-12-06 12:54:15 - [MESSAGE][PASSED] - Keys 'tfacr2520m000' sent to object: 'Object Repository/Common/HomePage/HomePage_Session_ID'

2017-12-06 12:54:15 - [TEST_STEP][PASSED] - click: Object: 'Object Repository/Common/HomePage/HomePage_OkButton' is clicked on

2017-12-06 12:54:15 - [MESSAGE][PASSED] - Object: 'Object Repository/Common/HomePage/HomePage_OkButton' is clicked on

2017-12-06 12:54:15 - [MESSAGE][PASSED] - Call Test Case 'Test Cases/Common/Base_Common_OpenSession' successfully

2017-12-06 12:54:15 - [TEST_STEP][PASSED] - click: Object: 'Object Repository/Finance/BaseTestCases_OpenEntries_Service/OpenEntries_DocumentType' is clicked on

2017-12-06 12:54:19 - [MESSAGE][PASSED] - Object: 'Object Repository/Finance/BaseTestCases_OpenEntries_Service/OpenEntries_DocumentType' is clicked on

2017-12-06 12:54:19 - [TEST_STEP][PASSED] - click: Object: 'Object Repository/Finance/BaseTestCases_OpenEntries_Service/OpenEntries_DocumentNo' is clicked on

2017-12-06 12:54:19 - [MESSAGE][PASSED] - Object: 'Object Repository/Finance/BaseTestCases_OpenEntries_Service/OpenEntries_DocumentNo' is clicked on

2017-12-06 12:54:19 - [TEST_STEP][PASSED] - setText: Text 'SIE' is set on object 'Object Repository/Finance/BaseTestCases_OpenEntries_Service/OpenEntries_DocumentType'

2017-12-06 12:54:19 - [MESSAGE][PASSED] - Text 'SIE' is set on object 'Object Repository/Finance/BaseTestCases_OpenEntries_Service/OpenEntries_DocumentType'

2017-12-06 12:54:19 - [TEST_STEP][NOT_RUN] - sendKeys: NOT_RUN: sendKeys

2017-12-06 12:54:19 - [MESSAGE][NOT_RUN] - NOT_RUN: sendKeys

2017-12-06 12:54:19 - [TEST_STEP][NOT_RUN] - delay: NOT_RUN: delay

2017-12-06 12:54:19 - [MESSAGE][NOT_RUN] - NOT_RUN: delay

2017-12-06 12:54:19 - [TEST_STEP][PASSED] - setText: Text '10002814' is set on object 'Object Repository/Finance/BaseTestCases_OpenEntries_Service/OpenEntries_DocumentNo'

2017-12-06 12:54:20 - [MESSAGE][PASSED] - Text '10002814' is set on object 'Object Repository/Finance/BaseTestCases_OpenEntries_Service/OpenEntries_DocumentNo'

2017-12-06 12:54:20 - [TEST_STEP][NOT_RUN] - delay: NOT_RUN: delay

2017-12-06 12:54:20 - [MESSAGE][NOT_RUN] - NOT_RUN: delay

2017-12-06 12:54:20 - [TEST_STEP][NOT_RUN] - sendKeys: NOT_RUN: sendKeys

2017-12-06 12:54:20 - [MESSAGE][NOT_RUN] - NOT_RUN: sendKeys

2017-12-06 12:54:20 - [TEST_STEP][PASSED] - click: Object: 'Object Repository/Finance/BaseTestCases_OpenEntries_Service/OpenEntries_Action' is clicked on

2017-12-06 12:54:21 - [MESSAGE][PASSED] - Object: 'Object Repository/Finance/BaseTestCases_OpenEntries_Service/OpenEntries_Action' is clicked on

2017-12-06 12:54:21 - [TEST_STEP][PASSED] - click: Object: 'Object Repository/Finance/BaseTestCases_OpenEntries_Service/OpenEntries.FullyPaid' is clicked on

2017-12-06 12:54:21 - [MESSAGE][PASSED] - Object: 'Object Repository/Finance/BaseTestCases_OpenEntries_Service/OpenEntries.FullyPaid' is clicked on

2017-12-06 12:54:21 - [TEST_STEP][PASSED] - delay: Delayed 5 second(s)

2017-12-06 12:54:26 - [MESSAGE][PASSED] - Delayed 5 second(s)

2017-12-06 12:54:26 - [TEST_STEP][PASSED] - scrollToElement: Scroll to object 'Object Repository/Finance/BaseTestCases_OpenEntries_Service/OpenEntries.InvoiceAmt' successfully

2017-12-06 12:54:26 - [MESSAGE][PASSED] - Scroll to object 'Object Repository/Finance/BaseTestCases_OpenEntries_Service/OpenEntries.InvoiceAmt' successfully

2017-12-06 12:54:26 - [TEST_STEP][PASSED] - delay: Delayed 5 second(s)

2017-12-06 12:54:31 - [MESSAGE][PASSED] - Delayed 5 second(s)

2017-12-06 12:54:31 - [TEST_STEP][PASSED] - Statement - BalanceAmount = com.kms.katalon.core.webui.keyword.WebUiBuiltInKeywords.getText(com.kms.katalon.core.testobject.ObjectRepository.findTestObject(Finance/BaseTestCases_OpenEntries_Service/OpenEntries.BalanceAmt)): Text of object 'Object Repository/Finance/BaseTestCases_OpenEntries_Service/OpenEntries.BalanceAmt' is: '0.00'

2017-12-06 12:54:31 - [MESSAGE][PASSED] - Text of object 'Object Repository/Finance/BaseTestCases_OpenEntries_Service/OpenEntries.BalanceAmt' is: '0.00'

2017-12-06 12:54:31 - [TEST_STEP][PASSED] - verifyEqual: Actual object '0.00' and expected object '0.00' are equal

2017-12-06 12:54:31 - [MESSAGE][PASSED] - Actual object '0.00' and expected object '0.00' are equal

2017-12-06 12:54:31 - [TEST_STEP][PASSED] - click: Object: 'Object Repository/Finance/BaseTestCases_OpenEntries_Service/OpenEntries.Reference' is clicked on

2017-12-06 12:54:32 - [MESSAGE][PASSED] - Object: 'Object Repository/Finance/BaseTestCases_OpenEntries_Service/OpenEntries.Reference' is clicked on

2017-12-06 12:54:32 - [TEST_STEP][PASSED] - setText: Text '' is set on object 'Object Repository/Finance/BaseTestCases_OpenEntries_Service/OpenEntries_DocumentType'

2017-12-06 12:54:32 - [MESSAGE][PASSED] - Text '' is set on object 'Object Repository/Finance/BaseTestCases_OpenEntries_Service/OpenEntries_DocumentType'

2017-12-06 12:54:32 - [TEST_STEP][PASSED] - setText: Text '' is set on object 'Object Repository/Finance/BaseTestCases_OpenEntries_Service/OpenEntries_DocumentNo'

2017-12-06 12:54:32 - [MESSAGE][PASSED] - Text '' is set on object 'Object Repository/Finance/BaseTestCases_OpenEntries_Service/OpenEntries_DocumentNo'

2017-12-06 12:54:32 - [TEST_STEP][PASSED] - sendKeys: Keys 'TAB + ' sent to object: 'Object Repository/Finance/BaseTestCases_OpenEntries_Service/OpenEntries_DocumentType'

2017-12-06 12:54:33 - [MESSAGE][PASSED] - Keys 'TAB + ' sent to object: 'Object Repository/Finance/BaseTestCases_OpenEntries_Service/OpenEntries_DocumentType'

2017-12-06 12:54:33 - [TEST_STEP][PASSED] - sendKeys: Keys 'TAB + ' sent to object: 'Object Repository/Finance/BaseTestCases_OpenEntries_Service/OpenEntries_DocumentNo'

2017-12-06 12:54:33 - [MESSAGE][PASSED] - Keys 'TAB + ' sent to object: 'Object Repository/Finance/BaseTestCases_OpenEntries_Service/OpenEntries_DocumentNo'

2017-12-06 12:54:33 - [TEST_STEP][PASSED] - sendKeys: Keys 'M00000010 (SIE/10002814)' sent to object: 'Object Repository/Finance/BaseTestCases_OpenEntries_Service/OpenEntries.Reference'

2017-12-06 12:54:33 - [MESSAGE][PASSED] - Keys 'M00000010 (SIE/10002814)' sent to object: 'Object Repository/Finance/BaseTestCases_OpenEntries_Service/OpenEntries.Reference'

2017-12-06 12:54:33 - [TEST_STEP][PASSED] - click: Object: 'Object Repository/Finance/BaseTestCases_OpenEntries_Service/OpenEntries_DocumentNo' is clicked on

2017-12-06 12:54:34 - [MESSAGE][PASSED] - Object: 'Object Repository/Finance/BaseTestCases_OpenEntries_Service/OpenEntries_DocumentNo' is clicked on

2017-12-06 12:54:34 - [TEST_STEP][PASSED] - delay: Delayed 3 second(s)

2017-12-06 12:54:37 - [MESSAGE][PASSED] - Delayed 3 second(s)

2017-12-06 12:54:37 - [TEST_STEP][PASSED] - scrollToElement: Scroll to object 'Object Repository/Finance/BaseTestCases_OpenEntries_Service/OpenEntries.BalanceAmt' successfully

2017-12-06 12:54:37 - [MESSAGE][PASSED] - Scroll to object 'Object Repository/Finance/BaseTestCases_OpenEntries_Service/OpenEntries.BalanceAmt' successfully

2017-12-06 12:54:37 - [TEST_STEP][PASSED] - Statement - BalanceAmount = com.kms.katalon.core.webui.keyword.WebUiBuiltInKeywords.getText(com.kms.katalon.core.testobject.ObjectRepository.findTestObject(Finance/BaseTestCases_OpenEntries_Service/OpenEntries.BalanceAmt)): Text of object 'Object Repository/Finance/BaseTestCases_OpenEntries_Service/OpenEntries.BalanceAmt' is: '10.00'

2017-12-06 12:54:37 - [MESSAGE][PASSED] - Text of object 'Object Repository/Finance/BaseTestCases_OpenEntries_Service/OpenEntries.BalanceAmt' is: '10.00'

2017-12-06 12:54:37 - [TEST_STEP][PASSED] - Statement - InvoiceAmount = com.kms.katalon.core.webui.keyword.WebUiBuiltInKeywords.getText(com.kms.katalon.core.testobject.ObjectRepository.findTestObject(Finance/BaseTestCases_OpenEntries_Service/OpenEntries.InvoiceAmt)): Text of object 'Object Repository/Finance/BaseTestCases_OpenEntries_Service/OpenEntries.InvoiceAmt' is: '10.00'

2017-12-06 12:54:37 - [MESSAGE][PASSED] - Text of object 'Object Repository/Finance/BaseTestCases_OpenEntries_Service/OpenEntries.InvoiceAmt' is: '10.00'

2017-12-06 12:54:37 - [TEST_STEP][PASSED] - verifyEqual: Actual object '10.00' and expected object '10.00' are equal

2017-12-06 12:54:37 - [MESSAGE][PASSED] - Actual object '10.00' and expected object '10.00' are equal

2017-12-06 12:54:37 - [TEST_STEP][NOT_RUN] - closeBrowser: NOT_RUN: closeBrowser

2017-12-06 12:54:37 - [MESSAGE][NOT_RUN] - NOT_RUN: closeBrowser

2017-12-06 12:54:37 - [MESSAGE][PASSED] - Call Test Case 'Test Cases/Finance/BaseTestCases/Base_Finance_CheckOpenEntriesForCCInvoice1' successfully]]></system-out>
         <system-err><![CDATA[]]></system-err>
      </testcase>
      <testcase name="Test Cases/Equipment/CreditCardRegression/TC002_EquipmentSalesAgreement_Split" classname="Test Cases/Equipment/CreditCardRegression/TC002_EquipmentSalesAgreement_Split" status="FAILED">
         <failure type="FAILED" message="Unable to click on object 'Object Repository/Equipment/EquipmentSales/SplitPayment/Page_Infor LN UI (1)/CCInterface_Split_Order1_add' (Root cause: com.kms.katalon.core.webui.exception.WebElementNotFoundException: Web element with id: 'Object Repository/Equipment/EquipmentSales/SplitPayment/Page_Infor LN UI (1)/CCInterface_Split_Order1_add' located by 'By.xpath: //*[@id = 'xiext8105m000-17-grid-1-xiext805.oamt.rq-28-0-widget']' not found)"/>
         <system-out><![CDATA[2017-12-06 12:54:37 - [TEST_CASE][FAILED] - Test Cases/Equipment/CreditCardRegression/TC002_EquipmentSalesAgreement_Split: Test Cases/Equipment/CreditCardRegression/TC002_EquipmentSalesAgreement_Split FAILED because (of) Unable to click on object 'Object Repository/Equipment/EquipmentSales/SplitPayment/Page_Infor LN UI (1)/CCInterface_Split_Order1_add' (Root cause: com.kms.katalon.core.webui.exception.WebElementNotFoundException: Web element with id: 'Object Repository/Equipment/EquipmentSales/SplitPayment/Page_Infor LN UI (1)/CCInterface_Split_Order1_add' located by 'By.xpath: //*[@id = 'xiext8105m000-17-grid-1-xiext805.oamt.rq-28-0-widget']' not found)

2017-12-06 12:54:37 - [TEST_STEP][PASSED] - callTestCase: Call Test Case 'Test Cases/Equipment/Base_EquipmentPurchase/EPO_CreateNrecieve' successfully

2017-12-06 12:54:37 - [TEST_CASE][PASSED] - Test Cases/Equipment/Base_EquipmentPurchase/EPO_CreateNrecieve: Test Cases/Equipment/Base_EquipmentPurchase/EPO_CreateNrecieve

2017-12-06 12:54:37 - [TEST_STEP][PASSED] - callTestCase: Call Test Case 'Test Cases/Equipment/Base_EquipmentPurchase/Base_EPO_CreateHeaderNline' successfully

2017-12-06 12:54:38 - [TEST_CASE][PASSED] - Test Cases/Equipment/Base_EquipmentPurchase/Base_EPO_CreateHeaderNline: Test Cases/Equipment/Base_EquipmentPurchase/Base_EPO_CreateHeaderNline

2017-12-06 12:54:38 - [TEST_STEP][PASSED] - callTestCase: Call Test Case 'Test Cases/Common/Base_Common_OpenSession' successfully

2017-12-06 12:54:38 - [TEST_CASE][PASSED] - Test Cases/Common/Base_Common_OpenSession: Test Cases/Common/Base_Common_OpenSession

2017-12-06 12:54:38 - [TEST_STEP][PASSED] - openBrowser: Browser is opened with url: 'https://rgajbhiye:Robin$123@proxima-ln4.e-emphasys.com:8441/webui/servlet/login'

2017-12-06 12:54:38 - [MESSAGE][WARNING] - A browser is already opened. Closing browser and opening a new one

2017-12-06 12:54:45 - [MESSAGE][PASSED] - Browser is opened with url: 'https://rgajbhiye:Robin$123@proxima-ln4.e-emphasys.com:8441/webui/servlet/login'

2017-12-06 12:54:45 - [TEST_STEP][PASSED] - waitForPageLoad: Wait for page load successfully

2017-12-06 12:54:45 - [MESSAGE][PASSED] - Wait for page load successfully

2017-12-06 12:54:45 - [TEST_STEP][PASSED] - maximizeWindow: Current window maximized

2017-12-06 12:54:45 - [MESSAGE][PASSED] - Current window maximized

2017-12-06 12:54:45 - [TEST_STEP][PASSED] - click: Object: 'Object Repository/Common/HomePage/HomePage_more' is clicked on

2017-12-06 12:54:48 - [MESSAGE][PASSED] - Object: 'Object Repository/Common/HomePage/HomePage_more' is clicked on

2017-12-06 12:54:48 - [TEST_STEP][PASSED] - click: Object: 'Object Repository/Common/HomePage/HomePage_Option' is clicked on

2017-12-06 12:54:48 - [MESSAGE][PASSED] - Object: 'Object Repository/Common/HomePage/HomePage_Option' is clicked on

2017-12-06 12:54:48 - [TEST_STEP][PASSED] - click: Object: 'Object Repository/Common/HomePage/HomePage_RunProgram_' is clicked on

2017-12-06 12:54:49 - [MESSAGE][PASSED] - Object: 'Object Repository/Common/HomePage/HomePage_RunProgram_' is clicked on

2017-12-06 12:54:49 - [TEST_STEP][PASSED] - sendKeys: Keys 'tdext8150s000' sent to object: 'Object Repository/Common/HomePage/HomePage_Session_ID'

2017-12-06 12:54:49 - [MESSAGE][PASSED] - Keys 'tdext8150s000' sent to object: 'Object Repository/Common/HomePage/HomePage_Session_ID'

2017-12-06 12:54:49 - [TEST_STEP][PASSED] - click: Object: 'Object Repository/Common/HomePage/HomePage_OkButton' is clicked on

2017-12-06 12:54:49 - [MESSAGE][PASSED] - Object: 'Object Repository/Common/HomePage/HomePage_OkButton' is clicked on

2017-12-06 12:54:49 - [MESSAGE][PASSED] - Call Test Case 'Test Cases/Common/Base_Common_OpenSession' successfully

2017-12-06 12:54:49 - [TEST_STEP][PASSED] - waitForElementPresent: Object 'Object Repository/Equipment/EquipmentPurchase/EPO_Header/EPO_Header_New' is present

2017-12-06 12:54:51 - [MESSAGE][PASSED] - Object 'Object Repository/Equipment/EquipmentPurchase/EPO_Header/EPO_Header_New' is present

2017-12-06 12:54:51 - [TEST_STEP][PASSED] - click: Object: 'Object Repository/Equipment/EquipmentPurchase/EPO_Header/EPO_Header_New' is clicked on

2017-12-06 12:54:51 - [MESSAGE][PASSED] - Object: 'Object Repository/Equipment/EquipmentPurchase/EPO_Header/EPO_Header_New' is clicked on

2017-12-06 12:54:51 - [TEST_STEP][PASSED] - click: Object: 'Object Repository/Equipment/EquipmentPurchase/EPO_Header/EPO_Header_Customer' is clicked on

2017-12-06 12:54:52 - [MESSAGE][PASSED] - Object: 'Object Repository/Equipment/EquipmentPurchase/EPO_Header/EPO_Header_Customer' is clicked on

2017-12-06 12:54:52 - [TEST_STEP][PASSED] - setText: Text 'M00000010' is set on object 'Object Repository/Equipment/EquipmentPurchase/EPO_Header/EPO_Header_Customer'

2017-12-06 12:54:52 - [MESSAGE][PASSED] - Text 'M00000010' is set on object 'Object Repository/Equipment/EquipmentPurchase/EPO_Header/EPO_Header_Customer'

2017-12-06 12:54:52 - [TEST_STEP][PASSED] - click: Object: 'Object Repository/Equipment/EquipmentPurchase/EPO_Header/EPO_Header_Save' is clicked on

2017-12-06 12:54:52 - [MESSAGE][PASSED] - Object: 'Object Repository/Equipment/EquipmentPurchase/EPO_Header/EPO_Header_Save' is clicked on

2017-12-06 12:54:52 - [TEST_STEP][PASSED] - delay: Delayed 5 second(s)

2017-12-06 12:54:57 - [MESSAGE][PASSED] - Delayed 5 second(s)

2017-12-06 12:54:57 - [TEST_STEP][PASSED] - click: Object: 'Object Repository/Equipment/EquipmentPurchase/EPO_Header/EPO_Header_Action' is clicked on

2017-12-06 12:54:57 - [MESSAGE][PASSED] - Object: 'Object Repository/Equipment/EquipmentPurchase/EPO_Header/EPO_Header_Action' is clicked on

2017-12-06 12:54:57 - [TEST_STEP][PASSED] - click: Object: 'Object Repository/Equipment/EquipmentPurchase/EPO_Header/EPO_Header_Action_OrderLines' is clicked on

2017-12-06 12:54:57 - [MESSAGE][PASSED] - Object: 'Object Repository/Equipment/EquipmentPurchase/EPO_Header/EPO_Header_Action_OrderLines' is clicked on

2017-12-06 12:54:57 - [TEST_STEP][PASSED] - waitForElementPresent: Object 'Object Repository/Equipment/EquipmentPurchase/EPO_Line/EPO_MultiLine_New' is present

2017-12-06 12:54:59 - [MESSAGE][PASSED] - Object 'Object Repository/Equipment/EquipmentPurchase/EPO_Line/EPO_MultiLine_New' is present

2017-12-06 12:54:59 - [TEST_STEP][PASSED] - click: Object: 'Object Repository/Equipment/EquipmentPurchase/EPO_Line/EPO_MultiLine_New' is clicked on

2017-12-06 12:54:59 - [MESSAGE][PASSED] - Object: 'Object Repository/Equipment/EquipmentPurchase/EPO_Line/EPO_MultiLine_New' is clicked on

2017-12-06 12:54:59 - [TEST_STEP][PASSED] - waitForElementPresent: Object 'Object Repository/Equipment/EquipmentPurchase/EPO_Line/EPO_Line_Model' is present

2017-12-06 12:55:00 - [MESSAGE][PASSED] - Object 'Object Repository/Equipment/EquipmentPurchase/EPO_Line/EPO_Line_Model' is present

2017-12-06 12:55:00 - [TEST_STEP][PASSED] - click: Object: 'Object Repository/Equipment/EquipmentPurchase/EPO_Line/EPO_Line_Model' is clicked on

2017-12-06 12:55:00 - [MESSAGE][PASSED] - Object: 'Object Repository/Equipment/EquipmentPurchase/EPO_Line/EPO_Line_Model' is clicked on

2017-12-06 12:55:00 - [TEST_STEP][PASSED] - delay: Delayed 2 second(s)

2017-12-06 12:55:02 - [MESSAGE][PASSED] - Delayed 2 second(s)

2017-12-06 12:55:02 - [TEST_STEP][PASSED] - setText: Text '1032' is set on object 'Object Repository/Equipment/EquipmentPurchase/EPO_Line/EPO_Line_Model'

2017-12-06 12:55:03 - [MESSAGE][PASSED] - Text '1032' is set on object 'Object Repository/Equipment/EquipmentPurchase/EPO_Line/EPO_Line_Model'

2017-12-06 12:55:03 - [TEST_STEP][PASSED] - click: Object: 'Object Repository/Equipment/EquipmentPurchase/EPO_Line/EPO_Line_NeworUsed' is clicked on

2017-12-06 12:55:03 - [MESSAGE][PASSED] - Object: 'Object Repository/Equipment/EquipmentPurchase/EPO_Line/EPO_Line_NeworUsed' is clicked on

2017-12-06 12:55:03 - [TEST_STEP][PASSED] - click: Object: 'Object Repository/Equipment/EquipmentPurchase/EPO_Line/EPO_Line_NewEquipOption' is clicked on

2017-12-06 12:55:03 - [MESSAGE][PASSED] - Object: 'Object Repository/Equipment/EquipmentPurchase/EPO_Line/EPO_Line_NewEquipOption' is clicked on

2017-12-06 12:55:03 - [TEST_STEP][PASSED] - click: Object: 'Object Repository/Equipment/EquipmentPurchase/EPO_Line/EPO_Line_PlannedDate' is clicked on

2017-12-06 12:55:03 - [MESSAGE][PASSED] - Object: 'Object Repository/Equipment/EquipmentPurchase/EPO_Line/EPO_Line_PlannedDate' is clicked on

2017-12-06 12:55:03 - [TEST_STEP][PASSED] - delay: Delayed 2 second(s)

2017-12-06 12:55:05 - [MESSAGE][PASSED] - Delayed 2 second(s)

2017-12-06 12:55:05 - [TEST_STEP][PASSED] - setText: Text '+10' is set on object 'Object Repository/Equipment/EquipmentPurchase/EPO_Line/EPO_Line_PlannedDate'

2017-12-06 12:55:05 - [MESSAGE][PASSED] - Text '+10' is set on object 'Object Repository/Equipment/EquipmentPurchase/EPO_Line/EPO_Line_PlannedDate'

2017-12-06 12:55:05 - [TEST_STEP][PASSED] - click: Object: 'Object Repository/Equipment/EquipmentPurchase/EPO_Line/EPO_Line_Price' is clicked on

2017-12-06 12:55:05 - [MESSAGE][PASSED] - Object: 'Object Repository/Equipment/EquipmentPurchase/EPO_Line/EPO_Line_Price' is clicked on

2017-12-06 12:55:05 - [TEST_STEP][PASSED] - delay: Delayed 2 second(s)

2017-12-06 12:55:07 - [MESSAGE][PASSED] - Delayed 2 second(s)

2017-12-06 12:55:07 - [TEST_STEP][PASSED] - setText: Text '100' is set on object 'Object Repository/Equipment/EquipmentPurchase/EPO_Line/EPO_Line_Price'

2017-12-06 12:55:07 - [MESSAGE][PASSED] - Text '100' is set on object 'Object Repository/Equipment/EquipmentPurchase/EPO_Line/EPO_Line_Price'

2017-12-06 12:55:07 - [TEST_STEP][PASSED] - click: Object: 'Object Repository/Equipment/EquipmentPurchase/EPO_Line/EPO_Line_Save' is clicked on

2017-12-06 12:55:08 - [MESSAGE][PASSED] - Object: 'Object Repository/Equipment/EquipmentPurchase/EPO_Line/EPO_Line_Save' is clicked on

2017-12-06 12:55:08 - [TEST_STEP][PASSED] - click: Object: 'Object Repository/Equipment/EquipmentPurchase/EPO_Line/EPO_Line_importNO' is clicked on

2017-12-06 12:55:08 - [MESSAGE][PASSED] - Object: 'Object Repository/Equipment/EquipmentPurchase/EPO_Line/EPO_Line_importNO' is clicked on

2017-12-06 12:55:08 - [TEST_STEP][PASSED] - click: Object: 'Object Repository/Equipment/EquipmentPurchase/EPO_Line/EPO_Line_SaveNclose' is clicked on

2017-12-06 12:55:09 - [MESSAGE][PASSED] - Object: 'Object Repository/Equipment/EquipmentPurchase/EPO_Line/EPO_Line_SaveNclose' is clicked on

2017-12-06 12:55:09 - [TEST_STEP][PASSED] - delay: Delayed 2 second(s)

2017-12-06 12:55:11 - [MESSAGE][PASSED] - Delayed 2 second(s)

2017-12-06 12:55:11 - [TEST_STEP][PASSED] - click: Object: 'Object Repository/Equipment/EquipmentPurchase/EPO_Line/EPO_MultiLine_SavenClose' is clicked on

2017-12-06 12:55:11 - [MESSAGE][PASSED] - Object: 'Object Repository/Equipment/EquipmentPurchase/EPO_Line/EPO_MultiLine_SavenClose' is clicked on

2017-12-06 12:55:11 - [MESSAGE][PASSED] - Call Test Case 'Test Cases/Equipment/Base_EquipmentPurchase/Base_EPO_CreateHeaderNline' successfully

2017-12-06 12:55:11 - [TEST_STEP][PASSED] - callTestCase: Call Test Case 'Test Cases/Equipment/Base_EquipmentPurchase/Base_EPO_Reciept' successfully

2017-12-06 12:55:11 - [TEST_CASE][PASSED] - Test Cases/Equipment/Base_EquipmentPurchase/Base_EPO_Reciept: Test Cases/Equipment/Base_EquipmentPurchase/Base_EPO_Reciept

2017-12-06 12:55:11 - [TEST_STEP][PASSED] - click: Object: 'Object Repository/Equipment/EquipmentPurchase/EPO_Header/EPO_Header_Action' is clicked on

2017-12-06 12:55:11 - [MESSAGE][PASSED] - Object: 'Object Repository/Equipment/EquipmentPurchase/EPO_Header/EPO_Header_Action' is clicked on

2017-12-06 12:55:11 - [TEST_STEP][PASSED] - click: Object: 'Object Repository/Equipment/EquipmentPurchase/EPO_Header/EPO_Header_Action_SendForApproval' is clicked on

2017-12-06 12:55:11 - [MESSAGE][PASSED] - Object: 'Object Repository/Equipment/EquipmentPurchase/EPO_Header/EPO_Header_Action_SendForApproval' is clicked on

2017-12-06 12:55:11 - [TEST_STEP][PASSED] - delay: Delayed 5 second(s)

2017-12-06 12:55:16 - [MESSAGE][PASSED] - Delayed 5 second(s)

2017-12-06 12:55:16 - [TEST_STEP][PASSED] - click: Object: 'Object Repository/Equipment/EquipmentPurchase/EPO_Header/EPO_Header_Action' is clicked on

2017-12-06 12:55:17 - [MESSAGE][PASSED] - Object: 'Object Repository/Equipment/EquipmentPurchase/EPO_Header/EPO_Header_Action' is clicked on

2017-12-06 12:55:17 - [TEST_STEP][PASSED] - click: Object: 'Object Repository/Equipment/EquipmentPurchase/EPO_Header/EPO_Header_Apporve' is clicked on

2017-12-06 12:55:17 - [MESSAGE][PASSED] - Object: 'Object Repository/Equipment/EquipmentPurchase/EPO_Header/EPO_Header_Apporve' is clicked on

2017-12-06 12:55:17 - [TEST_STEP][PASSED] - delay: Delayed 5 second(s)

2017-12-06 12:55:22 - [MESSAGE][PASSED] - Delayed 5 second(s)

2017-12-06 12:55:22 - [TEST_STEP][PASSED] - click: Object: 'Object Repository/Equipment/EquipmentPurchase/EPO_Header/EPO_Header_Print' is clicked on

2017-12-06 12:55:22 - [MESSAGE][PASSED] - Object: 'Object Repository/Equipment/EquipmentPurchase/EPO_Header/EPO_Header_Print' is clicked on

2017-12-06 12:55:22 - [TEST_STEP][PASSED] - click: Object: 'Object Repository/Equipment/EquipmentPurchase/EPO_Header/EPO_Print_FinalPrint' is clicked on

2017-12-06 12:55:23 - [MESSAGE][PASSED] - Object: 'Object Repository/Equipment/EquipmentPurchase/EPO_Header/EPO_Print_FinalPrint' is clicked on

2017-12-06 12:55:23 - [TEST_STEP][PASSED] - click: Object: 'Object Repository/Equipment/EquipmentPurchase/EPO_Header/EPO_Print_PrintOption' is clicked on

2017-12-06 12:55:23 - [MESSAGE][PASSED] - Object: 'Object Repository/Equipment/EquipmentPurchase/EPO_Header/EPO_Print_PrintOption' is clicked on

2017-12-06 12:55:23 - [TEST_STEP][PASSED] - click: Object: 'Object Repository/Equipment/EquipmentPurchase/EPO_Header/EPO_Print_Device' is clicked on

2017-12-06 12:55:26 - [MESSAGE][PASSED] - Object: 'Object Repository/Equipment/EquipmentPurchase/EPO_Header/EPO_Print_Device' is clicked on

2017-12-06 12:55:26 - [TEST_STEP][PASSED] - setText: Text 'D' is set on object 'Object Repository/Equipment/EquipmentPurchase/EPO_Header/EPO_Print_Device'

2017-12-06 12:55:26 - [MESSAGE][PASSED] - Text 'D' is set on object 'Object Repository/Equipment/EquipmentPurchase/EPO_Header/EPO_Print_Device'

2017-12-06 12:55:26 - [TEST_STEP][PASSED] - click: Object: 'Object Repository/Equipment/EquipmentPurchase/EPO_Header/EPO_Print_Continue' is clicked on

2017-12-06 12:55:26 - [MESSAGE][PASSED] - Object: 'Object Repository/Equipment/EquipmentPurchase/EPO_Header/EPO_Print_Continue' is clicked on

2017-12-06 12:55:26 - [TEST_STEP][PASSED] - delay: Delayed 5 second(s)

2017-12-06 12:55:31 - [MESSAGE][PASSED] - Delayed 5 second(s)

2017-12-06 12:55:31 - [TEST_STEP][PASSED] - click: Object: 'Object Repository/Equipment/EquipmentPurchase/EPO_Header/EPO_Header_EPOtab' is clicked on

2017-12-06 12:55:31 - [MESSAGE][PASSED] - Object: 'Object Repository/Equipment/EquipmentPurchase/EPO_Header/EPO_Header_EPOtab' is clicked on

2017-12-06 12:55:31 - [TEST_STEP][PASSED] - click: Object: 'Object Repository/Equipment/EquipmentPurchase/EPO_Header/EPO_Print_Close' is clicked on

2017-12-06 12:55:31 - [MESSAGE][PASSED] - Object: 'Object Repository/Equipment/EquipmentPurchase/EPO_Header/EPO_Print_Close' is clicked on

2017-12-06 12:55:31 - [TEST_STEP][PASSED] - delay: Delayed 3 second(s)

2017-12-06 12:55:34 - [MESSAGE][PASSED] - Delayed 3 second(s)

2017-12-06 12:55:34 - [TEST_STEP][PASSED] - click: Object: 'Object Repository/Equipment/EquipmentPurchase/EPO_Header/EPO_Header_Action' is clicked on

2017-12-06 12:55:34 - [MESSAGE][PASSED] - Object: 'Object Repository/Equipment/EquipmentPurchase/EPO_Header/EPO_Header_Action' is clicked on

2017-12-06 12:55:34 - [TEST_STEP][PASSED] - click: Object: 'Object Repository/Equipment/EquipmentPurchase/EPO_Header/EPO_Action_Reciept' is clicked on

2017-12-06 12:55:35 - [MESSAGE][PASSED] - Object: 'Object Repository/Equipment/EquipmentPurchase/EPO_Header/EPO_Action_Reciept' is clicked on

2017-12-06 12:55:35 - [TEST_STEP][PASSED] - waitForElementPresent: Object 'Object Repository/Equipment/EquipmentPurchase/EPO_Receipt/EPO_Reciept_Save' is present

2017-12-06 12:55:36 - [MESSAGE][PASSED] - Object 'Object Repository/Equipment/EquipmentPurchase/EPO_Receipt/EPO_Reciept_Save' is present

2017-12-06 12:55:36 - [TEST_STEP][PASSED] - click: Object: 'Object Repository/Equipment/EquipmentPurchase/EPO_Receipt/EPO_Reciept_Save' is clicked on

2017-12-06 12:55:36 - [MESSAGE][PASSED] - Object: 'Object Repository/Equipment/EquipmentPurchase/EPO_Receipt/EPO_Reciept_Save' is clicked on

2017-12-06 12:55:36 - [TEST_STEP][PASSED] - delay: Delayed 3 second(s)

2017-12-06 12:55:39 - [MESSAGE][PASSED] - Delayed 3 second(s)

2017-12-06 12:55:39 - [TEST_STEP][PASSED] - click: Object: 'Object Repository/Equipment/EquipmentPurchase/EPO_Receipt/EPO_Receipt_Action' is clicked on

2017-12-06 12:55:39 - [MESSAGE][PASSED] - Object: 'Object Repository/Equipment/EquipmentPurchase/EPO_Receipt/EPO_Receipt_Action' is clicked on

2017-12-06 12:55:39 - [TEST_STEP][PASSED] - click: Object: 'Object Repository/Equipment/EquipmentPurchase/EPO_Receipt/EPO_Receipt_Action_ReceiptLine' is clicked on

2017-12-06 12:55:39 - [MESSAGE][PASSED] - Object: 'Object Repository/Equipment/EquipmentPurchase/EPO_Receipt/EPO_Receipt_Action_ReceiptLine' is clicked on

2017-12-06 12:55:39 - [TEST_STEP][PASSED] - waitForElementPresent: Object 'Object Repository/Equipment/EquipmentPurchase/EPO_Receipt_Line/EPO_ReceiptLine_New' is present

2017-12-06 12:55:41 - [MESSAGE][PASSED] - Object 'Object Repository/Equipment/EquipmentPurchase/EPO_Receipt_Line/EPO_ReceiptLine_New' is present

2017-12-06 12:55:41 - [TEST_STEP][PASSED] - click: Object: 'Object Repository/Equipment/EquipmentPurchase/EPO_Receipt_Line/EPO_ReceiptLine_New' is clicked on

2017-12-06 12:55:41 - [MESSAGE][PASSED] - Object: 'Object Repository/Equipment/EquipmentPurchase/EPO_Receipt_Line/EPO_ReceiptLine_New' is clicked on

2017-12-06 12:55:41 - [TEST_STEP][PASSED] - waitForElementPresent: Object 'Object Repository/Equipment/EquipmentPurchase/EPO_Receipt_Line/EPO_RecieptLine_Select' is present

2017-12-06 12:55:42 - [MESSAGE][PASSED] - Object 'Object Repository/Equipment/EquipmentPurchase/EPO_Receipt_Line/EPO_RecieptLine_Select' is present

2017-12-06 12:55:42 - [TEST_STEP][PASSED] - click: Object: 'Object Repository/Equipment/EquipmentPurchase/EPO_Receipt_Line/EPO_RecieptLine_Select' is clicked on

2017-12-06 12:55:42 - [MESSAGE][PASSED] - Object: 'Object Repository/Equipment/EquipmentPurchase/EPO_Receipt_Line/EPO_RecieptLine_Select' is clicked on

2017-12-06 12:55:42 - [TEST_STEP][PASSED] - delay: Delayed 3 second(s)

2017-12-06 12:55:45 - [MESSAGE][PASSED] - Delayed 3 second(s)

2017-12-06 12:55:45 - [TEST_STEP][PASSED] - click: Object: 'Object Repository/Equipment/EquipmentPurchase/EPO_Receipt_Line/EPO_ReceiptLine_SavenClose' is clicked on

2017-12-06 12:55:45 - [MESSAGE][PASSED] - Object: 'Object Repository/Equipment/EquipmentPurchase/EPO_Receipt_Line/EPO_ReceiptLine_SavenClose' is clicked on

2017-12-06 12:55:45 - [TEST_STEP][PASSED] - waitForElementPresent: Object 'Object Repository/Equipment/EquipmentPurchase/EPO_Receipt_Line/EPO_RecieptLineAction' is present

2017-12-06 12:55:45 - [MESSAGE][PASSED] - Object 'Object Repository/Equipment/EquipmentPurchase/EPO_Receipt_Line/EPO_RecieptLineAction' is present

2017-12-06 12:55:45 - [TEST_STEP][PASSED] - Statement - G_Unit = com.kms.katalon.core.webui.keyword.WebUiBuiltInKeywords.getText(com.kms.katalon.core.testobject.ObjectRepository.findTestObject(Equipment/EquipmentPurchase/EPO_Receipt/EPO_Reciept_Unit)): Text of object 'Object Repository/Equipment/EquipmentPurchase/EPO_Receipt/EPO_Reciept_Unit' is: 'MD0018391'

2017-12-06 12:55:46 - [MESSAGE][PASSED] - Text of object 'Object Repository/Equipment/EquipmentPurchase/EPO_Receipt/EPO_Reciept_Unit' is: 'MD0018391'

2017-12-06 12:55:46 - [TEST_STEP][PASSED] - click: Object: 'Object Repository/Equipment/EquipmentPurchase/EPO_Receipt_Line/EPO_RecieptLineAction' is clicked on

2017-12-06 12:55:46 - [MESSAGE][PASSED] - Object: 'Object Repository/Equipment/EquipmentPurchase/EPO_Receipt_Line/EPO_RecieptLineAction' is clicked on

2017-12-06 12:55:46 - [TEST_STEP][PASSED] - click: Object: 'Object Repository/Equipment/EquipmentPurchase/EPO_Receipt/EPO_Action_Confirm' is clicked on

2017-12-06 12:55:46 - [MESSAGE][PASSED] - Object: 'Object Repository/Equipment/EquipmentPurchase/EPO_Receipt/EPO_Action_Confirm' is clicked on

2017-12-06 12:55:46 - [TEST_STEP][PASSED] - click: Object: 'Object Repository/Equipment/EquipmentPurchase/EPO_Receipt/EPO_Reciept_MeterOK' is clicked on

2017-12-06 12:55:47 - [MESSAGE][PASSED] - Object: 'Object Repository/Equipment/EquipmentPurchase/EPO_Receipt/EPO_Reciept_MeterOK' is clicked on

2017-12-06 12:55:47 - [TEST_STEP][PASSED] - waitForElementPresent: Object 'Object Repository/Equipment/EquipmentPurchase/EPO_Receipt/EPO_RecieptPrint_Device' is present

2017-12-06 12:55:49 - [MESSAGE][PASSED] - Object 'Object Repository/Equipment/EquipmentPurchase/EPO_Receipt/EPO_RecieptPrint_Device' is present

2017-12-06 12:55:49 - [TEST_STEP][PASSED] - click: Object: 'Object Repository/Equipment/EquipmentPurchase/EPO_Receipt/EPO_RecieptPrint_Device' is clicked on

2017-12-06 12:55:49 - [MESSAGE][PASSED] - Object: 'Object Repository/Equipment/EquipmentPurchase/EPO_Receipt/EPO_RecieptPrint_Device' is clicked on

2017-12-06 12:55:49 - [TEST_STEP][PASSED] - setText: Text 'D' is set on object 'Object Repository/Equipment/EquipmentPurchase/EPO_Receipt/EPO_RecieptPrint_Device'

2017-12-06 12:55:49 - [MESSAGE][PASSED] - Text 'D' is set on object 'Object Repository/Equipment/EquipmentPurchase/EPO_Receipt/EPO_RecieptPrint_Device'

2017-12-06 12:55:49 - [TEST_STEP][PASSED] - click: Object: 'Object Repository/Equipment/EquipmentPurchase/EPO_Receipt/EPO_RecieptPrint_Continue' is clicked on

2017-12-06 12:55:49 - [MESSAGE][PASSED] - Object: 'Object Repository/Equipment/EquipmentPurchase/EPO_Receipt/EPO_RecieptPrint_Continue' is clicked on

2017-12-06 12:55:49 - [TEST_STEP][PASSED] - delay: Delayed 3 second(s)

2017-12-06 12:55:52 - [MESSAGE][PASSED] - Delayed 3 second(s)

2017-12-06 12:55:52 - [TEST_STEP][PASSED] - click: Object: 'Object Repository/Equipment/EquipmentPurchase/EPO_Receipt/EPO_RecieptPrint_ProcessCompleted' is clicked on

2017-12-06 12:55:52 - [MESSAGE][PASSED] - Object: 'Object Repository/Equipment/EquipmentPurchase/EPO_Receipt/EPO_RecieptPrint_ProcessCompleted' is clicked on

2017-12-06 12:55:52 - [TEST_STEP][PASSED] - delay: Delayed 10 second(s)

2017-12-06 12:56:02 - [MESSAGE][PASSED] - Delayed 10 second(s)

2017-12-06 12:56:02 - [MESSAGE][PASSED] - Call Test Case 'Test Cases/Equipment/Base_EquipmentPurchase/Base_EPO_Reciept' successfully

2017-12-06 12:56:02 - [MESSAGE][PASSED] - Call Test Case 'Test Cases/Equipment/Base_EquipmentPurchase/EPO_CreateNrecieve' successfully

2017-12-06 12:56:02 - [TEST_STEP][PASSED] - callTestCase: Call Test Case 'Test Cases/Equipment/Base_EquipmentSales/Base_Equipement_CreateHeader' successfully

2017-12-06 12:56:02 - [TEST_CASE][PASSED] - Test Cases/Equipment/Base_EquipmentSales/Base_Equipement_CreateHeader: Test Cases/Equipment/Base_EquipmentSales/Base_Equipement_CreateHeader

2017-12-06 12:56:02 - [TEST_STEP][PASSED] - callTestCase: Call Test Case 'Test Cases/Common/Base_Common_OpenSession' successfully

2017-12-06 12:56:03 - [TEST_CASE][PASSED] - Test Cases/Common/Base_Common_OpenSession: Test Cases/Common/Base_Common_OpenSession

2017-12-06 12:56:03 - [TEST_STEP][PASSED] - openBrowser: Browser is opened with url: 'https://rgajbhiye:Robin$123@proxima-ln4.e-emphasys.com:8441/webui/servlet/login'

2017-12-06 12:56:03 - [MESSAGE][WARNING] - A browser is already opened. Closing browser and opening a new one

2017-12-06 12:56:12 - [MESSAGE][PASSED] - Browser is opened with url: 'https://rgajbhiye:Robin$123@proxima-ln4.e-emphasys.com:8441/webui/servlet/login'

2017-12-06 12:56:12 - [TEST_STEP][PASSED] - waitForPageLoad: Wait for page load successfully

2017-12-06 12:56:12 - [MESSAGE][PASSED] - Wait for page load successfully

2017-12-06 12:56:12 - [TEST_STEP][PASSED] - maximizeWindow: Current window maximized

2017-12-06 12:56:12 - [MESSAGE][PASSED] - Current window maximized

2017-12-06 12:56:12 - [TEST_STEP][PASSED] - click: Object: 'Object Repository/Common/HomePage/HomePage_more' is clicked on

2017-12-06 12:56:15 - [MESSAGE][PASSED] - Object: 'Object Repository/Common/HomePage/HomePage_more' is clicked on

2017-12-06 12:56:15 - [TEST_STEP][PASSED] - click: Object: 'Object Repository/Common/HomePage/HomePage_Option' is clicked on

2017-12-06 12:56:15 - [MESSAGE][PASSED] - Object: 'Object Repository/Common/HomePage/HomePage_Option' is clicked on

2017-12-06 12:56:15 - [TEST_STEP][PASSED] - click: Object: 'Object Repository/Common/HomePage/HomePage_RunProgram_' is clicked on

2017-12-06 12:56:16 - [MESSAGE][PASSED] - Object: 'Object Repository/Common/HomePage/HomePage_RunProgram_' is clicked on

2017-12-06 12:56:16 - [TEST_STEP][PASSED] - sendKeys: Keys 'tdext8570m000' sent to object: 'Object Repository/Common/HomePage/HomePage_Session_ID'

2017-12-06 12:56:16 - [MESSAGE][PASSED] - Keys 'tdext8570m000' sent to object: 'Object Repository/Common/HomePage/HomePage_Session_ID'

2017-12-06 12:56:16 - [TEST_STEP][PASSED] - click: Object: 'Object Repository/Common/HomePage/HomePage_OkButton' is clicked on

2017-12-06 12:56:16 - [MESSAGE][PASSED] - Object: 'Object Repository/Common/HomePage/HomePage_OkButton' is clicked on

2017-12-06 12:56:16 - [MESSAGE][PASSED] - Call Test Case 'Test Cases/Common/Base_Common_OpenSession' successfully

2017-12-06 12:56:16 - [TEST_STEP][PASSED] - waitForElementPresent: Object 'Object Repository/Equipment/EquipmentSales/EquipmentSalesAgreementHeader/EquipmentSalesOrder_MMT_New' is present

2017-12-06 12:56:21 - [MESSAGE][PASSED] - Object 'Object Repository/Equipment/EquipmentSales/EquipmentSalesAgreementHeader/EquipmentSalesOrder_MMT_New' is present

2017-12-06 12:56:21 - [TEST_STEP][PASSED] - click: Object: 'Object Repository/Equipment/EquipmentSales/EquipmentSalesAgreementHeader/EquipmentSalesOrder_MMT_New' is clicked on

2017-12-06 12:56:24 - [MESSAGE][PASSED] - Object: 'Object Repository/Equipment/EquipmentSales/EquipmentSalesAgreementHeader/EquipmentSalesOrder_MMT_New' is clicked on

2017-12-06 12:56:24 - [TEST_STEP][PASSED] - setText: Text 'M00000010' is set on object 'Object Repository/Equipment/EquipmentSales/EquipmentSalesAgreementHeader/EquipmentSalesOrder_Customer'

2017-12-06 12:56:26 - [MESSAGE][PASSED] - Text 'M00000010' is set on object 'Object Repository/Equipment/EquipmentSales/EquipmentSalesAgreementHeader/EquipmentSalesOrder_Customer'

2017-12-06 12:56:26 - [TEST_STEP][PASSED] - doubleClick: Object: 'Object Repository/Equipment/EquipmentSales/EquipmentSalesAgreementHeader/EquipmentSalesOrder_DeliveryDate' is double clicked on

2017-12-06 12:56:27 - [MESSAGE][PASSED] - Object: 'Object Repository/Equipment/EquipmentSales/EquipmentSalesAgreementHeader/EquipmentSalesOrder_DeliveryDate' is double clicked on

2017-12-06 12:56:27 - [TEST_STEP][PASSED] - setText: Text '+10' is set on object 'Object Repository/Equipment/EquipmentSales/EquipmentSalesAgreementHeader/EquipmentSalesOrder_DeliveryDate'

2017-12-06 12:56:27 - [MESSAGE][PASSED] - Text '+10' is set on object 'Object Repository/Equipment/EquipmentSales/EquipmentSalesAgreementHeader/EquipmentSalesOrder_DeliveryDate'

2017-12-06 12:56:27 - [TEST_STEP][PASSED] - click: Object: 'Object Repository/Equipment/EquipmentSales/EquipmentSalesAgreementHeader/ESO_Header_Tax' is clicked on

2017-12-06 12:56:27 - [MESSAGE][PASSED] - Object: 'Object Repository/Equipment/EquipmentSales/EquipmentSalesAgreementHeader/ESO_Header_Tax' is clicked on

2017-12-06 12:56:27 - [TEST_STEP][PASSED] - click: Object: 'Object Repository/Equipment/EquipmentSales/EquipmentSalesAgreementHeader/EquipmentSaleOrder_Save' is clicked on

2017-12-06 12:56:31 - [MESSAGE][PASSED] - Object: 'Object Repository/Equipment/EquipmentSales/EquipmentSalesAgreementHeader/EquipmentSaleOrder_Save' is clicked on

2017-12-06 12:56:31 - [TEST_STEP][PASSED] - delay: Delayed 2 second(s)

2017-12-06 12:56:33 - [MESSAGE][PASSED] - Delayed 2 second(s)

2017-12-06 12:56:33 - [TEST_STEP][PASSED] - click: Object: 'Object Repository/Equipment/EquipmentSales/EquipmentSalesAgreementHeader/EPO_Header_othertab' is clicked on

2017-12-06 12:56:33 - [MESSAGE][PASSED] - Object: 'Object Repository/Equipment/EquipmentSales/EquipmentSalesAgreementHeader/EPO_Header_othertab' is clicked on

2017-12-06 12:56:33 - [TEST_STEP][PASSED] - delay: Delayed 3 second(s)

2017-12-06 12:56:36 - [MESSAGE][PASSED] - Delayed 3 second(s)

2017-12-06 12:56:36 - [TEST_STEP][PASSED] - click: Object: 'Object Repository/Equipment/EquipmentSales/EquipmentSalesAgreementHeader/EquipmentSalesOrder_PaymentMethod' is clicked on

2017-12-06 12:56:36 - [MESSAGE][PASSED] - Object: 'Object Repository/Equipment/EquipmentSales/EquipmentSalesAgreementHeader/EquipmentSalesOrder_PaymentMethod' is clicked on

2017-12-06 12:56:36 - [TEST_STEP][PASSED] - click: Object: 'Object Repository/Equipment/EquipmentSales/EquipmentSalesAgreementHeader/EquimentSalesOrder_CreditCardOption' is clicked on

2017-12-06 12:56:37 - [MESSAGE][PASSED] - Object: 'Object Repository/Equipment/EquipmentSales/EquipmentSalesAgreementHeader/EquimentSalesOrder_CreditCardOption' is clicked on

2017-12-06 12:56:37 - [TEST_STEP][PASSED] - click: Object: 'Object Repository/Equipment/EquipmentSales/EquipmentSalesAgreementHeader/EquipmentSaleOrder_Save' is clicked on

2017-12-06 12:56:37 - [MESSAGE][PASSED] - Object: 'Object Repository/Equipment/EquipmentSales/EquipmentSalesAgreementHeader/EquipmentSaleOrder_Save' is clicked on

2017-12-06 12:56:37 - [TEST_STEP][PASSED] - click: Object: 'Object Repository/Equipment/EquipmentSales/EquipmentSalesAgreementHeader/EquipmentSalesOrder_DetailsTab' is clicked on

2017-12-06 12:56:37 - [MESSAGE][PASSED] - Object: 'Object Repository/Equipment/EquipmentSales/EquipmentSalesAgreementHeader/EquipmentSalesOrder_DetailsTab' is clicked on

2017-12-06 12:56:37 - [TEST_STEP][PASSED] - delay: Delayed 5 second(s)

2017-12-06 12:56:42 - [MESSAGE][PASSED] - Delayed 5 second(s)

2017-12-06 12:56:42 - [TEST_STEP][PASSED] - Statement - G_Part_PSO = com.kms.katalon.core.webui.keyword.WebUiBuiltInKeywords.getAttribute(com.kms.katalon.core.testobject.ObjectRepository.findTestObject(Equipment/EquipmentSales/EquipmentSalesAgreementHeader/EquipmentSaleOrder_OrderNo), "value"): Attribute 'value' of object 'Object Repository/Equipment/EquipmentSales/EquipmentSalesAgreementHeader/EquipmentSaleOrder_OrderNo' is: 'ESA016788'

2017-12-06 12:56:42 - [MESSAGE][PASSED] - Attribute 'value' of object 'Object Repository/Equipment/EquipmentSales/EquipmentSalesAgreementHeader/EquipmentSaleOrder_OrderNo' is: 'ESA016788'

2017-12-06 12:56:42 - [MESSAGE][PASSED] - Call Test Case 'Test Cases/Equipment/Base_EquipmentSales/Base_Equipement_CreateHeader' successfully

2017-12-06 12:56:42 - [TEST_STEP][PASSED] - callTestCase: Call Test Case 'Test Cases/Equipment/Base_EquipmentSales/Base_EquipmentSalesAddLine' successfully

2017-12-06 12:56:42 - [TEST_CASE][PASSED] - Test Cases/Equipment/Base_EquipmentSales/Base_EquipmentSalesAddLine: Test Cases/Equipment/Base_EquipmentSales/Base_EquipmentSalesAddLine

2017-12-06 12:56:43 - [TEST_STEP][PASSED] - click: Object: 'Object Repository/Equipment/EquipmentSales/EquipmentSalesAgreementHeader/EquipSalesOrder_Action' is clicked on

2017-12-06 12:56:43 - [MESSAGE][PASSED] - Object: 'Object Repository/Equipment/EquipmentSales/EquipmentSalesAgreementHeader/EquipSalesOrder_Action' is clicked on

2017-12-06 12:56:43 - [TEST_STEP][PASSED] - click: Object: 'Object Repository/Equipment/EquipmentSales/EquipmentSalesAgreementHeader/EquipSalesOrder_SalesOrderLine' is clicked on

2017-12-06 12:56:43 - [MESSAGE][PASSED] - Object: 'Object Repository/Equipment/EquipmentSales/EquipmentSalesAgreementHeader/EquipSalesOrder_SalesOrderLine' is clicked on

2017-12-06 12:56:43 - [TEST_STEP][PASSED] - waitForElementPresent: Object 'Object Repository/Equipment/EquipmentSales/EquipSalesOrderLines/EquipSaleOrderLine_New' is present

2017-12-06 12:56:45 - [MESSAGE][PASSED] - Object 'Object Repository/Equipment/EquipmentSales/EquipSalesOrderLines/EquipSaleOrderLine_New' is present

2017-12-06 12:56:45 - [TEST_STEP][PASSED] - click: Object: 'Object Repository/Equipment/EquipmentSales/EquipSalesOrderLines/EquipSaleOrderLine_New' is clicked on

2017-12-06 12:56:45 - [MESSAGE][PASSED] - Object: 'Object Repository/Equipment/EquipmentSales/EquipSalesOrderLines/EquipSaleOrderLine_New' is clicked on

2017-12-06 12:56:45 - [TEST_STEP][PASSED] - waitForElementPresent: Object 'Object Repository/Equipment/EquipmentSales/EquipSalesOrderLines/EquipSalesOrder_Model' is present

2017-12-06 12:56:46 - [MESSAGE][PASSED] - Object 'Object Repository/Equipment/EquipmentSales/EquipSalesOrderLines/EquipSalesOrder_Model' is present

2017-12-06 12:56:46 - [TEST_STEP][PASSED] - click: Object: 'Object Repository/Equipment/EquipmentSales/EquipSalesOrderLines/EquipSalesOrder_Model' is clicked on

2017-12-06 12:56:46 - [MESSAGE][PASSED] - Object: 'Object Repository/Equipment/EquipmentSales/EquipSalesOrderLines/EquipSalesOrder_Model' is clicked on

2017-12-06 12:56:46 - [TEST_STEP][PASSED] - setText: Text '1032' is set on object 'Object Repository/Equipment/EquipmentSales/EquipSalesOrderLines/EquipSalesOrder_Model'

2017-12-06 12:56:46 - [MESSAGE][PASSED] - Text '1032' is set on object 'Object Repository/Equipment/EquipmentSales/EquipSalesOrderLines/EquipSalesOrder_Model'

2017-12-06 12:56:46 - [TEST_STEP][PASSED] - doubleClick: Object: 'Object Repository/Equipment/EquipmentSales/EquipSalesOrderLines/ESO_Line_Unit' is double clicked on

2017-12-06 12:56:47 - [MESSAGE][PASSED] - Object: 'Object Repository/Equipment/EquipmentSales/EquipSalesOrderLines/ESO_Line_Unit' is double clicked on

2017-12-06 12:56:47 - [TEST_STEP][PASSED] - delay: Delayed 2 second(s)

2017-12-06 12:56:49 - [MESSAGE][PASSED] - Delayed 2 second(s)

2017-12-06 12:56:49 - [TEST_STEP][PASSED] - setText: Text 'MD0018391' is set on object 'Object Repository/Equipment/EquipmentSales/EquipSalesOrderLines/ESO_Line_Unit'

2017-12-06 12:56:49 - [MESSAGE][PASSED] - Text 'MD0018391' is set on object 'Object Repository/Equipment/EquipmentSales/EquipSalesOrderLines/ESO_Line_Unit'

2017-12-06 12:56:49 - [TEST_STEP][PASSED] - doubleClick: Object: 'Object Repository/Equipment/EquipmentSales/EquipSalesOrderLines/EquipSalesOrder_Price' is double clicked on

2017-12-06 12:56:49 - [MESSAGE][PASSED] - Object: 'Object Repository/Equipment/EquipmentSales/EquipSalesOrderLines/EquipSalesOrder_Price' is double clicked on

2017-12-06 12:56:49 - [TEST_STEP][PASSED] - delay: Delayed 2 second(s)

2017-12-06 12:56:51 - [MESSAGE][PASSED] - Delayed 2 second(s)

2017-12-06 12:56:51 - [TEST_STEP][PASSED] - setText: Text '10' is set on object 'Object Repository/Equipment/EquipmentSales/EquipSalesOrderLines/EquipSalesOrder_Price'

2017-12-06 12:56:51 - [MESSAGE][PASSED] - Text '10' is set on object 'Object Repository/Equipment/EquipmentSales/EquipSalesOrderLines/EquipSalesOrder_Price'

2017-12-06 12:56:51 - [TEST_STEP][PASSED] - click: Object: 'Object Repository/Equipment/EquipmentSales/EquipSalesOrderLines/EquipSaleOrder_Save' is clicked on

2017-12-06 12:56:51 - [MESSAGE][PASSED] - Object: 'Object Repository/Equipment/EquipmentSales/EquipSalesOrderLines/EquipSaleOrder_Save' is clicked on

2017-12-06 12:56:51 - [TEST_STEP][PASSED] - waitForElementPresent: Object 'Object Repository/Equipment/EquipmentSales/EquipSalesOrderLines/EquipSalesOrder_taxok' is present

2017-12-06 12:56:52 - [MESSAGE][PASSED] - Object 'Object Repository/Equipment/EquipmentSales/EquipSalesOrderLines/EquipSalesOrder_taxok' is present

2017-12-06 12:56:52 - [TEST_STEP][PASSED] - click: Object: 'Object Repository/Equipment/EquipmentSales/EquipSalesOrderLines/EquipSalesOrder_taxok' is clicked on

2017-12-06 12:56:52 - [MESSAGE][PASSED] - Object: 'Object Repository/Equipment/EquipmentSales/EquipSalesOrderLines/EquipSalesOrder_taxok' is clicked on

2017-12-06 12:56:52 - [TEST_STEP][NOT_RUN] - click: NOT_RUN: click

2017-12-06 12:56:52 - [MESSAGE][NOT_RUN] - NOT_RUN: click

2017-12-06 12:56:52 - [TEST_STEP][PASSED] - delay: Delayed 2 second(s)

2017-12-06 12:56:54 - [MESSAGE][PASSED] - Delayed 2 second(s)

2017-12-06 12:56:54 - [TEST_STEP][PASSED] - click: Object: 'Object Repository/Equipment/EquipmentSales/EquipSalesOrderLines/EquipSaleOrder_SavenClose' is clicked on

2017-12-06 12:56:54 - [MESSAGE][PASSED] - Object: 'Object Repository/Equipment/EquipmentSales/EquipSalesOrderLines/EquipSaleOrder_SavenClose' is clicked on

2017-12-06 12:56:54 - [TEST_STEP][PASSED] - delay: Delayed 2 second(s)

2017-12-06 12:56:56 - [MESSAGE][PASSED] - Delayed 2 second(s)

2017-12-06 12:56:56 - [TEST_STEP][PASSED] - click: Object: 'Object Repository/Equipment/EquipmentSales/EquipmentSalesAgreementHeader/EquipSalesOrder_MMTsavenClose' is clicked on

2017-12-06 12:56:56 - [MESSAGE][PASSED] - Object: 'Object Repository/Equipment/EquipmentSales/EquipmentSalesAgreementHeader/EquipSalesOrder_MMTsavenClose' is clicked on

2017-12-06 12:56:56 - [MESSAGE][PASSED] - Call Test Case 'Test Cases/Equipment/Base_EquipmentSales/Base_EquipmentSalesAddLine' successfully

2017-12-06 12:56:56 - [TEST_STEP][PASSED] - callTestCase: Call Test Case 'Test Cases/Equipment/Base_EquipmentSales/Base_EquipSaleOrderProcessing' successfully

2017-12-06 12:56:57 - [TEST_CASE][PASSED] - Test Cases/Equipment/Base_EquipmentSales/Base_EquipSaleOrderProcessing: Test Cases/Equipment/Base_EquipmentSales/Base_EquipSaleOrderProcessing

2017-12-06 12:56:57 - [TEST_STEP][PASSED] - click: Object: 'Object Repository/Equipment/EquipmentSales/EquipmentSalesAgreementHeader/EquipSalesOrder_Action' is clicked on

2017-12-06 12:56:57 - [MESSAGE][PASSED] - Object: 'Object Repository/Equipment/EquipmentSales/EquipmentSalesAgreementHeader/EquipSalesOrder_Action' is clicked on

2017-12-06 12:56:57 - [TEST_STEP][PASSED] - delay: Delayed 2 second(s)

2017-12-06 12:56:59 - [MESSAGE][PASSED] - Delayed 2 second(s)

2017-12-06 12:56:59 - [TEST_STEP][PASSED] - click: Object: 'Object Repository/Equipment/EquipmentSales/EquipSalesOrder_Process/EquipSalesOrder_SendForApproval' is clicked on

2017-12-06 12:56:59 - [MESSAGE][PASSED] - Object: 'Object Repository/Equipment/EquipmentSales/EquipSalesOrder_Process/EquipSalesOrder_SendForApproval' is clicked on

2017-12-06 12:56:59 - [TEST_STEP][PASSED] - delay: Delayed 2 second(s)

2017-12-06 12:57:01 - [MESSAGE][PASSED] - Delayed 2 second(s)

2017-12-06 12:57:01 - [TEST_STEP][PASSED] - verifyElementText: Actual text and expected text of test object 'Object Repository/Equipment/EquipmentSales/EquipSalesOrder_Process/EquipSalesOrder_Status' are matched.

2017-12-06 12:57:01 - [MESSAGE][PASSED] - Actual text and expected text of test object 'Object Repository/Equipment/EquipmentSales/EquipSalesOrder_Process/EquipSalesOrder_Status' are matched.

2017-12-06 12:57:01 - [TEST_STEP][PASSED] - click: Object: 'Object Repository/Equipment/EquipmentSales/EquipmentSalesAgreementHeader/EquipSalesOrder_Action' is clicked on

2017-12-06 12:57:01 - [MESSAGE][PASSED] - Object: 'Object Repository/Equipment/EquipmentSales/EquipmentSalesAgreementHeader/EquipSalesOrder_Action' is clicked on

2017-12-06 12:57:01 - [TEST_STEP][PASSED] - delay: Delayed 2 second(s)

2017-12-06 12:57:03 - [MESSAGE][PASSED] - Delayed 2 second(s)

2017-12-06 12:57:03 - [TEST_STEP][PASSED] - click: Object: 'Object Repository/Equipment/EquipmentSales/EquipSalesOrder_Process/EquipSalesOrder_Action_Approve' is clicked on

2017-12-06 12:57:04 - [MESSAGE][PASSED] - Object: 'Object Repository/Equipment/EquipmentSales/EquipSalesOrder_Process/EquipSalesOrder_Action_Approve' is clicked on

2017-12-06 12:57:04 - [TEST_STEP][PASSED] - delay: Delayed 2 second(s)

2017-12-06 12:57:06 - [MESSAGE][PASSED] - Delayed 2 second(s)

2017-12-06 12:57:06 - [TEST_STEP][PASSED] - click: Object: 'Object Repository/Equipment/EquipmentSales/EquipmentSalesAgreementHeader/EquipSalesOrder_Action' is clicked on

2017-12-06 12:57:06 - [MESSAGE][PASSED] - Object: 'Object Repository/Equipment/EquipmentSales/EquipmentSalesAgreementHeader/EquipSalesOrder_Action' is clicked on

2017-12-06 12:57:06 - [TEST_STEP][PASSED] - delay: Delayed 2 second(s)

2017-12-06 12:57:08 - [MESSAGE][PASSED] - Delayed 2 second(s)

2017-12-06 12:57:08 - [TEST_STEP][PASSED] - verifyElementText: Actual text and expected text of test object 'Object Repository/Equipment/EquipmentSales/EquipSalesOrder_Process/EquipSalesOrder_Status' are matched.

2017-12-06 12:57:08 - [MESSAGE][PASSED] - Actual text and expected text of test object 'Object Repository/Equipment/EquipmentSales/EquipSalesOrder_Process/EquipSalesOrder_Status' are matched.

2017-12-06 12:57:08 - [TEST_STEP][PASSED] - delay: Delayed 2 second(s)

2017-12-06 12:57:10 - [MESSAGE][PASSED] - Delayed 2 second(s)

2017-12-06 12:57:10 - [TEST_STEP][PASSED] - click: Object: 'Object Repository/Equipment/EquipmentSales/EquipmentSalesAgreementHeader/ESO_Header_Print' is clicked on

2017-12-06 12:57:10 - [MESSAGE][PASSED] - Object: 'Object Repository/Equipment/EquipmentSales/EquipmentSalesAgreementHeader/ESO_Header_Print' is clicked on

2017-12-06 12:57:10 - [TEST_STEP][PASSED] - click: Object: 'Object Repository/Equipment/EquipmentSales/EquipmentSalesAgreementHeader/ESO_Header_Print_FinalPrint' is clicked on

2017-12-06 12:57:11 - [MESSAGE][PASSED] - Object: 'Object Repository/Equipment/EquipmentSales/EquipmentSalesAgreementHeader/ESO_Header_Print_FinalPrint' is clicked on

2017-12-06 12:57:11 - [TEST_STEP][PASSED] - click: Object: 'Object Repository/Equipment/EquipmentSales/EquipmentSalesAgreementHeader/ESO_Header_Print_Print' is clicked on

2017-12-06 12:57:11 - [MESSAGE][PASSED] - Object: 'Object Repository/Equipment/EquipmentSales/EquipmentSalesAgreementHeader/ESO_Header_Print_Print' is clicked on

2017-12-06 12:57:11 - [TEST_STEP][PASSED] - click: Object: 'Object Repository/Equipment/EquipmentSales/EquipmentSalesAgreementHeader/ESO_Header_Print_ESOOK' is clicked on

2017-12-06 12:57:12 - [MESSAGE][PASSED] - Object: 'Object Repository/Equipment/EquipmentSales/EquipmentSalesAgreementHeader/ESO_Header_Print_ESOOK' is clicked on

2017-12-06 12:57:12 - [TEST_STEP][PASSED] - delay: Delayed 2 second(s)

2017-12-06 12:57:14 - [MESSAGE][PASSED] - Delayed 2 second(s)

2017-12-06 12:57:14 - [TEST_STEP][PASSED] - click: Object: 'Object Repository/Equipment/EquipmentSales/EquipmentSalesAgreementHeader/ESO_Print_Device' is clicked on

2017-12-06 12:57:14 - [MESSAGE][PASSED] - Object: 'Object Repository/Equipment/EquipmentSales/EquipmentSalesAgreementHeader/ESO_Print_Device' is clicked on

2017-12-06 12:57:14 - [TEST_STEP][PASSED] - delay: Delayed 2 second(s)

2017-12-06 12:57:16 - [MESSAGE][PASSED] - Delayed 2 second(s)

2017-12-06 12:57:16 - [TEST_STEP][PASSED] - setText: Text 'D' is set on object 'Object Repository/Equipment/EquipmentSales/EquipmentSalesAgreementHeader/ESO_Print_Device'

2017-12-06 12:57:17 - [MESSAGE][PASSED] - Text 'D' is set on object 'Object Repository/Equipment/EquipmentSales/EquipmentSalesAgreementHeader/ESO_Print_Device'

2017-12-06 12:57:17 - [TEST_STEP][PASSED] - click: Object: 'Object Repository/Equipment/EquipmentSales/EquipmentSalesAgreementHeader/ESO_Header_Print_Continue' is clicked on

2017-12-06 12:57:17 - [MESSAGE][PASSED] - Object: 'Object Repository/Equipment/EquipmentSales/EquipmentSalesAgreementHeader/ESO_Header_Print_Continue' is clicked on

2017-12-06 12:57:17 - [TEST_STEP][PASSED] - delay: Delayed 3 second(s)

2017-12-06 12:57:20 - [MESSAGE][PASSED] - Delayed 3 second(s)

2017-12-06 12:57:20 - [TEST_STEP][PASSED] - click: Object: 'Object Repository/Equipment/EquipmentSales/EquipmentSalesAgreementHeader/ESO_Tab' is clicked on

2017-12-06 12:57:20 - [MESSAGE][PASSED] - Object: 'Object Repository/Equipment/EquipmentSales/EquipmentSalesAgreementHeader/ESO_Tab' is clicked on

2017-12-06 12:57:20 - [TEST_STEP][PASSED] - click: Object: 'Object Repository/Equipment/EquipmentSales/EquipmentSalesAgreementHeader/ESO_Print_Close' is clicked on

2017-12-06 12:57:20 - [MESSAGE][PASSED] - Object: 'Object Repository/Equipment/EquipmentSales/EquipmentSalesAgreementHeader/ESO_Print_Close' is clicked on

2017-12-06 12:57:20 - [TEST_STEP][PASSED] - delay: Delayed 3 second(s)

2017-12-06 12:57:23 - [MESSAGE][PASSED] - Delayed 3 second(s)

2017-12-06 12:57:23 - [TEST_STEP][PASSED] - click: Object: 'Object Repository/Equipment/EquipmentSales/EquipmentSalesAgreementHeader/EquipSalesOrder_Action' is clicked on

2017-12-06 12:57:23 - [MESSAGE][PASSED] - Object: 'Object Repository/Equipment/EquipmentSales/EquipmentSalesAgreementHeader/EquipSalesOrder_Action' is clicked on

2017-12-06 12:57:23 - [TEST_STEP][PASSED] - click: Object: 'Object Repository/Equipment/EquipmentSales/EquipmentSalesAgreementHeader/ESO_Header_Action_EquipmentDelivery' is clicked on

2017-12-06 12:57:24 - [MESSAGE][PASSED] - Object: 'Object Repository/Equipment/EquipmentSales/EquipmentSalesAgreementHeader/ESO_Header_Action_EquipmentDelivery' is clicked on

2017-12-06 12:57:24 - [TEST_STEP][PASSED] - waitForElementPresent: Object 'Object Repository/Equipment/EquipmentSales/EquipmentDelivery/ESO_Delivery_Agreement' is present

2017-12-06 12:57:25 - [MESSAGE][PASSED] - Object 'Object Repository/Equipment/EquipmentSales/EquipmentDelivery/ESO_Delivery_Agreement' is present

2017-12-06 12:57:25 - [TEST_STEP][PASSED] - click: Object: 'Object Repository/Equipment/EquipmentSales/EquipmentDelivery/ESO_Delivery_Agreement' is clicked on

2017-12-06 12:57:25 - [MESSAGE][PASSED] - Object: 'Object Repository/Equipment/EquipmentSales/EquipmentDelivery/ESO_Delivery_Agreement' is clicked on

2017-12-06 12:57:25 - [TEST_STEP][PASSED] - click: Object: 'Object Repository/Equipment/EquipmentSales/EquipmentDelivery/ESO_Delivery_Save' is clicked on

2017-12-06 12:57:25 - [MESSAGE][PASSED] - Object: 'Object Repository/Equipment/EquipmentSales/EquipmentDelivery/ESO_Delivery_Save' is clicked on

2017-12-06 12:57:25 - [TEST_STEP][PASSED] - delay: Delayed 3 second(s)

2017-12-06 12:57:28 - [MESSAGE][PASSED] - Delayed 3 second(s)

2017-12-06 12:57:28 - [TEST_STEP][PASSED] - click: Object: 'Object Repository/Equipment/EquipmentSales/EquipmentDelivery/ESO_Delivery_Action' is clicked on

2017-12-06 12:57:28 - [MESSAGE][PASSED] - Object: 'Object Repository/Equipment/EquipmentSales/EquipmentDelivery/ESO_Delivery_Action' is clicked on

2017-12-06 12:57:28 - [TEST_STEP][PASSED] - click: Object: 'Object Repository/Equipment/EquipmentSales/EquipmentDelivery/ESO_Delivery_Action_Line' is clicked on

2017-12-06 12:57:29 - [MESSAGE][PASSED] - Object: 'Object Repository/Equipment/EquipmentSales/EquipmentDelivery/ESO_Delivery_Action_Line' is clicked on

2017-12-06 12:57:29 - [TEST_STEP][PASSED] - waitForElementPresent: Object 'Object Repository/Equipment/EquipmentSales/EquipmentDelivery/ESO_DeliveryLine_New' is present

2017-12-06 12:57:30 - [MESSAGE][PASSED] - Object 'Object Repository/Equipment/EquipmentSales/EquipmentDelivery/ESO_DeliveryLine_New' is present

2017-12-06 12:57:30 - [TEST_STEP][PASSED] - click: Object: 'Object Repository/Equipment/EquipmentSales/EquipmentDelivery/ESO_DeliveryLine_New' is clicked on

2017-12-06 12:57:30 - [MESSAGE][PASSED] - Object: 'Object Repository/Equipment/EquipmentSales/EquipmentDelivery/ESO_DeliveryLine_New' is clicked on

2017-12-06 12:57:30 - [TEST_STEP][PASSED] - delay: Delayed 2 second(s)

2017-12-06 12:57:32 - [MESSAGE][PASSED] - Delayed 2 second(s)

2017-12-06 12:57:32 - [TEST_STEP][PASSED] - click: Object: 'Object Repository/Equipment/EquipmentSales/EquipmentDelivery/ESO_DeliveryLine_SelectLine' is clicked on

2017-12-06 12:57:32 - [MESSAGE][PASSED] - Object: 'Object Repository/Equipment/EquipmentSales/EquipmentDelivery/ESO_DeliveryLine_SelectLine' is clicked on

2017-12-06 12:57:32 - [TEST_STEP][PASSED] - delay: Delayed 2 second(s)

2017-12-06 12:57:34 - [MESSAGE][PASSED] - Delayed 2 second(s)

2017-12-06 12:57:34 - [TEST_STEP][PASSED] - click: Object: 'Object Repository/Equipment/EquipmentSales/EquipmentDelivery/ESO_SelectDeliveryLine_SaveNclose' is clicked on

2017-12-06 12:57:34 - [MESSAGE][PASSED] - Object: 'Object Repository/Equipment/EquipmentSales/EquipmentDelivery/ESO_SelectDeliveryLine_SaveNclose' is clicked on

2017-12-06 12:57:34 - [TEST_STEP][PASSED] - delay: Delayed 2 second(s)

2017-12-06 12:57:36 - [MESSAGE][PASSED] - Delayed 2 second(s)

2017-12-06 12:57:36 - [TEST_STEP][PASSED] - click: Object: 'Object Repository/Equipment/EquipmentSales/EquipmentDelivery/ESO_DeliveryLine_Action' is clicked on

2017-12-06 12:57:37 - [MESSAGE][PASSED] - Object: 'Object Repository/Equipment/EquipmentSales/EquipmentDelivery/ESO_DeliveryLine_Action' is clicked on

2017-12-06 12:57:37 - [TEST_STEP][PASSED] - click: Object: 'Object Repository/Equipment/EquipmentSales/EquipmentDelivery/ESO_Delivery_ActionConfirm' is clicked on

2017-12-06 12:57:37 - [MESSAGE][PASSED] - Object: 'Object Repository/Equipment/EquipmentSales/EquipmentDelivery/ESO_Delivery_ActionConfirm' is clicked on

2017-12-06 12:57:37 - [TEST_STEP][PASSED] - delay: Delayed 3 second(s)

2017-12-06 12:57:40 - [MESSAGE][PASSED] - Delayed 3 second(s)

2017-12-06 12:57:40 - [TEST_STEP][PASSED] - click: Object: 'Object Repository/Equipment/EquipmentSales/EquipmentDelivery/ESO_Delivery_ConfirmYes' is clicked on

2017-12-06 12:57:40 - [MESSAGE][PASSED] - Object: 'Object Repository/Equipment/EquipmentSales/EquipmentDelivery/ESO_Delivery_ConfirmYes' is clicked on

2017-12-06 12:57:40 - [TEST_STEP][NOT_RUN] - click: NOT_RUN: click

2017-12-06 12:57:40 - [MESSAGE][NOT_RUN] - NOT_RUN: click

2017-12-06 12:57:40 - [TEST_STEP][PASSED] - setText: Text 'D' is set on object 'Object Repository/Equipment/EquipmentSales/EquipmentDelivery/ESO_Delivery_Device'

2017-12-06 12:57:41 - [MESSAGE][PASSED] - Text 'D' is set on object 'Object Repository/Equipment/EquipmentSales/EquipmentDelivery/ESO_Delivery_Device'

2017-12-06 12:57:41 - [TEST_STEP][PASSED] - click: Object: 'Object Repository/Equipment/EquipmentSales/EquipmentDelivery/ESO_Delivery_printContinue' is clicked on

2017-12-06 12:57:41 - [MESSAGE][PASSED] - Object: 'Object Repository/Equipment/EquipmentSales/EquipmentDelivery/ESO_Delivery_printContinue' is clicked on

2017-12-06 12:57:41 - [TEST_STEP][PASSED] - delay: Delayed 5 second(s)

2017-12-06 12:57:46 - [MESSAGE][PASSED] - Delayed 5 second(s)

2017-12-06 12:57:46 - [MESSAGE][PASSED] - Call Test Case 'Test Cases/Equipment/Base_EquipmentSales/Base_EquipSaleOrderProcessing' successfully

2017-12-06 12:57:46 - [TEST_STEP][FAILED] - callTestCase: Unable to call Test Case with id 'Test Cases/Equipment/Base_EquipmentSales/Base_EquipSaleOrder_Invoice_Split' (Root cause: Call Test Case 'Test Cases/Equipment/Base_EquipmentSales/Base_EquipSaleOrder_Invoice_Split' failed)

2017-12-06 12:57:46 - [TEST_CASE][FAILED] - Test Cases/Equipment/Base_EquipmentSales/Base_EquipSaleOrder_Invoice_Split: Test Cases/Equipment/Base_EquipmentSales/Base_EquipSaleOrder_Invoice_Split FAILED because (of) Unable to click on object 'Object Repository/Equipment/EquipmentSales/SplitPayment/Page_Infor LN UI (1)/CCInterface_Split_Order1_add' (Root cause: com.kms.katalon.core.webui.exception.WebElementNotFoundException: Web element with id: 'Object Repository/Equipment/EquipmentSales/SplitPayment/Page_Infor LN UI (1)/CCInterface_Split_Order1_add' located by 'By.xpath: //*[@id = 'xiext8105m000-17-grid-1-xiext805.oamt.rq-28-0-widget']' not found)

2017-12-06 12:57:47 - [TEST_STEP][PASSED] - delay: Delayed 5 second(s)

2017-12-06 12:57:52 - [MESSAGE][PASSED] - Delayed 5 second(s)

2017-12-06 12:57:52 - [TEST_STEP][PASSED] - click: Object: 'Object Repository/Equipment/EquipmentSales/EquipmentDelivery/ESO_EquipDeliveryTab' is clicked on

2017-12-06 12:57:52 - [MESSAGE][PASSED] - Object: 'Object Repository/Equipment/EquipmentSales/EquipmentDelivery/ESO_EquipDeliveryTab' is clicked on

2017-12-06 12:57:52 - [TEST_STEP][PASSED] - delay: Delayed 3 second(s)

2017-12-06 12:57:55 - [MESSAGE][PASSED] - Delayed 3 second(s)

2017-12-06 12:57:55 - [TEST_STEP][PASSED] - click: Object: 'Object Repository/Equipment/EquipmentSales/EquipmentDelivery/ESO_Delivery_Action' is clicked on

2017-12-06 12:57:55 - [MESSAGE][PASSED] - Object: 'Object Repository/Equipment/EquipmentSales/EquipmentDelivery/ESO_Delivery_Action' is clicked on

2017-12-06 12:57:55 - [TEST_STEP][PASSED] - click: Object: 'Object Repository/Equipment/EquipmentSales/EquipmentDelivery/ESO_Delivery_Action_SaleInvoice' is clicked on

2017-12-06 12:57:56 - [MESSAGE][PASSED] - Object: 'Object Repository/Equipment/EquipmentSales/EquipmentDelivery/ESO_Delivery_Action_SaleInvoice' is clicked on

2017-12-06 12:57:56 - [TEST_STEP][PASSED] - delay: Delayed 3 second(s)

2017-12-06 12:57:59 - [MESSAGE][PASSED] - Delayed 3 second(s)

2017-12-06 12:57:59 - [TEST_STEP][PASSED] - click: Object: 'Object Repository/Equipment/EquipmentSales/EquipmentSalesInvoiceCC/ESO_CC_ContinueInvoice' is clicked on

2017-12-06 12:57:59 - [MESSAGE][PASSED] - Object: 'Object Repository/Equipment/EquipmentSales/EquipmentSalesInvoiceCC/ESO_CC_ContinueInvoice' is clicked on

2017-12-06 12:57:59 - [TEST_STEP][PASSED] - delay: Delayed 3 second(s)

2017-12-06 12:58:02 - [MESSAGE][PASSED] - Delayed 3 second(s)

2017-12-06 12:58:02 - [TEST_STEP][PASSED] - setText: Text 'PUBL' is set on object 'Object Repository/Equipment/EquipmentSales/EquipmentSalesInvoiceCC/CCInterface_PaymentGateway'

2017-12-06 12:58:02 - [MESSAGE][PASSED] - Text 'PUBL' is set on object 'Object Repository/Equipment/EquipmentSales/EquipmentSalesInvoiceCC/CCInterface_PaymentGateway'

2017-12-06 12:58:02 - [TEST_STEP][PASSED] - doubleClick: Object: 'Object Repository/Equipment/EquipmentSales/EquipmentSalesInvoiceCC/CCInterface_CardType' is double clicked on

2017-12-06 12:58:02 - [MESSAGE][PASSED] - Object: 'Object Repository/Equipment/EquipmentSales/EquipmentSalesInvoiceCC/CCInterface_CardType' is double clicked on

2017-12-06 12:58:02 - [TEST_STEP][PASSED] - setText: Text 'Visa Card' is set on object 'Object Repository/Equipment/EquipmentSales/EquipmentSalesInvoiceCC/CCInterface_CardType'

2017-12-06 12:58:02 - [MESSAGE][PASSED] - Text 'Visa Card' is set on object 'Object Repository/Equipment/EquipmentSales/EquipmentSalesInvoiceCC/CCInterface_CardType'

2017-12-06 12:58:02 - [TEST_STEP][PASSED] - delay: Delayed 3 second(s)

2017-12-06 12:58:05 - [MESSAGE][PASSED] - Delayed 3 second(s)

2017-12-06 12:58:05 - [TEST_STEP][PASSED] - doubleClick: Object: 'Object Repository/Equipment/EquipmentSales/EquipmentSalesInvoiceCC/CCInterface_CardNo' is double clicked on

2017-12-06 12:58:06 - [MESSAGE][PASSED] - Object: 'Object Repository/Equipment/EquipmentSales/EquipmentSalesInvoiceCC/CCInterface_CardNo' is double clicked on

2017-12-06 12:58:06 - [TEST_STEP][PASSED] - setText: Text '4012000033330026' is set on object 'Object Repository/Equipment/EquipmentSales/EquipmentSalesInvoiceCC/CCInterface_CardNo'

2017-12-06 12:58:06 - [MESSAGE][PASSED] - Text '4012000033330026' is set on object 'Object Repository/Equipment/EquipmentSales/EquipmentSalesInvoiceCC/CCInterface_CardNo'

2017-12-06 12:58:06 - [TEST_STEP][PASSED] - setText: Text '456' is set on object 'Object Repository/Equipment/EquipmentSales/EquipmentSalesInvoiceCC/CCInterface_CVV'

2017-12-06 12:58:06 - [MESSAGE][PASSED] - Text '456' is set on object 'Object Repository/Equipment/EquipmentSales/EquipmentSalesInvoiceCC/CCInterface_CVV'

2017-12-06 12:58:06 - [TEST_STEP][PASSED] - setText: Text '09' is set on object 'Object Repository/Equipment/EquipmentSales/EquipmentSalesInvoiceCC/CCInterface_MM'

2017-12-06 12:58:06 - [MESSAGE][PASSED] - Text '09' is set on object 'Object Repository/Equipment/EquipmentSales/EquipmentSalesInvoiceCC/CCInterface_MM'

2017-12-06 12:58:06 - [TEST_STEP][PASSED] - setText: Text '99' is set on object 'Object Repository/Equipment/EquipmentSales/EquipmentSalesInvoiceCC/CCInterface_YY'

2017-12-06 12:58:06 - [MESSAGE][PASSED] - Text '99' is set on object 'Object Repository/Equipment/EquipmentSales/EquipmentSalesInvoiceCC/CCInterface_YY'

2017-12-06 12:58:06 - [TEST_STEP][PASSED] - click: Object: 'Object Repository/Equipment/EquipmentSales/EquipmentSalesInvoiceCC/CCInterface_SplitPayment' is clicked on

2017-12-06 12:58:07 - [MESSAGE][PASSED] - Object: 'Object Repository/Equipment/EquipmentSales/EquipmentSalesInvoiceCC/CCInterface_SplitPayment' is clicked on

2017-12-06 12:58:07 - [TEST_STEP][PASSED] - click: Object: 'Object Repository/Equipment/EquipmentSales/EquipmentSalesInvoiceCC/CCInterface_SplitTenderYes' is clicked on

2017-12-06 12:58:07 - [MESSAGE][PASSED] - Object: 'Object Repository/Equipment/EquipmentSales/EquipmentSalesInvoiceCC/CCInterface_SplitTenderYes' is clicked on

2017-12-06 12:58:07 - [TEST_STEP][PASSED] - click: Object: 'Object Repository/Equipment/EquipmentSales/EquipmentSalesInvoiceCC/CCInterface_SplitPaymentPlus' is clicked on

2017-12-06 12:58:07 - [MESSAGE][PASSED] - Object: 'Object Repository/Equipment/EquipmentSales/EquipmentSalesInvoiceCC/CCInterface_SplitPaymentPlus' is clicked on

2017-12-06 12:58:07 - [TEST_STEP][PASSED] - delay: Delayed 5 second(s)

2017-12-06 12:58:12 - [MESSAGE][PASSED] - Delayed 5 second(s)

2017-12-06 12:58:12 - [TEST_STEP][PASSED] - Statement - G_OrderAmt = com.kms.katalon.core.webui.keyword.WebUiBuiltInKeywords.getText(com.kms.katalon.core.testobject.ObjectRepository.findTestObject(Object Repository/Equipment/EquipmentSales/EquipmentSalesInvoiceCC/CCInterface_OrderTotal)): Text of object 'Object Repository/Equipment/EquipmentSales/EquipmentSalesInvoiceCC/CCInterface_OrderTotal' is: '10.00'

2017-12-06 12:58:12 - [MESSAGE][PASSED] - Text of object 'Object Repository/Equipment/EquipmentSales/EquipmentSalesInvoiceCC/CCInterface_OrderTotal' is: '10.00'

2017-12-06 12:58:12 - [TEST_STEP][PASSED] - Statement - G_SplitOrderAmt2 = G_OrderAmt - 2: null

2017-12-06 12:58:12 - [TEST_STEP][PASSED] - Statement - println(G_SplitOrderAmt1): null

2017-12-06 12:58:12 - [TEST_STEP][PASSED] - Statement - println(G_SplitOrderAmt2): null

2017-12-06 12:58:12 - [TEST_STEP][PASSED] - delay: Delayed 2 second(s)

2017-12-06 12:58:14 - [MESSAGE][PASSED] - Delayed 2 second(s)

2017-12-06 12:58:14 - [TEST_STEP][PASSED] - comment: *********Line 1: Credit Card Started***********************

2017-12-06 12:58:14 - [TEST_STEP][PASSED] - click: Object: 'Object Repository/Equipment/EquipmentSales/SplitPayment/Page_Infor LN UI (1)/CCInterface_Split_New' is clicked on

2017-12-06 12:58:14 - [MESSAGE][PASSED] - Object: 'Object Repository/Equipment/EquipmentSales/SplitPayment/Page_Infor LN UI (1)/CCInterface_Split_New' is clicked on

2017-12-06 12:58:14 - [TEST_STEP][PASSED] - delay: Delayed 2 second(s)

2017-12-06 12:58:16 - [MESSAGE][PASSED] - Delayed 2 second(s)

2017-12-06 12:58:16 - [TEST_STEP][PASSED] - click: Object: 'Object Repository/Equipment/EquipmentSales/SplitPayment/Page_Infor LN UI (1)/CC_Interface_Split_CC1_add' is clicked on

2017-12-06 12:58:17 - [MESSAGE][PASSED] - Object: 'Object Repository/Equipment/EquipmentSales/SplitPayment/Page_Infor LN UI (1)/CC_Interface_Split_CC1_add' is clicked on

2017-12-06 12:58:17 - [TEST_STEP][PASSED] - delay: Delayed 2 second(s)

2017-12-06 12:58:19 - [MESSAGE][PASSED] - Delayed 2 second(s)

2017-12-06 12:58:19 - [TEST_STEP][PASSED] - sendKeys: Keys '4012000033330026' sent to object: 'Object Repository/Equipment/EquipmentSales/SplitPayment/Page_Infor LN UI (1)/CC_Interface_Split_CC1_add'

2017-12-06 12:58:19 - [MESSAGE][PASSED] - Keys '4012000033330026' sent to object: 'Object Repository/Equipment/EquipmentSales/SplitPayment/Page_Infor LN UI (1)/CC_Interface_Split_CC1_add'

2017-12-06 12:58:19 - [TEST_STEP][PASSED] - click: Object: 'Object Repository/Equipment/EquipmentSales/SplitPayment/Page_Infor LN UI (1)/CC_Interface_Split_CC1_add' is clicked on

2017-12-06 12:58:19 - [MESSAGE][PASSED] - Object: 'Object Repository/Equipment/EquipmentSales/SplitPayment/Page_Infor LN UI (1)/CC_Interface_Split_CC1_add' is clicked on

2017-12-06 12:58:19 - [TEST_STEP][PASSED] - delay: Delayed 2 second(s)

2017-12-06 12:58:21 - [MESSAGE][PASSED] - Delayed 2 second(s)

2017-12-06 12:58:21 - [TEST_STEP][PASSED] - sendKeys: Keys '456' sent to object: 'Object Repository/Equipment/EquipmentSales/SplitPayment/Page_Infor LN UI (1)/CCInterface_Split_CVV1_add'

2017-12-06 12:58:21 - [MESSAGE][PASSED] - Keys '456' sent to object: 'Object Repository/Equipment/EquipmentSales/SplitPayment/Page_Infor LN UI (1)/CCInterface_Split_CVV1_add'

2017-12-06 12:58:21 - [TEST_STEP][FAILED] - click: Unable to click on object 'Object Repository/Equipment/EquipmentSales/SplitPayment/Page_Infor LN UI (1)/CCInterface_Split_Order1_add' (Root cause: com.kms.katalon.core.webui.exception.WebElementNotFoundException: Web element with id: 'Object Repository/Equipment/EquipmentSales/SplitPayment/Page_Infor LN UI (1)/CCInterface_Split_Order1_add' located by 'By.xpath: //*[@id = 'xiext8105m000-17-grid-1-xiext805.oamt.rq-28-0-widget']' not found)

2017-12-06 12:58:55 - [MESSAGE][FAILED] - Unable to click on object 'Object Repository/Equipment/EquipmentSales/SplitPayment/Page_Infor LN UI (1)/CCInterface_Split_Order1_add' (Root cause: com.kms.katalon.core.webui.exception.WebElementNotFoundException: Web element with id: 'Object Repository/Equipment/EquipmentSales/SplitPayment/Page_Infor LN UI (1)/CCInterface_Split_Order1_add' located by 'By.xpath: //*[@id = 'xiext8105m000-17-grid-1-xiext805.oamt.rq-28-0-widget']' not found)
[[ATTACHMENT|C:\\Users\\rgajbhiye\\git\\CreditCard\\Reports\\Proxima\\CC_EquipmentTestSuite\\20171206_124443\\1512545335601.png]]

2017-12-06 12:58:55 - [TEST_STEP][PASSED] - delay: Delayed 2 second(s)

2017-12-06 12:58:57 - [MESSAGE][PASSED] - Delayed 2 second(s)

2017-12-06 12:58:57 - [TEST_STEP][FAILED] - sendKeys: Unable to send keys '1.00' to object 'Object Repository/Equipment/EquipmentSales/SplitPayment/Page_Infor LN UI (1)/CCInterface_Split_Order1_add' (Root cause: com.kms.katalon.core.webui.exception.WebElementNotFoundException: Web element with id: 'Object Repository/Equipment/EquipmentSales/SplitPayment/Page_Infor LN UI (1)/CCInterface_Split_Order1_add' located by 'By.xpath: //*[@id = 'xiext8105m000-17-grid-1-xiext805.oamt.rq-28-0-widget']' not found)

2017-12-06 12:59:32 - [MESSAGE][FAILED] - Unable to send keys '1.00' to object 'Object Repository/Equipment/EquipmentSales/SplitPayment/Page_Infor LN UI (1)/CCInterface_Split_Order1_add' (Root cause: com.kms.katalon.core.webui.exception.WebElementNotFoundException: Web element with id: 'Object Repository/Equipment/EquipmentSales/SplitPayment/Page_Infor LN UI (1)/CCInterface_Split_Order1_add' located by 'By.xpath: //*[@id = 'xiext8105m000-17-grid-1-xiext805.oamt.rq-28-0-widget']' not found)
[[ATTACHMENT|C:\\Users\\rgajbhiye\\git\\CreditCard\\Reports\\Proxima\\CC_EquipmentTestSuite\\20171206_124443\\1512545371814.png]]

2017-12-06 12:59:32 - [TEST_STEP][PASSED] - click: Object: 'Object Repository/Equipment/EquipmentSales/SplitPayment/Page_Infor LN UI (1)/CCInterface_Split_Save' is clicked on

2017-12-06 12:59:32 - [MESSAGE][PASSED] - Object: 'Object Repository/Equipment/EquipmentSales/SplitPayment/Page_Infor LN UI (1)/CCInterface_Split_Save' is clicked on

2017-12-06 12:59:32 - [TEST_STEP][PASSED] - comment: *********Line 2: Credit Card Started***********************

2017-12-06 12:59:32 - [TEST_STEP][FAILED] - click: Unable to click on object 'Object Repository/Equipment/EquipmentSales/SplitPayment/Page_Infor LN UI (1)/CCInterface_Split_New' (Root cause: org.openqa.selenium.WebDriverException: Element is not clickable at point (158.5, 128). Other element would receive the click: <div style="z-index: 1;" class="WindowManagerGlass"></div>
Command duration or timeout: 73 milliseconds
Build info: version: '2.53.0', revision: '35ae25b', time: '2016-03-15 17:00:58'
System info: host: 'EET-RG', ip: '192.168.25.107', os.name: 'Windows 7', os.arch: 'amd64', os.version: '6.1', java.version: '1.8.0_102'
Driver info: com.kms.katalon.selenium.driver.CFirefoxDriver
Capabilities [{applicationCacheEnabled=true, rotatable=false, handlesAlerts=true, databaseEnabled=true, version=43.0.1, platform=WINDOWS, nativeEvents=false, acceptSslCerts=true, webStorageEnabled=true, locationContextEnabled=true, browserName=firefox, takesScreenshot=true, javascriptEnabled=true, cssSelectorsEnabled=true}]
Session ID: de1a2424-74ab-4bde-a88d-e4c7c3fc5b1d)

2017-12-06 12:59:33 - [MESSAGE][FAILED] - Unable to click on object 'Object Repository/Equipment/EquipmentSales/SplitPayment/Page_Infor LN UI (1)/CCInterface_Split_New' (Root cause: org.openqa.selenium.WebDriverException: Element is not clickable at point (158.5, 128). Other element would receive the click: <div style="z-index: 1;" class="WindowManagerGlass"></div>
Command duration or timeout: 73 milliseconds
Build info: version: '2.53.0', revision: '35ae25b', time: '2016-03-15 17:00:58'
System info: host: 'EET-RG', ip: '192.168.25.107', os.name: 'Windows 7', os.arch: 'amd64', os.version: '6.1', java.version: '1.8.0_102'
Driver info: com.kms.katalon.selenium.driver.CFirefoxDriver
Capabilities [{applicationCacheEnabled=true, rotatable=false, handlesAlerts=true, databaseEnabled=true, version=43.0.1, platform=WINDOWS, nativeEvents=false, acceptSslCerts=true, webStorageEnabled=true, locationContextEnabled=true, browserName=firefox, takesScreenshot=true, javascriptEnabled=true, cssSelectorsEnabled=true}]
Session ID: de1a2424-74ab-4bde-a88d-e4c7c3fc5b1d)
[[ATTACHMENT|C:\\Users\\rgajbhiye\\git\\CreditCard\\Reports\\Proxima\\CC_EquipmentTestSuite\\20171206_124443\\1512545372846.png]]

2017-12-06 12:59:33 - [TEST_STEP][PASSED] - delay: Delayed 2 second(s)

2017-12-06 12:59:35 - [MESSAGE][PASSED] - Delayed 2 second(s)

2017-12-06 12:59:35 - [TEST_STEP][FAILED] - click: Unable to click on object 'Object Repository/Equipment/EquipmentSales/SplitPayment/Page_Infor LN UI (1)/CCInterface_Split_CC2add' (Root cause: com.kms.katalon.core.webui.exception.WebElementNotFoundException: Web element with id: 'Object Repository/Equipment/EquipmentSales/SplitPayment/Page_Infor LN UI (1)/CCInterface_Split_CC2add' located by 'By.xpath: //*[@id = 'xiext8105m000-17-grid-1-xiext805.acnt.rq-14-1-widget']' not found)

2017-12-06 13:00:09 - [MESSAGE][FAILED] - Unable to click on object 'Object Repository/Equipment/EquipmentSales/SplitPayment/Page_Infor LN UI (1)/CCInterface_Split_CC2add' (Root cause: com.kms.katalon.core.webui.exception.WebElementNotFoundException: Web element with id: 'Object Repository/Equipment/EquipmentSales/SplitPayment/Page_Infor LN UI (1)/CCInterface_Split_CC2add' located by 'By.xpath: //*[@id = 'xiext8105m000-17-grid-1-xiext805.acnt.rq-14-1-widget']' not found)
[[ATTACHMENT|C:\\Users\\rgajbhiye\\git\\CreditCard\\Reports\\Proxima\\CC_EquipmentTestSuite\\20171206_124443\\1512545409039.png]]

2017-12-06 13:00:09 - [TEST_STEP][PASSED] - delay: Delayed 2 second(s)

2017-12-06 13:00:11 - [MESSAGE][PASSED] - Delayed 2 second(s)

2017-12-06 13:00:11 - [TEST_STEP][FAILED] - setText: Unable to set text '4111123400062020' of object 'Object Repository/Equipment/EquipmentSales/SplitPayment/Page_Infor LN UI (1)/CCInterface_Split_CC2add' (Root cause: com.kms.katalon.core.webui.exception.WebElementNotFoundException: Web element with id: 'Object Repository/Equipment/EquipmentSales/SplitPayment/Page_Infor LN UI (1)/CCInterface_Split_CC2add' located by 'By.xpath: //*[@id = 'xiext8105m000-17-grid-1-xiext805.acnt.rq-14-1-widget']' not found)

2017-12-06 13:00:45 - [MESSAGE][FAILED] - Unable to set text '4111123400062020' of object 'Object Repository/Equipment/EquipmentSales/SplitPayment/Page_Infor LN UI (1)/CCInterface_Split_CC2add' (Root cause: com.kms.katalon.core.webui.exception.WebElementNotFoundException: Web element with id: 'Object Repository/Equipment/EquipmentSales/SplitPayment/Page_Infor LN UI (1)/CCInterface_Split_CC2add' located by 'By.xpath: //*[@id = 'xiext8105m000-17-grid-1-xiext805.acnt.rq-14-1-widget']' not found)
[[ATTACHMENT|C:\\Users\\rgajbhiye\\git\\CreditCard\\Reports\\Proxima\\CC_EquipmentTestSuite\\20171206_124443\\1512545445320.png]]

2017-12-06 13:00:45 - [TEST_STEP][PASSED] - delay: Delayed 2 second(s)

2017-12-06 13:00:47 - [MESSAGE][PASSED] - Delayed 2 second(s)

2017-12-06 13:00:47 - [TEST_STEP][FAILED] - click: Unable to click on object 'Object Repository/Equipment/EquipmentSales/SplitPayment/Page_Infor LN UI (1)/CCInterface_Split_CVV2add' (Root cause: com.kms.katalon.core.webui.exception.WebElementNotFoundException: Web element with id: 'Object Repository/Equipment/EquipmentSales/SplitPayment/Page_Infor LN UI (1)/CCInterface_Split_CVV2add' located by 'By.xpath: //*[@id = 'xiext8105m000-17-grid-1-xiext805.cvv2.rq-15-1-widget']' not found)

2017-12-06 13:01:21 - [MESSAGE][FAILED] - Unable to click on object 'Object Repository/Equipment/EquipmentSales/SplitPayment/Page_Infor LN UI (1)/CCInterface_Split_CVV2add' (Root cause: com.kms.katalon.core.webui.exception.WebElementNotFoundException: Web element with id: 'Object Repository/Equipment/EquipmentSales/SplitPayment/Page_Infor LN UI (1)/CCInterface_Split_CVV2add' located by 'By.xpath: //*[@id = 'xiext8105m000-17-grid-1-xiext805.cvv2.rq-15-1-widget']' not found)
[[ATTACHMENT|C:\\Users\\rgajbhiye\\git\\CreditCard\\Reports\\Proxima\\CC_EquipmentTestSuite\\20171206_124443\\1512545481353.png]]

2017-12-06 13:01:21 - [TEST_STEP][PASSED] - delay: Delayed 2 second(s)

2017-12-06 13:01:23 - [MESSAGE][PASSED] - Delayed 2 second(s)

2017-12-06 13:01:23 - [TEST_STEP][FAILED] - setText: Unable to set text '456' of object 'Object Repository/Equipment/EquipmentSales/SplitPayment/Page_Infor LN UI (1)/CCInterface_Split_CVV2add' (Root cause: com.kms.katalon.core.webui.exception.WebElementNotFoundException: Web element with id: 'Object Repository/Equipment/EquipmentSales/SplitPayment/Page_Infor LN UI (1)/CCInterface_Split_CVV2add' located by 'By.xpath: //*[@id = 'xiext8105m000-17-grid-1-xiext805.cvv2.rq-15-1-widget']' not found)

2017-12-06 13:01:57 - [MESSAGE][FAILED] - Unable to set text '456' of object 'Object Repository/Equipment/EquipmentSales/SplitPayment/Page_Infor LN UI (1)/CCInterface_Split_CVV2add' (Root cause: com.kms.katalon.core.webui.exception.WebElementNotFoundException: Web element with id: 'Object Repository/Equipment/EquipmentSales/SplitPayment/Page_Infor LN UI (1)/CCInterface_Split_CVV2add' located by 'By.xpath: //*[@id = 'xiext8105m000-17-grid-1-xiext805.cvv2.rq-15-1-widget']' not found)
[[ATTACHMENT|C:\\Users\\rgajbhiye\\git\\CreditCard\\Reports\\Proxima\\CC_EquipmentTestSuite\\20171206_124443\\1512545517376.png]]

2017-12-06 13:01:57 - [TEST_STEP][FAILED] - click: Unable to click on object 'Object Repository/Equipment/EquipmentSales/SplitPayment/Page_Infor LN UI (1)/CCInterface_Split_CardType2' (Root cause: com.kms.katalon.core.webui.exception.WebElementNotFoundException: Web element with id: 'Object Repository/Equipment/EquipmentSales/SplitPayment/Page_Infor LN UI (1)/CCInterface_Split_CardType2' located by 'By.xpath: //*[@id = 'xiext8105m000-17-grid-1-xiext805.ctyp.rq-17-1-widget']' not found)

2017-12-06 13:02:31 - [MESSAGE][FAILED] - Unable to click on object 'Object Repository/Equipment/EquipmentSales/SplitPayment/Page_Infor LN UI (1)/CCInterface_Split_CardType2' (Root cause: com.kms.katalon.core.webui.exception.WebElementNotFoundException: Web element with id: 'Object Repository/Equipment/EquipmentSales/SplitPayment/Page_Infor LN UI (1)/CCInterface_Split_CardType2' located by 'By.xpath: //*[@id = 'xiext8105m000-17-grid-1-xiext805.ctyp.rq-17-1-widget']' not found)
[[ATTACHMENT|C:\\Users\\rgajbhiye\\git\\CreditCard\\Reports\\Proxima\\CC_EquipmentTestSuite\\20171206_124443\\1512545551547.png]]

2017-12-06 13:02:31 - [TEST_STEP][FAILED] - click: Unable to click on object 'Object Repository/Equipment/EquipmentSales/SplitPayment/Page_Infor LN UI (1)/CCInterface_Split_Name2' (Root cause: com.kms.katalon.core.webui.exception.WebElementNotFoundException: Web element with id: 'Object Repository/Equipment/EquipmentSales/SplitPayment/Page_Infor LN UI (1)/CCInterface_Split_Name2' located by 'By.xpath: //*[@id = 'xiext8105m000-17-grid-1-xiext805.btfn.rq-18-1-widget']' not found)

2017-12-06 13:03:05 - [MESSAGE][FAILED] - Unable to click on object 'Object Repository/Equipment/EquipmentSales/SplitPayment/Page_Infor LN UI (1)/CCInterface_Split_Name2' (Root cause: com.kms.katalon.core.webui.exception.WebElementNotFoundException: Web element with id: 'Object Repository/Equipment/EquipmentSales/SplitPayment/Page_Infor LN UI (1)/CCInterface_Split_Name2' located by 'By.xpath: //*[@id = 'xiext8105m000-17-grid-1-xiext805.btfn.rq-18-1-widget']' not found)
[[ATTACHMENT|C:\\Users\\rgajbhiye\\git\\CreditCard\\Reports\\Proxima\\CC_EquipmentTestSuite\\20171206_124443\\1512545585607.png]]

2017-12-06 13:03:05 - [TEST_STEP][PASSED] - delay: Delayed 2 second(s)

2017-12-06 13:03:07 - [MESSAGE][PASSED] - Delayed 2 second(s)

2017-12-06 13:03:07 - [TEST_STEP][FAILED] - setText: Unable to set text 'Robin' of object 'Object Repository/Equipment/EquipmentSales/SplitPayment/Page_Infor LN UI (1)/CCInterface_Split_Name2' (Root cause: com.kms.katalon.core.webui.exception.WebElementNotFoundException: Web element with id: 'Object Repository/Equipment/EquipmentSales/SplitPayment/Page_Infor LN UI (1)/CCInterface_Split_Name2' located by 'By.xpath: //*[@id = 'xiext8105m000-17-grid-1-xiext805.btfn.rq-18-1-widget']' not found)

2017-12-06 13:03:42 - [MESSAGE][FAILED] - Unable to set text 'Robin' of object 'Object Repository/Equipment/EquipmentSales/SplitPayment/Page_Infor LN UI (1)/CCInterface_Split_Name2' (Root cause: com.kms.katalon.core.webui.exception.WebElementNotFoundException: Web element with id: 'Object Repository/Equipment/EquipmentSales/SplitPayment/Page_Infor LN UI (1)/CCInterface_Split_Name2' located by 'By.xpath: //*[@id = 'xiext8105m000-17-grid-1-xiext805.btfn.rq-18-1-widget']' not found)
[[ATTACHMENT|C:\\Users\\rgajbhiye\\git\\CreditCard\\Reports\\Proxima\\CC_EquipmentTestSuite\\20171206_124443\\1512545621831.png]]

2017-12-06 13:03:42 - [TEST_STEP][FAILED] - click: Unable to click on object 'Object Repository/Equipment/EquipmentSales/SplitPayment/Page_Infor LN UI (1)/CCInterface_Split_Month2' (Root cause: com.kms.katalon.core.webui.exception.WebElementNotFoundException: Web element with id: 'Object Repository/Equipment/EquipmentSales/SplitPayment/Page_Infor LN UI (1)/CCInterface_Split_Month2' located by 'By.xpath: //*[@id = 'xiext8105m000-17-grid-1-xiext805.exmn.rq-19-1-widget']' not found)

2017-12-06 13:04:16 - [MESSAGE][FAILED] - Unable to click on object 'Object Repository/Equipment/EquipmentSales/SplitPayment/Page_Infor LN UI (1)/CCInterface_Split_Month2' (Root cause: com.kms.katalon.core.webui.exception.WebElementNotFoundException: Web element with id: 'Object Repository/Equipment/EquipmentSales/SplitPayment/Page_Infor LN UI (1)/CCInterface_Split_Month2' located by 'By.xpath: //*[@id = 'xiext8105m000-17-grid-1-xiext805.exmn.rq-19-1-widget']' not found)
[[ATTACHMENT|C:\\Users\\rgajbhiye\\git\\CreditCard\\Reports\\Proxima\\CC_EquipmentTestSuite\\20171206_124443\\1512545656061.png]]

2017-12-06 13:04:16 - [TEST_STEP][PASSED] - delay: Delayed 2 second(s)

2017-12-06 13:04:18 - [MESSAGE][PASSED] - Delayed 2 second(s)

2017-12-06 13:04:18 - [TEST_STEP][FAILED] - setText: Unable to set text '09' of object 'Object Repository/Equipment/EquipmentSales/SplitPayment/Page_Infor LN UI (1)/CCInterface_Split_Month2' (Root cause: com.kms.katalon.core.webui.exception.WebElementNotFoundException: Web element with id: 'Object Repository/Equipment/EquipmentSales/SplitPayment/Page_Infor LN UI (1)/CCInterface_Split_Month2' located by 'By.xpath: //*[@id = 'xiext8105m000-17-grid-1-xiext805.exmn.rq-19-1-widget']' not found)

2017-12-06 13:04:52 - [MESSAGE][FAILED] - Unable to set text '09' of object 'Object Repository/Equipment/EquipmentSales/SplitPayment/Page_Infor LN UI (1)/CCInterface_Split_Month2' (Root cause: com.kms.katalon.core.webui.exception.WebElementNotFoundException: Web element with id: 'Object Repository/Equipment/EquipmentSales/SplitPayment/Page_Infor LN UI (1)/CCInterface_Split_Month2' located by 'By.xpath: //*[@id = 'xiext8105m000-17-grid-1-xiext805.exmn.rq-19-1-widget']' not found)
[[ATTACHMENT|C:\\Users\\rgajbhiye\\git\\CreditCard\\Reports\\Proxima\\CC_EquipmentTestSuite\\20171206_124443\\1512545692249.png]]

2017-12-06 13:04:52 - [TEST_STEP][FAILED] - click: Unable to click on object 'Object Repository/Equipment/EquipmentSales/SplitPayment/Page_Infor LN UI (1)/CCInterface_Split_Year2' (Root cause: com.kms.katalon.core.webui.exception.WebElementNotFoundException: Web element with id: 'Object Repository/Equipment/EquipmentSales/SplitPayment/Page_Infor LN UI (1)/CCInterface_Split_Year2' located by 'By.xpath: //*[@id = 'xiext8105m000-17-grid-1-xiext805.exyr.rq-20-1-widget']' not found)

2017-12-06 13:05:26 - [MESSAGE][FAILED] - Unable to click on object 'Object Repository/Equipment/EquipmentSales/SplitPayment/Page_Infor LN UI (1)/CCInterface_Split_Year2' (Root cause: com.kms.katalon.core.webui.exception.WebElementNotFoundException: Web element with id: 'Object Repository/Equipment/EquipmentSales/SplitPayment/Page_Infor LN UI (1)/CCInterface_Split_Year2' located by 'By.xpath: //*[@id = 'xiext8105m000-17-grid-1-xiext805.exyr.rq-20-1-widget']' not found)
[[ATTACHMENT|C:\\Users\\rgajbhiye\\git\\CreditCard\\Reports\\Proxima\\CC_EquipmentTestSuite\\20171206_124443\\1512545726348.png]]

2017-12-06 13:05:26 - [TEST_STEP][PASSED] - delay: Delayed 2 second(s)

2017-12-06 13:05:28 - [MESSAGE][PASSED] - Delayed 2 second(s)

2017-12-06 13:05:28 - [TEST_STEP][FAILED] - setText: Unable to set text '99' of object 'Object Repository/Equipment/EquipmentSales/SplitPayment/Page_Infor LN UI (1)/CCInterface_Split_Year2' (Root cause: com.kms.katalon.core.webui.exception.WebElementNotFoundException: Web element with id: 'Object Repository/Equipment/EquipmentSales/SplitPayment/Page_Infor LN UI (1)/CCInterface_Split_Year2' located by 'By.xpath: //*[@id = 'xiext8105m000-17-grid-1-xiext805.exyr.rq-20-1-widget']' not found)

2017-12-06 13:06:02 - [MESSAGE][FAILED] - Unable to set text '99' of object 'Object Repository/Equipment/EquipmentSales/SplitPayment/Page_Infor LN UI (1)/CCInterface_Split_Year2' (Root cause: com.kms.katalon.core.webui.exception.WebElementNotFoundException: Web element with id: 'Object Repository/Equipment/EquipmentSales/SplitPayment/Page_Infor LN UI (1)/CCInterface_Split_Year2' located by 'By.xpath: //*[@id = 'xiext8105m000-17-grid-1-xiext805.exyr.rq-20-1-widget']' not found)
[[ATTACHMENT|C:\\Users\\rgajbhiye\\git\\CreditCard\\Reports\\Proxima\\CC_EquipmentTestSuite\\20171206_124443\\1512545762468.png]]

2017-12-06 13:06:02 - [TEST_STEP][FAILED] - click: Unable to click on object 'Object Repository/Equipment/EquipmentSales/SplitPayment/Page_Infor LN UI (1)/CCInterface_Split_Order2add' (Root cause: com.kms.katalon.core.webui.exception.WebElementNotFoundException: Web element with id: 'Object Repository/Equipment/EquipmentSales/SplitPayment/Page_Infor LN UI (1)/CCInterface_Split_Order2add' located by 'By.xpath: //*[@id = 'xiext8105m000-17-grid-1-xiext805.oamt.rq-28-1-widget']' not found)

2017-12-06 13:06:36 - [MESSAGE][FAILED] - Unable to click on object 'Object Repository/Equipment/EquipmentSales/SplitPayment/Page_Infor LN UI (1)/CCInterface_Split_Order2add' (Root cause: com.kms.katalon.core.webui.exception.WebElementNotFoundException: Web element with id: 'Object Repository/Equipment/EquipmentSales/SplitPayment/Page_Infor LN UI (1)/CCInterface_Split_Order2add' located by 'By.xpath: //*[@id = 'xiext8105m000-17-grid-1-xiext805.oamt.rq-28-1-widget']' not found)
[[ATTACHMENT|C:\\Users\\rgajbhiye\\git\\CreditCard\\Reports\\Proxima\\CC_EquipmentTestSuite\\20171206_124443\\1512545796605.png]]

2017-12-06 13:06:36 - [TEST_STEP][PASSED] - delay: Delayed 2 second(s)

2017-12-06 13:06:38 - [MESSAGE][PASSED] - Delayed 2 second(s)

2017-12-06 13:06:38 - [TEST_STEP][FAILED] - setText: Unable to set text '1.00' of object 'Object Repository/Equipment/EquipmentSales/SplitPayment/Page_Infor LN UI (1)/CCInterface_Split_Order2add' (Root cause: com.kms.katalon.core.webui.exception.WebElementNotFoundException: Web element with id: 'Object Repository/Equipment/EquipmentSales/SplitPayment/Page_Infor LN UI (1)/CCInterface_Split_Order2add' located by 'By.xpath: //*[@id = 'xiext8105m000-17-grid-1-xiext805.oamt.rq-28-1-widget']' not found)

2017-12-06 13:07:13 - [MESSAGE][FAILED] - Unable to set text '1.00' of object 'Object Repository/Equipment/EquipmentSales/SplitPayment/Page_Infor LN UI (1)/CCInterface_Split_Order2add' (Root cause: com.kms.katalon.core.webui.exception.WebElementNotFoundException: Web element with id: 'Object Repository/Equipment/EquipmentSales/SplitPayment/Page_Infor LN UI (1)/CCInterface_Split_Order2add' located by 'By.xpath: //*[@id = 'xiext8105m000-17-grid-1-xiext805.oamt.rq-28-1-widget']' not found)
[[ATTACHMENT|C:\\Users\\rgajbhiye\\git\\CreditCard\\Reports\\Proxima\\CC_EquipmentTestSuite\\20171206_124443\\1512545832785.png]]

2017-12-06 13:07:13 - [TEST_STEP][FAILED] - click: Unable to click on object 'Object Repository/Equipment/EquipmentSales/SplitPayment/Page_Infor LN UI (1)/CCInterface_Split_Save' (Root cause: org.openqa.selenium.WebDriverException: Element is not clickable at point (100.5, 128). Other element would receive the click: <div style="z-index: 1;" class="WindowManagerGlass"></div>
Command duration or timeout: 73 milliseconds
Build info: version: '2.53.0', revision: '35ae25b', time: '2016-03-15 17:00:58'
System info: host: 'EET-RG', ip: '192.168.25.107', os.name: 'Windows 7', os.arch: 'amd64', os.version: '6.1', java.version: '1.8.0_102'
Driver info: com.kms.katalon.selenium.driver.CFirefoxDriver
Capabilities [{applicationCacheEnabled=true, rotatable=false, handlesAlerts=true, databaseEnabled=true, version=43.0.1, platform=WINDOWS, nativeEvents=false, acceptSslCerts=true, webStorageEnabled=true, locationContextEnabled=true, browserName=firefox, takesScreenshot=true, javascriptEnabled=true, cssSelectorsEnabled=true}]
Session ID: de1a2424-74ab-4bde-a88d-e4c7c3fc5b1d)

2017-12-06 13:07:13 - [MESSAGE][FAILED] - Unable to click on object 'Object Repository/Equipment/EquipmentSales/SplitPayment/Page_Infor LN UI (1)/CCInterface_Split_Save' (Root cause: org.openqa.selenium.WebDriverException: Element is not clickable at point (100.5, 128). Other element would receive the click: <div style="z-index: 1;" class="WindowManagerGlass"></div>
Command duration or timeout: 73 milliseconds
Build info: version: '2.53.0', revision: '35ae25b', time: '2016-03-15 17:00:58'
System info: host: 'EET-RG', ip: '192.168.25.107', os.name: 'Windows 7', os.arch: 'amd64', os.version: '6.1', java.version: '1.8.0_102'
Driver info: com.kms.katalon.selenium.driver.CFirefoxDriver
Capabilities [{applicationCacheEnabled=true, rotatable=false, handlesAlerts=true, databaseEnabled=true, version=43.0.1, platform=WINDOWS, nativeEvents=false, acceptSslCerts=true, webStorageEnabled=true, locationContextEnabled=true, browserName=firefox, takesScreenshot=true, javascriptEnabled=true, cssSelectorsEnabled=true}]
Session ID: de1a2424-74ab-4bde-a88d-e4c7c3fc5b1d)
[[ATTACHMENT|C:\\Users\\rgajbhiye\\git\\CreditCard\\Reports\\Proxima\\CC_EquipmentTestSuite\\20171206_124443\\1512545833233.png]]

2017-12-06 13:07:13 - [MESSAGE][FAILED] - Unable to call Test Case with id 'Test Cases/Equipment/Base_EquipmentSales/Base_EquipSaleOrder_Invoice_Split' (Root cause: Call Test Case 'Test Cases/Equipment/Base_EquipmentSales/Base_EquipSaleOrder_Invoice_Split' failed)]]></system-out>
         <system-err><![CDATA[2017-12-06 12:54:37 - [TEST_CASE][FAILED] - Test Cases/Equipment/CreditCardRegression/TC002_EquipmentSalesAgreement_Split: Test Cases/Equipment/CreditCardRegression/TC002_EquipmentSalesAgreement_Split FAILED because (of) Unable to click on object 'Object Repository/Equipment/EquipmentSales/SplitPayment/Page_Infor LN UI (1)/CCInterface_Split_Order1_add' (Root cause: com.kms.katalon.core.webui.exception.WebElementNotFoundException: Web element with id: 'Object Repository/Equipment/EquipmentSales/SplitPayment/Page_Infor LN UI (1)/CCInterface_Split_Order1_add' located by 'By.xpath: //*[@id = 'xiext8105m000-17-grid-1-xiext805.oamt.rq-28-0-widget']' not found)]]></system-err>
      </testcase>
      <system-out><![CDATA[2017-12-06 12:44:50 - [TEST_SUITE][FAILED] - CC_EquipmentTestSuite: Test Cases/Equipment/CreditCardRegression/TC002_EquipmentSalesAgreement_Split FAILED because (of) Unable to click on object 'Object Repository/Equipment/EquipmentSales/SplitPayment/Page_Infor LN UI (1)/CCInterface_Split_Order1_add' (Root cause: com.kms.katalon.core.webui.exception.WebElementNotFoundException: Web element with id: 'Object Repository/Equipment/EquipmentSales/SplitPayment/Page_Infor LN UI (1)/CCInterface_Split_Order1_add' located by 'By.xpath: //*[@id = 'xiext8105m000-17-grid-1-xiext805.oamt.rq-28-0-widget']' not found)]]></system-out>
      <system-err><![CDATA[2017-12-06 12:44:50 - [TEST_SUITE][FAILED] - CC_EquipmentTestSuite: Test Cases/Equipment/CreditCardRegression/TC002_EquipmentSalesAgreement_Split FAILED because (of) Unable to click on object 'Object Repository/Equipment/EquipmentSales/SplitPayment/Page_Infor LN UI (1)/CCInterface_Split_Order1_add' (Root cause: com.kms.katalon.core.webui.exception.WebElementNotFoundException: Web element with id: 'Object Repository/Equipment/EquipmentSales/SplitPayment/Page_Infor LN UI (1)/CCInterface_Split_Order1_add' located by 'By.xpath: //*[@id = 'xiext8105m000-17-grid-1-xiext805.oamt.rq-28-0-widget']' not found)]]></system-err>
   </testsuite>
</testsuites>
