<?xml version="1.0" encoding="UTF-8"?>
<testsuites name="CC_RentalInvoicewithSplitTenderTestSuite" time="554" tests="0" failures="1" errors="0">
   <testsuite name="CC_RentalInvoicewithSplitTenderTestSuite" tests="0" failures="1" errors="0" time="554" timestamp="2017-12-06 15:13:19" hostname="agawhande - ANIL110.e-emphasys.com" id="Test Suites/Proxima/CC_RentalInvoicewithSplitTenderTestSuite">
      <properties>
         <property name="deviceName" value=""/>
         <property name="devicePlatform" value=""/>
         <property name="logFolder" value="C:\\Users\\agawhande\\git\\CreditCard\\Reports\\Proxima\\CC_RentalInvoicewithSplitTenderTestSuite\\20171206_151309"/>
         <property name="logFiles" value="C:\\Users\\agawhande\\git\\CreditCard\\Reports\\Proxima\\CC_RentalInvoicewithSplitTenderTestSuite\\20171206_151309\\execution0.log"/>
         <property name="attachments" value="C:\\Users\\agawhande\\git\\CreditCard\\Reports\\Proxima\\CC_RentalInvoicewithSplitTenderTestSuite\\20171206_151309\\1512553840263.png, C:\\Users\\agawhande\\git\\CreditCard\\Reports\\Proxima\\CC_RentalInvoicewithSplitTenderTestSuite\\20171206_151309\\1512553853196.png, C:\\Users\\agawhande\\git\\CreditCard\\Reports\\Proxima\\CC_RentalInvoicewithSplitTenderTestSuite\\20171206_151309\\1512553899081.png, C:\\Users\\agawhande\\git\\CreditCard\\Reports\\Proxima\\CC_RentalInvoicewithSplitTenderTestSuite\\20171206_151309\\1512553941705.png, C:\\Users\\agawhande\\git\\CreditCard\\Reports\\Proxima\\CC_RentalInvoicewithSplitTenderTestSuite\\20171206_151309\\1512553947116.png"/>
         <property name="hostName" value="agawhande - ANIL110.e-emphasys.com"/>
         <property name="os" value="Windows 7 64bit"/>
         <property name="katalonVersion" value="4.8.0.2"/>
         <property name="browser" value="Firefox 56.0"/>
         <property name="hostAddress" value="192.168.25.228"/>
         <property name="sessionId" value="d8750120-b361-44d5-8ee2-aab3d7c11b7c"/>
         <property name="seleniumVersion" value="unknown"/>
         <property name="proxyInformation" value="ProxyInformation{proxyOption=NO_PROXY, proxyServerType=, password=, proxyServerAddress=, proxyServerPort=0}"/>
         <property name="platform" value="Windows 7"/>
      </properties>
      <testcase name="Test Cases/Rental/Base_RentalContract/CreditCardRegression/TC004_RentalContractInvoice_SplitTender" classname="Test Cases/Rental/Base_RentalContract/CreditCardRegression/TC004_RentalContractInvoice_SplitTender" status="FAILED">
         <failure type="FAILED" message="Unable to set text '108.0' of object 'Object Repository/Rental/Rental_SplitTenderDetails/SplitTender.LineOrderAmount3' (Root cause: org.openqa.selenium.InvalidElementStateException: Element must be user-editable in order to clear it.
Command duration or timeout: 30 milliseconds
Build info: version: 'unknown', revision: 'unknown', time: 'unknown'
System info: host: 'ANIL110', ip: '192.168.25.228', os.name: 'Windows 7', os.arch: 'amd64', os.version: '6.1', java.version: '1.8.0_102'
Driver info: com.kms.katalon.core.webui.driver.firefox.CFirefoxDriver47
Capabilities [{applicationCacheEnabled=true, rotatable=false, handlesAlerts=true, databaseEnabled=true, version=56.0, platform=WINDOWS, nativeEvents=false, acceptSslCerts=true, webStorageEnabled=true, locationContextEnabled=true, browserName=firefox, takesScreenshot=true, javascriptEnabled=true, cssSelectorsEnabled=true}]
Session ID: d8750120-b361-44d5-8ee2-aab3d7c11b7c)"/>
         <system-out><![CDATA[2017-12-06 15:13:20 - [TEST_CASE][FAILED] - Test Cases/Rental/Base_RentalContract/CreditCardRegression/TC004_RentalContractInvoice_SplitTender: Test Cases/Rental/Base_RentalContract/CreditCardRegression/TC004_RentalContractInvoice_SplitTender FAILED because (of) Unable to set text '108.0' of object 'Object Repository/Rental/Rental_SplitTenderDetails/SplitTender.LineOrderAmount3' (Root cause: org.openqa.selenium.InvalidElementStateException: Element must be user-editable in order to clear it.
Command duration or timeout: 30 milliseconds
Build info: version: 'unknown', revision: 'unknown', time: 'unknown'
System info: host: 'ANIL110', ip: '192.168.25.228', os.name: 'Windows 7', os.arch: 'amd64', os.version: '6.1', java.version: '1.8.0_102'
Driver info: com.kms.katalon.core.webui.driver.firefox.CFirefoxDriver47
Capabilities [{applicationCacheEnabled=true, rotatable=false, handlesAlerts=true, databaseEnabled=true, version=56.0, platform=WINDOWS, nativeEvents=false, acceptSslCerts=true, webStorageEnabled=true, locationContextEnabled=true, browserName=firefox, takesScreenshot=true, javascriptEnabled=true, cssSelectorsEnabled=true}]
Session ID: d8750120-b361-44d5-8ee2-aab3d7c11b7c)

2017-12-06 15:13:21 - [TEST_STEP][PASSED] - callTestCase: Call Test Case 'Test Cases/Equipment/Base_EquipmentPurchase/EPO_CreateNrecieve' successfully

2017-12-06 15:13:21 - [TEST_CASE][PASSED] - Test Cases/Equipment/Base_EquipmentPurchase/EPO_CreateNrecieve: Test Cases/Equipment/Base_EquipmentPurchase/EPO_CreateNrecieve

2017-12-06 15:13:22 - [TEST_STEP][PASSED] - callTestCase: Call Test Case 'Test Cases/Equipment/Base_EquipmentPurchase/Base_EPO_CreateHeaderNline' successfully

2017-12-06 15:13:22 - [TEST_CASE][PASSED] - Test Cases/Equipment/Base_EquipmentPurchase/Base_EPO_CreateHeaderNline: Test Cases/Equipment/Base_EquipmentPurchase/Base_EPO_CreateHeaderNline

2017-12-06 15:13:22 - [TEST_STEP][PASSED] - callTestCase: Call Test Case 'Test Cases/Common/Base_Common_OpenSession' successfully

2017-12-06 15:13:22 - [TEST_CASE][PASSED] - Test Cases/Common/Base_Common_OpenSession: Test Cases/Common/Base_Common_OpenSession

2017-12-06 15:13:22 - [TEST_STEP][PASSED] - openBrowser: Browser is opened with url: 'https://rgajbhiye:Robin$123@proxima-ln4.e-emphasys.com:8441/webui/servlet/login'

2017-12-06 15:13:33 - [MESSAGE][PASSED] - Browser is opened with url: 'https://rgajbhiye:Robin$123@proxima-ln4.e-emphasys.com:8441/webui/servlet/login'

2017-12-06 15:13:33 - [TEST_STEP][PASSED] - waitForPageLoad: Wait for page load successfully

2017-12-06 15:13:33 - [MESSAGE][PASSED] - Wait for page load successfully

2017-12-06 15:13:33 - [TEST_STEP][PASSED] - maximizeWindow: Current window maximized

2017-12-06 15:13:33 - [MESSAGE][PASSED] - Current window maximized

2017-12-06 15:13:33 - [TEST_STEP][PASSED] - click: Object: 'Object Repository/Common/HomePage/HomePage_more' is clicked on

2017-12-06 15:13:36 - [MESSAGE][PASSED] - Object: 'Object Repository/Common/HomePage/HomePage_more' is clicked on

2017-12-06 15:13:36 - [TEST_STEP][PASSED] - click: Object: 'Object Repository/Common/HomePage/HomePage_Option' is clicked on

2017-12-06 15:13:36 - [MESSAGE][PASSED] - Object: 'Object Repository/Common/HomePage/HomePage_Option' is clicked on

2017-12-06 15:13:36 - [TEST_STEP][PASSED] - click: Object: 'Object Repository/Common/HomePage/HomePage_RunProgram_' is clicked on

2017-12-06 15:13:36 - [MESSAGE][PASSED] - Object: 'Object Repository/Common/HomePage/HomePage_RunProgram_' is clicked on

2017-12-06 15:13:36 - [TEST_STEP][PASSED] - sendKeys: Keys 'tdext8150s000' sent to object: 'Object Repository/Common/HomePage/HomePage_Session_ID'

2017-12-06 15:13:37 - [MESSAGE][PASSED] - Keys 'tdext8150s000' sent to object: 'Object Repository/Common/HomePage/HomePage_Session_ID'

2017-12-06 15:13:37 - [TEST_STEP][PASSED] - click: Object: 'Object Repository/Common/HomePage/HomePage_OkButton' is clicked on

2017-12-06 15:13:37 - [MESSAGE][PASSED] - Object: 'Object Repository/Common/HomePage/HomePage_OkButton' is clicked on

2017-12-06 15:13:37 - [MESSAGE][PASSED] - Call Test Case 'Test Cases/Common/Base_Common_OpenSession' successfully

2017-12-06 15:13:37 - [TEST_STEP][PASSED] - waitForElementPresent: Object 'Object Repository/Equipment/EquipmentPurchase/EPO_Header/EPO_Header_New' is present

2017-12-06 15:13:40 - [MESSAGE][PASSED] - Object 'Object Repository/Equipment/EquipmentPurchase/EPO_Header/EPO_Header_New' is present

2017-12-06 15:13:40 - [TEST_STEP][PASSED] - click: Object: 'Object Repository/Equipment/EquipmentPurchase/EPO_Header/EPO_Header_New' is clicked on

2017-12-06 15:13:40 - [MESSAGE][PASSED] - Object: 'Object Repository/Equipment/EquipmentPurchase/EPO_Header/EPO_Header_New' is clicked on

2017-12-06 15:13:40 - [TEST_STEP][PASSED] - click: Object: 'Object Repository/Equipment/EquipmentPurchase/EPO_Header/EPO_Header_Customer' is clicked on

2017-12-06 15:13:41 - [MESSAGE][PASSED] - Object: 'Object Repository/Equipment/EquipmentPurchase/EPO_Header/EPO_Header_Customer' is clicked on

2017-12-06 15:13:41 - [TEST_STEP][PASSED] - setText: Text 'M00000010' is set on object 'Object Repository/Equipment/EquipmentPurchase/EPO_Header/EPO_Header_Customer'

2017-12-06 15:13:41 - [MESSAGE][PASSED] - Text 'M00000010' is set on object 'Object Repository/Equipment/EquipmentPurchase/EPO_Header/EPO_Header_Customer'

2017-12-06 15:13:41 - [TEST_STEP][PASSED] - click: Object: 'Object Repository/Equipment/EquipmentPurchase/EPO_Header/EPO_Header_Save' is clicked on

2017-12-06 15:13:44 - [MESSAGE][PASSED] - Object: 'Object Repository/Equipment/EquipmentPurchase/EPO_Header/EPO_Header_Save' is clicked on

2017-12-06 15:13:44 - [TEST_STEP][PASSED] - delay: Delayed 5 second(s)

2017-12-06 15:13:49 - [MESSAGE][PASSED] - Delayed 5 second(s)

2017-12-06 15:13:49 - [TEST_STEP][PASSED] - click: Object: 'Object Repository/Equipment/EquipmentPurchase/EPO_Header/EPO_Header_Action' is clicked on

2017-12-06 15:13:50 - [MESSAGE][PASSED] - Object: 'Object Repository/Equipment/EquipmentPurchase/EPO_Header/EPO_Header_Action' is clicked on

2017-12-06 15:13:50 - [TEST_STEP][PASSED] - click: Object: 'Object Repository/Equipment/EquipmentPurchase/EPO_Header/EPO_Header_Action_OrderLines' is clicked on

2017-12-06 15:13:50 - [MESSAGE][PASSED] - Object: 'Object Repository/Equipment/EquipmentPurchase/EPO_Header/EPO_Header_Action_OrderLines' is clicked on

2017-12-06 15:13:50 - [TEST_STEP][PASSED] - waitForElementPresent: Object 'Object Repository/Equipment/EquipmentPurchase/EPO_Line/EPO_MultiLine_New' is present

2017-12-06 15:13:52 - [MESSAGE][PASSED] - Object 'Object Repository/Equipment/EquipmentPurchase/EPO_Line/EPO_MultiLine_New' is present

2017-12-06 15:13:52 - [TEST_STEP][PASSED] - click: Object: 'Object Repository/Equipment/EquipmentPurchase/EPO_Line/EPO_MultiLine_New' is clicked on

2017-12-06 15:13:52 - [MESSAGE][PASSED] - Object: 'Object Repository/Equipment/EquipmentPurchase/EPO_Line/EPO_MultiLine_New' is clicked on

2017-12-06 15:13:52 - [TEST_STEP][PASSED] - waitForElementPresent: Object 'Object Repository/Equipment/EquipmentPurchase/EPO_Line/EPO_Line_Model' is present

2017-12-06 15:13:53 - [MESSAGE][PASSED] - Object 'Object Repository/Equipment/EquipmentPurchase/EPO_Line/EPO_Line_Model' is present

2017-12-06 15:13:53 - [TEST_STEP][PASSED] - click: Object: 'Object Repository/Equipment/EquipmentPurchase/EPO_Line/EPO_Line_Model' is clicked on

2017-12-06 15:13:53 - [MESSAGE][PASSED] - Object: 'Object Repository/Equipment/EquipmentPurchase/EPO_Line/EPO_Line_Model' is clicked on

2017-12-06 15:13:53 - [TEST_STEP][PASSED] - delay: Delayed 2 second(s)

2017-12-06 15:13:55 - [MESSAGE][PASSED] - Delayed 2 second(s)

2017-12-06 15:13:55 - [TEST_STEP][PASSED] - setText: Text '1032' is set on object 'Object Repository/Equipment/EquipmentPurchase/EPO_Line/EPO_Line_Model'

2017-12-06 15:13:56 - [MESSAGE][PASSED] - Text '1032' is set on object 'Object Repository/Equipment/EquipmentPurchase/EPO_Line/EPO_Line_Model'

2017-12-06 15:13:56 - [TEST_STEP][PASSED] - click: Object: 'Object Repository/Equipment/EquipmentPurchase/EPO_Line/EPO_Line_NeworUsed' is clicked on

2017-12-06 15:13:56 - [MESSAGE][PASSED] - Object: 'Object Repository/Equipment/EquipmentPurchase/EPO_Line/EPO_Line_NeworUsed' is clicked on

2017-12-06 15:13:56 - [TEST_STEP][PASSED] - click: Object: 'Object Repository/Equipment/EquipmentPurchase/EPO_Line/EPO_Line_NewEquipOption' is clicked on

2017-12-06 15:13:56 - [MESSAGE][PASSED] - Object: 'Object Repository/Equipment/EquipmentPurchase/EPO_Line/EPO_Line_NewEquipOption' is clicked on

2017-12-06 15:13:56 - [TEST_STEP][PASSED] - click: Object: 'Object Repository/Equipment/EquipmentPurchase/EPO_Line/EPO_Line_PlannedDate' is clicked on

2017-12-06 15:13:56 - [MESSAGE][PASSED] - Object: 'Object Repository/Equipment/EquipmentPurchase/EPO_Line/EPO_Line_PlannedDate' is clicked on

2017-12-06 15:13:56 - [TEST_STEP][PASSED] - delay: Delayed 2 second(s)

2017-12-06 15:13:58 - [MESSAGE][PASSED] - Delayed 2 second(s)

2017-12-06 15:13:58 - [TEST_STEP][PASSED] - setText: Text '+10' is set on object 'Object Repository/Equipment/EquipmentPurchase/EPO_Line/EPO_Line_PlannedDate'

2017-12-06 15:13:59 - [MESSAGE][PASSED] - Text '+10' is set on object 'Object Repository/Equipment/EquipmentPurchase/EPO_Line/EPO_Line_PlannedDate'

2017-12-06 15:13:59 - [TEST_STEP][PASSED] - click: Object: 'Object Repository/Equipment/EquipmentPurchase/EPO_Line/EPO_Line_Price' is clicked on

2017-12-06 15:13:59 - [MESSAGE][PASSED] - Object: 'Object Repository/Equipment/EquipmentPurchase/EPO_Line/EPO_Line_Price' is clicked on

2017-12-06 15:13:59 - [TEST_STEP][PASSED] - delay: Delayed 2 second(s)

2017-12-06 15:14:01 - [MESSAGE][PASSED] - Delayed 2 second(s)

2017-12-06 15:14:01 - [TEST_STEP][PASSED] - setText: Text '100' is set on object 'Object Repository/Equipment/EquipmentPurchase/EPO_Line/EPO_Line_Price'

2017-12-06 15:14:01 - [MESSAGE][PASSED] - Text '100' is set on object 'Object Repository/Equipment/EquipmentPurchase/EPO_Line/EPO_Line_Price'

2017-12-06 15:14:01 - [TEST_STEP][PASSED] - click: Object: 'Object Repository/Equipment/EquipmentPurchase/EPO_Line/EPO_Line_Save' is clicked on

2017-12-06 15:14:01 - [MESSAGE][PASSED] - Object: 'Object Repository/Equipment/EquipmentPurchase/EPO_Line/EPO_Line_Save' is clicked on

2017-12-06 15:14:01 - [TEST_STEP][PASSED] - click: Object: 'Object Repository/Equipment/EquipmentPurchase/EPO_Line/EPO_Line_importNO' is clicked on

2017-12-06 15:14:02 - [MESSAGE][PASSED] - Object: 'Object Repository/Equipment/EquipmentPurchase/EPO_Line/EPO_Line_importNO' is clicked on

2017-12-06 15:14:02 - [TEST_STEP][PASSED] - click: Object: 'Object Repository/Equipment/EquipmentPurchase/EPO_Line/EPO_Line_SaveNclose' is clicked on

2017-12-06 15:14:02 - [MESSAGE][PASSED] - Object: 'Object Repository/Equipment/EquipmentPurchase/EPO_Line/EPO_Line_SaveNclose' is clicked on

2017-12-06 15:14:02 - [TEST_STEP][PASSED] - delay: Delayed 2 second(s)

2017-12-06 15:14:04 - [MESSAGE][PASSED] - Delayed 2 second(s)

2017-12-06 15:14:04 - [TEST_STEP][PASSED] - click: Object: 'Object Repository/Equipment/EquipmentPurchase/EPO_Line/EPO_MultiLine_SavenClose' is clicked on

2017-12-06 15:14:05 - [MESSAGE][PASSED] - Object: 'Object Repository/Equipment/EquipmentPurchase/EPO_Line/EPO_MultiLine_SavenClose' is clicked on

2017-12-06 15:14:05 - [MESSAGE][PASSED] - Call Test Case 'Test Cases/Equipment/Base_EquipmentPurchase/Base_EPO_CreateHeaderNline' successfully

2017-12-06 15:14:05 - [TEST_STEP][PASSED] - callTestCase: Call Test Case 'Test Cases/Equipment/Base_EquipmentPurchase/Base_EPO_Reciept' successfully

2017-12-06 15:14:05 - [TEST_CASE][PASSED] - Test Cases/Equipment/Base_EquipmentPurchase/Base_EPO_Reciept: Test Cases/Equipment/Base_EquipmentPurchase/Base_EPO_Reciept

2017-12-06 15:14:05 - [TEST_STEP][PASSED] - click: Object: 'Object Repository/Equipment/EquipmentPurchase/EPO_Header/EPO_Header_Action' is clicked on

2017-12-06 15:14:06 - [MESSAGE][PASSED] - Object: 'Object Repository/Equipment/EquipmentPurchase/EPO_Header/EPO_Header_Action' is clicked on

2017-12-06 15:14:06 - [TEST_STEP][PASSED] - click: Object: 'Object Repository/Equipment/EquipmentPurchase/EPO_Header/EPO_Header_Action_SendForApproval' is clicked on

2017-12-06 15:14:06 - [MESSAGE][PASSED] - Object: 'Object Repository/Equipment/EquipmentPurchase/EPO_Header/EPO_Header_Action_SendForApproval' is clicked on

2017-12-06 15:14:06 - [TEST_STEP][PASSED] - delay: Delayed 5 second(s)

2017-12-06 15:14:11 - [MESSAGE][PASSED] - Delayed 5 second(s)

2017-12-06 15:14:11 - [TEST_STEP][PASSED] - click: Object: 'Object Repository/Equipment/EquipmentPurchase/EPO_Header/EPO_Header_Action' is clicked on

2017-12-06 15:14:11 - [MESSAGE][PASSED] - Object: 'Object Repository/Equipment/EquipmentPurchase/EPO_Header/EPO_Header_Action' is clicked on

2017-12-06 15:14:11 - [TEST_STEP][PASSED] - click: Object: 'Object Repository/Equipment/EquipmentPurchase/EPO_Header/EPO_Header_Apporve' is clicked on

2017-12-06 15:14:11 - [MESSAGE][PASSED] - Object: 'Object Repository/Equipment/EquipmentPurchase/EPO_Header/EPO_Header_Apporve' is clicked on

2017-12-06 15:14:11 - [TEST_STEP][PASSED] - delay: Delayed 5 second(s)

2017-12-06 15:14:16 - [MESSAGE][PASSED] - Delayed 5 second(s)

2017-12-06 15:14:16 - [TEST_STEP][PASSED] - click: Object: 'Object Repository/Equipment/EquipmentPurchase/EPO_Header/EPO_Header_Print' is clicked on

2017-12-06 15:14:16 - [MESSAGE][PASSED] - Object: 'Object Repository/Equipment/EquipmentPurchase/EPO_Header/EPO_Header_Print' is clicked on

2017-12-06 15:14:16 - [TEST_STEP][PASSED] - click: Object: 'Object Repository/Equipment/EquipmentPurchase/EPO_Header/EPO_Print_FinalPrint' is clicked on

2017-12-06 15:14:17 - [MESSAGE][PASSED] - Object: 'Object Repository/Equipment/EquipmentPurchase/EPO_Header/EPO_Print_FinalPrint' is clicked on

2017-12-06 15:14:17 - [TEST_STEP][PASSED] - click: Object: 'Object Repository/Equipment/EquipmentPurchase/EPO_Header/EPO_Print_PrintOption' is clicked on

2017-12-06 15:14:17 - [MESSAGE][PASSED] - Object: 'Object Repository/Equipment/EquipmentPurchase/EPO_Header/EPO_Print_PrintOption' is clicked on

2017-12-06 15:14:17 - [TEST_STEP][PASSED] - click: Object: 'Object Repository/Equipment/EquipmentPurchase/EPO_Header/EPO_Print_Device' is clicked on

2017-12-06 15:14:20 - [MESSAGE][PASSED] - Object: 'Object Repository/Equipment/EquipmentPurchase/EPO_Header/EPO_Print_Device' is clicked on

2017-12-06 15:14:20 - [TEST_STEP][PASSED] - setText: Text 'D' is set on object 'Object Repository/Equipment/EquipmentPurchase/EPO_Header/EPO_Print_Device'

2017-12-06 15:14:20 - [MESSAGE][PASSED] - Text 'D' is set on object 'Object Repository/Equipment/EquipmentPurchase/EPO_Header/EPO_Print_Device'

2017-12-06 15:14:20 - [TEST_STEP][PASSED] - click: Object: 'Object Repository/Equipment/EquipmentPurchase/EPO_Header/EPO_Print_Continue' is clicked on

2017-12-06 15:14:20 - [MESSAGE][PASSED] - Object: 'Object Repository/Equipment/EquipmentPurchase/EPO_Header/EPO_Print_Continue' is clicked on

2017-12-06 15:14:20 - [TEST_STEP][PASSED] - delay: Delayed 5 second(s)

2017-12-06 15:14:25 - [MESSAGE][PASSED] - Delayed 5 second(s)

2017-12-06 15:14:25 - [TEST_STEP][PASSED] - click: Object: 'Object Repository/Equipment/EquipmentPurchase/EPO_Header/EPO_Header_EPOtab' is clicked on

2017-12-06 15:14:26 - [MESSAGE][PASSED] - Object: 'Object Repository/Equipment/EquipmentPurchase/EPO_Header/EPO_Header_EPOtab' is clicked on

2017-12-06 15:14:26 - [TEST_STEP][PASSED] - click: Object: 'Object Repository/Equipment/EquipmentPurchase/EPO_Header/EPO_Print_Close' is clicked on

2017-12-06 15:14:26 - [MESSAGE][PASSED] - Object: 'Object Repository/Equipment/EquipmentPurchase/EPO_Header/EPO_Print_Close' is clicked on

2017-12-06 15:14:26 - [TEST_STEP][PASSED] - delay: Delayed 3 second(s)

2017-12-06 15:14:29 - [MESSAGE][PASSED] - Delayed 3 second(s)

2017-12-06 15:14:29 - [TEST_STEP][PASSED] - click: Object: 'Object Repository/Equipment/EquipmentPurchase/EPO_Header/EPO_Header_Action' is clicked on

2017-12-06 15:14:29 - [MESSAGE][PASSED] - Object: 'Object Repository/Equipment/EquipmentPurchase/EPO_Header/EPO_Header_Action' is clicked on

2017-12-06 15:14:29 - [TEST_STEP][PASSED] - click: Object: 'Object Repository/Equipment/EquipmentPurchase/EPO_Header/EPO_Action_Reciept' is clicked on

2017-12-06 15:14:29 - [MESSAGE][PASSED] - Object: 'Object Repository/Equipment/EquipmentPurchase/EPO_Header/EPO_Action_Reciept' is clicked on

2017-12-06 15:14:29 - [TEST_STEP][PASSED] - waitForElementPresent: Object 'Object Repository/Equipment/EquipmentPurchase/EPO_Receipt/EPO_Reciept_Save' is present

2017-12-06 15:14:31 - [MESSAGE][PASSED] - Object 'Object Repository/Equipment/EquipmentPurchase/EPO_Receipt/EPO_Reciept_Save' is present

2017-12-06 15:14:31 - [TEST_STEP][PASSED] - click: Object: 'Object Repository/Equipment/EquipmentPurchase/EPO_Receipt/EPO_Reciept_Save' is clicked on

2017-12-06 15:14:31 - [MESSAGE][PASSED] - Object: 'Object Repository/Equipment/EquipmentPurchase/EPO_Receipt/EPO_Reciept_Save' is clicked on

2017-12-06 15:14:31 - [TEST_STEP][PASSED] - delay: Delayed 3 second(s)

2017-12-06 15:14:34 - [MESSAGE][PASSED] - Delayed 3 second(s)

2017-12-06 15:14:34 - [TEST_STEP][PASSED] - click: Object: 'Object Repository/Equipment/EquipmentPurchase/EPO_Receipt/EPO_Receipt_Action' is clicked on

2017-12-06 15:14:34 - [MESSAGE][PASSED] - Object: 'Object Repository/Equipment/EquipmentPurchase/EPO_Receipt/EPO_Receipt_Action' is clicked on

2017-12-06 15:14:34 - [TEST_STEP][PASSED] - click: Object: 'Object Repository/Equipment/EquipmentPurchase/EPO_Receipt/EPO_Receipt_Action_ReceiptLine' is clicked on

2017-12-06 15:14:34 - [MESSAGE][PASSED] - Object: 'Object Repository/Equipment/EquipmentPurchase/EPO_Receipt/EPO_Receipt_Action_ReceiptLine' is clicked on

2017-12-06 15:14:34 - [TEST_STEP][PASSED] - waitForElementPresent: Object 'Object Repository/Equipment/EquipmentPurchase/EPO_Receipt_Line/EPO_ReceiptLine_New' is present

2017-12-06 15:14:35 - [MESSAGE][PASSED] - Object 'Object Repository/Equipment/EquipmentPurchase/EPO_Receipt_Line/EPO_ReceiptLine_New' is present

2017-12-06 15:14:35 - [TEST_STEP][PASSED] - click: Object: 'Object Repository/Equipment/EquipmentPurchase/EPO_Receipt_Line/EPO_ReceiptLine_New' is clicked on

2017-12-06 15:14:36 - [MESSAGE][PASSED] - Object: 'Object Repository/Equipment/EquipmentPurchase/EPO_Receipt_Line/EPO_ReceiptLine_New' is clicked on

2017-12-06 15:14:36 - [TEST_STEP][PASSED] - waitForElementPresent: Object 'Object Repository/Equipment/EquipmentPurchase/EPO_Receipt_Line/EPO_RecieptLine_Select' is present

2017-12-06 15:14:37 - [MESSAGE][PASSED] - Object 'Object Repository/Equipment/EquipmentPurchase/EPO_Receipt_Line/EPO_RecieptLine_Select' is present

2017-12-06 15:14:37 - [TEST_STEP][PASSED] - click: Object: 'Object Repository/Equipment/EquipmentPurchase/EPO_Receipt_Line/EPO_RecieptLine_Select' is clicked on

2017-12-06 15:14:37 - [MESSAGE][PASSED] - Object: 'Object Repository/Equipment/EquipmentPurchase/EPO_Receipt_Line/EPO_RecieptLine_Select' is clicked on

2017-12-06 15:14:37 - [TEST_STEP][PASSED] - delay: Delayed 3 second(s)

2017-12-06 15:14:40 - [MESSAGE][PASSED] - Delayed 3 second(s)

2017-12-06 15:14:40 - [TEST_STEP][PASSED] - click: Object: 'Object Repository/Equipment/EquipmentPurchase/EPO_Receipt_Line/EPO_ReceiptLine_SavenClose' is clicked on

2017-12-06 15:14:40 - [MESSAGE][PASSED] - Object: 'Object Repository/Equipment/EquipmentPurchase/EPO_Receipt_Line/EPO_ReceiptLine_SavenClose' is clicked on

2017-12-06 15:14:40 - [TEST_STEP][PASSED] - waitForElementPresent: Object 'Object Repository/Equipment/EquipmentPurchase/EPO_Receipt_Line/EPO_RecieptLineAction' is present

2017-12-06 15:14:40 - [MESSAGE][PASSED] - Object 'Object Repository/Equipment/EquipmentPurchase/EPO_Receipt_Line/EPO_RecieptLineAction' is present

2017-12-06 15:14:40 - [TEST_STEP][PASSED] - Statement - G_Unit = com.kms.katalon.core.webui.keyword.WebUiBuiltInKeywords.getText(com.kms.katalon.core.testobject.ObjectRepository.findTestObject(Equipment/EquipmentPurchase/EPO_Receipt/EPO_Reciept_Unit)): Text of object 'Object Repository/Equipment/EquipmentPurchase/EPO_Receipt/EPO_Reciept_Unit' is: 'MD0018406'

2017-12-06 15:14:41 - [MESSAGE][PASSED] - Text of object 'Object Repository/Equipment/EquipmentPurchase/EPO_Receipt/EPO_Reciept_Unit' is: 'MD0018406'

2017-12-06 15:14:41 - [TEST_STEP][PASSED] - click: Object: 'Object Repository/Equipment/EquipmentPurchase/EPO_Receipt_Line/EPO_RecieptLineAction' is clicked on

2017-12-06 15:14:41 - [MESSAGE][PASSED] - Object: 'Object Repository/Equipment/EquipmentPurchase/EPO_Receipt_Line/EPO_RecieptLineAction' is clicked on

2017-12-06 15:14:41 - [TEST_STEP][PASSED] - click: Object: 'Object Repository/Equipment/EquipmentPurchase/EPO_Receipt/EPO_Action_Confirm' is clicked on

2017-12-06 15:14:41 - [MESSAGE][PASSED] - Object: 'Object Repository/Equipment/EquipmentPurchase/EPO_Receipt/EPO_Action_Confirm' is clicked on

2017-12-06 15:14:41 - [TEST_STEP][PASSED] - click: Object: 'Object Repository/Equipment/EquipmentPurchase/EPO_Receipt/EPO_Reciept_MeterOK' is clicked on

2017-12-06 15:14:42 - [MESSAGE][PASSED] - Object: 'Object Repository/Equipment/EquipmentPurchase/EPO_Receipt/EPO_Reciept_MeterOK' is clicked on

2017-12-06 15:14:42 - [TEST_STEP][PASSED] - waitForElementPresent: Object 'Object Repository/Equipment/EquipmentPurchase/EPO_Receipt/EPO_RecieptPrint_Device' is present

2017-12-06 15:14:43 - [MESSAGE][PASSED] - Object 'Object Repository/Equipment/EquipmentPurchase/EPO_Receipt/EPO_RecieptPrint_Device' is present

2017-12-06 15:14:43 - [TEST_STEP][PASSED] - click: Object: 'Object Repository/Equipment/EquipmentPurchase/EPO_Receipt/EPO_RecieptPrint_Device' is clicked on

2017-12-06 15:14:43 - [MESSAGE][PASSED] - Object: 'Object Repository/Equipment/EquipmentPurchase/EPO_Receipt/EPO_RecieptPrint_Device' is clicked on

2017-12-06 15:14:43 - [TEST_STEP][PASSED] - setText: Text 'D' is set on object 'Object Repository/Equipment/EquipmentPurchase/EPO_Receipt/EPO_RecieptPrint_Device'

2017-12-06 15:14:43 - [MESSAGE][PASSED] - Text 'D' is set on object 'Object Repository/Equipment/EquipmentPurchase/EPO_Receipt/EPO_RecieptPrint_Device'

2017-12-06 15:14:43 - [TEST_STEP][PASSED] - click: Object: 'Object Repository/Equipment/EquipmentPurchase/EPO_Receipt/EPO_RecieptPrint_Continue' is clicked on

2017-12-06 15:14:44 - [MESSAGE][PASSED] - Object: 'Object Repository/Equipment/EquipmentPurchase/EPO_Receipt/EPO_RecieptPrint_Continue' is clicked on

2017-12-06 15:14:44 - [TEST_STEP][PASSED] - delay: Delayed 3 second(s)

2017-12-06 15:14:47 - [MESSAGE][PASSED] - Delayed 3 second(s)

2017-12-06 15:14:47 - [TEST_STEP][PASSED] - click: Object: 'Object Repository/Equipment/EquipmentPurchase/EPO_Receipt/EPO_RecieptPrint_ProcessCompleted' is clicked on

2017-12-06 15:14:47 - [MESSAGE][PASSED] - Object: 'Object Repository/Equipment/EquipmentPurchase/EPO_Receipt/EPO_RecieptPrint_ProcessCompleted' is clicked on

2017-12-06 15:14:47 - [TEST_STEP][PASSED] - delay: Delayed 10 second(s)

2017-12-06 15:14:57 - [MESSAGE][PASSED] - Delayed 10 second(s)

2017-12-06 15:14:57 - [MESSAGE][PASSED] - Call Test Case 'Test Cases/Equipment/Base_EquipmentPurchase/Base_EPO_Reciept' successfully

2017-12-06 15:14:57 - [MESSAGE][PASSED] - Call Test Case 'Test Cases/Equipment/Base_EquipmentPurchase/EPO_CreateNrecieve' successfully

2017-12-06 15:14:57 - [TEST_STEP][PASSED] - callTestCase: Call Test Case 'Test Cases/Rental/Base_RentalContract/Base_CreateRentalInvoice_HeaderlineInvoice_SplitTender' successfully

2017-12-06 15:14:58 - [TEST_CASE][PASSED] - Test Cases/Rental/Base_RentalContract/Base_CreateRentalInvoice_HeaderlineInvoice_SplitTender: Test Cases/Rental/Base_RentalContract/Base_CreateRentalInvoice_HeaderlineInvoice_SplitTender

2017-12-06 15:14:59 - [TEST_STEP][PASSED] - callTestCase: Call Test Case 'Test Cases/Rental/Base_RentalContract/Base_CreateRentalHeader' successfully

2017-12-06 15:14:59 - [TEST_CASE][PASSED] - Test Cases/Rental/Base_RentalContract/Base_CreateRentalHeader: Test Cases/Rental/Base_RentalContract/Base_CreateRentalHeader

2017-12-06 15:14:59 - [TEST_STEP][PASSED] - callTestCase: Call Test Case 'Test Cases/Common/Base_Common_OpenSession' successfully

2017-12-06 15:14:59 - [TEST_CASE][PASSED] - Test Cases/Common/Base_Common_OpenSession: Test Cases/Common/Base_Common_OpenSession

2017-12-06 15:14:59 - [TEST_STEP][PASSED] - openBrowser: Browser is opened with url: 'https://rgajbhiye:Robin$123@proxima-ln4.e-emphasys.com:8441/webui/servlet/login'

2017-12-06 15:14:59 - [MESSAGE][WARNING] - A browser is already opened. Closing browser and opening a new one

2017-12-06 15:15:18 - [MESSAGE][PASSED] - Browser is opened with url: 'https://rgajbhiye:Robin$123@proxima-ln4.e-emphasys.com:8441/webui/servlet/login'

2017-12-06 15:15:18 - [TEST_STEP][PASSED] - waitForPageLoad: Wait for page load successfully

2017-12-06 15:15:18 - [MESSAGE][PASSED] - Wait for page load successfully

2017-12-06 15:15:18 - [TEST_STEP][PASSED] - maximizeWindow: Current window maximized

2017-12-06 15:15:18 - [MESSAGE][PASSED] - Current window maximized

2017-12-06 15:15:18 - [TEST_STEP][PASSED] - click: Object: 'Object Repository/Common/HomePage/HomePage_more' is clicked on

2017-12-06 15:15:21 - [MESSAGE][PASSED] - Object: 'Object Repository/Common/HomePage/HomePage_more' is clicked on

2017-12-06 15:15:21 - [TEST_STEP][PASSED] - click: Object: 'Object Repository/Common/HomePage/HomePage_Option' is clicked on

2017-12-06 15:15:21 - [MESSAGE][PASSED] - Object: 'Object Repository/Common/HomePage/HomePage_Option' is clicked on

2017-12-06 15:15:21 - [TEST_STEP][PASSED] - click: Object: 'Object Repository/Common/HomePage/HomePage_RunProgram_' is clicked on

2017-12-06 15:15:22 - [MESSAGE][PASSED] - Object: 'Object Repository/Common/HomePage/HomePage_RunProgram_' is clicked on

2017-12-06 15:15:22 - [TEST_STEP][PASSED] - sendKeys: Keys 'erext4100s004' sent to object: 'Object Repository/Common/HomePage/HomePage_Session_ID'

2017-12-06 15:15:23 - [MESSAGE][PASSED] - Keys 'erext4100s004' sent to object: 'Object Repository/Common/HomePage/HomePage_Session_ID'

2017-12-06 15:15:23 - [TEST_STEP][PASSED] - click: Object: 'Object Repository/Common/HomePage/HomePage_OkButton' is clicked on

2017-12-06 15:15:23 - [MESSAGE][PASSED] - Object: 'Object Repository/Common/HomePage/HomePage_OkButton' is clicked on

2017-12-06 15:15:23 - [MESSAGE][PASSED] - Call Test Case 'Test Cases/Common/Base_Common_OpenSession' successfully

2017-12-06 15:15:23 - [TEST_STEP][PASSED] - click: Object: 'Object Repository/Rental/RentalHeader/RentalContract.Customer' is clicked on

2017-12-06 15:15:27 - [MESSAGE][PASSED] - Object: 'Object Repository/Rental/RentalHeader/RentalContract.Customer' is clicked on

2017-12-06 15:15:27 - [TEST_STEP][PASSED] - setText: Text 'M00000010' is set on object 'Object Repository/Rental/RentalHeader/RentalContract.Customer'

2017-12-06 15:15:27 - [MESSAGE][PASSED] - Text 'M00000010' is set on object 'Object Repository/Rental/RentalHeader/RentalContract.Customer'

2017-12-06 15:15:27 - [TEST_STEP][PASSED] - delay: Delayed 2 second(s)

2017-12-06 15:15:29 - [MESSAGE][PASSED] - Delayed 2 second(s)

2017-12-06 15:15:29 - [TEST_STEP][PASSED] - click: Object: 'Object Repository/Rental/RentalHeader/RentalContract.CustPO' is clicked on

2017-12-06 15:15:30 - [MESSAGE][PASSED] - Object: 'Object Repository/Rental/RentalHeader/RentalContract.CustPO' is clicked on

2017-12-06 15:15:30 - [TEST_STEP][PASSED] - delay: Delayed 3 second(s)

2017-12-06 15:15:33 - [MESSAGE][PASSED] - Delayed 3 second(s)

2017-12-06 15:15:33 - [TEST_STEP][PASSED] - click: Object: 'Object Repository/Rental/RentalHeader/RentalContract.OtherDetailsTab' is clicked on

2017-12-06 15:15:33 - [MESSAGE][PASSED] - Object: 'Object Repository/Rental/RentalHeader/RentalContract.OtherDetailsTab' is clicked on

2017-12-06 15:15:33 - [TEST_STEP][PASSED] - delay: Delayed 5 second(s)

2017-12-06 15:15:38 - [MESSAGE][PASSED] - Delayed 5 second(s)

2017-12-06 15:15:38 - [TEST_STEP][PASSED] - click: Object: 'Object Repository/Rental/RentalHeader/Rental Contract.ModeOfPayment' is clicked on

2017-12-06 15:15:38 - [MESSAGE][PASSED] - Object: 'Object Repository/Rental/RentalHeader/Rental Contract.ModeOfPayment' is clicked on

2017-12-06 15:15:38 - [TEST_STEP][PASSED] - delay: Delayed 2 second(s)

2017-12-06 15:15:40 - [MESSAGE][PASSED] - Delayed 2 second(s)

2017-12-06 15:15:40 - [TEST_STEP][PASSED] - click: Object: 'Object Repository/Rental/RentalHeader/RentalContract.CreditCardoption' is clicked on

2017-12-06 15:15:40 - [MESSAGE][PASSED] - Object: 'Object Repository/Rental/RentalHeader/RentalContract.CreditCardoption' is clicked on

2017-12-06 15:15:40 - [TEST_STEP][PASSED] - delay: Delayed 3 second(s)

2017-12-06 15:15:43 - [MESSAGE][PASSED] - Delayed 3 second(s)

2017-12-06 15:15:43 - [TEST_STEP][PASSED] - click: Object: 'Object Repository/Rental/RentalHeader/RentalContract.GeneralTab' is clicked on

2017-12-06 15:15:44 - [MESSAGE][PASSED] - Object: 'Object Repository/Rental/RentalHeader/RentalContract.GeneralTab' is clicked on

2017-12-06 15:15:44 - [TEST_STEP][PASSED] - delay: Delayed 5 second(s)

2017-12-06 15:15:49 - [MESSAGE][PASSED] - Delayed 5 second(s)

2017-12-06 15:15:49 - [TEST_STEP][PASSED] - click: Object: 'Object Repository/Rental/RentalHeader/RentalContract.Newbuttonline' is clicked on

2017-12-06 15:15:49 - [MESSAGE][PASSED] - Object: 'Object Repository/Rental/RentalHeader/RentalContract.Newbuttonline' is clicked on

2017-12-06 15:15:49 - [TEST_STEP][PASSED] - delay: Delayed 5 second(s)

2017-12-06 15:15:54 - [MESSAGE][PASSED] - Delayed 5 second(s)

2017-12-06 15:15:54 - [TEST_STEP][PASSED] - click: Object: 'Object Repository/Rental/RentalHeader/RentalContract.SetLine' is clicked on

2017-12-06 15:15:54 - [MESSAGE][PASSED] - Object: 'Object Repository/Rental/RentalHeader/RentalContract.SetLine' is clicked on

2017-12-06 15:15:54 - [TEST_STEP][PASSED] - delay: Delayed 5 second(s)

2017-12-06 15:15:59 - [MESSAGE][PASSED] - Delayed 5 second(s)

2017-12-06 15:15:59 - [TEST_STEP][PASSED] - scrollToElement: Scroll to object 'Object Repository/Rental/RentalHeader/RentalContract.Unit' successfully

2017-12-06 15:16:00 - [MESSAGE][PASSED] - Scroll to object 'Object Repository/Rental/RentalHeader/RentalContract.Unit' successfully

2017-12-06 15:16:00 - [TEST_STEP][PASSED] - delay: Delayed 3 second(s)

2017-12-06 15:16:03 - [MESSAGE][PASSED] - Delayed 3 second(s)

2017-12-06 15:16:03 - [TEST_STEP][NOT_RUN] - getText: NOT_RUN: getText

2017-12-06 15:16:03 - [MESSAGE][NOT_RUN] - NOT_RUN: getText

2017-12-06 15:16:03 - [TEST_STEP][PASSED] - click: Object: 'Object Repository/Rental/RentalHeader/RentalContract.Unit' is clicked on

2017-12-06 15:16:03 - [MESSAGE][PASSED] - Object: 'Object Repository/Rental/RentalHeader/RentalContract.Unit' is clicked on

2017-12-06 15:16:03 - [TEST_STEP][PASSED] - delay: Delayed 5 second(s)

2017-12-06 15:16:08 - [MESSAGE][PASSED] - Delayed 5 second(s)

2017-12-06 15:16:08 - [TEST_STEP][PASSED] - setText: Text 'MD0018406' is set on object 'Object Repository/Rental/RentalHeader/RentalContract.Unit'

2017-12-06 15:16:08 - [MESSAGE][PASSED] - Text 'MD0018406' is set on object 'Object Repository/Rental/RentalHeader/RentalContract.Unit'

2017-12-06 15:16:08 - [TEST_STEP][PASSED] - delay: Delayed 5 second(s)

2017-12-06 15:16:13 - [MESSAGE][PASSED] - Delayed 5 second(s)

2017-12-06 15:16:13 - [TEST_STEP][PASSED] - scrollToElement: Scroll to object 'Object Repository/Rental/RentalHeader/RentalContract.MultipleInsurence' successfully

2017-12-06 15:16:13 - [MESSAGE][PASSED] - Scroll to object 'Object Repository/Rental/RentalHeader/RentalContract.MultipleInsurence' successfully

2017-12-06 15:16:13 - [TEST_STEP][PASSED] - delay: Delayed 5 second(s)

2017-12-06 15:16:18 - [MESSAGE][PASSED] - Delayed 5 second(s)

2017-12-06 15:16:18 - [TEST_STEP][PASSED] - doubleClick: Object: 'Object Repository/Rental/RentalHeader/RentalContract.MultipleInsurence' is double clicked on

2017-12-06 15:16:18 - [MESSAGE][PASSED] - Object: 'Object Repository/Rental/RentalHeader/RentalContract.MultipleInsurence' is double clicked on

2017-12-06 15:16:18 - [TEST_STEP][PASSED] - delay: Delayed 5 second(s)

2017-12-06 15:16:23 - [MESSAGE][PASSED] - Delayed 5 second(s)

2017-12-06 15:16:23 - [TEST_STEP][PASSED] - click: Object: 'Object Repository/Rental/RentalHeader/RentalContract.MultipleInsurence' is clicked on

2017-12-06 15:16:24 - [MESSAGE][PASSED] - Object: 'Object Repository/Rental/RentalHeader/RentalContract.MultipleInsurence' is clicked on

2017-12-06 15:16:24 - [TEST_STEP][NOT_RUN] - doubleClick: NOT_RUN: doubleClick

2017-12-06 15:16:24 - [MESSAGE][NOT_RUN] - NOT_RUN: doubleClick

2017-12-06 15:16:24 - [TEST_STEP][PASSED] - delay: Delayed 5 second(s)

2017-12-06 15:16:29 - [MESSAGE][PASSED] - Delayed 5 second(s)

2017-12-06 15:16:29 - [TEST_STEP][PASSED] - click: Object: 'Object Repository/Rental/RentalHeader/RentalContract.MultiInsNO' is clicked on

2017-12-06 15:16:29 - [MESSAGE][PASSED] - Object: 'Object Repository/Rental/RentalHeader/RentalContract.MultiInsNO' is clicked on

2017-12-06 15:16:29 - [TEST_STEP][PASSED] - delay: Delayed 5 second(s)

2017-12-06 15:16:34 - [MESSAGE][PASSED] - Delayed 5 second(s)

2017-12-06 15:16:34 - [TEST_STEP][PASSED] - scrollToElement: Scroll to object 'Object Repository/Rental/RentalHeader/RentalContract.GrossRateline' successfully

2017-12-06 15:16:34 - [MESSAGE][PASSED] - Scroll to object 'Object Repository/Rental/RentalHeader/RentalContract.GrossRateline' successfully

2017-12-06 15:16:34 - [TEST_STEP][NOT_RUN] - delay: NOT_RUN: delay

2017-12-06 15:16:34 - [MESSAGE][NOT_RUN] - NOT_RUN: delay

2017-12-06 15:16:34 - [TEST_STEP][PASSED] - doubleClick: Object: 'Object Repository/Rental/RentalHeader/RentalContract.GrossRateline' is double clicked on

2017-12-06 15:16:35 - [MESSAGE][PASSED] - Object: 'Object Repository/Rental/RentalHeader/RentalContract.GrossRateline' is double clicked on

2017-12-06 15:16:35 - [TEST_STEP][PASSED] - delay: Delayed 2 second(s)

2017-12-06 15:16:37 - [MESSAGE][PASSED] - Delayed 2 second(s)

2017-12-06 15:16:37 - [TEST_STEP][PASSED] - click: Object: 'Object Repository/Rental/RentalHeader/RentalContract.GrossRateline' is clicked on

2017-12-06 15:16:37 - [MESSAGE][PASSED] - Object: 'Object Repository/Rental/RentalHeader/RentalContract.GrossRateline' is clicked on

2017-12-06 15:16:37 - [TEST_STEP][PASSED] - delay: Delayed 2 second(s)

2017-12-06 15:16:39 - [MESSAGE][PASSED] - Delayed 2 second(s)

2017-12-06 15:16:39 - [TEST_STEP][PASSED] - setText: Text '100' is set on object 'Object Repository/Rental/RentalHeader/RentalContract.GrossRateline'

2017-12-06 15:16:39 - [MESSAGE][PASSED] - Text '100' is set on object 'Object Repository/Rental/RentalHeader/RentalContract.GrossRateline'

2017-12-06 15:16:39 - [TEST_STEP][PASSED] - delay: Delayed 4 second(s)

2017-12-06 15:16:43 - [MESSAGE][PASSED] - Delayed 4 second(s)

2017-12-06 15:16:43 - [TEST_STEP][PASSED] - click: Object: 'Object Repository/Rental/RentalHeader/RentalContract.SaveHeader' is clicked on

2017-12-06 15:16:43 - [MESSAGE][PASSED] - Object: 'Object Repository/Rental/RentalHeader/RentalContract.SaveHeader' is clicked on

2017-12-06 15:16:43 - [TEST_STEP][PASSED] - delay: Delayed 5 second(s)

2017-12-06 15:16:48 - [MESSAGE][PASSED] - Delayed 5 second(s)

2017-12-06 15:16:48 - [TEST_STEP][PASSED] - click: Object: 'Object Repository/Rental/RentalHeader/RentalContract.Action' is clicked on

2017-12-06 15:16:49 - [MESSAGE][PASSED] - Object: 'Object Repository/Rental/RentalHeader/RentalContract.Action' is clicked on

2017-12-06 15:16:49 - [TEST_STEP][PASSED] - delay: Delayed 8 second(s)

2017-12-06 15:16:57 - [MESSAGE][PASSED] - Delayed 8 second(s)

2017-12-06 15:16:57 - [TEST_STEP][PASSED] - click: Object: 'Object Repository/Rental/RentalHeader/RentalContract.Release' is clicked on

2017-12-06 15:16:57 - [MESSAGE][PASSED] - Object: 'Object Repository/Rental/RentalHeader/RentalContract.Release' is clicked on

2017-12-06 15:16:57 - [TEST_STEP][PASSED] - delay: Delayed 12 second(s)

2017-12-06 15:17:09 - [MESSAGE][PASSED] - Delayed 12 second(s)

2017-12-06 15:17:09 - [TEST_STEP][PASSED] - click: Object: 'Object Repository/Rental/RentalHeader/RentalContract.ActionDelivery' is clicked on

2017-12-06 15:17:09 - [MESSAGE][PASSED] - Object: 'Object Repository/Rental/RentalHeader/RentalContract.ActionDelivery' is clicked on

2017-12-06 15:17:09 - [TEST_STEP][PASSED] - delay: Delayed 6 second(s)

2017-12-06 15:17:15 - [MESSAGE][PASSED] - Delayed 6 second(s)

2017-12-06 15:17:15 - [TEST_STEP][PASSED] - click: Object: 'Object Repository/Rental/RentalHeader/RentalContract.ConfirmDelivery' is clicked on

2017-12-06 15:17:16 - [MESSAGE][PASSED] - Object: 'Object Repository/Rental/RentalHeader/RentalContract.ConfirmDelivery' is clicked on

2017-12-06 15:17:16 - [TEST_STEP][PASSED] - delay: Delayed 8 second(s)

2017-12-06 15:17:24 - [MESSAGE][PASSED] - Delayed 8 second(s)

2017-12-06 15:17:24 - [TEST_STEP][NOT_RUN] - waitForElementPresent: NOT_RUN: waitForElementPresent

2017-12-06 15:17:24 - [MESSAGE][NOT_RUN] - NOT_RUN: waitForElementPresent

2017-12-06 15:17:24 - [TEST_STEP][NOT_RUN] - delay: NOT_RUN: delay

2017-12-06 15:17:24 - [MESSAGE][NOT_RUN] - NOT_RUN: delay

2017-12-06 15:17:24 - [TEST_STEP][PASSED] - click: Object: 'Object Repository/Rental/RentalHeader/RentalContract.DeliveryProceed' is clicked on

2017-12-06 15:17:25 - [MESSAGE][PASSED] - Object: 'Object Repository/Rental/RentalHeader/RentalContract.DeliveryProceed' is clicked on

2017-12-06 15:17:25 - [TEST_STEP][PASSED] - delay: Delayed 12 second(s)

2017-12-06 15:17:37 - [MESSAGE][PASSED] - Delayed 12 second(s)

2017-12-06 15:17:37 - [TEST_STEP][NOT_RUN] - waitForElementPresent: NOT_RUN: waitForElementPresent

2017-12-06 15:17:37 - [MESSAGE][NOT_RUN] - NOT_RUN: waitForElementPresent

2017-12-06 15:17:37 - [TEST_STEP][NOT_RUN] - delay: NOT_RUN: delay

2017-12-06 15:17:37 - [MESSAGE][NOT_RUN] - NOT_RUN: delay

2017-12-06 15:17:37 - [TEST_STEP][NOT_RUN] - click: NOT_RUN: click

2017-12-06 15:17:37 - [MESSAGE][NOT_RUN] - NOT_RUN: click

2017-12-06 15:17:37 - [TEST_STEP][PASSED] - delay: Delayed 8 second(s)

2017-12-06 15:17:45 - [MESSAGE][PASSED] - Delayed 8 second(s)

2017-12-06 15:17:45 - [TEST_STEP][PASSED] - click: Object: 'Object Repository/Rental/RentalHeader/RentalContract.InspetionReportClose' is clicked on

2017-12-06 15:17:45 - [MESSAGE][PASSED] - Object: 'Object Repository/Rental/RentalHeader/RentalContract.InspetionReportClose' is clicked on

2017-12-06 15:17:45 - [TEST_STEP][PASSED] - delay: Delayed 5 second(s)

2017-12-06 15:17:50 - [MESSAGE][PASSED] - Delayed 5 second(s)

2017-12-06 15:17:50 - [TEST_STEP][PASSED] - click: Object: 'Object Repository/Rental/RentalHeader/RentalContract.BillofLaddingClosed' is clicked on

2017-12-06 15:17:50 - [MESSAGE][PASSED] - Object: 'Object Repository/Rental/RentalHeader/RentalContract.BillofLaddingClosed' is clicked on

2017-12-06 15:17:50 - [TEST_STEP][PASSED] - delay: Delayed 5 second(s)

2017-12-06 15:17:55 - [MESSAGE][PASSED] - Delayed 5 second(s)

2017-12-06 15:17:55 - [TEST_STEP][PASSED] - click: Object: 'Object Repository/Rental/RentalHeader/RentalContract.EqipRentalMemoclosed' is clicked on

2017-12-06 15:17:55 - [MESSAGE][PASSED] - Object: 'Object Repository/Rental/RentalHeader/RentalContract.EqipRentalMemoclosed' is clicked on

2017-12-06 15:17:55 - [TEST_STEP][PASSED] - delay: Delayed 5 second(s)

2017-12-06 15:18:00 - [MESSAGE][PASSED] - Delayed 5 second(s)

2017-12-06 15:18:00 - [TEST_STEP][PASSED] - click: Object: 'Object Repository/Rental/RentalHeader/RentalContract.InspectionOrdergnerated' is clicked on

2017-12-06 15:18:01 - [MESSAGE][PASSED] - Object: 'Object Repository/Rental/RentalHeader/RentalContract.InspectionOrdergnerated' is clicked on

2017-12-06 15:18:01 - [MESSAGE][PASSED] - Call Test Case 'Test Cases/Rental/Base_RentalContract/Base_CreateRentalHeader' successfully

2017-12-06 15:18:01 - [TEST_STEP][PASSED] - delay: Delayed 4 second(s)

2017-12-06 15:18:05 - [MESSAGE][PASSED] - Delayed 4 second(s)

2017-12-06 15:18:05 - [TEST_STEP][PASSED] - click: Object: 'Object Repository/Rental/RentalHeader/RentalInvoice/RentalInvoice.InvoicingscheduleTab' is clicked on

2017-12-06 15:18:05 - [MESSAGE][PASSED] - Object: 'Object Repository/Rental/RentalHeader/RentalInvoice/RentalInvoice.InvoicingscheduleTab' is clicked on

2017-12-06 15:18:05 - [TEST_STEP][PASSED] - delay: Delayed 4 second(s)

2017-12-06 15:18:09 - [MESSAGE][PASSED] - Delayed 4 second(s)

2017-12-06 15:18:09 - [TEST_STEP][PASSED] - click: Object: 'Object Repository/Rental/RentalHeader/RentalInvoice/RentalInvoice.Action' is clicked on

2017-12-06 15:18:09 - [MESSAGE][PASSED] - Object: 'Object Repository/Rental/RentalHeader/RentalInvoice/RentalInvoice.Action' is clicked on

2017-12-06 15:18:09 - [TEST_STEP][PASSED] - delay: Delayed 4 second(s)

2017-12-06 15:18:13 - [MESSAGE][PASSED] - Delayed 4 second(s)

2017-12-06 15:18:13 - [TEST_STEP][PASSED] - click: Object: 'Object Repository/Rental/RentalHeader/RentalInvoice/RentalInvoice.ProcessInvoice' is clicked on

2017-12-06 15:18:13 - [MESSAGE][PASSED] - Object: 'Object Repository/Rental/RentalHeader/RentalInvoice/RentalInvoice.ProcessInvoice' is clicked on

2017-12-06 15:18:13 - [TEST_STEP][PASSED] - delay: Delayed 4 second(s)

2017-12-06 15:18:17 - [MESSAGE][PASSED] - Delayed 4 second(s)

2017-12-06 15:18:17 - [TEST_STEP][PASSED] - click: Object: 'Object Repository/Rental/RentalHeader/RentalInvoice/RentalInvoice.ProcessInvoice2' is clicked on

2017-12-06 15:18:18 - [MESSAGE][PASSED] - Object: 'Object Repository/Rental/RentalHeader/RentalInvoice/RentalInvoice.ProcessInvoice2' is clicked on

2017-12-06 15:18:18 - [TEST_STEP][PASSED] - delay: Delayed 0 second(s)

2017-12-06 15:18:18 - [MESSAGE][PASSED] - Delayed 0 second(s)

2017-12-06 15:18:18 - [TEST_STEP][PASSED] - click: Object: 'Object Repository/Rental/RentalHeader/RentalInvoice/RentalInvoice.InvoiceProcessYES' is clicked on

2017-12-06 15:18:19 - [MESSAGE][PASSED] - Object: 'Object Repository/Rental/RentalHeader/RentalInvoice/RentalInvoice.InvoiceProcessYES' is clicked on

2017-12-06 15:18:19 - [TEST_STEP][PASSED] - delay: Delayed 0 second(s)

2017-12-06 15:18:19 - [MESSAGE][PASSED] - Delayed 0 second(s)

2017-12-06 15:18:19 - [TEST_STEP][PASSED] - setText: Text 'PUBL' is set on object 'Object Repository/Rental/RentalHeader/RentalInvoice/ServiceCreditCard.PaymentGateway'

2017-12-06 15:18:20 - [MESSAGE][PASSED] - Text 'PUBL' is set on object 'Object Repository/Rental/RentalHeader/RentalInvoice/ServiceCreditCard.PaymentGateway'

2017-12-06 15:18:20 - [TEST_STEP][NOT_RUN] - sendKeys: NOT_RUN: sendKeys

2017-12-06 15:18:20 - [MESSAGE][NOT_RUN] - NOT_RUN: sendKeys

2017-12-06 15:18:20 - [TEST_STEP][PASSED] - doubleClick: Object: 'Object Repository/Rental/RentalHeader/RentalInvoice/ServiceCreditCard.CardType' is double clicked on

2017-12-06 15:18:20 - [MESSAGE][PASSED] - Object: 'Object Repository/Rental/RentalHeader/RentalInvoice/ServiceCreditCard.CardType' is double clicked on

2017-12-06 15:18:20 - [TEST_STEP][PASSED] - setText: Text 'Visa Card' is set on object 'Object Repository/Rental/RentalHeader/RentalInvoice/ServiceCreditCard.CardType'

2017-12-06 15:18:20 - [MESSAGE][PASSED] - Text 'Visa Card' is set on object 'Object Repository/Rental/RentalHeader/RentalInvoice/ServiceCreditCard.CardType'

2017-12-06 15:18:20 - [TEST_STEP][PASSED] - delay: Delayed 2 second(s)

2017-12-06 15:18:22 - [MESSAGE][PASSED] - Delayed 2 second(s)

2017-12-06 15:18:22 - [TEST_STEP][PASSED] - doubleClick: Object: 'Object Repository/Rental/RentalHeader/RentalInvoice/ServiceCreditCard.Enter CC No' is double clicked on

2017-12-06 15:18:23 - [MESSAGE][PASSED] - Object: 'Object Repository/Rental/RentalHeader/RentalInvoice/ServiceCreditCard.Enter CC No' is double clicked on

2017-12-06 15:18:23 - [TEST_STEP][PASSED] - setText: Text '4012000033330026' is set on object 'Object Repository/Rental/RentalHeader/RentalInvoice/ServiceCreditCard.Enter CC No'

2017-12-06 15:18:23 - [MESSAGE][PASSED] - Text '4012000033330026' is set on object 'Object Repository/Rental/RentalHeader/RentalInvoice/ServiceCreditCard.Enter CC No'

2017-12-06 15:18:23 - [TEST_STEP][PASSED] - delay: Delayed 5 second(s)

2017-12-06 15:18:28 - [MESSAGE][PASSED] - Delayed 5 second(s)

2017-12-06 15:18:28 - [TEST_STEP][PASSED] - click: Object: 'Object Repository/Rental/RentalHeader/RentalInvoice/ServiceCreditCard.CVV2' is clicked on

2017-12-06 15:18:28 - [MESSAGE][PASSED] - Object: 'Object Repository/Rental/RentalHeader/RentalInvoice/ServiceCreditCard.CVV2' is clicked on

2017-12-06 15:18:28 - [TEST_STEP][PASSED] - setText: Text '456' is set on object 'Object Repository/Rental/RentalHeader/RentalInvoice/ServiceCreditCard.CVV2'

2017-12-06 15:18:29 - [MESSAGE][PASSED] - Text '456' is set on object 'Object Repository/Rental/RentalHeader/RentalInvoice/ServiceCreditCard.CVV2'

2017-12-06 15:18:29 - [TEST_STEP][NOT_RUN] - sendKeys: NOT_RUN: sendKeys

2017-12-06 15:18:29 - [MESSAGE][NOT_RUN] - NOT_RUN: sendKeys

2017-12-06 15:18:29 - [TEST_STEP][NOT_RUN] - delay: NOT_RUN: delay

2017-12-06 15:18:29 - [MESSAGE][NOT_RUN] - NOT_RUN: delay

2017-12-06 15:18:29 - [TEST_STEP][PASSED] - delay: Delayed 8 second(s)

2017-12-06 15:18:37 - [MESSAGE][PASSED] - Delayed 8 second(s)

2017-12-06 15:18:37 - [TEST_STEP][PASSED] - setText: Text '09' is set on object 'Object Repository/Rental/RentalHeader/RentalInvoice/ServiceCreditCard.ExpiryMonth'

2017-12-06 15:18:37 - [MESSAGE][PASSED] - Text '09' is set on object 'Object Repository/Rental/RentalHeader/RentalInvoice/ServiceCreditCard.ExpiryMonth'

2017-12-06 15:18:37 - [TEST_STEP][PASSED] - setText: Text '99' is set on object 'Object Repository/Rental/RentalHeader/RentalInvoice/ServiceCreditCard.ExpiryYear'

2017-12-06 15:18:37 - [MESSAGE][PASSED] - Text '99' is set on object 'Object Repository/Rental/RentalHeader/RentalInvoice/ServiceCreditCard.ExpiryYear'

2017-12-06 15:18:37 - [TEST_STEP][NOT_RUN] - click: NOT_RUN: click

2017-12-06 15:18:37 - [MESSAGE][NOT_RUN] - NOT_RUN: click

2017-12-06 15:18:37 - [TEST_STEP][NOT_RUN] - delay: NOT_RUN: delay

2017-12-06 15:18:37 - [MESSAGE][NOT_RUN] - NOT_RUN: delay

2017-12-06 15:18:37 - [TEST_STEP][NOT_RUN] - click: NOT_RUN: click

2017-12-06 15:18:37 - [MESSAGE][NOT_RUN] - NOT_RUN: click

2017-12-06 15:18:37 - [TEST_STEP][NOT_RUN] - delay: NOT_RUN: delay

2017-12-06 15:18:37 - [MESSAGE][NOT_RUN] - NOT_RUN: delay

2017-12-06 15:18:37 - [TEST_STEP][NOT_RUN] - click: NOT_RUN: click

2017-12-06 15:18:37 - [MESSAGE][NOT_RUN] - NOT_RUN: click

2017-12-06 15:18:37 - [TEST_STEP][NOT_RUN] - delay: NOT_RUN: delay

2017-12-06 15:18:37 - [MESSAGE][NOT_RUN] - NOT_RUN: delay

2017-12-06 15:18:37 - [TEST_STEP][NOT_RUN] - click: NOT_RUN: click

2017-12-06 15:18:37 - [MESSAGE][NOT_RUN] - NOT_RUN: click

2017-12-06 15:18:37 - [TEST_STEP][NOT_RUN] - delay: NOT_RUN: delay

2017-12-06 15:18:37 - [MESSAGE][NOT_RUN] - NOT_RUN: delay

2017-12-06 15:18:37 - [TEST_STEP][NOT_RUN] - closeBrowser: NOT_RUN: closeBrowser

2017-12-06 15:18:37 - [MESSAGE][NOT_RUN] - NOT_RUN: closeBrowser

2017-12-06 15:18:37 - [MESSAGE][PASSED] - Call Test Case 'Test Cases/Rental/Base_RentalContract/Base_CreateRentalInvoice_HeaderlineInvoice_SplitTender' successfully

2017-12-06 15:18:37 - [TEST_STEP][FAILED] - callTestCase: Unable to call Test Case with id 'Test Cases/Rental/Base_RentalContract/Base_CreateRentalInvoicewithSpitTenderDetails_SplitTender' (Root cause: Call Test Case 'Test Cases/Rental/Base_RentalContract/Base_CreateRentalInvoicewithSpitTenderDetails_SplitTender' failed)

2017-12-06 15:18:37 - [TEST_CASE][FAILED] - Test Cases/Rental/Base_RentalContract/Base_CreateRentalInvoicewithSpitTenderDetails_SplitTender: Test Cases/Rental/Base_RentalContract/Base_CreateRentalInvoicewithSpitTenderDetails_SplitTender FAILED because (of) Unable to set text '108.0' of object 'Object Repository/Rental/Rental_SplitTenderDetails/SplitTender.LineOrderAmount3' (Root cause: org.openqa.selenium.InvalidElementStateException: Element must be user-editable in order to clear it.
Command duration or timeout: 30 milliseconds
Build info: version: 'unknown', revision: 'unknown', time: 'unknown'
System info: host: 'ANIL110', ip: '192.168.25.228', os.name: 'Windows 7', os.arch: 'amd64', os.version: '6.1', java.version: '1.8.0_102'
Driver info: com.kms.katalon.core.webui.driver.firefox.CFirefoxDriver47
Capabilities [{applicationCacheEnabled=true, rotatable=false, handlesAlerts=true, databaseEnabled=true, version=56.0, platform=WINDOWS, nativeEvents=false, acceptSslCerts=true, webStorageEnabled=true, locationContextEnabled=true, browserName=firefox, takesScreenshot=true, javascriptEnabled=true, cssSelectorsEnabled=true}]
Session ID: d8750120-b361-44d5-8ee2-aab3d7c11b7c)

2017-12-06 15:18:38 - [TEST_STEP][PASSED] - delay: Delayed 5 second(s)

2017-12-06 15:18:43 - [MESSAGE][PASSED] - Delayed 5 second(s)

2017-12-06 15:18:43 - [TEST_STEP][PASSED] - doubleClick: Object: 'Object Repository/Rental/Rental_SplitTenderDetails/SplitTenderDetails' is double clicked on

2017-12-06 15:18:43 - [MESSAGE][PASSED] - Object: 'Object Repository/Rental/Rental_SplitTenderDetails/SplitTenderDetails' is double clicked on

2017-12-06 15:18:43 - [TEST_STEP][PASSED] - click: Object: 'Object Repository/Rental/Rental_SplitTenderDetails/SplitTenderDetails.Yes' is clicked on

2017-12-06 15:18:43 - [MESSAGE][PASSED] - Object: 'Object Repository/Rental/Rental_SplitTenderDetails/SplitTenderDetails.Yes' is clicked on

2017-12-06 15:18:43 - [TEST_STEP][PASSED] - delay: Delayed 3 second(s)

2017-12-06 15:18:46 - [MESSAGE][PASSED] - Delayed 3 second(s)

2017-12-06 15:18:46 - [TEST_STEP][PASSED] - click: Object: 'Object Repository/Rental/Rental_SplitTenderDetails/SplitTender.LineSession' is clicked on

2017-12-06 15:18:47 - [MESSAGE][PASSED] - Object: 'Object Repository/Rental/Rental_SplitTenderDetails/SplitTender.LineSession' is clicked on

2017-12-06 15:18:47 - [TEST_STEP][PASSED] - delay: Delayed 2 second(s)

2017-12-06 15:18:49 - [MESSAGE][PASSED] - Delayed 2 second(s)

2017-12-06 15:18:49 - [TEST_STEP][PASSED] - Statement - G_OrderAmt = com.kms.katalon.core.webui.keyword.WebUiBuiltInKeywords.getText(com.kms.katalon.core.testobject.ObjectRepository.findTestObject(Rental/Rental_SplitTenderDetails/SplitTender.OrderAmtHeader), CONTINUE_ON_FAILURE): Text of object 'Object Repository/Rental/Rental_SplitTenderDetails/SplitTender.OrderAmtHeader' is: '110.00'

2017-12-06 15:18:49 - [MESSAGE][PASSED] - Text of object 'Object Repository/Rental/Rental_SplitTenderDetails/SplitTender.OrderAmtHeader' is: '110.00'

2017-12-06 15:18:49 - [TEST_STEP][PASSED] - Statement - G_SplitOrderAmt2 = G_OrderAmt - 2: null

2017-12-06 15:18:49 - [TEST_STEP][PASSED] - comment: ***********************Line1 started***********************

2017-12-06 15:18:49 - [TEST_STEP][PASSED] - click: Object: 'Object Repository/Rental/Rental_SplitTenderDetails/SplitTender.NewButton' is clicked on

2017-12-06 15:18:49 - [MESSAGE][PASSED] - Object: 'Object Repository/Rental/Rental_SplitTenderDetails/SplitTender.NewButton' is clicked on

2017-12-06 15:18:49 - [TEST_STEP][PASSED] - delay: Delayed 2 second(s)

2017-12-06 15:18:51 - [MESSAGE][PASSED] - Delayed 2 second(s)

2017-12-06 15:18:51 - [TEST_STEP][PASSED] - doubleClick: Object: 'Object Repository/Rental/Rental_SplitTenderDetails/SplitTender.ModeofPayment' is double clicked on

2017-12-06 15:18:52 - [MESSAGE][PASSED] - Object: 'Object Repository/Rental/Rental_SplitTenderDetails/SplitTender.ModeofPayment' is double clicked on

2017-12-06 15:18:52 - [TEST_STEP][PASSED] - delay: Delayed 2 second(s)

2017-12-06 15:18:54 - [MESSAGE][PASSED] - Delayed 2 second(s)

2017-12-06 15:18:54 - [TEST_STEP][PASSED] - click: Object: 'Object Repository/Rental/Rental_SplitTenderDetails/SplitTender.ModeOfPaymentCreditCard1' is clicked on

2017-12-06 15:18:54 - [MESSAGE][PASSED] - Object: 'Object Repository/Rental/Rental_SplitTenderDetails/SplitTender.ModeOfPaymentCreditCard1' is clicked on

2017-12-06 15:18:54 - [TEST_STEP][PASSED] - delay: Delayed 2 second(s)

2017-12-06 15:18:56 - [MESSAGE][PASSED] - Delayed 2 second(s)

2017-12-06 15:18:56 - [TEST_STEP][PASSED] - click: Object: 'Object Repository/Rental/Rental_SplitTenderDetails/SplitTender.LineCCNo' is clicked on

2017-12-06 15:18:56 - [MESSAGE][PASSED] - Object: 'Object Repository/Rental/Rental_SplitTenderDetails/SplitTender.LineCCNo' is clicked on

2017-12-06 15:18:56 - [TEST_STEP][PASSED] - delay: Delayed 2 second(s)

2017-12-06 15:18:58 - [MESSAGE][PASSED] - Delayed 2 second(s)

2017-12-06 15:18:58 - [TEST_STEP][PASSED] - setText: Text '4012000033330026' is set on object 'Object Repository/Rental/Rental_SplitTenderDetails/SplitTender.LineCCNo'

2017-12-06 15:18:59 - [MESSAGE][PASSED] - Text '4012000033330026' is set on object 'Object Repository/Rental/Rental_SplitTenderDetails/SplitTender.LineCCNo'

2017-12-06 15:18:59 - [TEST_STEP][PASSED] - delay: Delayed 5 second(s)

2017-12-06 15:19:04 - [MESSAGE][PASSED] - Delayed 5 second(s)

2017-12-06 15:19:04 - [TEST_STEP][PASSED] - doubleClick: Object: 'Object Repository/Rental/Rental_SplitTenderDetails/SplitTender.LineCVV' is double clicked on

2017-12-06 15:19:04 - [MESSAGE][PASSED] - Object: 'Object Repository/Rental/Rental_SplitTenderDetails/SplitTender.LineCVV' is double clicked on

2017-12-06 15:19:04 - [TEST_STEP][PASSED] - delay: Delayed 2 second(s)

2017-12-06 15:19:06 - [MESSAGE][PASSED] - Delayed 2 second(s)

2017-12-06 15:19:06 - [TEST_STEP][PASSED] - setText: Text '456' is set on object 'Object Repository/Rental/Rental_SplitTenderDetails/SplitTender.LineCVV'

2017-12-06 15:19:06 - [MESSAGE][PASSED] - Text '456' is set on object 'Object Repository/Rental/Rental_SplitTenderDetails/SplitTender.LineCVV'

2017-12-06 15:19:06 - [TEST_STEP][PASSED] - delay: Delayed 5 second(s)

2017-12-06 15:19:11 - [MESSAGE][PASSED] - Delayed 5 second(s)

2017-12-06 15:19:11 - [TEST_STEP][PASSED] - scrollToElement: Scroll to object 'Object Repository/Rental/Rental_SplitTenderDetails/SplitTender.LineOrderAmount1' successfully

2017-12-06 15:19:12 - [MESSAGE][PASSED] - Scroll to object 'Object Repository/Rental/Rental_SplitTenderDetails/SplitTender.LineOrderAmount1' successfully

2017-12-06 15:19:12 - [TEST_STEP][PASSED] - delay: Delayed 5 second(s)

2017-12-06 15:19:17 - [MESSAGE][PASSED] - Delayed 5 second(s)

2017-12-06 15:19:17 - [TEST_STEP][PASSED] - click: Object: 'Object Repository/Rental/Rental_SplitTenderDetails/SplitTender.LineOrderAmount1' is clicked on

2017-12-06 15:19:17 - [MESSAGE][PASSED] - Object: 'Object Repository/Rental/Rental_SplitTenderDetails/SplitTender.LineOrderAmount1' is clicked on

2017-12-06 15:19:17 - [TEST_STEP][PASSED] - delay: Delayed 3 second(s)

2017-12-06 15:19:20 - [MESSAGE][PASSED] - Delayed 3 second(s)

2017-12-06 15:19:20 - [TEST_STEP][PASSED] - sendKeys: Keys '1.00' sent to object: 'Object Repository/Rental/Rental_SplitTenderDetails/SplitTender.LineOrderAmount1'

2017-12-06 15:19:20 - [MESSAGE][PASSED] - Keys '1.00' sent to object: 'Object Repository/Rental/Rental_SplitTenderDetails/SplitTender.LineOrderAmount1'

2017-12-06 15:19:20 - [TEST_STEP][PASSED] - delay: Delayed 2 second(s)

2017-12-06 15:19:22 - [MESSAGE][PASSED] - Delayed 2 second(s)

2017-12-06 15:19:22 - [TEST_STEP][PASSED] - comment: ***********************Line2 started***********************

2017-12-06 15:19:22 - [TEST_STEP][PASSED] - click: Object: 'Object Repository/Rental/Rental_SplitTenderDetails/SplitTender.NewButton' is clicked on

2017-12-06 15:19:22 - [MESSAGE][PASSED] - Object: 'Object Repository/Rental/Rental_SplitTenderDetails/SplitTender.NewButton' is clicked on

2017-12-06 15:19:22 - [TEST_STEP][PASSED] - delay: Delayed 2 second(s)

2017-12-06 15:19:24 - [MESSAGE][PASSED] - Delayed 2 second(s)

2017-12-06 15:19:24 - [TEST_STEP][PASSED] - doubleClick: Object: 'Object Repository/Rental/Rental_SplitTenderDetails/SplitTender.ModeofPayment1' is double clicked on

2017-12-06 15:19:25 - [MESSAGE][PASSED] - Object: 'Object Repository/Rental/Rental_SplitTenderDetails/SplitTender.ModeofPayment1' is double clicked on

2017-12-06 15:19:25 - [TEST_STEP][PASSED] - click: Object: 'Object Repository/Rental/Rental_SplitTenderDetails/SplitTender.ModeOfPaymentCreditCard2' is clicked on

2017-12-06 15:19:25 - [MESSAGE][PASSED] - Object: 'Object Repository/Rental/Rental_SplitTenderDetails/SplitTender.ModeOfPaymentCreditCard2' is clicked on

2017-12-06 15:19:25 - [TEST_STEP][PASSED] - delay: Delayed 3 second(s)

2017-12-06 15:19:28 - [MESSAGE][PASSED] - Delayed 3 second(s)

2017-12-06 15:19:28 - [TEST_STEP][PASSED] - click: Object: 'Object Repository/Rental/Rental_SplitTenderDetails/SplitTender.Line2CCNo' is clicked on

2017-12-06 15:19:28 - [MESSAGE][PASSED] - Object: 'Object Repository/Rental/Rental_SplitTenderDetails/SplitTender.Line2CCNo' is clicked on

2017-12-06 15:19:28 - [TEST_STEP][PASSED] - delay: Delayed 2 second(s)

2017-12-06 15:19:30 - [MESSAGE][PASSED] - Delayed 2 second(s)

2017-12-06 15:19:30 - [TEST_STEP][PASSED] - setText: Text '4111123400062020' is set on object 'Object Repository/Rental/Rental_SplitTenderDetails/SplitTender.Line2CCNo'

2017-12-06 15:19:31 - [MESSAGE][PASSED] - Text '4111123400062020' is set on object 'Object Repository/Rental/Rental_SplitTenderDetails/SplitTender.Line2CCNo'

2017-12-06 15:19:31 - [TEST_STEP][PASSED] - delay: Delayed 2 second(s)

2017-12-06 15:19:33 - [MESSAGE][PASSED] - Delayed 2 second(s)

2017-12-06 15:19:33 - [TEST_STEP][PASSED] - click: Object: 'Object Repository/Rental/Rental_SplitTenderDetails/SplitTender.Line2CVV' is clicked on

2017-12-06 15:19:33 - [MESSAGE][PASSED] - Object: 'Object Repository/Rental/Rental_SplitTenderDetails/SplitTender.Line2CVV' is clicked on

2017-12-06 15:19:33 - [TEST_STEP][PASSED] - delay: Delayed 3 second(s)

2017-12-06 15:19:36 - [MESSAGE][PASSED] - Delayed 3 second(s)

2017-12-06 15:19:36 - [TEST_STEP][PASSED] - setText: Text '456' is set on object 'Object Repository/Rental/Rental_SplitTenderDetails/SplitTender.Line2CVV'

2017-12-06 15:19:36 - [MESSAGE][PASSED] - Text '456' is set on object 'Object Repository/Rental/Rental_SplitTenderDetails/SplitTender.Line2CVV'

2017-12-06 15:19:36 - [TEST_STEP][PASSED] - delay: Delayed 3 second(s)

2017-12-06 15:19:39 - [MESSAGE][PASSED] - Delayed 3 second(s)

2017-12-06 15:19:39 - [TEST_STEP][PASSED] - click: Object: 'Object Repository/Rental/Rental_SplitTenderDetails/SplitTender.CardTypeLine2' is clicked on

2017-12-06 15:19:40 - [MESSAGE][PASSED] - Object: 'Object Repository/Rental/Rental_SplitTenderDetails/SplitTender.CardTypeLine2' is clicked on

2017-12-06 15:19:40 - [TEST_STEP][PASSED] - delay: Delayed 5 second(s)

2017-12-06 15:19:45 - [MESSAGE][PASSED] - Delayed 5 second(s)

2017-12-06 15:19:45 - [TEST_STEP][PASSED] - sendKeys: Keys 'Visa' sent to object: 'Object Repository/Rental/Rental_SplitTenderDetails/SplitTender.CardTypeLine2'

2017-12-06 15:19:45 - [MESSAGE][PASSED] - Keys 'Visa' sent to object: 'Object Repository/Rental/Rental_SplitTenderDetails/SplitTender.CardTypeLine2'

2017-12-06 15:19:45 - [TEST_STEP][PASSED] - delay: Delayed 5 second(s)

2017-12-06 15:19:50 - [MESSAGE][PASSED] - Delayed 5 second(s)

2017-12-06 15:19:50 - [TEST_STEP][PASSED] - click: Object: 'Object Repository/Rental/Rental_SplitTenderDetails/SplitTender.ExpiryMonthLine2' is clicked on

2017-12-06 15:19:50 - [MESSAGE][PASSED] - Object: 'Object Repository/Rental/Rental_SplitTenderDetails/SplitTender.ExpiryMonthLine2' is clicked on

2017-12-06 15:19:50 - [TEST_STEP][PASSED] - delay: Delayed 3 second(s)

2017-12-06 15:19:53 - [MESSAGE][PASSED] - Delayed 3 second(s)

2017-12-06 15:19:53 - [TEST_STEP][PASSED] - setText: Text '09' is set on object 'Object Repository/Rental/Rental_SplitTenderDetails/SplitTender.ExpiryMonthLine2'

2017-12-06 15:19:53 - [MESSAGE][PASSED] - Text '09' is set on object 'Object Repository/Rental/Rental_SplitTenderDetails/SplitTender.ExpiryMonthLine2'

2017-12-06 15:19:53 - [TEST_STEP][PASSED] - delay: Delayed 2 second(s)

2017-12-06 15:19:55 - [MESSAGE][PASSED] - Delayed 2 second(s)

2017-12-06 15:19:55 - [TEST_STEP][PASSED] - click: Object: 'Object Repository/Rental/Rental_SplitTenderDetails/SplitTender.ExpiryYearLine2' is clicked on

2017-12-06 15:19:56 - [MESSAGE][PASSED] - Object: 'Object Repository/Rental/Rental_SplitTenderDetails/SplitTender.ExpiryYearLine2' is clicked on

2017-12-06 15:19:56 - [TEST_STEP][PASSED] - delay: Delayed 2 second(s)

2017-12-06 15:19:58 - [MESSAGE][PASSED] - Delayed 2 second(s)

2017-12-06 15:19:58 - [TEST_STEP][PASSED] - setText: Text '99' is set on object 'Object Repository/Rental/Rental_SplitTenderDetails/SplitTender.ExpiryYearLine2'

2017-12-06 15:19:58 - [MESSAGE][PASSED] - Text '99' is set on object 'Object Repository/Rental/Rental_SplitTenderDetails/SplitTender.ExpiryYearLine2'

2017-12-06 15:19:58 - [TEST_STEP][PASSED] - delay: Delayed 3 second(s)

2017-12-06 15:20:01 - [MESSAGE][PASSED] - Delayed 3 second(s)

2017-12-06 15:20:01 - [TEST_STEP][PASSED] - scrollToElement: Scroll to object 'Object Repository/Rental/Rental_SplitTenderDetails/SplitTender.LineOrderAmount2' successfully

2017-12-06 15:20:01 - [MESSAGE][PASSED] - Scroll to object 'Object Repository/Rental/Rental_SplitTenderDetails/SplitTender.LineOrderAmount2' successfully

2017-12-06 15:20:01 - [TEST_STEP][PASSED] - delay: Delayed 5 second(s)

2017-12-06 15:20:06 - [MESSAGE][PASSED] - Delayed 5 second(s)

2017-12-06 15:20:06 - [TEST_STEP][PASSED] - click: Object: 'Object Repository/Rental/Rental_SplitTenderDetails/SplitTender.LineOrderAmount2' is clicked on

2017-12-06 15:20:06 - [MESSAGE][PASSED] - Object: 'Object Repository/Rental/Rental_SplitTenderDetails/SplitTender.LineOrderAmount2' is clicked on

2017-12-06 15:20:06 - [TEST_STEP][PASSED] - delay: Delayed 5 second(s)

2017-12-06 15:20:11 - [MESSAGE][PASSED] - Delayed 5 second(s)

2017-12-06 15:20:11 - [TEST_STEP][PASSED] - sendKeys: Keys '1.00' sent to object: 'Object Repository/Rental/Rental_SplitTenderDetails/SplitTender.LineOrderAmount2'

2017-12-06 15:20:11 - [MESSAGE][PASSED] - Keys '1.00' sent to object: 'Object Repository/Rental/Rental_SplitTenderDetails/SplitTender.LineOrderAmount2'

2017-12-06 15:20:11 - [TEST_STEP][PASSED] - delay: Delayed 5 second(s)

2017-12-06 15:20:16 - [MESSAGE][PASSED] - Delayed 5 second(s)

2017-12-06 15:20:17 - [TEST_STEP][PASSED] - comment: ***********************Line3 started***********************

2017-12-06 15:20:17 - [TEST_STEP][PASSED] - click: Object: 'Object Repository/Rental/Rental_SplitTenderDetails/SplitTender.NewButton' is clicked on

2017-12-06 15:20:17 - [MESSAGE][PASSED] - Object: 'Object Repository/Rental/Rental_SplitTenderDetails/SplitTender.NewButton' is clicked on

2017-12-06 15:20:17 - [TEST_STEP][PASSED] - delay: Delayed 3 second(s)

2017-12-06 15:20:20 - [MESSAGE][PASSED] - Delayed 3 second(s)

2017-12-06 15:20:20 - [TEST_STEP][PASSED] - doubleClick: Object: 'Object Repository/Rental/Rental_SplitTenderDetails/SplitTender.ModeofPayment2' is double clicked on

2017-12-06 15:20:22 - [MESSAGE][PASSED] - Object: 'Object Repository/Rental/Rental_SplitTenderDetails/SplitTender.ModeofPayment2' is double clicked on

2017-12-06 15:20:22 - [TEST_STEP][PASSED] - delay: Delayed 5 second(s)

2017-12-06 15:20:27 - [MESSAGE][PASSED] - Delayed 5 second(s)

2017-12-06 15:20:27 - [TEST_STEP][NOT_RUN] - click: NOT_RUN: click

2017-12-06 15:20:27 - [MESSAGE][NOT_RUN] - NOT_RUN: click

2017-12-06 15:20:27 - [TEST_STEP][PASSED] - click: Object: 'Object Repository/Rental/Rental_SplitTenderDetails/SplitTender.ModeOfPaymentCash' is clicked on

2017-12-06 15:20:27 - [MESSAGE][PASSED] - Object: 'Object Repository/Rental/Rental_SplitTenderDetails/SplitTender.ModeOfPaymentCash' is clicked on

2017-12-06 15:20:27 - [TEST_STEP][PASSED] - delay: Delayed 10 second(s)

2017-12-06 15:20:37 - [MESSAGE][PASSED] - Delayed 10 second(s)

2017-12-06 15:20:37 - [TEST_STEP][NOT_RUN] - scrollToElement: NOT_RUN: scrollToElement

2017-12-06 15:20:37 - [MESSAGE][NOT_RUN] - NOT_RUN: scrollToElement

2017-12-06 15:20:37 - [TEST_STEP][PASSED] - click: Object: 'Object Repository/Rental/Rental_SplitTenderDetails/SplitTender.LineOrderAmount3' is clicked on

2017-12-06 15:20:38 - [MESSAGE][PASSED] - Object: 'Object Repository/Rental/Rental_SplitTenderDetails/SplitTender.LineOrderAmount3' is clicked on

2017-12-06 15:20:38 - [TEST_STEP][PASSED] - delay: Delayed 2 second(s)

2017-12-06 15:20:40 - [MESSAGE][PASSED] - Delayed 2 second(s)

2017-12-06 15:20:40 - [TEST_STEP][FAILED] - setText: Unable to set text '108.0' of object 'Object Repository/Rental/Rental_SplitTenderDetails/SplitTender.LineOrderAmount3' (Root cause: org.openqa.selenium.InvalidElementStateException: Element must be user-editable in order to clear it.
Command duration or timeout: 30 milliseconds
Build info: version: 'unknown', revision: 'unknown', time: 'unknown'
System info: host: 'ANIL110', ip: '192.168.25.228', os.name: 'Windows 7', os.arch: 'amd64', os.version: '6.1', java.version: '1.8.0_102'
Driver info: com.kms.katalon.core.webui.driver.firefox.CFirefoxDriver47
Capabilities [{applicationCacheEnabled=true, rotatable=false, handlesAlerts=true, databaseEnabled=true, version=56.0, platform=WINDOWS, nativeEvents=false, acceptSslCerts=true, webStorageEnabled=true, locationContextEnabled=true, browserName=firefox, takesScreenshot=true, javascriptEnabled=true, cssSelectorsEnabled=true}]
Session ID: d8750120-b361-44d5-8ee2-aab3d7c11b7c)

2017-12-06 15:20:40 - [MESSAGE][FAILED] - Unable to set text '108.0' of object 'Object Repository/Rental/Rental_SplitTenderDetails/SplitTender.LineOrderAmount3' (Root cause: org.openqa.selenium.InvalidElementStateException: Element must be user-editable in order to clear it.
Command duration or timeout: 30 milliseconds
Build info: version: 'unknown', revision: 'unknown', time: 'unknown'
System info: host: 'ANIL110', ip: '192.168.25.228', os.name: 'Windows 7', os.arch: 'amd64', os.version: '6.1', java.version: '1.8.0_102'
Driver info: com.kms.katalon.core.webui.driver.firefox.CFirefoxDriver47
Capabilities [{applicationCacheEnabled=true, rotatable=false, handlesAlerts=true, databaseEnabled=true, version=56.0, platform=WINDOWS, nativeEvents=false, acceptSslCerts=true, webStorageEnabled=true, locationContextEnabled=true, browserName=firefox, takesScreenshot=true, javascriptEnabled=true, cssSelectorsEnabled=true}]
Session ID: d8750120-b361-44d5-8ee2-aab3d7c11b7c)
[[ATTACHMENT|C:\\Users\\agawhande\\git\\CreditCard\\Reports\\Proxima\\CC_RentalInvoicewithSplitTenderTestSuite\\20171206_151309\\1512553840263.png]]

2017-12-06 15:20:40 - [TEST_STEP][NOT_RUN] - delay: NOT_RUN: delay

2017-12-06 15:20:40 - [MESSAGE][NOT_RUN] - NOT_RUN: delay

2017-12-06 15:20:40 - [TEST_STEP][NOT_RUN] - click: NOT_RUN: click

2017-12-06 15:20:40 - [MESSAGE][NOT_RUN] - NOT_RUN: click

2017-12-06 15:20:40 - [TEST_STEP][PASSED] - delay: Delayed 5 second(s)

2017-12-06 15:20:45 - [MESSAGE][PASSED] - Delayed 5 second(s)

2017-12-06 15:20:45 - [TEST_STEP][PASSED] - click: Object: 'Object Repository/Rental/Rental_SplitTenderDetails/SplitTender.Action' is clicked on

2017-12-06 15:20:46 - [MESSAGE][PASSED] - Object: 'Object Repository/Rental/Rental_SplitTenderDetails/SplitTender.Action' is clicked on

2017-12-06 15:20:46 - [TEST_STEP][PASSED] - delay: Delayed 2 second(s)

2017-12-06 15:20:48 - [MESSAGE][PASSED] - Delayed 2 second(s)

2017-12-06 15:20:48 - [TEST_STEP][PASSED] - click: Object: 'Object Repository/Rental/Rental_SplitTenderDetails/SplitTender.ApplyTax' is clicked on

2017-12-06 15:20:48 - [MESSAGE][PASSED] - Object: 'Object Repository/Rental/Rental_SplitTenderDetails/SplitTender.ApplyTax' is clicked on

2017-12-06 15:20:48 - [TEST_STEP][PASSED] - delay: Delayed 2 second(s)

2017-12-06 15:20:50 - [MESSAGE][PASSED] - Delayed 2 second(s)

2017-12-06 15:20:50 - [TEST_STEP][PASSED] - Statement - G_SplitInvoiceAmt1 = com.kms.katalon.core.webui.keyword.WebUiBuiltInKeywords.getText(com.kms.katalon.core.testobject.ObjectRepository.findTestObject(Rental/Rental_SplitTenderDetails/SplitTender.InvoiceAmt1)): Text of object 'Object Repository/Rental/Rental_SplitTenderDetails/SplitTender.InvoiceAmt1' is: '1.00'

2017-12-06 15:20:50 - [MESSAGE][PASSED] - Text of object 'Object Repository/Rental/Rental_SplitTenderDetails/SplitTender.InvoiceAmt1' is: '1.00'

2017-12-06 15:20:50 - [TEST_STEP][PASSED] - Statement - G_SplitInvoiceAmt2 = com.kms.katalon.core.webui.keyword.WebUiBuiltInKeywords.getText(com.kms.katalon.core.testobject.ObjectRepository.findTestObject(Rental/Rental_SplitTenderDetails/SplitTender.InvoiceAmt2)): Text of object 'Object Repository/Rental/Rental_SplitTenderDetails/SplitTender.InvoiceAmt2' is: '1.00'

2017-12-06 15:20:50 - [MESSAGE][PASSED] - Text of object 'Object Repository/Rental/Rental_SplitTenderDetails/SplitTender.InvoiceAmt2' is: '1.00'

2017-12-06 15:20:50 - [TEST_STEP][PASSED] - click: Object: 'Object Repository/Rental/Rental_SplitTenderDetails/SplitTender.SaveClose' is clicked on

2017-12-06 15:20:51 - [MESSAGE][PASSED] - Object: 'Object Repository/Rental/Rental_SplitTenderDetails/SplitTender.SaveClose' is clicked on

2017-12-06 15:20:51 - [TEST_STEP][PASSED] - delay: Delayed 2 second(s)

2017-12-06 15:20:53 - [MESSAGE][PASSED] - Delayed 2 second(s)

2017-12-06 15:20:53 - [TEST_STEP][FAILED] - click: Unable to click on object 'Object Repository/Rental/Rental_SplitTenderDetails/SplitTender.CCProcess' (Root cause: org.openqa.selenium.WebDriverException: Element <div tabindex="0" class="Button TextButton" id="xiext6102m000-11-button-form-process.cc.payment" draggable="true"></div> is not clickable at point (212, 123). Other element would receive the click: <div class="WindowManagerGlass" style="z-index: 1;"></div>
Command duration or timeout: 73 milliseconds
Build info: version: 'unknown', revision: 'unknown', time: 'unknown'
System info: host: 'ANIL110', ip: '192.168.25.228', os.name: 'Windows 7', os.arch: 'amd64', os.version: '6.1', java.version: '1.8.0_102'
Driver info: com.kms.katalon.core.webui.driver.firefox.CFirefoxDriver47
Capabilities [{applicationCacheEnabled=true, rotatable=false, handlesAlerts=true, databaseEnabled=true, version=56.0, platform=WINDOWS, nativeEvents=false, acceptSslCerts=true, webStorageEnabled=true, locationContextEnabled=true, browserName=firefox, takesScreenshot=true, javascriptEnabled=true, cssSelectorsEnabled=true}]
Session ID: d8750120-b361-44d5-8ee2-aab3d7c11b7c)

2017-12-06 15:20:53 - [MESSAGE][FAILED] - Unable to click on object 'Object Repository/Rental/Rental_SplitTenderDetails/SplitTender.CCProcess' (Root cause: org.openqa.selenium.WebDriverException: Element <div tabindex="0" class="Button TextButton" id="xiext6102m000-11-button-form-process.cc.payment" draggable="true"></div> is not clickable at point (212, 123). Other element would receive the click: <div class="WindowManagerGlass" style="z-index: 1;"></div>
Command duration or timeout: 73 milliseconds
Build info: version: 'unknown', revision: 'unknown', time: 'unknown'
System info: host: 'ANIL110', ip: '192.168.25.228', os.name: 'Windows 7', os.arch: 'amd64', os.version: '6.1', java.version: '1.8.0_102'
Driver info: com.kms.katalon.core.webui.driver.firefox.CFirefoxDriver47
Capabilities [{applicationCacheEnabled=true, rotatable=false, handlesAlerts=true, databaseEnabled=true, version=56.0, platform=WINDOWS, nativeEvents=false, acceptSslCerts=true, webStorageEnabled=true, locationContextEnabled=true, browserName=firefox, takesScreenshot=true, javascriptEnabled=true, cssSelectorsEnabled=true}]
Session ID: d8750120-b361-44d5-8ee2-aab3d7c11b7c)
[[ATTACHMENT|C:\\Users\\agawhande\\git\\CreditCard\\Reports\\Proxima\\CC_RentalInvoicewithSplitTenderTestSuite\\20171206_151309\\1512553853196.png]]

2017-12-06 15:20:53 - [TEST_STEP][PASSED] - delay: Delayed 13 second(s)

2017-12-06 15:21:06 - [MESSAGE][PASSED] - Delayed 13 second(s)

2017-12-06 15:21:06 - [TEST_STEP][FAILED] - click: Unable to click on object 'Object Repository/Rental/Rental_SplitTenderDetails/SplitTender.PrintDevice' (Root cause: com.kms.katalon.core.webui.exception.WebElementNotFoundException: Web element with id: 'Object Repository/Rental/Rental_SplitTenderDetails/SplitTender.PrintDevice' located by 'By.xpath: //*[@id = 'ttstpsplopen-14-button-form-exec.cont.process-label']' not found)

2017-12-06 15:21:39 - [MESSAGE][FAILED] - Unable to click on object 'Object Repository/Rental/Rental_SplitTenderDetails/SplitTender.PrintDevice' (Root cause: com.kms.katalon.core.webui.exception.WebElementNotFoundException: Web element with id: 'Object Repository/Rental/Rental_SplitTenderDetails/SplitTender.PrintDevice' located by 'By.xpath: //*[@id = 'ttstpsplopen-14-button-form-exec.cont.process-label']' not found)
[[ATTACHMENT|C:\\Users\\agawhande\\git\\CreditCard\\Reports\\Proxima\\CC_RentalInvoicewithSplitTenderTestSuite\\20171206_151309\\1512553899081.png]]

2017-12-06 15:21:39 - [TEST_STEP][PASSED] - delay: Delayed 10 second(s)

2017-12-06 15:21:49 - [MESSAGE][PASSED] - Delayed 10 second(s)

2017-12-06 15:21:49 - [TEST_STEP][FAILED] - click: Unable to click on object 'Object Repository/Rental/Rental_SplitTenderDetails/SplitTender.PrintOK' (Root cause: com.kms.katalon.core.webui.exception.WebElementNotFoundException: Web element with id: 'Object Repository/Rental/Rental_SplitTenderDetails/SplitTender.PrintOK' located by 'By.xpath: //*[@id = 'dlg-erext4203m001-10-input-button-0']' not found)

2017-12-06 15:22:21 - [MESSAGE][FAILED] - Unable to click on object 'Object Repository/Rental/Rental_SplitTenderDetails/SplitTender.PrintOK' (Root cause: com.kms.katalon.core.webui.exception.WebElementNotFoundException: Web element with id: 'Object Repository/Rental/Rental_SplitTenderDetails/SplitTender.PrintOK' located by 'By.xpath: //*[@id = 'dlg-erext4203m001-10-input-button-0']' not found)
[[ATTACHMENT|C:\\Users\\agawhande\\git\\CreditCard\\Reports\\Proxima\\CC_RentalInvoicewithSplitTenderTestSuite\\20171206_151309\\1512553941705.png]]

2017-12-06 15:22:21 - [TEST_STEP][PASSED] - delay: Delayed 5 second(s)

2017-12-06 15:22:26 - [MESSAGE][PASSED] - Delayed 5 second(s)

2017-12-06 15:22:26 - [TEST_STEP][FAILED] - click: Unable to click on object 'Object Repository/Rental/Rental_SplitTenderDetails/SplitTender.CloseRentalInvocieSession' (Root cause: org.openqa.selenium.WebDriverException: Element <label class="Label" id="erext4203m001-10-button-std-file.close-label" aria-hidden="true"></label> is not clickable at point (465.5, 148.88333129882812). Other element would receive the click: <div class="WindowManagerGlass" style="z-index: 1;"></div>
Command duration or timeout: 93 milliseconds
Build info: version: 'unknown', revision: 'unknown', time: 'unknown'
System info: host: 'ANIL110', ip: '192.168.25.228', os.name: 'Windows 7', os.arch: 'amd64', os.version: '6.1', java.version: '1.8.0_102'
Driver info: com.kms.katalon.core.webui.driver.firefox.CFirefoxDriver47
Capabilities [{applicationCacheEnabled=true, rotatable=false, handlesAlerts=true, databaseEnabled=true, version=56.0, platform=WINDOWS, nativeEvents=false, acceptSslCerts=true, webStorageEnabled=true, locationContextEnabled=true, browserName=firefox, takesScreenshot=true, javascriptEnabled=true, cssSelectorsEnabled=true}]
Session ID: d8750120-b361-44d5-8ee2-aab3d7c11b7c)

2017-12-06 15:22:27 - [MESSAGE][FAILED] - Unable to click on object 'Object Repository/Rental/Rental_SplitTenderDetails/SplitTender.CloseRentalInvocieSession' (Root cause: org.openqa.selenium.WebDriverException: Element <label class="Label" id="erext4203m001-10-button-std-file.close-label" aria-hidden="true"></label> is not clickable at point (465.5, 148.88333129882812). Other element would receive the click: <div class="WindowManagerGlass" style="z-index: 1;"></div>
Command duration or timeout: 93 milliseconds
Build info: version: 'unknown', revision: 'unknown', time: 'unknown'
System info: host: 'ANIL110', ip: '192.168.25.228', os.name: 'Windows 7', os.arch: 'amd64', os.version: '6.1', java.version: '1.8.0_102'
Driver info: com.kms.katalon.core.webui.driver.firefox.CFirefoxDriver47
Capabilities [{applicationCacheEnabled=true, rotatable=false, handlesAlerts=true, databaseEnabled=true, version=56.0, platform=WINDOWS, nativeEvents=false, acceptSslCerts=true, webStorageEnabled=true, locationContextEnabled=true, browserName=firefox, takesScreenshot=true, javascriptEnabled=true, cssSelectorsEnabled=true}]
Session ID: d8750120-b361-44d5-8ee2-aab3d7c11b7c)
[[ATTACHMENT|C:\\Users\\agawhande\\git\\CreditCard\\Reports\\Proxima\\CC_RentalInvoicewithSplitTenderTestSuite\\20171206_151309\\1512553947116.png]]

2017-12-06 15:22:27 - [TEST_STEP][PASSED] - delay: Delayed 5 second(s)

2017-12-06 15:22:32 - [MESSAGE][PASSED] - Delayed 5 second(s)

2017-12-06 15:22:32 - [TEST_STEP][PASSED] - closeBrowser: Browser is closed

2017-12-06 15:22:34 - [MESSAGE][PASSED] - Browser is closed

2017-12-06 15:22:34 - [MESSAGE][FAILED] - Unable to call Test Case with id 'Test Cases/Rental/Base_RentalContract/Base_CreateRentalInvoicewithSpitTenderDetails_SplitTender' (Root cause: Call Test Case 'Test Cases/Rental/Base_RentalContract/Base_CreateRentalInvoicewithSpitTenderDetails_SplitTender' failed)]]></system-out>
         <system-err><![CDATA[2017-12-06 15:13:20 - [TEST_CASE][FAILED] - Test Cases/Rental/Base_RentalContract/CreditCardRegression/TC004_RentalContractInvoice_SplitTender: Test Cases/Rental/Base_RentalContract/CreditCardRegression/TC004_RentalContractInvoice_SplitTender FAILED because (of) Unable to set text '108.0' of object 'Object Repository/Rental/Rental_SplitTenderDetails/SplitTender.LineOrderAmount3' (Root cause: org.openqa.selenium.InvalidElementStateException: Element must be user-editable in order to clear it.
Command duration or timeout: 30 milliseconds
Build info: version: 'unknown', revision: 'unknown', time: 'unknown'
System info: host: 'ANIL110', ip: '192.168.25.228', os.name: 'Windows 7', os.arch: 'amd64', os.version: '6.1', java.version: '1.8.0_102'
Driver info: com.kms.katalon.core.webui.driver.firefox.CFirefoxDriver47
Capabilities [{applicationCacheEnabled=true, rotatable=false, handlesAlerts=true, databaseEnabled=true, version=56.0, platform=WINDOWS, nativeEvents=false, acceptSslCerts=true, webStorageEnabled=true, locationContextEnabled=true, browserName=firefox, takesScreenshot=true, javascriptEnabled=true, cssSelectorsEnabled=true}]
Session ID: d8750120-b361-44d5-8ee2-aab3d7c11b7c)]]></system-err>
      </testcase>
      <system-out><![CDATA[2017-12-06 15:13:19 - [TEST_SUITE][FAILED] - CC_RentalInvoicewithSplitTenderTestSuite: Test Cases/Rental/Base_RentalContract/CreditCardRegression/TC004_RentalContractInvoice_SplitTender FAILED because (of) Unable to set text '108.0' of object 'Object Repository/Rental/Rental_SplitTenderDetails/SplitTender.LineOrderAmount3' (Root cause: org.openqa.selenium.InvalidElementStateException: Element must be user-editable in order to clear it.
Command duration or timeout: 30 milliseconds
Build info: version: 'unknown', revision: 'unknown', time: 'unknown'
System info: host: 'ANIL110', ip: '192.168.25.228', os.name: 'Windows 7', os.arch: 'amd64', os.version: '6.1', java.version: '1.8.0_102'
Driver info: com.kms.katalon.core.webui.driver.firefox.CFirefoxDriver47
Capabilities [{applicationCacheEnabled=true, rotatable=false, handlesAlerts=true, databaseEnabled=true, version=56.0, platform=WINDOWS, nativeEvents=false, acceptSslCerts=true, webStorageEnabled=true, locationContextEnabled=true, browserName=firefox, takesScreenshot=true, javascriptEnabled=true, cssSelectorsEnabled=true}]
Session ID: d8750120-b361-44d5-8ee2-aab3d7c11b7c)]]></system-out>
      <system-err><![CDATA[2017-12-06 15:13:19 - [TEST_SUITE][FAILED] - CC_RentalInvoicewithSplitTenderTestSuite: Test Cases/Rental/Base_RentalContract/CreditCardRegression/TC004_RentalContractInvoice_SplitTender FAILED because (of) Unable to set text '108.0' of object 'Object Repository/Rental/Rental_SplitTenderDetails/SplitTender.LineOrderAmount3' (Root cause: org.openqa.selenium.InvalidElementStateException: Element must be user-editable in order to clear it.
Command duration or timeout: 30 milliseconds
Build info: version: 'unknown', revision: 'unknown', time: 'unknown'
System info: host: 'ANIL110', ip: '192.168.25.228', os.name: 'Windows 7', os.arch: 'amd64', os.version: '6.1', java.version: '1.8.0_102'
Driver info: com.kms.katalon.core.webui.driver.firefox.CFirefoxDriver47
Capabilities [{applicationCacheEnabled=true, rotatable=false, handlesAlerts=true, databaseEnabled=true, version=56.0, platform=WINDOWS, nativeEvents=false, acceptSslCerts=true, webStorageEnabled=true, locationContextEnabled=true, browserName=firefox, takesScreenshot=true, javascriptEnabled=true, cssSelectorsEnabled=true}]
Session ID: d8750120-b361-44d5-8ee2-aab3d7c11b7c)]]></system-err>
   </testsuite>
</testsuites>
