<?xml version="1.0" encoding="UTF-8"?>
<testsuites name="CC_PartsTestSuite" time="184" tests="0" failures="0" errors="0">
   <testsuite name="CC_PartsTestSuite" tests="0" failures="0" errors="0" time="184" timestamp="2017-12-05 11:08:11" hostname="rgajbhiye - EET-RG.e-emphasys.com" id="Test Suites/Proxima/CC_PartsTestSuite">
      <properties>
         <property name="deviceName" value=""/>
         <property name="devicePlatform" value=""/>
         <property name="logFolder" value="C:\\Users\\rgajbhiye\\git\\CreditCard\\Reports\\Proxima\\CC_PartsTestSuite\\20171205_110803"/>
         <property name="logFiles" value="C:\\Users\\rgajbhiye\\git\\CreditCard\\Reports\\Proxima\\CC_PartsTestSuite\\20171205_110803\\execution0.log"/>
         <property name="attachments" value="C:\\Users\\rgajbhiye\\git\\CreditCard\\Reports\\Proxima\\CC_PartsTestSuite\\20171205_110803\\1512452475380.png"/>
         <property name="hostName" value="rgajbhiye - EET-RG.e-emphasys.com"/>
         <property name="os" value="Windows 7 64bit"/>
         <property name="katalonVersion" value="5.0.0.1"/>
         <property name="browser" value="Firefox 43.0"/>
         <property name="hostAddress" value="192.168.25.107"/>
         <property name="sessionId" value="fc5435a5-0639-4ffd-8a83-84d2806f9c2c"/>
         <property name="seleniumVersion" value="2.53.0"/>
         <property name="proxyInformation" value="ProxyInformation{proxyOption=NO_PROXY, proxyServerType=, password=, proxyServerAddress=, proxyServerPort=0}"/>
         <property name="platform" value="Windows 7"/>
      </properties>
      <testcase name="Test Cases/Parts/CreditCardRegression/TC002_Parts_CreditCard - Iteration 1" classname="Test Cases/Parts/CreditCardRegression/TC002_Parts_CreditCard" status="INCOMPLETE">
         <system-out><![CDATA[2017-12-05 11:08:12 - [TEST_CASE][INCOMPLETE] - Test Cases/Parts/CreditCardRegression/TC002_Parts_CreditCard - Iteration 1: null

2017-12-05 11:08:13 - [TEST_STEP][PASSED] - callTestCase: Call Test Case 'Test Cases/Parts/BaseTestCases/Base_Part_CreateHeader_WithCC' successfully

2017-12-05 11:08:13 - [TEST_CASE][PASSED] - Test Cases/Parts/BaseTestCases/Base_Part_CreateHeader_WithCC: Test Cases/Parts/BaseTestCases/Base_Part_CreateHeader_WithCC

2017-12-05 11:08:13 - [TEST_STEP][PASSED] - callTestCase: Call Test Case 'Test Cases/Common/Base_Common_OpenSession' successfully

2017-12-05 11:08:13 - [TEST_CASE][PASSED] - Test Cases/Common/Base_Common_OpenSession: Test Cases/Common/Base_Common_OpenSession

2017-12-05 11:08:13 - [TEST_STEP][PASSED] - openBrowser: Browser is opened with url: 'https://rgajbhiye:Robin$123@proxima-ln4.e-emphasys.com:8441/webui/servlet/login'

2017-12-05 11:08:58 - [MESSAGE][PASSED] - Browser is opened with url: 'https://rgajbhiye:Robin$123@proxima-ln4.e-emphasys.com:8441/webui/servlet/login'

2017-12-05 11:08:58 - [TEST_STEP][PASSED] - waitForPageLoad: Wait for page load successfully

2017-12-05 11:08:58 - [MESSAGE][PASSED] - Wait for page load successfully

2017-12-05 11:08:58 - [TEST_STEP][PASSED] - maximizeWindow: Current window maximized

2017-12-05 11:08:58 - [MESSAGE][PASSED] - Current window maximized

2017-12-05 11:08:58 - [TEST_STEP][PASSED] - click: Object: 'Object Repository/Common/HomePage/HomePage_more' is clicked on

2017-12-05 11:09:07 - [MESSAGE][PASSED] - Object: 'Object Repository/Common/HomePage/HomePage_more' is clicked on

2017-12-05 11:09:07 - [TEST_STEP][PASSED] - click: Object: 'Object Repository/Common/HomePage/HomePage_Option' is clicked on

2017-12-05 11:09:07 - [MESSAGE][PASSED] - Object: 'Object Repository/Common/HomePage/HomePage_Option' is clicked on

2017-12-05 11:09:07 - [TEST_STEP][PASSED] - click: Object: 'Object Repository/Common/HomePage/HomePage_RunProgram_' is clicked on

2017-12-05 11:09:07 - [MESSAGE][PASSED] - Object: 'Object Repository/Common/HomePage/HomePage_RunProgram_' is clicked on

2017-12-05 11:09:07 - [TEST_STEP][PASSED] - sendKeys: Keys 'tdsls4500m002' sent to object: 'Object Repository/Common/HomePage/HomePage_Session_ID'

2017-12-05 11:09:08 - [MESSAGE][PASSED] - Keys 'tdsls4500m002' sent to object: 'Object Repository/Common/HomePage/HomePage_Session_ID'

2017-12-05 11:09:08 - [TEST_STEP][PASSED] - click: Object: 'Object Repository/Common/HomePage/HomePage_OkButton' is clicked on

2017-12-05 11:09:08 - [MESSAGE][PASSED] - Object: 'Object Repository/Common/HomePage/HomePage_OkButton' is clicked on

2017-12-05 11:09:08 - [MESSAGE][PASSED] - Call Test Case 'Test Cases/Common/Base_Common_OpenSession' successfully

2017-12-05 11:09:08 - [TEST_STEP][PASSED] - click: Object: 'Object Repository/Parts/PartsSalesOrder/PartsSaleOrderHeader/PartSaleOrder_NewButton' is clicked on

2017-12-05 11:09:11 - [MESSAGE][PASSED] - Object: 'Object Repository/Parts/PartsSalesOrder/PartsSaleOrderHeader/PartSaleOrder_NewButton' is clicked on

2017-12-05 11:09:11 - [TEST_STEP][PASSED] - waitForElementPresent: Object 'Object Repository/Parts/PartsSalesOrder/PartsSaleOrderHeader/Partsalesorder_customer' is present

2017-12-05 11:09:14 - [MESSAGE][PASSED] - Object 'Object Repository/Parts/PartsSalesOrder/PartsSaleOrderHeader/Partsalesorder_customer' is present

2017-12-05 11:09:14 - [TEST_STEP][PASSED] - setText: Text 'M00000182' is set on object 'Object Repository/Parts/PartsSalesOrder/PartsSaleOrderHeader/Partsalesorder_customer'

2017-12-05 11:09:14 - [MESSAGE][PASSED] - Text 'M00000182' is set on object 'Object Repository/Parts/PartsSalesOrder/PartsSaleOrderHeader/Partsalesorder_customer'

2017-12-05 11:09:14 - [TEST_STEP][NOT_RUN] - sendKeys: NOT_RUN: sendKeys

2017-12-05 11:09:14 - [MESSAGE][NOT_RUN] - NOT_RUN: sendKeys

2017-12-05 11:09:14 - [TEST_STEP][PASSED] - click: Object: 'Object Repository/Parts/PartsSalesOrder/PartsSaleOrderHeader/PartSalesOrder_Tax' is clicked on

2017-12-05 11:09:14 - [MESSAGE][PASSED] - Object: 'Object Repository/Parts/PartsSalesOrder/PartsSaleOrderHeader/PartSalesOrder_Tax' is clicked on

2017-12-05 11:09:14 - [TEST_STEP][PASSED] - click: Object: 'Object Repository/Parts/PartsSalesOrder/PartsSaleOrderHeader/PartSalesorder_Save' is clicked on

2017-12-05 11:09:15 - [MESSAGE][PASSED] - Object: 'Object Repository/Parts/PartsSalesOrder/PartsSaleOrderHeader/PartSalesorder_Save' is clicked on

2017-12-05 11:09:15 - [TEST_STEP][PASSED] - dragAndDropByOffset: Dragged object with id 'Object Repository/Parts/PartsSalesOrder/PartsSaleOrderHeader/PartSalesOrder_scroller' by offset distance x = 0 and y = -100 successfully

2017-12-05 11:09:23 - [MESSAGE][PASSED] - Dragged object with id 'Object Repository/Parts/PartsSalesOrder/PartsSaleOrderHeader/PartSalesOrder_scroller' by offset distance x = 0 and y = -100 successfully

2017-12-05 11:09:23 - [TEST_STEP][PASSED] - delay: Delayed 5 second(s)

2017-12-05 11:09:28 - [MESSAGE][PASSED] - Delayed 5 second(s)

2017-12-05 11:09:28 - [TEST_STEP][PASSED] - Statement - G_Part_PSO = com.kms.katalon.core.webui.keyword.WebUiBuiltInKeywords.getAttribute(com.kms.katalon.core.testobject.ObjectRepository.findTestObject(Parts/PartsSalesOrder/PartsSaleOrderHeader/PartSalesOrder_OrderNo), "value"): Attribute 'value' of object 'Object Repository/Parts/PartsSalesOrder/PartsSaleOrderHeader/PartSalesOrder_OrderNo' is: 'TP0001315'

2017-12-05 11:09:28 - [MESSAGE][PASSED] - Attribute 'value' of object 'Object Repository/Parts/PartsSalesOrder/PartsSaleOrderHeader/PartSalesOrder_OrderNo' is: 'TP0001315'

2017-12-05 11:09:28 - [TEST_STEP][PASSED] - Statement - println("sale order number" + G_Part_PSO): null

2017-12-05 11:09:28 - [TEST_STEP][PASSED] - click: Object: 'Object Repository/Parts/PartsSalesOrder/PartsSaleOrderHeader/PartSaleOrder_OtherDetailsTab' is clicked on

2017-12-05 11:09:29 - [MESSAGE][PASSED] - Object: 'Object Repository/Parts/PartsSalesOrder/PartsSaleOrderHeader/PartSaleOrder_OtherDetailsTab' is clicked on

2017-12-05 11:09:29 - [TEST_STEP][PASSED] - delay: Delayed 2 second(s)

2017-12-05 11:09:31 - [MESSAGE][PASSED] - Delayed 2 second(s)

2017-12-05 11:09:31 - [TEST_STEP][PASSED] - click: Object: 'Object Repository/Parts/PartsSalesOrder/PartsSaleOrderHeader/PartSalesOrder_ModeOfPayment' is clicked on

2017-12-05 11:09:31 - [MESSAGE][PASSED] - Object: 'Object Repository/Parts/PartsSalesOrder/PartsSaleOrderHeader/PartSalesOrder_ModeOfPayment' is clicked on

2017-12-05 11:09:31 - [TEST_STEP][PASSED] - click: Object: 'Object Repository/Parts/PartsSalesOrder/PartsSaleOrderHeader/PartSalesOrder_CreditCardOption' is clicked on

2017-12-05 11:09:31 - [MESSAGE][PASSED] - Object: 'Object Repository/Parts/PartsSalesOrder/PartsSaleOrderHeader/PartSalesOrder_CreditCardOption' is clicked on

2017-12-05 11:09:31 - [TEST_STEP][PASSED] - click: Object: 'Object Repository/Parts/PartsSalesOrder/PartsSaleOrderHeader/PartSalesorder_Save' is clicked on

2017-12-05 11:09:31 - [MESSAGE][PASSED] - Object: 'Object Repository/Parts/PartsSalesOrder/PartsSaleOrderHeader/PartSalesorder_Save' is clicked on

2017-12-05 11:09:31 - [MESSAGE][PASSED] - Call Test Case 'Test Cases/Parts/BaseTestCases/Base_Part_CreateHeader_WithCC' successfully

2017-12-05 11:09:31 - [TEST_STEP][PASSED] - callTestCase: Call Test Case 'Test Cases/Parts/BaseTestCases/Base_Part_AddPartLinePos1' successfully

2017-12-05 11:09:31 - [TEST_CASE][PASSED] - Test Cases/Parts/BaseTestCases/Base_Part_AddPartLinePos1: Test Cases/Parts/BaseTestCases/Base_Part_AddPartLinePos1

2017-12-05 11:09:32 - [TEST_STEP][PASSED] - click: Object: 'Object Repository/Parts/PartsSalesOrder/PartSalesOrderLine1/PartSaleOrderLine1_newpart' is clicked on

2017-12-05 11:09:36 - [MESSAGE][PASSED] - Object: 'Object Repository/Parts/PartsSalesOrder/PartSalesOrderLine1/PartSaleOrderLine1_newpart' is clicked on

2017-12-05 11:09:36 - [TEST_STEP][PASSED] - delay: Delayed 3 second(s)

2017-12-05 11:09:39 - [MESSAGE][PASSED] - Delayed 3 second(s)

2017-12-05 11:09:39 - [TEST_STEP][PASSED] - setText: Text 'KP3' is set on object 'Object Repository/Parts/PartsSalesOrder/PartSalesOrderLine1/PartSaleOrderLine1_PartNumber'

2017-12-05 11:09:39 - [MESSAGE][PASSED] - Text 'KP3' is set on object 'Object Repository/Parts/PartsSalesOrder/PartSalesOrderLine1/PartSaleOrderLine1_PartNumber'

2017-12-05 11:09:39 - [TEST_STEP][PASSED] - scrollToElement: Scroll to object 'Object Repository/Parts/PartsSalesOrder/PartSalesOrderLine1/PartSaleOrderLine1_Quantity' successfully

2017-12-05 11:09:43 - [MESSAGE][PASSED] - Scroll to object 'Object Repository/Parts/PartsSalesOrder/PartSalesOrderLine1/PartSaleOrderLine1_Quantity' successfully

2017-12-05 11:09:43 - [TEST_STEP][PASSED] - click: Object: 'Object Repository/Parts/PartsSalesOrder/PartSalesOrderLine1/PartSaleOrderLine1_Quantity' is clicked on

2017-12-05 11:09:48 - [MESSAGE][PASSED] - Object: 'Object Repository/Parts/PartsSalesOrder/PartSalesOrderLine1/PartSaleOrderLine1_Quantity' is clicked on

2017-12-05 11:09:48 - [TEST_STEP][PASSED] - setText: Text '2' is set on object 'Object Repository/Parts/PartsSalesOrder/PartSalesOrderLine1/PartSaleOrderLine1-Qty1'

2017-12-05 11:09:50 - [MESSAGE][PASSED] - Text '2' is set on object 'Object Repository/Parts/PartsSalesOrder/PartSalesOrderLine1/PartSaleOrderLine1-Qty1'

2017-12-05 11:09:50 - [TEST_STEP][PASSED] - click: Object: 'Object Repository/Parts/PartsSalesOrder/PartsSaleOrderHeader/PartSalesorder_Save' is clicked on

2017-12-05 11:09:50 - [MESSAGE][PASSED] - Object: 'Object Repository/Parts/PartsSalesOrder/PartsSaleOrderHeader/PartSalesorder_Save' is clicked on

2017-12-05 11:09:50 - [TEST_STEP][PASSED] - delay: Delayed 10 second(s)

2017-12-05 11:10:00 - [MESSAGE][PASSED] - Delayed 10 second(s)

2017-12-05 11:10:00 - [TEST_STEP][NOT_RUN] - scrollToElement: NOT_RUN: scrollToElement

2017-12-05 11:10:00 - [MESSAGE][NOT_RUN] - NOT_RUN: scrollToElement

2017-12-05 11:10:00 - [TEST_STEP][NOT_RUN] - Statement - G_InvoiceAmt = com.kms.katalon.core.webui.keyword.WebUiBuiltInKeywords.getText(com.kms.katalon.core.testobject.ObjectRepository.findTestObject(tdtre4101m002/Line1/firmPrice)): NOT_RUN: Statement - G_InvoiceAmt = com.kms.katalon.core.webui.keyword.WebUiBuiltInKeywords.getText(com.kms.katalon.core.testobject.ObjectRepository.findTestObject(tdtre4101m002/Line1/firmPrice))

2017-12-05 11:10:00 - [MESSAGE][NOT_RUN] - NOT_RUN: Statement - G_InvoiceAmt = com.kms.katalon.core.webui.keyword.WebUiBuiltInKeywords.getText(com.kms.katalon.core.testobject.ObjectRepository.findTestObject(tdtre4101m002/Line1/firmPrice))

2017-12-05 11:10:00 - [TEST_STEP][NOT_RUN] - Statement - Qty1 = com.kms.katalon.core.webui.keyword.WebUiBuiltInKeywords.getText(com.kms.katalon.core.testobject.ObjectRepository.findTestObject(tdtre4101m002/Line1/input_tdtre4101s002-Qty)): NOT_RUN: Statement - Qty1 = com.kms.katalon.core.webui.keyword.WebUiBuiltInKeywords.getText(com.kms.katalon.core.testobject.ObjectRepository.findTestObject(tdtre4101m002/Line1/input_tdtre4101s002-Qty))

2017-12-05 11:10:00 - [MESSAGE][NOT_RUN] - NOT_RUN: Statement - Qty1 = com.kms.katalon.core.webui.keyword.WebUiBuiltInKeywords.getText(com.kms.katalon.core.testobject.ObjectRepository.findTestObject(tdtre4101m002/Line1/input_tdtre4101s002-Qty))

2017-12-05 11:10:00 - [TEST_STEP][NOT_RUN] - Statement - G_OrderLineAmt = G_FirmPrice * Qty1: NOT_RUN: Statement - G_OrderLineAmt = G_FirmPrice * Qty1

2017-12-05 11:10:00 - [MESSAGE][NOT_RUN] - NOT_RUN: Statement - G_OrderLineAmt = G_FirmPrice * Qty1

2017-12-05 11:10:00 - [TEST_STEP][NOT_RUN] - Statement - println("GlobalVariable.G_FirmPrice" + G_FirmPrice): NOT_RUN: Statement - println("GlobalVariable.G_FirmPrice" + G_FirmPrice)

2017-12-05 11:10:00 - [MESSAGE][NOT_RUN] - NOT_RUN: Statement - println("GlobalVariable.G_FirmPrice" + G_FirmPrice)

2017-12-05 11:10:00 - [TEST_STEP][NOT_RUN] - Statement - println("GlobalVariable.G_OrderLineAmt" + G_OrderLineAmt): NOT_RUN: Statement - println("GlobalVariable.G_OrderLineAmt" + G_OrderLineAmt)

2017-12-05 11:10:00 - [MESSAGE][NOT_RUN] - NOT_RUN: Statement - println("GlobalVariable.G_OrderLineAmt" + G_OrderLineAmt)

2017-12-05 11:10:00 - [MESSAGE][PASSED] - Call Test Case 'Test Cases/Parts/BaseTestCases/Base_Part_AddPartLinePos1' successfully

2017-12-05 11:10:00 - [TEST_STEP][INCOMPLETE] - callTestCase: null

2017-12-05 11:10:00 - [TEST_CASE][INCOMPLETE] - Test Cases/Parts/BaseTestCases/Base_Part_PickPacknInvoiceWithCCSplitPayment: null

2017-12-05 11:10:01 - [TEST_STEP][PASSED] - click: Object: 'Object Repository/Parts/PartsSalesOrder/PartsSaleOrderHeader/PartSalesOrder_Action' is clicked on

2017-12-05 11:10:02 - [MESSAGE][PASSED] - Object: 'Object Repository/Parts/PartsSalesOrder/PartsSaleOrderHeader/PartSalesOrder_Action' is clicked on

2017-12-05 11:10:02 - [TEST_STEP][PASSED] - delay: Delayed 3 second(s)

2017-12-05 11:10:05 - [MESSAGE][PASSED] - Delayed 3 second(s)

2017-12-05 11:10:05 - [TEST_STEP][PASSED] - waitForElementClickable: Object 'Object Repository/Parts/PartsSalesOrder/PartsSaleOrderHeader/PartSalesOrder_PickPacknInvoice' is clickable

2017-12-05 11:10:05 - [MESSAGE][PASSED] - Object 'Object Repository/Parts/PartsSalesOrder/PartsSaleOrderHeader/PartSalesOrder_PickPacknInvoice' is clickable

2017-12-05 11:10:05 - [TEST_STEP][PASSED] - click: Object: 'Object Repository/Parts/PartsSalesOrder/PartsSaleOrderHeader/PartSalesOrder_PickPacknInvoice' is clicked on

2017-12-05 11:10:05 - [MESSAGE][PASSED] - Object: 'Object Repository/Parts/PartsSalesOrder/PartsSaleOrderHeader/PartSalesOrder_PickPacknInvoice' is clicked on

2017-12-05 11:10:05 - [TEST_STEP][PASSED] - delay: Delayed 5 second(s)

2017-12-05 11:10:10 - [MESSAGE][PASSED] - Delayed 5 second(s)

2017-12-05 11:10:10 - [TEST_STEP][NOT_RUN] - click: NOT_RUN: click

2017-12-05 11:10:10 - [MESSAGE][NOT_RUN] - NOT_RUN: click

2017-12-05 11:10:10 - [TEST_STEP][PASSED] - Statement - If (com.kms.katalon.core.webui.keyword.WebUiBuiltInKeywords.verifyElementVisible(com.kms.katalon.core.testobject.ObjectRepository.findTestObject(Object Repository/Parts/PartsSalesOrder/PartsSaleOrderHeader/PartSalesOrder_LocationOption)) == true): Object: 'Object Repository/Parts/PartsSalesOrder/PartsSaleOrderHeader/PartSalesOrder_LocationOption' is clicked on

2017-12-05 11:10:10 - [MESSAGE][PASSED] - Object 'Object Repository/Parts/PartsSalesOrder/PartsSaleOrderHeader/PartSalesOrder_LocationOption' is visible

2017-12-05 11:10:10 - [TEST_STEP][PASSED] - click: Object: 'Object Repository/Parts/PartsSalesOrder/PartsSaleOrderHeader/PartSalesOrder_LocationOption' is clicked on

2017-12-05 11:10:11 - [MESSAGE][PASSED] - Object: 'Object Repository/Parts/PartsSalesOrder/PartsSaleOrderHeader/PartSalesOrder_LocationOption' is clicked on

2017-12-05 11:10:11 - [TEST_STEP][PASSED] - delay: Delayed 3 second(s)

2017-12-05 11:10:14 - [MESSAGE][PASSED] - Delayed 3 second(s)

2017-12-05 11:10:14 - [TEST_STEP][NOT_RUN] - Statement - If (com.kms.katalon.core.webui.keyword.WebUiBuiltInKeywords.verifyElementVisible(com.kms.katalon.core.testobject.ObjectRepository.findTestObject(Object Repository/Parts/PartsSalesOrder/PartsSaleOrderHeader/PartSaleOrder_PackingSlipClose)) == true): NOT_RUN: Statement - If (com.kms.katalon.core.webui.keyword.WebUiBuiltInKeywords.verifyElementVisible(com.kms.katalon.core.testobject.ObjectRepository.findTestObject(Object Repository/Parts/PartsSalesOrder/PartsSaleOrderHeader/PartSaleOrder_PackingSlipClose)) == true)

2017-12-05 11:10:14 - [MESSAGE][NOT_RUN] - NOT_RUN: Statement - If (com.kms.katalon.core.webui.keyword.WebUiBuiltInKeywords.verifyElementVisible(com.kms.katalon.core.testobject.ObjectRepository.findTestObject(Object Repository/Parts/PartsSalesOrder/PartsSaleOrderHeader/PartSaleOrder_PackingSlipClose)) == true)

2017-12-05 11:10:14 - [TEST_STEP][PASSED] - click: Object: 'Object Repository/Parts/PartsSalesOrder/PartsSaleOrderHeader/PartSalesOrder_ContinueInvoiceOption' is clicked on

2017-12-05 11:10:16 - [MESSAGE][PASSED] - Object: 'Object Repository/Parts/PartsSalesOrder/PartsSaleOrderHeader/PartSalesOrder_ContinueInvoiceOption' is clicked on

2017-12-05 11:10:16 - [TEST_STEP][PASSED] - delay: Delayed 3 second(s)

2017-12-05 11:10:19 - [MESSAGE][PASSED] - Delayed 3 second(s)

2017-12-05 11:10:19 - [TEST_STEP][PASSED] - setText: Text 'PUBL' is set on object 'Object Repository/Parts/PartsSalesOrder/PartSalesOrder_CCInterface/CCInterface_PaymentGateway'

2017-12-05 11:10:19 - [MESSAGE][PASSED] - Text 'PUBL' is set on object 'Object Repository/Parts/PartsSalesOrder/PartSalesOrder_CCInterface/CCInterface_PaymentGateway'

2017-12-05 11:10:19 - [TEST_STEP][PASSED] - doubleClick: Object: 'Object Repository/Parts/PartsSalesOrder/PartSalesOrder_CCInterface/CCInterface_CardType' is double clicked on

2017-12-05 11:10:19 - [MESSAGE][PASSED] - Object: 'Object Repository/Parts/PartsSalesOrder/PartSalesOrder_CCInterface/CCInterface_CardType' is double clicked on

2017-12-05 11:10:19 - [TEST_STEP][PASSED] - delay: Delayed 2 second(s)

2017-12-05 11:10:21 - [MESSAGE][PASSED] - Delayed 2 second(s)

2017-12-05 11:10:21 - [TEST_STEP][PASSED] - setText: Text 'Visa Card' is set on object 'Object Repository/Parts/PartsSalesOrder/PartSalesOrder_CCInterface/CCInterface_CardType'

2017-12-05 11:10:21 - [MESSAGE][PASSED] - Text 'Visa Card' is set on object 'Object Repository/Parts/PartsSalesOrder/PartSalesOrder_CCInterface/CCInterface_CardType'

2017-12-05 11:10:21 - [TEST_STEP][PASSED] - delay: Delayed 3 second(s)

2017-12-05 11:10:24 - [MESSAGE][PASSED] - Delayed 3 second(s)

2017-12-05 11:10:24 - [TEST_STEP][PASSED] - doubleClick: Object: 'Object Repository/Parts/PartsSalesOrder/PartSalesOrder_CCInterface/CCInterface_CardNo' is double clicked on

2017-12-05 11:10:25 - [MESSAGE][PASSED] - Object: 'Object Repository/Parts/PartsSalesOrder/PartSalesOrder_CCInterface/CCInterface_CardNo' is double clicked on

2017-12-05 11:10:25 - [TEST_STEP][PASSED] - setText: Text '4012000033330026' is set on object 'Object Repository/Parts/PartsSalesOrder/PartSalesOrder_CCInterface/CCInterface_CardNo'

2017-12-05 11:10:25 - [MESSAGE][PASSED] - Text '4012000033330026' is set on object 'Object Repository/Parts/PartsSalesOrder/PartSalesOrder_CCInterface/CCInterface_CardNo'

2017-12-05 11:10:25 - [TEST_STEP][PASSED] - setText: Text '456' is set on object 'Object Repository/Parts/PartsSalesOrder/PartSalesOrder_CCInterface/CCInterface_CVV'

2017-12-05 11:10:26 - [MESSAGE][PASSED] - Text '456' is set on object 'Object Repository/Parts/PartsSalesOrder/PartSalesOrder_CCInterface/CCInterface_CVV'

2017-12-05 11:10:26 - [TEST_STEP][PASSED] - setText: Text '09' is set on object 'Object Repository/Parts/PartsSalesOrder/PartSalesOrder_CCInterface/CCInterface_MM'

2017-12-05 11:10:26 - [MESSAGE][PASSED] - Text '09' is set on object 'Object Repository/Parts/PartsSalesOrder/PartSalesOrder_CCInterface/CCInterface_MM'

2017-12-05 11:10:26 - [TEST_STEP][PASSED] - setText: Text '99' is set on object 'Object Repository/Parts/PartsSalesOrder/PartSalesOrder_CCInterface/CCInterface_YY'

2017-12-05 11:10:26 - [MESSAGE][PASSED] - Text '99' is set on object 'Object Repository/Parts/PartsSalesOrder/PartSalesOrder_CCInterface/CCInterface_YY'

2017-12-05 11:10:26 - [TEST_STEP][PASSED] - click: Object: 'Object Repository/Parts/PartsSalesOrder/PartSalesOrder_CCInterface/CCInterface_SplitPayment' is clicked on

2017-12-05 11:10:26 - [MESSAGE][PASSED] - Object: 'Object Repository/Parts/PartsSalesOrder/PartSalesOrder_CCInterface/CCInterface_SplitPayment' is clicked on

2017-12-05 11:10:26 - [TEST_STEP][PASSED] - click: Object: 'Object Repository/Parts/PartsSalesOrder/PartSalesOrder_CCInterface/CCInterface_SplitTenderYes' is clicked on

2017-12-05 11:10:26 - [MESSAGE][PASSED] - Object: 'Object Repository/Parts/PartsSalesOrder/PartSalesOrder_CCInterface/CCInterface_SplitTenderYes' is clicked on

2017-12-05 11:10:26 - [TEST_STEP][PASSED] - click: Object: 'Object Repository/Parts/PartsSalesOrder/PartSalesOrder_CCInterface/CCInterface_SplitPaymentPlus' is clicked on

2017-12-05 11:10:27 - [MESSAGE][PASSED] - Object: 'Object Repository/Parts/PartsSalesOrder/PartSalesOrder_CCInterface/CCInterface_SplitPaymentPlus' is clicked on

2017-12-05 11:10:27 - [TEST_STEP][PASSED] - delay: Delayed 5 second(s)

2017-12-05 11:10:32 - [MESSAGE][PASSED] - Delayed 5 second(s)

2017-12-05 11:10:32 - [TEST_STEP][PASSED] - Statement - G_OrderAmt = com.kms.katalon.core.webui.keyword.WebUiBuiltInKeywords.getText(com.kms.katalon.core.testobject.ObjectRepository.findTestObject(Parts/PartsSalesOrder/PartSalesOrder_CCInterface/CCInterface_OrderTotal)): Text of object 'Object Repository/Parts/PartsSalesOrder/PartSalesOrder_CCInterface/CCInterface_OrderTotal' is: '20.66'

2017-12-05 11:10:32 - [MESSAGE][PASSED] - Text of object 'Object Repository/Parts/PartsSalesOrder/PartSalesOrder_CCInterface/CCInterface_OrderTotal' is: '20.66'

2017-12-05 11:10:32 - [TEST_STEP][PASSED] - Statement - G_SplitOrderAmt2 = G_OrderAmt - 2: null

2017-12-05 11:10:32 - [TEST_STEP][PASSED] - Statement - println(G_SplitOrderAmt1): null

2017-12-05 11:10:32 - [TEST_STEP][PASSED] - Statement - println(G_SplitOrderAmt2): null

2017-12-05 11:10:32 - [TEST_STEP][PASSED] - delay: Delayed 2 second(s)

2017-12-05 11:10:34 - [MESSAGE][PASSED] - Delayed 2 second(s)

2017-12-05 11:10:34 - [TEST_STEP][PASSED] - comment: *********Line 1: Credit Card Started***********************

2017-12-05 11:10:34 - [TEST_STEP][PASSED] - click: Object: 'Object Repository/Parts/PartsSalesOrder/PartSalesOrder_CCInterface/SplitPayment/Page_Infor LN UI (1)/CCInterface_Split_New' is clicked on

2017-12-05 11:10:34 - [MESSAGE][PASSED] - Object: 'Object Repository/Parts/PartsSalesOrder/PartSalesOrder_CCInterface/SplitPayment/Page_Infor LN UI (1)/CCInterface_Split_New' is clicked on

2017-12-05 11:10:34 - [TEST_STEP][PASSED] - delay: Delayed 2 second(s)

2017-12-05 11:10:36 - [MESSAGE][PASSED] - Delayed 2 second(s)

2017-12-05 11:10:36 - [TEST_STEP][PASSED] - click: Object: 'Object Repository/Parts/PartsSalesOrder/PartSalesOrder_CCInterface/SplitPayment/Page_Infor LN UI (1)/CC_Interface_Split_CC1_add' is clicked on

2017-12-05 11:10:37 - [MESSAGE][PASSED] - Object: 'Object Repository/Parts/PartsSalesOrder/PartSalesOrder_CCInterface/SplitPayment/Page_Infor LN UI (1)/CC_Interface_Split_CC1_add' is clicked on

2017-12-05 11:10:37 - [TEST_STEP][PASSED] - delay: Delayed 2 second(s)

2017-12-05 11:10:39 - [MESSAGE][PASSED] - Delayed 2 second(s)

2017-12-05 11:10:39 - [TEST_STEP][PASSED] - sendKeys: Keys '4012000033330026' sent to object: 'Object Repository/Parts/PartsSalesOrder/PartSalesOrder_CCInterface/SplitPayment/Page_Infor LN UI (1)/CC_Interface_Split_CC1_add'

2017-12-05 11:10:39 - [MESSAGE][PASSED] - Keys '4012000033330026' sent to object: 'Object Repository/Parts/PartsSalesOrder/PartSalesOrder_CCInterface/SplitPayment/Page_Infor LN UI (1)/CC_Interface_Split_CC1_add'

2017-12-05 11:10:39 - [TEST_STEP][PASSED] - click: Object: 'Object Repository/Parts/PartsSalesOrder/PartSalesOrder_CCInterface/SplitPayment/Page_Infor LN UI (1)/CCInterface_Split_CVV1_add' is clicked on

2017-12-05 11:10:39 - [MESSAGE][PASSED] - Object: 'Object Repository/Parts/PartsSalesOrder/PartSalesOrder_CCInterface/SplitPayment/Page_Infor LN UI (1)/CCInterface_Split_CVV1_add' is clicked on

2017-12-05 11:10:39 - [TEST_STEP][PASSED] - delay: Delayed 2 second(s)

2017-12-05 11:10:41 - [MESSAGE][PASSED] - Delayed 2 second(s)

2017-12-05 11:10:41 - [TEST_STEP][PASSED] - sendKeys: Keys '456' sent to object: 'Object Repository/Parts/PartsSalesOrder/PartSalesOrder_CCInterface/SplitPayment/Page_Infor LN UI (1)/CCInterface_Split_CVV1_add'

2017-12-05 11:10:41 - [MESSAGE][PASSED] - Keys '456' sent to object: 'Object Repository/Parts/PartsSalesOrder/PartSalesOrder_CCInterface/SplitPayment/Page_Infor LN UI (1)/CCInterface_Split_CVV1_add'

2017-12-05 11:10:41 - [TEST_STEP][FAILED] - scrollToElement: Unable to scroll to object 'Object Repository/Parts/PartsSalesOrder/PartSalesOrder_CCInterface/SplitPayment/Page_Infor LN UI (1)/CCInterface_Split_Order1_add' (Root cause: com.kms.katalon.core.webui.exception.WebElementNotFoundException: Web element with id: 'Object Repository/Parts/PartsSalesOrder/PartSalesOrder_CCInterface/SplitPayment/Page_Infor LN UI (1)/CCInterface_Split_Order1_add' located by 'By.xpath: //*[@id = 'xiext8105m000-6-grid-1-xiext805.oamt.rq-28-0-widget']' not found)

2017-12-05 11:11:15 - [MESSAGE][FAILED] - Unable to scroll to object 'Object Repository/Parts/PartsSalesOrder/PartSalesOrder_CCInterface/SplitPayment/Page_Infor LN UI (1)/CCInterface_Split_Order1_add' (Root cause: com.kms.katalon.core.webui.exception.WebElementNotFoundException: Web element with id: 'Object Repository/Parts/PartsSalesOrder/PartSalesOrder_CCInterface/SplitPayment/Page_Infor LN UI (1)/CCInterface_Split_Order1_add' located by 'By.xpath: //*[@id = 'xiext8105m000-6-grid-1-xiext805.oamt.rq-28-0-widget']' not found)
[[ATTACHMENT|C:\\Users\\rgajbhiye\\git\\CreditCard\\Reports\\Proxima\\CC_PartsTestSuite\\20171205_110803\\1512452475380.png]]

2017-12-05 11:11:15 - [TEST_STEP][INCOMPLETE] - click: Finding web element with id: 'Object Repository/Parts/PartsSalesOrder/PartSalesOrder_CCInterface/SplitPayment/Page_Infor LN UI (1)/CCInterface_Split_Order1_add' located by 'By.xpath: //*[@id = 'xiext8105m000-6-grid-1-xiext805.oamt.rq-28-0-widget']' in '30' second(s)]]></system-out>
         <system-err><![CDATA[2017-12-05 11:08:12 - [TEST_CASE][INCOMPLETE] - Test Cases/Parts/CreditCardRegression/TC002_Parts_CreditCard - Iteration 1: null]]></system-err>
      </testcase>
      <system-out><![CDATA[2017-12-05 11:08:11 - [TEST_SUITE][INCOMPLETE] - CC_PartsTestSuite: null]]></system-out>
      <system-err><![CDATA[2017-12-05 11:08:11 - [TEST_SUITE][INCOMPLETE] - CC_PartsTestSuite: null]]></system-err>
   </testsuite>
</testsuites>
