<?xml version="1.0" encoding="UTF-8"?>
<testsuites name="CC_PartsTestSuite" time="218" tests="0" failures="0" errors="0">
   <testsuite name="CC_PartsTestSuite" tests="0" failures="0" errors="0" time="218" timestamp="2017-10-26 13:56:48" hostname="rgajbhiye - EET-RG.e-emphasys.com" id="Test Suites/CC_PartsTestSuite">
      <properties>
         <property name="deviceName" value=""/>
         <property name="devicePlatform" value=""/>
         <property name="logFolder" value="C:\\Users\\rgajbhiye\\Katalon Studio\\CreditCardSuite\\Reports\\CC_PartsTestSuite\\20171026_135640"/>
         <property name="logFiles" value="C:\\Users\\rgajbhiye\\Katalon Studio\\CreditCardSuite\\Reports\\CC_PartsTestSuite\\20171026_135640\\execution0.log"/>
         <property name="attachments" value=""/>
         <property name="hostName" value="rgajbhiye - EET-RG.e-emphasys.com"/>
         <property name="os" value="Windows 7 64bit"/>
         <property name="katalonVersion" value="4.8.0.2"/>
         <property name="browser" value="Firefox 43.0"/>
         <property name="hostAddress" value="192.168.25.107"/>
         <property name="sessionId" value="26fe4cd8-56a6-439f-bae0-9507dd34a2c1"/>
         <property name="seleniumVersion" value="2.53.0"/>
         <property name="proxyInformation" value="ProxyInformation{proxyOption=NO_PROXY, proxyServerType=HTTP, password=, proxyServerAddress=, proxyServerPort=0}"/>
         <property name="platform" value="Windows 7"/>
      </properties>
      <testcase name="Test Cases/Parts/CreditCardRegression/TC001_Parts_CreditCard" classname="Test Cases/Parts/CreditCardRegression/TC001_Parts_CreditCard" status="INCOMPLETE">
         <system-out><![CDATA[2017-10-26 13:56:49 - [TEST_CASE][INCOMPLETE] - Test Cases/Parts/CreditCardRegression/TC001_Parts_CreditCard: null

2017-10-26 13:56:50 - [TEST_STEP][PASSED] - callTestCase: Call Test Case 'Test Cases/Parts/BaseTestCases/Base_Part_CreateHeader_WithCC' successfully

2017-10-26 13:56:51 - [TEST_CASE][PASSED] - Test Cases/Parts/BaseTestCases/Base_Part_CreateHeader_WithCC: Test Cases/Parts/BaseTestCases/Base_Part_CreateHeader_WithCC

2017-10-26 13:56:51 - [TEST_STEP][PASSED] - callTestCase: Call Test Case 'Test Cases/Common/Base_Common_OpenSession' successfully

2017-10-26 13:56:52 - [TEST_CASE][PASSED] - Test Cases/Common/Base_Common_OpenSession: Test Cases/Common/Base_Common_OpenSession

2017-10-26 13:56:52 - [TEST_STEP][PASSED] - openBrowser: Browser is opened with url: 'https://rgajbhiye:Robin$123@proxima-ln4.e-emphasys.com:8441/webui/servlet/login'

2017-10-26 13:57:04 - [MESSAGE][PASSED] - Browser is opened with url: 'https://rgajbhiye:Robin$123@proxima-ln4.e-emphasys.com:8441/webui/servlet/login'

2017-10-26 13:57:04 - [TEST_STEP][PASSED] - waitForPageLoad: Wait for page load successfully

2017-10-26 13:57:05 - [MESSAGE][PASSED] - Wait for page load successfully

2017-10-26 13:57:05 - [TEST_STEP][PASSED] - maximizeWindow: Current window maximized

2017-10-26 13:57:05 - [MESSAGE][PASSED] - Current window maximized

2017-10-26 13:57:05 - [TEST_STEP][PASSED] - click: Object: 'Object Repository/Common/HomePage/HomePage_more' is clicked on

2017-10-26 13:57:08 - [MESSAGE][PASSED] - Object: 'Object Repository/Common/HomePage/HomePage_more' is clicked on

2017-10-26 13:57:08 - [TEST_STEP][PASSED] - click: Object: 'Object Repository/Common/HomePage/HomePage_Option' is clicked on

2017-10-26 13:57:09 - [MESSAGE][PASSED] - Object: 'Object Repository/Common/HomePage/HomePage_Option' is clicked on

2017-10-26 13:57:09 - [TEST_STEP][PASSED] - click: Object: 'Object Repository/Common/HomePage/HomePage_RunProgram_' is clicked on

2017-10-26 13:57:09 - [MESSAGE][PASSED] - Object: 'Object Repository/Common/HomePage/HomePage_RunProgram_' is clicked on

2017-10-26 13:57:09 - [TEST_STEP][PASSED] - sendKeys: Keys 'tdsls4500m002' sent to object: 'Object Repository/Common/HomePage/HomePage_Session_ID'

2017-10-26 13:57:10 - [MESSAGE][PASSED] - Keys 'tdsls4500m002' sent to object: 'Object Repository/Common/HomePage/HomePage_Session_ID'

2017-10-26 13:57:10 - [TEST_STEP][PASSED] - click: Object: 'Object Repository/Common/HomePage/HomePage_OkButton' is clicked on

2017-10-26 13:57:10 - [MESSAGE][PASSED] - Object: 'Object Repository/Common/HomePage/HomePage_OkButton' is clicked on

2017-10-26 13:57:10 - [MESSAGE][PASSED] - Call Test Case 'Test Cases/Common/Base_Common_OpenSession' successfully

2017-10-26 13:57:10 - [TEST_STEP][PASSED] - click: Object: 'Object Repository/Parts/PartsSalesOrder/PartsSaleOrderHeader/PartSaleOrder_NewButton' is clicked on

2017-10-26 13:57:14 - [MESSAGE][PASSED] - Object: 'Object Repository/Parts/PartsSalesOrder/PartsSaleOrderHeader/PartSaleOrder_NewButton' is clicked on

2017-10-26 13:57:14 - [TEST_STEP][PASSED] - waitForElementPresent: Object 'Object Repository/Parts/PartsSalesOrder/PartsSaleOrderHeader/Partsalesorder_customer' is present

2017-10-26 13:57:18 - [MESSAGE][PASSED] - Object 'Object Repository/Parts/PartsSalesOrder/PartsSaleOrderHeader/Partsalesorder_customer' is present

2017-10-26 13:57:18 - [TEST_STEP][PASSED] - setText: Text 'M00000010' is set on object 'Object Repository/Parts/PartsSalesOrder/PartsSaleOrderHeader/Partsalesorder_customer'

2017-10-26 13:57:19 - [MESSAGE][PASSED] - Text 'M00000010' is set on object 'Object Repository/Parts/PartsSalesOrder/PartsSaleOrderHeader/Partsalesorder_customer'

2017-10-26 13:57:19 - [TEST_STEP][NOT_RUN] - sendKeys: NOT_RUN: sendKeys

2017-10-26 13:57:19 - [MESSAGE][NOT_RUN] - NOT_RUN: sendKeys

2017-10-26 13:57:19 - [TEST_STEP][PASSED] - click: Object: 'Object Repository/Parts/PartsSalesOrder/PartsSaleOrderHeader/PartSalesorder_Save' is clicked on

2017-10-26 13:57:19 - [MESSAGE][PASSED] - Object: 'Object Repository/Parts/PartsSalesOrder/PartsSaleOrderHeader/PartSalesorder_Save' is clicked on

2017-10-26 13:57:19 - [TEST_STEP][PASSED] - dragAndDropByOffset: Dragged object with id 'Object Repository/Parts/PartsSalesOrder/PartsSaleOrderHeader/PartSalesOrder_scroller' by offset distance x = 0 and y = -100 successfully

2017-10-26 13:57:31 - [MESSAGE][PASSED] - Dragged object with id 'Object Repository/Parts/PartsSalesOrder/PartsSaleOrderHeader/PartSalesOrder_scroller' by offset distance x = 0 and y = -100 successfully

2017-10-26 13:57:31 - [TEST_STEP][PASSED] - delay: Delayed 5 second(s)

2017-10-26 13:57:36 - [MESSAGE][PASSED] - Delayed 5 second(s)

2017-10-26 13:57:36 - [TEST_STEP][PASSED] - Statement - G_Part_PSO = com.kms.katalon.core.webui.keyword.WebUiBuiltInKeywords.getAttribute(com.kms.katalon.core.testobject.ObjectRepository.findTestObject(Parts/PartsSalesOrder/PartsSaleOrderHeader/PartSalesOrder_OrderNo), "value"): Attribute 'value' of object 'Object Repository/Parts/PartsSalesOrder/PartsSaleOrderHeader/PartSalesOrder_OrderNo' is: 'TP0000923'

2017-10-26 13:57:36 - [MESSAGE][PASSED] - Attribute 'value' of object 'Object Repository/Parts/PartsSalesOrder/PartsSaleOrderHeader/PartSalesOrder_OrderNo' is: 'TP0000923'

2017-10-26 13:57:36 - [TEST_STEP][PASSED] - Statement - println("sale order number" + G_Part_PSO): null

2017-10-26 13:57:36 - [TEST_STEP][PASSED] - click: Object: 'Object Repository/Parts/PartsSalesOrder/PartsSaleOrderHeader/PartSaleOrder_OtherDetailsTab' is clicked on

2017-10-26 13:57:37 - [MESSAGE][PASSED] - Object: 'Object Repository/Parts/PartsSalesOrder/PartsSaleOrderHeader/PartSaleOrder_OtherDetailsTab' is clicked on

2017-10-26 13:57:37 - [TEST_STEP][PASSED] - delay: Delayed 2 second(s)

2017-10-26 13:57:39 - [MESSAGE][PASSED] - Delayed 2 second(s)

2017-10-26 13:57:39 - [TEST_STEP][PASSED] - click: Object: 'Object Repository/Parts/PartsSalesOrder/PartsSaleOrderHeader/PartSalesOrder_ModeOfPayment' is clicked on

2017-10-26 13:57:39 - [MESSAGE][PASSED] - Object: 'Object Repository/Parts/PartsSalesOrder/PartsSaleOrderHeader/PartSalesOrder_ModeOfPayment' is clicked on

2017-10-26 13:57:39 - [TEST_STEP][PASSED] - click: Object: 'Object Repository/Parts/PartsSalesOrder/PartsSaleOrderHeader/PartSalesOrder_CreditCardOption' is clicked on

2017-10-26 13:57:40 - [MESSAGE][PASSED] - Object: 'Object Repository/Parts/PartsSalesOrder/PartsSaleOrderHeader/PartSalesOrder_CreditCardOption' is clicked on

2017-10-26 13:57:40 - [TEST_STEP][PASSED] - click: Object: 'Object Repository/Parts/PartsSalesOrder/PartsSaleOrderHeader/PartSalesorder_Save' is clicked on

2017-10-26 13:57:40 - [MESSAGE][PASSED] - Object: 'Object Repository/Parts/PartsSalesOrder/PartsSaleOrderHeader/PartSalesorder_Save' is clicked on

2017-10-26 13:57:40 - [MESSAGE][PASSED] - Call Test Case 'Test Cases/Parts/BaseTestCases/Base_Part_CreateHeader_WithCC' successfully

2017-10-26 13:57:40 - [TEST_STEP][PASSED] - callTestCase: Call Test Case 'Test Cases/Parts/BaseTestCases/Base_Part_AddPartLinePos1' successfully

2017-10-26 13:57:40 - [TEST_CASE][PASSED] - Test Cases/Parts/BaseTestCases/Base_Part_AddPartLinePos1: Test Cases/Parts/BaseTestCases/Base_Part_AddPartLinePos1

2017-10-26 13:57:41 - [TEST_STEP][PASSED] - click: Object: 'Object Repository/Parts/PartsSalesOrder/PartSalesOrderLine1/PartSaleOrderLine1_newpart' is clicked on

2017-10-26 13:57:48 - [MESSAGE][PASSED] - Object: 'Object Repository/Parts/PartsSalesOrder/PartSalesOrderLine1/PartSaleOrderLine1_newpart' is clicked on

2017-10-26 13:57:48 - [TEST_STEP][PASSED] - delay: Delayed 3 second(s)

2017-10-26 13:57:51 - [MESSAGE][PASSED] - Delayed 3 second(s)

2017-10-26 13:57:51 - [TEST_STEP][PASSED] - setText: Text 'KP3' is set on object 'Object Repository/Parts/PartsSalesOrder/PartSalesOrderLine1/PartSaleOrderLine1_PartNumber'

2017-10-26 13:57:51 - [MESSAGE][PASSED] - Text 'KP3' is set on object 'Object Repository/Parts/PartsSalesOrder/PartSalesOrderLine1/PartSaleOrderLine1_PartNumber'

2017-10-26 13:57:51 - [TEST_STEP][PASSED] - scrollToElement: Scroll to object 'Object Repository/Parts/PartsSalesOrder/PartSalesOrderLine1/PartSaleOrderLine1_Quantity' successfully

2017-10-26 13:57:58 - [MESSAGE][PASSED] - Scroll to object 'Object Repository/Parts/PartsSalesOrder/PartSalesOrderLine1/PartSaleOrderLine1_Quantity' successfully

2017-10-26 13:57:58 - [TEST_STEP][PASSED] - click: Object: 'Object Repository/Parts/PartsSalesOrder/PartSalesOrderLine1/PartSaleOrderLine1_Quantity' is clicked on

2017-10-26 13:58:06 - [MESSAGE][PASSED] - Object: 'Object Repository/Parts/PartsSalesOrder/PartSalesOrderLine1/PartSaleOrderLine1_Quantity' is clicked on

2017-10-26 13:58:06 - [TEST_STEP][PASSED] - setText: Text '3' is set on object 'Object Repository/Parts/PartsSalesOrder/PartSalesOrderLine1/PartSaleOrderLine1-Qty1'

2017-10-26 13:58:08 - [MESSAGE][PASSED] - Text '3' is set on object 'Object Repository/Parts/PartsSalesOrder/PartSalesOrderLine1/PartSaleOrderLine1-Qty1'

2017-10-26 13:58:08 - [TEST_STEP][PASSED] - click: Object: 'Object Repository/Parts/PartsSalesOrder/PartsSaleOrderHeader/PartSalesorder_Save' is clicked on

2017-10-26 13:58:08 - [MESSAGE][PASSED] - Object: 'Object Repository/Parts/PartsSalesOrder/PartsSaleOrderHeader/PartSalesorder_Save' is clicked on

2017-10-26 13:58:08 - [TEST_STEP][PASSED] - delay: Delayed 10 second(s)

2017-10-26 13:58:19 - [MESSAGE][PASSED] - Delayed 10 second(s)

2017-10-26 13:58:19 - [TEST_STEP][NOT_RUN] - scrollToElement: NOT_RUN: scrollToElement

2017-10-26 13:58:19 - [MESSAGE][NOT_RUN] - NOT_RUN: scrollToElement

2017-10-26 13:58:19 - [TEST_STEP][NOT_RUN] - Statement - G_InvoiceAmt = com.kms.katalon.core.webui.keyword.WebUiBuiltInKeywords.getText(com.kms.katalon.core.testobject.ObjectRepository.findTestObject(tdtre4101m002/Line1/firmPrice)): NOT_RUN: Statement - G_InvoiceAmt = com.kms.katalon.core.webui.keyword.WebUiBuiltInKeywords.getText(com.kms.katalon.core.testobject.ObjectRepository.findTestObject(tdtre4101m002/Line1/firmPrice))

2017-10-26 13:58:19 - [MESSAGE][NOT_RUN] - NOT_RUN: Statement - G_InvoiceAmt = com.kms.katalon.core.webui.keyword.WebUiBuiltInKeywords.getText(com.kms.katalon.core.testobject.ObjectRepository.findTestObject(tdtre4101m002/Line1/firmPrice))

2017-10-26 13:58:19 - [TEST_STEP][NOT_RUN] - Statement - Qty1 = com.kms.katalon.core.webui.keyword.WebUiBuiltInKeywords.getText(com.kms.katalon.core.testobject.ObjectRepository.findTestObject(tdtre4101m002/Line1/input_tdtre4101s002-Qty)): NOT_RUN: Statement - Qty1 = com.kms.katalon.core.webui.keyword.WebUiBuiltInKeywords.getText(com.kms.katalon.core.testobject.ObjectRepository.findTestObject(tdtre4101m002/Line1/input_tdtre4101s002-Qty))

2017-10-26 13:58:19 - [MESSAGE][NOT_RUN] - NOT_RUN: Statement - Qty1 = com.kms.katalon.core.webui.keyword.WebUiBuiltInKeywords.getText(com.kms.katalon.core.testobject.ObjectRepository.findTestObject(tdtre4101m002/Line1/input_tdtre4101s002-Qty))

2017-10-26 13:58:19 - [TEST_STEP][NOT_RUN] - Statement - G_OrderLineAmt = G_FirmPrice * Qty1: NOT_RUN: Statement - G_OrderLineAmt = G_FirmPrice * Qty1

2017-10-26 13:58:19 - [MESSAGE][NOT_RUN] - NOT_RUN: Statement - G_OrderLineAmt = G_FirmPrice * Qty1

2017-10-26 13:58:19 - [TEST_STEP][NOT_RUN] - Statement - println("GlobalVariable.G_FirmPrice" + G_FirmPrice): NOT_RUN: Statement - println("GlobalVariable.G_FirmPrice" + G_FirmPrice)

2017-10-26 13:58:19 - [MESSAGE][NOT_RUN] - NOT_RUN: Statement - println("GlobalVariable.G_FirmPrice" + G_FirmPrice)

2017-10-26 13:58:19 - [TEST_STEP][NOT_RUN] - Statement - println("GlobalVariable.G_OrderLineAmt" + G_OrderLineAmt): NOT_RUN: Statement - println("GlobalVariable.G_OrderLineAmt" + G_OrderLineAmt)

2017-10-26 13:58:19 - [MESSAGE][NOT_RUN] - NOT_RUN: Statement - println("GlobalVariable.G_OrderLineAmt" + G_OrderLineAmt)

2017-10-26 13:58:19 - [MESSAGE][PASSED] - Call Test Case 'Test Cases/Parts/BaseTestCases/Base_Part_AddPartLinePos1' successfully

2017-10-26 13:58:19 - [TEST_STEP][PASSED] - callTestCase: Call Test Case 'Test Cases/Parts/BaseTestCases/Base_Part_PickPacknInvoice' successfully

2017-10-26 13:58:19 - [TEST_CASE][PASSED] - Test Cases/Parts/BaseTestCases/Base_Part_PickPacknInvoice: Test Cases/Parts/BaseTestCases/Base_Part_PickPacknInvoice

2017-10-26 13:58:19 - [TEST_STEP][PASSED] - click: Object: 'Object Repository/Parts/PartsSalesOrder/PartsSaleOrderHeader/PartSalesOrder_Action' is clicked on

2017-10-26 13:58:20 - [MESSAGE][PASSED] - Object: 'Object Repository/Parts/PartsSalesOrder/PartsSaleOrderHeader/PartSalesOrder_Action' is clicked on

2017-10-26 13:58:20 - [TEST_STEP][PASSED] - delay: Delayed 3 second(s)

2017-10-26 13:58:23 - [MESSAGE][PASSED] - Delayed 3 second(s)

2017-10-26 13:58:23 - [TEST_STEP][PASSED] - waitForElementClickable: Object 'Object Repository/Parts/PartsSalesOrder/PartsSaleOrderHeader/PartSalesOrder_PickPacknInvoice' is clickable

2017-10-26 13:58:23 - [MESSAGE][PASSED] - Object 'Object Repository/Parts/PartsSalesOrder/PartsSaleOrderHeader/PartSalesOrder_PickPacknInvoice' is clickable

2017-10-26 13:58:23 - [TEST_STEP][PASSED] - click: Object: 'Object Repository/Parts/PartsSalesOrder/PartsSaleOrderHeader/PartSalesOrder_PickPacknInvoice' is clicked on

2017-10-26 13:58:23 - [MESSAGE][PASSED] - Object: 'Object Repository/Parts/PartsSalesOrder/PartsSaleOrderHeader/PartSalesOrder_PickPacknInvoice' is clicked on

2017-10-26 13:58:23 - [TEST_STEP][PASSED] - delay: Delayed 5 second(s)

2017-10-26 13:58:29 - [MESSAGE][PASSED] - Delayed 5 second(s)

2017-10-26 13:58:29 - [TEST_STEP][NOT_RUN] - click: NOT_RUN: click

2017-10-26 13:58:29 - [MESSAGE][NOT_RUN] - NOT_RUN: click

2017-10-26 13:58:29 - [TEST_STEP][PASSED] - Statement - If (com.kms.katalon.core.webui.keyword.WebUiBuiltInKeywords.verifyElementVisible(com.kms.katalon.core.testobject.ObjectRepository.findTestObject(Object Repository/Parts/PartsSalesOrder/PartsSaleOrderHeader/PartSalesOrder_LocationOption)) == true): Object: 'Object Repository/Parts/PartsSalesOrder/PartsSaleOrderHeader/PartSalesOrder_LocationOption' is clicked on

2017-10-26 13:58:29 - [MESSAGE][PASSED] - Object 'Object Repository/Parts/PartsSalesOrder/PartsSaleOrderHeader/PartSalesOrder_LocationOption' is visible

2017-10-26 13:58:29 - [TEST_STEP][PASSED] - click: Object: 'Object Repository/Parts/PartsSalesOrder/PartsSaleOrderHeader/PartSalesOrder_LocationOption' is clicked on

2017-10-26 13:58:29 - [MESSAGE][PASSED] - Object: 'Object Repository/Parts/PartsSalesOrder/PartsSaleOrderHeader/PartSalesOrder_LocationOption' is clicked on

2017-10-26 13:58:29 - [TEST_STEP][PASSED] - delay: Delayed 3 second(s)

2017-10-26 13:58:32 - [MESSAGE][PASSED] - Delayed 3 second(s)

2017-10-26 13:58:32 - [TEST_STEP][NOT_RUN] - Statement - If (com.kms.katalon.core.webui.keyword.WebUiBuiltInKeywords.verifyElementVisible(com.kms.katalon.core.testobject.ObjectRepository.findTestObject(Object Repository/Parts/PartsSalesOrder/PartsSaleOrderHeader/PartSaleOrder_PackingSlipClose)) == true): NOT_RUN: Statement - If (com.kms.katalon.core.webui.keyword.WebUiBuiltInKeywords.verifyElementVisible(com.kms.katalon.core.testobject.ObjectRepository.findTestObject(Object Repository/Parts/PartsSalesOrder/PartsSaleOrderHeader/PartSaleOrder_PackingSlipClose)) == true)

2017-10-26 13:58:32 - [MESSAGE][NOT_RUN] - NOT_RUN: Statement - If (com.kms.katalon.core.webui.keyword.WebUiBuiltInKeywords.verifyElementVisible(com.kms.katalon.core.testobject.ObjectRepository.findTestObject(Object Repository/Parts/PartsSalesOrder/PartsSaleOrderHeader/PartSaleOrder_PackingSlipClose)) == true)

2017-10-26 13:58:32 - [TEST_STEP][PASSED] - click: Object: 'Object Repository/Parts/PartsSalesOrder/PartsSaleOrderHeader/PartSalesOrder_ContinueInvoiceOption' is clicked on

2017-10-26 13:58:33 - [MESSAGE][PASSED] - Object: 'Object Repository/Parts/PartsSalesOrder/PartsSaleOrderHeader/PartSalesOrder_ContinueInvoiceOption' is clicked on

2017-10-26 13:58:33 - [TEST_STEP][PASSED] - delay: Delayed 3 second(s)

2017-10-26 13:58:36 - [MESSAGE][PASSED] - Delayed 3 second(s)

2017-10-26 13:58:36 - [TEST_STEP][PASSED] - setText: Text 'GLOBAL' is set on object 'Object Repository/Parts/PartsSalesOrder/PartSalesOrder_CCInterface/CCInterface_PaymentGateway'

2017-10-26 13:58:36 - [MESSAGE][PASSED] - Text 'GLOBAL' is set on object 'Object Repository/Parts/PartsSalesOrder/PartSalesOrder_CCInterface/CCInterface_PaymentGateway'

2017-10-26 13:58:36 - [TEST_STEP][PASSED] - doubleClick: Object: 'Object Repository/Parts/PartsSalesOrder/PartSalesOrder_CCInterface/CCInterface_CardType' is double clicked on

2017-10-26 13:58:37 - [MESSAGE][PASSED] - Object: 'Object Repository/Parts/PartsSalesOrder/PartSalesOrder_CCInterface/CCInterface_CardType' is double clicked on

2017-10-26 13:58:37 - [TEST_STEP][PASSED] - setText: Text 'DEBIT MASTERCARD' is set on object 'Object Repository/Parts/PartsSalesOrder/PartSalesOrder_CCInterface/CCInterface_CardType'

2017-10-26 13:58:37 - [MESSAGE][PASSED] - Text 'DEBIT MASTERCARD' is set on object 'Object Repository/Parts/PartsSalesOrder/PartSalesOrder_CCInterface/CCInterface_CardType'

2017-10-26 13:58:37 - [TEST_STEP][PASSED] - delay: Delayed 3 second(s)

2017-10-26 13:58:40 - [MESSAGE][PASSED] - Delayed 3 second(s)

2017-10-26 13:58:40 - [TEST_STEP][PASSED] - doubleClick: Object: 'Object Repository/Parts/PartsSalesOrder/PartSalesOrder_CCInterface/CCInterface_CardNo' is double clicked on

2017-10-26 13:58:41 - [MESSAGE][PASSED] - Object: 'Object Repository/Parts/PartsSalesOrder/PartSalesOrder_CCInterface/CCInterface_CardNo' is double clicked on

2017-10-26 13:58:41 - [TEST_STEP][PASSED] - setText: Text '5100270000000007' is set on object 'Object Repository/Parts/PartsSalesOrder/PartSalesOrder_CCInterface/CCInterface_CardNo'

2017-10-26 13:58:41 - [MESSAGE][PASSED] - Text '5100270000000007' is set on object 'Object Repository/Parts/PartsSalesOrder/PartSalesOrder_CCInterface/CCInterface_CardNo'

2017-10-26 13:58:41 - [TEST_STEP][PASSED] - setText: Text '555' is set on object 'Object Repository/Parts/PartsSalesOrder/PartSalesOrder_CCInterface/CCInterface_CVV'

2017-10-26 13:58:41 - [MESSAGE][PASSED] - Text '555' is set on object 'Object Repository/Parts/PartsSalesOrder/PartSalesOrder_CCInterface/CCInterface_CVV'

2017-10-26 13:58:41 - [TEST_STEP][PASSED] - setText: Text '09' is set on object 'Object Repository/Parts/PartsSalesOrder/PartSalesOrder_CCInterface/CCInterface_MM'

2017-10-26 13:58:42 - [MESSAGE][PASSED] - Text '09' is set on object 'Object Repository/Parts/PartsSalesOrder/PartSalesOrder_CCInterface/CCInterface_MM'

2017-10-26 13:58:42 - [TEST_STEP][PASSED] - setText: Text '99' is set on object 'Object Repository/Parts/PartsSalesOrder/PartSalesOrder_CCInterface/CCInterface_YY'

2017-10-26 13:58:42 - [MESSAGE][PASSED] - Text '99' is set on object 'Object Repository/Parts/PartsSalesOrder/PartSalesOrder_CCInterface/CCInterface_YY'

2017-10-26 13:58:42 - [TEST_STEP][PASSED] - click: Object: 'Object Repository/Parts/PartsSalesOrder/PartSalesOrder_CCInterface/CCInterface_Process' is clicked on

2017-10-26 13:58:43 - [MESSAGE][PASSED] - Object: 'Object Repository/Parts/PartsSalesOrder/PartSalesOrder_CCInterface/CCInterface_Process' is clicked on

2017-10-26 13:58:43 - [TEST_STEP][PASSED] - delay: Delayed 5 second(s)

2017-10-26 13:58:48 - [MESSAGE][PASSED] - Delayed 5 second(s)

2017-10-26 13:58:48 - [TEST_STEP][PASSED] - waitForElementPresent: Object 'Object Repository/Parts/PartsSalesOrder/PartsSaleOrderHeader/PartSaleOrder_InvoiceRptDevice' is present

2017-10-26 13:58:53 - [MESSAGE][PASSED] - Object 'Object Repository/Parts/PartsSalesOrder/PartsSaleOrderHeader/PartSaleOrder_InvoiceRptDevice' is present

2017-10-26 13:58:53 - [TEST_STEP][PASSED] - setText: Text 'D' is set on object 'Object Repository/Parts/PartsSalesOrder/PartsSaleOrderHeader/PartSaleOrder_InvoiceRptDevice'

2017-10-26 13:58:53 - [MESSAGE][PASSED] - Text 'D' is set on object 'Object Repository/Parts/PartsSalesOrder/PartsSaleOrderHeader/PartSaleOrder_InvoiceRptDevice'

2017-10-26 13:58:53 - [TEST_STEP][PASSED] - click: Object: 'Object Repository/Parts/PartsSalesOrder/PartsSaleOrderHeader/PartSaleOrder_InvoiceRptContinue' is clicked on

2017-10-26 13:58:54 - [MESSAGE][PASSED] - Object: 'Object Repository/Parts/PartsSalesOrder/PartsSaleOrderHeader/PartSaleOrder_InvoiceRptContinue' is clicked on

2017-10-26 13:58:54 - [TEST_STEP][PASSED] - delay: Delayed 10 second(s)

2017-10-26 13:59:04 - [MESSAGE][PASSED] - Delayed 10 second(s)

2017-10-26 13:59:04 - [MESSAGE][PASSED] - Call Test Case 'Test Cases/Parts/BaseTestCases/Base_Part_PickPacknInvoice' successfully

2017-10-26 13:59:04 - [TEST_STEP][PASSED] - callTestCase: Call Test Case 'Test Cases/Parts/BaseTestCases/Base_Part_GetInvoiceDetails' successfully

2017-10-26 13:59:04 - [TEST_CASE][PASSED] - Test Cases/Parts/BaseTestCases/Base_Part_GetInvoiceDetails: Test Cases/Parts/BaseTestCases/Base_Part_GetInvoiceDetails

2017-10-26 13:59:05 - [TEST_STEP][PASSED] - callTestCase: Call Test Case 'Test Cases/Common/Base_Common_OpenSession' successfully

2017-10-26 13:59:05 - [TEST_CASE][PASSED] - Test Cases/Common/Base_Common_OpenSession: Test Cases/Common/Base_Common_OpenSession

2017-10-26 13:59:05 - [TEST_STEP][PASSED] - openBrowser: Browser is opened with url: 'https://rgajbhiye:Robin$123@proxima-ln4.e-emphasys.com:8441/webui/servlet/login'

2017-10-26 13:59:05 - [MESSAGE][WARNING] - A browser is already opened. Closing browser and opening a new one

2017-10-26 13:59:30 - [MESSAGE][PASSED] - Browser is opened with url: 'https://rgajbhiye:Robin$123@proxima-ln4.e-emphasys.com:8441/webui/servlet/login'

2017-10-26 13:59:30 - [TEST_STEP][PASSED] - waitForPageLoad: Wait for page load successfully

2017-10-26 13:59:30 - [MESSAGE][PASSED] - Wait for page load successfully

2017-10-26 13:59:30 - [TEST_STEP][PASSED] - maximizeWindow: Current window maximized

2017-10-26 13:59:30 - [MESSAGE][PASSED] - Current window maximized

2017-10-26 13:59:30 - [TEST_STEP][PASSED] - click: Object: 'Object Repository/Common/HomePage/HomePage_more' is clicked on

2017-10-26 13:59:34 - [MESSAGE][PASSED] - Object: 'Object Repository/Common/HomePage/HomePage_more' is clicked on

2017-10-26 13:59:34 - [TEST_STEP][PASSED] - click: Object: 'Object Repository/Common/HomePage/HomePage_Option' is clicked on

2017-10-26 13:59:35 - [MESSAGE][PASSED] - Object: 'Object Repository/Common/HomePage/HomePage_Option' is clicked on

2017-10-26 13:59:35 - [TEST_STEP][PASSED] - click: Object: 'Object Repository/Common/HomePage/HomePage_RunProgram_' is clicked on

2017-10-26 13:59:35 - [MESSAGE][PASSED] - Object: 'Object Repository/Common/HomePage/HomePage_RunProgram_' is clicked on

2017-10-26 13:59:35 - [TEST_STEP][PASSED] - sendKeys: Keys 'ttaad4500' sent to object: 'Object Repository/Common/HomePage/HomePage_Session_ID'

2017-10-26 13:59:35 - [MESSAGE][PASSED] - Keys 'ttaad4500' sent to object: 'Object Repository/Common/HomePage/HomePage_Session_ID'

2017-10-26 13:59:35 - [TEST_STEP][PASSED] - click: Object: 'Object Repository/Common/HomePage/HomePage_OkButton' is clicked on

2017-10-26 13:59:36 - [MESSAGE][PASSED] - Object: 'Object Repository/Common/HomePage/HomePage_OkButton' is clicked on

2017-10-26 13:59:36 - [MESSAGE][PASSED] - Call Test Case 'Test Cases/Common/Base_Common_OpenSession' successfully

2017-10-26 13:59:36 - [TEST_STEP][PASSED] - doubleClick: Object: 'Object Repository/Parts/cisli245/cisli245_package' is double clicked on

2017-10-26 13:59:37 - [MESSAGE][PASSED] - Object: 'Object Repository/Parts/cisli245/cisli245_package' is double clicked on

2017-10-26 13:59:37 - [TEST_STEP][PASSED] - setText: Text 'ci' is set on object 'Object Repository/Parts/cisli245/cisli245_package'

2017-10-26 13:59:37 - [MESSAGE][PASSED] - Text 'ci' is set on object 'Object Repository/Parts/cisli245/cisli245_package'

2017-10-26 13:59:37 - [TEST_STEP][PASSED] - doubleClick: Object: 'Object Repository/Parts/cisli245/cisli245_module' is double clicked on

2017-10-26 13:59:37 - [MESSAGE][PASSED] - Object: 'Object Repository/Parts/cisli245/cisli245_module' is double clicked on

2017-10-26 13:59:37 - [TEST_STEP][PASSED] - setText: Text 'sli' is set on object 'Object Repository/Parts/cisli245/cisli245_module'

2017-10-26 13:59:37 - [MESSAGE][PASSED] - Text 'sli' is set on object 'Object Repository/Parts/cisli245/cisli245_module'

2017-10-26 13:59:37 - [TEST_STEP][PASSED] - setText: Text '245' is set on object 'Object Repository/Parts/cisli245/cisli245_table'

2017-10-26 13:59:38 - [MESSAGE][PASSED] - Text '245' is set on object 'Object Repository/Parts/cisli245/cisli245_table'

2017-10-26 13:59:38 - [TEST_STEP][PASSED] - click: Object: 'Object Repository/Parts/cisli245/cisli245_ok' is clicked on

2017-10-26 13:59:38 - [MESSAGE][PASSED] - Object: 'Object Repository/Parts/cisli245/cisli245_ok' is clicked on

2017-10-26 13:59:38 - [TEST_STEP][NOT_RUN] - doubleClick: NOT_RUN: doubleClick

2017-10-26 13:59:38 - [MESSAGE][NOT_RUN] - NOT_RUN: doubleClick

2017-10-26 13:59:38 - [TEST_STEP][PASSED] - click: Object: 'Object Repository/Parts/cisli245/cisli245_find' is clicked on

2017-10-26 13:59:40 - [MESSAGE][PASSED] - Object: 'Object Repository/Parts/cisli245/cisli245_find' is clicked on

2017-10-26 13:59:40 - [TEST_STEP][PASSED] - doubleClick: Object: 'Object Repository/Parts/cisli245/cisli245_SaleOrder' is double clicked on

2017-10-26 13:59:41 - [MESSAGE][PASSED] - Object: 'Object Repository/Parts/cisli245/cisli245_SaleOrder' is double clicked on

2017-10-26 13:59:41 - [TEST_STEP][PASSED] - setText: Text 'TP0000923' is set on object 'Object Repository/Parts/cisli245/cisli245_SaleOrder'

2017-10-26 13:59:41 - [MESSAGE][PASSED] - Text 'TP0000923' is set on object 'Object Repository/Parts/cisli245/cisli245_SaleOrder'

2017-10-26 13:59:41 - [TEST_STEP][PASSED] - click: Object: 'Object Repository/Parts/cisli245/cisli245_oksearch' is clicked on

2017-10-26 13:59:41 - [MESSAGE][PASSED] - Object: 'Object Repository/Parts/cisli245/cisli245_oksearch' is clicked on

2017-10-26 13:59:41 - [TEST_STEP][PASSED] - delay: Delayed 3 second(s)

2017-10-26 13:59:44 - [MESSAGE][PASSED] - Delayed 3 second(s)

2017-10-26 13:59:44 - [TEST_STEP][PASSED] - getAttribute: Attribute 'value' of object 'Object Repository/Parts/cisli245/cisli245_OrderNo' is: 'TP0000923'

2017-10-26 13:59:44 - [MESSAGE][PASSED] - Attribute 'value' of object 'Object Repository/Parts/cisli245/cisli245_OrderNo' is: 'TP0000923'

2017-10-26 13:59:44 - [TEST_STEP][PASSED] - Statement - G_InvoiceTnxType = com.kms.katalon.core.webui.keyword.WebUiBuiltInKeywords.getAttribute(com.kms.katalon.core.testobject.ObjectRepository.findTestObject(Parts/cisli245/cisli245_invoice1), "value"): Attribute 'value' of object 'Object Repository/Parts/cisli245/cisli245_invoice1' is: 'ARI'

2017-10-26 13:59:44 - [MESSAGE][PASSED] - Attribute 'value' of object 'Object Repository/Parts/cisli245/cisli245_invoice1' is: 'ARI'

2017-10-26 13:59:44 - [TEST_STEP][PASSED] - Statement - G_InvoiceTnxNo = com.kms.katalon.core.webui.keyword.WebUiBuiltInKeywords.getAttribute(com.kms.katalon.core.testobject.ObjectRepository.findTestObject(Parts/cisli245/cisli245_invoice2), "value"): Attribute 'value' of object 'Object Repository/Parts/cisli245/cisli245_invoice2' is: '10000458'

2017-10-26 13:59:45 - [MESSAGE][PASSED] - Attribute 'value' of object 'Object Repository/Parts/cisli245/cisli245_invoice2' is: '10000458'

2017-10-26 13:59:45 - [TEST_STEP][PASSED] - Statement - G_InvoiceAmt = com.kms.katalon.core.webui.keyword.WebUiBuiltInKeywords.getAttribute(com.kms.katalon.core.testobject.ObjectRepository.findTestObject(Parts/cisli245/cisli245_amount), "value"): Attribute 'value' of object 'Object Repository/Parts/cisli245/cisli245_amount' is: '120'

2017-10-26 13:59:45 - [MESSAGE][PASSED] - Attribute 'value' of object 'Object Repository/Parts/cisli245/cisli245_amount' is: '120'

2017-10-26 13:59:45 - [MESSAGE][PASSED] - Call Test Case 'Test Cases/Parts/BaseTestCases/Base_Part_GetInvoiceDetails' successfully

2017-10-26 13:59:45 - [TEST_STEP][INCOMPLETE] - callTestCase: null

2017-10-26 13:59:45 - [TEST_CASE][INCOMPLETE] - Test Cases/Finance/BaseTestCases/Base_Finance_CheckOpenEntriesForCCInvoice1: null

2017-10-26 13:59:45 - [TEST_STEP][PASSED] - callTestCase: Call Test Case 'Test Cases/Common/Base_Common_OpenSession' successfully

2017-10-26 13:59:45 - [TEST_CASE][PASSED] - Test Cases/Common/Base_Common_OpenSession: Test Cases/Common/Base_Common_OpenSession

2017-10-26 13:59:45 - [TEST_STEP][PASSED] - openBrowser: Browser is opened with url: 'https://rgajbhiye:Robin$123@proxima-ln4.e-emphasys.com:8441/webui/servlet/login'

2017-10-26 13:59:45 - [MESSAGE][WARNING] - A browser is already opened. Closing browser and opening a new one

2017-10-26 13:59:55 - [MESSAGE][PASSED] - Browser is opened with url: 'https://rgajbhiye:Robin$123@proxima-ln4.e-emphasys.com:8441/webui/servlet/login'

2017-10-26 13:59:55 - [TEST_STEP][PASSED] - waitForPageLoad: Wait for page load successfully

2017-10-26 13:59:55 - [MESSAGE][PASSED] - Wait for page load successfully

2017-10-26 13:59:55 - [TEST_STEP][PASSED] - maximizeWindow: Current window maximized

2017-10-26 13:59:55 - [MESSAGE][PASSED] - Current window maximized

2017-10-26 13:59:55 - [TEST_STEP][PASSED] - click: Object: 'Object Repository/Common/HomePage/HomePage_more' is clicked on

2017-10-26 13:59:59 - [MESSAGE][PASSED] - Object: 'Object Repository/Common/HomePage/HomePage_more' is clicked on

2017-10-26 13:59:59 - [TEST_STEP][PASSED] - click: Object: 'Object Repository/Common/HomePage/HomePage_Option' is clicked on

2017-10-26 14:00:00 - [MESSAGE][PASSED] - Object: 'Object Repository/Common/HomePage/HomePage_Option' is clicked on

2017-10-26 14:00:00 - [TEST_STEP][PASSED] - click: Object: 'Object Repository/Common/HomePage/HomePage_RunProgram_' is clicked on

2017-10-26 14:00:00 - [MESSAGE][PASSED] - Object: 'Object Repository/Common/HomePage/HomePage_RunProgram_' is clicked on

2017-10-26 14:00:00 - [TEST_STEP][PASSED] - sendKeys: Keys 'tfacr2520m000' sent to object: 'Object Repository/Common/HomePage/HomePage_Session_ID'

2017-10-26 14:00:01 - [MESSAGE][PASSED] - Keys 'tfacr2520m000' sent to object: 'Object Repository/Common/HomePage/HomePage_Session_ID'

2017-10-26 14:00:01 - [TEST_STEP][PASSED] - click: Object: 'Object Repository/Common/HomePage/HomePage_OkButton' is clicked on

2017-10-26 14:00:01 - [MESSAGE][PASSED] - Object: 'Object Repository/Common/HomePage/HomePage_OkButton' is clicked on

2017-10-26 14:00:01 - [MESSAGE][PASSED] - Call Test Case 'Test Cases/Common/Base_Common_OpenSession' successfully

2017-10-26 14:00:01 - [TEST_STEP][PASSED] - click: Object: 'Object Repository/Finance/BaseTestCases_OpenEntries_Service/OpenEntries_DocumentType' is clicked on

2017-10-26 14:00:06 - [MESSAGE][PASSED] - Object: 'Object Repository/Finance/BaseTestCases_OpenEntries_Service/OpenEntries_DocumentType' is clicked on

2017-10-26 14:00:06 - [TEST_STEP][PASSED] - click: Object: 'Object Repository/Finance/BaseTestCases_OpenEntries_Service/OpenEntries_DocumentNo' is clicked on

2017-10-26 14:00:06 - [MESSAGE][PASSED] - Object: 'Object Repository/Finance/BaseTestCases_OpenEntries_Service/OpenEntries_DocumentNo' is clicked on

2017-10-26 14:00:06 - [TEST_STEP][PASSED] - setText: Text 'ARI' is set on object 'Object Repository/Finance/BaseTestCases_OpenEntries_Service/OpenEntries_DocumentType'

2017-10-26 14:00:06 - [MESSAGE][PASSED] - Text 'ARI' is set on object 'Object Repository/Finance/BaseTestCases_OpenEntries_Service/OpenEntries_DocumentType'

2017-10-26 14:00:06 - [TEST_STEP][NOT_RUN] - sendKeys: NOT_RUN: sendKeys

2017-10-26 14:00:06 - [MESSAGE][NOT_RUN] - NOT_RUN: sendKeys

2017-10-26 14:00:06 - [TEST_STEP][NOT_RUN] - delay: NOT_RUN: delay

2017-10-26 14:00:06 - [MESSAGE][NOT_RUN] - NOT_RUN: delay

2017-10-26 14:00:06 - [TEST_STEP][PASSED] - setText: Text '10000458' is set on object 'Object Repository/Finance/BaseTestCases_OpenEntries_Service/OpenEntries_DocumentNo'

2017-10-26 14:00:07 - [MESSAGE][PASSED] - Text '10000458' is set on object 'Object Repository/Finance/BaseTestCases_OpenEntries_Service/OpenEntries_DocumentNo'

2017-10-26 14:00:07 - [TEST_STEP][NOT_RUN] - delay: NOT_RUN: delay

2017-10-26 14:00:07 - [MESSAGE][NOT_RUN] - NOT_RUN: delay

2017-10-26 14:00:07 - [TEST_STEP][NOT_RUN] - sendKeys: NOT_RUN: sendKeys

2017-10-26 14:00:07 - [MESSAGE][NOT_RUN] - NOT_RUN: sendKeys

2017-10-26 14:00:07 - [TEST_STEP][PASSED] - click: Object: 'Object Repository/Finance/BaseTestCases_OpenEntries_Service/OpenEntries_Action' is clicked on

2017-10-26 14:00:09 - [MESSAGE][PASSED] - Object: 'Object Repository/Finance/BaseTestCases_OpenEntries_Service/OpenEntries_Action' is clicked on

2017-10-26 14:00:09 - [TEST_STEP][PASSED] - click: Object: 'Object Repository/Finance/BaseTestCases_OpenEntries_Service/OpenEntries.FullyPaid' is clicked on

2017-10-26 14:00:09 - [MESSAGE][PASSED] - Object: 'Object Repository/Finance/BaseTestCases_OpenEntries_Service/OpenEntries.FullyPaid' is clicked on

2017-10-26 14:00:09 - [TEST_STEP][PASSED] - delay: Delayed 5 second(s)

2017-10-26 14:00:14 - [MESSAGE][PASSED] - Delayed 5 second(s)

2017-10-26 14:00:14 - [TEST_STEP][PASSED] - scrollToElement: Scroll to object 'Object Repository/Finance/BaseTestCases_OpenEntries_Service/OpenEntries.InvoiceAmt' successfully

2017-10-26 14:00:14 - [MESSAGE][PASSED] - Scroll to object 'Object Repository/Finance/BaseTestCases_OpenEntries_Service/OpenEntries.InvoiceAmt' successfully

2017-10-26 14:00:14 - [TEST_STEP][PASSED] - delay: Delayed 5 second(s)

2017-10-26 14:00:19 - [MESSAGE][PASSED] - Delayed 5 second(s)

2017-10-26 14:00:19 - [TEST_STEP][PASSED] - Statement - BalanceAmount = com.kms.katalon.core.webui.keyword.WebUiBuiltInKeywords.getText(com.kms.katalon.core.testobject.ObjectRepository.findTestObject(Finance/BaseTestCases_OpenEntries_Service/OpenEntries.BalanceAmt)): Text of object 'Object Repository/Finance/BaseTestCases_OpenEntries_Service/OpenEntries.BalanceAmt' is: '0.00'

2017-10-26 14:00:19 - [MESSAGE][PASSED] - Text of object 'Object Repository/Finance/BaseTestCases_OpenEntries_Service/OpenEntries.BalanceAmt' is: '0.00'

2017-10-26 14:00:19 - [TEST_STEP][PASSED] - verifyEqual: Actual object '0.00' and expected object '0.00' are equal

2017-10-26 14:00:19 - [MESSAGE][PASSED] - Actual object '0.00' and expected object '0.00' are equal

2017-10-26 14:00:19 - [TEST_STEP][PASSED] - click: Object: 'Object Repository/Finance/BaseTestCases_OpenEntries_Service/OpenEntries.Reference' is clicked on

2017-10-26 14:00:20 - [MESSAGE][PASSED] - Object: 'Object Repository/Finance/BaseTestCases_OpenEntries_Service/OpenEntries.Reference' is clicked on

2017-10-26 14:00:20 - [TEST_STEP][PASSED] - setText: Text '' is set on object 'Object Repository/Finance/BaseTestCases_OpenEntries_Service/OpenEntries_DocumentType'

2017-10-26 14:00:20 - [MESSAGE][PASSED] - Text '' is set on object 'Object Repository/Finance/BaseTestCases_OpenEntries_Service/OpenEntries_DocumentType'

2017-10-26 14:00:20 - [TEST_STEP][PASSED] - setText: Text '' is set on object 'Object Repository/Finance/BaseTestCases_OpenEntries_Service/OpenEntries_DocumentNo'

2017-10-26 14:00:22 - [MESSAGE][PASSED] - Text '' is set on object 'Object Repository/Finance/BaseTestCases_OpenEntries_Service/OpenEntries_DocumentNo'

2017-10-26 14:00:22 - [TEST_STEP][PASSED] - sendKeys: Keys '' sent to object: 'Object Repository/Finance/BaseTestCases_OpenEntries_Service/OpenEntries_DocumentType'

2017-10-26 14:00:22 - [MESSAGE][PASSED] - Keys '' sent to object: 'Object Repository/Finance/BaseTestCases_OpenEntries_Service/OpenEntries_DocumentType'

2017-10-26 14:00:22 - [TEST_STEP][PASSED] - sendKeys: Keys '' sent to object: 'Object Repository/Finance/BaseTestCases_OpenEntries_Service/OpenEntries_DocumentNo'

2017-10-26 14:00:22 - [MESSAGE][PASSED] - Keys '' sent to object: 'Object Repository/Finance/BaseTestCases_OpenEntries_Service/OpenEntries_DocumentNo'

2017-10-26 14:00:22 - [TEST_STEP][PASSED] - sendKeys: Keys 'M00000182 (ARI/10000458)' sent to object: 'Object Repository/Finance/BaseTestCases_OpenEntries_Service/OpenEntries.Reference'

2017-10-26 14:00:23 - [MESSAGE][PASSED] - Keys 'M00000182 (ARI/10000458)' sent to object: 'Object Repository/Finance/BaseTestCases_OpenEntries_Service/OpenEntries.Reference'

2017-10-26 14:00:23 - [TEST_STEP][PASSED] - click: Object: 'Object Repository/Finance/BaseTestCases_OpenEntries_Service/OpenEntries_DocumentNo' is clicked on

2017-10-26 14:00:23 - [MESSAGE][PASSED] - Object: 'Object Repository/Finance/BaseTestCases_OpenEntries_Service/OpenEntries_DocumentNo' is clicked on

2017-10-26 14:00:23 - [TEST_STEP][PASSED] - delay: Delayed 3 second(s)

2017-10-26 14:00:26 - [MESSAGE][PASSED] - Delayed 3 second(s)

2017-10-26 14:00:26 - [TEST_STEP][INCOMPLETE] - scrollToElement: Finding web element with id: 'Object Repository/Finance/BaseTestCases_OpenEntries_Service/OpenEntries.BalanceAmt' located by 'By.xpath: //*[@id = 'tfacr2520m000-0-grid-1-balc.ninv-20-0']' in '30' second(s)]]></system-out>
         <system-err><![CDATA[2017-10-26 13:56:49 - [TEST_CASE][INCOMPLETE] - Test Cases/Parts/CreditCardRegression/TC001_Parts_CreditCard: null]]></system-err>
      </testcase>
      <system-out><![CDATA[2017-10-26 13:56:48 - [TEST_SUITE][INCOMPLETE] - CC_PartsTestSuite: null]]></system-out>
      <system-err><![CDATA[2017-10-26 13:56:48 - [TEST_SUITE][INCOMPLETE] - CC_PartsTestSuite: null]]></system-err>
   </testsuite>
</testsuites>
