<?xml version="1.0" encoding="UTF-8"?>
<testsuites name="CC_RentalInvoice" time="224" tests="1" failures="0" errors="0">
   <testsuite name="CC_RentalInvoice" tests="1" failures="0" errors="0" time="224" timestamp="2017-11-14 17:23:21" hostname="agawhande - ANIL110.e-emphasys.com" id="Test Suites/CC_RentalInvoice">
      <properties>
         <property name="deviceName" value=""/>
         <property name="devicePlatform" value=""/>
         <property name="logFolder" value="C:\\Users\\agawhande\\git\\CreditCard\\Reports\\CC_RentalInvoice\\20171114_172314"/>
         <property name="logFiles" value="C:\\Users\\agawhande\\git\\CreditCard\\Reports\\CC_RentalInvoice\\20171114_172314\\execution0.log"/>
         <property name="attachments" value=""/>
         <property name="hostName" value="agawhande - ANIL110.e-emphasys.com"/>
         <property name="os" value="Windows 7 64bit"/>
         <property name="katalonVersion" value="4.8.0.2"/>
         <property name="browser" value="Firefox 56.0"/>
         <property name="hostAddress" value="192.168.25.228"/>
         <property name="sessionId" value="0d6cbdf8-0a85-4b32-b3e2-c1a7f802b574"/>
         <property name="seleniumVersion" value="unknown"/>
         <property name="proxyInformation" value="ProxyInformation{proxyOption=NO_PROXY, proxyServerType=, password=, proxyServerAddress=, proxyServerPort=0}"/>
         <property name="platform" value="Windows 7"/>
      </properties>
      <testcase name="Test Cases/Rental/Base_RentalContract/CreditCardRegression/TC003_RentalContractInvoice_CC" classname="Test Cases/Rental/Base_RentalContract/CreditCardRegression/TC003_RentalContractInvoice_CC" status="PASSED">
         <system-out><![CDATA[2017-11-14 17:23:22 - [TEST_CASE][PASSED] - Test Cases/Rental/Base_RentalContract/CreditCardRegression/TC003_RentalContractInvoice_CC: Test Cases/Rental/Base_RentalContract/CreditCardRegression/TC003_RentalContractInvoice_CC

2017-11-14 17:23:23 - [TEST_STEP][PASSED] - callTestCase: Call Test Case 'Test Cases/Rental/Base_RentalContract/Base_CreateRentalHeader' successfully

2017-11-14 17:23:23 - [TEST_CASE][PASSED] - Test Cases/Rental/Base_RentalContract/Base_CreateRentalHeader: Test Cases/Rental/Base_RentalContract/Base_CreateRentalHeader

2017-11-14 17:23:24 - [TEST_STEP][PASSED] - callTestCase: Call Test Case 'Test Cases/Common/Base_Common_OpenSession' successfully

2017-11-14 17:23:24 - [TEST_CASE][PASSED] - Test Cases/Common/Base_Common_OpenSession: Test Cases/Common/Base_Common_OpenSession

2017-11-14 17:23:24 - [TEST_STEP][PASSED] - openBrowser: Browser is opened with url: 'https://rgajbhiye:Robin$123@proxima-ln4.e-emphasys.com:8441/webui/servlet/login'

2017-11-14 17:23:31 - [MESSAGE][PASSED] - Browser is opened with url: 'https://rgajbhiye:Robin$123@proxima-ln4.e-emphasys.com:8441/webui/servlet/login'

2017-11-14 17:23:31 - [TEST_STEP][PASSED] - waitForPageLoad: Wait for page load successfully

2017-11-14 17:23:32 - [MESSAGE][PASSED] - Wait for page load successfully

2017-11-14 17:23:32 - [TEST_STEP][PASSED] - maximizeWindow: Current window maximized

2017-11-14 17:23:32 - [MESSAGE][PASSED] - Current window maximized

2017-11-14 17:23:32 - [TEST_STEP][PASSED] - click: Object: 'Object Repository/Common/HomePage/HomePage_more' is clicked on

2017-11-14 17:23:33 - [MESSAGE][PASSED] - Object: 'Object Repository/Common/HomePage/HomePage_more' is clicked on

2017-11-14 17:23:33 - [TEST_STEP][PASSED] - click: Object: 'Object Repository/Common/HomePage/HomePage_Option' is clicked on

2017-11-14 17:23:33 - [MESSAGE][PASSED] - Object: 'Object Repository/Common/HomePage/HomePage_Option' is clicked on

2017-11-14 17:23:33 - [TEST_STEP][PASSED] - click: Object: 'Object Repository/Common/HomePage/HomePage_RunProgram_' is clicked on

2017-11-14 17:23:34 - [MESSAGE][PASSED] - Object: 'Object Repository/Common/HomePage/HomePage_RunProgram_' is clicked on

2017-11-14 17:23:34 - [TEST_STEP][PASSED] - sendKeys: Keys 'erext4100s004' sent to object: 'Object Repository/Common/HomePage/HomePage_Session_ID'

2017-11-14 17:23:34 - [MESSAGE][PASSED] - Keys 'erext4100s004' sent to object: 'Object Repository/Common/HomePage/HomePage_Session_ID'

2017-11-14 17:23:34 - [TEST_STEP][PASSED] - click: Object: 'Object Repository/Common/HomePage/HomePage_OkButton' is clicked on

2017-11-14 17:23:34 - [MESSAGE][PASSED] - Object: 'Object Repository/Common/HomePage/HomePage_OkButton' is clicked on

2017-11-14 17:23:34 - [MESSAGE][PASSED] - Call Test Case 'Test Cases/Common/Base_Common_OpenSession' successfully

2017-11-14 17:23:34 - [TEST_STEP][PASSED] - click: Object: 'Object Repository/Rental/RentalHeader/RentalContract.Customer' is clicked on

2017-11-14 17:23:38 - [MESSAGE][PASSED] - Object: 'Object Repository/Rental/RentalHeader/RentalContract.Customer' is clicked on

2017-11-14 17:23:38 - [TEST_STEP][PASSED] - setText: Text 'M00000010' is set on object 'Object Repository/Rental/RentalHeader/RentalContract.Customer'

2017-11-14 17:23:38 - [MESSAGE][PASSED] - Text 'M00000010' is set on object 'Object Repository/Rental/RentalHeader/RentalContract.Customer'

2017-11-14 17:23:38 - [TEST_STEP][PASSED] - delay: Delayed 2 second(s)

2017-11-14 17:23:40 - [MESSAGE][PASSED] - Delayed 2 second(s)

2017-11-14 17:23:40 - [TEST_STEP][PASSED] - click: Object: 'Object Repository/Rental/RentalHeader/RentalContract.CustPO' is clicked on

2017-11-14 17:23:40 - [MESSAGE][PASSED] - Object: 'Object Repository/Rental/RentalHeader/RentalContract.CustPO' is clicked on

2017-11-14 17:23:40 - [TEST_STEP][PASSED] - delay: Delayed 3 second(s)

2017-11-14 17:23:43 - [MESSAGE][PASSED] - Delayed 3 second(s)

2017-11-14 17:23:43 - [TEST_STEP][PASSED] - click: Object: 'Object Repository/Rental/RentalHeader/RentalContract.OtherDetailsTab' is clicked on

2017-11-14 17:23:44 - [MESSAGE][PASSED] - Object: 'Object Repository/Rental/RentalHeader/RentalContract.OtherDetailsTab' is clicked on

2017-11-14 17:23:44 - [TEST_STEP][PASSED] - delay: Delayed 5 second(s)

2017-11-14 17:23:49 - [MESSAGE][PASSED] - Delayed 5 second(s)

2017-11-14 17:23:49 - [TEST_STEP][PASSED] - click: Object: 'Object Repository/Rental/RentalHeader/Rental Contract.ModeOfPayment' is clicked on

2017-11-14 17:23:49 - [MESSAGE][PASSED] - Object: 'Object Repository/Rental/RentalHeader/Rental Contract.ModeOfPayment' is clicked on

2017-11-14 17:23:49 - [TEST_STEP][PASSED] - delay: Delayed 2 second(s)

2017-11-14 17:23:51 - [MESSAGE][PASSED] - Delayed 2 second(s)

2017-11-14 17:23:51 - [TEST_STEP][PASSED] - click: Object: 'Object Repository/Rental/RentalHeader/RentalContract.CreditCardoption' is clicked on

2017-11-14 17:23:51 - [MESSAGE][PASSED] - Object: 'Object Repository/Rental/RentalHeader/RentalContract.CreditCardoption' is clicked on

2017-11-14 17:23:51 - [TEST_STEP][PASSED] - delay: Delayed 3 second(s)

2017-11-14 17:23:54 - [MESSAGE][PASSED] - Delayed 3 second(s)

2017-11-14 17:23:54 - [TEST_STEP][PASSED] - click: Object: 'Object Repository/Rental/RentalHeader/RentalContract.GeneralTab' is clicked on

2017-11-14 17:23:54 - [MESSAGE][PASSED] - Object: 'Object Repository/Rental/RentalHeader/RentalContract.GeneralTab' is clicked on

2017-11-14 17:23:54 - [TEST_STEP][PASSED] - delay: Delayed 5 second(s)

2017-11-14 17:23:59 - [MESSAGE][PASSED] - Delayed 5 second(s)

2017-11-14 17:23:59 - [TEST_STEP][PASSED] - click: Object: 'Object Repository/Rental/RentalHeader/RentalContract.Newbuttonline' is clicked on

2017-11-14 17:24:00 - [MESSAGE][PASSED] - Object: 'Object Repository/Rental/RentalHeader/RentalContract.Newbuttonline' is clicked on

2017-11-14 17:24:00 - [TEST_STEP][PASSED] - delay: Delayed 5 second(s)

2017-11-14 17:24:05 - [MESSAGE][PASSED] - Delayed 5 second(s)

2017-11-14 17:24:05 - [TEST_STEP][PASSED] - click: Object: 'Object Repository/Rental/RentalHeader/RentalContract.SetLine' is clicked on

2017-11-14 17:24:05 - [MESSAGE][PASSED] - Object: 'Object Repository/Rental/RentalHeader/RentalContract.SetLine' is clicked on

2017-11-14 17:24:05 - [TEST_STEP][PASSED] - delay: Delayed 5 second(s)

2017-11-14 17:24:10 - [MESSAGE][PASSED] - Delayed 5 second(s)

2017-11-14 17:24:10 - [TEST_STEP][PASSED] - scrollToElement: Scroll to object 'Object Repository/Rental/RentalHeader/RentalContract.Unit' successfully

2017-11-14 17:24:10 - [MESSAGE][PASSED] - Scroll to object 'Object Repository/Rental/RentalHeader/RentalContract.Unit' successfully

2017-11-14 17:24:10 - [TEST_STEP][PASSED] - delay: Delayed 3 second(s)

2017-11-14 17:24:13 - [MESSAGE][PASSED] - Delayed 3 second(s)

2017-11-14 17:24:13 - [TEST_STEP][NOT_RUN] - getText: NOT_RUN: getText

2017-11-14 17:24:13 - [MESSAGE][NOT_RUN] - NOT_RUN: getText

2017-11-14 17:24:13 - [TEST_STEP][PASSED] - click: Object: 'Object Repository/Rental/RentalHeader/RentalContract.Unit' is clicked on

2017-11-14 17:24:13 - [MESSAGE][PASSED] - Object: 'Object Repository/Rental/RentalHeader/RentalContract.Unit' is clicked on

2017-11-14 17:24:13 - [TEST_STEP][PASSED] - delay: Delayed 5 second(s)

2017-11-14 17:24:18 - [MESSAGE][PASSED] - Delayed 5 second(s)

2017-11-14 17:24:18 - [TEST_STEP][PASSED] - setText: Text 'MD0018258' is set on object 'Object Repository/Rental/RentalHeader/RentalContract.Unit'

2017-11-14 17:24:18 - [MESSAGE][PASSED] - Text 'MD0018258' is set on object 'Object Repository/Rental/RentalHeader/RentalContract.Unit'

2017-11-14 17:24:18 - [TEST_STEP][PASSED] - delay: Delayed 5 second(s)

2017-11-14 17:24:23 - [MESSAGE][PASSED] - Delayed 5 second(s)

2017-11-14 17:24:23 - [TEST_STEP][PASSED] - scrollToElement: Scroll to object 'Object Repository/Rental/RentalHeader/RentalContract.MultipleInsurence' successfully

2017-11-14 17:24:24 - [MESSAGE][PASSED] - Scroll to object 'Object Repository/Rental/RentalHeader/RentalContract.MultipleInsurence' successfully

2017-11-14 17:24:24 - [TEST_STEP][PASSED] - delay: Delayed 5 second(s)

2017-11-14 17:24:29 - [MESSAGE][PASSED] - Delayed 5 second(s)

2017-11-14 17:24:29 - [TEST_STEP][PASSED] - doubleClick: Object: 'Object Repository/Rental/RentalHeader/RentalContract.MultipleInsurence' is double clicked on

2017-11-14 17:24:29 - [MESSAGE][PASSED] - Object: 'Object Repository/Rental/RentalHeader/RentalContract.MultipleInsurence' is double clicked on

2017-11-14 17:24:29 - [TEST_STEP][PASSED] - delay: Delayed 5 second(s)

2017-11-14 17:24:34 - [MESSAGE][PASSED] - Delayed 5 second(s)

2017-11-14 17:24:34 - [TEST_STEP][PASSED] - click: Object: 'Object Repository/Rental/RentalHeader/RentalContract.MultipleInsurence' is clicked on

2017-11-14 17:24:34 - [MESSAGE][PASSED] - Object: 'Object Repository/Rental/RentalHeader/RentalContract.MultipleInsurence' is clicked on

2017-11-14 17:24:34 - [TEST_STEP][PASSED] - click: Object: 'Object Repository/Rental/RentalHeader/RentalContract.MultiInsNO' is clicked on

2017-11-14 17:24:34 - [MESSAGE][PASSED] - Object: 'Object Repository/Rental/RentalHeader/RentalContract.MultiInsNO' is clicked on

2017-11-14 17:24:34 - [TEST_STEP][PASSED] - delay: Delayed 5 second(s)

2017-11-14 17:24:39 - [MESSAGE][PASSED] - Delayed 5 second(s)

2017-11-14 17:24:39 - [TEST_STEP][PASSED] - scrollToElement: Scroll to object 'Object Repository/Rental/RentalHeader/RentalContract.GrossRateline' successfully

2017-11-14 17:24:39 - [MESSAGE][PASSED] - Scroll to object 'Object Repository/Rental/RentalHeader/RentalContract.GrossRateline' successfully

2017-11-14 17:24:39 - [TEST_STEP][NOT_RUN] - delay: NOT_RUN: delay

2017-11-14 17:24:39 - [MESSAGE][NOT_RUN] - NOT_RUN: delay

2017-11-14 17:24:39 - [TEST_STEP][PASSED] - doubleClick: Object: 'Object Repository/Rental/RentalHeader/RentalContract.GrossRateline' is double clicked on

2017-11-14 17:24:40 - [MESSAGE][PASSED] - Object: 'Object Repository/Rental/RentalHeader/RentalContract.GrossRateline' is double clicked on

2017-11-14 17:24:40 - [TEST_STEP][PASSED] - delay: Delayed 2 second(s)

2017-11-14 17:24:42 - [MESSAGE][PASSED] - Delayed 2 second(s)

2017-11-14 17:24:42 - [TEST_STEP][PASSED] - click: Object: 'Object Repository/Rental/RentalHeader/RentalContract.GrossRateline' is clicked on

2017-11-14 17:24:42 - [MESSAGE][PASSED] - Object: 'Object Repository/Rental/RentalHeader/RentalContract.GrossRateline' is clicked on

2017-11-14 17:24:42 - [TEST_STEP][PASSED] - delay: Delayed 2 second(s)

2017-11-14 17:24:44 - [MESSAGE][PASSED] - Delayed 2 second(s)

2017-11-14 17:24:44 - [TEST_STEP][PASSED] - setText: Text '100' is set on object 'Object Repository/Rental/RentalHeader/RentalContract.GrossRateline'

2017-11-14 17:24:44 - [MESSAGE][PASSED] - Text '100' is set on object 'Object Repository/Rental/RentalHeader/RentalContract.GrossRateline'

2017-11-14 17:24:44 - [TEST_STEP][PASSED] - delay: Delayed 4 second(s)

2017-11-14 17:24:48 - [MESSAGE][PASSED] - Delayed 4 second(s)

2017-11-14 17:24:48 - [TEST_STEP][PASSED] - click: Object: 'Object Repository/Rental/RentalHeader/RentalContract.SaveHeader' is clicked on

2017-11-14 17:24:48 - [MESSAGE][PASSED] - Object: 'Object Repository/Rental/RentalHeader/RentalContract.SaveHeader' is clicked on

2017-11-14 17:24:48 - [TEST_STEP][PASSED] - delay: Delayed 5 second(s)

2017-11-14 17:24:53 - [MESSAGE][PASSED] - Delayed 5 second(s)

2017-11-14 17:24:53 - [TEST_STEP][PASSED] - click: Object: 'Object Repository/Rental/RentalHeader/RentalContract.Action' is clicked on

2017-11-14 17:24:54 - [MESSAGE][PASSED] - Object: 'Object Repository/Rental/RentalHeader/RentalContract.Action' is clicked on

2017-11-14 17:24:54 - [TEST_STEP][PASSED] - delay: Delayed 8 second(s)

2017-11-14 17:25:02 - [MESSAGE][PASSED] - Delayed 8 second(s)

2017-11-14 17:25:02 - [TEST_STEP][PASSED] - click: Object: 'Object Repository/Rental/RentalHeader/RentalContract.Release' is clicked on

2017-11-14 17:25:02 - [MESSAGE][PASSED] - Object: 'Object Repository/Rental/RentalHeader/RentalContract.Release' is clicked on

2017-11-14 17:25:02 - [TEST_STEP][PASSED] - delay: Delayed 12 second(s)

2017-11-14 17:25:14 - [MESSAGE][PASSED] - Delayed 12 second(s)

2017-11-14 17:25:14 - [TEST_STEP][PASSED] - click: Object: 'Object Repository/Rental/RentalHeader/RentalContract.ActionDelivery' is clicked on

2017-11-14 17:25:14 - [MESSAGE][PASSED] - Object: 'Object Repository/Rental/RentalHeader/RentalContract.ActionDelivery' is clicked on

2017-11-14 17:25:14 - [TEST_STEP][PASSED] - delay: Delayed 6 second(s)

2017-11-14 17:25:20 - [MESSAGE][PASSED] - Delayed 6 second(s)

2017-11-14 17:25:20 - [TEST_STEP][PASSED] - click: Object: 'Object Repository/Rental/RentalHeader/RentalContract.ConfirmDelivery' is clicked on

2017-11-14 17:25:20 - [MESSAGE][PASSED] - Object: 'Object Repository/Rental/RentalHeader/RentalContract.ConfirmDelivery' is clicked on

2017-11-14 17:25:20 - [TEST_STEP][PASSED] - delay: Delayed 8 second(s)

2017-11-14 17:25:28 - [MESSAGE][PASSED] - Delayed 8 second(s)

2017-11-14 17:25:28 - [TEST_STEP][NOT_RUN] - waitForElementPresent: NOT_RUN: waitForElementPresent

2017-11-14 17:25:28 - [MESSAGE][NOT_RUN] - NOT_RUN: waitForElementPresent

2017-11-14 17:25:28 - [TEST_STEP][NOT_RUN] - delay: NOT_RUN: delay

2017-11-14 17:25:28 - [MESSAGE][NOT_RUN] - NOT_RUN: delay

2017-11-14 17:25:28 - [TEST_STEP][PASSED] - click: Object: 'Object Repository/Rental/RentalHeader/RentalContract.DeliveryProceed' is clicked on

2017-11-14 17:25:29 - [MESSAGE][PASSED] - Object: 'Object Repository/Rental/RentalHeader/RentalContract.DeliveryProceed' is clicked on

2017-11-14 17:25:29 - [TEST_STEP][PASSED] - delay: Delayed 12 second(s)

2017-11-14 17:25:41 - [MESSAGE][PASSED] - Delayed 12 second(s)

2017-11-14 17:25:41 - [TEST_STEP][NOT_RUN] - waitForElementPresent: NOT_RUN: waitForElementPresent

2017-11-14 17:25:41 - [MESSAGE][NOT_RUN] - NOT_RUN: waitForElementPresent

2017-11-14 17:25:41 - [TEST_STEP][NOT_RUN] - delay: NOT_RUN: delay

2017-11-14 17:25:41 - [MESSAGE][NOT_RUN] - NOT_RUN: delay

2017-11-14 17:25:41 - [TEST_STEP][NOT_RUN] - click: NOT_RUN: click

2017-11-14 17:25:41 - [MESSAGE][NOT_RUN] - NOT_RUN: click

2017-11-14 17:25:41 - [TEST_STEP][PASSED] - delay: Delayed 8 second(s)

2017-11-14 17:25:49 - [MESSAGE][PASSED] - Delayed 8 second(s)

2017-11-14 17:25:49 - [TEST_STEP][PASSED] - click: Object: 'Object Repository/Rental/RentalHeader/RentalContract.InspetionReportClose' is clicked on

2017-11-14 17:25:49 - [MESSAGE][PASSED] - Object: 'Object Repository/Rental/RentalHeader/RentalContract.InspetionReportClose' is clicked on

2017-11-14 17:25:49 - [TEST_STEP][PASSED] - delay: Delayed 5 second(s)

2017-11-14 17:25:54 - [MESSAGE][PASSED] - Delayed 5 second(s)

2017-11-14 17:25:54 - [TEST_STEP][PASSED] - click: Object: 'Object Repository/Rental/RentalHeader/RentalContract.BillofLaddingClosed' is clicked on

2017-11-14 17:25:54 - [MESSAGE][PASSED] - Object: 'Object Repository/Rental/RentalHeader/RentalContract.BillofLaddingClosed' is clicked on

2017-11-14 17:25:54 - [TEST_STEP][PASSED] - delay: Delayed 5 second(s)

2017-11-14 17:25:59 - [MESSAGE][PASSED] - Delayed 5 second(s)

2017-11-14 17:25:59 - [TEST_STEP][PASSED] - click: Object: 'Object Repository/Rental/RentalHeader/RentalContract.EqipRentalMemoclosed' is clicked on

2017-11-14 17:25:59 - [MESSAGE][PASSED] - Object: 'Object Repository/Rental/RentalHeader/RentalContract.EqipRentalMemoclosed' is clicked on

2017-11-14 17:25:59 - [TEST_STEP][PASSED] - delay: Delayed 5 second(s)

2017-11-14 17:26:04 - [MESSAGE][PASSED] - Delayed 5 second(s)

2017-11-14 17:26:04 - [TEST_STEP][PASSED] - click: Object: 'Object Repository/Rental/RentalHeader/RentalContract.InspectionOrdergnerated' is clicked on

2017-11-14 17:26:05 - [MESSAGE][PASSED] - Object: 'Object Repository/Rental/RentalHeader/RentalContract.InspectionOrdergnerated' is clicked on

2017-11-14 17:26:05 - [MESSAGE][PASSED] - Call Test Case 'Test Cases/Rental/Base_RentalContract/Base_CreateRentalHeader' successfully

2017-11-14 17:26:05 - [TEST_STEP][PASSED] - callTestCase: Call Test Case 'Test Cases/Rental/Base_RentalContract/Base_CreateRentalInvoice_CC' successfully

2017-11-14 17:26:05 - [TEST_CASE][PASSED] - Test Cases/Rental/Base_RentalContract/Base_CreateRentalInvoice_CC: Test Cases/Rental/Base_RentalContract/Base_CreateRentalInvoice_CC

2017-11-14 17:26:05 - [TEST_STEP][NOT_RUN] - callTestCase: NOT_RUN: callTestCase

2017-11-14 17:26:05 - [MESSAGE][NOT_RUN] - NOT_RUN: callTestCase

2017-11-14 17:26:05 - [TEST_STEP][PASSED] - delay: Delayed 4 second(s)

2017-11-14 17:26:09 - [MESSAGE][PASSED] - Delayed 4 second(s)

2017-11-14 17:26:09 - [TEST_STEP][PASSED] - click: Object: 'Object Repository/Rental/RentalHeader/RentalInvoice/RentalInvoice.InvoicingscheduleTab' is clicked on

2017-11-14 17:26:09 - [MESSAGE][PASSED] - Object: 'Object Repository/Rental/RentalHeader/RentalInvoice/RentalInvoice.InvoicingscheduleTab' is clicked on

2017-11-14 17:26:09 - [TEST_STEP][PASSED] - delay: Delayed 4 second(s)

2017-11-14 17:26:13 - [MESSAGE][PASSED] - Delayed 4 second(s)

2017-11-14 17:26:13 - [TEST_STEP][PASSED] - click: Object: 'Object Repository/Rental/RentalHeader/RentalInvoice/RentalInvoice.Action' is clicked on

2017-11-14 17:26:14 - [MESSAGE][PASSED] - Object: 'Object Repository/Rental/RentalHeader/RentalInvoice/RentalInvoice.Action' is clicked on

2017-11-14 17:26:14 - [TEST_STEP][PASSED] - delay: Delayed 4 second(s)

2017-11-14 17:26:18 - [MESSAGE][PASSED] - Delayed 4 second(s)

2017-11-14 17:26:18 - [TEST_STEP][PASSED] - click: Object: 'Object Repository/Rental/RentalHeader/RentalInvoice/RentalInvoice.ProcessInvoice' is clicked on

2017-11-14 17:26:18 - [MESSAGE][PASSED] - Object: 'Object Repository/Rental/RentalHeader/RentalInvoice/RentalInvoice.ProcessInvoice' is clicked on

2017-11-14 17:26:18 - [TEST_STEP][PASSED] - delay: Delayed 4 second(s)

2017-11-14 17:26:22 - [MESSAGE][PASSED] - Delayed 4 second(s)

2017-11-14 17:26:22 - [TEST_STEP][PASSED] - click: Object: 'Object Repository/Rental/RentalHeader/RentalInvoice/RentalInvoice.ProcessInvoice2' is clicked on

2017-11-14 17:26:22 - [MESSAGE][PASSED] - Object: 'Object Repository/Rental/RentalHeader/RentalInvoice/RentalInvoice.ProcessInvoice2' is clicked on

2017-11-14 17:26:22 - [TEST_STEP][PASSED] - delay: Delayed 0 second(s)

2017-11-14 17:26:22 - [MESSAGE][PASSED] - Delayed 0 second(s)

2017-11-14 17:26:22 - [TEST_STEP][PASSED] - click: Object: 'Object Repository/Rental/RentalHeader/RentalInvoice/RentalInvoice.InvoiceProcessYES' is clicked on

2017-11-14 17:26:23 - [MESSAGE][PASSED] - Object: 'Object Repository/Rental/RentalHeader/RentalInvoice/RentalInvoice.InvoiceProcessYES' is clicked on

2017-11-14 17:26:23 - [TEST_STEP][PASSED] - delay: Delayed 0 second(s)

2017-11-14 17:26:23 - [MESSAGE][PASSED] - Delayed 0 second(s)

2017-11-14 17:26:23 - [TEST_STEP][PASSED] - setText: Text 'PUBL' is set on object 'Object Repository/Rental/RentalHeader/RentalInvoice/ServiceCreditCard.PaymentGateway'

2017-11-14 17:26:24 - [MESSAGE][PASSED] - Text 'PUBL' is set on object 'Object Repository/Rental/RentalHeader/RentalInvoice/ServiceCreditCard.PaymentGateway'

2017-11-14 17:26:24 - [TEST_STEP][NOT_RUN] - sendKeys: NOT_RUN: sendKeys

2017-11-14 17:26:24 - [MESSAGE][NOT_RUN] - NOT_RUN: sendKeys

2017-11-14 17:26:24 - [TEST_STEP][PASSED] - doubleClick: Object: 'Object Repository/Rental/RentalHeader/RentalInvoice/ServiceCreditCard.CardType' is double clicked on

2017-11-14 17:26:25 - [MESSAGE][PASSED] - Object: 'Object Repository/Rental/RentalHeader/RentalInvoice/ServiceCreditCard.CardType' is double clicked on

2017-11-14 17:26:25 - [TEST_STEP][PASSED] - setText: Text 'Visa Card' is set on object 'Object Repository/Rental/RentalHeader/RentalInvoice/ServiceCreditCard.CardType'

2017-11-14 17:26:25 - [MESSAGE][PASSED] - Text 'Visa Card' is set on object 'Object Repository/Rental/RentalHeader/RentalInvoice/ServiceCreditCard.CardType'

2017-11-14 17:26:25 - [TEST_STEP][PASSED] - delay: Delayed 2 second(s)

2017-11-14 17:26:27 - [MESSAGE][PASSED] - Delayed 2 second(s)

2017-11-14 17:26:27 - [TEST_STEP][PASSED] - doubleClick: Object: 'Object Repository/Rental/RentalHeader/RentalInvoice/ServiceCreditCard.Enter CC No' is double clicked on

2017-11-14 17:26:27 - [MESSAGE][PASSED] - Object: 'Object Repository/Rental/RentalHeader/RentalInvoice/ServiceCreditCard.Enter CC No' is double clicked on

2017-11-14 17:26:27 - [TEST_STEP][PASSED] - sendKeys: Keys '4012000033330026' sent to object: 'Object Repository/Rental/RentalHeader/RentalInvoice/ServiceCreditCard.Enter CC No'

2017-11-14 17:26:27 - [MESSAGE][PASSED] - Keys '4012000033330026' sent to object: 'Object Repository/Rental/RentalHeader/RentalInvoice/ServiceCreditCard.Enter CC No'

2017-11-14 17:26:27 - [TEST_STEP][PASSED] - delay: Delayed 2 second(s)

2017-11-14 17:26:29 - [MESSAGE][PASSED] - Delayed 2 second(s)

2017-11-14 17:26:29 - [TEST_STEP][PASSED] - click: Object: 'Object Repository/Rental/RentalHeader/RentalInvoice/ServiceCreditCard.CVV2' is clicked on

2017-11-14 17:26:30 - [MESSAGE][PASSED] - Object: 'Object Repository/Rental/RentalHeader/RentalInvoice/ServiceCreditCard.CVV2' is clicked on

2017-11-14 17:26:30 - [TEST_STEP][PASSED] - sendKeys: Keys '865' sent to object: 'Object Repository/Rental/RentalHeader/RentalInvoice/ServiceCreditCard.CVV2'

2017-11-14 17:26:30 - [MESSAGE][PASSED] - Keys '865' sent to object: 'Object Repository/Rental/RentalHeader/RentalInvoice/ServiceCreditCard.CVV2'

2017-11-14 17:26:30 - [TEST_STEP][NOT_RUN] - sendKeys: NOT_RUN: sendKeys

2017-11-14 17:26:30 - [MESSAGE][NOT_RUN] - NOT_RUN: sendKeys

2017-11-14 17:26:30 - [TEST_STEP][NOT_RUN] - delay: NOT_RUN: delay

2017-11-14 17:26:30 - [MESSAGE][NOT_RUN] - NOT_RUN: delay

2017-11-14 17:26:30 - [TEST_STEP][PASSED] - delay: Delayed 3 second(s)

2017-11-14 17:26:33 - [MESSAGE][PASSED] - Delayed 3 second(s)

2017-11-14 17:26:33 - [TEST_STEP][PASSED] - setText: Text '09' is set on object 'Object Repository/Rental/RentalHeader/RentalInvoice/ServiceCreditCard.ExpiryMonth'

2017-11-14 17:26:33 - [MESSAGE][PASSED] - Text '09' is set on object 'Object Repository/Rental/RentalHeader/RentalInvoice/ServiceCreditCard.ExpiryMonth'

2017-11-14 17:26:33 - [TEST_STEP][PASSED] - setText: Text '99' is set on object 'Object Repository/Rental/RentalHeader/RentalInvoice/ServiceCreditCard.ExpiryYear'

2017-11-14 17:26:33 - [MESSAGE][PASSED] - Text '99' is set on object 'Object Repository/Rental/RentalHeader/RentalInvoice/ServiceCreditCard.ExpiryYear'

2017-11-14 17:26:33 - [TEST_STEP][PASSED] - click: Object: 'Object Repository/Rental/RentalHeader/RentalInvoice/ServiceCreditCard.Process' is clicked on

2017-11-14 17:26:33 - [MESSAGE][PASSED] - Object: 'Object Repository/Rental/RentalHeader/RentalInvoice/ServiceCreditCard.Process' is clicked on

2017-11-14 17:26:33 - [TEST_STEP][PASSED] - delay: Delayed 13 second(s)

2017-11-14 17:26:46 - [MESSAGE][PASSED] - Delayed 13 second(s)

2017-11-14 17:26:46 - [TEST_STEP][PASSED] - click: Object: 'Object Repository/Rental/RentalHeader/RentalInvoice/ServiceCreditCard.PrintDevice' is clicked on

2017-11-14 17:26:47 - [MESSAGE][PASSED] - Object: 'Object Repository/Rental/RentalHeader/RentalInvoice/ServiceCreditCard.PrintDevice' is clicked on

2017-11-14 17:26:47 - [TEST_STEP][PASSED] - delay: Delayed 10 second(s)

2017-11-14 17:26:57 - [MESSAGE][PASSED] - Delayed 10 second(s)

2017-11-14 17:26:57 - [TEST_STEP][PASSED] - click: Object: 'Object Repository/Rental/RentalHeader/RentalInvoice/ServiceCreditCard.PrintOK' is clicked on

2017-11-14 17:26:57 - [MESSAGE][PASSED] - Object: 'Object Repository/Rental/RentalHeader/RentalInvoice/ServiceCreditCard.PrintOK' is clicked on

2017-11-14 17:26:57 - [TEST_STEP][PASSED] - delay: Delayed 5 second(s)

2017-11-14 17:27:02 - [MESSAGE][PASSED] - Delayed 5 second(s)

2017-11-14 17:27:02 - [TEST_STEP][PASSED] - click: Object: 'Object Repository/Rental/RentalHeader/RentalInvoice/RentalInvoice.CloseRentalInvoicesession' is clicked on

2017-11-14 17:27:02 - [MESSAGE][PASSED] - Object: 'Object Repository/Rental/RentalHeader/RentalInvoice/RentalInvoice.CloseRentalInvoicesession' is clicked on

2017-11-14 17:27:02 - [TEST_STEP][PASSED] - delay: Delayed 3 second(s)

2017-11-14 17:27:05 - [MESSAGE][PASSED] - Delayed 3 second(s)

2017-11-14 17:27:05 - [TEST_STEP][PASSED] - closeBrowser: Browser is closed

2017-11-14 17:27:06 - [MESSAGE][PASSED] - Browser is closed

2017-11-14 17:27:06 - [MESSAGE][PASSED] - Call Test Case 'Test Cases/Rental/Base_RentalContract/Base_CreateRentalInvoice_CC' successfully]]></system-out>
         <system-err><![CDATA[]]></system-err>
      </testcase>
      <system-out><![CDATA[2017-11-14 17:23:21 - [TEST_SUITE][PASSED] - CC_RentalInvoice: Test Cases/Rental/Base_RentalContract/CreditCardRegression/TC003_RentalContractInvoice_CC]]></system-out>
      <system-err><![CDATA[]]></system-err>
   </testsuite>
</testsuites>
