<?xml version="1.0" encoding="UTF-8"?>
<testsuites name="CC_RentalInvoicewithSplitTenderTestSuite" time="849" tests="0" failures="1" errors="0">
   <testsuite name="CC_RentalInvoicewithSplitTenderTestSuite" tests="0" failures="1" errors="0" time="849" timestamp="2017-11-17 15:07:38" hostname="agawhande - ANIL110.e-emphasys.com" id="Test Suites/CC_RentalInvoicewithSplitTenderTestSuite">
      <properties>
         <property name="deviceName" value=""/>
         <property name="devicePlatform" value=""/>
         <property name="logFolder" value="C:\\Users\\agawhande\\git\\CreditCard\\Reports\\CC_RentalInvoicewithSplitTenderTestSuite\\20171117_150730"/>
         <property name="logFiles" value="C:\\Users\\agawhande\\git\\CreditCard\\Reports\\CC_RentalInvoicewithSplitTenderTestSuite\\20171117_150730\\execution0.log"/>
         <property name="attachments" value="C:\\Users\\agawhande\\git\\CreditCard\\Reports\\CC_RentalInvoicewithSplitTenderTestSuite\\20171117_150730\\1510911881922.png, C:\\Users\\agawhande\\git\\CreditCard\\Reports\\CC_RentalInvoicewithSplitTenderTestSuite\\20171117_150730\\1510912290124.png, C:\\Users\\agawhande\\git\\CreditCard\\Reports\\CC_RentalInvoicewithSplitTenderTestSuite\\20171117_150730\\1510912292547.png, C:\\Users\\agawhande\\git\\CreditCard\\Reports\\CC_RentalInvoicewithSplitTenderTestSuite\\20171117_150730\\1510912294799.png, C:\\Users\\agawhande\\git\\CreditCard\\Reports\\CC_RentalInvoicewithSplitTenderTestSuite\\20171117_150730\\1510912300261.png, C:\\Users\\agawhande\\git\\CreditCard\\Reports\\CC_RentalInvoicewithSplitTenderTestSuite\\20171117_150730\\1510912302542.png, C:\\Users\\agawhande\\git\\CreditCard\\Reports\\CC_RentalInvoicewithSplitTenderTestSuite\\20171117_150730\\1510912304882.png"/>
         <property name="hostName" value="agawhande - ANIL110.e-emphasys.com"/>
         <property name="os" value="Windows 7 64bit"/>
         <property name="katalonVersion" value="4.8.0.2"/>
         <property name="browser" value="Firefox 56.0"/>
         <property name="hostAddress" value="192.168.25.228"/>
         <property name="sessionId" value="d39310cb-d24a-4508-948b-2acdebce3488"/>
         <property name="seleniumVersion" value="unknown"/>
         <property name="proxyInformation" value="ProxyInformation{proxyOption=NO_PROXY, proxyServerType=, password=, proxyServerAddress=, proxyServerPort=0}"/>
         <property name="platform" value="Windows 7"/>
      </properties>
      <testcase name="Test Cases/Rental/Base_RentalContract/CreditCardRegression/TC004_RentalContractInvoice_SplitTender - Iteration 1" classname="Test Cases/Rental/Base_RentalContract/CreditCardRegression/TC004_RentalContractInvoice_SplitTender" status="FAILED">
         <failure type="FAILED" message="Test Cases/Rental/Base_RentalContract/CreditCardRegression/TC004_RentalContractInvoice_SplitTender FAILED because (of) Unable to click on object 'Object Repository/Rental/Rental_SplitTenderDetails/SplitTender.Save' (Root cause: com.kms.katalon.core.webui.exception.WebElementNotFoundException: Web element with id: 'Object Repository/Rental/Rental_SplitTenderDetails/SplitTender.Save' located by 'By.xpath: //*[@id = 'xiext8105m000-4-button-std-file.save']' not found)"/>
         <system-out><![CDATA[2017-11-17 15:07:38 - [TEST_CASE][FAILED] - Test Cases/Rental/Base_RentalContract/CreditCardRegression/TC004_RentalContractInvoice_SplitTender - Iteration 1: Test Cases/Rental/Base_RentalContract/CreditCardRegression/TC004_RentalContractInvoice_SplitTender FAILED because (of) Unable to click on object 'Object Repository/Rental/Rental_SplitTenderDetails/SplitTender.Save' (Root cause: com.kms.katalon.core.webui.exception.WebElementNotFoundException: Web element with id: 'Object Repository/Rental/Rental_SplitTenderDetails/SplitTender.Save' located by 'By.xpath: //*[@id = 'xiext8105m000-4-button-std-file.save']' not found)

2017-11-17 15:07:39 - [TEST_STEP][PASSED] - callTestCase: Call Test Case 'Test Cases/Equipment/Base_EquipmentPurchase/EPO_CreateNrecieve' successfully

2017-11-17 15:07:39 - [TEST_CASE][PASSED] - Test Cases/Equipment/Base_EquipmentPurchase/EPO_CreateNrecieve: Test Cases/Equipment/Base_EquipmentPurchase/EPO_CreateNrecieve

2017-11-17 15:07:39 - [TEST_STEP][PASSED] - callTestCase: Call Test Case 'Test Cases/Equipment/Base_EquipmentPurchase/Base_EPO_CreateHeaderNline' successfully

2017-11-17 15:07:40 - [TEST_CASE][PASSED] - Test Cases/Equipment/Base_EquipmentPurchase/Base_EPO_CreateHeaderNline: Test Cases/Equipment/Base_EquipmentPurchase/Base_EPO_CreateHeaderNline

2017-11-17 15:07:40 - [TEST_STEP][PASSED] - callTestCase: Call Test Case 'Test Cases/Common/Base_Common_OpenSession' successfully

2017-11-17 15:07:40 - [TEST_CASE][PASSED] - Test Cases/Common/Base_Common_OpenSession: Test Cases/Common/Base_Common_OpenSession

2017-11-17 15:07:40 - [TEST_STEP][PASSED] - openBrowser: Browser is opened with url: 'https://rgajbhiye:Robin$123@proxima-ln4.e-emphasys.com:8441/webui/servlet/login'

2017-11-17 15:07:48 - [MESSAGE][PASSED] - Browser is opened with url: 'https://rgajbhiye:Robin$123@proxima-ln4.e-emphasys.com:8441/webui/servlet/login'

2017-11-17 15:07:48 - [TEST_STEP][PASSED] - waitForPageLoad: Wait for page load successfully

2017-11-17 15:07:48 - [MESSAGE][PASSED] - Wait for page load successfully

2017-11-17 15:07:48 - [TEST_STEP][PASSED] - maximizeWindow: Current window maximized

2017-11-17 15:07:48 - [MESSAGE][PASSED] - Current window maximized

2017-11-17 15:07:48 - [TEST_STEP][PASSED] - click: Object: 'Object Repository/Common/HomePage/HomePage_more' is clicked on

2017-11-17 15:07:55 - [MESSAGE][PASSED] - Object: 'Object Repository/Common/HomePage/HomePage_more' is clicked on

2017-11-17 15:07:55 - [TEST_STEP][PASSED] - click: Object: 'Object Repository/Common/HomePage/HomePage_Option' is clicked on

2017-11-17 15:07:55 - [MESSAGE][PASSED] - Object: 'Object Repository/Common/HomePage/HomePage_Option' is clicked on

2017-11-17 15:07:55 - [TEST_STEP][PASSED] - click: Object: 'Object Repository/Common/HomePage/HomePage_RunProgram_' is clicked on

2017-11-17 15:07:55 - [MESSAGE][PASSED] - Object: 'Object Repository/Common/HomePage/HomePage_RunProgram_' is clicked on

2017-11-17 15:07:55 - [TEST_STEP][PASSED] - sendKeys: Keys 'tdext8150s000' sent to object: 'Object Repository/Common/HomePage/HomePage_Session_ID'

2017-11-17 15:07:55 - [MESSAGE][PASSED] - Keys 'tdext8150s000' sent to object: 'Object Repository/Common/HomePage/HomePage_Session_ID'

2017-11-17 15:07:55 - [TEST_STEP][PASSED] - click: Object: 'Object Repository/Common/HomePage/HomePage_OkButton' is clicked on

2017-11-17 15:07:56 - [MESSAGE][PASSED] - Object: 'Object Repository/Common/HomePage/HomePage_OkButton' is clicked on

2017-11-17 15:07:56 - [MESSAGE][PASSED] - Call Test Case 'Test Cases/Common/Base_Common_OpenSession' successfully

2017-11-17 15:07:56 - [TEST_STEP][PASSED] - waitForElementPresent: Object 'Object Repository/Equipment/EquipmentPurchase/EPO_Header/EPO_Header_New' is present

2017-11-17 15:07:58 - [MESSAGE][PASSED] - Object 'Object Repository/Equipment/EquipmentPurchase/EPO_Header/EPO_Header_New' is present

2017-11-17 15:07:58 - [TEST_STEP][PASSED] - click: Object: 'Object Repository/Equipment/EquipmentPurchase/EPO_Header/EPO_Header_New' is clicked on

2017-11-17 15:07:58 - [MESSAGE][PASSED] - Object: 'Object Repository/Equipment/EquipmentPurchase/EPO_Header/EPO_Header_New' is clicked on

2017-11-17 15:07:58 - [TEST_STEP][PASSED] - click: Object: 'Object Repository/Equipment/EquipmentPurchase/EPO_Header/EPO_Header_Customer' is clicked on

2017-11-17 15:07:59 - [MESSAGE][PASSED] - Object: 'Object Repository/Equipment/EquipmentPurchase/EPO_Header/EPO_Header_Customer' is clicked on

2017-11-17 15:07:59 - [TEST_STEP][PASSED] - setText: Text 'M00000010' is set on object 'Object Repository/Equipment/EquipmentPurchase/EPO_Header/EPO_Header_Customer'

2017-11-17 15:07:59 - [MESSAGE][PASSED] - Text 'M00000010' is set on object 'Object Repository/Equipment/EquipmentPurchase/EPO_Header/EPO_Header_Customer'

2017-11-17 15:07:59 - [TEST_STEP][PASSED] - click: Object: 'Object Repository/Equipment/EquipmentPurchase/EPO_Header/EPO_Header_Save' is clicked on

2017-11-17 15:07:59 - [MESSAGE][PASSED] - Object: 'Object Repository/Equipment/EquipmentPurchase/EPO_Header/EPO_Header_Save' is clicked on

2017-11-17 15:07:59 - [TEST_STEP][PASSED] - delay: Delayed 5 second(s)

2017-11-17 15:08:04 - [MESSAGE][PASSED] - Delayed 5 second(s)

2017-11-17 15:08:04 - [TEST_STEP][PASSED] - click: Object: 'Object Repository/Equipment/EquipmentPurchase/EPO_Header/EPO_Header_Action' is clicked on

2017-11-17 15:08:04 - [MESSAGE][PASSED] - Object: 'Object Repository/Equipment/EquipmentPurchase/EPO_Header/EPO_Header_Action' is clicked on

2017-11-17 15:08:04 - [TEST_STEP][PASSED] - click: Object: 'Object Repository/Equipment/EquipmentPurchase/EPO_Header/EPO_Header_Action_OrderLines' is clicked on

2017-11-17 15:08:04 - [MESSAGE][PASSED] - Object: 'Object Repository/Equipment/EquipmentPurchase/EPO_Header/EPO_Header_Action_OrderLines' is clicked on

2017-11-17 15:08:04 - [TEST_STEP][PASSED] - waitForElementPresent: Object 'Object Repository/Equipment/EquipmentPurchase/EPO_Line/EPO_MultiLine_New' is present

2017-11-17 15:08:06 - [MESSAGE][PASSED] - Object 'Object Repository/Equipment/EquipmentPurchase/EPO_Line/EPO_MultiLine_New' is present

2017-11-17 15:08:06 - [TEST_STEP][PASSED] - click: Object: 'Object Repository/Equipment/EquipmentPurchase/EPO_Line/EPO_MultiLine_New' is clicked on

2017-11-17 15:08:06 - [MESSAGE][PASSED] - Object: 'Object Repository/Equipment/EquipmentPurchase/EPO_Line/EPO_MultiLine_New' is clicked on

2017-11-17 15:08:06 - [TEST_STEP][PASSED] - waitForElementPresent: Object 'Object Repository/Equipment/EquipmentPurchase/EPO_Line/EPO_Line_Model' is present

2017-11-17 15:08:07 - [MESSAGE][PASSED] - Object 'Object Repository/Equipment/EquipmentPurchase/EPO_Line/EPO_Line_Model' is present

2017-11-17 15:08:07 - [TEST_STEP][PASSED] - click: Object: 'Object Repository/Equipment/EquipmentPurchase/EPO_Line/EPO_Line_Model' is clicked on

2017-11-17 15:08:07 - [MESSAGE][PASSED] - Object: 'Object Repository/Equipment/EquipmentPurchase/EPO_Line/EPO_Line_Model' is clicked on

2017-11-17 15:08:07 - [TEST_STEP][PASSED] - delay: Delayed 2 second(s)

2017-11-17 15:08:09 - [MESSAGE][PASSED] - Delayed 2 second(s)

2017-11-17 15:08:09 - [TEST_STEP][PASSED] - setText: Text '1032' is set on object 'Object Repository/Equipment/EquipmentPurchase/EPO_Line/EPO_Line_Model'

2017-11-17 15:08:09 - [MESSAGE][PASSED] - Text '1032' is set on object 'Object Repository/Equipment/EquipmentPurchase/EPO_Line/EPO_Line_Model'

2017-11-17 15:08:09 - [TEST_STEP][PASSED] - click: Object: 'Object Repository/Equipment/EquipmentPurchase/EPO_Line/EPO_Line_NeworUsed' is clicked on

2017-11-17 15:08:09 - [MESSAGE][PASSED] - Object: 'Object Repository/Equipment/EquipmentPurchase/EPO_Line/EPO_Line_NeworUsed' is clicked on

2017-11-17 15:08:09 - [TEST_STEP][PASSED] - click: Object: 'Object Repository/Equipment/EquipmentPurchase/EPO_Line/EPO_Line_NewEquipOption' is clicked on

2017-11-17 15:08:09 - [MESSAGE][PASSED] - Object: 'Object Repository/Equipment/EquipmentPurchase/EPO_Line/EPO_Line_NewEquipOption' is clicked on

2017-11-17 15:08:09 - [TEST_STEP][PASSED] - click: Object: 'Object Repository/Equipment/EquipmentPurchase/EPO_Line/EPO_Line_PlannedDate' is clicked on

2017-11-17 15:08:10 - [MESSAGE][PASSED] - Object: 'Object Repository/Equipment/EquipmentPurchase/EPO_Line/EPO_Line_PlannedDate' is clicked on

2017-11-17 15:08:10 - [TEST_STEP][PASSED] - delay: Delayed 2 second(s)

2017-11-17 15:08:12 - [MESSAGE][PASSED] - Delayed 2 second(s)

2017-11-17 15:08:12 - [TEST_STEP][PASSED] - setText: Text '+10' is set on object 'Object Repository/Equipment/EquipmentPurchase/EPO_Line/EPO_Line_PlannedDate'

2017-11-17 15:08:12 - [MESSAGE][PASSED] - Text '+10' is set on object 'Object Repository/Equipment/EquipmentPurchase/EPO_Line/EPO_Line_PlannedDate'

2017-11-17 15:08:12 - [TEST_STEP][PASSED] - click: Object: 'Object Repository/Equipment/EquipmentPurchase/EPO_Line/EPO_Line_Price' is clicked on

2017-11-17 15:08:12 - [MESSAGE][PASSED] - Object: 'Object Repository/Equipment/EquipmentPurchase/EPO_Line/EPO_Line_Price' is clicked on

2017-11-17 15:08:12 - [TEST_STEP][PASSED] - delay: Delayed 2 second(s)

2017-11-17 15:08:14 - [MESSAGE][PASSED] - Delayed 2 second(s)

2017-11-17 15:08:14 - [TEST_STEP][PASSED] - setText: Text '100' is set on object 'Object Repository/Equipment/EquipmentPurchase/EPO_Line/EPO_Line_Price'

2017-11-17 15:08:14 - [MESSAGE][PASSED] - Text '100' is set on object 'Object Repository/Equipment/EquipmentPurchase/EPO_Line/EPO_Line_Price'

2017-11-17 15:08:14 - [TEST_STEP][PASSED] - click: Object: 'Object Repository/Equipment/EquipmentPurchase/EPO_Line/EPO_Line_Save' is clicked on

2017-11-17 15:08:14 - [MESSAGE][PASSED] - Object: 'Object Repository/Equipment/EquipmentPurchase/EPO_Line/EPO_Line_Save' is clicked on

2017-11-17 15:08:14 - [TEST_STEP][PASSED] - click: Object: 'Object Repository/Equipment/EquipmentPurchase/EPO_Line/EPO_Line_importNO' is clicked on

2017-11-17 15:08:15 - [MESSAGE][PASSED] - Object: 'Object Repository/Equipment/EquipmentPurchase/EPO_Line/EPO_Line_importNO' is clicked on

2017-11-17 15:08:15 - [TEST_STEP][PASSED] - click: Object: 'Object Repository/Equipment/EquipmentPurchase/EPO_Line/EPO_Line_SaveNclose' is clicked on

2017-11-17 15:08:15 - [MESSAGE][PASSED] - Object: 'Object Repository/Equipment/EquipmentPurchase/EPO_Line/EPO_Line_SaveNclose' is clicked on

2017-11-17 15:08:15 - [TEST_STEP][PASSED] - delay: Delayed 2 second(s)

2017-11-17 15:08:17 - [MESSAGE][PASSED] - Delayed 2 second(s)

2017-11-17 15:08:17 - [TEST_STEP][PASSED] - click: Object: 'Object Repository/Equipment/EquipmentPurchase/EPO_Line/EPO_MultiLine_SavenClose' is clicked on

2017-11-17 15:08:17 - [MESSAGE][PASSED] - Object: 'Object Repository/Equipment/EquipmentPurchase/EPO_Line/EPO_MultiLine_SavenClose' is clicked on

2017-11-17 15:08:17 - [MESSAGE][PASSED] - Call Test Case 'Test Cases/Equipment/Base_EquipmentPurchase/Base_EPO_CreateHeaderNline' successfully

2017-11-17 15:08:17 - [TEST_STEP][PASSED] - callTestCase: Call Test Case 'Test Cases/Equipment/Base_EquipmentPurchase/Base_EPO_Reciept' successfully

2017-11-17 15:08:17 - [TEST_CASE][PASSED] - Test Cases/Equipment/Base_EquipmentPurchase/Base_EPO_Reciept: Test Cases/Equipment/Base_EquipmentPurchase/Base_EPO_Reciept

2017-11-17 15:08:18 - [TEST_STEP][PASSED] - click: Object: 'Object Repository/Equipment/EquipmentPurchase/EPO_Header/EPO_Header_Action' is clicked on

2017-11-17 15:08:18 - [MESSAGE][PASSED] - Object: 'Object Repository/Equipment/EquipmentPurchase/EPO_Header/EPO_Header_Action' is clicked on

2017-11-17 15:08:18 - [TEST_STEP][PASSED] - click: Object: 'Object Repository/Equipment/EquipmentPurchase/EPO_Header/EPO_Header_Action_SendForApproval' is clicked on

2017-11-17 15:08:18 - [MESSAGE][PASSED] - Object: 'Object Repository/Equipment/EquipmentPurchase/EPO_Header/EPO_Header_Action_SendForApproval' is clicked on

2017-11-17 15:08:18 - [TEST_STEP][PASSED] - delay: Delayed 5 second(s)

2017-11-17 15:08:23 - [MESSAGE][PASSED] - Delayed 5 second(s)

2017-11-17 15:08:23 - [TEST_STEP][PASSED] - click: Object: 'Object Repository/Equipment/EquipmentPurchase/EPO_Header/EPO_Header_Action' is clicked on

2017-11-17 15:08:23 - [MESSAGE][PASSED] - Object: 'Object Repository/Equipment/EquipmentPurchase/EPO_Header/EPO_Header_Action' is clicked on

2017-11-17 15:08:23 - [TEST_STEP][PASSED] - click: Object: 'Object Repository/Equipment/EquipmentPurchase/EPO_Header/EPO_Header_Apporve' is clicked on

2017-11-17 15:08:24 - [MESSAGE][PASSED] - Object: 'Object Repository/Equipment/EquipmentPurchase/EPO_Header/EPO_Header_Apporve' is clicked on

2017-11-17 15:08:24 - [TEST_STEP][PASSED] - delay: Delayed 5 second(s)

2017-11-17 15:08:29 - [MESSAGE][PASSED] - Delayed 5 second(s)

2017-11-17 15:08:29 - [TEST_STEP][PASSED] - click: Object: 'Object Repository/Equipment/EquipmentPurchase/EPO_Header/EPO_Header_Print' is clicked on

2017-11-17 15:08:29 - [MESSAGE][PASSED] - Object: 'Object Repository/Equipment/EquipmentPurchase/EPO_Header/EPO_Header_Print' is clicked on

2017-11-17 15:08:29 - [TEST_STEP][PASSED] - click: Object: 'Object Repository/Equipment/EquipmentPurchase/EPO_Header/EPO_Print_FinalPrint' is clicked on

2017-11-17 15:08:29 - [MESSAGE][PASSED] - Object: 'Object Repository/Equipment/EquipmentPurchase/EPO_Header/EPO_Print_FinalPrint' is clicked on

2017-11-17 15:08:29 - [TEST_STEP][PASSED] - click: Object: 'Object Repository/Equipment/EquipmentPurchase/EPO_Header/EPO_Print_PrintOption' is clicked on

2017-11-17 15:08:30 - [MESSAGE][PASSED] - Object: 'Object Repository/Equipment/EquipmentPurchase/EPO_Header/EPO_Print_PrintOption' is clicked on

2017-11-17 15:08:30 - [TEST_STEP][PASSED] - click: Object: 'Object Repository/Equipment/EquipmentPurchase/EPO_Header/EPO_Print_Device' is clicked on

2017-11-17 15:08:32 - [MESSAGE][PASSED] - Object: 'Object Repository/Equipment/EquipmentPurchase/EPO_Header/EPO_Print_Device' is clicked on

2017-11-17 15:08:32 - [TEST_STEP][PASSED] - setText: Text 'D' is set on object 'Object Repository/Equipment/EquipmentPurchase/EPO_Header/EPO_Print_Device'

2017-11-17 15:08:32 - [MESSAGE][PASSED] - Text 'D' is set on object 'Object Repository/Equipment/EquipmentPurchase/EPO_Header/EPO_Print_Device'

2017-11-17 15:08:32 - [TEST_STEP][PASSED] - click: Object: 'Object Repository/Equipment/EquipmentPurchase/EPO_Header/EPO_Print_Continue' is clicked on

2017-11-17 15:08:32 - [MESSAGE][PASSED] - Object: 'Object Repository/Equipment/EquipmentPurchase/EPO_Header/EPO_Print_Continue' is clicked on

2017-11-17 15:08:32 - [TEST_STEP][PASSED] - delay: Delayed 5 second(s)

2017-11-17 15:08:37 - [MESSAGE][PASSED] - Delayed 5 second(s)

2017-11-17 15:08:37 - [TEST_STEP][PASSED] - click: Object: 'Object Repository/Equipment/EquipmentPurchase/EPO_Header/EPO_Header_EPOtab' is clicked on

2017-11-17 15:08:38 - [MESSAGE][PASSED] - Object: 'Object Repository/Equipment/EquipmentPurchase/EPO_Header/EPO_Header_EPOtab' is clicked on

2017-11-17 15:08:38 - [TEST_STEP][PASSED] - click: Object: 'Object Repository/Equipment/EquipmentPurchase/EPO_Header/EPO_Print_Close' is clicked on

2017-11-17 15:08:38 - [MESSAGE][PASSED] - Object: 'Object Repository/Equipment/EquipmentPurchase/EPO_Header/EPO_Print_Close' is clicked on

2017-11-17 15:08:38 - [TEST_STEP][PASSED] - delay: Delayed 3 second(s)

2017-11-17 15:08:41 - [MESSAGE][PASSED] - Delayed 3 second(s)

2017-11-17 15:08:41 - [TEST_STEP][PASSED] - click: Object: 'Object Repository/Equipment/EquipmentPurchase/EPO_Header/EPO_Header_Action' is clicked on

2017-11-17 15:08:41 - [MESSAGE][PASSED] - Object: 'Object Repository/Equipment/EquipmentPurchase/EPO_Header/EPO_Header_Action' is clicked on

2017-11-17 15:08:41 - [TEST_STEP][PASSED] - click: Object: 'Object Repository/Equipment/EquipmentPurchase/EPO_Header/EPO_Action_Reciept' is clicked on

2017-11-17 15:08:41 - [MESSAGE][PASSED] - Object: 'Object Repository/Equipment/EquipmentPurchase/EPO_Header/EPO_Action_Reciept' is clicked on

2017-11-17 15:08:41 - [TEST_STEP][PASSED] - waitForElementPresent: Object 'Object Repository/Equipment/EquipmentPurchase/EPO_Receipt/EPO_Reciept_Save' is present

2017-11-17 15:08:42 - [MESSAGE][PASSED] - Object 'Object Repository/Equipment/EquipmentPurchase/EPO_Receipt/EPO_Reciept_Save' is present

2017-11-17 15:08:42 - [TEST_STEP][PASSED] - click: Object: 'Object Repository/Equipment/EquipmentPurchase/EPO_Receipt/EPO_Reciept_Save' is clicked on

2017-11-17 15:08:43 - [MESSAGE][PASSED] - Object: 'Object Repository/Equipment/EquipmentPurchase/EPO_Receipt/EPO_Reciept_Save' is clicked on

2017-11-17 15:08:43 - [TEST_STEP][PASSED] - delay: Delayed 3 second(s)

2017-11-17 15:08:46 - [MESSAGE][PASSED] - Delayed 3 second(s)

2017-11-17 15:08:46 - [TEST_STEP][PASSED] - click: Object: 'Object Repository/Equipment/EquipmentPurchase/EPO_Receipt/EPO_Receipt_Action' is clicked on

2017-11-17 15:08:46 - [MESSAGE][PASSED] - Object: 'Object Repository/Equipment/EquipmentPurchase/EPO_Receipt/EPO_Receipt_Action' is clicked on

2017-11-17 15:08:46 - [TEST_STEP][PASSED] - click: Object: 'Object Repository/Equipment/EquipmentPurchase/EPO_Receipt/EPO_Receipt_Action_ReceiptLine' is clicked on

2017-11-17 15:08:46 - [MESSAGE][PASSED] - Object: 'Object Repository/Equipment/EquipmentPurchase/EPO_Receipt/EPO_Receipt_Action_ReceiptLine' is clicked on

2017-11-17 15:08:46 - [TEST_STEP][PASSED] - waitForElementPresent: Object 'Object Repository/Equipment/EquipmentPurchase/EPO_Receipt_Line/EPO_ReceiptLine_New' is present

2017-11-17 15:08:47 - [MESSAGE][PASSED] - Object 'Object Repository/Equipment/EquipmentPurchase/EPO_Receipt_Line/EPO_ReceiptLine_New' is present

2017-11-17 15:08:47 - [TEST_STEP][PASSED] - click: Object: 'Object Repository/Equipment/EquipmentPurchase/EPO_Receipt_Line/EPO_ReceiptLine_New' is clicked on

2017-11-17 15:08:47 - [MESSAGE][PASSED] - Object: 'Object Repository/Equipment/EquipmentPurchase/EPO_Receipt_Line/EPO_ReceiptLine_New' is clicked on

2017-11-17 15:08:47 - [TEST_STEP][PASSED] - waitForElementPresent: Object 'Object Repository/Equipment/EquipmentPurchase/EPO_Receipt_Line/EPO_RecieptLine_Select' is present

2017-11-17 15:08:48 - [MESSAGE][PASSED] - Object 'Object Repository/Equipment/EquipmentPurchase/EPO_Receipt_Line/EPO_RecieptLine_Select' is present

2017-11-17 15:08:48 - [TEST_STEP][PASSED] - click: Object: 'Object Repository/Equipment/EquipmentPurchase/EPO_Receipt_Line/EPO_RecieptLine_Select' is clicked on

2017-11-17 15:08:49 - [MESSAGE][PASSED] - Object: 'Object Repository/Equipment/EquipmentPurchase/EPO_Receipt_Line/EPO_RecieptLine_Select' is clicked on

2017-11-17 15:08:49 - [TEST_STEP][PASSED] - delay: Delayed 3 second(s)

2017-11-17 15:08:52 - [MESSAGE][PASSED] - Delayed 3 second(s)

2017-11-17 15:08:52 - [TEST_STEP][PASSED] - click: Object: 'Object Repository/Equipment/EquipmentPurchase/EPO_Receipt_Line/EPO_ReceiptLine_SavenClose' is clicked on

2017-11-17 15:08:52 - [MESSAGE][PASSED] - Object: 'Object Repository/Equipment/EquipmentPurchase/EPO_Receipt_Line/EPO_ReceiptLine_SavenClose' is clicked on

2017-11-17 15:08:52 - [TEST_STEP][PASSED] - waitForElementPresent: Object 'Object Repository/Equipment/EquipmentPurchase/EPO_Receipt_Line/EPO_RecieptLineAction' is present

2017-11-17 15:08:52 - [MESSAGE][PASSED] - Object 'Object Repository/Equipment/EquipmentPurchase/EPO_Receipt_Line/EPO_RecieptLineAction' is present

2017-11-17 15:08:52 - [TEST_STEP][PASSED] - Statement - G_Unit = com.kms.katalon.core.webui.keyword.WebUiBuiltInKeywords.getText(com.kms.katalon.core.testobject.ObjectRepository.findTestObject(Equipment/EquipmentPurchase/EPO_Receipt/EPO_Reciept_Unit)): Text of object 'Object Repository/Equipment/EquipmentPurchase/EPO_Receipt/EPO_Reciept_Unit' is: 'MD0018338'

2017-11-17 15:08:53 - [MESSAGE][PASSED] - Text of object 'Object Repository/Equipment/EquipmentPurchase/EPO_Receipt/EPO_Reciept_Unit' is: 'MD0018338'

2017-11-17 15:08:53 - [TEST_STEP][PASSED] - click: Object: 'Object Repository/Equipment/EquipmentPurchase/EPO_Receipt_Line/EPO_RecieptLineAction' is clicked on

2017-11-17 15:08:53 - [MESSAGE][PASSED] - Object: 'Object Repository/Equipment/EquipmentPurchase/EPO_Receipt_Line/EPO_RecieptLineAction' is clicked on

2017-11-17 15:08:53 - [TEST_STEP][PASSED] - click: Object: 'Object Repository/Equipment/EquipmentPurchase/EPO_Receipt/EPO_Action_Confirm' is clicked on

2017-11-17 15:08:53 - [MESSAGE][PASSED] - Object: 'Object Repository/Equipment/EquipmentPurchase/EPO_Receipt/EPO_Action_Confirm' is clicked on

2017-11-17 15:08:53 - [TEST_STEP][PASSED] - click: Object: 'Object Repository/Equipment/EquipmentPurchase/EPO_Receipt/EPO_Reciept_MeterOK' is clicked on

2017-11-17 15:08:54 - [MESSAGE][PASSED] - Object: 'Object Repository/Equipment/EquipmentPurchase/EPO_Receipt/EPO_Reciept_MeterOK' is clicked on

2017-11-17 15:08:54 - [TEST_STEP][PASSED] - waitForElementPresent: Object 'Object Repository/Equipment/EquipmentPurchase/EPO_Receipt/EPO_RecieptPrint_Device' is present

2017-11-17 15:08:56 - [MESSAGE][PASSED] - Object 'Object Repository/Equipment/EquipmentPurchase/EPO_Receipt/EPO_RecieptPrint_Device' is present

2017-11-17 15:08:56 - [TEST_STEP][PASSED] - click: Object: 'Object Repository/Equipment/EquipmentPurchase/EPO_Receipt/EPO_RecieptPrint_Device' is clicked on

2017-11-17 15:08:56 - [MESSAGE][PASSED] - Object: 'Object Repository/Equipment/EquipmentPurchase/EPO_Receipt/EPO_RecieptPrint_Device' is clicked on

2017-11-17 15:08:56 - [TEST_STEP][PASSED] - setText: Text 'D' is set on object 'Object Repository/Equipment/EquipmentPurchase/EPO_Receipt/EPO_RecieptPrint_Device'

2017-11-17 15:08:56 - [MESSAGE][PASSED] - Text 'D' is set on object 'Object Repository/Equipment/EquipmentPurchase/EPO_Receipt/EPO_RecieptPrint_Device'

2017-11-17 15:08:56 - [TEST_STEP][PASSED] - click: Object: 'Object Repository/Equipment/EquipmentPurchase/EPO_Receipt/EPO_RecieptPrint_Continue' is clicked on

2017-11-17 15:08:57 - [MESSAGE][PASSED] - Object: 'Object Repository/Equipment/EquipmentPurchase/EPO_Receipt/EPO_RecieptPrint_Continue' is clicked on

2017-11-17 15:08:57 - [TEST_STEP][PASSED] - delay: Delayed 3 second(s)

2017-11-17 15:09:00 - [MESSAGE][PASSED] - Delayed 3 second(s)

2017-11-17 15:09:00 - [TEST_STEP][PASSED] - click: Object: 'Object Repository/Equipment/EquipmentPurchase/EPO_Receipt/EPO_RecieptPrint_ProcessCompleted' is clicked on

2017-11-17 15:09:00 - [MESSAGE][PASSED] - Object: 'Object Repository/Equipment/EquipmentPurchase/EPO_Receipt/EPO_RecieptPrint_ProcessCompleted' is clicked on

2017-11-17 15:09:00 - [TEST_STEP][PASSED] - delay: Delayed 10 second(s)

2017-11-17 15:09:10 - [MESSAGE][PASSED] - Delayed 10 second(s)

2017-11-17 15:09:10 - [MESSAGE][PASSED] - Call Test Case 'Test Cases/Equipment/Base_EquipmentPurchase/Base_EPO_Reciept' successfully

2017-11-17 15:09:10 - [MESSAGE][PASSED] - Call Test Case 'Test Cases/Equipment/Base_EquipmentPurchase/EPO_CreateNrecieve' successfully

2017-11-17 15:09:10 - [TEST_STEP][PASSED] - callTestCase: Call Test Case 'Test Cases/Rental/Base_RentalContract/Base_CreateRentalInvoice_HeaderlineInvoice_SplitTender' successfully

2017-11-17 15:09:10 - [TEST_CASE][PASSED] - Test Cases/Rental/Base_RentalContract/Base_CreateRentalInvoice_HeaderlineInvoice_SplitTender: Test Cases/Rental/Base_RentalContract/Base_CreateRentalInvoice_HeaderlineInvoice_SplitTender

2017-11-17 15:09:10 - [TEST_STEP][PASSED] - callTestCase: Call Test Case 'Test Cases/Rental/Base_RentalContract/Base_CreateRentalHeader' successfully

2017-11-17 15:09:10 - [TEST_CASE][PASSED] - Test Cases/Rental/Base_RentalContract/Base_CreateRentalHeader: Test Cases/Rental/Base_RentalContract/Base_CreateRentalHeader

2017-11-17 15:09:11 - [TEST_STEP][PASSED] - callTestCase: Call Test Case 'Test Cases/Common/Base_Common_OpenSession' successfully

2017-11-17 15:09:11 - [TEST_CASE][PASSED] - Test Cases/Common/Base_Common_OpenSession: Test Cases/Common/Base_Common_OpenSession

2017-11-17 15:09:11 - [TEST_STEP][PASSED] - openBrowser: Browser is opened with url: 'https://rgajbhiye:Robin$123@proxima-ln4.e-emphasys.com:8441/webui/servlet/login'

2017-11-17 15:09:11 - [MESSAGE][WARNING] - A browser is already opened. Closing browser and opening a new one

2017-11-17 15:09:18 - [MESSAGE][PASSED] - Browser is opened with url: 'https://rgajbhiye:Robin$123@proxima-ln4.e-emphasys.com:8441/webui/servlet/login'

2017-11-17 15:09:18 - [TEST_STEP][PASSED] - waitForPageLoad: Wait for page load successfully

2017-11-17 15:09:18 - [MESSAGE][PASSED] - Wait for page load successfully

2017-11-17 15:09:18 - [TEST_STEP][PASSED] - maximizeWindow: Current window maximized

2017-11-17 15:09:18 - [MESSAGE][PASSED] - Current window maximized

2017-11-17 15:09:18 - [TEST_STEP][PASSED] - click: Object: 'Object Repository/Common/HomePage/HomePage_more' is clicked on

2017-11-17 15:09:22 - [MESSAGE][PASSED] - Object: 'Object Repository/Common/HomePage/HomePage_more' is clicked on

2017-11-17 15:09:22 - [TEST_STEP][PASSED] - click: Object: 'Object Repository/Common/HomePage/HomePage_Option' is clicked on

2017-11-17 15:09:22 - [MESSAGE][PASSED] - Object: 'Object Repository/Common/HomePage/HomePage_Option' is clicked on

2017-11-17 15:09:22 - [TEST_STEP][PASSED] - click: Object: 'Object Repository/Common/HomePage/HomePage_RunProgram_' is clicked on

2017-11-17 15:09:22 - [MESSAGE][PASSED] - Object: 'Object Repository/Common/HomePage/HomePage_RunProgram_' is clicked on

2017-11-17 15:09:22 - [TEST_STEP][PASSED] - sendKeys: Keys 'erext4100s004' sent to object: 'Object Repository/Common/HomePage/HomePage_Session_ID'

2017-11-17 15:09:22 - [MESSAGE][PASSED] - Keys 'erext4100s004' sent to object: 'Object Repository/Common/HomePage/HomePage_Session_ID'

2017-11-17 15:09:22 - [TEST_STEP][PASSED] - click: Object: 'Object Repository/Common/HomePage/HomePage_OkButton' is clicked on

2017-11-17 15:09:23 - [MESSAGE][PASSED] - Object: 'Object Repository/Common/HomePage/HomePage_OkButton' is clicked on

2017-11-17 15:09:23 - [MESSAGE][PASSED] - Call Test Case 'Test Cases/Common/Base_Common_OpenSession' successfully

2017-11-17 15:09:23 - [TEST_STEP][PASSED] - click: Object: 'Object Repository/Rental/RentalHeader/RentalContract.Customer' is clicked on

2017-11-17 15:09:27 - [MESSAGE][PASSED] - Object: 'Object Repository/Rental/RentalHeader/RentalContract.Customer' is clicked on

2017-11-17 15:09:27 - [TEST_STEP][PASSED] - setText: Text 'M00000010' is set on object 'Object Repository/Rental/RentalHeader/RentalContract.Customer'

2017-11-17 15:09:27 - [MESSAGE][PASSED] - Text 'M00000010' is set on object 'Object Repository/Rental/RentalHeader/RentalContract.Customer'

2017-11-17 15:09:27 - [TEST_STEP][PASSED] - delay: Delayed 2 second(s)

2017-11-17 15:09:29 - [MESSAGE][PASSED] - Delayed 2 second(s)

2017-11-17 15:09:29 - [TEST_STEP][PASSED] - click: Object: 'Object Repository/Rental/RentalHeader/RentalContract.CustPO' is clicked on

2017-11-17 15:09:30 - [MESSAGE][PASSED] - Object: 'Object Repository/Rental/RentalHeader/RentalContract.CustPO' is clicked on

2017-11-17 15:09:30 - [TEST_STEP][PASSED] - delay: Delayed 3 second(s)

2017-11-17 15:09:33 - [MESSAGE][PASSED] - Delayed 3 second(s)

2017-11-17 15:09:33 - [TEST_STEP][PASSED] - click: Object: 'Object Repository/Rental/RentalHeader/RentalContract.OtherDetailsTab' is clicked on

2017-11-17 15:09:33 - [MESSAGE][PASSED] - Object: 'Object Repository/Rental/RentalHeader/RentalContract.OtherDetailsTab' is clicked on

2017-11-17 15:09:33 - [TEST_STEP][PASSED] - delay: Delayed 5 second(s)

2017-11-17 15:09:38 - [MESSAGE][PASSED] - Delayed 5 second(s)

2017-11-17 15:09:38 - [TEST_STEP][PASSED] - click: Object: 'Object Repository/Rental/RentalHeader/Rental Contract.ModeOfPayment' is clicked on

2017-11-17 15:09:38 - [MESSAGE][PASSED] - Object: 'Object Repository/Rental/RentalHeader/Rental Contract.ModeOfPayment' is clicked on

2017-11-17 15:09:38 - [TEST_STEP][PASSED] - delay: Delayed 2 second(s)

2017-11-17 15:09:40 - [MESSAGE][PASSED] - Delayed 2 second(s)

2017-11-17 15:09:40 - [TEST_STEP][PASSED] - click: Object: 'Object Repository/Rental/RentalHeader/RentalContract.CreditCardoption' is clicked on

2017-11-17 15:09:40 - [MESSAGE][PASSED] - Object: 'Object Repository/Rental/RentalHeader/RentalContract.CreditCardoption' is clicked on

2017-11-17 15:09:40 - [TEST_STEP][PASSED] - delay: Delayed 3 second(s)

2017-11-17 15:09:43 - [MESSAGE][PASSED] - Delayed 3 second(s)

2017-11-17 15:09:43 - [TEST_STEP][PASSED] - click: Object: 'Object Repository/Rental/RentalHeader/RentalContract.GeneralTab' is clicked on

2017-11-17 15:09:44 - [MESSAGE][PASSED] - Object: 'Object Repository/Rental/RentalHeader/RentalContract.GeneralTab' is clicked on

2017-11-17 15:09:44 - [TEST_STEP][PASSED] - delay: Delayed 5 second(s)

2017-11-17 15:09:49 - [MESSAGE][PASSED] - Delayed 5 second(s)

2017-11-17 15:09:49 - [TEST_STEP][PASSED] - click: Object: 'Object Repository/Rental/RentalHeader/RentalContract.Newbuttonline' is clicked on

2017-11-17 15:09:49 - [MESSAGE][PASSED] - Object: 'Object Repository/Rental/RentalHeader/RentalContract.Newbuttonline' is clicked on

2017-11-17 15:09:49 - [TEST_STEP][PASSED] - delay: Delayed 5 second(s)

2017-11-17 15:09:54 - [MESSAGE][PASSED] - Delayed 5 second(s)

2017-11-17 15:09:54 - [TEST_STEP][PASSED] - click: Object: 'Object Repository/Rental/RentalHeader/RentalContract.SetLine' is clicked on

2017-11-17 15:09:54 - [MESSAGE][PASSED] - Object: 'Object Repository/Rental/RentalHeader/RentalContract.SetLine' is clicked on

2017-11-17 15:09:54 - [TEST_STEP][PASSED] - delay: Delayed 5 second(s)

2017-11-17 15:09:59 - [MESSAGE][PASSED] - Delayed 5 second(s)

2017-11-17 15:09:59 - [TEST_STEP][PASSED] - scrollToElement: Scroll to object 'Object Repository/Rental/RentalHeader/RentalContract.Unit' successfully

2017-11-17 15:09:59 - [MESSAGE][PASSED] - Scroll to object 'Object Repository/Rental/RentalHeader/RentalContract.Unit' successfully

2017-11-17 15:09:59 - [TEST_STEP][PASSED] - delay: Delayed 3 second(s)

2017-11-17 15:10:02 - [MESSAGE][PASSED] - Delayed 3 second(s)

2017-11-17 15:10:02 - [TEST_STEP][NOT_RUN] - getText: NOT_RUN: getText

2017-11-17 15:10:02 - [MESSAGE][NOT_RUN] - NOT_RUN: getText

2017-11-17 15:10:02 - [TEST_STEP][PASSED] - click: Object: 'Object Repository/Rental/RentalHeader/RentalContract.Unit' is clicked on

2017-11-17 15:10:02 - [MESSAGE][PASSED] - Object: 'Object Repository/Rental/RentalHeader/RentalContract.Unit' is clicked on

2017-11-17 15:10:02 - [TEST_STEP][PASSED] - delay: Delayed 5 second(s)

2017-11-17 15:10:07 - [MESSAGE][PASSED] - Delayed 5 second(s)

2017-11-17 15:10:07 - [TEST_STEP][PASSED] - setText: Text 'MD0018338' is set on object 'Object Repository/Rental/RentalHeader/RentalContract.Unit'

2017-11-17 15:10:08 - [MESSAGE][PASSED] - Text 'MD0018338' is set on object 'Object Repository/Rental/RentalHeader/RentalContract.Unit'

2017-11-17 15:10:08 - [TEST_STEP][PASSED] - delay: Delayed 5 second(s)

2017-11-17 15:10:13 - [MESSAGE][PASSED] - Delayed 5 second(s)

2017-11-17 15:10:13 - [TEST_STEP][PASSED] - scrollToElement: Scroll to object 'Object Repository/Rental/RentalHeader/RentalContract.MultipleInsurence' successfully

2017-11-17 15:10:13 - [MESSAGE][PASSED] - Scroll to object 'Object Repository/Rental/RentalHeader/RentalContract.MultipleInsurence' successfully

2017-11-17 15:10:13 - [TEST_STEP][PASSED] - delay: Delayed 5 second(s)

2017-11-17 15:10:18 - [MESSAGE][PASSED] - Delayed 5 second(s)

2017-11-17 15:10:18 - [TEST_STEP][PASSED] - doubleClick: Object: 'Object Repository/Rental/RentalHeader/RentalContract.MultipleInsurence' is double clicked on

2017-11-17 15:10:18 - [MESSAGE][PASSED] - Object: 'Object Repository/Rental/RentalHeader/RentalContract.MultipleInsurence' is double clicked on

2017-11-17 15:10:18 - [TEST_STEP][PASSED] - delay: Delayed 5 second(s)

2017-11-17 15:10:23 - [MESSAGE][PASSED] - Delayed 5 second(s)

2017-11-17 15:10:23 - [TEST_STEP][PASSED] - click: Object: 'Object Repository/Rental/RentalHeader/RentalContract.MultipleInsurence' is clicked on

2017-11-17 15:10:23 - [MESSAGE][PASSED] - Object: 'Object Repository/Rental/RentalHeader/RentalContract.MultipleInsurence' is clicked on

2017-11-17 15:10:23 - [TEST_STEP][NOT_RUN] - doubleClick: NOT_RUN: doubleClick

2017-11-17 15:10:23 - [MESSAGE][NOT_RUN] - NOT_RUN: doubleClick

2017-11-17 15:10:23 - [TEST_STEP][PASSED] - delay: Delayed 5 second(s)

2017-11-17 15:10:28 - [MESSAGE][PASSED] - Delayed 5 second(s)

2017-11-17 15:10:28 - [TEST_STEP][PASSED] - click: Object: 'Object Repository/Rental/RentalHeader/RentalContract.MultiInsNO' is clicked on

2017-11-17 15:10:28 - [MESSAGE][PASSED] - Object: 'Object Repository/Rental/RentalHeader/RentalContract.MultiInsNO' is clicked on

2017-11-17 15:10:28 - [TEST_STEP][PASSED] - delay: Delayed 5 second(s)

2017-11-17 15:10:33 - [MESSAGE][PASSED] - Delayed 5 second(s)

2017-11-17 15:10:33 - [TEST_STEP][PASSED] - scrollToElement: Scroll to object 'Object Repository/Rental/RentalHeader/RentalContract.GrossRateline' successfully

2017-11-17 15:10:34 - [MESSAGE][PASSED] - Scroll to object 'Object Repository/Rental/RentalHeader/RentalContract.GrossRateline' successfully

2017-11-17 15:10:34 - [TEST_STEP][NOT_RUN] - delay: NOT_RUN: delay

2017-11-17 15:10:34 - [MESSAGE][NOT_RUN] - NOT_RUN: delay

2017-11-17 15:10:34 - [TEST_STEP][PASSED] - doubleClick: Object: 'Object Repository/Rental/RentalHeader/RentalContract.GrossRateline' is double clicked on

2017-11-17 15:10:34 - [MESSAGE][PASSED] - Object: 'Object Repository/Rental/RentalHeader/RentalContract.GrossRateline' is double clicked on

2017-11-17 15:10:34 - [TEST_STEP][PASSED] - delay: Delayed 2 second(s)

2017-11-17 15:10:36 - [MESSAGE][PASSED] - Delayed 2 second(s)

2017-11-17 15:10:36 - [TEST_STEP][PASSED] - click: Object: 'Object Repository/Rental/RentalHeader/RentalContract.GrossRateline' is clicked on

2017-11-17 15:10:36 - [MESSAGE][PASSED] - Object: 'Object Repository/Rental/RentalHeader/RentalContract.GrossRateline' is clicked on

2017-11-17 15:10:36 - [TEST_STEP][PASSED] - delay: Delayed 2 second(s)

2017-11-17 15:10:38 - [MESSAGE][PASSED] - Delayed 2 second(s)

2017-11-17 15:10:38 - [TEST_STEP][PASSED] - setText: Text '100' is set on object 'Object Repository/Rental/RentalHeader/RentalContract.GrossRateline'

2017-11-17 15:10:38 - [MESSAGE][PASSED] - Text '100' is set on object 'Object Repository/Rental/RentalHeader/RentalContract.GrossRateline'

2017-11-17 15:10:38 - [TEST_STEP][PASSED] - delay: Delayed 4 second(s)

2017-11-17 15:10:42 - [MESSAGE][PASSED] - Delayed 4 second(s)

2017-11-17 15:10:42 - [TEST_STEP][PASSED] - click: Object: 'Object Repository/Rental/RentalHeader/RentalContract.SaveHeader' is clicked on

2017-11-17 15:10:43 - [MESSAGE][PASSED] - Object: 'Object Repository/Rental/RentalHeader/RentalContract.SaveHeader' is clicked on

2017-11-17 15:10:43 - [TEST_STEP][PASSED] - delay: Delayed 5 second(s)

2017-11-17 15:10:48 - [MESSAGE][PASSED] - Delayed 5 second(s)

2017-11-17 15:10:48 - [TEST_STEP][PASSED] - click: Object: 'Object Repository/Rental/RentalHeader/RentalContract.Action' is clicked on

2017-11-17 15:10:48 - [MESSAGE][PASSED] - Object: 'Object Repository/Rental/RentalHeader/RentalContract.Action' is clicked on

2017-11-17 15:10:48 - [TEST_STEP][PASSED] - delay: Delayed 8 second(s)

2017-11-17 15:10:56 - [MESSAGE][PASSED] - Delayed 8 second(s)

2017-11-17 15:10:56 - [TEST_STEP][PASSED] - click: Object: 'Object Repository/Rental/RentalHeader/RentalContract.Release' is clicked on

2017-11-17 15:10:56 - [MESSAGE][PASSED] - Object: 'Object Repository/Rental/RentalHeader/RentalContract.Release' is clicked on

2017-11-17 15:10:56 - [TEST_STEP][PASSED] - delay: Delayed 12 second(s)

2017-11-17 15:11:08 - [MESSAGE][PASSED] - Delayed 12 second(s)

2017-11-17 15:11:08 - [TEST_STEP][PASSED] - click: Object: 'Object Repository/Rental/RentalHeader/RentalContract.ActionDelivery' is clicked on

2017-11-17 15:11:08 - [MESSAGE][PASSED] - Object: 'Object Repository/Rental/RentalHeader/RentalContract.ActionDelivery' is clicked on

2017-11-17 15:11:08 - [TEST_STEP][PASSED] - delay: Delayed 6 second(s)

2017-11-17 15:11:14 - [MESSAGE][PASSED] - Delayed 6 second(s)

2017-11-17 15:11:14 - [TEST_STEP][PASSED] - click: Object: 'Object Repository/Rental/RentalHeader/RentalContract.ConfirmDelivery' is clicked on

2017-11-17 15:11:15 - [MESSAGE][PASSED] - Object: 'Object Repository/Rental/RentalHeader/RentalContract.ConfirmDelivery' is clicked on

2017-11-17 15:11:15 - [TEST_STEP][PASSED] - delay: Delayed 8 second(s)

2017-11-17 15:11:23 - [MESSAGE][PASSED] - Delayed 8 second(s)

2017-11-17 15:11:23 - [TEST_STEP][NOT_RUN] - waitForElementPresent: NOT_RUN: waitForElementPresent

2017-11-17 15:11:23 - [MESSAGE][NOT_RUN] - NOT_RUN: waitForElementPresent

2017-11-17 15:11:23 - [TEST_STEP][NOT_RUN] - delay: NOT_RUN: delay

2017-11-17 15:11:23 - [MESSAGE][NOT_RUN] - NOT_RUN: delay

2017-11-17 15:11:23 - [TEST_STEP][PASSED] - click: Object: 'Object Repository/Rental/RentalHeader/RentalContract.DeliveryProceed' is clicked on

2017-11-17 15:11:23 - [MESSAGE][PASSED] - Object: 'Object Repository/Rental/RentalHeader/RentalContract.DeliveryProceed' is clicked on

2017-11-17 15:11:23 - [TEST_STEP][PASSED] - delay: Delayed 12 second(s)

2017-11-17 15:11:35 - [MESSAGE][PASSED] - Delayed 12 second(s)

2017-11-17 15:11:35 - [TEST_STEP][NOT_RUN] - waitForElementPresent: NOT_RUN: waitForElementPresent

2017-11-17 15:11:35 - [MESSAGE][NOT_RUN] - NOT_RUN: waitForElementPresent

2017-11-17 15:11:35 - [TEST_STEP][NOT_RUN] - delay: NOT_RUN: delay

2017-11-17 15:11:35 - [MESSAGE][NOT_RUN] - NOT_RUN: delay

2017-11-17 15:11:35 - [TEST_STEP][NOT_RUN] - click: NOT_RUN: click

2017-11-17 15:11:35 - [MESSAGE][NOT_RUN] - NOT_RUN: click

2017-11-17 15:11:35 - [TEST_STEP][PASSED] - delay: Delayed 8 second(s)

2017-11-17 15:11:43 - [MESSAGE][PASSED] - Delayed 8 second(s)

2017-11-17 15:11:43 - [TEST_STEP][PASSED] - click: Object: 'Object Repository/Rental/RentalHeader/RentalContract.InspetionReportClose' is clicked on

2017-11-17 15:11:43 - [MESSAGE][PASSED] - Object: 'Object Repository/Rental/RentalHeader/RentalContract.InspetionReportClose' is clicked on

2017-11-17 15:11:43 - [TEST_STEP][PASSED] - delay: Delayed 5 second(s)

2017-11-17 15:11:48 - [MESSAGE][PASSED] - Delayed 5 second(s)

2017-11-17 15:11:48 - [TEST_STEP][PASSED] - click: Object: 'Object Repository/Rental/RentalHeader/RentalContract.BillofLaddingClosed' is clicked on

2017-11-17 15:11:48 - [MESSAGE][PASSED] - Object: 'Object Repository/Rental/RentalHeader/RentalContract.BillofLaddingClosed' is clicked on

2017-11-17 15:11:48 - [TEST_STEP][PASSED] - delay: Delayed 5 second(s)

2017-11-17 15:11:53 - [MESSAGE][PASSED] - Delayed 5 second(s)

2017-11-17 15:11:53 - [TEST_STEP][PASSED] - click: Object: 'Object Repository/Rental/RentalHeader/RentalContract.EqipRentalMemoclosed' is clicked on

2017-11-17 15:11:54 - [MESSAGE][PASSED] - Object: 'Object Repository/Rental/RentalHeader/RentalContract.EqipRentalMemoclosed' is clicked on

2017-11-17 15:11:54 - [TEST_STEP][PASSED] - delay: Delayed 5 second(s)

2017-11-17 15:11:59 - [MESSAGE][PASSED] - Delayed 5 second(s)

2017-11-17 15:11:59 - [TEST_STEP][PASSED] - click: Object: 'Object Repository/Rental/RentalHeader/RentalContract.InspectionOrdergnerated' is clicked on

2017-11-17 15:11:59 - [MESSAGE][PASSED] - Object: 'Object Repository/Rental/RentalHeader/RentalContract.InspectionOrdergnerated' is clicked on

2017-11-17 15:11:59 - [MESSAGE][PASSED] - Call Test Case 'Test Cases/Rental/Base_RentalContract/Base_CreateRentalHeader' successfully

2017-11-17 15:11:59 - [TEST_STEP][PASSED] - delay: Delayed 4 second(s)

2017-11-17 15:12:03 - [MESSAGE][PASSED] - Delayed 4 second(s)

2017-11-17 15:12:03 - [TEST_STEP][PASSED] - click: Object: 'Object Repository/Rental/RentalHeader/RentalInvoice/RentalInvoice.InvoicingscheduleTab' is clicked on

2017-11-17 15:12:03 - [MESSAGE][PASSED] - Object: 'Object Repository/Rental/RentalHeader/RentalInvoice/RentalInvoice.InvoicingscheduleTab' is clicked on

2017-11-17 15:12:03 - [TEST_STEP][PASSED] - delay: Delayed 4 second(s)

2017-11-17 15:12:07 - [MESSAGE][PASSED] - Delayed 4 second(s)

2017-11-17 15:12:07 - [TEST_STEP][PASSED] - click: Object: 'Object Repository/Rental/RentalHeader/RentalInvoice/RentalInvoice.Action' is clicked on

2017-11-17 15:12:07 - [MESSAGE][PASSED] - Object: 'Object Repository/Rental/RentalHeader/RentalInvoice/RentalInvoice.Action' is clicked on

2017-11-17 15:12:07 - [TEST_STEP][PASSED] - delay: Delayed 4 second(s)

2017-11-17 15:12:11 - [MESSAGE][PASSED] - Delayed 4 second(s)

2017-11-17 15:12:11 - [TEST_STEP][PASSED] - click: Object: 'Object Repository/Rental/RentalHeader/RentalInvoice/RentalInvoice.ProcessInvoice' is clicked on

2017-11-17 15:12:12 - [MESSAGE][PASSED] - Object: 'Object Repository/Rental/RentalHeader/RentalInvoice/RentalInvoice.ProcessInvoice' is clicked on

2017-11-17 15:12:12 - [TEST_STEP][PASSED] - delay: Delayed 4 second(s)

2017-11-17 15:12:16 - [MESSAGE][PASSED] - Delayed 4 second(s)

2017-11-17 15:12:16 - [TEST_STEP][PASSED] - click: Object: 'Object Repository/Rental/RentalHeader/RentalInvoice/RentalInvoice.ProcessInvoice2' is clicked on

2017-11-17 15:12:16 - [MESSAGE][PASSED] - Object: 'Object Repository/Rental/RentalHeader/RentalInvoice/RentalInvoice.ProcessInvoice2' is clicked on

2017-11-17 15:12:16 - [TEST_STEP][PASSED] - delay: Delayed 0 second(s)

2017-11-17 15:12:16 - [MESSAGE][PASSED] - Delayed 0 second(s)

2017-11-17 15:12:16 - [TEST_STEP][PASSED] - click: Object: 'Object Repository/Rental/RentalHeader/RentalInvoice/RentalInvoice.InvoiceProcessYES' is clicked on

2017-11-17 15:12:17 - [MESSAGE][PASSED] - Object: 'Object Repository/Rental/RentalHeader/RentalInvoice/RentalInvoice.InvoiceProcessYES' is clicked on

2017-11-17 15:12:17 - [TEST_STEP][PASSED] - delay: Delayed 0 second(s)

2017-11-17 15:12:17 - [MESSAGE][PASSED] - Delayed 0 second(s)

2017-11-17 15:12:17 - [TEST_STEP][PASSED] - setText: Text 'PUBL' is set on object 'Object Repository/Rental/RentalHeader/RentalInvoice/ServiceCreditCard.PaymentGateway'

2017-11-17 15:12:18 - [MESSAGE][PASSED] - Text 'PUBL' is set on object 'Object Repository/Rental/RentalHeader/RentalInvoice/ServiceCreditCard.PaymentGateway'

2017-11-17 15:12:18 - [TEST_STEP][NOT_RUN] - sendKeys: NOT_RUN: sendKeys

2017-11-17 15:12:18 - [MESSAGE][NOT_RUN] - NOT_RUN: sendKeys

2017-11-17 15:12:18 - [TEST_STEP][PASSED] - doubleClick: Object: 'Object Repository/Rental/RentalHeader/RentalInvoice/ServiceCreditCard.CardType' is double clicked on

2017-11-17 15:12:18 - [MESSAGE][PASSED] - Object: 'Object Repository/Rental/RentalHeader/RentalInvoice/ServiceCreditCard.CardType' is double clicked on

2017-11-17 15:12:18 - [TEST_STEP][PASSED] - setText: Text 'Visa Card' is set on object 'Object Repository/Rental/RentalHeader/RentalInvoice/ServiceCreditCard.CardType'

2017-11-17 15:12:18 - [MESSAGE][PASSED] - Text 'Visa Card' is set on object 'Object Repository/Rental/RentalHeader/RentalInvoice/ServiceCreditCard.CardType'

2017-11-17 15:12:18 - [TEST_STEP][PASSED] - delay: Delayed 2 second(s)

2017-11-17 15:12:20 - [MESSAGE][PASSED] - Delayed 2 second(s)

2017-11-17 15:12:20 - [TEST_STEP][PASSED] - doubleClick: Object: 'Object Repository/Rental/RentalHeader/RentalInvoice/ServiceCreditCard.Enter CC No' is double clicked on

2017-11-17 15:12:21 - [MESSAGE][PASSED] - Object: 'Object Repository/Rental/RentalHeader/RentalInvoice/ServiceCreditCard.Enter CC No' is double clicked on

2017-11-17 15:12:21 - [TEST_STEP][PASSED] - sendKeys: Keys '4012000033330026' sent to object: 'Object Repository/Rental/RentalHeader/RentalInvoice/ServiceCreditCard.Enter CC No'

2017-11-17 15:12:21 - [MESSAGE][PASSED] - Keys '4012000033330026' sent to object: 'Object Repository/Rental/RentalHeader/RentalInvoice/ServiceCreditCard.Enter CC No'

2017-11-17 15:12:21 - [TEST_STEP][PASSED] - delay: Delayed 2 second(s)

2017-11-17 15:12:23 - [MESSAGE][PASSED] - Delayed 2 second(s)

2017-11-17 15:12:23 - [TEST_STEP][PASSED] - click: Object: 'Object Repository/Rental/RentalHeader/RentalInvoice/ServiceCreditCard.CVV2' is clicked on

2017-11-17 15:12:23 - [MESSAGE][PASSED] - Object: 'Object Repository/Rental/RentalHeader/RentalInvoice/ServiceCreditCard.CVV2' is clicked on

2017-11-17 15:12:23 - [TEST_STEP][PASSED] - sendKeys: Keys '865' sent to object: 'Object Repository/Rental/RentalHeader/RentalInvoice/ServiceCreditCard.CVV2'

2017-11-17 15:12:23 - [MESSAGE][PASSED] - Keys '865' sent to object: 'Object Repository/Rental/RentalHeader/RentalInvoice/ServiceCreditCard.CVV2'

2017-11-17 15:12:23 - [TEST_STEP][NOT_RUN] - sendKeys: NOT_RUN: sendKeys

2017-11-17 15:12:23 - [MESSAGE][NOT_RUN] - NOT_RUN: sendKeys

2017-11-17 15:12:23 - [TEST_STEP][NOT_RUN] - delay: NOT_RUN: delay

2017-11-17 15:12:23 - [MESSAGE][NOT_RUN] - NOT_RUN: delay

2017-11-17 15:12:23 - [TEST_STEP][PASSED] - delay: Delayed 3 second(s)

2017-11-17 15:12:26 - [MESSAGE][PASSED] - Delayed 3 second(s)

2017-11-17 15:12:26 - [TEST_STEP][PASSED] - setText: Text '09' is set on object 'Object Repository/Rental/RentalHeader/RentalInvoice/ServiceCreditCard.ExpiryMonth'

2017-11-17 15:12:26 - [MESSAGE][PASSED] - Text '09' is set on object 'Object Repository/Rental/RentalHeader/RentalInvoice/ServiceCreditCard.ExpiryMonth'

2017-11-17 15:12:26 - [TEST_STEP][PASSED] - setText: Text '99' is set on object 'Object Repository/Rental/RentalHeader/RentalInvoice/ServiceCreditCard.ExpiryYear'

2017-11-17 15:12:26 - [MESSAGE][PASSED] - Text '99' is set on object 'Object Repository/Rental/RentalHeader/RentalInvoice/ServiceCreditCard.ExpiryYear'

2017-11-17 15:12:26 - [TEST_STEP][NOT_RUN] - click: NOT_RUN: click

2017-11-17 15:12:26 - [MESSAGE][NOT_RUN] - NOT_RUN: click

2017-11-17 15:12:26 - [TEST_STEP][NOT_RUN] - delay: NOT_RUN: delay

2017-11-17 15:12:26 - [MESSAGE][NOT_RUN] - NOT_RUN: delay

2017-11-17 15:12:26 - [TEST_STEP][NOT_RUN] - click: NOT_RUN: click

2017-11-17 15:12:26 - [MESSAGE][NOT_RUN] - NOT_RUN: click

2017-11-17 15:12:26 - [TEST_STEP][NOT_RUN] - delay: NOT_RUN: delay

2017-11-17 15:12:26 - [MESSAGE][NOT_RUN] - NOT_RUN: delay

2017-11-17 15:12:26 - [TEST_STEP][NOT_RUN] - click: NOT_RUN: click

2017-11-17 15:12:26 - [MESSAGE][NOT_RUN] - NOT_RUN: click

2017-11-17 15:12:26 - [TEST_STEP][NOT_RUN] - delay: NOT_RUN: delay

2017-11-17 15:12:26 - [MESSAGE][NOT_RUN] - NOT_RUN: delay

2017-11-17 15:12:26 - [TEST_STEP][NOT_RUN] - click: NOT_RUN: click

2017-11-17 15:12:26 - [MESSAGE][NOT_RUN] - NOT_RUN: click

2017-11-17 15:12:26 - [TEST_STEP][NOT_RUN] - delay: NOT_RUN: delay

2017-11-17 15:12:26 - [MESSAGE][NOT_RUN] - NOT_RUN: delay

2017-11-17 15:12:26 - [TEST_STEP][NOT_RUN] - closeBrowser: NOT_RUN: closeBrowser

2017-11-17 15:12:26 - [MESSAGE][NOT_RUN] - NOT_RUN: closeBrowser

2017-11-17 15:12:26 - [MESSAGE][PASSED] - Call Test Case 'Test Cases/Rental/Base_RentalContract/Base_CreateRentalInvoice_HeaderlineInvoice_SplitTender' successfully

2017-11-17 15:12:26 - [TEST_STEP][FAILED] - callTestCase: Unable to call Test Case with id 'Test Cases/Rental/Base_RentalContract/Base_CreateRentalInvoicewithSpitTenderDetails_SplitTender' (Root cause: Call Test Case 'Test Cases/Rental/Base_RentalContract/Base_CreateRentalInvoicewithSpitTenderDetails_SplitTender' failed)

2017-11-17 15:12:27 - [TEST_CASE][FAILED] - Test Cases/Rental/Base_RentalContract/Base_CreateRentalInvoicewithSpitTenderDetails_SplitTender: Test Cases/Rental/Base_RentalContract/Base_CreateRentalInvoicewithSpitTenderDetails_SplitTender FAILED because (of) Unable to click on object 'Object Repository/Rental/Rental_SplitTenderDetails/SplitTender.Save' (Root cause: com.kms.katalon.core.webui.exception.WebElementNotFoundException: Web element with id: 'Object Repository/Rental/Rental_SplitTenderDetails/SplitTender.Save' located by 'By.xpath: //*[@id = 'xiext8105m000-4-button-std-file.save']' not found)

2017-11-17 15:12:27 - [TEST_STEP][PASSED] - delay: Delayed 5 second(s)

2017-11-17 15:12:32 - [MESSAGE][PASSED] - Delayed 5 second(s)

2017-11-17 15:12:32 - [TEST_STEP][PASSED] - doubleClick: Object: 'Object Repository/Rental/Rental_SplitTenderDetails/SplitTenderDetails' is double clicked on

2017-11-17 15:12:32 - [MESSAGE][PASSED] - Object: 'Object Repository/Rental/Rental_SplitTenderDetails/SplitTenderDetails' is double clicked on

2017-11-17 15:12:32 - [TEST_STEP][PASSED] - click: Object: 'Object Repository/Rental/Rental_SplitTenderDetails/SplitTenderDetails.Yes' is clicked on

2017-11-17 15:12:32 - [MESSAGE][PASSED] - Object: 'Object Repository/Rental/Rental_SplitTenderDetails/SplitTenderDetails.Yes' is clicked on

2017-11-17 15:12:32 - [TEST_STEP][PASSED] - delay: Delayed 3 second(s)

2017-11-17 15:12:35 - [MESSAGE][PASSED] - Delayed 3 second(s)

2017-11-17 15:12:35 - [TEST_STEP][PASSED] - click: Object: 'Object Repository/Rental/Rental_SplitTenderDetails/SplitTender.LineSession' is clicked on

2017-11-17 15:12:36 - [MESSAGE][PASSED] - Object: 'Object Repository/Rental/Rental_SplitTenderDetails/SplitTender.LineSession' is clicked on

2017-11-17 15:12:36 - [TEST_STEP][PASSED] - delay: Delayed 2 second(s)

2017-11-17 15:12:38 - [MESSAGE][PASSED] - Delayed 2 second(s)

2017-11-17 15:12:38 - [TEST_STEP][PASSED] - Statement - G_OrderAmt = com.kms.katalon.core.webui.keyword.WebUiBuiltInKeywords.getText(com.kms.katalon.core.testobject.ObjectRepository.findTestObject(Rental/Rental_SplitTenderDetails/SplitTender.OrderAmtHeader), CONTINUE_ON_FAILURE): Text of object 'Object Repository/Rental/Rental_SplitTenderDetails/SplitTender.OrderAmtHeader' is: '110.00'

2017-11-17 15:12:38 - [MESSAGE][PASSED] - Text of object 'Object Repository/Rental/Rental_SplitTenderDetails/SplitTender.OrderAmtHeader' is: '110.00'

2017-11-17 15:12:38 - [TEST_STEP][PASSED] - Statement - G_SplitOrderAmt2 = G_OrderAmt - 2: null

2017-11-17 15:12:38 - [TEST_STEP][PASSED] - comment: ***********************Line1 started***********************

2017-11-17 15:12:38 - [TEST_STEP][PASSED] - click: Object: 'Object Repository/Rental/Rental_SplitTenderDetails/SplitTender.NewButton' is clicked on

2017-11-17 15:12:38 - [MESSAGE][PASSED] - Object: 'Object Repository/Rental/Rental_SplitTenderDetails/SplitTender.NewButton' is clicked on

2017-11-17 15:12:38 - [TEST_STEP][PASSED] - delay: Delayed 2 second(s)

2017-11-17 15:12:40 - [MESSAGE][PASSED] - Delayed 2 second(s)

2017-11-17 15:12:40 - [TEST_STEP][PASSED] - doubleClick: Object: 'Object Repository/Rental/Rental_SplitTenderDetails/SplitTender.ModeofPayment' is double clicked on

2017-11-17 15:12:40 - [MESSAGE][PASSED] - Object: 'Object Repository/Rental/Rental_SplitTenderDetails/SplitTender.ModeofPayment' is double clicked on

2017-11-17 15:12:40 - [TEST_STEP][PASSED] - click: Object: 'Object Repository/Rental/Rental_SplitTenderDetails/SplitTender.ModeOfPaymentCreditCard1' is clicked on

2017-11-17 15:12:41 - [MESSAGE][PASSED] - Object: 'Object Repository/Rental/Rental_SplitTenderDetails/SplitTender.ModeOfPaymentCreditCard1' is clicked on

2017-11-17 15:12:41 - [TEST_STEP][PASSED] - click: Object: 'Object Repository/Rental/Rental_SplitTenderDetails/SplitTender.LineCCNo' is clicked on

2017-11-17 15:12:41 - [MESSAGE][PASSED] - Object: 'Object Repository/Rental/Rental_SplitTenderDetails/SplitTender.LineCCNo' is clicked on

2017-11-17 15:12:41 - [TEST_STEP][PASSED] - delay: Delayed 2 second(s)

2017-11-17 15:12:43 - [MESSAGE][PASSED] - Delayed 2 second(s)

2017-11-17 15:12:43 - [TEST_STEP][PASSED] - setText: Text '4012000033330026' is set on object 'Object Repository/Rental/Rental_SplitTenderDetails/SplitTender.LineCCNo'

2017-11-17 15:12:43 - [MESSAGE][PASSED] - Text '4012000033330026' is set on object 'Object Repository/Rental/Rental_SplitTenderDetails/SplitTender.LineCCNo'

2017-11-17 15:12:43 - [TEST_STEP][PASSED] - delay: Delayed 5 second(s)

2017-11-17 15:12:48 - [MESSAGE][PASSED] - Delayed 5 second(s)

2017-11-17 15:12:48 - [TEST_STEP][NOT_RUN] - click: NOT_RUN: click

2017-11-17 15:12:48 - [MESSAGE][NOT_RUN] - NOT_RUN: click

2017-11-17 15:12:48 - [TEST_STEP][NOT_RUN] - setText: NOT_RUN: setText

2017-11-17 15:12:48 - [MESSAGE][NOT_RUN] - NOT_RUN: setText

2017-11-17 15:12:48 - [TEST_STEP][PASSED] - scrollToElement: Scroll to object 'Object Repository/Rental/Rental_SplitTenderDetails/SplitTender.LineOrderAmount1' successfully

2017-11-17 15:12:48 - [MESSAGE][PASSED] - Scroll to object 'Object Repository/Rental/Rental_SplitTenderDetails/SplitTender.LineOrderAmount1' successfully

2017-11-17 15:12:48 - [TEST_STEP][PASSED] - delay: Delayed 5 second(s)

2017-11-17 15:12:53 - [MESSAGE][PASSED] - Delayed 5 second(s)

2017-11-17 15:12:53 - [TEST_STEP][PASSED] - click: Object: 'Object Repository/Rental/Rental_SplitTenderDetails/SplitTender.LineOrderAmount1' is clicked on

2017-11-17 15:12:54 - [MESSAGE][PASSED] - Object: 'Object Repository/Rental/Rental_SplitTenderDetails/SplitTender.LineOrderAmount1' is clicked on

2017-11-17 15:12:54 - [TEST_STEP][PASSED] - delay: Delayed 3 second(s)

2017-11-17 15:12:57 - [MESSAGE][PASSED] - Delayed 3 second(s)

2017-11-17 15:12:57 - [TEST_STEP][PASSED] - setText: Text '1.00' is set on object 'Object Repository/Rental/Rental_SplitTenderDetails/SplitTender.LineOrderAmount1'

2017-11-17 15:12:57 - [MESSAGE][PASSED] - Text '1.00' is set on object 'Object Repository/Rental/Rental_SplitTenderDetails/SplitTender.LineOrderAmount1'

2017-11-17 15:12:57 - [TEST_STEP][PASSED] - delay: Delayed 2 second(s)

2017-11-17 15:12:59 - [MESSAGE][PASSED] - Delayed 2 second(s)

2017-11-17 15:12:59 - [TEST_STEP][PASSED] - comment: ***********************Line2 started***********************

2017-11-17 15:12:59 - [TEST_STEP][PASSED] - click: Object: 'Object Repository/Rental/Rental_SplitTenderDetails/SplitTender.NewButton' is clicked on

2017-11-17 15:12:59 - [MESSAGE][PASSED] - Object: 'Object Repository/Rental/Rental_SplitTenderDetails/SplitTender.NewButton' is clicked on

2017-11-17 15:12:59 - [TEST_STEP][PASSED] - delay: Delayed 2 second(s)

2017-11-17 15:13:01 - [MESSAGE][PASSED] - Delayed 2 second(s)

2017-11-17 15:13:01 - [TEST_STEP][PASSED] - doubleClick: Object: 'Object Repository/Rental/Rental_SplitTenderDetails/SplitTender.ModeofPayment1' is double clicked on

2017-11-17 15:13:02 - [MESSAGE][PASSED] - Object: 'Object Repository/Rental/Rental_SplitTenderDetails/SplitTender.ModeofPayment1' is double clicked on

2017-11-17 15:13:02 - [TEST_STEP][PASSED] - click: Object: 'Object Repository/Rental/Rental_SplitTenderDetails/SplitTender.ModeOfPaymentCreditCard2' is clicked on

2017-11-17 15:13:02 - [MESSAGE][PASSED] - Object: 'Object Repository/Rental/Rental_SplitTenderDetails/SplitTender.ModeOfPaymentCreditCard2' is clicked on

2017-11-17 15:13:02 - [TEST_STEP][PASSED] - delay: Delayed 3 second(s)

2017-11-17 15:13:05 - [MESSAGE][PASSED] - Delayed 3 second(s)

2017-11-17 15:13:05 - [TEST_STEP][PASSED] - click: Object: 'Object Repository/Rental/Rental_SplitTenderDetails/SplitTender.Line2CCNo' is clicked on

2017-11-17 15:13:05 - [MESSAGE][PASSED] - Object: 'Object Repository/Rental/Rental_SplitTenderDetails/SplitTender.Line2CCNo' is clicked on

2017-11-17 15:13:05 - [TEST_STEP][PASSED] - delay: Delayed 2 second(s)

2017-11-17 15:13:07 - [MESSAGE][PASSED] - Delayed 2 second(s)

2017-11-17 15:13:07 - [TEST_STEP][PASSED] - setText: Text '4111123400062020' is set on object 'Object Repository/Rental/Rental_SplitTenderDetails/SplitTender.Line2CCNo'

2017-11-17 15:13:07 - [MESSAGE][PASSED] - Text '4111123400062020' is set on object 'Object Repository/Rental/Rental_SplitTenderDetails/SplitTender.Line2CCNo'

2017-11-17 15:13:07 - [TEST_STEP][PASSED] - delay: Delayed 2 second(s)

2017-11-17 15:13:09 - [MESSAGE][PASSED] - Delayed 2 second(s)

2017-11-17 15:13:09 - [TEST_STEP][PASSED] - click: Object: 'Object Repository/Rental/Rental_SplitTenderDetails/SplitTender.Line2CVV' is clicked on

2017-11-17 15:13:10 - [MESSAGE][PASSED] - Object: 'Object Repository/Rental/Rental_SplitTenderDetails/SplitTender.Line2CVV' is clicked on

2017-11-17 15:13:10 - [TEST_STEP][PASSED] - delay: Delayed 3 second(s)

2017-11-17 15:13:13 - [MESSAGE][PASSED] - Delayed 3 second(s)

2017-11-17 15:13:13 - [TEST_STEP][PASSED] - setText: Text '865' is set on object 'Object Repository/Rental/Rental_SplitTenderDetails/SplitTender.Line2CVV'

2017-11-17 15:13:13 - [MESSAGE][PASSED] - Text '865' is set on object 'Object Repository/Rental/Rental_SplitTenderDetails/SplitTender.Line2CVV'

2017-11-17 15:13:13 - [TEST_STEP][PASSED] - delay: Delayed 3 second(s)

2017-11-17 15:13:16 - [MESSAGE][PASSED] - Delayed 3 second(s)

2017-11-17 15:13:16 - [TEST_STEP][PASSED] - click: Object: 'Object Repository/Rental/Rental_SplitTenderDetails/SplitTender.CardTypeLine2' is clicked on

2017-11-17 15:13:16 - [MESSAGE][PASSED] - Object: 'Object Repository/Rental/Rental_SplitTenderDetails/SplitTender.CardTypeLine2' is clicked on

2017-11-17 15:13:16 - [TEST_STEP][PASSED] - delay: Delayed 5 second(s)

2017-11-17 15:13:21 - [MESSAGE][PASSED] - Delayed 5 second(s)

2017-11-17 15:13:21 - [TEST_STEP][PASSED] - sendKeys: Keys 'Visa Card' sent to object: 'Object Repository/Rental/Rental_SplitTenderDetails/SplitTender.CardTypeLine2'

2017-11-17 15:13:21 - [MESSAGE][PASSED] - Keys 'Visa Card' sent to object: 'Object Repository/Rental/Rental_SplitTenderDetails/SplitTender.CardTypeLine2'

2017-11-17 15:13:21 - [TEST_STEP][PASSED] - delay: Delayed 5 second(s)

2017-11-17 15:13:26 - [MESSAGE][PASSED] - Delayed 5 second(s)

2017-11-17 15:13:26 - [TEST_STEP][PASSED] - click: Object: 'Object Repository/Rental/Rental_SplitTenderDetails/SplitTender.ExpiryMonthLine2' is clicked on

2017-11-17 15:13:27 - [MESSAGE][PASSED] - Object: 'Object Repository/Rental/Rental_SplitTenderDetails/SplitTender.ExpiryMonthLine2' is clicked on

2017-11-17 15:13:27 - [TEST_STEP][PASSED] - delay: Delayed 3 second(s)

2017-11-17 15:13:30 - [MESSAGE][PASSED] - Delayed 3 second(s)

2017-11-17 15:13:30 - [TEST_STEP][PASSED] - setText: Text '09' is set on object 'Object Repository/Rental/Rental_SplitTenderDetails/SplitTender.ExpiryMonthLine2'

2017-11-17 15:13:30 - [MESSAGE][PASSED] - Text '09' is set on object 'Object Repository/Rental/Rental_SplitTenderDetails/SplitTender.ExpiryMonthLine2'

2017-11-17 15:13:30 - [TEST_STEP][PASSED] - delay: Delayed 2 second(s)

2017-11-17 15:13:32 - [MESSAGE][PASSED] - Delayed 2 second(s)

2017-11-17 15:13:32 - [TEST_STEP][PASSED] - click: Object: 'Object Repository/Rental/Rental_SplitTenderDetails/SplitTender.ExpiryYearLine2' is clicked on

2017-11-17 15:13:32 - [MESSAGE][PASSED] - Object: 'Object Repository/Rental/Rental_SplitTenderDetails/SplitTender.ExpiryYearLine2' is clicked on

2017-11-17 15:13:32 - [TEST_STEP][PASSED] - delay: Delayed 2 second(s)

2017-11-17 15:13:34 - [MESSAGE][PASSED] - Delayed 2 second(s)

2017-11-17 15:13:34 - [TEST_STEP][PASSED] - setText: Text '99' is set on object 'Object Repository/Rental/Rental_SplitTenderDetails/SplitTender.ExpiryYearLine2'

2017-11-17 15:13:35 - [MESSAGE][PASSED] - Text '99' is set on object 'Object Repository/Rental/Rental_SplitTenderDetails/SplitTender.ExpiryYearLine2'

2017-11-17 15:13:35 - [TEST_STEP][PASSED] - delay: Delayed 3 second(s)

2017-11-17 15:13:38 - [MESSAGE][PASSED] - Delayed 3 second(s)

2017-11-17 15:13:38 - [TEST_STEP][PASSED] - scrollToElement: Scroll to object 'Object Repository/Rental/Rental_SplitTenderDetails/SplitTender.LineOrderAmount2' successfully

2017-11-17 15:13:38 - [MESSAGE][PASSED] - Scroll to object 'Object Repository/Rental/Rental_SplitTenderDetails/SplitTender.LineOrderAmount2' successfully

2017-11-17 15:13:38 - [TEST_STEP][PASSED] - delay: Delayed 2 second(s)

2017-11-17 15:13:40 - [MESSAGE][PASSED] - Delayed 2 second(s)

2017-11-17 15:13:40 - [TEST_STEP][PASSED] - click: Object: 'Object Repository/Rental/Rental_SplitTenderDetails/SplitTender.LineOrderAmount2' is clicked on

2017-11-17 15:13:40 - [MESSAGE][PASSED] - Object: 'Object Repository/Rental/Rental_SplitTenderDetails/SplitTender.LineOrderAmount2' is clicked on

2017-11-17 15:13:40 - [TEST_STEP][PASSED] - delay: Delayed 2 second(s)

2017-11-17 15:13:42 - [MESSAGE][PASSED] - Delayed 2 second(s)

2017-11-17 15:13:42 - [TEST_STEP][PASSED] - setText: Text '1.00' is set on object 'Object Repository/Rental/Rental_SplitTenderDetails/SplitTender.LineOrderAmount2'

2017-11-17 15:13:42 - [MESSAGE][PASSED] - Text '1.00' is set on object 'Object Repository/Rental/Rental_SplitTenderDetails/SplitTender.LineOrderAmount2'

2017-11-17 15:13:42 - [TEST_STEP][PASSED] - delay: Delayed 2 second(s)

2017-11-17 15:13:44 - [MESSAGE][PASSED] - Delayed 2 second(s)

2017-11-17 15:13:44 - [TEST_STEP][PASSED] - comment: ***********************Line3 started***********************

2017-11-17 15:13:44 - [TEST_STEP][PASSED] - click: Object: 'Object Repository/Rental/Rental_SplitTenderDetails/SplitTender.NewButton' is clicked on

2017-11-17 15:13:45 - [MESSAGE][PASSED] - Object: 'Object Repository/Rental/Rental_SplitTenderDetails/SplitTender.NewButton' is clicked on

2017-11-17 15:13:45 - [TEST_STEP][PASSED] - delay: Delayed 3 second(s)

2017-11-17 15:13:48 - [MESSAGE][PASSED] - Delayed 3 second(s)

2017-11-17 15:13:48 - [TEST_STEP][PASSED] - doubleClick: Object: 'Object Repository/Rental/Rental_SplitTenderDetails/SplitTender.ModeofPayment2' is double clicked on

2017-11-17 15:13:48 - [MESSAGE][PASSED] - Object: 'Object Repository/Rental/Rental_SplitTenderDetails/SplitTender.ModeofPayment2' is double clicked on

2017-11-17 15:13:48 - [TEST_STEP][PASSED] - delay: Delayed 5 second(s)

2017-11-17 15:13:53 - [MESSAGE][PASSED] - Delayed 5 second(s)

2017-11-17 15:13:53 - [TEST_STEP][NOT_RUN] - click: NOT_RUN: click

2017-11-17 15:13:53 - [MESSAGE][NOT_RUN] - NOT_RUN: click

2017-11-17 15:13:53 - [TEST_STEP][PASSED] - click: Object: 'Object Repository/Rental/Rental_SplitTenderDetails/SplitTender.ModeOfPaymentCash' is clicked on

2017-11-17 15:13:53 - [MESSAGE][PASSED] - Object: 'Object Repository/Rental/Rental_SplitTenderDetails/SplitTender.ModeOfPaymentCash' is clicked on

2017-11-17 15:13:53 - [TEST_STEP][PASSED] - delay: Delayed 10 second(s)

2017-11-17 15:14:03 - [MESSAGE][PASSED] - Delayed 10 second(s)

2017-11-17 15:14:03 - [TEST_STEP][NOT_RUN] - scrollToElement: NOT_RUN: scrollToElement

2017-11-17 15:14:03 - [MESSAGE][NOT_RUN] - NOT_RUN: scrollToElement

2017-11-17 15:14:03 - [TEST_STEP][PASSED] - click: Object: 'Object Repository/Rental/Rental_SplitTenderDetails/SplitTender.LineOrderAmount3' is clicked on

2017-11-17 15:14:04 - [MESSAGE][PASSED] - Object: 'Object Repository/Rental/Rental_SplitTenderDetails/SplitTender.LineOrderAmount3' is clicked on

2017-11-17 15:14:04 - [TEST_STEP][PASSED] - delay: Delayed 2 second(s)

2017-11-17 15:14:06 - [MESSAGE][PASSED] - Delayed 2 second(s)

2017-11-17 15:14:06 - [TEST_STEP][PASSED] - setText: Text '108.0' is set on object 'Object Repository/Rental/Rental_SplitTenderDetails/SplitTender.LineOrderAmount3'

2017-11-17 15:14:06 - [MESSAGE][PASSED] - Text '108.0' is set on object 'Object Repository/Rental/Rental_SplitTenderDetails/SplitTender.LineOrderAmount3'

2017-11-17 15:14:06 - [TEST_STEP][PASSED] - delay: Delayed 2 second(s)

2017-11-17 15:14:08 - [MESSAGE][PASSED] - Delayed 2 second(s)

2017-11-17 15:14:08 - [TEST_STEP][FAILED] - click: Unable to click on object 'Object Repository/Rental/Rental_SplitTenderDetails/SplitTender.Save' (Root cause: com.kms.katalon.core.webui.exception.WebElementNotFoundException: Web element with id: 'Object Repository/Rental/Rental_SplitTenderDetails/SplitTender.Save' located by 'By.xpath: //*[@id = 'xiext8105m000-4-button-std-file.save']' not found)

2017-11-17 15:14:42 - [MESSAGE][FAILED] - Unable to click on object 'Object Repository/Rental/Rental_SplitTenderDetails/SplitTender.Save' (Root cause: com.kms.katalon.core.webui.exception.WebElementNotFoundException: Web element with id: 'Object Repository/Rental/Rental_SplitTenderDetails/SplitTender.Save' located by 'By.xpath: //*[@id = 'xiext8105m000-4-button-std-file.save']' not found)
[[ATTACHMENT|C:\\Users\\agawhande\\git\\CreditCard\\Reports\\CC_RentalInvoicewithSplitTenderTestSuite\\20171117_150730\\1510911881922.png]]

2017-11-17 15:14:42 - [TEST_STEP][PASSED] - delay: Delayed 3 second(s)

2017-11-17 15:14:45 - [MESSAGE][PASSED] - Delayed 3 second(s)

2017-11-17 15:14:45 - [TEST_STEP][PASSED] - click: Object: 'Object Repository/Rental/Rental_SplitTenderDetails/SplitTender.Action' is clicked on

2017-11-17 15:14:45 - [MESSAGE][PASSED] - Object: 'Object Repository/Rental/Rental_SplitTenderDetails/SplitTender.Action' is clicked on

2017-11-17 15:14:45 - [TEST_STEP][PASSED] - delay: Delayed 2 second(s)

2017-11-17 15:14:47 - [MESSAGE][PASSED] - Delayed 2 second(s)

2017-11-17 15:14:47 - [TEST_STEP][PASSED] - click: Object: 'Object Repository/Rental/Rental_SplitTenderDetails/SplitTender.ApplyTax' is clicked on

2017-11-17 15:14:47 - [MESSAGE][PASSED] - Object: 'Object Repository/Rental/Rental_SplitTenderDetails/SplitTender.ApplyTax' is clicked on

2017-11-17 15:14:47 - [TEST_STEP][PASSED] - delay: Delayed 2 second(s)

2017-11-17 15:14:49 - [MESSAGE][PASSED] - Delayed 2 second(s)

2017-11-17 15:14:49 - [TEST_STEP][PASSED] - Statement - G_SplitInvoiceAmt1 = com.kms.katalon.core.webui.keyword.WebUiBuiltInKeywords.getText(com.kms.katalon.core.testobject.ObjectRepository.findTestObject(Rental/Rental_SplitTenderDetails/SplitTender.InvoiceAmt1)): Text of object 'Object Repository/Rental/Rental_SplitTenderDetails/SplitTender.InvoiceAmt1' is: '1.00'

2017-11-17 15:14:49 - [MESSAGE][PASSED] - Text of object 'Object Repository/Rental/Rental_SplitTenderDetails/SplitTender.InvoiceAmt1' is: '1.00'

2017-11-17 15:14:49 - [TEST_STEP][PASSED] - Statement - G_SplitInvoiceAmt2 = com.kms.katalon.core.webui.keyword.WebUiBuiltInKeywords.getText(com.kms.katalon.core.testobject.ObjectRepository.findTestObject(Rental/Rental_SplitTenderDetails/SplitTender.InvoiceAmt2)): Text of object 'Object Repository/Rental/Rental_SplitTenderDetails/SplitTender.InvoiceAmt2' is: '108.00'

2017-11-17 15:14:49 - [MESSAGE][PASSED] - Text of object 'Object Repository/Rental/Rental_SplitTenderDetails/SplitTender.InvoiceAmt2' is: '108.00'

2017-11-17 15:14:49 - [TEST_STEP][PASSED] - click: Object: 'Object Repository/Rental/Rental_SplitTenderDetails/SplitTender.SaveClose' is clicked on

2017-11-17 15:14:50 - [MESSAGE][PASSED] - Object: 'Object Repository/Rental/Rental_SplitTenderDetails/SplitTender.SaveClose' is clicked on

2017-11-17 15:14:50 - [TEST_STEP][PASSED] - delay: Delayed 2 second(s)

2017-11-17 15:14:52 - [MESSAGE][PASSED] - Delayed 2 second(s)

2017-11-17 15:14:52 - [TEST_STEP][PASSED] - click: Object: 'Object Repository/Rental/Rental_SplitTenderDetails/SplitTender.CCProcess' is clicked on

2017-11-17 15:14:52 - [MESSAGE][PASSED] - Object: 'Object Repository/Rental/Rental_SplitTenderDetails/SplitTender.CCProcess' is clicked on

2017-11-17 15:14:52 - [TEST_STEP][PASSED] - delay: Delayed 13 second(s)

2017-11-17 15:15:05 - [MESSAGE][PASSED] - Delayed 13 second(s)

2017-11-17 15:15:05 - [TEST_STEP][PASSED] - click: Object: 'Object Repository/Rental/Rental_SplitTenderDetails/SplitTender.PrintDevice' is clicked on

2017-11-17 15:15:25 - [MESSAGE][PASSED] - Object: 'Object Repository/Rental/Rental_SplitTenderDetails/SplitTender.PrintDevice' is clicked on

2017-11-17 15:15:25 - [TEST_STEP][PASSED] - delay: Delayed 10 second(s)

2017-11-17 15:15:35 - [MESSAGE][PASSED] - Delayed 10 second(s)

2017-11-17 15:15:35 - [TEST_STEP][PASSED] - click: Object: 'Object Repository/Rental/Rental_SplitTenderDetails/SplitTender.PrintOK' is clicked on

2017-11-17 15:15:35 - [MESSAGE][PASSED] - Object: 'Object Repository/Rental/Rental_SplitTenderDetails/SplitTender.PrintOK' is clicked on

2017-11-17 15:15:35 - [TEST_STEP][PASSED] - delay: Delayed 5 second(s)

2017-11-17 15:15:40 - [MESSAGE][PASSED] - Delayed 5 second(s)

2017-11-17 15:15:40 - [TEST_STEP][PASSED] - click: Object: 'Object Repository/Rental/Rental_SplitTenderDetails/SplitTender.CloseRentalInvocieSession' is clicked on

2017-11-17 15:15:41 - [MESSAGE][PASSED] - Object: 'Object Repository/Rental/Rental_SplitTenderDetails/SplitTender.CloseRentalInvocieSession' is clicked on

2017-11-17 15:15:41 - [TEST_STEP][PASSED] - delay: Delayed 5 second(s)

2017-11-17 15:15:46 - [MESSAGE][PASSED] - Delayed 5 second(s)

2017-11-17 15:15:46 - [TEST_STEP][PASSED] - closeBrowser: Browser is closed

2017-11-17 15:15:46 - [MESSAGE][PASSED] - Browser is closed

2017-11-17 15:15:46 - [MESSAGE][FAILED] - Unable to call Test Case with id 'Test Cases/Rental/Base_RentalContract/Base_CreateRentalInvoicewithSpitTenderDetails_SplitTender' (Root cause: Call Test Case 'Test Cases/Rental/Base_RentalContract/Base_CreateRentalInvoicewithSpitTenderDetails_SplitTender' failed)]]></system-out>
         <system-err><![CDATA[2017-11-17 15:07:38 - [TEST_CASE][FAILED] - Test Cases/Rental/Base_RentalContract/CreditCardRegression/TC004_RentalContractInvoice_SplitTender - Iteration 1: Test Cases/Rental/Base_RentalContract/CreditCardRegression/TC004_RentalContractInvoice_SplitTender FAILED because (of) Unable to click on object 'Object Repository/Rental/Rental_SplitTenderDetails/SplitTender.Save' (Root cause: com.kms.katalon.core.webui.exception.WebElementNotFoundException: Web element with id: 'Object Repository/Rental/Rental_SplitTenderDetails/SplitTender.Save' located by 'By.xpath: //*[@id = 'xiext8105m000-4-button-std-file.save']' not found)]]></system-err>
      </testcase>
      <testcase name="Test Cases/Rental/Base_RentalContract/CreditCardRegression/TC004_RentalContractInvoice_SplitTender - Iteration 2" classname="Test Cases/Rental/Base_RentalContract/CreditCardRegression/TC004_RentalContractInvoice_SplitTender" status="INCOMPLETE">
         <system-out><![CDATA[2017-11-17 15:15:46 - [TEST_CASE][INCOMPLETE] - Test Cases/Rental/Base_RentalContract/CreditCardRegression/TC004_RentalContractInvoice_SplitTender - Iteration 2: null

2017-11-17 15:15:46 - [TEST_STEP][PASSED] - callTestCase: Call Test Case 'Test Cases/Equipment/Base_EquipmentPurchase/EPO_CreateNrecieve' successfully

2017-11-17 15:15:46 - [TEST_CASE][PASSED] - Test Cases/Equipment/Base_EquipmentPurchase/EPO_CreateNrecieve: Test Cases/Equipment/Base_EquipmentPurchase/EPO_CreateNrecieve

2017-11-17 15:15:46 - [TEST_STEP][PASSED] - callTestCase: Call Test Case 'Test Cases/Equipment/Base_EquipmentPurchase/Base_EPO_CreateHeaderNline' successfully

2017-11-17 15:15:46 - [TEST_CASE][PASSED] - Test Cases/Equipment/Base_EquipmentPurchase/Base_EPO_CreateHeaderNline: Test Cases/Equipment/Base_EquipmentPurchase/Base_EPO_CreateHeaderNline

2017-11-17 15:15:46 - [TEST_STEP][PASSED] - callTestCase: Call Test Case 'Test Cases/Common/Base_Common_OpenSession' successfully

2017-11-17 15:15:46 - [TEST_CASE][PASSED] - Test Cases/Common/Base_Common_OpenSession: Test Cases/Common/Base_Common_OpenSession

2017-11-17 15:15:46 - [TEST_STEP][PASSED] - openBrowser: Browser is opened with url: 'https://rgajbhiye:Robin$123@proxima-ln4.e-emphasys.com:8441/webui/servlet/login'

2017-11-17 15:15:52 - [MESSAGE][PASSED] - Browser is opened with url: 'https://rgajbhiye:Robin$123@proxima-ln4.e-emphasys.com:8441/webui/servlet/login'

2017-11-17 15:15:52 - [TEST_STEP][PASSED] - waitForPageLoad: Wait for page load successfully

2017-11-17 15:15:52 - [MESSAGE][PASSED] - Wait for page load successfully

2017-11-17 15:15:52 - [TEST_STEP][PASSED] - maximizeWindow: Current window maximized

2017-11-17 15:15:52 - [MESSAGE][PASSED] - Current window maximized

2017-11-17 15:15:52 - [TEST_STEP][PASSED] - click: Object: 'Object Repository/Common/HomePage/HomePage_more' is clicked on

2017-11-17 15:15:55 - [MESSAGE][PASSED] - Object: 'Object Repository/Common/HomePage/HomePage_more' is clicked on

2017-11-17 15:15:55 - [TEST_STEP][PASSED] - click: Object: 'Object Repository/Common/HomePage/HomePage_Option' is clicked on

2017-11-17 15:15:55 - [MESSAGE][PASSED] - Object: 'Object Repository/Common/HomePage/HomePage_Option' is clicked on

2017-11-17 15:15:55 - [TEST_STEP][PASSED] - click: Object: 'Object Repository/Common/HomePage/HomePage_RunProgram_' is clicked on

2017-11-17 15:15:55 - [MESSAGE][PASSED] - Object: 'Object Repository/Common/HomePage/HomePage_RunProgram_' is clicked on

2017-11-17 15:15:55 - [TEST_STEP][PASSED] - sendKeys: Keys 'tdext8150s000' sent to object: 'Object Repository/Common/HomePage/HomePage_Session_ID'

2017-11-17 15:15:56 - [MESSAGE][PASSED] - Keys 'tdext8150s000' sent to object: 'Object Repository/Common/HomePage/HomePage_Session_ID'

2017-11-17 15:15:56 - [TEST_STEP][PASSED] - click: Object: 'Object Repository/Common/HomePage/HomePage_OkButton' is clicked on

2017-11-17 15:15:56 - [MESSAGE][PASSED] - Object: 'Object Repository/Common/HomePage/HomePage_OkButton' is clicked on

2017-11-17 15:15:56 - [MESSAGE][PASSED] - Call Test Case 'Test Cases/Common/Base_Common_OpenSession' successfully

2017-11-17 15:15:56 - [TEST_STEP][PASSED] - waitForElementPresent: Object 'Object Repository/Equipment/EquipmentPurchase/EPO_Header/EPO_Header_New' is present

2017-11-17 15:15:58 - [MESSAGE][PASSED] - Object 'Object Repository/Equipment/EquipmentPurchase/EPO_Header/EPO_Header_New' is present

2017-11-17 15:15:58 - [TEST_STEP][PASSED] - click: Object: 'Object Repository/Equipment/EquipmentPurchase/EPO_Header/EPO_Header_New' is clicked on

2017-11-17 15:15:59 - [MESSAGE][PASSED] - Object: 'Object Repository/Equipment/EquipmentPurchase/EPO_Header/EPO_Header_New' is clicked on

2017-11-17 15:15:59 - [TEST_STEP][PASSED] - click: Object: 'Object Repository/Equipment/EquipmentPurchase/EPO_Header/EPO_Header_Customer' is clicked on

2017-11-17 15:15:59 - [MESSAGE][PASSED] - Object: 'Object Repository/Equipment/EquipmentPurchase/EPO_Header/EPO_Header_Customer' is clicked on

2017-11-17 15:15:59 - [TEST_STEP][PASSED] - setText: Text 'M00000010' is set on object 'Object Repository/Equipment/EquipmentPurchase/EPO_Header/EPO_Header_Customer'

2017-11-17 15:15:59 - [MESSAGE][PASSED] - Text 'M00000010' is set on object 'Object Repository/Equipment/EquipmentPurchase/EPO_Header/EPO_Header_Customer'

2017-11-17 15:15:59 - [TEST_STEP][PASSED] - click: Object: 'Object Repository/Equipment/EquipmentPurchase/EPO_Header/EPO_Header_Save' is clicked on

2017-11-17 15:15:59 - [MESSAGE][PASSED] - Object: 'Object Repository/Equipment/EquipmentPurchase/EPO_Header/EPO_Header_Save' is clicked on

2017-11-17 15:15:59 - [TEST_STEP][PASSED] - delay: Delayed 5 second(s)

2017-11-17 15:16:04 - [MESSAGE][PASSED] - Delayed 5 second(s)

2017-11-17 15:16:04 - [TEST_STEP][PASSED] - click: Object: 'Object Repository/Equipment/EquipmentPurchase/EPO_Header/EPO_Header_Action' is clicked on

2017-11-17 15:16:05 - [MESSAGE][PASSED] - Object: 'Object Repository/Equipment/EquipmentPurchase/EPO_Header/EPO_Header_Action' is clicked on

2017-11-17 15:16:05 - [TEST_STEP][PASSED] - click: Object: 'Object Repository/Equipment/EquipmentPurchase/EPO_Header/EPO_Header_Action_OrderLines' is clicked on

2017-11-17 15:16:05 - [MESSAGE][PASSED] - Object: 'Object Repository/Equipment/EquipmentPurchase/EPO_Header/EPO_Header_Action_OrderLines' is clicked on

2017-11-17 15:16:05 - [TEST_STEP][PASSED] - waitForElementPresent: Object 'Object Repository/Equipment/EquipmentPurchase/EPO_Line/EPO_MultiLine_New' is present

2017-11-17 15:16:06 - [MESSAGE][PASSED] - Object 'Object Repository/Equipment/EquipmentPurchase/EPO_Line/EPO_MultiLine_New' is present

2017-11-17 15:16:06 - [TEST_STEP][PASSED] - click: Object: 'Object Repository/Equipment/EquipmentPurchase/EPO_Line/EPO_MultiLine_New' is clicked on

2017-11-17 15:16:06 - [MESSAGE][PASSED] - Object: 'Object Repository/Equipment/EquipmentPurchase/EPO_Line/EPO_MultiLine_New' is clicked on

2017-11-17 15:16:06 - [TEST_STEP][PASSED] - waitForElementPresent: Object 'Object Repository/Equipment/EquipmentPurchase/EPO_Line/EPO_Line_Model' is present

2017-11-17 15:16:07 - [MESSAGE][PASSED] - Object 'Object Repository/Equipment/EquipmentPurchase/EPO_Line/EPO_Line_Model' is present

2017-11-17 15:16:07 - [TEST_STEP][PASSED] - click: Object: 'Object Repository/Equipment/EquipmentPurchase/EPO_Line/EPO_Line_Model' is clicked on

2017-11-17 15:16:07 - [MESSAGE][PASSED] - Object: 'Object Repository/Equipment/EquipmentPurchase/EPO_Line/EPO_Line_Model' is clicked on

2017-11-17 15:16:07 - [TEST_STEP][PASSED] - delay: Delayed 2 second(s)

2017-11-17 15:16:09 - [MESSAGE][PASSED] - Delayed 2 second(s)

2017-11-17 15:16:09 - [TEST_STEP][PASSED] - setText: Text '1032' is set on object 'Object Repository/Equipment/EquipmentPurchase/EPO_Line/EPO_Line_Model'

2017-11-17 15:16:09 - [MESSAGE][PASSED] - Text '1032' is set on object 'Object Repository/Equipment/EquipmentPurchase/EPO_Line/EPO_Line_Model'

2017-11-17 15:16:09 - [TEST_STEP][PASSED] - click: Object: 'Object Repository/Equipment/EquipmentPurchase/EPO_Line/EPO_Line_NeworUsed' is clicked on

2017-11-17 15:16:10 - [MESSAGE][PASSED] - Object: 'Object Repository/Equipment/EquipmentPurchase/EPO_Line/EPO_Line_NeworUsed' is clicked on

2017-11-17 15:16:10 - [TEST_STEP][PASSED] - click: Object: 'Object Repository/Equipment/EquipmentPurchase/EPO_Line/EPO_Line_NewEquipOption' is clicked on

2017-11-17 15:16:10 - [MESSAGE][PASSED] - Object: 'Object Repository/Equipment/EquipmentPurchase/EPO_Line/EPO_Line_NewEquipOption' is clicked on

2017-11-17 15:16:10 - [TEST_STEP][PASSED] - click: Object: 'Object Repository/Equipment/EquipmentPurchase/EPO_Line/EPO_Line_PlannedDate' is clicked on

2017-11-17 15:16:10 - [MESSAGE][PASSED] - Object: 'Object Repository/Equipment/EquipmentPurchase/EPO_Line/EPO_Line_PlannedDate' is clicked on

2017-11-17 15:16:10 - [TEST_STEP][PASSED] - delay: Delayed 2 second(s)

2017-11-17 15:16:12 - [MESSAGE][PASSED] - Delayed 2 second(s)

2017-11-17 15:16:12 - [TEST_STEP][PASSED] - setText: Text '+10' is set on object 'Object Repository/Equipment/EquipmentPurchase/EPO_Line/EPO_Line_PlannedDate'

2017-11-17 15:16:12 - [MESSAGE][PASSED] - Text '+10' is set on object 'Object Repository/Equipment/EquipmentPurchase/EPO_Line/EPO_Line_PlannedDate'

2017-11-17 15:16:12 - [TEST_STEP][PASSED] - click: Object: 'Object Repository/Equipment/EquipmentPurchase/EPO_Line/EPO_Line_Price' is clicked on

2017-11-17 15:16:12 - [MESSAGE][PASSED] - Object: 'Object Repository/Equipment/EquipmentPurchase/EPO_Line/EPO_Line_Price' is clicked on

2017-11-17 15:16:12 - [TEST_STEP][PASSED] - delay: Delayed 2 second(s)

2017-11-17 15:16:14 - [MESSAGE][PASSED] - Delayed 2 second(s)

2017-11-17 15:16:14 - [TEST_STEP][PASSED] - setText: Text '100' is set on object 'Object Repository/Equipment/EquipmentPurchase/EPO_Line/EPO_Line_Price'

2017-11-17 15:16:14 - [MESSAGE][PASSED] - Text '100' is set on object 'Object Repository/Equipment/EquipmentPurchase/EPO_Line/EPO_Line_Price'

2017-11-17 15:16:14 - [TEST_STEP][PASSED] - click: Object: 'Object Repository/Equipment/EquipmentPurchase/EPO_Line/EPO_Line_Save' is clicked on

2017-11-17 15:16:15 - [MESSAGE][PASSED] - Object: 'Object Repository/Equipment/EquipmentPurchase/EPO_Line/EPO_Line_Save' is clicked on

2017-11-17 15:16:15 - [TEST_STEP][PASSED] - click: Object: 'Object Repository/Equipment/EquipmentPurchase/EPO_Line/EPO_Line_importNO' is clicked on

2017-11-17 15:16:15 - [MESSAGE][PASSED] - Object: 'Object Repository/Equipment/EquipmentPurchase/EPO_Line/EPO_Line_importNO' is clicked on

2017-11-17 15:16:15 - [TEST_STEP][PASSED] - click: Object: 'Object Repository/Equipment/EquipmentPurchase/EPO_Line/EPO_Line_SaveNclose' is clicked on

2017-11-17 15:16:16 - [MESSAGE][PASSED] - Object: 'Object Repository/Equipment/EquipmentPurchase/EPO_Line/EPO_Line_SaveNclose' is clicked on

2017-11-17 15:16:16 - [TEST_STEP][PASSED] - delay: Delayed 2 second(s)

2017-11-17 15:16:18 - [MESSAGE][PASSED] - Delayed 2 second(s)

2017-11-17 15:16:18 - [TEST_STEP][PASSED] - click: Object: 'Object Repository/Equipment/EquipmentPurchase/EPO_Line/EPO_MultiLine_SavenClose' is clicked on

2017-11-17 15:16:18 - [MESSAGE][PASSED] - Object: 'Object Repository/Equipment/EquipmentPurchase/EPO_Line/EPO_MultiLine_SavenClose' is clicked on

2017-11-17 15:16:18 - [MESSAGE][PASSED] - Call Test Case 'Test Cases/Equipment/Base_EquipmentPurchase/Base_EPO_CreateHeaderNline' successfully

2017-11-17 15:16:18 - [TEST_STEP][PASSED] - callTestCase: Call Test Case 'Test Cases/Equipment/Base_EquipmentPurchase/Base_EPO_Reciept' successfully

2017-11-17 15:16:18 - [TEST_CASE][PASSED] - Test Cases/Equipment/Base_EquipmentPurchase/Base_EPO_Reciept: Test Cases/Equipment/Base_EquipmentPurchase/Base_EPO_Reciept

2017-11-17 15:16:18 - [TEST_STEP][PASSED] - click: Object: 'Object Repository/Equipment/EquipmentPurchase/EPO_Header/EPO_Header_Action' is clicked on

2017-11-17 15:16:18 - [MESSAGE][PASSED] - Object: 'Object Repository/Equipment/EquipmentPurchase/EPO_Header/EPO_Header_Action' is clicked on

2017-11-17 15:16:18 - [TEST_STEP][PASSED] - click: Object: 'Object Repository/Equipment/EquipmentPurchase/EPO_Header/EPO_Header_Action_SendForApproval' is clicked on

2017-11-17 15:16:18 - [MESSAGE][PASSED] - Object: 'Object Repository/Equipment/EquipmentPurchase/EPO_Header/EPO_Header_Action_SendForApproval' is clicked on

2017-11-17 15:16:18 - [TEST_STEP][PASSED] - delay: Delayed 5 second(s)

2017-11-17 15:16:23 - [MESSAGE][PASSED] - Delayed 5 second(s)

2017-11-17 15:16:23 - [TEST_STEP][PASSED] - click: Object: 'Object Repository/Equipment/EquipmentPurchase/EPO_Header/EPO_Header_Action' is clicked on

2017-11-17 15:16:24 - [MESSAGE][PASSED] - Object: 'Object Repository/Equipment/EquipmentPurchase/EPO_Header/EPO_Header_Action' is clicked on

2017-11-17 15:16:24 - [TEST_STEP][PASSED] - click: Object: 'Object Repository/Equipment/EquipmentPurchase/EPO_Header/EPO_Header_Apporve' is clicked on

2017-11-17 15:16:24 - [MESSAGE][PASSED] - Object: 'Object Repository/Equipment/EquipmentPurchase/EPO_Header/EPO_Header_Apporve' is clicked on

2017-11-17 15:16:24 - [TEST_STEP][PASSED] - delay: Delayed 5 second(s)

2017-11-17 15:16:29 - [MESSAGE][PASSED] - Delayed 5 second(s)

2017-11-17 15:16:29 - [TEST_STEP][PASSED] - click: Object: 'Object Repository/Equipment/EquipmentPurchase/EPO_Header/EPO_Header_Print' is clicked on

2017-11-17 15:16:29 - [MESSAGE][PASSED] - Object: 'Object Repository/Equipment/EquipmentPurchase/EPO_Header/EPO_Header_Print' is clicked on

2017-11-17 15:16:29 - [TEST_STEP][PASSED] - click: Object: 'Object Repository/Equipment/EquipmentPurchase/EPO_Header/EPO_Print_FinalPrint' is clicked on

2017-11-17 15:16:30 - [MESSAGE][PASSED] - Object: 'Object Repository/Equipment/EquipmentPurchase/EPO_Header/EPO_Print_FinalPrint' is clicked on

2017-11-17 15:16:30 - [TEST_STEP][PASSED] - click: Object: 'Object Repository/Equipment/EquipmentPurchase/EPO_Header/EPO_Print_PrintOption' is clicked on

2017-11-17 15:16:30 - [MESSAGE][PASSED] - Object: 'Object Repository/Equipment/EquipmentPurchase/EPO_Header/EPO_Print_PrintOption' is clicked on

2017-11-17 15:16:30 - [TEST_STEP][PASSED] - click: Object: 'Object Repository/Equipment/EquipmentPurchase/EPO_Header/EPO_Print_Device' is clicked on

2017-11-17 15:16:32 - [MESSAGE][PASSED] - Object: 'Object Repository/Equipment/EquipmentPurchase/EPO_Header/EPO_Print_Device' is clicked on

2017-11-17 15:16:32 - [TEST_STEP][PASSED] - setText: Text 'D' is set on object 'Object Repository/Equipment/EquipmentPurchase/EPO_Header/EPO_Print_Device'

2017-11-17 15:16:32 - [MESSAGE][PASSED] - Text 'D' is set on object 'Object Repository/Equipment/EquipmentPurchase/EPO_Header/EPO_Print_Device'

2017-11-17 15:16:32 - [TEST_STEP][PASSED] - click: Object: 'Object Repository/Equipment/EquipmentPurchase/EPO_Header/EPO_Print_Continue' is clicked on

2017-11-17 15:16:32 - [MESSAGE][PASSED] - Object: 'Object Repository/Equipment/EquipmentPurchase/EPO_Header/EPO_Print_Continue' is clicked on

2017-11-17 15:16:32 - [TEST_STEP][PASSED] - delay: Delayed 5 second(s)

2017-11-17 15:16:37 - [MESSAGE][PASSED] - Delayed 5 second(s)

2017-11-17 15:16:37 - [TEST_STEP][PASSED] - click: Object: 'Object Repository/Equipment/EquipmentPurchase/EPO_Header/EPO_Header_EPOtab' is clicked on

2017-11-17 15:16:38 - [MESSAGE][PASSED] - Object: 'Object Repository/Equipment/EquipmentPurchase/EPO_Header/EPO_Header_EPOtab' is clicked on

2017-11-17 15:16:38 - [TEST_STEP][PASSED] - click: Object: 'Object Repository/Equipment/EquipmentPurchase/EPO_Header/EPO_Print_Close' is clicked on

2017-11-17 15:16:38 - [MESSAGE][PASSED] - Object: 'Object Repository/Equipment/EquipmentPurchase/EPO_Header/EPO_Print_Close' is clicked on

2017-11-17 15:16:38 - [TEST_STEP][PASSED] - delay: Delayed 3 second(s)

2017-11-17 15:16:41 - [MESSAGE][PASSED] - Delayed 3 second(s)

2017-11-17 15:16:41 - [TEST_STEP][PASSED] - click: Object: 'Object Repository/Equipment/EquipmentPurchase/EPO_Header/EPO_Header_Action' is clicked on

2017-11-17 15:16:41 - [MESSAGE][PASSED] - Object: 'Object Repository/Equipment/EquipmentPurchase/EPO_Header/EPO_Header_Action' is clicked on

2017-11-17 15:16:41 - [TEST_STEP][PASSED] - click: Object: 'Object Repository/Equipment/EquipmentPurchase/EPO_Header/EPO_Action_Reciept' is clicked on

2017-11-17 15:16:41 - [MESSAGE][PASSED] - Object: 'Object Repository/Equipment/EquipmentPurchase/EPO_Header/EPO_Action_Reciept' is clicked on

2017-11-17 15:16:41 - [TEST_STEP][PASSED] - waitForElementPresent: Object 'Object Repository/Equipment/EquipmentPurchase/EPO_Receipt/EPO_Reciept_Save' is present

2017-11-17 15:16:43 - [MESSAGE][PASSED] - Object 'Object Repository/Equipment/EquipmentPurchase/EPO_Receipt/EPO_Reciept_Save' is present

2017-11-17 15:16:43 - [TEST_STEP][PASSED] - click: Object: 'Object Repository/Equipment/EquipmentPurchase/EPO_Receipt/EPO_Reciept_Save' is clicked on

2017-11-17 15:16:43 - [MESSAGE][PASSED] - Object: 'Object Repository/Equipment/EquipmentPurchase/EPO_Receipt/EPO_Reciept_Save' is clicked on

2017-11-17 15:16:43 - [TEST_STEP][PASSED] - delay: Delayed 3 second(s)

2017-11-17 15:16:46 - [MESSAGE][PASSED] - Delayed 3 second(s)

2017-11-17 15:16:46 - [TEST_STEP][PASSED] - click: Object: 'Object Repository/Equipment/EquipmentPurchase/EPO_Receipt/EPO_Receipt_Action' is clicked on

2017-11-17 15:16:46 - [MESSAGE][PASSED] - Object: 'Object Repository/Equipment/EquipmentPurchase/EPO_Receipt/EPO_Receipt_Action' is clicked on

2017-11-17 15:16:46 - [TEST_STEP][PASSED] - click: Object: 'Object Repository/Equipment/EquipmentPurchase/EPO_Receipt/EPO_Receipt_Action_ReceiptLine' is clicked on

2017-11-17 15:16:46 - [MESSAGE][PASSED] - Object: 'Object Repository/Equipment/EquipmentPurchase/EPO_Receipt/EPO_Receipt_Action_ReceiptLine' is clicked on

2017-11-17 15:16:46 - [TEST_STEP][PASSED] - waitForElementPresent: Object 'Object Repository/Equipment/EquipmentPurchase/EPO_Receipt_Line/EPO_ReceiptLine_New' is present

2017-11-17 15:16:47 - [MESSAGE][PASSED] - Object 'Object Repository/Equipment/EquipmentPurchase/EPO_Receipt_Line/EPO_ReceiptLine_New' is present

2017-11-17 15:16:47 - [TEST_STEP][PASSED] - click: Object: 'Object Repository/Equipment/EquipmentPurchase/EPO_Receipt_Line/EPO_ReceiptLine_New' is clicked on

2017-11-17 15:16:47 - [MESSAGE][PASSED] - Object: 'Object Repository/Equipment/EquipmentPurchase/EPO_Receipt_Line/EPO_ReceiptLine_New' is clicked on

2017-11-17 15:16:47 - [TEST_STEP][PASSED] - waitForElementPresent: Object 'Object Repository/Equipment/EquipmentPurchase/EPO_Receipt_Line/EPO_RecieptLine_Select' is present

2017-11-17 15:16:48 - [MESSAGE][PASSED] - Object 'Object Repository/Equipment/EquipmentPurchase/EPO_Receipt_Line/EPO_RecieptLine_Select' is present

2017-11-17 15:16:48 - [TEST_STEP][PASSED] - click: Object: 'Object Repository/Equipment/EquipmentPurchase/EPO_Receipt_Line/EPO_RecieptLine_Select' is clicked on

2017-11-17 15:16:48 - [MESSAGE][PASSED] - Object: 'Object Repository/Equipment/EquipmentPurchase/EPO_Receipt_Line/EPO_RecieptLine_Select' is clicked on

2017-11-17 15:16:48 - [TEST_STEP][PASSED] - delay: Delayed 3 second(s)

2017-11-17 15:16:51 - [MESSAGE][PASSED] - Delayed 3 second(s)

2017-11-17 15:16:51 - [TEST_STEP][PASSED] - click: Object: 'Object Repository/Equipment/EquipmentPurchase/EPO_Receipt_Line/EPO_ReceiptLine_SavenClose' is clicked on

2017-11-17 15:16:51 - [MESSAGE][PASSED] - Object: 'Object Repository/Equipment/EquipmentPurchase/EPO_Receipt_Line/EPO_ReceiptLine_SavenClose' is clicked on

2017-11-17 15:16:51 - [TEST_STEP][PASSED] - waitForElementPresent: Object 'Object Repository/Equipment/EquipmentPurchase/EPO_Receipt_Line/EPO_RecieptLineAction' is present

2017-11-17 15:16:52 - [MESSAGE][PASSED] - Object 'Object Repository/Equipment/EquipmentPurchase/EPO_Receipt_Line/EPO_RecieptLineAction' is present

2017-11-17 15:16:52 - [TEST_STEP][PASSED] - Statement - G_Unit = com.kms.katalon.core.webui.keyword.WebUiBuiltInKeywords.getText(com.kms.katalon.core.testobject.ObjectRepository.findTestObject(Equipment/EquipmentPurchase/EPO_Receipt/EPO_Reciept_Unit)): Text of object 'Object Repository/Equipment/EquipmentPurchase/EPO_Receipt/EPO_Reciept_Unit' is: 'MD0018339'

2017-11-17 15:16:52 - [MESSAGE][PASSED] - Text of object 'Object Repository/Equipment/EquipmentPurchase/EPO_Receipt/EPO_Reciept_Unit' is: 'MD0018339'

2017-11-17 15:16:52 - [TEST_STEP][PASSED] - click: Object: 'Object Repository/Equipment/EquipmentPurchase/EPO_Receipt_Line/EPO_RecieptLineAction' is clicked on

2017-11-17 15:16:52 - [MESSAGE][PASSED] - Object: 'Object Repository/Equipment/EquipmentPurchase/EPO_Receipt_Line/EPO_RecieptLineAction' is clicked on

2017-11-17 15:16:52 - [TEST_STEP][PASSED] - click: Object: 'Object Repository/Equipment/EquipmentPurchase/EPO_Receipt/EPO_Action_Confirm' is clicked on

2017-11-17 15:16:53 - [MESSAGE][PASSED] - Object: 'Object Repository/Equipment/EquipmentPurchase/EPO_Receipt/EPO_Action_Confirm' is clicked on

2017-11-17 15:16:53 - [TEST_STEP][PASSED] - click: Object: 'Object Repository/Equipment/EquipmentPurchase/EPO_Receipt/EPO_Reciept_MeterOK' is clicked on

2017-11-17 15:16:54 - [MESSAGE][PASSED] - Object: 'Object Repository/Equipment/EquipmentPurchase/EPO_Receipt/EPO_Reciept_MeterOK' is clicked on

2017-11-17 15:16:54 - [TEST_STEP][PASSED] - waitForElementPresent: Object 'Object Repository/Equipment/EquipmentPurchase/EPO_Receipt/EPO_RecieptPrint_Device' is present

2017-11-17 15:16:56 - [MESSAGE][PASSED] - Object 'Object Repository/Equipment/EquipmentPurchase/EPO_Receipt/EPO_RecieptPrint_Device' is present

2017-11-17 15:16:56 - [TEST_STEP][PASSED] - click: Object: 'Object Repository/Equipment/EquipmentPurchase/EPO_Receipt/EPO_RecieptPrint_Device' is clicked on

2017-11-17 15:16:56 - [MESSAGE][PASSED] - Object: 'Object Repository/Equipment/EquipmentPurchase/EPO_Receipt/EPO_RecieptPrint_Device' is clicked on

2017-11-17 15:16:56 - [TEST_STEP][PASSED] - setText: Text 'D' is set on object 'Object Repository/Equipment/EquipmentPurchase/EPO_Receipt/EPO_RecieptPrint_Device'

2017-11-17 15:16:56 - [MESSAGE][PASSED] - Text 'D' is set on object 'Object Repository/Equipment/EquipmentPurchase/EPO_Receipt/EPO_RecieptPrint_Device'

2017-11-17 15:16:56 - [TEST_STEP][PASSED] - click: Object: 'Object Repository/Equipment/EquipmentPurchase/EPO_Receipt/EPO_RecieptPrint_Continue' is clicked on

2017-11-17 15:16:56 - [MESSAGE][PASSED] - Object: 'Object Repository/Equipment/EquipmentPurchase/EPO_Receipt/EPO_RecieptPrint_Continue' is clicked on

2017-11-17 15:16:56 - [TEST_STEP][PASSED] - delay: Delayed 3 second(s)

2017-11-17 15:16:59 - [MESSAGE][PASSED] - Delayed 3 second(s)

2017-11-17 15:16:59 - [TEST_STEP][PASSED] - click: Object: 'Object Repository/Equipment/EquipmentPurchase/EPO_Receipt/EPO_RecieptPrint_ProcessCompleted' is clicked on

2017-11-17 15:17:00 - [MESSAGE][PASSED] - Object: 'Object Repository/Equipment/EquipmentPurchase/EPO_Receipt/EPO_RecieptPrint_ProcessCompleted' is clicked on

2017-11-17 15:17:00 - [TEST_STEP][PASSED] - delay: Delayed 10 second(s)

2017-11-17 15:17:10 - [MESSAGE][PASSED] - Delayed 10 second(s)

2017-11-17 15:17:10 - [MESSAGE][PASSED] - Call Test Case 'Test Cases/Equipment/Base_EquipmentPurchase/Base_EPO_Reciept' successfully

2017-11-17 15:17:10 - [MESSAGE][PASSED] - Call Test Case 'Test Cases/Equipment/Base_EquipmentPurchase/EPO_CreateNrecieve' successfully

2017-11-17 15:17:10 - [TEST_STEP][PASSED] - callTestCase: Call Test Case 'Test Cases/Rental/Base_RentalContract/Base_CreateRentalInvoice_HeaderlineInvoice_SplitTender' successfully

2017-11-17 15:17:10 - [TEST_CASE][PASSED] - Test Cases/Rental/Base_RentalContract/Base_CreateRentalInvoice_HeaderlineInvoice_SplitTender: Test Cases/Rental/Base_RentalContract/Base_CreateRentalInvoice_HeaderlineInvoice_SplitTender

2017-11-17 15:17:10 - [TEST_STEP][PASSED] - callTestCase: Call Test Case 'Test Cases/Rental/Base_RentalContract/Base_CreateRentalHeader' successfully

2017-11-17 15:17:10 - [TEST_CASE][PASSED] - Test Cases/Rental/Base_RentalContract/Base_CreateRentalHeader: Test Cases/Rental/Base_RentalContract/Base_CreateRentalHeader

2017-11-17 15:17:10 - [TEST_STEP][PASSED] - callTestCase: Call Test Case 'Test Cases/Common/Base_Common_OpenSession' successfully

2017-11-17 15:17:10 - [TEST_CASE][PASSED] - Test Cases/Common/Base_Common_OpenSession: Test Cases/Common/Base_Common_OpenSession

2017-11-17 15:17:10 - [TEST_STEP][PASSED] - openBrowser: Browser is opened with url: 'https://rgajbhiye:Robin$123@proxima-ln4.e-emphasys.com:8441/webui/servlet/login'

2017-11-17 15:17:10 - [MESSAGE][WARNING] - A browser is already opened. Closing browser and opening a new one

2017-11-17 15:17:17 - [MESSAGE][PASSED] - Browser is opened with url: 'https://rgajbhiye:Robin$123@proxima-ln4.e-emphasys.com:8441/webui/servlet/login'

2017-11-17 15:17:17 - [TEST_STEP][PASSED] - waitForPageLoad: Wait for page load successfully

2017-11-17 15:17:17 - [MESSAGE][PASSED] - Wait for page load successfully

2017-11-17 15:17:17 - [TEST_STEP][PASSED] - maximizeWindow: Current window maximized

2017-11-17 15:17:17 - [MESSAGE][PASSED] - Current window maximized

2017-11-17 15:17:17 - [TEST_STEP][PASSED] - click: Object: 'Object Repository/Common/HomePage/HomePage_more' is clicked on

2017-11-17 15:17:21 - [MESSAGE][PASSED] - Object: 'Object Repository/Common/HomePage/HomePage_more' is clicked on

2017-11-17 15:17:21 - [TEST_STEP][PASSED] - click: Object: 'Object Repository/Common/HomePage/HomePage_Option' is clicked on

2017-11-17 15:17:21 - [MESSAGE][PASSED] - Object: 'Object Repository/Common/HomePage/HomePage_Option' is clicked on

2017-11-17 15:17:21 - [TEST_STEP][PASSED] - click: Object: 'Object Repository/Common/HomePage/HomePage_RunProgram_' is clicked on

2017-11-17 15:17:21 - [MESSAGE][PASSED] - Object: 'Object Repository/Common/HomePage/HomePage_RunProgram_' is clicked on

2017-11-17 15:17:21 - [TEST_STEP][PASSED] - sendKeys: Keys 'erext4100s004' sent to object: 'Object Repository/Common/HomePage/HomePage_Session_ID'

2017-11-17 15:17:21 - [MESSAGE][PASSED] - Keys 'erext4100s004' sent to object: 'Object Repository/Common/HomePage/HomePage_Session_ID'

2017-11-17 15:17:21 - [TEST_STEP][PASSED] - click: Object: 'Object Repository/Common/HomePage/HomePage_OkButton' is clicked on

2017-11-17 15:17:22 - [MESSAGE][PASSED] - Object: 'Object Repository/Common/HomePage/HomePage_OkButton' is clicked on

2017-11-17 15:17:22 - [MESSAGE][PASSED] - Call Test Case 'Test Cases/Common/Base_Common_OpenSession' successfully

2017-11-17 15:17:22 - [TEST_STEP][PASSED] - click: Object: 'Object Repository/Rental/RentalHeader/RentalContract.Customer' is clicked on

2017-11-17 15:17:27 - [MESSAGE][PASSED] - Object: 'Object Repository/Rental/RentalHeader/RentalContract.Customer' is clicked on

2017-11-17 15:17:27 - [TEST_STEP][PASSED] - setText: Text 'M00000010' is set on object 'Object Repository/Rental/RentalHeader/RentalContract.Customer'

2017-11-17 15:17:27 - [MESSAGE][PASSED] - Text 'M00000010' is set on object 'Object Repository/Rental/RentalHeader/RentalContract.Customer'

2017-11-17 15:17:27 - [TEST_STEP][PASSED] - delay: Delayed 2 second(s)

2017-11-17 15:17:29 - [MESSAGE][PASSED] - Delayed 2 second(s)

2017-11-17 15:17:29 - [TEST_STEP][PASSED] - click: Object: 'Object Repository/Rental/RentalHeader/RentalContract.CustPO' is clicked on

2017-11-17 15:17:29 - [MESSAGE][PASSED] - Object: 'Object Repository/Rental/RentalHeader/RentalContract.CustPO' is clicked on

2017-11-17 15:17:29 - [TEST_STEP][PASSED] - delay: Delayed 3 second(s)

2017-11-17 15:17:32 - [MESSAGE][PASSED] - Delayed 3 second(s)

2017-11-17 15:17:32 - [TEST_STEP][PASSED] - click: Object: 'Object Repository/Rental/RentalHeader/RentalContract.OtherDetailsTab' is clicked on

2017-11-17 15:17:33 - [MESSAGE][PASSED] - Object: 'Object Repository/Rental/RentalHeader/RentalContract.OtherDetailsTab' is clicked on

2017-11-17 15:17:33 - [TEST_STEP][PASSED] - delay: Delayed 5 second(s)

2017-11-17 15:17:38 - [MESSAGE][PASSED] - Delayed 5 second(s)

2017-11-17 15:17:38 - [TEST_STEP][PASSED] - click: Object: 'Object Repository/Rental/RentalHeader/Rental Contract.ModeOfPayment' is clicked on

2017-11-17 15:17:38 - [MESSAGE][PASSED] - Object: 'Object Repository/Rental/RentalHeader/Rental Contract.ModeOfPayment' is clicked on

2017-11-17 15:17:38 - [TEST_STEP][PASSED] - delay: Delayed 2 second(s)

2017-11-17 15:17:40 - [MESSAGE][PASSED] - Delayed 2 second(s)

2017-11-17 15:17:40 - [TEST_STEP][PASSED] - click: Object: 'Object Repository/Rental/RentalHeader/RentalContract.CreditCardoption' is clicked on

2017-11-17 15:17:40 - [MESSAGE][PASSED] - Object: 'Object Repository/Rental/RentalHeader/RentalContract.CreditCardoption' is clicked on

2017-11-17 15:17:40 - [TEST_STEP][PASSED] - delay: Delayed 3 second(s)

2017-11-17 15:17:43 - [MESSAGE][PASSED] - Delayed 3 second(s)

2017-11-17 15:17:43 - [TEST_STEP][PASSED] - click: Object: 'Object Repository/Rental/RentalHeader/RentalContract.GeneralTab' is clicked on

2017-11-17 15:17:43 - [MESSAGE][PASSED] - Object: 'Object Repository/Rental/RentalHeader/RentalContract.GeneralTab' is clicked on

2017-11-17 15:17:43 - [TEST_STEP][PASSED] - delay: Delayed 5 second(s)

2017-11-17 15:17:48 - [MESSAGE][PASSED] - Delayed 5 second(s)

2017-11-17 15:17:48 - [TEST_STEP][PASSED] - click: Object: 'Object Repository/Rental/RentalHeader/RentalContract.Newbuttonline' is clicked on

2017-11-17 15:17:49 - [MESSAGE][PASSED] - Object: 'Object Repository/Rental/RentalHeader/RentalContract.Newbuttonline' is clicked on

2017-11-17 15:17:49 - [TEST_STEP][PASSED] - delay: Delayed 5 second(s)

2017-11-17 15:17:54 - [MESSAGE][PASSED] - Delayed 5 second(s)

2017-11-17 15:17:54 - [TEST_STEP][PASSED] - click: Object: 'Object Repository/Rental/RentalHeader/RentalContract.SetLine' is clicked on

2017-11-17 15:17:54 - [MESSAGE][PASSED] - Object: 'Object Repository/Rental/RentalHeader/RentalContract.SetLine' is clicked on

2017-11-17 15:17:54 - [TEST_STEP][PASSED] - delay: Delayed 5 second(s)

2017-11-17 15:17:59 - [MESSAGE][PASSED] - Delayed 5 second(s)

2017-11-17 15:17:59 - [TEST_STEP][PASSED] - scrollToElement: Scroll to object 'Object Repository/Rental/RentalHeader/RentalContract.Unit' successfully

2017-11-17 15:17:59 - [MESSAGE][PASSED] - Scroll to object 'Object Repository/Rental/RentalHeader/RentalContract.Unit' successfully

2017-11-17 15:17:59 - [TEST_STEP][PASSED] - delay: Delayed 3 second(s)

2017-11-17 15:18:02 - [MESSAGE][PASSED] - Delayed 3 second(s)

2017-11-17 15:18:02 - [TEST_STEP][NOT_RUN] - getText: NOT_RUN: getText

2017-11-17 15:18:02 - [MESSAGE][NOT_RUN] - NOT_RUN: getText

2017-11-17 15:18:02 - [TEST_STEP][PASSED] - click: Object: 'Object Repository/Rental/RentalHeader/RentalContract.Unit' is clicked on

2017-11-17 15:18:02 - [MESSAGE][PASSED] - Object: 'Object Repository/Rental/RentalHeader/RentalContract.Unit' is clicked on

2017-11-17 15:18:02 - [TEST_STEP][PASSED] - delay: Delayed 5 second(s)

2017-11-17 15:18:07 - [MESSAGE][PASSED] - Delayed 5 second(s)

2017-11-17 15:18:07 - [TEST_STEP][PASSED] - setText: Text 'MD0018339' is set on object 'Object Repository/Rental/RentalHeader/RentalContract.Unit'

2017-11-17 15:18:07 - [MESSAGE][PASSED] - Text 'MD0018339' is set on object 'Object Repository/Rental/RentalHeader/RentalContract.Unit'

2017-11-17 15:18:07 - [TEST_STEP][PASSED] - delay: Delayed 5 second(s)

2017-11-17 15:18:12 - [MESSAGE][PASSED] - Delayed 5 second(s)

2017-11-17 15:18:12 - [TEST_STEP][PASSED] - scrollToElement: Scroll to object 'Object Repository/Rental/RentalHeader/RentalContract.MultipleInsurence' successfully

2017-11-17 15:18:12 - [MESSAGE][PASSED] - Scroll to object 'Object Repository/Rental/RentalHeader/RentalContract.MultipleInsurence' successfully

2017-11-17 15:18:12 - [TEST_STEP][PASSED] - delay: Delayed 5 second(s)

2017-11-17 15:18:17 - [MESSAGE][PASSED] - Delayed 5 second(s)

2017-11-17 15:18:17 - [TEST_STEP][PASSED] - doubleClick: Object: 'Object Repository/Rental/RentalHeader/RentalContract.MultipleInsurence' is double clicked on

2017-11-17 15:18:18 - [MESSAGE][PASSED] - Object: 'Object Repository/Rental/RentalHeader/RentalContract.MultipleInsurence' is double clicked on

2017-11-17 15:18:18 - [TEST_STEP][PASSED] - delay: Delayed 5 second(s)

2017-11-17 15:18:23 - [MESSAGE][PASSED] - Delayed 5 second(s)

2017-11-17 15:18:23 - [TEST_STEP][PASSED] - click: Object: 'Object Repository/Rental/RentalHeader/RentalContract.MultipleInsurence' is clicked on

2017-11-17 15:18:23 - [MESSAGE][PASSED] - Object: 'Object Repository/Rental/RentalHeader/RentalContract.MultipleInsurence' is clicked on

2017-11-17 15:18:23 - [TEST_STEP][NOT_RUN] - doubleClick: NOT_RUN: doubleClick

2017-11-17 15:18:23 - [MESSAGE][NOT_RUN] - NOT_RUN: doubleClick

2017-11-17 15:18:23 - [TEST_STEP][PASSED] - delay: Delayed 5 second(s)

2017-11-17 15:18:28 - [MESSAGE][PASSED] - Delayed 5 second(s)

2017-11-17 15:18:28 - [TEST_STEP][PASSED] - click: Object: 'Object Repository/Rental/RentalHeader/RentalContract.MultiInsNO' is clicked on

2017-11-17 15:18:28 - [MESSAGE][PASSED] - Object: 'Object Repository/Rental/RentalHeader/RentalContract.MultiInsNO' is clicked on

2017-11-17 15:18:28 - [TEST_STEP][PASSED] - delay: Delayed 5 second(s)

2017-11-17 15:18:33 - [MESSAGE][PASSED] - Delayed 5 second(s)

2017-11-17 15:18:33 - [TEST_STEP][PASSED] - scrollToElement: Scroll to object 'Object Repository/Rental/RentalHeader/RentalContract.GrossRateline' successfully

2017-11-17 15:18:33 - [MESSAGE][PASSED] - Scroll to object 'Object Repository/Rental/RentalHeader/RentalContract.GrossRateline' successfully

2017-11-17 15:18:33 - [TEST_STEP][NOT_RUN] - delay: NOT_RUN: delay

2017-11-17 15:18:33 - [MESSAGE][NOT_RUN] - NOT_RUN: delay

2017-11-17 15:18:33 - [TEST_STEP][PASSED] - doubleClick: Object: 'Object Repository/Rental/RentalHeader/RentalContract.GrossRateline' is double clicked on

2017-11-17 15:18:33 - [MESSAGE][PASSED] - Object: 'Object Repository/Rental/RentalHeader/RentalContract.GrossRateline' is double clicked on

2017-11-17 15:18:33 - [TEST_STEP][PASSED] - delay: Delayed 2 second(s)

2017-11-17 15:18:35 - [MESSAGE][PASSED] - Delayed 2 second(s)

2017-11-17 15:18:35 - [TEST_STEP][PASSED] - click: Object: 'Object Repository/Rental/RentalHeader/RentalContract.GrossRateline' is clicked on

2017-11-17 15:18:36 - [MESSAGE][PASSED] - Object: 'Object Repository/Rental/RentalHeader/RentalContract.GrossRateline' is clicked on

2017-11-17 15:18:36 - [TEST_STEP][PASSED] - delay: Delayed 2 second(s)

2017-11-17 15:18:38 - [MESSAGE][PASSED] - Delayed 2 second(s)

2017-11-17 15:18:38 - [TEST_STEP][PASSED] - setText: Text '100' is set on object 'Object Repository/Rental/RentalHeader/RentalContract.GrossRateline'

2017-11-17 15:18:38 - [MESSAGE][PASSED] - Text '100' is set on object 'Object Repository/Rental/RentalHeader/RentalContract.GrossRateline'

2017-11-17 15:18:38 - [TEST_STEP][PASSED] - delay: Delayed 4 second(s)

2017-11-17 15:18:42 - [MESSAGE][PASSED] - Delayed 4 second(s)

2017-11-17 15:18:42 - [TEST_STEP][PASSED] - click: Object: 'Object Repository/Rental/RentalHeader/RentalContract.SaveHeader' is clicked on

2017-11-17 15:18:42 - [MESSAGE][PASSED] - Object: 'Object Repository/Rental/RentalHeader/RentalContract.SaveHeader' is clicked on

2017-11-17 15:18:42 - [TEST_STEP][PASSED] - delay: Delayed 5 second(s)

2017-11-17 15:18:47 - [MESSAGE][PASSED] - Delayed 5 second(s)

2017-11-17 15:18:47 - [TEST_STEP][PASSED] - click: Object: 'Object Repository/Rental/RentalHeader/RentalContract.Action' is clicked on

2017-11-17 15:18:47 - [MESSAGE][PASSED] - Object: 'Object Repository/Rental/RentalHeader/RentalContract.Action' is clicked on

2017-11-17 15:18:47 - [TEST_STEP][PASSED] - delay: Delayed 8 second(s)

2017-11-17 15:18:55 - [MESSAGE][PASSED] - Delayed 8 second(s)

2017-11-17 15:18:55 - [TEST_STEP][PASSED] - click: Object: 'Object Repository/Rental/RentalHeader/RentalContract.Release' is clicked on

2017-11-17 15:18:56 - [MESSAGE][PASSED] - Object: 'Object Repository/Rental/RentalHeader/RentalContract.Release' is clicked on

2017-11-17 15:18:56 - [TEST_STEP][PASSED] - delay: Delayed 12 second(s)

2017-11-17 15:19:08 - [MESSAGE][PASSED] - Delayed 12 second(s)

2017-11-17 15:19:08 - [TEST_STEP][PASSED] - click: Object: 'Object Repository/Rental/RentalHeader/RentalContract.ActionDelivery' is clicked on

2017-11-17 15:19:08 - [MESSAGE][PASSED] - Object: 'Object Repository/Rental/RentalHeader/RentalContract.ActionDelivery' is clicked on

2017-11-17 15:19:08 - [TEST_STEP][PASSED] - delay: Delayed 6 second(s)

2017-11-17 15:19:14 - [MESSAGE][PASSED] - Delayed 6 second(s)

2017-11-17 15:19:14 - [TEST_STEP][PASSED] - click: Object: 'Object Repository/Rental/RentalHeader/RentalContract.ConfirmDelivery' is clicked on

2017-11-17 15:19:14 - [MESSAGE][PASSED] - Object: 'Object Repository/Rental/RentalHeader/RentalContract.ConfirmDelivery' is clicked on

2017-11-17 15:19:14 - [TEST_STEP][PASSED] - delay: Delayed 8 second(s)

2017-11-17 15:19:22 - [MESSAGE][PASSED] - Delayed 8 second(s)

2017-11-17 15:19:22 - [TEST_STEP][NOT_RUN] - waitForElementPresent: NOT_RUN: waitForElementPresent

2017-11-17 15:19:22 - [MESSAGE][NOT_RUN] - NOT_RUN: waitForElementPresent

2017-11-17 15:19:22 - [TEST_STEP][NOT_RUN] - delay: NOT_RUN: delay

2017-11-17 15:19:22 - [MESSAGE][NOT_RUN] - NOT_RUN: delay

2017-11-17 15:19:22 - [TEST_STEP][PASSED] - click: Object: 'Object Repository/Rental/RentalHeader/RentalContract.DeliveryProceed' is clicked on

2017-11-17 15:19:22 - [MESSAGE][PASSED] - Object: 'Object Repository/Rental/RentalHeader/RentalContract.DeliveryProceed' is clicked on

2017-11-17 15:19:22 - [TEST_STEP][PASSED] - delay: Delayed 12 second(s)

2017-11-17 15:19:34 - [MESSAGE][PASSED] - Delayed 12 second(s)

2017-11-17 15:19:34 - [TEST_STEP][NOT_RUN] - waitForElementPresent: NOT_RUN: waitForElementPresent

2017-11-17 15:19:34 - [MESSAGE][NOT_RUN] - NOT_RUN: waitForElementPresent

2017-11-17 15:19:34 - [TEST_STEP][NOT_RUN] - delay: NOT_RUN: delay

2017-11-17 15:19:34 - [MESSAGE][NOT_RUN] - NOT_RUN: delay

2017-11-17 15:19:34 - [TEST_STEP][NOT_RUN] - click: NOT_RUN: click

2017-11-17 15:19:34 - [MESSAGE][NOT_RUN] - NOT_RUN: click

2017-11-17 15:19:34 - [TEST_STEP][PASSED] - delay: Delayed 8 second(s)

2017-11-17 15:19:42 - [MESSAGE][PASSED] - Delayed 8 second(s)

2017-11-17 15:19:42 - [TEST_STEP][PASSED] - click: Object: 'Object Repository/Rental/RentalHeader/RentalContract.InspetionReportClose' is clicked on

2017-11-17 15:19:43 - [MESSAGE][PASSED] - Object: 'Object Repository/Rental/RentalHeader/RentalContract.InspetionReportClose' is clicked on

2017-11-17 15:19:43 - [TEST_STEP][PASSED] - delay: Delayed 5 second(s)

2017-11-17 15:19:48 - [MESSAGE][PASSED] - Delayed 5 second(s)

2017-11-17 15:19:48 - [TEST_STEP][PASSED] - click: Object: 'Object Repository/Rental/RentalHeader/RentalContract.BillofLaddingClosed' is clicked on

2017-11-17 15:19:48 - [MESSAGE][PASSED] - Object: 'Object Repository/Rental/RentalHeader/RentalContract.BillofLaddingClosed' is clicked on

2017-11-17 15:19:48 - [TEST_STEP][PASSED] - delay: Delayed 5 second(s)

2017-11-17 15:19:53 - [MESSAGE][PASSED] - Delayed 5 second(s)

2017-11-17 15:19:53 - [TEST_STEP][PASSED] - click: Object: 'Object Repository/Rental/RentalHeader/RentalContract.EqipRentalMemoclosed' is clicked on

2017-11-17 15:19:53 - [MESSAGE][PASSED] - Object: 'Object Repository/Rental/RentalHeader/RentalContract.EqipRentalMemoclosed' is clicked on

2017-11-17 15:19:53 - [TEST_STEP][PASSED] - delay: Delayed 5 second(s)

2017-11-17 15:19:58 - [MESSAGE][PASSED] - Delayed 5 second(s)

2017-11-17 15:19:58 - [TEST_STEP][PASSED] - click: Object: 'Object Repository/Rental/RentalHeader/RentalContract.InspectionOrdergnerated' is clicked on

2017-11-17 15:19:58 - [MESSAGE][PASSED] - Object: 'Object Repository/Rental/RentalHeader/RentalContract.InspectionOrdergnerated' is clicked on

2017-11-17 15:19:58 - [MESSAGE][PASSED] - Call Test Case 'Test Cases/Rental/Base_RentalContract/Base_CreateRentalHeader' successfully

2017-11-17 15:19:58 - [TEST_STEP][PASSED] - delay: Delayed 4 second(s)

2017-11-17 15:20:02 - [MESSAGE][PASSED] - Delayed 4 second(s)

2017-11-17 15:20:02 - [TEST_STEP][PASSED] - click: Object: 'Object Repository/Rental/RentalHeader/RentalInvoice/RentalInvoice.InvoicingscheduleTab' is clicked on

2017-11-17 15:20:03 - [MESSAGE][PASSED] - Object: 'Object Repository/Rental/RentalHeader/RentalInvoice/RentalInvoice.InvoicingscheduleTab' is clicked on

2017-11-17 15:20:03 - [TEST_STEP][PASSED] - delay: Delayed 4 second(s)

2017-11-17 15:20:07 - [MESSAGE][PASSED] - Delayed 4 second(s)

2017-11-17 15:20:07 - [TEST_STEP][PASSED] - click: Object: 'Object Repository/Rental/RentalHeader/RentalInvoice/RentalInvoice.Action' is clicked on

2017-11-17 15:20:07 - [MESSAGE][PASSED] - Object: 'Object Repository/Rental/RentalHeader/RentalInvoice/RentalInvoice.Action' is clicked on

2017-11-17 15:20:07 - [TEST_STEP][PASSED] - delay: Delayed 4 second(s)

2017-11-17 15:20:11 - [MESSAGE][PASSED] - Delayed 4 second(s)

2017-11-17 15:20:11 - [TEST_STEP][PASSED] - click: Object: 'Object Repository/Rental/RentalHeader/RentalInvoice/RentalInvoice.ProcessInvoice' is clicked on

2017-11-17 15:20:11 - [MESSAGE][PASSED] - Object: 'Object Repository/Rental/RentalHeader/RentalInvoice/RentalInvoice.ProcessInvoice' is clicked on

2017-11-17 15:20:11 - [TEST_STEP][PASSED] - delay: Delayed 4 second(s)

2017-11-17 15:20:15 - [MESSAGE][PASSED] - Delayed 4 second(s)

2017-11-17 15:20:15 - [TEST_STEP][PASSED] - click: Object: 'Object Repository/Rental/RentalHeader/RentalInvoice/RentalInvoice.ProcessInvoice2' is clicked on

2017-11-17 15:20:15 - [MESSAGE][PASSED] - Object: 'Object Repository/Rental/RentalHeader/RentalInvoice/RentalInvoice.ProcessInvoice2' is clicked on

2017-11-17 15:20:15 - [TEST_STEP][PASSED] - delay: Delayed 0 second(s)

2017-11-17 15:20:15 - [MESSAGE][PASSED] - Delayed 0 second(s)

2017-11-17 15:20:15 - [TEST_STEP][PASSED] - click: Object: 'Object Repository/Rental/RentalHeader/RentalInvoice/RentalInvoice.InvoiceProcessYES' is clicked on

2017-11-17 15:20:16 - [MESSAGE][PASSED] - Object: 'Object Repository/Rental/RentalHeader/RentalInvoice/RentalInvoice.InvoiceProcessYES' is clicked on

2017-11-17 15:20:16 - [TEST_STEP][PASSED] - delay: Delayed 0 second(s)

2017-11-17 15:20:16 - [MESSAGE][PASSED] - Delayed 0 second(s)

2017-11-17 15:20:16 - [TEST_STEP][PASSED] - setText: Text 'GLOBAL' is set on object 'Object Repository/Rental/RentalHeader/RentalInvoice/ServiceCreditCard.PaymentGateway'

2017-11-17 15:20:18 - [MESSAGE][PASSED] - Text 'GLOBAL' is set on object 'Object Repository/Rental/RentalHeader/RentalInvoice/ServiceCreditCard.PaymentGateway'

2017-11-17 15:20:18 - [TEST_STEP][NOT_RUN] - sendKeys: NOT_RUN: sendKeys

2017-11-17 15:20:18 - [MESSAGE][NOT_RUN] - NOT_RUN: sendKeys

2017-11-17 15:20:18 - [TEST_STEP][PASSED] - doubleClick: Object: 'Object Repository/Rental/RentalHeader/RentalInvoice/ServiceCreditCard.CardType' is double clicked on

2017-11-17 15:20:18 - [MESSAGE][PASSED] - Object: 'Object Repository/Rental/RentalHeader/RentalInvoice/ServiceCreditCard.CardType' is double clicked on

2017-11-17 15:20:18 - [TEST_STEP][PASSED] - setText: Text 'DEBIT MASTERCARD' is set on object 'Object Repository/Rental/RentalHeader/RentalInvoice/ServiceCreditCard.CardType'

2017-11-17 15:20:18 - [MESSAGE][PASSED] - Text 'DEBIT MASTERCARD' is set on object 'Object Repository/Rental/RentalHeader/RentalInvoice/ServiceCreditCard.CardType'

2017-11-17 15:20:18 - [TEST_STEP][PASSED] - delay: Delayed 2 second(s)

2017-11-17 15:20:20 - [MESSAGE][PASSED] - Delayed 2 second(s)

2017-11-17 15:20:20 - [TEST_STEP][PASSED] - doubleClick: Object: 'Object Repository/Rental/RentalHeader/RentalInvoice/ServiceCreditCard.Enter CC No' is double clicked on

2017-11-17 15:20:20 - [MESSAGE][PASSED] - Object: 'Object Repository/Rental/RentalHeader/RentalInvoice/ServiceCreditCard.Enter CC No' is double clicked on

2017-11-17 15:20:20 - [TEST_STEP][PASSED] - sendKeys: Keys '5100270000000007' sent to object: 'Object Repository/Rental/RentalHeader/RentalInvoice/ServiceCreditCard.Enter CC No'

2017-11-17 15:20:21 - [MESSAGE][PASSED] - Keys '5100270000000007' sent to object: 'Object Repository/Rental/RentalHeader/RentalInvoice/ServiceCreditCard.Enter CC No'

2017-11-17 15:20:21 - [TEST_STEP][PASSED] - delay: Delayed 2 second(s)

2017-11-17 15:20:23 - [MESSAGE][PASSED] - Delayed 2 second(s)

2017-11-17 15:20:23 - [TEST_STEP][PASSED] - click: Object: 'Object Repository/Rental/RentalHeader/RentalInvoice/ServiceCreditCard.CVV2' is clicked on

2017-11-17 15:20:23 - [MESSAGE][PASSED] - Object: 'Object Repository/Rental/RentalHeader/RentalInvoice/ServiceCreditCard.CVV2' is clicked on

2017-11-17 15:20:23 - [TEST_STEP][PASSED] - sendKeys: Keys '865' sent to object: 'Object Repository/Rental/RentalHeader/RentalInvoice/ServiceCreditCard.CVV2'

2017-11-17 15:20:23 - [MESSAGE][PASSED] - Keys '865' sent to object: 'Object Repository/Rental/RentalHeader/RentalInvoice/ServiceCreditCard.CVV2'

2017-11-17 15:20:23 - [TEST_STEP][NOT_RUN] - sendKeys: NOT_RUN: sendKeys

2017-11-17 15:20:23 - [MESSAGE][NOT_RUN] - NOT_RUN: sendKeys

2017-11-17 15:20:23 - [TEST_STEP][NOT_RUN] - delay: NOT_RUN: delay

2017-11-17 15:20:23 - [MESSAGE][NOT_RUN] - NOT_RUN: delay

2017-11-17 15:20:23 - [TEST_STEP][PASSED] - delay: Delayed 3 second(s)

2017-11-17 15:20:26 - [MESSAGE][PASSED] - Delayed 3 second(s)

2017-11-17 15:20:26 - [TEST_STEP][PASSED] - setText: Text '09' is set on object 'Object Repository/Rental/RentalHeader/RentalInvoice/ServiceCreditCard.ExpiryMonth'

2017-11-17 15:20:26 - [MESSAGE][PASSED] - Text '09' is set on object 'Object Repository/Rental/RentalHeader/RentalInvoice/ServiceCreditCard.ExpiryMonth'

2017-11-17 15:20:26 - [TEST_STEP][PASSED] - setText: Text '99' is set on object 'Object Repository/Rental/RentalHeader/RentalInvoice/ServiceCreditCard.ExpiryYear'

2017-11-17 15:20:26 - [MESSAGE][PASSED] - Text '99' is set on object 'Object Repository/Rental/RentalHeader/RentalInvoice/ServiceCreditCard.ExpiryYear'

2017-11-17 15:20:26 - [TEST_STEP][NOT_RUN] - click: NOT_RUN: click

2017-11-17 15:20:26 - [MESSAGE][NOT_RUN] - NOT_RUN: click

2017-11-17 15:20:27 - [TEST_STEP][NOT_RUN] - delay: NOT_RUN: delay

2017-11-17 15:20:27 - [MESSAGE][NOT_RUN] - NOT_RUN: delay

2017-11-17 15:20:27 - [TEST_STEP][NOT_RUN] - click: NOT_RUN: click

2017-11-17 15:20:27 - [MESSAGE][NOT_RUN] - NOT_RUN: click

2017-11-17 15:20:27 - [TEST_STEP][NOT_RUN] - delay: NOT_RUN: delay

2017-11-17 15:20:27 - [MESSAGE][NOT_RUN] - NOT_RUN: delay

2017-11-17 15:20:27 - [TEST_STEP][NOT_RUN] - click: NOT_RUN: click

2017-11-17 15:20:27 - [MESSAGE][NOT_RUN] - NOT_RUN: click

2017-11-17 15:20:27 - [TEST_STEP][NOT_RUN] - delay: NOT_RUN: delay

2017-11-17 15:20:27 - [MESSAGE][NOT_RUN] - NOT_RUN: delay

2017-11-17 15:20:27 - [TEST_STEP][NOT_RUN] - click: NOT_RUN: click

2017-11-17 15:20:27 - [MESSAGE][NOT_RUN] - NOT_RUN: click

2017-11-17 15:20:27 - [TEST_STEP][NOT_RUN] - delay: NOT_RUN: delay

2017-11-17 15:20:27 - [MESSAGE][NOT_RUN] - NOT_RUN: delay

2017-11-17 15:20:27 - [TEST_STEP][NOT_RUN] - closeBrowser: NOT_RUN: closeBrowser

2017-11-17 15:20:27 - [MESSAGE][NOT_RUN] - NOT_RUN: closeBrowser

2017-11-17 15:20:27 - [MESSAGE][PASSED] - Call Test Case 'Test Cases/Rental/Base_RentalContract/Base_CreateRentalInvoice_HeaderlineInvoice_SplitTender' successfully

2017-11-17 15:20:27 - [TEST_STEP][INCOMPLETE] - callTestCase: null

2017-11-17 15:20:27 - [TEST_CASE][INCOMPLETE] - Test Cases/Rental/Base_RentalContract/Base_CreateRentalInvoicewithSpitTenderDetails_SplitTender: null

2017-11-17 15:20:27 - [TEST_STEP][PASSED] - delay: Delayed 5 second(s)

2017-11-17 15:20:32 - [MESSAGE][PASSED] - Delayed 5 second(s)

2017-11-17 15:20:32 - [TEST_STEP][PASSED] - doubleClick: Object: 'Object Repository/Rental/Rental_SplitTenderDetails/SplitTenderDetails' is double clicked on

2017-11-17 15:20:32 - [MESSAGE][PASSED] - Object: 'Object Repository/Rental/Rental_SplitTenderDetails/SplitTenderDetails' is double clicked on

2017-11-17 15:20:32 - [TEST_STEP][PASSED] - click: Object: 'Object Repository/Rental/Rental_SplitTenderDetails/SplitTenderDetails.Yes' is clicked on

2017-11-17 15:20:32 - [MESSAGE][PASSED] - Object: 'Object Repository/Rental/Rental_SplitTenderDetails/SplitTenderDetails.Yes' is clicked on

2017-11-17 15:20:32 - [TEST_STEP][PASSED] - delay: Delayed 3 second(s)

2017-11-17 15:20:35 - [MESSAGE][PASSED] - Delayed 3 second(s)

2017-11-17 15:20:35 - [TEST_STEP][PASSED] - click: Object: 'Object Repository/Rental/Rental_SplitTenderDetails/SplitTender.LineSession' is clicked on

2017-11-17 15:20:35 - [MESSAGE][PASSED] - Object: 'Object Repository/Rental/Rental_SplitTenderDetails/SplitTender.LineSession' is clicked on

2017-11-17 15:20:35 - [TEST_STEP][PASSED] - delay: Delayed 2 second(s)

2017-11-17 15:20:37 - [MESSAGE][PASSED] - Delayed 2 second(s)

2017-11-17 15:20:37 - [TEST_STEP][PASSED] - Statement - G_OrderAmt = com.kms.katalon.core.webui.keyword.WebUiBuiltInKeywords.getText(com.kms.katalon.core.testobject.ObjectRepository.findTestObject(Rental/Rental_SplitTenderDetails/SplitTender.OrderAmtHeader), CONTINUE_ON_FAILURE): Text of object 'Object Repository/Rental/Rental_SplitTenderDetails/SplitTender.OrderAmtHeader' is: '110.00'

2017-11-17 15:20:37 - [MESSAGE][PASSED] - Text of object 'Object Repository/Rental/Rental_SplitTenderDetails/SplitTender.OrderAmtHeader' is: '110.00'

2017-11-17 15:20:37 - [TEST_STEP][PASSED] - Statement - G_SplitOrderAmt2 = G_OrderAmt - 2: null

2017-11-17 15:20:37 - [TEST_STEP][PASSED] - comment: ***********************Line1 started***********************

2017-11-17 15:20:37 - [TEST_STEP][PASSED] - click: Object: 'Object Repository/Rental/Rental_SplitTenderDetails/SplitTender.NewButton' is clicked on

2017-11-17 15:20:38 - [MESSAGE][PASSED] - Object: 'Object Repository/Rental/Rental_SplitTenderDetails/SplitTender.NewButton' is clicked on

2017-11-17 15:20:38 - [TEST_STEP][PASSED] - delay: Delayed 2 second(s)

2017-11-17 15:20:40 - [MESSAGE][PASSED] - Delayed 2 second(s)

2017-11-17 15:20:40 - [TEST_STEP][PASSED] - doubleClick: Object: 'Object Repository/Rental/Rental_SplitTenderDetails/SplitTender.ModeofPayment' is double clicked on

2017-11-17 15:20:40 - [MESSAGE][PASSED] - Object: 'Object Repository/Rental/Rental_SplitTenderDetails/SplitTender.ModeofPayment' is double clicked on

2017-11-17 15:20:40 - [TEST_STEP][PASSED] - click: Object: 'Object Repository/Rental/Rental_SplitTenderDetails/SplitTender.ModeOfPaymentCreditCard1' is clicked on

2017-11-17 15:20:40 - [MESSAGE][PASSED] - Object: 'Object Repository/Rental/Rental_SplitTenderDetails/SplitTender.ModeOfPaymentCreditCard1' is clicked on

2017-11-17 15:20:40 - [TEST_STEP][PASSED] - click: Object: 'Object Repository/Rental/Rental_SplitTenderDetails/SplitTender.LineCCNo' is clicked on

2017-11-17 15:20:40 - [MESSAGE][PASSED] - Object: 'Object Repository/Rental/Rental_SplitTenderDetails/SplitTender.LineCCNo' is clicked on

2017-11-17 15:20:40 - [TEST_STEP][PASSED] - delay: Delayed 2 second(s)

2017-11-17 15:20:42 - [MESSAGE][PASSED] - Delayed 2 second(s)

2017-11-17 15:20:42 - [TEST_STEP][PASSED] - setText: Text '4012000033330026' is set on object 'Object Repository/Rental/Rental_SplitTenderDetails/SplitTender.LineCCNo'

2017-11-17 15:20:43 - [MESSAGE][PASSED] - Text '4012000033330026' is set on object 'Object Repository/Rental/Rental_SplitTenderDetails/SplitTender.LineCCNo'

2017-11-17 15:20:43 - [TEST_STEP][PASSED] - delay: Delayed 5 second(s)

2017-11-17 15:20:48 - [MESSAGE][PASSED] - Delayed 5 second(s)

2017-11-17 15:20:48 - [TEST_STEP][NOT_RUN] - click: NOT_RUN: click

2017-11-17 15:20:48 - [MESSAGE][NOT_RUN] - NOT_RUN: click

2017-11-17 15:20:48 - [TEST_STEP][NOT_RUN] - setText: NOT_RUN: setText

2017-11-17 15:20:48 - [MESSAGE][NOT_RUN] - NOT_RUN: setText

2017-11-17 15:20:48 - [TEST_STEP][PASSED] - scrollToElement: Scroll to object 'Object Repository/Rental/Rental_SplitTenderDetails/SplitTender.LineOrderAmount1' successfully

2017-11-17 15:20:48 - [MESSAGE][PASSED] - Scroll to object 'Object Repository/Rental/Rental_SplitTenderDetails/SplitTender.LineOrderAmount1' successfully

2017-11-17 15:20:48 - [TEST_STEP][PASSED] - delay: Delayed 5 second(s)

2017-11-17 15:20:53 - [MESSAGE][PASSED] - Delayed 5 second(s)

2017-11-17 15:20:53 - [TEST_STEP][PASSED] - click: Object: 'Object Repository/Rental/Rental_SplitTenderDetails/SplitTender.LineOrderAmount1' is clicked on

2017-11-17 15:20:53 - [MESSAGE][PASSED] - Object: 'Object Repository/Rental/Rental_SplitTenderDetails/SplitTender.LineOrderAmount1' is clicked on

2017-11-17 15:20:53 - [TEST_STEP][PASSED] - delay: Delayed 3 second(s)

2017-11-17 15:20:56 - [MESSAGE][PASSED] - Delayed 3 second(s)

2017-11-17 15:20:56 - [TEST_STEP][PASSED] - setText: Text '1.00' is set on object 'Object Repository/Rental/Rental_SplitTenderDetails/SplitTender.LineOrderAmount1'

2017-11-17 15:20:56 - [MESSAGE][PASSED] - Text '1.00' is set on object 'Object Repository/Rental/Rental_SplitTenderDetails/SplitTender.LineOrderAmount1'

2017-11-17 15:20:56 - [TEST_STEP][PASSED] - delay: Delayed 2 second(s)

2017-11-17 15:20:58 - [MESSAGE][PASSED] - Delayed 2 second(s)

2017-11-17 15:20:58 - [TEST_STEP][PASSED] - comment: ***********************Line2 started***********************

2017-11-17 15:20:58 - [TEST_STEP][PASSED] - click: Object: 'Object Repository/Rental/Rental_SplitTenderDetails/SplitTender.NewButton' is clicked on

2017-11-17 15:20:59 - [MESSAGE][PASSED] - Object: 'Object Repository/Rental/Rental_SplitTenderDetails/SplitTender.NewButton' is clicked on

2017-11-17 15:20:59 - [TEST_STEP][PASSED] - delay: Delayed 2 second(s)

2017-11-17 15:21:01 - [MESSAGE][PASSED] - Delayed 2 second(s)

2017-11-17 15:21:01 - [TEST_STEP][PASSED] - doubleClick: Object: 'Object Repository/Rental/Rental_SplitTenderDetails/SplitTender.ModeofPayment1' is double clicked on

2017-11-17 15:21:01 - [MESSAGE][PASSED] - Object: 'Object Repository/Rental/Rental_SplitTenderDetails/SplitTender.ModeofPayment1' is double clicked on

2017-11-17 15:21:01 - [TEST_STEP][PASSED] - click: Object: 'Object Repository/Rental/Rental_SplitTenderDetails/SplitTender.ModeOfPaymentCreditCard2' is clicked on

2017-11-17 15:21:01 - [MESSAGE][PASSED] - Object: 'Object Repository/Rental/Rental_SplitTenderDetails/SplitTender.ModeOfPaymentCreditCard2' is clicked on

2017-11-17 15:21:01 - [TEST_STEP][PASSED] - delay: Delayed 3 second(s)

2017-11-17 15:21:04 - [MESSAGE][PASSED] - Delayed 3 second(s)

2017-11-17 15:21:04 - [TEST_STEP][PASSED] - click: Object: 'Object Repository/Rental/Rental_SplitTenderDetails/SplitTender.Line2CCNo' is clicked on

2017-11-17 15:21:05 - [MESSAGE][PASSED] - Object: 'Object Repository/Rental/Rental_SplitTenderDetails/SplitTender.Line2CCNo' is clicked on

2017-11-17 15:21:05 - [TEST_STEP][PASSED] - delay: Delayed 2 second(s)

2017-11-17 15:21:07 - [MESSAGE][PASSED] - Delayed 2 second(s)

2017-11-17 15:21:07 - [TEST_STEP][PASSED] - setText: Text '4111123400062020' is set on object 'Object Repository/Rental/Rental_SplitTenderDetails/SplitTender.Line2CCNo'

2017-11-17 15:21:07 - [MESSAGE][PASSED] - Text '4111123400062020' is set on object 'Object Repository/Rental/Rental_SplitTenderDetails/SplitTender.Line2CCNo'

2017-11-17 15:21:07 - [TEST_STEP][PASSED] - delay: Delayed 2 second(s)

2017-11-17 15:21:09 - [MESSAGE][PASSED] - Delayed 2 second(s)

2017-11-17 15:21:09 - [TEST_STEP][PASSED] - click: Object: 'Object Repository/Rental/Rental_SplitTenderDetails/SplitTender.Line2CVV' is clicked on

2017-11-17 15:21:09 - [MESSAGE][PASSED] - Object: 'Object Repository/Rental/Rental_SplitTenderDetails/SplitTender.Line2CVV' is clicked on

2017-11-17 15:21:09 - [TEST_STEP][PASSED] - delay: Delayed 3 second(s)

2017-11-17 15:21:12 - [MESSAGE][PASSED] - Delayed 3 second(s)

2017-11-17 15:21:12 - [TEST_STEP][PASSED] - setText: Text '865' is set on object 'Object Repository/Rental/Rental_SplitTenderDetails/SplitTender.Line2CVV'

2017-11-17 15:21:13 - [MESSAGE][PASSED] - Text '865' is set on object 'Object Repository/Rental/Rental_SplitTenderDetails/SplitTender.Line2CVV'

2017-11-17 15:21:13 - [TEST_STEP][PASSED] - delay: Delayed 3 second(s)

2017-11-17 15:21:16 - [MESSAGE][PASSED] - Delayed 3 second(s)

2017-11-17 15:21:16 - [TEST_STEP][PASSED] - click: Object: 'Object Repository/Rental/Rental_SplitTenderDetails/SplitTender.CardTypeLine2' is clicked on

2017-11-17 15:21:16 - [MESSAGE][PASSED] - Object: 'Object Repository/Rental/Rental_SplitTenderDetails/SplitTender.CardTypeLine2' is clicked on

2017-11-17 15:21:16 - [TEST_STEP][PASSED] - delay: Delayed 5 second(s)

2017-11-17 15:21:21 - [MESSAGE][PASSED] - Delayed 5 second(s)

2017-11-17 15:21:21 - [TEST_STEP][PASSED] - sendKeys: Keys 'Visa Card' sent to object: 'Object Repository/Rental/Rental_SplitTenderDetails/SplitTender.CardTypeLine2'

2017-11-17 15:21:21 - [MESSAGE][PASSED] - Keys 'Visa Card' sent to object: 'Object Repository/Rental/Rental_SplitTenderDetails/SplitTender.CardTypeLine2'

2017-11-17 15:21:21 - [TEST_STEP][PASSED] - delay: Delayed 5 second(s)

2017-11-17 15:21:26 - [MESSAGE][PASSED] - Delayed 5 second(s)

2017-11-17 15:21:26 - [TEST_STEP][PASSED] - click: Object: 'Object Repository/Rental/Rental_SplitTenderDetails/SplitTender.ExpiryMonthLine2' is clicked on

2017-11-17 15:21:27 - [MESSAGE][PASSED] - Object: 'Object Repository/Rental/Rental_SplitTenderDetails/SplitTender.ExpiryMonthLine2' is clicked on

2017-11-17 15:21:27 - [TEST_STEP][PASSED] - delay: Delayed 3 second(s)

2017-11-17 15:21:30 - [MESSAGE][PASSED] - Delayed 3 second(s)

2017-11-17 15:21:30 - [TEST_STEP][FAILED] - setText: Unable to set text '09' of object 'Object Repository/Rental/Rental_SplitTenderDetails/SplitTender.ExpiryMonthLine2' (Root cause: org.openqa.selenium.InvalidElementStateException: Element must be user-editable in order to clear it.
Command duration or timeout: 33 milliseconds
Build info: version: 'unknown', revision: 'unknown', time: 'unknown'
System info: host: 'ANIL110', ip: '192.168.25.228', os.name: 'Windows 7', os.arch: 'amd64', os.version: '6.1', java.version: '1.8.0_102'
Driver info: com.kms.katalon.core.webui.driver.firefox.CFirefoxDriver47
Capabilities [{applicationCacheEnabled=true, rotatable=false, handlesAlerts=true, databaseEnabled=true, version=56.0, platform=WINDOWS, nativeEvents=false, acceptSslCerts=true, webStorageEnabled=true, locationContextEnabled=true, browserName=firefox, takesScreenshot=true, javascriptEnabled=true, cssSelectorsEnabled=true}]
Session ID: d39310cb-d24a-4508-948b-2acdebce3488)

2017-11-17 15:21:30 - [MESSAGE][FAILED] - Unable to set text '09' of object 'Object Repository/Rental/Rental_SplitTenderDetails/SplitTender.ExpiryMonthLine2' (Root cause: org.openqa.selenium.InvalidElementStateException: Element must be user-editable in order to clear it.
Command duration or timeout: 33 milliseconds
Build info: version: 'unknown', revision: 'unknown', time: 'unknown'
System info: host: 'ANIL110', ip: '192.168.25.228', os.name: 'Windows 7', os.arch: 'amd64', os.version: '6.1', java.version: '1.8.0_102'
Driver info: com.kms.katalon.core.webui.driver.firefox.CFirefoxDriver47
Capabilities [{applicationCacheEnabled=true, rotatable=false, handlesAlerts=true, databaseEnabled=true, version=56.0, platform=WINDOWS, nativeEvents=false, acceptSslCerts=true, webStorageEnabled=true, locationContextEnabled=true, browserName=firefox, takesScreenshot=true, javascriptEnabled=true, cssSelectorsEnabled=true}]
Session ID: d39310cb-d24a-4508-948b-2acdebce3488)
[[ATTACHMENT|C:\\Users\\agawhande\\git\\CreditCard\\Reports\\CC_RentalInvoicewithSplitTenderTestSuite\\20171117_150730\\1510912290124.png]]

2017-11-17 15:21:30 - [TEST_STEP][PASSED] - delay: Delayed 2 second(s)

2017-11-17 15:21:32 - [MESSAGE][PASSED] - Delayed 2 second(s)

2017-11-17 15:21:32 - [TEST_STEP][FAILED] - click: Unable to click on object 'Object Repository/Rental/Rental_SplitTenderDetails/SplitTender.ExpiryYearLine2' (Root cause: org.openqa.selenium.WebDriverException: Element <label class="Label TextOutputField" id="xiext815m000-12-grid-1-xiext805.exyr.rq-20-1-widget">0</label> is not clickable at point (939.5, 426.5333251953125). Other element would receive the click: <div class="WindowManagerGlass" style="z-index: 1;"></div>
Command duration or timeout: 88 milliseconds
Build info: version: 'unknown', revision: 'unknown', time: 'unknown'
System info: host: 'ANIL110', ip: '192.168.25.228', os.name: 'Windows 7', os.arch: 'amd64', os.version: '6.1', java.version: '1.8.0_102'
Driver info: com.kms.katalon.core.webui.driver.firefox.CFirefoxDriver47
Capabilities [{applicationCacheEnabled=true, rotatable=false, handlesAlerts=true, databaseEnabled=true, version=56.0, platform=WINDOWS, nativeEvents=false, acceptSslCerts=true, webStorageEnabled=true, locationContextEnabled=true, browserName=firefox, takesScreenshot=true, javascriptEnabled=true, cssSelectorsEnabled=true}]
Session ID: d39310cb-d24a-4508-948b-2acdebce3488)

2017-11-17 15:21:32 - [MESSAGE][FAILED] - Unable to click on object 'Object Repository/Rental/Rental_SplitTenderDetails/SplitTender.ExpiryYearLine2' (Root cause: org.openqa.selenium.WebDriverException: Element <label class="Label TextOutputField" id="xiext815m000-12-grid-1-xiext805.exyr.rq-20-1-widget">0</label> is not clickable at point (939.5, 426.5333251953125). Other element would receive the click: <div class="WindowManagerGlass" style="z-index: 1;"></div>
Command duration or timeout: 88 milliseconds
Build info: version: 'unknown', revision: 'unknown', time: 'unknown'
System info: host: 'ANIL110', ip: '192.168.25.228', os.name: 'Windows 7', os.arch: 'amd64', os.version: '6.1', java.version: '1.8.0_102'
Driver info: com.kms.katalon.core.webui.driver.firefox.CFirefoxDriver47
Capabilities [{applicationCacheEnabled=true, rotatable=false, handlesAlerts=true, databaseEnabled=true, version=56.0, platform=WINDOWS, nativeEvents=false, acceptSslCerts=true, webStorageEnabled=true, locationContextEnabled=true, browserName=firefox, takesScreenshot=true, javascriptEnabled=true, cssSelectorsEnabled=true}]
Session ID: d39310cb-d24a-4508-948b-2acdebce3488)
[[ATTACHMENT|C:\\Users\\agawhande\\git\\CreditCard\\Reports\\CC_RentalInvoicewithSplitTenderTestSuite\\20171117_150730\\1510912292547.png]]

2017-11-17 15:21:32 - [TEST_STEP][PASSED] - delay: Delayed 2 second(s)

2017-11-17 15:21:34 - [MESSAGE][PASSED] - Delayed 2 second(s)

2017-11-17 15:21:34 - [TEST_STEP][FAILED] - setText: Unable to set text '99' of object 'Object Repository/Rental/Rental_SplitTenderDetails/SplitTender.ExpiryYearLine2' (Root cause: org.openqa.selenium.InvalidElementStateException: Element must be user-editable in order to clear it.
Command duration or timeout: 32 milliseconds
Build info: version: 'unknown', revision: 'unknown', time: 'unknown'
System info: host: 'ANIL110', ip: '192.168.25.228', os.name: 'Windows 7', os.arch: 'amd64', os.version: '6.1', java.version: '1.8.0_102'
Driver info: com.kms.katalon.core.webui.driver.firefox.CFirefoxDriver47
Capabilities [{applicationCacheEnabled=true, rotatable=false, handlesAlerts=true, databaseEnabled=true, version=56.0, platform=WINDOWS, nativeEvents=false, acceptSslCerts=true, webStorageEnabled=true, locationContextEnabled=true, browserName=firefox, takesScreenshot=true, javascriptEnabled=true, cssSelectorsEnabled=true}]
Session ID: d39310cb-d24a-4508-948b-2acdebce3488)

2017-11-17 15:21:34 - [MESSAGE][FAILED] - Unable to set text '99' of object 'Object Repository/Rental/Rental_SplitTenderDetails/SplitTender.ExpiryYearLine2' (Root cause: org.openqa.selenium.InvalidElementStateException: Element must be user-editable in order to clear it.
Command duration or timeout: 32 milliseconds
Build info: version: 'unknown', revision: 'unknown', time: 'unknown'
System info: host: 'ANIL110', ip: '192.168.25.228', os.name: 'Windows 7', os.arch: 'amd64', os.version: '6.1', java.version: '1.8.0_102'
Driver info: com.kms.katalon.core.webui.driver.firefox.CFirefoxDriver47
Capabilities [{applicationCacheEnabled=true, rotatable=false, handlesAlerts=true, databaseEnabled=true, version=56.0, platform=WINDOWS, nativeEvents=false, acceptSslCerts=true, webStorageEnabled=true, locationContextEnabled=true, browserName=firefox, takesScreenshot=true, javascriptEnabled=true, cssSelectorsEnabled=true}]
Session ID: d39310cb-d24a-4508-948b-2acdebce3488)
[[ATTACHMENT|C:\\Users\\agawhande\\git\\CreditCard\\Reports\\CC_RentalInvoicewithSplitTenderTestSuite\\20171117_150730\\1510912294799.png]]

2017-11-17 15:21:34 - [TEST_STEP][PASSED] - delay: Delayed 3 second(s)

2017-11-17 15:21:37 - [MESSAGE][PASSED] - Delayed 3 second(s)

2017-11-17 15:21:37 - [TEST_STEP][PASSED] - scrollToElement: Scroll to object 'Object Repository/Rental/Rental_SplitTenderDetails/SplitTender.LineOrderAmount2' successfully

2017-11-17 15:21:38 - [MESSAGE][PASSED] - Scroll to object 'Object Repository/Rental/Rental_SplitTenderDetails/SplitTender.LineOrderAmount2' successfully

2017-11-17 15:21:38 - [TEST_STEP][PASSED] - delay: Delayed 2 second(s)

2017-11-17 15:21:40 - [MESSAGE][PASSED] - Delayed 2 second(s)

2017-11-17 15:21:40 - [TEST_STEP][FAILED] - click: Unable to click on object 'Object Repository/Rental/Rental_SplitTenderDetails/SplitTender.LineOrderAmount2' (Root cause: org.openqa.selenium.WebDriverException: Element <label class="Label TextOutputField" id="xiext8105m000-12-grid-1-xiext805.oamt.rq-28-1-widget"></label> is not clickable at point (1281.5, 426.5333251953125). Other element would receive the click: <div class="WindowManagerGlass" style="z-index: 1;"></div>
Command duration or timeout: 96 milliseconds
Build info: version: 'unknown', revision: 'unknown', time: 'unknown'
System info: host: 'ANIL110', ip: '192.168.25.228', os.name: 'Windows 7', os.arch: 'amd64', os.version: '6.1', java.version: '1.8.0_102'
Driver info: com.kms.katalon.core.webui.driver.firefox.CFirefoxDriver47
Capabilities [{applicationCacheEnabled=true, rotatable=false, handlesAlerts=true, databaseEnabled=true, version=56.0, platform=WINDOWS, nativeEvents=false, acceptSslCerts=true, webStorageEnabled=true, locationContextEnabled=true, browserName=firefox, takesScreenshot=true, javascriptEnabled=true, cssSelectorsEnabled=true}]
Session ID: d39310cb-d24a-4508-948b-2acdebce3488)

2017-11-17 15:21:40 - [MESSAGE][FAILED] - Unable to click on object 'Object Repository/Rental/Rental_SplitTenderDetails/SplitTender.LineOrderAmount2' (Root cause: org.openqa.selenium.WebDriverException: Element <label class="Label TextOutputField" id="xiext8105m000-12-grid-1-xiext805.oamt.rq-28-1-widget"></label> is not clickable at point (1281.5, 426.5333251953125). Other element would receive the click: <div class="WindowManagerGlass" style="z-index: 1;"></div>
Command duration or timeout: 96 milliseconds
Build info: version: 'unknown', revision: 'unknown', time: 'unknown'
System info: host: 'ANIL110', ip: '192.168.25.228', os.name: 'Windows 7', os.arch: 'amd64', os.version: '6.1', java.version: '1.8.0_102'
Driver info: com.kms.katalon.core.webui.driver.firefox.CFirefoxDriver47
Capabilities [{applicationCacheEnabled=true, rotatable=false, handlesAlerts=true, databaseEnabled=true, version=56.0, platform=WINDOWS, nativeEvents=false, acceptSslCerts=true, webStorageEnabled=true, locationContextEnabled=true, browserName=firefox, takesScreenshot=true, javascriptEnabled=true, cssSelectorsEnabled=true}]
Session ID: d39310cb-d24a-4508-948b-2acdebce3488)
[[ATTACHMENT|C:\\Users\\agawhande\\git\\CreditCard\\Reports\\CC_RentalInvoicewithSplitTenderTestSuite\\20171117_150730\\1510912300261.png]]

2017-11-17 15:21:40 - [TEST_STEP][PASSED] - delay: Delayed 2 second(s)

2017-11-17 15:21:42 - [MESSAGE][PASSED] - Delayed 2 second(s)

2017-11-17 15:21:42 - [TEST_STEP][FAILED] - setText: Unable to set text '1.00' of object 'Object Repository/Rental/Rental_SplitTenderDetails/SplitTender.LineOrderAmount2' (Root cause: org.openqa.selenium.InvalidElementStateException: Element must be user-editable in order to clear it.
Command duration or timeout: 33 milliseconds
Build info: version: 'unknown', revision: 'unknown', time: 'unknown'
System info: host: 'ANIL110', ip: '192.168.25.228', os.name: 'Windows 7', os.arch: 'amd64', os.version: '6.1', java.version: '1.8.0_102'
Driver info: com.kms.katalon.core.webui.driver.firefox.CFirefoxDriver47
Capabilities [{applicationCacheEnabled=true, rotatable=false, handlesAlerts=true, databaseEnabled=true, version=56.0, platform=WINDOWS, nativeEvents=false, acceptSslCerts=true, webStorageEnabled=true, locationContextEnabled=true, browserName=firefox, takesScreenshot=true, javascriptEnabled=true, cssSelectorsEnabled=true}]
Session ID: d39310cb-d24a-4508-948b-2acdebce3488)

2017-11-17 15:21:42 - [MESSAGE][FAILED] - Unable to set text '1.00' of object 'Object Repository/Rental/Rental_SplitTenderDetails/SplitTender.LineOrderAmount2' (Root cause: org.openqa.selenium.InvalidElementStateException: Element must be user-editable in order to clear it.
Command duration or timeout: 33 milliseconds
Build info: version: 'unknown', revision: 'unknown', time: 'unknown'
System info: host: 'ANIL110', ip: '192.168.25.228', os.name: 'Windows 7', os.arch: 'amd64', os.version: '6.1', java.version: '1.8.0_102'
Driver info: com.kms.katalon.core.webui.driver.firefox.CFirefoxDriver47
Capabilities [{applicationCacheEnabled=true, rotatable=false, handlesAlerts=true, databaseEnabled=true, version=56.0, platform=WINDOWS, nativeEvents=false, acceptSslCerts=true, webStorageEnabled=true, locationContextEnabled=true, browserName=firefox, takesScreenshot=true, javascriptEnabled=true, cssSelectorsEnabled=true}]
Session ID: d39310cb-d24a-4508-948b-2acdebce3488)
[[ATTACHMENT|C:\\Users\\agawhande\\git\\CreditCard\\Reports\\CC_RentalInvoicewithSplitTenderTestSuite\\20171117_150730\\1510912302542.png]]

2017-11-17 15:21:42 - [TEST_STEP][PASSED] - delay: Delayed 2 second(s)

2017-11-17 15:21:44 - [MESSAGE][PASSED] - Delayed 2 second(s)

2017-11-17 15:21:44 - [TEST_STEP][PASSED] - comment: ***********************Line3 started***********************

2017-11-17 15:21:44 - [TEST_STEP][FAILED] - click: Unable to click on object 'Object Repository/Rental/Rental_SplitTenderDetails/SplitTender.NewButton' (Root cause: org.openqa.selenium.WebDriverException: Element <div tabindex="0" class="Button" id="xiext8105m000-12-button-std-file.new" draggable="true"></div> is not clickable at point (158.5, 128). Other element would receive the click: <div class="WindowManagerGlass" style="z-index: 1;"></div>
Command duration or timeout: 86 milliseconds
Build info: version: 'unknown', revision: 'unknown', time: 'unknown'
System info: host: 'ANIL110', ip: '192.168.25.228', os.name: 'Windows 7', os.arch: 'amd64', os.version: '6.1', java.version: '1.8.0_102'
Driver info: com.kms.katalon.core.webui.driver.firefox.CFirefoxDriver47
Capabilities [{applicationCacheEnabled=true, rotatable=false, handlesAlerts=true, databaseEnabled=true, version=56.0, platform=WINDOWS, nativeEvents=false, acceptSslCerts=true, webStorageEnabled=true, locationContextEnabled=true, browserName=firefox, takesScreenshot=true, javascriptEnabled=true, cssSelectorsEnabled=true}]
Session ID: d39310cb-d24a-4508-948b-2acdebce3488)

2017-11-17 15:21:45 - [MESSAGE][FAILED] - Unable to click on object 'Object Repository/Rental/Rental_SplitTenderDetails/SplitTender.NewButton' (Root cause: org.openqa.selenium.WebDriverException: Element <div tabindex="0" class="Button" id="xiext8105m000-12-button-std-file.new" draggable="true"></div> is not clickable at point (158.5, 128). Other element would receive the click: <div class="WindowManagerGlass" style="z-index: 1;"></div>
Command duration or timeout: 86 milliseconds
Build info: version: 'unknown', revision: 'unknown', time: 'unknown'
System info: host: 'ANIL110', ip: '192.168.25.228', os.name: 'Windows 7', os.arch: 'amd64', os.version: '6.1', java.version: '1.8.0_102'
Driver info: com.kms.katalon.core.webui.driver.firefox.CFirefoxDriver47
Capabilities [{applicationCacheEnabled=true, rotatable=false, handlesAlerts=true, databaseEnabled=true, version=56.0, platform=WINDOWS, nativeEvents=false, acceptSslCerts=true, webStorageEnabled=true, locationContextEnabled=true, browserName=firefox, takesScreenshot=true, javascriptEnabled=true, cssSelectorsEnabled=true}]
Session ID: d39310cb-d24a-4508-948b-2acdebce3488)
[[ATTACHMENT|C:\\Users\\agawhande\\git\\CreditCard\\Reports\\CC_RentalInvoicewithSplitTenderTestSuite\\20171117_150730\\1510912304882.png]]

2017-11-17 15:21:45 - [TEST_STEP][PASSED] - delay: Delayed 3 second(s)

2017-11-17 15:21:48 - [MESSAGE][PASSED] - Delayed 3 second(s)

2017-11-17 15:21:48 - [TEST_STEP][INCOMPLETE] - doubleClick: Finding web element with id: 'Object Repository/Rental/Rental_SplitTenderDetails/SplitTender.ModeofPayment2' located by 'By.xpath: //*[@id = 'xiext8105m000-12-grid-1-xiext805.modp.rq-13-2-widget']' in '30' second(s)]]></system-out>
         <system-err><![CDATA[2017-11-17 15:15:46 - [TEST_CASE][INCOMPLETE] - Test Cases/Rental/Base_RentalContract/CreditCardRegression/TC004_RentalContractInvoice_SplitTender - Iteration 2: null]]></system-err>
      </testcase>
      <system-out><![CDATA[2017-11-17 15:07:38 - [TEST_SUITE][INCOMPLETE] - CC_RentalInvoicewithSplitTenderTestSuite: null]]></system-out>
      <system-err><![CDATA[2017-11-17 15:07:38 - [TEST_SUITE][INCOMPLETE] - CC_RentalInvoicewithSplitTenderTestSuite: null]]></system-err>
   </testsuite>
</testsuites>
