<?xml version="1.0" encoding="UTF-8"?>
<testsuites name="CC_RentalInvoice" time="601" tests="2" failures="0" errors="0">
   <testsuite name="CC_RentalInvoice" tests="2" failures="0" errors="0" time="601" timestamp="2017-11-14 18:33:10" hostname="agawhande - ANIL110.e-emphasys.com" id="Test Suites/CC_RentalInvoice">
      <properties>
         <property name="deviceName" value=""/>
         <property name="devicePlatform" value=""/>
         <property name="logFolder" value="C:\\Users\\agawhande\\git\\CreditCard\\Reports\\CC_RentalInvoice\\20171114_183303"/>
         <property name="logFiles" value="C:\\Users\\agawhande\\git\\CreditCard\\Reports\\CC_RentalInvoice\\20171114_183303\\execution0.log"/>
         <property name="attachments" value=""/>
         <property name="hostName" value="agawhande - ANIL110.e-emphasys.com"/>
         <property name="os" value="Windows 7 64bit"/>
         <property name="katalonVersion" value="4.8.0.2"/>
         <property name="browser" value="Firefox 56.0"/>
         <property name="hostAddress" value="192.168.25.228"/>
         <property name="sessionId" value="54f534f5-13b7-4ebd-b1d1-0bf38c572695"/>
         <property name="seleniumVersion" value="unknown"/>
         <property name="proxyInformation" value="ProxyInformation{proxyOption=NO_PROXY, proxyServerType=, password=, proxyServerAddress=, proxyServerPort=0}"/>
         <property name="platform" value="Windows 7"/>
      </properties>
      <testcase name="Test Cases/Rental/Base_RentalContract/CreditCardRegression/TC003_RentalContractInvoice_CC - Iteration 1" classname="Test Cases/Rental/Base_RentalContract/CreditCardRegression/TC003_RentalContractInvoice_CC" status="PASSED">
         <system-out><![CDATA[2017-11-14 18:33:11 - [TEST_CASE][PASSED] - Test Cases/Rental/Base_RentalContract/CreditCardRegression/TC003_RentalContractInvoice_CC - Iteration 1: Test Cases/Rental/Base_RentalContract/CreditCardRegression/TC003_RentalContractInvoice_CC

2017-11-14 18:33:11 - [TEST_STEP][PASSED] - callTestCase: Call Test Case 'Test Cases/Equipment/Base_EquipmentPurchase/EPO_CreateNrecieve' successfully

2017-11-14 18:33:12 - [TEST_CASE][PASSED] - Test Cases/Equipment/Base_EquipmentPurchase/EPO_CreateNrecieve: Test Cases/Equipment/Base_EquipmentPurchase/EPO_CreateNrecieve

2017-11-14 18:33:12 - [TEST_STEP][PASSED] - callTestCase: Call Test Case 'Test Cases/Equipment/Base_EquipmentPurchase/Base_EPO_CreateHeaderNline' successfully

2017-11-14 18:33:12 - [TEST_CASE][PASSED] - Test Cases/Equipment/Base_EquipmentPurchase/Base_EPO_CreateHeaderNline: Test Cases/Equipment/Base_EquipmentPurchase/Base_EPO_CreateHeaderNline

2017-11-14 18:33:12 - [TEST_STEP][PASSED] - callTestCase: Call Test Case 'Test Cases/Common/Base_Common_OpenSession' successfully

2017-11-14 18:33:12 - [TEST_CASE][PASSED] - Test Cases/Common/Base_Common_OpenSession: Test Cases/Common/Base_Common_OpenSession

2017-11-14 18:33:13 - [TEST_STEP][PASSED] - openBrowser: Browser is opened with url: 'https://rgajbhiye:Robin$123@proxima-ln4.e-emphasys.com:8441/webui/servlet/login'

2017-11-14 18:33:19 - [MESSAGE][PASSED] - Browser is opened with url: 'https://rgajbhiye:Robin$123@proxima-ln4.e-emphasys.com:8441/webui/servlet/login'

2017-11-14 18:33:19 - [TEST_STEP][PASSED] - waitForPageLoad: Wait for page load successfully

2017-11-14 18:33:19 - [MESSAGE][PASSED] - Wait for page load successfully

2017-11-14 18:33:19 - [TEST_STEP][PASSED] - maximizeWindow: Current window maximized

2017-11-14 18:33:19 - [MESSAGE][PASSED] - Current window maximized

2017-11-14 18:33:19 - [TEST_STEP][PASSED] - click: Object: 'Object Repository/Common/HomePage/HomePage_more' is clicked on

2017-11-14 18:33:21 - [MESSAGE][PASSED] - Object: 'Object Repository/Common/HomePage/HomePage_more' is clicked on

2017-11-14 18:33:21 - [TEST_STEP][PASSED] - click: Object: 'Object Repository/Common/HomePage/HomePage_Option' is clicked on

2017-11-14 18:33:21 - [MESSAGE][PASSED] - Object: 'Object Repository/Common/HomePage/HomePage_Option' is clicked on

2017-11-14 18:33:21 - [TEST_STEP][PASSED] - click: Object: 'Object Repository/Common/HomePage/HomePage_RunProgram_' is clicked on

2017-11-14 18:33:22 - [MESSAGE][PASSED] - Object: 'Object Repository/Common/HomePage/HomePage_RunProgram_' is clicked on

2017-11-14 18:33:22 - [TEST_STEP][PASSED] - sendKeys: Keys 'tdext8150s000' sent to object: 'Object Repository/Common/HomePage/HomePage_Session_ID'

2017-11-14 18:33:22 - [MESSAGE][PASSED] - Keys 'tdext8150s000' sent to object: 'Object Repository/Common/HomePage/HomePage_Session_ID'

2017-11-14 18:33:22 - [TEST_STEP][PASSED] - click: Object: 'Object Repository/Common/HomePage/HomePage_OkButton' is clicked on

2017-11-14 18:33:22 - [MESSAGE][PASSED] - Object: 'Object Repository/Common/HomePage/HomePage_OkButton' is clicked on

2017-11-14 18:33:22 - [MESSAGE][PASSED] - Call Test Case 'Test Cases/Common/Base_Common_OpenSession' successfully

2017-11-14 18:33:22 - [TEST_STEP][PASSED] - waitForElementPresent: Object 'Object Repository/Equipment/EquipmentPurchase/EPO_Header/EPO_Header_New' is present

2017-11-14 18:33:25 - [MESSAGE][PASSED] - Object 'Object Repository/Equipment/EquipmentPurchase/EPO_Header/EPO_Header_New' is present

2017-11-14 18:33:25 - [TEST_STEP][PASSED] - click: Object: 'Object Repository/Equipment/EquipmentPurchase/EPO_Header/EPO_Header_New' is clicked on

2017-11-14 18:33:25 - [MESSAGE][PASSED] - Object: 'Object Repository/Equipment/EquipmentPurchase/EPO_Header/EPO_Header_New' is clicked on

2017-11-14 18:33:25 - [TEST_STEP][PASSED] - click: Object: 'Object Repository/Equipment/EquipmentPurchase/EPO_Header/EPO_Header_Customer' is clicked on

2017-11-14 18:33:25 - [MESSAGE][PASSED] - Object: 'Object Repository/Equipment/EquipmentPurchase/EPO_Header/EPO_Header_Customer' is clicked on

2017-11-14 18:33:25 - [TEST_STEP][PASSED] - setText: Text 'M00000010' is set on object 'Object Repository/Equipment/EquipmentPurchase/EPO_Header/EPO_Header_Customer'

2017-11-14 18:33:25 - [MESSAGE][PASSED] - Text 'M00000010' is set on object 'Object Repository/Equipment/EquipmentPurchase/EPO_Header/EPO_Header_Customer'

2017-11-14 18:33:25 - [TEST_STEP][PASSED] - click: Object: 'Object Repository/Equipment/EquipmentPurchase/EPO_Header/EPO_Header_Save' is clicked on

2017-11-14 18:33:26 - [MESSAGE][PASSED] - Object: 'Object Repository/Equipment/EquipmentPurchase/EPO_Header/EPO_Header_Save' is clicked on

2017-11-14 18:33:26 - [TEST_STEP][PASSED] - delay: Delayed 5 second(s)

2017-11-14 18:33:31 - [MESSAGE][PASSED] - Delayed 5 second(s)

2017-11-14 18:33:31 - [TEST_STEP][PASSED] - click: Object: 'Object Repository/Equipment/EquipmentPurchase/EPO_Header/EPO_Header_Action' is clicked on

2017-11-14 18:33:31 - [MESSAGE][PASSED] - Object: 'Object Repository/Equipment/EquipmentPurchase/EPO_Header/EPO_Header_Action' is clicked on

2017-11-14 18:33:31 - [TEST_STEP][PASSED] - click: Object: 'Object Repository/Equipment/EquipmentPurchase/EPO_Header/EPO_Header_Action_OrderLines' is clicked on

2017-11-14 18:33:31 - [MESSAGE][PASSED] - Object: 'Object Repository/Equipment/EquipmentPurchase/EPO_Header/EPO_Header_Action_OrderLines' is clicked on

2017-11-14 18:33:31 - [TEST_STEP][PASSED] - waitForElementPresent: Object 'Object Repository/Equipment/EquipmentPurchase/EPO_Line/EPO_MultiLine_New' is present

2017-11-14 18:33:33 - [MESSAGE][PASSED] - Object 'Object Repository/Equipment/EquipmentPurchase/EPO_Line/EPO_MultiLine_New' is present

2017-11-14 18:33:33 - [TEST_STEP][PASSED] - click: Object: 'Object Repository/Equipment/EquipmentPurchase/EPO_Line/EPO_MultiLine_New' is clicked on

2017-11-14 18:33:33 - [MESSAGE][PASSED] - Object: 'Object Repository/Equipment/EquipmentPurchase/EPO_Line/EPO_MultiLine_New' is clicked on

2017-11-14 18:33:33 - [TEST_STEP][PASSED] - waitForElementPresent: Object 'Object Repository/Equipment/EquipmentPurchase/EPO_Line/EPO_Line_Model' is present

2017-11-14 18:33:34 - [MESSAGE][PASSED] - Object 'Object Repository/Equipment/EquipmentPurchase/EPO_Line/EPO_Line_Model' is present

2017-11-14 18:33:34 - [TEST_STEP][PASSED] - click: Object: 'Object Repository/Equipment/EquipmentPurchase/EPO_Line/EPO_Line_Model' is clicked on

2017-11-14 18:33:34 - [MESSAGE][PASSED] - Object: 'Object Repository/Equipment/EquipmentPurchase/EPO_Line/EPO_Line_Model' is clicked on

2017-11-14 18:33:34 - [TEST_STEP][PASSED] - delay: Delayed 2 second(s)

2017-11-14 18:33:36 - [MESSAGE][PASSED] - Delayed 2 second(s)

2017-11-14 18:33:36 - [TEST_STEP][PASSED] - setText: Text '1032' is set on object 'Object Repository/Equipment/EquipmentPurchase/EPO_Line/EPO_Line_Model'

2017-11-14 18:33:36 - [MESSAGE][PASSED] - Text '1032' is set on object 'Object Repository/Equipment/EquipmentPurchase/EPO_Line/EPO_Line_Model'

2017-11-14 18:33:36 - [TEST_STEP][PASSED] - click: Object: 'Object Repository/Equipment/EquipmentPurchase/EPO_Line/EPO_Line_NeworUsed' is clicked on

2017-11-14 18:33:36 - [MESSAGE][PASSED] - Object: 'Object Repository/Equipment/EquipmentPurchase/EPO_Line/EPO_Line_NeworUsed' is clicked on

2017-11-14 18:33:36 - [TEST_STEP][PASSED] - click: Object: 'Object Repository/Equipment/EquipmentPurchase/EPO_Line/EPO_Line_NewEquipOption' is clicked on

2017-11-14 18:33:37 - [MESSAGE][PASSED] - Object: 'Object Repository/Equipment/EquipmentPurchase/EPO_Line/EPO_Line_NewEquipOption' is clicked on

2017-11-14 18:33:37 - [TEST_STEP][PASSED] - click: Object: 'Object Repository/Equipment/EquipmentPurchase/EPO_Line/EPO_Line_PlannedDate' is clicked on

2017-11-14 18:33:37 - [MESSAGE][PASSED] - Object: 'Object Repository/Equipment/EquipmentPurchase/EPO_Line/EPO_Line_PlannedDate' is clicked on

2017-11-14 18:33:37 - [TEST_STEP][PASSED] - delay: Delayed 2 second(s)

2017-11-14 18:33:39 - [MESSAGE][PASSED] - Delayed 2 second(s)

2017-11-14 18:33:39 - [TEST_STEP][PASSED] - setText: Text '+10' is set on object 'Object Repository/Equipment/EquipmentPurchase/EPO_Line/EPO_Line_PlannedDate'

2017-11-14 18:33:39 - [MESSAGE][PASSED] - Text '+10' is set on object 'Object Repository/Equipment/EquipmentPurchase/EPO_Line/EPO_Line_PlannedDate'

2017-11-14 18:33:39 - [TEST_STEP][PASSED] - click: Object: 'Object Repository/Equipment/EquipmentPurchase/EPO_Line/EPO_Line_Price' is clicked on

2017-11-14 18:33:39 - [MESSAGE][PASSED] - Object: 'Object Repository/Equipment/EquipmentPurchase/EPO_Line/EPO_Line_Price' is clicked on

2017-11-14 18:33:39 - [TEST_STEP][PASSED] - delay: Delayed 2 second(s)

2017-11-14 18:33:41 - [MESSAGE][PASSED] - Delayed 2 second(s)

2017-11-14 18:33:41 - [TEST_STEP][PASSED] - setText: Text '100' is set on object 'Object Repository/Equipment/EquipmentPurchase/EPO_Line/EPO_Line_Price'

2017-11-14 18:33:41 - [MESSAGE][PASSED] - Text '100' is set on object 'Object Repository/Equipment/EquipmentPurchase/EPO_Line/EPO_Line_Price'

2017-11-14 18:33:41 - [TEST_STEP][PASSED] - click: Object: 'Object Repository/Equipment/EquipmentPurchase/EPO_Line/EPO_Line_Save' is clicked on

2017-11-14 18:33:41 - [MESSAGE][PASSED] - Object: 'Object Repository/Equipment/EquipmentPurchase/EPO_Line/EPO_Line_Save' is clicked on

2017-11-14 18:33:41 - [TEST_STEP][PASSED] - click: Object: 'Object Repository/Equipment/EquipmentPurchase/EPO_Line/EPO_Line_importNO' is clicked on

2017-11-14 18:33:42 - [MESSAGE][PASSED] - Object: 'Object Repository/Equipment/EquipmentPurchase/EPO_Line/EPO_Line_importNO' is clicked on

2017-11-14 18:33:42 - [TEST_STEP][PASSED] - click: Object: 'Object Repository/Equipment/EquipmentPurchase/EPO_Line/EPO_Line_SaveNclose' is clicked on

2017-11-14 18:33:42 - [MESSAGE][PASSED] - Object: 'Object Repository/Equipment/EquipmentPurchase/EPO_Line/EPO_Line_SaveNclose' is clicked on

2017-11-14 18:33:42 - [TEST_STEP][PASSED] - delay: Delayed 2 second(s)

2017-11-14 18:33:44 - [MESSAGE][PASSED] - Delayed 2 second(s)

2017-11-14 18:33:44 - [TEST_STEP][PASSED] - click: Object: 'Object Repository/Equipment/EquipmentPurchase/EPO_Line/EPO_MultiLine_SavenClose' is clicked on

2017-11-14 18:33:45 - [MESSAGE][PASSED] - Object: 'Object Repository/Equipment/EquipmentPurchase/EPO_Line/EPO_MultiLine_SavenClose' is clicked on

2017-11-14 18:33:45 - [MESSAGE][PASSED] - Call Test Case 'Test Cases/Equipment/Base_EquipmentPurchase/Base_EPO_CreateHeaderNline' successfully

2017-11-14 18:33:45 - [TEST_STEP][PASSED] - callTestCase: Call Test Case 'Test Cases/Equipment/Base_EquipmentPurchase/Base_EPO_Reciept' successfully

2017-11-14 18:33:45 - [TEST_CASE][PASSED] - Test Cases/Equipment/Base_EquipmentPurchase/Base_EPO_Reciept: Test Cases/Equipment/Base_EquipmentPurchase/Base_EPO_Reciept

2017-11-14 18:33:45 - [TEST_STEP][PASSED] - click: Object: 'Object Repository/Equipment/EquipmentPurchase/EPO_Header/EPO_Header_Action' is clicked on

2017-11-14 18:33:45 - [MESSAGE][PASSED] - Object: 'Object Repository/Equipment/EquipmentPurchase/EPO_Header/EPO_Header_Action' is clicked on

2017-11-14 18:33:45 - [TEST_STEP][PASSED] - click: Object: 'Object Repository/Equipment/EquipmentPurchase/EPO_Header/EPO_Header_Action_SendForApproval' is clicked on

2017-11-14 18:33:45 - [MESSAGE][PASSED] - Object: 'Object Repository/Equipment/EquipmentPurchase/EPO_Header/EPO_Header_Action_SendForApproval' is clicked on

2017-11-14 18:33:45 - [TEST_STEP][PASSED] - delay: Delayed 5 second(s)

2017-11-14 18:33:50 - [MESSAGE][PASSED] - Delayed 5 second(s)

2017-11-14 18:33:50 - [TEST_STEP][PASSED] - click: Object: 'Object Repository/Equipment/EquipmentPurchase/EPO_Header/EPO_Header_Action' is clicked on

2017-11-14 18:33:51 - [MESSAGE][PASSED] - Object: 'Object Repository/Equipment/EquipmentPurchase/EPO_Header/EPO_Header_Action' is clicked on

2017-11-14 18:33:51 - [TEST_STEP][PASSED] - click: Object: 'Object Repository/Equipment/EquipmentPurchase/EPO_Header/EPO_Header_Apporve' is clicked on

2017-11-14 18:33:51 - [MESSAGE][PASSED] - Object: 'Object Repository/Equipment/EquipmentPurchase/EPO_Header/EPO_Header_Apporve' is clicked on

2017-11-14 18:33:51 - [TEST_STEP][PASSED] - delay: Delayed 5 second(s)

2017-11-14 18:33:56 - [MESSAGE][PASSED] - Delayed 5 second(s)

2017-11-14 18:33:56 - [TEST_STEP][PASSED] - click: Object: 'Object Repository/Equipment/EquipmentPurchase/EPO_Header/EPO_Header_Print' is clicked on

2017-11-14 18:33:56 - [MESSAGE][PASSED] - Object: 'Object Repository/Equipment/EquipmentPurchase/EPO_Header/EPO_Header_Print' is clicked on

2017-11-14 18:33:56 - [TEST_STEP][PASSED] - click: Object: 'Object Repository/Equipment/EquipmentPurchase/EPO_Header/EPO_Print_FinalPrint' is clicked on

2017-11-14 18:33:57 - [MESSAGE][PASSED] - Object: 'Object Repository/Equipment/EquipmentPurchase/EPO_Header/EPO_Print_FinalPrint' is clicked on

2017-11-14 18:33:57 - [TEST_STEP][PASSED] - click: Object: 'Object Repository/Equipment/EquipmentPurchase/EPO_Header/EPO_Print_PrintOption' is clicked on

2017-11-14 18:33:57 - [MESSAGE][PASSED] - Object: 'Object Repository/Equipment/EquipmentPurchase/EPO_Header/EPO_Print_PrintOption' is clicked on

2017-11-14 18:33:57 - [TEST_STEP][PASSED] - click: Object: 'Object Repository/Equipment/EquipmentPurchase/EPO_Header/EPO_Print_Device' is clicked on

2017-11-14 18:33:59 - [MESSAGE][PASSED] - Object: 'Object Repository/Equipment/EquipmentPurchase/EPO_Header/EPO_Print_Device' is clicked on

2017-11-14 18:33:59 - [TEST_STEP][PASSED] - setText: Text 'D' is set on object 'Object Repository/Equipment/EquipmentPurchase/EPO_Header/EPO_Print_Device'

2017-11-14 18:33:59 - [MESSAGE][PASSED] - Text 'D' is set on object 'Object Repository/Equipment/EquipmentPurchase/EPO_Header/EPO_Print_Device'

2017-11-14 18:33:59 - [TEST_STEP][PASSED] - click: Object: 'Object Repository/Equipment/EquipmentPurchase/EPO_Header/EPO_Print_Continue' is clicked on

2017-11-14 18:34:00 - [MESSAGE][PASSED] - Object: 'Object Repository/Equipment/EquipmentPurchase/EPO_Header/EPO_Print_Continue' is clicked on

2017-11-14 18:34:00 - [TEST_STEP][PASSED] - delay: Delayed 5 second(s)

2017-11-14 18:34:05 - [MESSAGE][PASSED] - Delayed 5 second(s)

2017-11-14 18:34:05 - [TEST_STEP][PASSED] - click: Object: 'Object Repository/Equipment/EquipmentPurchase/EPO_Header/EPO_Header_EPOtab' is clicked on

2017-11-14 18:34:05 - [MESSAGE][PASSED] - Object: 'Object Repository/Equipment/EquipmentPurchase/EPO_Header/EPO_Header_EPOtab' is clicked on

2017-11-14 18:34:05 - [TEST_STEP][PASSED] - click: Object: 'Object Repository/Equipment/EquipmentPurchase/EPO_Header/EPO_Print_Close' is clicked on

2017-11-14 18:34:05 - [MESSAGE][PASSED] - Object: 'Object Repository/Equipment/EquipmentPurchase/EPO_Header/EPO_Print_Close' is clicked on

2017-11-14 18:34:05 - [TEST_STEP][PASSED] - delay: Delayed 3 second(s)

2017-11-14 18:34:08 - [MESSAGE][PASSED] - Delayed 3 second(s)

2017-11-14 18:34:08 - [TEST_STEP][PASSED] - click: Object: 'Object Repository/Equipment/EquipmentPurchase/EPO_Header/EPO_Header_Action' is clicked on

2017-11-14 18:34:08 - [MESSAGE][PASSED] - Object: 'Object Repository/Equipment/EquipmentPurchase/EPO_Header/EPO_Header_Action' is clicked on

2017-11-14 18:34:08 - [TEST_STEP][PASSED] - click: Object: 'Object Repository/Equipment/EquipmentPurchase/EPO_Header/EPO_Action_Reciept' is clicked on

2017-11-14 18:34:08 - [MESSAGE][PASSED] - Object: 'Object Repository/Equipment/EquipmentPurchase/EPO_Header/EPO_Action_Reciept' is clicked on

2017-11-14 18:34:08 - [TEST_STEP][PASSED] - waitForElementPresent: Object 'Object Repository/Equipment/EquipmentPurchase/EPO_Receipt/EPO_Reciept_Save' is present

2017-11-14 18:34:10 - [MESSAGE][PASSED] - Object 'Object Repository/Equipment/EquipmentPurchase/EPO_Receipt/EPO_Reciept_Save' is present

2017-11-14 18:34:10 - [TEST_STEP][PASSED] - click: Object: 'Object Repository/Equipment/EquipmentPurchase/EPO_Receipt/EPO_Reciept_Save' is clicked on

2017-11-14 18:34:10 - [MESSAGE][PASSED] - Object: 'Object Repository/Equipment/EquipmentPurchase/EPO_Receipt/EPO_Reciept_Save' is clicked on

2017-11-14 18:34:10 - [TEST_STEP][PASSED] - delay: Delayed 3 second(s)

2017-11-14 18:34:13 - [MESSAGE][PASSED] - Delayed 3 second(s)

2017-11-14 18:34:13 - [TEST_STEP][PASSED] - click: Object: 'Object Repository/Equipment/EquipmentPurchase/EPO_Receipt/EPO_Receipt_Action' is clicked on

2017-11-14 18:34:13 - [MESSAGE][PASSED] - Object: 'Object Repository/Equipment/EquipmentPurchase/EPO_Receipt/EPO_Receipt_Action' is clicked on

2017-11-14 18:34:13 - [TEST_STEP][PASSED] - click: Object: 'Object Repository/Equipment/EquipmentPurchase/EPO_Receipt/EPO_Receipt_Action_ReceiptLine' is clicked on

2017-11-14 18:34:13 - [MESSAGE][PASSED] - Object: 'Object Repository/Equipment/EquipmentPurchase/EPO_Receipt/EPO_Receipt_Action_ReceiptLine' is clicked on

2017-11-14 18:34:13 - [TEST_STEP][PASSED] - waitForElementPresent: Object 'Object Repository/Equipment/EquipmentPurchase/EPO_Receipt_Line/EPO_ReceiptLine_New' is present

2017-11-14 18:34:14 - [MESSAGE][PASSED] - Object 'Object Repository/Equipment/EquipmentPurchase/EPO_Receipt_Line/EPO_ReceiptLine_New' is present

2017-11-14 18:34:14 - [TEST_STEP][PASSED] - click: Object: 'Object Repository/Equipment/EquipmentPurchase/EPO_Receipt_Line/EPO_ReceiptLine_New' is clicked on

2017-11-14 18:34:14 - [MESSAGE][PASSED] - Object: 'Object Repository/Equipment/EquipmentPurchase/EPO_Receipt_Line/EPO_ReceiptLine_New' is clicked on

2017-11-14 18:34:14 - [TEST_STEP][PASSED] - waitForElementPresent: Object 'Object Repository/Equipment/EquipmentPurchase/EPO_Receipt_Line/EPO_RecieptLine_Select' is present

2017-11-14 18:34:15 - [MESSAGE][PASSED] - Object 'Object Repository/Equipment/EquipmentPurchase/EPO_Receipt_Line/EPO_RecieptLine_Select' is present

2017-11-14 18:34:15 - [TEST_STEP][PASSED] - click: Object: 'Object Repository/Equipment/EquipmentPurchase/EPO_Receipt_Line/EPO_RecieptLine_Select' is clicked on

2017-11-14 18:34:15 - [MESSAGE][PASSED] - Object: 'Object Repository/Equipment/EquipmentPurchase/EPO_Receipt_Line/EPO_RecieptLine_Select' is clicked on

2017-11-14 18:34:15 - [TEST_STEP][PASSED] - delay: Delayed 3 second(s)

2017-11-14 18:34:18 - [MESSAGE][PASSED] - Delayed 3 second(s)

2017-11-14 18:34:18 - [TEST_STEP][PASSED] - click: Object: 'Object Repository/Equipment/EquipmentPurchase/EPO_Receipt_Line/EPO_ReceiptLine_SavenClose' is clicked on

2017-11-14 18:34:18 - [MESSAGE][PASSED] - Object: 'Object Repository/Equipment/EquipmentPurchase/EPO_Receipt_Line/EPO_ReceiptLine_SavenClose' is clicked on

2017-11-14 18:34:18 - [TEST_STEP][PASSED] - waitForElementPresent: Object 'Object Repository/Equipment/EquipmentPurchase/EPO_Receipt_Line/EPO_RecieptLineAction' is present

2017-11-14 18:34:18 - [MESSAGE][PASSED] - Object 'Object Repository/Equipment/EquipmentPurchase/EPO_Receipt_Line/EPO_RecieptLineAction' is present

2017-11-14 18:34:18 - [TEST_STEP][PASSED] - Statement - G_Unit = com.kms.katalon.core.webui.keyword.WebUiBuiltInKeywords.getText(com.kms.katalon.core.testobject.ObjectRepository.findTestObject(Equipment/EquipmentPurchase/EPO_Receipt/EPO_Reciept_Unit)): Text of object 'Object Repository/Equipment/EquipmentPurchase/EPO_Receipt/EPO_Reciept_Unit' is: 'MD0018303'

2017-11-14 18:34:19 - [MESSAGE][PASSED] - Text of object 'Object Repository/Equipment/EquipmentPurchase/EPO_Receipt/EPO_Reciept_Unit' is: 'MD0018303'

2017-11-14 18:34:19 - [TEST_STEP][PASSED] - click: Object: 'Object Repository/Equipment/EquipmentPurchase/EPO_Receipt_Line/EPO_RecieptLineAction' is clicked on

2017-11-14 18:34:19 - [MESSAGE][PASSED] - Object: 'Object Repository/Equipment/EquipmentPurchase/EPO_Receipt_Line/EPO_RecieptLineAction' is clicked on

2017-11-14 18:34:19 - [TEST_STEP][PASSED] - click: Object: 'Object Repository/Equipment/EquipmentPurchase/EPO_Receipt/EPO_Action_Confirm' is clicked on

2017-11-14 18:34:19 - [MESSAGE][PASSED] - Object: 'Object Repository/Equipment/EquipmentPurchase/EPO_Receipt/EPO_Action_Confirm' is clicked on

2017-11-14 18:34:19 - [TEST_STEP][PASSED] - click: Object: 'Object Repository/Equipment/EquipmentPurchase/EPO_Receipt/EPO_Reciept_MeterOK' is clicked on

2017-11-14 18:34:20 - [MESSAGE][PASSED] - Object: 'Object Repository/Equipment/EquipmentPurchase/EPO_Receipt/EPO_Reciept_MeterOK' is clicked on

2017-11-14 18:34:20 - [TEST_STEP][PASSED] - waitForElementPresent: Object 'Object Repository/Equipment/EquipmentPurchase/EPO_Receipt/EPO_RecieptPrint_Device' is present

2017-11-14 18:34:21 - [MESSAGE][PASSED] - Object 'Object Repository/Equipment/EquipmentPurchase/EPO_Receipt/EPO_RecieptPrint_Device' is present

2017-11-14 18:34:21 - [TEST_STEP][PASSED] - click: Object: 'Object Repository/Equipment/EquipmentPurchase/EPO_Receipt/EPO_RecieptPrint_Device' is clicked on

2017-11-14 18:34:21 - [MESSAGE][PASSED] - Object: 'Object Repository/Equipment/EquipmentPurchase/EPO_Receipt/EPO_RecieptPrint_Device' is clicked on

2017-11-14 18:34:21 - [TEST_STEP][PASSED] - setText: Text 'D' is set on object 'Object Repository/Equipment/EquipmentPurchase/EPO_Receipt/EPO_RecieptPrint_Device'

2017-11-14 18:34:21 - [MESSAGE][PASSED] - Text 'D' is set on object 'Object Repository/Equipment/EquipmentPurchase/EPO_Receipt/EPO_RecieptPrint_Device'

2017-11-14 18:34:21 - [TEST_STEP][PASSED] - click: Object: 'Object Repository/Equipment/EquipmentPurchase/EPO_Receipt/EPO_RecieptPrint_Continue' is clicked on

2017-11-14 18:34:21 - [MESSAGE][PASSED] - Object: 'Object Repository/Equipment/EquipmentPurchase/EPO_Receipt/EPO_RecieptPrint_Continue' is clicked on

2017-11-14 18:34:21 - [TEST_STEP][PASSED] - delay: Delayed 3 second(s)

2017-11-14 18:34:24 - [MESSAGE][PASSED] - Delayed 3 second(s)

2017-11-14 18:34:24 - [TEST_STEP][PASSED] - click: Object: 'Object Repository/Equipment/EquipmentPurchase/EPO_Receipt/EPO_RecieptPrint_ProcessCompleted' is clicked on

2017-11-14 18:34:25 - [MESSAGE][PASSED] - Object: 'Object Repository/Equipment/EquipmentPurchase/EPO_Receipt/EPO_RecieptPrint_ProcessCompleted' is clicked on

2017-11-14 18:34:25 - [TEST_STEP][PASSED] - delay: Delayed 10 second(s)

2017-11-14 18:34:35 - [MESSAGE][PASSED] - Delayed 10 second(s)

2017-11-14 18:34:35 - [MESSAGE][PASSED] - Call Test Case 'Test Cases/Equipment/Base_EquipmentPurchase/Base_EPO_Reciept' successfully

2017-11-14 18:34:35 - [MESSAGE][PASSED] - Call Test Case 'Test Cases/Equipment/Base_EquipmentPurchase/EPO_CreateNrecieve' successfully

2017-11-14 18:34:35 - [TEST_STEP][PASSED] - callTestCase: Call Test Case 'Test Cases/Rental/Base_RentalContract/Base_CreateRentalHeader' successfully

2017-11-14 18:34:35 - [TEST_CASE][PASSED] - Test Cases/Rental/Base_RentalContract/Base_CreateRentalHeader: Test Cases/Rental/Base_RentalContract/Base_CreateRentalHeader

2017-11-14 18:34:35 - [TEST_STEP][PASSED] - callTestCase: Call Test Case 'Test Cases/Common/Base_Common_OpenSession' successfully

2017-11-14 18:34:35 - [TEST_CASE][PASSED] - Test Cases/Common/Base_Common_OpenSession: Test Cases/Common/Base_Common_OpenSession

2017-11-14 18:34:35 - [TEST_STEP][PASSED] - openBrowser: Browser is opened with url: 'https://rgajbhiye:Robin$123@proxima-ln4.e-emphasys.com:8441/webui/servlet/login'

2017-11-14 18:34:35 - [MESSAGE][WARNING] - A browser is already opened. Closing browser and opening a new one

2017-11-14 18:34:41 - [MESSAGE][PASSED] - Browser is opened with url: 'https://rgajbhiye:Robin$123@proxima-ln4.e-emphasys.com:8441/webui/servlet/login'

2017-11-14 18:34:41 - [TEST_STEP][PASSED] - waitForPageLoad: Wait for page load successfully

2017-11-14 18:34:41 - [MESSAGE][PASSED] - Wait for page load successfully

2017-11-14 18:34:41 - [TEST_STEP][PASSED] - maximizeWindow: Current window maximized

2017-11-14 18:34:41 - [MESSAGE][PASSED] - Current window maximized

2017-11-14 18:34:41 - [TEST_STEP][PASSED] - click: Object: 'Object Repository/Common/HomePage/HomePage_more' is clicked on

2017-11-14 18:34:43 - [MESSAGE][PASSED] - Object: 'Object Repository/Common/HomePage/HomePage_more' is clicked on

2017-11-14 18:34:43 - [TEST_STEP][PASSED] - click: Object: 'Object Repository/Common/HomePage/HomePage_Option' is clicked on

2017-11-14 18:34:43 - [MESSAGE][PASSED] - Object: 'Object Repository/Common/HomePage/HomePage_Option' is clicked on

2017-11-14 18:34:43 - [TEST_STEP][PASSED] - click: Object: 'Object Repository/Common/HomePage/HomePage_RunProgram_' is clicked on

2017-11-14 18:34:44 - [MESSAGE][PASSED] - Object: 'Object Repository/Common/HomePage/HomePage_RunProgram_' is clicked on

2017-11-14 18:34:44 - [TEST_STEP][PASSED] - sendKeys: Keys 'erext4100s004' sent to object: 'Object Repository/Common/HomePage/HomePage_Session_ID'

2017-11-14 18:34:44 - [MESSAGE][PASSED] - Keys 'erext4100s004' sent to object: 'Object Repository/Common/HomePage/HomePage_Session_ID'

2017-11-14 18:34:44 - [TEST_STEP][PASSED] - click: Object: 'Object Repository/Common/HomePage/HomePage_OkButton' is clicked on

2017-11-14 18:34:44 - [MESSAGE][PASSED] - Object: 'Object Repository/Common/HomePage/HomePage_OkButton' is clicked on

2017-11-14 18:34:44 - [MESSAGE][PASSED] - Call Test Case 'Test Cases/Common/Base_Common_OpenSession' successfully

2017-11-14 18:34:44 - [TEST_STEP][PASSED] - click: Object: 'Object Repository/Rental/RentalHeader/RentalContract.Customer' is clicked on

2017-11-14 18:34:47 - [MESSAGE][PASSED] - Object: 'Object Repository/Rental/RentalHeader/RentalContract.Customer' is clicked on

2017-11-14 18:34:47 - [TEST_STEP][PASSED] - setText: Text 'M00000010' is set on object 'Object Repository/Rental/RentalHeader/RentalContract.Customer'

2017-11-14 18:34:48 - [MESSAGE][PASSED] - Text 'M00000010' is set on object 'Object Repository/Rental/RentalHeader/RentalContract.Customer'

2017-11-14 18:34:48 - [TEST_STEP][PASSED] - delay: Delayed 2 second(s)

2017-11-14 18:34:50 - [MESSAGE][PASSED] - Delayed 2 second(s)

2017-11-14 18:34:50 - [TEST_STEP][PASSED] - click: Object: 'Object Repository/Rental/RentalHeader/RentalContract.CustPO' is clicked on

2017-11-14 18:34:50 - [MESSAGE][PASSED] - Object: 'Object Repository/Rental/RentalHeader/RentalContract.CustPO' is clicked on

2017-11-14 18:34:50 - [TEST_STEP][PASSED] - delay: Delayed 3 second(s)

2017-11-14 18:34:53 - [MESSAGE][PASSED] - Delayed 3 second(s)

2017-11-14 18:34:53 - [TEST_STEP][PASSED] - click: Object: 'Object Repository/Rental/RentalHeader/RentalContract.OtherDetailsTab' is clicked on

2017-11-14 18:34:53 - [MESSAGE][PASSED] - Object: 'Object Repository/Rental/RentalHeader/RentalContract.OtherDetailsTab' is clicked on

2017-11-14 18:34:53 - [TEST_STEP][PASSED] - delay: Delayed 5 second(s)

2017-11-14 18:34:58 - [MESSAGE][PASSED] - Delayed 5 second(s)

2017-11-14 18:34:58 - [TEST_STEP][PASSED] - click: Object: 'Object Repository/Rental/RentalHeader/Rental Contract.ModeOfPayment' is clicked on

2017-11-14 18:34:58 - [MESSAGE][PASSED] - Object: 'Object Repository/Rental/RentalHeader/Rental Contract.ModeOfPayment' is clicked on

2017-11-14 18:34:58 - [TEST_STEP][PASSED] - delay: Delayed 2 second(s)

2017-11-14 18:35:00 - [MESSAGE][PASSED] - Delayed 2 second(s)

2017-11-14 18:35:00 - [TEST_STEP][PASSED] - click: Object: 'Object Repository/Rental/RentalHeader/RentalContract.CreditCardoption' is clicked on

2017-11-14 18:35:01 - [MESSAGE][PASSED] - Object: 'Object Repository/Rental/RentalHeader/RentalContract.CreditCardoption' is clicked on

2017-11-14 18:35:01 - [TEST_STEP][PASSED] - delay: Delayed 3 second(s)

2017-11-14 18:35:04 - [MESSAGE][PASSED] - Delayed 3 second(s)

2017-11-14 18:35:04 - [TEST_STEP][PASSED] - click: Object: 'Object Repository/Rental/RentalHeader/RentalContract.GeneralTab' is clicked on

2017-11-14 18:35:04 - [MESSAGE][PASSED] - Object: 'Object Repository/Rental/RentalHeader/RentalContract.GeneralTab' is clicked on

2017-11-14 18:35:04 - [TEST_STEP][PASSED] - delay: Delayed 5 second(s)

2017-11-14 18:35:09 - [MESSAGE][PASSED] - Delayed 5 second(s)

2017-11-14 18:35:09 - [TEST_STEP][PASSED] - click: Object: 'Object Repository/Rental/RentalHeader/RentalContract.Newbuttonline' is clicked on

2017-11-14 18:35:09 - [MESSAGE][PASSED] - Object: 'Object Repository/Rental/RentalHeader/RentalContract.Newbuttonline' is clicked on

2017-11-14 18:35:09 - [TEST_STEP][PASSED] - delay: Delayed 5 second(s)

2017-11-14 18:35:14 - [MESSAGE][PASSED] - Delayed 5 second(s)

2017-11-14 18:35:14 - [TEST_STEP][PASSED] - click: Object: 'Object Repository/Rental/RentalHeader/RentalContract.SetLine' is clicked on

2017-11-14 18:35:14 - [MESSAGE][PASSED] - Object: 'Object Repository/Rental/RentalHeader/RentalContract.SetLine' is clicked on

2017-11-14 18:35:14 - [TEST_STEP][PASSED] - delay: Delayed 5 second(s)

2017-11-14 18:35:19 - [MESSAGE][PASSED] - Delayed 5 second(s)

2017-11-14 18:35:19 - [TEST_STEP][PASSED] - scrollToElement: Scroll to object 'Object Repository/Rental/RentalHeader/RentalContract.Unit' successfully

2017-11-14 18:35:19 - [MESSAGE][PASSED] - Scroll to object 'Object Repository/Rental/RentalHeader/RentalContract.Unit' successfully

2017-11-14 18:35:19 - [TEST_STEP][PASSED] - delay: Delayed 3 second(s)

2017-11-14 18:35:22 - [MESSAGE][PASSED] - Delayed 3 second(s)

2017-11-14 18:35:22 - [TEST_STEP][NOT_RUN] - getText: NOT_RUN: getText

2017-11-14 18:35:22 - [MESSAGE][NOT_RUN] - NOT_RUN: getText

2017-11-14 18:35:22 - [TEST_STEP][PASSED] - click: Object: 'Object Repository/Rental/RentalHeader/RentalContract.Unit' is clicked on

2017-11-14 18:35:23 - [MESSAGE][PASSED] - Object: 'Object Repository/Rental/RentalHeader/RentalContract.Unit' is clicked on

2017-11-14 18:35:23 - [TEST_STEP][PASSED] - delay: Delayed 5 second(s)

2017-11-14 18:35:28 - [MESSAGE][PASSED] - Delayed 5 second(s)

2017-11-14 18:35:28 - [TEST_STEP][PASSED] - setText: Text 'MD0018303' is set on object 'Object Repository/Rental/RentalHeader/RentalContract.Unit'

2017-11-14 18:35:28 - [MESSAGE][PASSED] - Text 'MD0018303' is set on object 'Object Repository/Rental/RentalHeader/RentalContract.Unit'

2017-11-14 18:35:28 - [TEST_STEP][PASSED] - delay: Delayed 5 second(s)

2017-11-14 18:35:33 - [MESSAGE][PASSED] - Delayed 5 second(s)

2017-11-14 18:35:33 - [TEST_STEP][PASSED] - scrollToElement: Scroll to object 'Object Repository/Rental/RentalHeader/RentalContract.MultipleInsurence' successfully

2017-11-14 18:35:33 - [MESSAGE][PASSED] - Scroll to object 'Object Repository/Rental/RentalHeader/RentalContract.MultipleInsurence' successfully

2017-11-14 18:35:33 - [TEST_STEP][PASSED] - delay: Delayed 5 second(s)

2017-11-14 18:35:38 - [MESSAGE][PASSED] - Delayed 5 second(s)

2017-11-14 18:35:38 - [TEST_STEP][PASSED] - doubleClick: Object: 'Object Repository/Rental/RentalHeader/RentalContract.MultipleInsurence' is double clicked on

2017-11-14 18:35:38 - [MESSAGE][PASSED] - Object: 'Object Repository/Rental/RentalHeader/RentalContract.MultipleInsurence' is double clicked on

2017-11-14 18:35:38 - [TEST_STEP][PASSED] - delay: Delayed 5 second(s)

2017-11-14 18:35:43 - [MESSAGE][PASSED] - Delayed 5 second(s)

2017-11-14 18:35:43 - [TEST_STEP][PASSED] - click: Object: 'Object Repository/Rental/RentalHeader/RentalContract.MultipleInsurence' is clicked on

2017-11-14 18:35:43 - [MESSAGE][PASSED] - Object: 'Object Repository/Rental/RentalHeader/RentalContract.MultipleInsurence' is clicked on

2017-11-14 18:35:43 - [TEST_STEP][PASSED] - click: Object: 'Object Repository/Rental/RentalHeader/RentalContract.MultiInsNO' is clicked on

2017-11-14 18:35:43 - [MESSAGE][PASSED] - Object: 'Object Repository/Rental/RentalHeader/RentalContract.MultiInsNO' is clicked on

2017-11-14 18:35:43 - [TEST_STEP][PASSED] - delay: Delayed 5 second(s)

2017-11-14 18:35:48 - [MESSAGE][PASSED] - Delayed 5 second(s)

2017-11-14 18:35:48 - [TEST_STEP][PASSED] - scrollToElement: Scroll to object 'Object Repository/Rental/RentalHeader/RentalContract.GrossRateline' successfully

2017-11-14 18:35:49 - [MESSAGE][PASSED] - Scroll to object 'Object Repository/Rental/RentalHeader/RentalContract.GrossRateline' successfully

2017-11-14 18:35:49 - [TEST_STEP][NOT_RUN] - delay: NOT_RUN: delay

2017-11-14 18:35:49 - [MESSAGE][NOT_RUN] - NOT_RUN: delay

2017-11-14 18:35:49 - [TEST_STEP][PASSED] - doubleClick: Object: 'Object Repository/Rental/RentalHeader/RentalContract.GrossRateline' is double clicked on

2017-11-14 18:35:49 - [MESSAGE][PASSED] - Object: 'Object Repository/Rental/RentalHeader/RentalContract.GrossRateline' is double clicked on

2017-11-14 18:35:49 - [TEST_STEP][PASSED] - delay: Delayed 2 second(s)

2017-11-14 18:35:51 - [MESSAGE][PASSED] - Delayed 2 second(s)

2017-11-14 18:35:51 - [TEST_STEP][PASSED] - click: Object: 'Object Repository/Rental/RentalHeader/RentalContract.GrossRateline' is clicked on

2017-11-14 18:35:51 - [MESSAGE][PASSED] - Object: 'Object Repository/Rental/RentalHeader/RentalContract.GrossRateline' is clicked on

2017-11-14 18:35:51 - [TEST_STEP][PASSED] - delay: Delayed 2 second(s)

2017-11-14 18:35:53 - [MESSAGE][PASSED] - Delayed 2 second(s)

2017-11-14 18:35:53 - [TEST_STEP][PASSED] - setText: Text '100' is set on object 'Object Repository/Rental/RentalHeader/RentalContract.GrossRateline'

2017-11-14 18:35:53 - [MESSAGE][PASSED] - Text '100' is set on object 'Object Repository/Rental/RentalHeader/RentalContract.GrossRateline'

2017-11-14 18:35:53 - [TEST_STEP][PASSED] - delay: Delayed 4 second(s)

2017-11-14 18:35:57 - [MESSAGE][PASSED] - Delayed 4 second(s)

2017-11-14 18:35:57 - [TEST_STEP][PASSED] - click: Object: 'Object Repository/Rental/RentalHeader/RentalContract.SaveHeader' is clicked on

2017-11-14 18:35:58 - [MESSAGE][PASSED] - Object: 'Object Repository/Rental/RentalHeader/RentalContract.SaveHeader' is clicked on

2017-11-14 18:35:58 - [TEST_STEP][PASSED] - delay: Delayed 5 second(s)

2017-11-14 18:36:03 - [MESSAGE][PASSED] - Delayed 5 second(s)

2017-11-14 18:36:03 - [TEST_STEP][PASSED] - click: Object: 'Object Repository/Rental/RentalHeader/RentalContract.Action' is clicked on

2017-11-14 18:36:03 - [MESSAGE][PASSED] - Object: 'Object Repository/Rental/RentalHeader/RentalContract.Action' is clicked on

2017-11-14 18:36:03 - [TEST_STEP][PASSED] - delay: Delayed 8 second(s)

2017-11-14 18:36:11 - [MESSAGE][PASSED] - Delayed 8 second(s)

2017-11-14 18:36:11 - [TEST_STEP][PASSED] - click: Object: 'Object Repository/Rental/RentalHeader/RentalContract.Release' is clicked on

2017-11-14 18:36:11 - [MESSAGE][PASSED] - Object: 'Object Repository/Rental/RentalHeader/RentalContract.Release' is clicked on

2017-11-14 18:36:11 - [TEST_STEP][PASSED] - delay: Delayed 12 second(s)

2017-11-14 18:36:23 - [MESSAGE][PASSED] - Delayed 12 second(s)

2017-11-14 18:36:23 - [TEST_STEP][PASSED] - click: Object: 'Object Repository/Rental/RentalHeader/RentalContract.ActionDelivery' is clicked on

2017-11-14 18:36:23 - [MESSAGE][PASSED] - Object: 'Object Repository/Rental/RentalHeader/RentalContract.ActionDelivery' is clicked on

2017-11-14 18:36:23 - [TEST_STEP][PASSED] - delay: Delayed 6 second(s)

2017-11-14 18:36:29 - [MESSAGE][PASSED] - Delayed 6 second(s)

2017-11-14 18:36:29 - [TEST_STEP][PASSED] - click: Object: 'Object Repository/Rental/RentalHeader/RentalContract.ConfirmDelivery' is clicked on

2017-11-14 18:36:30 - [MESSAGE][PASSED] - Object: 'Object Repository/Rental/RentalHeader/RentalContract.ConfirmDelivery' is clicked on

2017-11-14 18:36:30 - [TEST_STEP][PASSED] - delay: Delayed 8 second(s)

2017-11-14 18:36:38 - [MESSAGE][PASSED] - Delayed 8 second(s)

2017-11-14 18:36:38 - [TEST_STEP][NOT_RUN] - waitForElementPresent: NOT_RUN: waitForElementPresent

2017-11-14 18:36:38 - [MESSAGE][NOT_RUN] - NOT_RUN: waitForElementPresent

2017-11-14 18:36:38 - [TEST_STEP][NOT_RUN] - delay: NOT_RUN: delay

2017-11-14 18:36:38 - [MESSAGE][NOT_RUN] - NOT_RUN: delay

2017-11-14 18:36:38 - [TEST_STEP][PASSED] - click: Object: 'Object Repository/Rental/RentalHeader/RentalContract.DeliveryProceed' is clicked on

2017-11-14 18:36:38 - [MESSAGE][PASSED] - Object: 'Object Repository/Rental/RentalHeader/RentalContract.DeliveryProceed' is clicked on

2017-11-14 18:36:38 - [TEST_STEP][PASSED] - delay: Delayed 12 second(s)

2017-11-14 18:36:50 - [MESSAGE][PASSED] - Delayed 12 second(s)

2017-11-14 18:36:50 - [TEST_STEP][NOT_RUN] - waitForElementPresent: NOT_RUN: waitForElementPresent

2017-11-14 18:36:50 - [MESSAGE][NOT_RUN] - NOT_RUN: waitForElementPresent

2017-11-14 18:36:50 - [TEST_STEP][NOT_RUN] - delay: NOT_RUN: delay

2017-11-14 18:36:50 - [MESSAGE][NOT_RUN] - NOT_RUN: delay

2017-11-14 18:36:50 - [TEST_STEP][NOT_RUN] - click: NOT_RUN: click

2017-11-14 18:36:50 - [MESSAGE][NOT_RUN] - NOT_RUN: click

2017-11-14 18:36:50 - [TEST_STEP][PASSED] - delay: Delayed 8 second(s)

2017-11-14 18:36:58 - [MESSAGE][PASSED] - Delayed 8 second(s)

2017-11-14 18:36:58 - [TEST_STEP][PASSED] - click: Object: 'Object Repository/Rental/RentalHeader/RentalContract.InspetionReportClose' is clicked on

2017-11-14 18:36:58 - [MESSAGE][PASSED] - Object: 'Object Repository/Rental/RentalHeader/RentalContract.InspetionReportClose' is clicked on

2017-11-14 18:36:58 - [TEST_STEP][PASSED] - delay: Delayed 5 second(s)

2017-11-14 18:37:03 - [MESSAGE][PASSED] - Delayed 5 second(s)

2017-11-14 18:37:03 - [TEST_STEP][PASSED] - click: Object: 'Object Repository/Rental/RentalHeader/RentalContract.BillofLaddingClosed' is clicked on

2017-11-14 18:37:03 - [MESSAGE][PASSED] - Object: 'Object Repository/Rental/RentalHeader/RentalContract.BillofLaddingClosed' is clicked on

2017-11-14 18:37:03 - [TEST_STEP][PASSED] - delay: Delayed 5 second(s)

2017-11-14 18:37:08 - [MESSAGE][PASSED] - Delayed 5 second(s)

2017-11-14 18:37:08 - [TEST_STEP][PASSED] - click: Object: 'Object Repository/Rental/RentalHeader/RentalContract.EqipRentalMemoclosed' is clicked on

2017-11-14 18:37:08 - [MESSAGE][PASSED] - Object: 'Object Repository/Rental/RentalHeader/RentalContract.EqipRentalMemoclosed' is clicked on

2017-11-14 18:37:08 - [TEST_STEP][PASSED] - delay: Delayed 5 second(s)

2017-11-14 18:37:13 - [MESSAGE][PASSED] - Delayed 5 second(s)

2017-11-14 18:37:13 - [TEST_STEP][PASSED] - click: Object: 'Object Repository/Rental/RentalHeader/RentalContract.InspectionOrdergnerated' is clicked on

2017-11-14 18:37:14 - [MESSAGE][PASSED] - Object: 'Object Repository/Rental/RentalHeader/RentalContract.InspectionOrdergnerated' is clicked on

2017-11-14 18:37:14 - [MESSAGE][PASSED] - Call Test Case 'Test Cases/Rental/Base_RentalContract/Base_CreateRentalHeader' successfully

2017-11-14 18:37:14 - [TEST_STEP][PASSED] - callTestCase: Call Test Case 'Test Cases/Rental/Base_RentalContract/Base_CreateRentalInvoice_CC' successfully

2017-11-14 18:37:14 - [TEST_CASE][PASSED] - Test Cases/Rental/Base_RentalContract/Base_CreateRentalInvoice_CC: Test Cases/Rental/Base_RentalContract/Base_CreateRentalInvoice_CC

2017-11-14 18:37:14 - [TEST_STEP][NOT_RUN] - callTestCase: NOT_RUN: callTestCase

2017-11-14 18:37:14 - [MESSAGE][NOT_RUN] - NOT_RUN: callTestCase

2017-11-14 18:37:14 - [TEST_STEP][PASSED] - delay: Delayed 4 second(s)

2017-11-14 18:37:18 - [MESSAGE][PASSED] - Delayed 4 second(s)

2017-11-14 18:37:18 - [TEST_STEP][PASSED] - click: Object: 'Object Repository/Rental/RentalHeader/RentalInvoice/RentalInvoice.InvoicingscheduleTab' is clicked on

2017-11-14 18:37:18 - [MESSAGE][PASSED] - Object: 'Object Repository/Rental/RentalHeader/RentalInvoice/RentalInvoice.InvoicingscheduleTab' is clicked on

2017-11-14 18:37:18 - [TEST_STEP][PASSED] - delay: Delayed 4 second(s)

2017-11-14 18:37:22 - [MESSAGE][PASSED] - Delayed 4 second(s)

2017-11-14 18:37:22 - [TEST_STEP][PASSED] - click: Object: 'Object Repository/Rental/RentalHeader/RentalInvoice/RentalInvoice.Action' is clicked on

2017-11-14 18:37:23 - [MESSAGE][PASSED] - Object: 'Object Repository/Rental/RentalHeader/RentalInvoice/RentalInvoice.Action' is clicked on

2017-11-14 18:37:23 - [TEST_STEP][PASSED] - delay: Delayed 4 second(s)

2017-11-14 18:37:27 - [MESSAGE][PASSED] - Delayed 4 second(s)

2017-11-14 18:37:27 - [TEST_STEP][PASSED] - click: Object: 'Object Repository/Rental/RentalHeader/RentalInvoice/RentalInvoice.ProcessInvoice' is clicked on

2017-11-14 18:37:27 - [MESSAGE][PASSED] - Object: 'Object Repository/Rental/RentalHeader/RentalInvoice/RentalInvoice.ProcessInvoice' is clicked on

2017-11-14 18:37:27 - [TEST_STEP][PASSED] - delay: Delayed 4 second(s)

2017-11-14 18:37:31 - [MESSAGE][PASSED] - Delayed 4 second(s)

2017-11-14 18:37:31 - [TEST_STEP][PASSED] - click: Object: 'Object Repository/Rental/RentalHeader/RentalInvoice/RentalInvoice.ProcessInvoice2' is clicked on

2017-11-14 18:37:31 - [MESSAGE][PASSED] - Object: 'Object Repository/Rental/RentalHeader/RentalInvoice/RentalInvoice.ProcessInvoice2' is clicked on

2017-11-14 18:37:31 - [TEST_STEP][PASSED] - delay: Delayed 0 second(s)

2017-11-14 18:37:31 - [MESSAGE][PASSED] - Delayed 0 second(s)

2017-11-14 18:37:31 - [TEST_STEP][PASSED] - click: Object: 'Object Repository/Rental/RentalHeader/RentalInvoice/RentalInvoice.InvoiceProcessYES' is clicked on

2017-11-14 18:37:32 - [MESSAGE][PASSED] - Object: 'Object Repository/Rental/RentalHeader/RentalInvoice/RentalInvoice.InvoiceProcessYES' is clicked on

2017-11-14 18:37:32 - [TEST_STEP][PASSED] - delay: Delayed 0 second(s)

2017-11-14 18:37:32 - [MESSAGE][PASSED] - Delayed 0 second(s)

2017-11-14 18:37:32 - [TEST_STEP][PASSED] - setText: Text 'PUBL' is set on object 'Object Repository/Rental/RentalHeader/RentalInvoice/ServiceCreditCard.PaymentGateway'

2017-11-14 18:37:33 - [MESSAGE][PASSED] - Text 'PUBL' is set on object 'Object Repository/Rental/RentalHeader/RentalInvoice/ServiceCreditCard.PaymentGateway'

2017-11-14 18:37:33 - [TEST_STEP][NOT_RUN] - sendKeys: NOT_RUN: sendKeys

2017-11-14 18:37:33 - [MESSAGE][NOT_RUN] - NOT_RUN: sendKeys

2017-11-14 18:37:33 - [TEST_STEP][PASSED] - doubleClick: Object: 'Object Repository/Rental/RentalHeader/RentalInvoice/ServiceCreditCard.CardType' is double clicked on

2017-11-14 18:37:33 - [MESSAGE][PASSED] - Object: 'Object Repository/Rental/RentalHeader/RentalInvoice/ServiceCreditCard.CardType' is double clicked on

2017-11-14 18:37:33 - [TEST_STEP][PASSED] - setText: Text 'Visa Card' is set on object 'Object Repository/Rental/RentalHeader/RentalInvoice/ServiceCreditCard.CardType'

2017-11-14 18:37:33 - [MESSAGE][PASSED] - Text 'Visa Card' is set on object 'Object Repository/Rental/RentalHeader/RentalInvoice/ServiceCreditCard.CardType'

2017-11-14 18:37:33 - [TEST_STEP][PASSED] - delay: Delayed 2 second(s)

2017-11-14 18:37:35 - [MESSAGE][PASSED] - Delayed 2 second(s)

2017-11-14 18:37:35 - [TEST_STEP][PASSED] - doubleClick: Object: 'Object Repository/Rental/RentalHeader/RentalInvoice/ServiceCreditCard.Enter CC No' is double clicked on

2017-11-14 18:37:36 - [MESSAGE][PASSED] - Object: 'Object Repository/Rental/RentalHeader/RentalInvoice/ServiceCreditCard.Enter CC No' is double clicked on

2017-11-14 18:37:36 - [TEST_STEP][PASSED] - sendKeys: Keys '4012000033330026' sent to object: 'Object Repository/Rental/RentalHeader/RentalInvoice/ServiceCreditCard.Enter CC No'

2017-11-14 18:37:36 - [MESSAGE][PASSED] - Keys '4012000033330026' sent to object: 'Object Repository/Rental/RentalHeader/RentalInvoice/ServiceCreditCard.Enter CC No'

2017-11-14 18:37:36 - [TEST_STEP][PASSED] - delay: Delayed 2 second(s)

2017-11-14 18:37:38 - [MESSAGE][PASSED] - Delayed 2 second(s)

2017-11-14 18:37:38 - [TEST_STEP][PASSED] - click: Object: 'Object Repository/Rental/RentalHeader/RentalInvoice/ServiceCreditCard.CVV2' is clicked on

2017-11-14 18:37:38 - [MESSAGE][PASSED] - Object: 'Object Repository/Rental/RentalHeader/RentalInvoice/ServiceCreditCard.CVV2' is clicked on

2017-11-14 18:37:38 - [TEST_STEP][PASSED] - sendKeys: Keys '865' sent to object: 'Object Repository/Rental/RentalHeader/RentalInvoice/ServiceCreditCard.CVV2'

2017-11-14 18:37:38 - [MESSAGE][PASSED] - Keys '865' sent to object: 'Object Repository/Rental/RentalHeader/RentalInvoice/ServiceCreditCard.CVV2'

2017-11-14 18:37:38 - [TEST_STEP][NOT_RUN] - sendKeys: NOT_RUN: sendKeys

2017-11-14 18:37:38 - [MESSAGE][NOT_RUN] - NOT_RUN: sendKeys

2017-11-14 18:37:38 - [TEST_STEP][NOT_RUN] - delay: NOT_RUN: delay

2017-11-14 18:37:38 - [MESSAGE][NOT_RUN] - NOT_RUN: delay

2017-11-14 18:37:38 - [TEST_STEP][PASSED] - delay: Delayed 3 second(s)

2017-11-14 18:37:41 - [MESSAGE][PASSED] - Delayed 3 second(s)

2017-11-14 18:37:41 - [TEST_STEP][PASSED] - setText: Text '09' is set on object 'Object Repository/Rental/RentalHeader/RentalInvoice/ServiceCreditCard.ExpiryMonth'

2017-11-14 18:37:41 - [MESSAGE][PASSED] - Text '09' is set on object 'Object Repository/Rental/RentalHeader/RentalInvoice/ServiceCreditCard.ExpiryMonth'

2017-11-14 18:37:41 - [TEST_STEP][PASSED] - setText: Text '99' is set on object 'Object Repository/Rental/RentalHeader/RentalInvoice/ServiceCreditCard.ExpiryYear'

2017-11-14 18:37:42 - [MESSAGE][PASSED] - Text '99' is set on object 'Object Repository/Rental/RentalHeader/RentalInvoice/ServiceCreditCard.ExpiryYear'

2017-11-14 18:37:42 - [TEST_STEP][PASSED] - click: Object: 'Object Repository/Rental/RentalHeader/RentalInvoice/ServiceCreditCard.Process' is clicked on

2017-11-14 18:37:42 - [MESSAGE][PASSED] - Object: 'Object Repository/Rental/RentalHeader/RentalInvoice/ServiceCreditCard.Process' is clicked on

2017-11-14 18:37:42 - [TEST_STEP][PASSED] - delay: Delayed 13 second(s)

2017-11-14 18:37:55 - [MESSAGE][PASSED] - Delayed 13 second(s)

2017-11-14 18:37:55 - [TEST_STEP][PASSED] - click: Object: 'Object Repository/Rental/RentalHeader/RentalInvoice/ServiceCreditCard.PrintDevice' is clicked on

2017-11-14 18:37:55 - [MESSAGE][PASSED] - Object: 'Object Repository/Rental/RentalHeader/RentalInvoice/ServiceCreditCard.PrintDevice' is clicked on

2017-11-14 18:37:55 - [TEST_STEP][PASSED] - delay: Delayed 10 second(s)

2017-11-14 18:38:05 - [MESSAGE][PASSED] - Delayed 10 second(s)

2017-11-14 18:38:05 - [TEST_STEP][PASSED] - click: Object: 'Object Repository/Rental/RentalHeader/RentalInvoice/ServiceCreditCard.PrintOK' is clicked on

2017-11-14 18:38:06 - [MESSAGE][PASSED] - Object: 'Object Repository/Rental/RentalHeader/RentalInvoice/ServiceCreditCard.PrintOK' is clicked on

2017-11-14 18:38:06 - [TEST_STEP][PASSED] - delay: Delayed 5 second(s)

2017-11-14 18:38:11 - [MESSAGE][PASSED] - Delayed 5 second(s)

2017-11-14 18:38:11 - [TEST_STEP][PASSED] - click: Object: 'Object Repository/Rental/RentalHeader/RentalInvoice/RentalInvoice.CloseRentalInvoicesession' is clicked on

2017-11-14 18:38:11 - [MESSAGE][PASSED] - Object: 'Object Repository/Rental/RentalHeader/RentalInvoice/RentalInvoice.CloseRentalInvoicesession' is clicked on

2017-11-14 18:38:11 - [TEST_STEP][PASSED] - delay: Delayed 3 second(s)

2017-11-14 18:38:14 - [MESSAGE][PASSED] - Delayed 3 second(s)

2017-11-14 18:38:14 - [TEST_STEP][PASSED] - closeBrowser: Browser is closed

2017-11-14 18:38:15 - [MESSAGE][PASSED] - Browser is closed

2017-11-14 18:38:15 - [MESSAGE][PASSED] - Call Test Case 'Test Cases/Rental/Base_RentalContract/Base_CreateRentalInvoice_CC' successfully]]></system-out>
         <system-err><![CDATA[]]></system-err>
      </testcase>
      <testcase name="Test Cases/Rental/Base_RentalContract/CreditCardRegression/TC003_RentalContractInvoice_CC - Iteration 2" classname="Test Cases/Rental/Base_RentalContract/CreditCardRegression/TC003_RentalContractInvoice_CC" status="PASSED">
         <system-out><![CDATA[2017-11-14 18:38:15 - [TEST_CASE][PASSED] - Test Cases/Rental/Base_RentalContract/CreditCardRegression/TC003_RentalContractInvoice_CC - Iteration 2: Test Cases/Rental/Base_RentalContract/CreditCardRegression/TC003_RentalContractInvoice_CC

2017-11-14 18:38:15 - [TEST_STEP][PASSED] - callTestCase: Call Test Case 'Test Cases/Equipment/Base_EquipmentPurchase/EPO_CreateNrecieve' successfully

2017-11-14 18:38:15 - [TEST_CASE][PASSED] - Test Cases/Equipment/Base_EquipmentPurchase/EPO_CreateNrecieve: Test Cases/Equipment/Base_EquipmentPurchase/EPO_CreateNrecieve

2017-11-14 18:38:15 - [TEST_STEP][PASSED] - callTestCase: Call Test Case 'Test Cases/Equipment/Base_EquipmentPurchase/Base_EPO_CreateHeaderNline' successfully

2017-11-14 18:38:15 - [TEST_CASE][PASSED] - Test Cases/Equipment/Base_EquipmentPurchase/Base_EPO_CreateHeaderNline: Test Cases/Equipment/Base_EquipmentPurchase/Base_EPO_CreateHeaderNline

2017-11-14 18:38:15 - [TEST_STEP][PASSED] - callTestCase: Call Test Case 'Test Cases/Common/Base_Common_OpenSession' successfully

2017-11-14 18:38:15 - [TEST_CASE][PASSED] - Test Cases/Common/Base_Common_OpenSession: Test Cases/Common/Base_Common_OpenSession

2017-11-14 18:38:15 - [TEST_STEP][PASSED] - openBrowser: Browser is opened with url: 'https://rgajbhiye:Robin$123@proxima-ln4.e-emphasys.com:8441/webui/servlet/login'

2017-11-14 18:38:20 - [MESSAGE][PASSED] - Browser is opened with url: 'https://rgajbhiye:Robin$123@proxima-ln4.e-emphasys.com:8441/webui/servlet/login'

2017-11-14 18:38:20 - [TEST_STEP][PASSED] - waitForPageLoad: Wait for page load successfully

2017-11-14 18:38:20 - [MESSAGE][PASSED] - Wait for page load successfully

2017-11-14 18:38:20 - [TEST_STEP][PASSED] - maximizeWindow: Current window maximized

2017-11-14 18:38:20 - [MESSAGE][PASSED] - Current window maximized

2017-11-14 18:38:20 - [TEST_STEP][PASSED] - click: Object: 'Object Repository/Common/HomePage/HomePage_more' is clicked on

2017-11-14 18:38:22 - [MESSAGE][PASSED] - Object: 'Object Repository/Common/HomePage/HomePage_more' is clicked on

2017-11-14 18:38:22 - [TEST_STEP][PASSED] - click: Object: 'Object Repository/Common/HomePage/HomePage_Option' is clicked on

2017-11-14 18:38:22 - [MESSAGE][PASSED] - Object: 'Object Repository/Common/HomePage/HomePage_Option' is clicked on

2017-11-14 18:38:22 - [TEST_STEP][PASSED] - click: Object: 'Object Repository/Common/HomePage/HomePage_RunProgram_' is clicked on

2017-11-14 18:38:23 - [MESSAGE][PASSED] - Object: 'Object Repository/Common/HomePage/HomePage_RunProgram_' is clicked on

2017-11-14 18:38:23 - [TEST_STEP][PASSED] - sendKeys: Keys 'tdext8150s000' sent to object: 'Object Repository/Common/HomePage/HomePage_Session_ID'

2017-11-14 18:38:23 - [MESSAGE][PASSED] - Keys 'tdext8150s000' sent to object: 'Object Repository/Common/HomePage/HomePage_Session_ID'

2017-11-14 18:38:23 - [TEST_STEP][PASSED] - click: Object: 'Object Repository/Common/HomePage/HomePage_OkButton' is clicked on

2017-11-14 18:38:23 - [MESSAGE][PASSED] - Object: 'Object Repository/Common/HomePage/HomePage_OkButton' is clicked on

2017-11-14 18:38:23 - [MESSAGE][PASSED] - Call Test Case 'Test Cases/Common/Base_Common_OpenSession' successfully

2017-11-14 18:38:23 - [TEST_STEP][PASSED] - waitForElementPresent: Object 'Object Repository/Equipment/EquipmentPurchase/EPO_Header/EPO_Header_New' is present

2017-11-14 18:38:25 - [MESSAGE][PASSED] - Object 'Object Repository/Equipment/EquipmentPurchase/EPO_Header/EPO_Header_New' is present

2017-11-14 18:38:25 - [TEST_STEP][PASSED] - click: Object: 'Object Repository/Equipment/EquipmentPurchase/EPO_Header/EPO_Header_New' is clicked on

2017-11-14 18:38:26 - [MESSAGE][PASSED] - Object: 'Object Repository/Equipment/EquipmentPurchase/EPO_Header/EPO_Header_New' is clicked on

2017-11-14 18:38:26 - [TEST_STEP][PASSED] - click: Object: 'Object Repository/Equipment/EquipmentPurchase/EPO_Header/EPO_Header_Customer' is clicked on

2017-11-14 18:38:26 - [MESSAGE][PASSED] - Object: 'Object Repository/Equipment/EquipmentPurchase/EPO_Header/EPO_Header_Customer' is clicked on

2017-11-14 18:38:26 - [TEST_STEP][PASSED] - setText: Text 'M00000010' is set on object 'Object Repository/Equipment/EquipmentPurchase/EPO_Header/EPO_Header_Customer'

2017-11-14 18:38:26 - [MESSAGE][PASSED] - Text 'M00000010' is set on object 'Object Repository/Equipment/EquipmentPurchase/EPO_Header/EPO_Header_Customer'

2017-11-14 18:38:26 - [TEST_STEP][PASSED] - click: Object: 'Object Repository/Equipment/EquipmentPurchase/EPO_Header/EPO_Header_Save' is clicked on

2017-11-14 18:38:26 - [MESSAGE][PASSED] - Object: 'Object Repository/Equipment/EquipmentPurchase/EPO_Header/EPO_Header_Save' is clicked on

2017-11-14 18:38:26 - [TEST_STEP][PASSED] - delay: Delayed 5 second(s)

2017-11-14 18:38:31 - [MESSAGE][PASSED] - Delayed 5 second(s)

2017-11-14 18:38:31 - [TEST_STEP][PASSED] - click: Object: 'Object Repository/Equipment/EquipmentPurchase/EPO_Header/EPO_Header_Action' is clicked on

2017-11-14 18:38:32 - [MESSAGE][PASSED] - Object: 'Object Repository/Equipment/EquipmentPurchase/EPO_Header/EPO_Header_Action' is clicked on

2017-11-14 18:38:32 - [TEST_STEP][PASSED] - click: Object: 'Object Repository/Equipment/EquipmentPurchase/EPO_Header/EPO_Header_Action_OrderLines' is clicked on

2017-11-14 18:38:32 - [MESSAGE][PASSED] - Object: 'Object Repository/Equipment/EquipmentPurchase/EPO_Header/EPO_Header_Action_OrderLines' is clicked on

2017-11-14 18:38:32 - [TEST_STEP][PASSED] - waitForElementPresent: Object 'Object Repository/Equipment/EquipmentPurchase/EPO_Line/EPO_MultiLine_New' is present

2017-11-14 18:38:33 - [MESSAGE][PASSED] - Object 'Object Repository/Equipment/EquipmentPurchase/EPO_Line/EPO_MultiLine_New' is present

2017-11-14 18:38:33 - [TEST_STEP][PASSED] - click: Object: 'Object Repository/Equipment/EquipmentPurchase/EPO_Line/EPO_MultiLine_New' is clicked on

2017-11-14 18:38:33 - [MESSAGE][PASSED] - Object: 'Object Repository/Equipment/EquipmentPurchase/EPO_Line/EPO_MultiLine_New' is clicked on

2017-11-14 18:38:33 - [TEST_STEP][PASSED] - waitForElementPresent: Object 'Object Repository/Equipment/EquipmentPurchase/EPO_Line/EPO_Line_Model' is present

2017-11-14 18:38:34 - [MESSAGE][PASSED] - Object 'Object Repository/Equipment/EquipmentPurchase/EPO_Line/EPO_Line_Model' is present

2017-11-14 18:38:34 - [TEST_STEP][PASSED] - click: Object: 'Object Repository/Equipment/EquipmentPurchase/EPO_Line/EPO_Line_Model' is clicked on

2017-11-14 18:38:34 - [MESSAGE][PASSED] - Object: 'Object Repository/Equipment/EquipmentPurchase/EPO_Line/EPO_Line_Model' is clicked on

2017-11-14 18:38:34 - [TEST_STEP][PASSED] - delay: Delayed 2 second(s)

2017-11-14 18:38:36 - [MESSAGE][PASSED] - Delayed 2 second(s)

2017-11-14 18:38:36 - [TEST_STEP][PASSED] - setText: Text '1032' is set on object 'Object Repository/Equipment/EquipmentPurchase/EPO_Line/EPO_Line_Model'

2017-11-14 18:38:36 - [MESSAGE][PASSED] - Text '1032' is set on object 'Object Repository/Equipment/EquipmentPurchase/EPO_Line/EPO_Line_Model'

2017-11-14 18:38:36 - [TEST_STEP][PASSED] - click: Object: 'Object Repository/Equipment/EquipmentPurchase/EPO_Line/EPO_Line_NeworUsed' is clicked on

2017-11-14 18:38:37 - [MESSAGE][PASSED] - Object: 'Object Repository/Equipment/EquipmentPurchase/EPO_Line/EPO_Line_NeworUsed' is clicked on

2017-11-14 18:38:37 - [TEST_STEP][PASSED] - click: Object: 'Object Repository/Equipment/EquipmentPurchase/EPO_Line/EPO_Line_NewEquipOption' is clicked on

2017-11-14 18:38:37 - [MESSAGE][PASSED] - Object: 'Object Repository/Equipment/EquipmentPurchase/EPO_Line/EPO_Line_NewEquipOption' is clicked on

2017-11-14 18:38:37 - [TEST_STEP][PASSED] - click: Object: 'Object Repository/Equipment/EquipmentPurchase/EPO_Line/EPO_Line_PlannedDate' is clicked on

2017-11-14 18:38:37 - [MESSAGE][PASSED] - Object: 'Object Repository/Equipment/EquipmentPurchase/EPO_Line/EPO_Line_PlannedDate' is clicked on

2017-11-14 18:38:37 - [TEST_STEP][PASSED] - delay: Delayed 2 second(s)

2017-11-14 18:38:39 - [MESSAGE][PASSED] - Delayed 2 second(s)

2017-11-14 18:38:39 - [TEST_STEP][PASSED] - setText: Text '+10' is set on object 'Object Repository/Equipment/EquipmentPurchase/EPO_Line/EPO_Line_PlannedDate'

2017-11-14 18:38:39 - [MESSAGE][PASSED] - Text '+10' is set on object 'Object Repository/Equipment/EquipmentPurchase/EPO_Line/EPO_Line_PlannedDate'

2017-11-14 18:38:39 - [TEST_STEP][PASSED] - click: Object: 'Object Repository/Equipment/EquipmentPurchase/EPO_Line/EPO_Line_Price' is clicked on

2017-11-14 18:38:39 - [MESSAGE][PASSED] - Object: 'Object Repository/Equipment/EquipmentPurchase/EPO_Line/EPO_Line_Price' is clicked on

2017-11-14 18:38:39 - [TEST_STEP][PASSED] - delay: Delayed 2 second(s)

2017-11-14 18:38:41 - [MESSAGE][PASSED] - Delayed 2 second(s)

2017-11-14 18:38:41 - [TEST_STEP][PASSED] - setText: Text '100' is set on object 'Object Repository/Equipment/EquipmentPurchase/EPO_Line/EPO_Line_Price'

2017-11-14 18:38:41 - [MESSAGE][PASSED] - Text '100' is set on object 'Object Repository/Equipment/EquipmentPurchase/EPO_Line/EPO_Line_Price'

2017-11-14 18:38:41 - [TEST_STEP][PASSED] - click: Object: 'Object Repository/Equipment/EquipmentPurchase/EPO_Line/EPO_Line_Save' is clicked on

2017-11-14 18:38:41 - [MESSAGE][PASSED] - Object: 'Object Repository/Equipment/EquipmentPurchase/EPO_Line/EPO_Line_Save' is clicked on

2017-11-14 18:38:41 - [TEST_STEP][PASSED] - click: Object: 'Object Repository/Equipment/EquipmentPurchase/EPO_Line/EPO_Line_importNO' is clicked on

2017-11-14 18:38:42 - [MESSAGE][PASSED] - Object: 'Object Repository/Equipment/EquipmentPurchase/EPO_Line/EPO_Line_importNO' is clicked on

2017-11-14 18:38:42 - [TEST_STEP][PASSED] - click: Object: 'Object Repository/Equipment/EquipmentPurchase/EPO_Line/EPO_Line_SaveNclose' is clicked on

2017-11-14 18:38:42 - [MESSAGE][PASSED] - Object: 'Object Repository/Equipment/EquipmentPurchase/EPO_Line/EPO_Line_SaveNclose' is clicked on

2017-11-14 18:38:42 - [TEST_STEP][PASSED] - delay: Delayed 2 second(s)

2017-11-14 18:38:44 - [MESSAGE][PASSED] - Delayed 2 second(s)

2017-11-14 18:38:44 - [TEST_STEP][PASSED] - click: Object: 'Object Repository/Equipment/EquipmentPurchase/EPO_Line/EPO_MultiLine_SavenClose' is clicked on

2017-11-14 18:38:45 - [MESSAGE][PASSED] - Object: 'Object Repository/Equipment/EquipmentPurchase/EPO_Line/EPO_MultiLine_SavenClose' is clicked on

2017-11-14 18:38:45 - [MESSAGE][PASSED] - Call Test Case 'Test Cases/Equipment/Base_EquipmentPurchase/Base_EPO_CreateHeaderNline' successfully

2017-11-14 18:38:45 - [TEST_STEP][PASSED] - callTestCase: Call Test Case 'Test Cases/Equipment/Base_EquipmentPurchase/Base_EPO_Reciept' successfully

2017-11-14 18:38:45 - [TEST_CASE][PASSED] - Test Cases/Equipment/Base_EquipmentPurchase/Base_EPO_Reciept: Test Cases/Equipment/Base_EquipmentPurchase/Base_EPO_Reciept

2017-11-14 18:38:45 - [TEST_STEP][PASSED] - click: Object: 'Object Repository/Equipment/EquipmentPurchase/EPO_Header/EPO_Header_Action' is clicked on

2017-11-14 18:38:45 - [MESSAGE][PASSED] - Object: 'Object Repository/Equipment/EquipmentPurchase/EPO_Header/EPO_Header_Action' is clicked on

2017-11-14 18:38:45 - [TEST_STEP][PASSED] - click: Object: 'Object Repository/Equipment/EquipmentPurchase/EPO_Header/EPO_Header_Action_SendForApproval' is clicked on

2017-11-14 18:38:45 - [MESSAGE][PASSED] - Object: 'Object Repository/Equipment/EquipmentPurchase/EPO_Header/EPO_Header_Action_SendForApproval' is clicked on

2017-11-14 18:38:45 - [TEST_STEP][PASSED] - delay: Delayed 5 second(s)

2017-11-14 18:38:50 - [MESSAGE][PASSED] - Delayed 5 second(s)

2017-11-14 18:38:50 - [TEST_STEP][PASSED] - click: Object: 'Object Repository/Equipment/EquipmentPurchase/EPO_Header/EPO_Header_Action' is clicked on

2017-11-14 18:38:50 - [MESSAGE][PASSED] - Object: 'Object Repository/Equipment/EquipmentPurchase/EPO_Header/EPO_Header_Action' is clicked on

2017-11-14 18:38:50 - [TEST_STEP][PASSED] - click: Object: 'Object Repository/Equipment/EquipmentPurchase/EPO_Header/EPO_Header_Apporve' is clicked on

2017-11-14 18:38:50 - [MESSAGE][PASSED] - Object: 'Object Repository/Equipment/EquipmentPurchase/EPO_Header/EPO_Header_Apporve' is clicked on

2017-11-14 18:38:50 - [TEST_STEP][PASSED] - delay: Delayed 5 second(s)

2017-11-14 18:38:55 - [MESSAGE][PASSED] - Delayed 5 second(s)

2017-11-14 18:38:55 - [TEST_STEP][PASSED] - click: Object: 'Object Repository/Equipment/EquipmentPurchase/EPO_Header/EPO_Header_Print' is clicked on

2017-11-14 18:38:56 - [MESSAGE][PASSED] - Object: 'Object Repository/Equipment/EquipmentPurchase/EPO_Header/EPO_Header_Print' is clicked on

2017-11-14 18:38:56 - [TEST_STEP][PASSED] - click: Object: 'Object Repository/Equipment/EquipmentPurchase/EPO_Header/EPO_Print_FinalPrint' is clicked on

2017-11-14 18:38:56 - [MESSAGE][PASSED] - Object: 'Object Repository/Equipment/EquipmentPurchase/EPO_Header/EPO_Print_FinalPrint' is clicked on

2017-11-14 18:38:56 - [TEST_STEP][PASSED] - click: Object: 'Object Repository/Equipment/EquipmentPurchase/EPO_Header/EPO_Print_PrintOption' is clicked on

2017-11-14 18:38:57 - [MESSAGE][PASSED] - Object: 'Object Repository/Equipment/EquipmentPurchase/EPO_Header/EPO_Print_PrintOption' is clicked on

2017-11-14 18:38:57 - [TEST_STEP][PASSED] - click: Object: 'Object Repository/Equipment/EquipmentPurchase/EPO_Header/EPO_Print_Device' is clicked on

2017-11-14 18:38:59 - [MESSAGE][PASSED] - Object: 'Object Repository/Equipment/EquipmentPurchase/EPO_Header/EPO_Print_Device' is clicked on

2017-11-14 18:38:59 - [TEST_STEP][PASSED] - setText: Text 'D' is set on object 'Object Repository/Equipment/EquipmentPurchase/EPO_Header/EPO_Print_Device'

2017-11-14 18:38:59 - [MESSAGE][PASSED] - Text 'D' is set on object 'Object Repository/Equipment/EquipmentPurchase/EPO_Header/EPO_Print_Device'

2017-11-14 18:38:59 - [TEST_STEP][PASSED] - click: Object: 'Object Repository/Equipment/EquipmentPurchase/EPO_Header/EPO_Print_Continue' is clicked on

2017-11-14 18:38:59 - [MESSAGE][PASSED] - Object: 'Object Repository/Equipment/EquipmentPurchase/EPO_Header/EPO_Print_Continue' is clicked on

2017-11-14 18:38:59 - [TEST_STEP][PASSED] - delay: Delayed 5 second(s)

2017-11-14 18:39:04 - [MESSAGE][PASSED] - Delayed 5 second(s)

2017-11-14 18:39:04 - [TEST_STEP][PASSED] - click: Object: 'Object Repository/Equipment/EquipmentPurchase/EPO_Header/EPO_Header_EPOtab' is clicked on

2017-11-14 18:39:04 - [MESSAGE][PASSED] - Object: 'Object Repository/Equipment/EquipmentPurchase/EPO_Header/EPO_Header_EPOtab' is clicked on

2017-11-14 18:39:04 - [TEST_STEP][PASSED] - click: Object: 'Object Repository/Equipment/EquipmentPurchase/EPO_Header/EPO_Print_Close' is clicked on

2017-11-14 18:39:05 - [MESSAGE][PASSED] - Object: 'Object Repository/Equipment/EquipmentPurchase/EPO_Header/EPO_Print_Close' is clicked on

2017-11-14 18:39:05 - [TEST_STEP][PASSED] - delay: Delayed 3 second(s)

2017-11-14 18:39:08 - [MESSAGE][PASSED] - Delayed 3 second(s)

2017-11-14 18:39:08 - [TEST_STEP][PASSED] - click: Object: 'Object Repository/Equipment/EquipmentPurchase/EPO_Header/EPO_Header_Action' is clicked on

2017-11-14 18:39:08 - [MESSAGE][PASSED] - Object: 'Object Repository/Equipment/EquipmentPurchase/EPO_Header/EPO_Header_Action' is clicked on

2017-11-14 18:39:08 - [TEST_STEP][PASSED] - click: Object: 'Object Repository/Equipment/EquipmentPurchase/EPO_Header/EPO_Action_Reciept' is clicked on

2017-11-14 18:39:08 - [MESSAGE][PASSED] - Object: 'Object Repository/Equipment/EquipmentPurchase/EPO_Header/EPO_Action_Reciept' is clicked on

2017-11-14 18:39:08 - [TEST_STEP][PASSED] - waitForElementPresent: Object 'Object Repository/Equipment/EquipmentPurchase/EPO_Receipt/EPO_Reciept_Save' is present

2017-11-14 18:39:09 - [MESSAGE][PASSED] - Object 'Object Repository/Equipment/EquipmentPurchase/EPO_Receipt/EPO_Reciept_Save' is present

2017-11-14 18:39:09 - [TEST_STEP][PASSED] - click: Object: 'Object Repository/Equipment/EquipmentPurchase/EPO_Receipt/EPO_Reciept_Save' is clicked on

2017-11-14 18:39:09 - [MESSAGE][PASSED] - Object: 'Object Repository/Equipment/EquipmentPurchase/EPO_Receipt/EPO_Reciept_Save' is clicked on

2017-11-14 18:39:09 - [TEST_STEP][PASSED] - delay: Delayed 3 second(s)

2017-11-14 18:39:12 - [MESSAGE][PASSED] - Delayed 3 second(s)

2017-11-14 18:39:12 - [TEST_STEP][PASSED] - click: Object: 'Object Repository/Equipment/EquipmentPurchase/EPO_Receipt/EPO_Receipt_Action' is clicked on

2017-11-14 18:39:13 - [MESSAGE][PASSED] - Object: 'Object Repository/Equipment/EquipmentPurchase/EPO_Receipt/EPO_Receipt_Action' is clicked on

2017-11-14 18:39:13 - [TEST_STEP][PASSED] - click: Object: 'Object Repository/Equipment/EquipmentPurchase/EPO_Receipt/EPO_Receipt_Action_ReceiptLine' is clicked on

2017-11-14 18:39:13 - [MESSAGE][PASSED] - Object: 'Object Repository/Equipment/EquipmentPurchase/EPO_Receipt/EPO_Receipt_Action_ReceiptLine' is clicked on

2017-11-14 18:39:13 - [TEST_STEP][PASSED] - waitForElementPresent: Object 'Object Repository/Equipment/EquipmentPurchase/EPO_Receipt_Line/EPO_ReceiptLine_New' is present

2017-11-14 18:39:14 - [MESSAGE][PASSED] - Object 'Object Repository/Equipment/EquipmentPurchase/EPO_Receipt_Line/EPO_ReceiptLine_New' is present

2017-11-14 18:39:14 - [TEST_STEP][PASSED] - click: Object: 'Object Repository/Equipment/EquipmentPurchase/EPO_Receipt_Line/EPO_ReceiptLine_New' is clicked on

2017-11-14 18:39:14 - [MESSAGE][PASSED] - Object: 'Object Repository/Equipment/EquipmentPurchase/EPO_Receipt_Line/EPO_ReceiptLine_New' is clicked on

2017-11-14 18:39:14 - [TEST_STEP][PASSED] - waitForElementPresent: Object 'Object Repository/Equipment/EquipmentPurchase/EPO_Receipt_Line/EPO_RecieptLine_Select' is present

2017-11-14 18:39:15 - [MESSAGE][PASSED] - Object 'Object Repository/Equipment/EquipmentPurchase/EPO_Receipt_Line/EPO_RecieptLine_Select' is present

2017-11-14 18:39:15 - [TEST_STEP][PASSED] - click: Object: 'Object Repository/Equipment/EquipmentPurchase/EPO_Receipt_Line/EPO_RecieptLine_Select' is clicked on

2017-11-14 18:39:15 - [MESSAGE][PASSED] - Object: 'Object Repository/Equipment/EquipmentPurchase/EPO_Receipt_Line/EPO_RecieptLine_Select' is clicked on

2017-11-14 18:39:15 - [TEST_STEP][PASSED] - delay: Delayed 3 second(s)

2017-11-14 18:39:18 - [MESSAGE][PASSED] - Delayed 3 second(s)

2017-11-14 18:39:18 - [TEST_STEP][PASSED] - click: Object: 'Object Repository/Equipment/EquipmentPurchase/EPO_Receipt_Line/EPO_ReceiptLine_SavenClose' is clicked on

2017-11-14 18:39:18 - [MESSAGE][PASSED] - Object: 'Object Repository/Equipment/EquipmentPurchase/EPO_Receipt_Line/EPO_ReceiptLine_SavenClose' is clicked on

2017-11-14 18:39:18 - [TEST_STEP][PASSED] - waitForElementPresent: Object 'Object Repository/Equipment/EquipmentPurchase/EPO_Receipt_Line/EPO_RecieptLineAction' is present

2017-11-14 18:39:18 - [MESSAGE][PASSED] - Object 'Object Repository/Equipment/EquipmentPurchase/EPO_Receipt_Line/EPO_RecieptLineAction' is present

2017-11-14 18:39:18 - [TEST_STEP][PASSED] - Statement - G_Unit = com.kms.katalon.core.webui.keyword.WebUiBuiltInKeywords.getText(com.kms.katalon.core.testobject.ObjectRepository.findTestObject(Equipment/EquipmentPurchase/EPO_Receipt/EPO_Reciept_Unit)): Text of object 'Object Repository/Equipment/EquipmentPurchase/EPO_Receipt/EPO_Reciept_Unit' is: 'MD0018304'

2017-11-14 18:39:19 - [MESSAGE][PASSED] - Text of object 'Object Repository/Equipment/EquipmentPurchase/EPO_Receipt/EPO_Reciept_Unit' is: 'MD0018304'

2017-11-14 18:39:19 - [TEST_STEP][PASSED] - click: Object: 'Object Repository/Equipment/EquipmentPurchase/EPO_Receipt_Line/EPO_RecieptLineAction' is clicked on

2017-11-14 18:39:19 - [MESSAGE][PASSED] - Object: 'Object Repository/Equipment/EquipmentPurchase/EPO_Receipt_Line/EPO_RecieptLineAction' is clicked on

2017-11-14 18:39:19 - [TEST_STEP][PASSED] - click: Object: 'Object Repository/Equipment/EquipmentPurchase/EPO_Receipt/EPO_Action_Confirm' is clicked on

2017-11-14 18:39:19 - [MESSAGE][PASSED] - Object: 'Object Repository/Equipment/EquipmentPurchase/EPO_Receipt/EPO_Action_Confirm' is clicked on

2017-11-14 18:39:19 - [TEST_STEP][PASSED] - click: Object: 'Object Repository/Equipment/EquipmentPurchase/EPO_Receipt/EPO_Reciept_MeterOK' is clicked on

2017-11-14 18:39:19 - [MESSAGE][PASSED] - Object: 'Object Repository/Equipment/EquipmentPurchase/EPO_Receipt/EPO_Reciept_MeterOK' is clicked on

2017-11-14 18:39:19 - [TEST_STEP][PASSED] - waitForElementPresent: Object 'Object Repository/Equipment/EquipmentPurchase/EPO_Receipt/EPO_RecieptPrint_Device' is present

2017-11-14 18:39:21 - [MESSAGE][PASSED] - Object 'Object Repository/Equipment/EquipmentPurchase/EPO_Receipt/EPO_RecieptPrint_Device' is present

2017-11-14 18:39:21 - [TEST_STEP][PASSED] - click: Object: 'Object Repository/Equipment/EquipmentPurchase/EPO_Receipt/EPO_RecieptPrint_Device' is clicked on

2017-11-14 18:39:21 - [MESSAGE][PASSED] - Object: 'Object Repository/Equipment/EquipmentPurchase/EPO_Receipt/EPO_RecieptPrint_Device' is clicked on

2017-11-14 18:39:21 - [TEST_STEP][PASSED] - setText: Text 'D' is set on object 'Object Repository/Equipment/EquipmentPurchase/EPO_Receipt/EPO_RecieptPrint_Device'

2017-11-14 18:39:21 - [MESSAGE][PASSED] - Text 'D' is set on object 'Object Repository/Equipment/EquipmentPurchase/EPO_Receipt/EPO_RecieptPrint_Device'

2017-11-14 18:39:21 - [TEST_STEP][PASSED] - click: Object: 'Object Repository/Equipment/EquipmentPurchase/EPO_Receipt/EPO_RecieptPrint_Continue' is clicked on

2017-11-14 18:39:21 - [MESSAGE][PASSED] - Object: 'Object Repository/Equipment/EquipmentPurchase/EPO_Receipt/EPO_RecieptPrint_Continue' is clicked on

2017-11-14 18:39:21 - [TEST_STEP][PASSED] - delay: Delayed 3 second(s)

2017-11-14 18:39:24 - [MESSAGE][PASSED] - Delayed 3 second(s)

2017-11-14 18:39:24 - [TEST_STEP][PASSED] - click: Object: 'Object Repository/Equipment/EquipmentPurchase/EPO_Receipt/EPO_RecieptPrint_ProcessCompleted' is clicked on

2017-11-14 18:39:24 - [MESSAGE][PASSED] - Object: 'Object Repository/Equipment/EquipmentPurchase/EPO_Receipt/EPO_RecieptPrint_ProcessCompleted' is clicked on

2017-11-14 18:39:24 - [TEST_STEP][PASSED] - delay: Delayed 10 second(s)

2017-11-14 18:39:34 - [MESSAGE][PASSED] - Delayed 10 second(s)

2017-11-14 18:39:34 - [MESSAGE][PASSED] - Call Test Case 'Test Cases/Equipment/Base_EquipmentPurchase/Base_EPO_Reciept' successfully

2017-11-14 18:39:34 - [MESSAGE][PASSED] - Call Test Case 'Test Cases/Equipment/Base_EquipmentPurchase/EPO_CreateNrecieve' successfully

2017-11-14 18:39:34 - [TEST_STEP][PASSED] - callTestCase: Call Test Case 'Test Cases/Rental/Base_RentalContract/Base_CreateRentalHeader' successfully

2017-11-14 18:39:34 - [TEST_CASE][PASSED] - Test Cases/Rental/Base_RentalContract/Base_CreateRentalHeader: Test Cases/Rental/Base_RentalContract/Base_CreateRentalHeader

2017-11-14 18:39:35 - [TEST_STEP][PASSED] - callTestCase: Call Test Case 'Test Cases/Common/Base_Common_OpenSession' successfully

2017-11-14 18:39:35 - [TEST_CASE][PASSED] - Test Cases/Common/Base_Common_OpenSession: Test Cases/Common/Base_Common_OpenSession

2017-11-14 18:39:35 - [TEST_STEP][PASSED] - openBrowser: Browser is opened with url: 'https://rgajbhiye:Robin$123@proxima-ln4.e-emphasys.com:8441/webui/servlet/login'

2017-11-14 18:39:35 - [MESSAGE][WARNING] - A browser is already opened. Closing browser and opening a new one

2017-11-14 18:39:40 - [MESSAGE][PASSED] - Browser is opened with url: 'https://rgajbhiye:Robin$123@proxima-ln4.e-emphasys.com:8441/webui/servlet/login'

2017-11-14 18:39:40 - [TEST_STEP][PASSED] - waitForPageLoad: Wait for page load successfully

2017-11-14 18:39:40 - [MESSAGE][PASSED] - Wait for page load successfully

2017-11-14 18:39:40 - [TEST_STEP][PASSED] - maximizeWindow: Current window maximized

2017-11-14 18:39:40 - [MESSAGE][PASSED] - Current window maximized

2017-11-14 18:39:40 - [TEST_STEP][PASSED] - click: Object: 'Object Repository/Common/HomePage/HomePage_more' is clicked on

2017-11-14 18:39:42 - [MESSAGE][PASSED] - Object: 'Object Repository/Common/HomePage/HomePage_more' is clicked on

2017-11-14 18:39:42 - [TEST_STEP][PASSED] - click: Object: 'Object Repository/Common/HomePage/HomePage_Option' is clicked on

2017-11-14 18:39:42 - [MESSAGE][PASSED] - Object: 'Object Repository/Common/HomePage/HomePage_Option' is clicked on

2017-11-14 18:39:42 - [TEST_STEP][PASSED] - click: Object: 'Object Repository/Common/HomePage/HomePage_RunProgram_' is clicked on

2017-11-14 18:39:42 - [MESSAGE][PASSED] - Object: 'Object Repository/Common/HomePage/HomePage_RunProgram_' is clicked on

2017-11-14 18:39:42 - [TEST_STEP][PASSED] - sendKeys: Keys 'erext4100s004' sent to object: 'Object Repository/Common/HomePage/HomePage_Session_ID'

2017-11-14 18:39:42 - [MESSAGE][PASSED] - Keys 'erext4100s004' sent to object: 'Object Repository/Common/HomePage/HomePage_Session_ID'

2017-11-14 18:39:42 - [TEST_STEP][PASSED] - click: Object: 'Object Repository/Common/HomePage/HomePage_OkButton' is clicked on

2017-11-14 18:39:43 - [MESSAGE][PASSED] - Object: 'Object Repository/Common/HomePage/HomePage_OkButton' is clicked on

2017-11-14 18:39:43 - [MESSAGE][PASSED] - Call Test Case 'Test Cases/Common/Base_Common_OpenSession' successfully

2017-11-14 18:39:43 - [TEST_STEP][PASSED] - click: Object: 'Object Repository/Rental/RentalHeader/RentalContract.Customer' is clicked on

2017-11-14 18:39:46 - [MESSAGE][PASSED] - Object: 'Object Repository/Rental/RentalHeader/RentalContract.Customer' is clicked on

2017-11-14 18:39:46 - [TEST_STEP][PASSED] - setText: Text 'M00000010' is set on object 'Object Repository/Rental/RentalHeader/RentalContract.Customer'

2017-11-14 18:39:46 - [MESSAGE][PASSED] - Text 'M00000010' is set on object 'Object Repository/Rental/RentalHeader/RentalContract.Customer'

2017-11-14 18:39:46 - [TEST_STEP][PASSED] - delay: Delayed 2 second(s)

2017-11-14 18:39:48 - [MESSAGE][PASSED] - Delayed 2 second(s)

2017-11-14 18:39:48 - [TEST_STEP][PASSED] - click: Object: 'Object Repository/Rental/RentalHeader/RentalContract.CustPO' is clicked on

2017-11-14 18:39:49 - [MESSAGE][PASSED] - Object: 'Object Repository/Rental/RentalHeader/RentalContract.CustPO' is clicked on

2017-11-14 18:39:49 - [TEST_STEP][PASSED] - delay: Delayed 3 second(s)

2017-11-14 18:39:52 - [MESSAGE][PASSED] - Delayed 3 second(s)

2017-11-14 18:39:52 - [TEST_STEP][PASSED] - click: Object: 'Object Repository/Rental/RentalHeader/RentalContract.OtherDetailsTab' is clicked on

2017-11-14 18:39:52 - [MESSAGE][PASSED] - Object: 'Object Repository/Rental/RentalHeader/RentalContract.OtherDetailsTab' is clicked on

2017-11-14 18:39:52 - [TEST_STEP][PASSED] - delay: Delayed 5 second(s)

2017-11-14 18:39:57 - [MESSAGE][PASSED] - Delayed 5 second(s)

2017-11-14 18:39:57 - [TEST_STEP][PASSED] - click: Object: 'Object Repository/Rental/RentalHeader/Rental Contract.ModeOfPayment' is clicked on

2017-11-14 18:39:57 - [MESSAGE][PASSED] - Object: 'Object Repository/Rental/RentalHeader/Rental Contract.ModeOfPayment' is clicked on

2017-11-14 18:39:57 - [TEST_STEP][PASSED] - delay: Delayed 2 second(s)

2017-11-14 18:39:59 - [MESSAGE][PASSED] - Delayed 2 second(s)

2017-11-14 18:39:59 - [TEST_STEP][PASSED] - click: Object: 'Object Repository/Rental/RentalHeader/RentalContract.CreditCardoption' is clicked on

2017-11-14 18:39:59 - [MESSAGE][PASSED] - Object: 'Object Repository/Rental/RentalHeader/RentalContract.CreditCardoption' is clicked on

2017-11-14 18:39:59 - [TEST_STEP][PASSED] - delay: Delayed 3 second(s)

2017-11-14 18:40:02 - [MESSAGE][PASSED] - Delayed 3 second(s)

2017-11-14 18:40:02 - [TEST_STEP][PASSED] - click: Object: 'Object Repository/Rental/RentalHeader/RentalContract.GeneralTab' is clicked on

2017-11-14 18:40:02 - [MESSAGE][PASSED] - Object: 'Object Repository/Rental/RentalHeader/RentalContract.GeneralTab' is clicked on

2017-11-14 18:40:02 - [TEST_STEP][PASSED] - delay: Delayed 5 second(s)

2017-11-14 18:40:07 - [MESSAGE][PASSED] - Delayed 5 second(s)

2017-11-14 18:40:07 - [TEST_STEP][PASSED] - click: Object: 'Object Repository/Rental/RentalHeader/RentalContract.Newbuttonline' is clicked on

2017-11-14 18:40:08 - [MESSAGE][PASSED] - Object: 'Object Repository/Rental/RentalHeader/RentalContract.Newbuttonline' is clicked on

2017-11-14 18:40:08 - [TEST_STEP][PASSED] - delay: Delayed 5 second(s)

2017-11-14 18:40:13 - [MESSAGE][PASSED] - Delayed 5 second(s)

2017-11-14 18:40:13 - [TEST_STEP][PASSED] - click: Object: 'Object Repository/Rental/RentalHeader/RentalContract.SetLine' is clicked on

2017-11-14 18:40:13 - [MESSAGE][PASSED] - Object: 'Object Repository/Rental/RentalHeader/RentalContract.SetLine' is clicked on

2017-11-14 18:40:13 - [TEST_STEP][PASSED] - delay: Delayed 5 second(s)

2017-11-14 18:40:18 - [MESSAGE][PASSED] - Delayed 5 second(s)

2017-11-14 18:40:18 - [TEST_STEP][PASSED] - scrollToElement: Scroll to object 'Object Repository/Rental/RentalHeader/RentalContract.Unit' successfully

2017-11-14 18:40:18 - [MESSAGE][PASSED] - Scroll to object 'Object Repository/Rental/RentalHeader/RentalContract.Unit' successfully

2017-11-14 18:40:18 - [TEST_STEP][PASSED] - delay: Delayed 3 second(s)

2017-11-14 18:40:21 - [MESSAGE][PASSED] - Delayed 3 second(s)

2017-11-14 18:40:21 - [TEST_STEP][NOT_RUN] - getText: NOT_RUN: getText

2017-11-14 18:40:21 - [MESSAGE][NOT_RUN] - NOT_RUN: getText

2017-11-14 18:40:21 - [TEST_STEP][PASSED] - click: Object: 'Object Repository/Rental/RentalHeader/RentalContract.Unit' is clicked on

2017-11-14 18:40:21 - [MESSAGE][PASSED] - Object: 'Object Repository/Rental/RentalHeader/RentalContract.Unit' is clicked on

2017-11-14 18:40:21 - [TEST_STEP][PASSED] - delay: Delayed 5 second(s)

2017-11-14 18:40:26 - [MESSAGE][PASSED] - Delayed 5 second(s)

2017-11-14 18:40:26 - [TEST_STEP][PASSED] - setText: Text 'MD0018304' is set on object 'Object Repository/Rental/RentalHeader/RentalContract.Unit'

2017-11-14 18:40:27 - [MESSAGE][PASSED] - Text 'MD0018304' is set on object 'Object Repository/Rental/RentalHeader/RentalContract.Unit'

2017-11-14 18:40:27 - [TEST_STEP][PASSED] - delay: Delayed 5 second(s)

2017-11-14 18:40:32 - [MESSAGE][PASSED] - Delayed 5 second(s)

2017-11-14 18:40:32 - [TEST_STEP][PASSED] - scrollToElement: Scroll to object 'Object Repository/Rental/RentalHeader/RentalContract.MultipleInsurence' successfully

2017-11-14 18:40:32 - [MESSAGE][PASSED] - Scroll to object 'Object Repository/Rental/RentalHeader/RentalContract.MultipleInsurence' successfully

2017-11-14 18:40:32 - [TEST_STEP][PASSED] - delay: Delayed 5 second(s)

2017-11-14 18:40:37 - [MESSAGE][PASSED] - Delayed 5 second(s)

2017-11-14 18:40:37 - [TEST_STEP][PASSED] - doubleClick: Object: 'Object Repository/Rental/RentalHeader/RentalContract.MultipleInsurence' is double clicked on

2017-11-14 18:40:37 - [MESSAGE][PASSED] - Object: 'Object Repository/Rental/RentalHeader/RentalContract.MultipleInsurence' is double clicked on

2017-11-14 18:40:37 - [TEST_STEP][PASSED] - delay: Delayed 5 second(s)

2017-11-14 18:40:42 - [MESSAGE][PASSED] - Delayed 5 second(s)

2017-11-14 18:40:42 - [TEST_STEP][PASSED] - click: Object: 'Object Repository/Rental/RentalHeader/RentalContract.MultipleInsurence' is clicked on

2017-11-14 18:40:42 - [MESSAGE][PASSED] - Object: 'Object Repository/Rental/RentalHeader/RentalContract.MultipleInsurence' is clicked on

2017-11-14 18:40:42 - [TEST_STEP][PASSED] - click: Object: 'Object Repository/Rental/RentalHeader/RentalContract.MultiInsNO' is clicked on

2017-11-14 18:40:42 - [MESSAGE][PASSED] - Object: 'Object Repository/Rental/RentalHeader/RentalContract.MultiInsNO' is clicked on

2017-11-14 18:40:42 - [TEST_STEP][PASSED] - delay: Delayed 5 second(s)

2017-11-14 18:40:47 - [MESSAGE][PASSED] - Delayed 5 second(s)

2017-11-14 18:40:47 - [TEST_STEP][PASSED] - scrollToElement: Scroll to object 'Object Repository/Rental/RentalHeader/RentalContract.GrossRateline' successfully

2017-11-14 18:40:47 - [MESSAGE][PASSED] - Scroll to object 'Object Repository/Rental/RentalHeader/RentalContract.GrossRateline' successfully

2017-11-14 18:40:47 - [TEST_STEP][NOT_RUN] - delay: NOT_RUN: delay

2017-11-14 18:40:47 - [MESSAGE][NOT_RUN] - NOT_RUN: delay

2017-11-14 18:40:47 - [TEST_STEP][PASSED] - doubleClick: Object: 'Object Repository/Rental/RentalHeader/RentalContract.GrossRateline' is double clicked on

2017-11-14 18:40:47 - [MESSAGE][PASSED] - Object: 'Object Repository/Rental/RentalHeader/RentalContract.GrossRateline' is double clicked on

2017-11-14 18:40:47 - [TEST_STEP][PASSED] - delay: Delayed 2 second(s)

2017-11-14 18:40:49 - [MESSAGE][PASSED] - Delayed 2 second(s)

2017-11-14 18:40:49 - [TEST_STEP][PASSED] - click: Object: 'Object Repository/Rental/RentalHeader/RentalContract.GrossRateline' is clicked on

2017-11-14 18:40:50 - [MESSAGE][PASSED] - Object: 'Object Repository/Rental/RentalHeader/RentalContract.GrossRateline' is clicked on

2017-11-14 18:40:50 - [TEST_STEP][PASSED] - delay: Delayed 2 second(s)

2017-11-14 18:40:52 - [MESSAGE][PASSED] - Delayed 2 second(s)

2017-11-14 18:40:52 - [TEST_STEP][PASSED] - setText: Text '100' is set on object 'Object Repository/Rental/RentalHeader/RentalContract.GrossRateline'

2017-11-14 18:40:52 - [MESSAGE][PASSED] - Text '100' is set on object 'Object Repository/Rental/RentalHeader/RentalContract.GrossRateline'

2017-11-14 18:40:52 - [TEST_STEP][PASSED] - delay: Delayed 4 second(s)

2017-11-14 18:40:56 - [MESSAGE][PASSED] - Delayed 4 second(s)

2017-11-14 18:40:56 - [TEST_STEP][PASSED] - click: Object: 'Object Repository/Rental/RentalHeader/RentalContract.SaveHeader' is clicked on

2017-11-14 18:40:56 - [MESSAGE][PASSED] - Object: 'Object Repository/Rental/RentalHeader/RentalContract.SaveHeader' is clicked on

2017-11-14 18:40:56 - [TEST_STEP][PASSED] - delay: Delayed 5 second(s)

2017-11-14 18:41:01 - [MESSAGE][PASSED] - Delayed 5 second(s)

2017-11-14 18:41:01 - [TEST_STEP][PASSED] - click: Object: 'Object Repository/Rental/RentalHeader/RentalContract.Action' is clicked on

2017-11-14 18:41:01 - [MESSAGE][PASSED] - Object: 'Object Repository/Rental/RentalHeader/RentalContract.Action' is clicked on

2017-11-14 18:41:01 - [TEST_STEP][PASSED] - delay: Delayed 8 second(s)

2017-11-14 18:41:09 - [MESSAGE][PASSED] - Delayed 8 second(s)

2017-11-14 18:41:09 - [TEST_STEP][PASSED] - click: Object: 'Object Repository/Rental/RentalHeader/RentalContract.Release' is clicked on

2017-11-14 18:41:10 - [MESSAGE][PASSED] - Object: 'Object Repository/Rental/RentalHeader/RentalContract.Release' is clicked on

2017-11-14 18:41:10 - [TEST_STEP][PASSED] - delay: Delayed 12 second(s)

2017-11-14 18:41:22 - [MESSAGE][PASSED] - Delayed 12 second(s)

2017-11-14 18:41:22 - [TEST_STEP][PASSED] - click: Object: 'Object Repository/Rental/RentalHeader/RentalContract.ActionDelivery' is clicked on

2017-11-14 18:41:22 - [MESSAGE][PASSED] - Object: 'Object Repository/Rental/RentalHeader/RentalContract.ActionDelivery' is clicked on

2017-11-14 18:41:22 - [TEST_STEP][PASSED] - delay: Delayed 6 second(s)

2017-11-14 18:41:28 - [MESSAGE][PASSED] - Delayed 6 second(s)

2017-11-14 18:41:28 - [TEST_STEP][PASSED] - click: Object: 'Object Repository/Rental/RentalHeader/RentalContract.ConfirmDelivery' is clicked on

2017-11-14 18:41:28 - [MESSAGE][PASSED] - Object: 'Object Repository/Rental/RentalHeader/RentalContract.ConfirmDelivery' is clicked on

2017-11-14 18:41:28 - [TEST_STEP][PASSED] - delay: Delayed 8 second(s)

2017-11-14 18:41:36 - [MESSAGE][PASSED] - Delayed 8 second(s)

2017-11-14 18:41:36 - [TEST_STEP][NOT_RUN] - waitForElementPresent: NOT_RUN: waitForElementPresent

2017-11-14 18:41:36 - [MESSAGE][NOT_RUN] - NOT_RUN: waitForElementPresent

2017-11-14 18:41:36 - [TEST_STEP][NOT_RUN] - delay: NOT_RUN: delay

2017-11-14 18:41:36 - [MESSAGE][NOT_RUN] - NOT_RUN: delay

2017-11-14 18:41:36 - [TEST_STEP][PASSED] - click: Object: 'Object Repository/Rental/RentalHeader/RentalContract.DeliveryProceed' is clicked on

2017-11-14 18:41:36 - [MESSAGE][PASSED] - Object: 'Object Repository/Rental/RentalHeader/RentalContract.DeliveryProceed' is clicked on

2017-11-14 18:41:36 - [TEST_STEP][PASSED] - delay: Delayed 12 second(s)

2017-11-14 18:41:48 - [MESSAGE][PASSED] - Delayed 12 second(s)

2017-11-14 18:41:48 - [TEST_STEP][NOT_RUN] - waitForElementPresent: NOT_RUN: waitForElementPresent

2017-11-14 18:41:48 - [MESSAGE][NOT_RUN] - NOT_RUN: waitForElementPresent

2017-11-14 18:41:48 - [TEST_STEP][NOT_RUN] - delay: NOT_RUN: delay

2017-11-14 18:41:48 - [MESSAGE][NOT_RUN] - NOT_RUN: delay

2017-11-14 18:41:48 - [TEST_STEP][NOT_RUN] - click: NOT_RUN: click

2017-11-14 18:41:48 - [MESSAGE][NOT_RUN] - NOT_RUN: click

2017-11-14 18:41:48 - [TEST_STEP][PASSED] - delay: Delayed 8 second(s)

2017-11-14 18:41:56 - [MESSAGE][PASSED] - Delayed 8 second(s)

2017-11-14 18:41:56 - [TEST_STEP][PASSED] - click: Object: 'Object Repository/Rental/RentalHeader/RentalContract.InspetionReportClose' is clicked on

2017-11-14 18:41:57 - [MESSAGE][PASSED] - Object: 'Object Repository/Rental/RentalHeader/RentalContract.InspetionReportClose' is clicked on

2017-11-14 18:41:57 - [TEST_STEP][PASSED] - delay: Delayed 5 second(s)

2017-11-14 18:42:02 - [MESSAGE][PASSED] - Delayed 5 second(s)

2017-11-14 18:42:02 - [TEST_STEP][PASSED] - click: Object: 'Object Repository/Rental/RentalHeader/RentalContract.BillofLaddingClosed' is clicked on

2017-11-14 18:42:02 - [MESSAGE][PASSED] - Object: 'Object Repository/Rental/RentalHeader/RentalContract.BillofLaddingClosed' is clicked on

2017-11-14 18:42:02 - [TEST_STEP][PASSED] - delay: Delayed 5 second(s)

2017-11-14 18:42:07 - [MESSAGE][PASSED] - Delayed 5 second(s)

2017-11-14 18:42:07 - [TEST_STEP][PASSED] - click: Object: 'Object Repository/Rental/RentalHeader/RentalContract.EqipRentalMemoclosed' is clicked on

2017-11-14 18:42:07 - [MESSAGE][PASSED] - Object: 'Object Repository/Rental/RentalHeader/RentalContract.EqipRentalMemoclosed' is clicked on

2017-11-14 18:42:07 - [TEST_STEP][PASSED] - delay: Delayed 5 second(s)

2017-11-14 18:42:12 - [MESSAGE][PASSED] - Delayed 5 second(s)

2017-11-14 18:42:12 - [TEST_STEP][PASSED] - click: Object: 'Object Repository/Rental/RentalHeader/RentalContract.InspectionOrdergnerated' is clicked on

2017-11-14 18:42:12 - [MESSAGE][PASSED] - Object: 'Object Repository/Rental/RentalHeader/RentalContract.InspectionOrdergnerated' is clicked on

2017-11-14 18:42:12 - [MESSAGE][PASSED] - Call Test Case 'Test Cases/Rental/Base_RentalContract/Base_CreateRentalHeader' successfully

2017-11-14 18:42:12 - [TEST_STEP][PASSED] - callTestCase: Call Test Case 'Test Cases/Rental/Base_RentalContract/Base_CreateRentalInvoice_CC' successfully

2017-11-14 18:42:12 - [TEST_CASE][PASSED] - Test Cases/Rental/Base_RentalContract/Base_CreateRentalInvoice_CC: Test Cases/Rental/Base_RentalContract/Base_CreateRentalInvoice_CC

2017-11-14 18:42:12 - [TEST_STEP][NOT_RUN] - callTestCase: NOT_RUN: callTestCase

2017-11-14 18:42:12 - [MESSAGE][NOT_RUN] - NOT_RUN: callTestCase

2017-11-14 18:42:12 - [TEST_STEP][PASSED] - delay: Delayed 4 second(s)

2017-11-14 18:42:16 - [MESSAGE][PASSED] - Delayed 4 second(s)

2017-11-14 18:42:16 - [TEST_STEP][PASSED] - click: Object: 'Object Repository/Rental/RentalHeader/RentalInvoice/RentalInvoice.InvoicingscheduleTab' is clicked on

2017-11-14 18:42:17 - [MESSAGE][PASSED] - Object: 'Object Repository/Rental/RentalHeader/RentalInvoice/RentalInvoice.InvoicingscheduleTab' is clicked on

2017-11-14 18:42:17 - [TEST_STEP][PASSED] - delay: Delayed 4 second(s)

2017-11-14 18:42:21 - [MESSAGE][PASSED] - Delayed 4 second(s)

2017-11-14 18:42:21 - [TEST_STEP][PASSED] - click: Object: 'Object Repository/Rental/RentalHeader/RentalInvoice/RentalInvoice.Action' is clicked on

2017-11-14 18:42:21 - [MESSAGE][PASSED] - Object: 'Object Repository/Rental/RentalHeader/RentalInvoice/RentalInvoice.Action' is clicked on

2017-11-14 18:42:21 - [TEST_STEP][PASSED] - delay: Delayed 4 second(s)

2017-11-14 18:42:25 - [MESSAGE][PASSED] - Delayed 4 second(s)

2017-11-14 18:42:25 - [TEST_STEP][PASSED] - click: Object: 'Object Repository/Rental/RentalHeader/RentalInvoice/RentalInvoice.ProcessInvoice' is clicked on

2017-11-14 18:42:25 - [MESSAGE][PASSED] - Object: 'Object Repository/Rental/RentalHeader/RentalInvoice/RentalInvoice.ProcessInvoice' is clicked on

2017-11-14 18:42:25 - [TEST_STEP][PASSED] - delay: Delayed 4 second(s)

2017-11-14 18:42:29 - [MESSAGE][PASSED] - Delayed 4 second(s)

2017-11-14 18:42:29 - [TEST_STEP][PASSED] - click: Object: 'Object Repository/Rental/RentalHeader/RentalInvoice/RentalInvoice.ProcessInvoice2' is clicked on

2017-11-14 18:42:29 - [MESSAGE][PASSED] - Object: 'Object Repository/Rental/RentalHeader/RentalInvoice/RentalInvoice.ProcessInvoice2' is clicked on

2017-11-14 18:42:29 - [TEST_STEP][PASSED] - delay: Delayed 0 second(s)

2017-11-14 18:42:29 - [MESSAGE][PASSED] - Delayed 0 second(s)

2017-11-14 18:42:29 - [TEST_STEP][PASSED] - click: Object: 'Object Repository/Rental/RentalHeader/RentalInvoice/RentalInvoice.InvoiceProcessYES' is clicked on

2017-11-14 18:42:30 - [MESSAGE][PASSED] - Object: 'Object Repository/Rental/RentalHeader/RentalInvoice/RentalInvoice.InvoiceProcessYES' is clicked on

2017-11-14 18:42:30 - [TEST_STEP][PASSED] - delay: Delayed 0 second(s)

2017-11-14 18:42:30 - [MESSAGE][PASSED] - Delayed 0 second(s)

2017-11-14 18:42:30 - [TEST_STEP][PASSED] - setText: Text 'GLOBAL' is set on object 'Object Repository/Rental/RentalHeader/RentalInvoice/ServiceCreditCard.PaymentGateway'

2017-11-14 18:42:31 - [MESSAGE][PASSED] - Text 'GLOBAL' is set on object 'Object Repository/Rental/RentalHeader/RentalInvoice/ServiceCreditCard.PaymentGateway'

2017-11-14 18:42:31 - [TEST_STEP][NOT_RUN] - sendKeys: NOT_RUN: sendKeys

2017-11-14 18:42:31 - [MESSAGE][NOT_RUN] - NOT_RUN: sendKeys

2017-11-14 18:42:31 - [TEST_STEP][PASSED] - doubleClick: Object: 'Object Repository/Rental/RentalHeader/RentalInvoice/ServiceCreditCard.CardType' is double clicked on

2017-11-14 18:42:31 - [MESSAGE][PASSED] - Object: 'Object Repository/Rental/RentalHeader/RentalInvoice/ServiceCreditCard.CardType' is double clicked on

2017-11-14 18:42:31 - [TEST_STEP][PASSED] - setText: Text 'DEBIT MASTERCARD' is set on object 'Object Repository/Rental/RentalHeader/RentalInvoice/ServiceCreditCard.CardType'

2017-11-14 18:42:31 - [MESSAGE][PASSED] - Text 'DEBIT MASTERCARD' is set on object 'Object Repository/Rental/RentalHeader/RentalInvoice/ServiceCreditCard.CardType'

2017-11-14 18:42:31 - [TEST_STEP][PASSED] - delay: Delayed 2 second(s)

2017-11-14 18:42:33 - [MESSAGE][PASSED] - Delayed 2 second(s)

2017-11-14 18:42:33 - [TEST_STEP][PASSED] - doubleClick: Object: 'Object Repository/Rental/RentalHeader/RentalInvoice/ServiceCreditCard.Enter CC No' is double clicked on

2017-11-14 18:42:34 - [MESSAGE][PASSED] - Object: 'Object Repository/Rental/RentalHeader/RentalInvoice/ServiceCreditCard.Enter CC No' is double clicked on

2017-11-14 18:42:34 - [TEST_STEP][PASSED] - sendKeys: Keys '5100270000000007' sent to object: 'Object Repository/Rental/RentalHeader/RentalInvoice/ServiceCreditCard.Enter CC No'

2017-11-14 18:42:34 - [MESSAGE][PASSED] - Keys '5100270000000007' sent to object: 'Object Repository/Rental/RentalHeader/RentalInvoice/ServiceCreditCard.Enter CC No'

2017-11-14 18:42:34 - [TEST_STEP][PASSED] - delay: Delayed 2 second(s)

2017-11-14 18:42:36 - [MESSAGE][PASSED] - Delayed 2 second(s)

2017-11-14 18:42:36 - [TEST_STEP][PASSED] - click: Object: 'Object Repository/Rental/RentalHeader/RentalInvoice/ServiceCreditCard.CVV2' is clicked on

2017-11-14 18:42:36 - [MESSAGE][PASSED] - Object: 'Object Repository/Rental/RentalHeader/RentalInvoice/ServiceCreditCard.CVV2' is clicked on

2017-11-14 18:42:36 - [TEST_STEP][PASSED] - sendKeys: Keys '865' sent to object: 'Object Repository/Rental/RentalHeader/RentalInvoice/ServiceCreditCard.CVV2'

2017-11-14 18:42:36 - [MESSAGE][PASSED] - Keys '865' sent to object: 'Object Repository/Rental/RentalHeader/RentalInvoice/ServiceCreditCard.CVV2'

2017-11-14 18:42:36 - [TEST_STEP][NOT_RUN] - sendKeys: NOT_RUN: sendKeys

2017-11-14 18:42:36 - [MESSAGE][NOT_RUN] - NOT_RUN: sendKeys

2017-11-14 18:42:36 - [TEST_STEP][NOT_RUN] - delay: NOT_RUN: delay

2017-11-14 18:42:36 - [MESSAGE][NOT_RUN] - NOT_RUN: delay

2017-11-14 18:42:36 - [TEST_STEP][PASSED] - delay: Delayed 3 second(s)

2017-11-14 18:42:39 - [MESSAGE][PASSED] - Delayed 3 second(s)

2017-11-14 18:42:39 - [TEST_STEP][PASSED] - setText: Text '09' is set on object 'Object Repository/Rental/RentalHeader/RentalInvoice/ServiceCreditCard.ExpiryMonth'

2017-11-14 18:42:40 - [MESSAGE][PASSED] - Text '09' is set on object 'Object Repository/Rental/RentalHeader/RentalInvoice/ServiceCreditCard.ExpiryMonth'

2017-11-14 18:42:40 - [TEST_STEP][PASSED] - setText: Text '99' is set on object 'Object Repository/Rental/RentalHeader/RentalInvoice/ServiceCreditCard.ExpiryYear'

2017-11-14 18:42:40 - [MESSAGE][PASSED] - Text '99' is set on object 'Object Repository/Rental/RentalHeader/RentalInvoice/ServiceCreditCard.ExpiryYear'

2017-11-14 18:42:40 - [TEST_STEP][PASSED] - click: Object: 'Object Repository/Rental/RentalHeader/RentalInvoice/ServiceCreditCard.Process' is clicked on

2017-11-14 18:42:40 - [MESSAGE][PASSED] - Object: 'Object Repository/Rental/RentalHeader/RentalInvoice/ServiceCreditCard.Process' is clicked on

2017-11-14 18:42:40 - [TEST_STEP][PASSED] - delay: Delayed 13 second(s)

2017-11-14 18:42:53 - [MESSAGE][PASSED] - Delayed 13 second(s)

2017-11-14 18:42:53 - [TEST_STEP][PASSED] - click: Object: 'Object Repository/Rental/RentalHeader/RentalInvoice/ServiceCreditCard.PrintDevice' is clicked on

2017-11-14 18:42:53 - [MESSAGE][PASSED] - Object: 'Object Repository/Rental/RentalHeader/RentalInvoice/ServiceCreditCard.PrintDevice' is clicked on

2017-11-14 18:42:53 - [TEST_STEP][PASSED] - delay: Delayed 10 second(s)

2017-11-14 18:43:03 - [MESSAGE][PASSED] - Delayed 10 second(s)

2017-11-14 18:43:03 - [TEST_STEP][PASSED] - click: Object: 'Object Repository/Rental/RentalHeader/RentalInvoice/ServiceCreditCard.PrintOK' is clicked on

2017-11-14 18:43:04 - [MESSAGE][PASSED] - Object: 'Object Repository/Rental/RentalHeader/RentalInvoice/ServiceCreditCard.PrintOK' is clicked on

2017-11-14 18:43:04 - [TEST_STEP][PASSED] - delay: Delayed 5 second(s)

2017-11-14 18:43:09 - [MESSAGE][PASSED] - Delayed 5 second(s)

2017-11-14 18:43:09 - [TEST_STEP][PASSED] - click: Object: 'Object Repository/Rental/RentalHeader/RentalInvoice/RentalInvoice.CloseRentalInvoicesession' is clicked on

2017-11-14 18:43:09 - [MESSAGE][PASSED] - Object: 'Object Repository/Rental/RentalHeader/RentalInvoice/RentalInvoice.CloseRentalInvoicesession' is clicked on

2017-11-14 18:43:09 - [TEST_STEP][PASSED] - delay: Delayed 3 second(s)

2017-11-14 18:43:12 - [MESSAGE][PASSED] - Delayed 3 second(s)

2017-11-14 18:43:12 - [TEST_STEP][PASSED] - closeBrowser: Browser is closed

2017-11-14 18:43:12 - [MESSAGE][PASSED] - Browser is closed

2017-11-14 18:43:12 - [MESSAGE][PASSED] - Call Test Case 'Test Cases/Rental/Base_RentalContract/Base_CreateRentalInvoice_CC' successfully]]></system-out>
         <system-err><![CDATA[]]></system-err>
      </testcase>
      <system-out><![CDATA[2017-11-14 18:33:10 - [TEST_SUITE][PASSED] - CC_RentalInvoice: Test Cases/Rental/Base_RentalContract/CreditCardRegression/TC003_RentalContractInvoice_CC]]></system-out>
      <system-err><![CDATA[]]></system-err>
   </testsuite>
</testsuites>
