<?xml version="1.0" encoding="UTF-8"?>
<testsuites name="CC_RentalInvoicewithSplitTenderTestSuite" time="649" tests="0" failures="2" errors="0">
   <testsuite name="CC_RentalInvoicewithSplitTenderTestSuite" tests="0" failures="2" errors="0" time="649" timestamp="2017-11-15 15:00:53" hostname="agawhande - ANIL110.e-emphasys.com" id="Test Suites/CC_RentalInvoicewithSplitTenderTestSuite">
      <properties>
         <property name="deviceName" value=""/>
         <property name="devicePlatform" value=""/>
         <property name="logFolder" value="C:\\Users\\agawhande\\git\\CreditCard\\Reports\\CC_RentalInvoicewithSplitTenderTestSuite\\20171115_150045"/>
         <property name="logFiles" value="C:\\Users\\agawhande\\git\\CreditCard\\Reports\\CC_RentalInvoicewithSplitTenderTestSuite\\20171115_150045\\execution0.log"/>
         <property name="attachments" value="C:\\Users\\agawhande\\git\\CreditCard\\Reports\\CC_RentalInvoicewithSplitTenderTestSuite\\20171115_150045\\1510738580624.png, C:\\Users\\agawhande\\git\\CreditCard\\Reports\\CC_RentalInvoicewithSplitTenderTestSuite\\20171115_150045\\1510738901740.png"/>
         <property name="hostName" value="agawhande - ANIL110.e-emphasys.com"/>
         <property name="os" value="Windows 7 64bit"/>
         <property name="katalonVersion" value="4.8.0.2"/>
         <property name="browser" value="Firefox 56.0"/>
         <property name="hostAddress" value="192.168.25.228"/>
         <property name="sessionId" value="dcfb924f-6a06-4787-bb02-fa1eedb5160c"/>
         <property name="seleniumVersion" value="unknown"/>
         <property name="proxyInformation" value="ProxyInformation{proxyOption=NO_PROXY, proxyServerType=, password=, proxyServerAddress=, proxyServerPort=0}"/>
         <property name="platform" value="Windows 7"/>
      </properties>
      <testcase name="Test Cases/Rental/Base_RentalContract/CreditCardRegression/TC004_RentalContractInvoice_SplitTender - Iteration 1" classname="Test Cases/Rental/Base_RentalContract/CreditCardRegression/TC004_RentalContractInvoice_SplitTender" status="FAILED">
         <failure type="FAILED" message="Test Cases/Rental/Base_RentalContract/CreditCardRegression/TC004_RentalContractInvoice_SplitTender FAILED because (of) Unable to get text of object 'Object Repository/Service/ServiceOrder/CreditCardSplitTender/SplitTender.OrderAmtHeader' (Root cause: com.kms.katalon.core.webui.exception.WebElementNotFoundException: Web element with id: 'Object Repository/Service/ServiceOrder/CreditCardSplitTender/SplitTender.OrderAmtHeader' located by 'By.xpath: //*[@id = 'xiext8105m000-4-c.amount-4']' not found)"/>
         <system-out><![CDATA[2017-11-15 15:00:53 - [TEST_CASE][FAILED] - Test Cases/Rental/Base_RentalContract/CreditCardRegression/TC004_RentalContractInvoice_SplitTender - Iteration 1: Test Cases/Rental/Base_RentalContract/CreditCardRegression/TC004_RentalContractInvoice_SplitTender FAILED because (of) Unable to get text of object 'Object Repository/Service/ServiceOrder/CreditCardSplitTender/SplitTender.OrderAmtHeader' (Root cause: com.kms.katalon.core.webui.exception.WebElementNotFoundException: Web element with id: 'Object Repository/Service/ServiceOrder/CreditCardSplitTender/SplitTender.OrderAmtHeader' located by 'By.xpath: //*[@id = 'xiext8105m000-4-c.amount-4']' not found)

2017-11-15 15:00:54 - [TEST_STEP][PASSED] - callTestCase: Call Test Case 'Test Cases/Equipment/Base_EquipmentPurchase/EPO_CreateNrecieve' successfully

2017-11-15 15:00:54 - [TEST_CASE][PASSED] - Test Cases/Equipment/Base_EquipmentPurchase/EPO_CreateNrecieve: Test Cases/Equipment/Base_EquipmentPurchase/EPO_CreateNrecieve

2017-11-15 15:00:55 - [TEST_STEP][PASSED] - callTestCase: Call Test Case 'Test Cases/Equipment/Base_EquipmentPurchase/Base_EPO_CreateHeaderNline' successfully

2017-11-15 15:00:55 - [TEST_CASE][PASSED] - Test Cases/Equipment/Base_EquipmentPurchase/Base_EPO_CreateHeaderNline: Test Cases/Equipment/Base_EquipmentPurchase/Base_EPO_CreateHeaderNline

2017-11-15 15:00:55 - [TEST_STEP][PASSED] - callTestCase: Call Test Case 'Test Cases/Common/Base_Common_OpenSession' successfully

2017-11-15 15:00:55 - [TEST_CASE][PASSED] - Test Cases/Common/Base_Common_OpenSession: Test Cases/Common/Base_Common_OpenSession

2017-11-15 15:00:55 - [TEST_STEP][PASSED] - openBrowser: Browser is opened with url: 'https://rgajbhiye:Robin$123@proxima-ln4.e-emphasys.com:8441/webui/servlet/login'

2017-11-15 15:01:03 - [MESSAGE][PASSED] - Browser is opened with url: 'https://rgajbhiye:Robin$123@proxima-ln4.e-emphasys.com:8441/webui/servlet/login'

2017-11-15 15:01:03 - [TEST_STEP][PASSED] - waitForPageLoad: Wait for page load successfully

2017-11-15 15:01:03 - [MESSAGE][PASSED] - Wait for page load successfully

2017-11-15 15:01:03 - [TEST_STEP][PASSED] - maximizeWindow: Current window maximized

2017-11-15 15:01:03 - [MESSAGE][PASSED] - Current window maximized

2017-11-15 15:01:03 - [TEST_STEP][PASSED] - click: Object: 'Object Repository/Common/HomePage/HomePage_more' is clicked on

2017-11-15 15:01:06 - [MESSAGE][PASSED] - Object: 'Object Repository/Common/HomePage/HomePage_more' is clicked on

2017-11-15 15:01:06 - [TEST_STEP][PASSED] - click: Object: 'Object Repository/Common/HomePage/HomePage_Option' is clicked on

2017-11-15 15:01:06 - [MESSAGE][PASSED] - Object: 'Object Repository/Common/HomePage/HomePage_Option' is clicked on

2017-11-15 15:01:06 - [TEST_STEP][PASSED] - click: Object: 'Object Repository/Common/HomePage/HomePage_RunProgram_' is clicked on

2017-11-15 15:01:06 - [MESSAGE][PASSED] - Object: 'Object Repository/Common/HomePage/HomePage_RunProgram_' is clicked on

2017-11-15 15:01:06 - [TEST_STEP][PASSED] - sendKeys: Keys 'tdext8150s000' sent to object: 'Object Repository/Common/HomePage/HomePage_Session_ID'

2017-11-15 15:01:06 - [MESSAGE][PASSED] - Keys 'tdext8150s000' sent to object: 'Object Repository/Common/HomePage/HomePage_Session_ID'

2017-11-15 15:01:06 - [TEST_STEP][PASSED] - click: Object: 'Object Repository/Common/HomePage/HomePage_OkButton' is clicked on

2017-11-15 15:01:07 - [MESSAGE][PASSED] - Object: 'Object Repository/Common/HomePage/HomePage_OkButton' is clicked on

2017-11-15 15:01:07 - [MESSAGE][PASSED] - Call Test Case 'Test Cases/Common/Base_Common_OpenSession' successfully

2017-11-15 15:01:07 - [TEST_STEP][PASSED] - waitForElementPresent: Object 'Object Repository/Equipment/EquipmentPurchase/EPO_Header/EPO_Header_New' is present

2017-11-15 15:01:09 - [MESSAGE][PASSED] - Object 'Object Repository/Equipment/EquipmentPurchase/EPO_Header/EPO_Header_New' is present

2017-11-15 15:01:09 - [TEST_STEP][PASSED] - click: Object: 'Object Repository/Equipment/EquipmentPurchase/EPO_Header/EPO_Header_New' is clicked on

2017-11-15 15:01:09 - [MESSAGE][PASSED] - Object: 'Object Repository/Equipment/EquipmentPurchase/EPO_Header/EPO_Header_New' is clicked on

2017-11-15 15:01:09 - [TEST_STEP][PASSED] - click: Object: 'Object Repository/Equipment/EquipmentPurchase/EPO_Header/EPO_Header_Customer' is clicked on

2017-11-15 15:01:09 - [MESSAGE][PASSED] - Object: 'Object Repository/Equipment/EquipmentPurchase/EPO_Header/EPO_Header_Customer' is clicked on

2017-11-15 15:01:09 - [TEST_STEP][PASSED] - setText: Text 'M00000010' is set on object 'Object Repository/Equipment/EquipmentPurchase/EPO_Header/EPO_Header_Customer'

2017-11-15 15:01:09 - [MESSAGE][PASSED] - Text 'M00000010' is set on object 'Object Repository/Equipment/EquipmentPurchase/EPO_Header/EPO_Header_Customer'

2017-11-15 15:01:09 - [TEST_STEP][PASSED] - click: Object: 'Object Repository/Equipment/EquipmentPurchase/EPO_Header/EPO_Header_Save' is clicked on

2017-11-15 15:01:10 - [MESSAGE][PASSED] - Object: 'Object Repository/Equipment/EquipmentPurchase/EPO_Header/EPO_Header_Save' is clicked on

2017-11-15 15:01:10 - [TEST_STEP][PASSED] - delay: Delayed 5 second(s)

2017-11-15 15:01:15 - [MESSAGE][PASSED] - Delayed 5 second(s)

2017-11-15 15:01:15 - [TEST_STEP][PASSED] - click: Object: 'Object Repository/Equipment/EquipmentPurchase/EPO_Header/EPO_Header_Action' is clicked on

2017-11-15 15:01:15 - [MESSAGE][PASSED] - Object: 'Object Repository/Equipment/EquipmentPurchase/EPO_Header/EPO_Header_Action' is clicked on

2017-11-15 15:01:15 - [TEST_STEP][PASSED] - click: Object: 'Object Repository/Equipment/EquipmentPurchase/EPO_Header/EPO_Header_Action_OrderLines' is clicked on

2017-11-15 15:01:15 - [MESSAGE][PASSED] - Object: 'Object Repository/Equipment/EquipmentPurchase/EPO_Header/EPO_Header_Action_OrderLines' is clicked on

2017-11-15 15:01:15 - [TEST_STEP][PASSED] - waitForElementPresent: Object 'Object Repository/Equipment/EquipmentPurchase/EPO_Line/EPO_MultiLine_New' is present

2017-11-15 15:01:16 - [MESSAGE][PASSED] - Object 'Object Repository/Equipment/EquipmentPurchase/EPO_Line/EPO_MultiLine_New' is present

2017-11-15 15:01:16 - [TEST_STEP][PASSED] - click: Object: 'Object Repository/Equipment/EquipmentPurchase/EPO_Line/EPO_MultiLine_New' is clicked on

2017-11-15 15:01:17 - [MESSAGE][PASSED] - Object: 'Object Repository/Equipment/EquipmentPurchase/EPO_Line/EPO_MultiLine_New' is clicked on

2017-11-15 15:01:17 - [TEST_STEP][PASSED] - waitForElementPresent: Object 'Object Repository/Equipment/EquipmentPurchase/EPO_Line/EPO_Line_Model' is present

2017-11-15 15:01:18 - [MESSAGE][PASSED] - Object 'Object Repository/Equipment/EquipmentPurchase/EPO_Line/EPO_Line_Model' is present

2017-11-15 15:01:18 - [TEST_STEP][PASSED] - click: Object: 'Object Repository/Equipment/EquipmentPurchase/EPO_Line/EPO_Line_Model' is clicked on

2017-11-15 15:01:18 - [MESSAGE][PASSED] - Object: 'Object Repository/Equipment/EquipmentPurchase/EPO_Line/EPO_Line_Model' is clicked on

2017-11-15 15:01:18 - [TEST_STEP][PASSED] - delay: Delayed 2 second(s)

2017-11-15 15:01:20 - [MESSAGE][PASSED] - Delayed 2 second(s)

2017-11-15 15:01:20 - [TEST_STEP][PASSED] - setText: Text '1032' is set on object 'Object Repository/Equipment/EquipmentPurchase/EPO_Line/EPO_Line_Model'

2017-11-15 15:01:20 - [MESSAGE][PASSED] - Text '1032' is set on object 'Object Repository/Equipment/EquipmentPurchase/EPO_Line/EPO_Line_Model'

2017-11-15 15:01:20 - [TEST_STEP][PASSED] - click: Object: 'Object Repository/Equipment/EquipmentPurchase/EPO_Line/EPO_Line_NeworUsed' is clicked on

2017-11-15 15:01:20 - [MESSAGE][PASSED] - Object: 'Object Repository/Equipment/EquipmentPurchase/EPO_Line/EPO_Line_NeworUsed' is clicked on

2017-11-15 15:01:20 - [TEST_STEP][PASSED] - click: Object: 'Object Repository/Equipment/EquipmentPurchase/EPO_Line/EPO_Line_NewEquipOption' is clicked on

2017-11-15 15:01:20 - [MESSAGE][PASSED] - Object: 'Object Repository/Equipment/EquipmentPurchase/EPO_Line/EPO_Line_NewEquipOption' is clicked on

2017-11-15 15:01:20 - [TEST_STEP][PASSED] - click: Object: 'Object Repository/Equipment/EquipmentPurchase/EPO_Line/EPO_Line_PlannedDate' is clicked on

2017-11-15 15:01:20 - [MESSAGE][PASSED] - Object: 'Object Repository/Equipment/EquipmentPurchase/EPO_Line/EPO_Line_PlannedDate' is clicked on

2017-11-15 15:01:20 - [TEST_STEP][PASSED] - delay: Delayed 2 second(s)

2017-11-15 15:01:22 - [MESSAGE][PASSED] - Delayed 2 second(s)

2017-11-15 15:01:22 - [TEST_STEP][PASSED] - setText: Text '+10' is set on object 'Object Repository/Equipment/EquipmentPurchase/EPO_Line/EPO_Line_PlannedDate'

2017-11-15 15:01:23 - [MESSAGE][PASSED] - Text '+10' is set on object 'Object Repository/Equipment/EquipmentPurchase/EPO_Line/EPO_Line_PlannedDate'

2017-11-15 15:01:23 - [TEST_STEP][PASSED] - click: Object: 'Object Repository/Equipment/EquipmentPurchase/EPO_Line/EPO_Line_Price' is clicked on

2017-11-15 15:01:23 - [MESSAGE][PASSED] - Object: 'Object Repository/Equipment/EquipmentPurchase/EPO_Line/EPO_Line_Price' is clicked on

2017-11-15 15:01:23 - [TEST_STEP][PASSED] - delay: Delayed 2 second(s)

2017-11-15 15:01:25 - [MESSAGE][PASSED] - Delayed 2 second(s)

2017-11-15 15:01:25 - [TEST_STEP][PASSED] - setText: Text '100' is set on object 'Object Repository/Equipment/EquipmentPurchase/EPO_Line/EPO_Line_Price'

2017-11-15 15:01:25 - [MESSAGE][PASSED] - Text '100' is set on object 'Object Repository/Equipment/EquipmentPurchase/EPO_Line/EPO_Line_Price'

2017-11-15 15:01:25 - [TEST_STEP][PASSED] - click: Object: 'Object Repository/Equipment/EquipmentPurchase/EPO_Line/EPO_Line_Save' is clicked on

2017-11-15 15:01:25 - [MESSAGE][PASSED] - Object: 'Object Repository/Equipment/EquipmentPurchase/EPO_Line/EPO_Line_Save' is clicked on

2017-11-15 15:01:25 - [TEST_STEP][PASSED] - click: Object: 'Object Repository/Equipment/EquipmentPurchase/EPO_Line/EPO_Line_importNO' is clicked on

2017-11-15 15:01:26 - [MESSAGE][PASSED] - Object: 'Object Repository/Equipment/EquipmentPurchase/EPO_Line/EPO_Line_importNO' is clicked on

2017-11-15 15:01:26 - [TEST_STEP][PASSED] - click: Object: 'Object Repository/Equipment/EquipmentPurchase/EPO_Line/EPO_Line_SaveNclose' is clicked on

2017-11-15 15:01:26 - [MESSAGE][PASSED] - Object: 'Object Repository/Equipment/EquipmentPurchase/EPO_Line/EPO_Line_SaveNclose' is clicked on

2017-11-15 15:01:26 - [TEST_STEP][PASSED] - delay: Delayed 2 second(s)

2017-11-15 15:01:28 - [MESSAGE][PASSED] - Delayed 2 second(s)

2017-11-15 15:01:28 - [TEST_STEP][PASSED] - click: Object: 'Object Repository/Equipment/EquipmentPurchase/EPO_Line/EPO_MultiLine_SavenClose' is clicked on

2017-11-15 15:01:28 - [MESSAGE][PASSED] - Object: 'Object Repository/Equipment/EquipmentPurchase/EPO_Line/EPO_MultiLine_SavenClose' is clicked on

2017-11-15 15:01:28 - [MESSAGE][PASSED] - Call Test Case 'Test Cases/Equipment/Base_EquipmentPurchase/Base_EPO_CreateHeaderNline' successfully

2017-11-15 15:01:28 - [TEST_STEP][PASSED] - callTestCase: Call Test Case 'Test Cases/Equipment/Base_EquipmentPurchase/Base_EPO_Reciept' successfully

2017-11-15 15:01:28 - [TEST_CASE][PASSED] - Test Cases/Equipment/Base_EquipmentPurchase/Base_EPO_Reciept: Test Cases/Equipment/Base_EquipmentPurchase/Base_EPO_Reciept

2017-11-15 15:01:29 - [TEST_STEP][PASSED] - click: Object: 'Object Repository/Equipment/EquipmentPurchase/EPO_Header/EPO_Header_Action' is clicked on

2017-11-15 15:01:29 - [MESSAGE][PASSED] - Object: 'Object Repository/Equipment/EquipmentPurchase/EPO_Header/EPO_Header_Action' is clicked on

2017-11-15 15:01:29 - [TEST_STEP][PASSED] - click: Object: 'Object Repository/Equipment/EquipmentPurchase/EPO_Header/EPO_Header_Action_SendForApproval' is clicked on

2017-11-15 15:01:29 - [MESSAGE][PASSED] - Object: 'Object Repository/Equipment/EquipmentPurchase/EPO_Header/EPO_Header_Action_SendForApproval' is clicked on

2017-11-15 15:01:29 - [TEST_STEP][PASSED] - delay: Delayed 5 second(s)

2017-11-15 15:01:34 - [MESSAGE][PASSED] - Delayed 5 second(s)

2017-11-15 15:01:34 - [TEST_STEP][PASSED] - click: Object: 'Object Repository/Equipment/EquipmentPurchase/EPO_Header/EPO_Header_Action' is clicked on

2017-11-15 15:01:34 - [MESSAGE][PASSED] - Object: 'Object Repository/Equipment/EquipmentPurchase/EPO_Header/EPO_Header_Action' is clicked on

2017-11-15 15:01:34 - [TEST_STEP][PASSED] - click: Object: 'Object Repository/Equipment/EquipmentPurchase/EPO_Header/EPO_Header_Apporve' is clicked on

2017-11-15 15:01:34 - [MESSAGE][PASSED] - Object: 'Object Repository/Equipment/EquipmentPurchase/EPO_Header/EPO_Header_Apporve' is clicked on

2017-11-15 15:01:34 - [TEST_STEP][PASSED] - delay: Delayed 5 second(s)

2017-11-15 15:01:39 - [MESSAGE][PASSED] - Delayed 5 second(s)

2017-11-15 15:01:39 - [TEST_STEP][PASSED] - click: Object: 'Object Repository/Equipment/EquipmentPurchase/EPO_Header/EPO_Header_Print' is clicked on

2017-11-15 15:01:40 - [MESSAGE][PASSED] - Object: 'Object Repository/Equipment/EquipmentPurchase/EPO_Header/EPO_Header_Print' is clicked on

2017-11-15 15:01:40 - [TEST_STEP][PASSED] - click: Object: 'Object Repository/Equipment/EquipmentPurchase/EPO_Header/EPO_Print_FinalPrint' is clicked on

2017-11-15 15:01:40 - [MESSAGE][PASSED] - Object: 'Object Repository/Equipment/EquipmentPurchase/EPO_Header/EPO_Print_FinalPrint' is clicked on

2017-11-15 15:01:40 - [TEST_STEP][PASSED] - click: Object: 'Object Repository/Equipment/EquipmentPurchase/EPO_Header/EPO_Print_PrintOption' is clicked on

2017-11-15 15:01:40 - [MESSAGE][PASSED] - Object: 'Object Repository/Equipment/EquipmentPurchase/EPO_Header/EPO_Print_PrintOption' is clicked on

2017-11-15 15:01:40 - [TEST_STEP][PASSED] - click: Object: 'Object Repository/Equipment/EquipmentPurchase/EPO_Header/EPO_Print_Device' is clicked on

2017-11-15 15:01:43 - [MESSAGE][PASSED] - Object: 'Object Repository/Equipment/EquipmentPurchase/EPO_Header/EPO_Print_Device' is clicked on

2017-11-15 15:01:43 - [TEST_STEP][PASSED] - setText: Text 'D' is set on object 'Object Repository/Equipment/EquipmentPurchase/EPO_Header/EPO_Print_Device'

2017-11-15 15:01:44 - [MESSAGE][PASSED] - Text 'D' is set on object 'Object Repository/Equipment/EquipmentPurchase/EPO_Header/EPO_Print_Device'

2017-11-15 15:01:44 - [TEST_STEP][PASSED] - click: Object: 'Object Repository/Equipment/EquipmentPurchase/EPO_Header/EPO_Print_Continue' is clicked on

2017-11-15 15:01:44 - [MESSAGE][PASSED] - Object: 'Object Repository/Equipment/EquipmentPurchase/EPO_Header/EPO_Print_Continue' is clicked on

2017-11-15 15:01:44 - [TEST_STEP][PASSED] - delay: Delayed 5 second(s)

2017-11-15 15:01:49 - [MESSAGE][PASSED] - Delayed 5 second(s)

2017-11-15 15:01:49 - [TEST_STEP][PASSED] - click: Object: 'Object Repository/Equipment/EquipmentPurchase/EPO_Header/EPO_Header_EPOtab' is clicked on

2017-11-15 15:01:49 - [MESSAGE][PASSED] - Object: 'Object Repository/Equipment/EquipmentPurchase/EPO_Header/EPO_Header_EPOtab' is clicked on

2017-11-15 15:01:49 - [TEST_STEP][PASSED] - click: Object: 'Object Repository/Equipment/EquipmentPurchase/EPO_Header/EPO_Print_Close' is clicked on

2017-11-15 15:01:49 - [MESSAGE][PASSED] - Object: 'Object Repository/Equipment/EquipmentPurchase/EPO_Header/EPO_Print_Close' is clicked on

2017-11-15 15:01:49 - [TEST_STEP][PASSED] - delay: Delayed 3 second(s)

2017-11-15 15:01:52 - [MESSAGE][PASSED] - Delayed 3 second(s)

2017-11-15 15:01:52 - [TEST_STEP][PASSED] - click: Object: 'Object Repository/Equipment/EquipmentPurchase/EPO_Header/EPO_Header_Action' is clicked on

2017-11-15 15:01:52 - [MESSAGE][PASSED] - Object: 'Object Repository/Equipment/EquipmentPurchase/EPO_Header/EPO_Header_Action' is clicked on

2017-11-15 15:01:52 - [TEST_STEP][PASSED] - click: Object: 'Object Repository/Equipment/EquipmentPurchase/EPO_Header/EPO_Action_Reciept' is clicked on

2017-11-15 15:01:52 - [MESSAGE][PASSED] - Object: 'Object Repository/Equipment/EquipmentPurchase/EPO_Header/EPO_Action_Reciept' is clicked on

2017-11-15 15:01:52 - [TEST_STEP][PASSED] - waitForElementPresent: Object 'Object Repository/Equipment/EquipmentPurchase/EPO_Receipt/EPO_Reciept_Save' is present

2017-11-15 15:01:54 - [MESSAGE][PASSED] - Object 'Object Repository/Equipment/EquipmentPurchase/EPO_Receipt/EPO_Reciept_Save' is present

2017-11-15 15:01:54 - [TEST_STEP][PASSED] - click: Object: 'Object Repository/Equipment/EquipmentPurchase/EPO_Receipt/EPO_Reciept_Save' is clicked on

2017-11-15 15:01:54 - [MESSAGE][PASSED] - Object: 'Object Repository/Equipment/EquipmentPurchase/EPO_Receipt/EPO_Reciept_Save' is clicked on

2017-11-15 15:01:54 - [TEST_STEP][PASSED] - delay: Delayed 3 second(s)

2017-11-15 15:01:57 - [MESSAGE][PASSED] - Delayed 3 second(s)

2017-11-15 15:01:57 - [TEST_STEP][PASSED] - click: Object: 'Object Repository/Equipment/EquipmentPurchase/EPO_Receipt/EPO_Receipt_Action' is clicked on

2017-11-15 15:01:57 - [MESSAGE][PASSED] - Object: 'Object Repository/Equipment/EquipmentPurchase/EPO_Receipt/EPO_Receipt_Action' is clicked on

2017-11-15 15:01:57 - [TEST_STEP][PASSED] - click: Object: 'Object Repository/Equipment/EquipmentPurchase/EPO_Receipt/EPO_Receipt_Action_ReceiptLine' is clicked on

2017-11-15 15:01:57 - [MESSAGE][PASSED] - Object: 'Object Repository/Equipment/EquipmentPurchase/EPO_Receipt/EPO_Receipt_Action_ReceiptLine' is clicked on

2017-11-15 15:01:57 - [TEST_STEP][PASSED] - waitForElementPresent: Object 'Object Repository/Equipment/EquipmentPurchase/EPO_Receipt_Line/EPO_ReceiptLine_New' is present

2017-11-15 15:01:58 - [MESSAGE][PASSED] - Object 'Object Repository/Equipment/EquipmentPurchase/EPO_Receipt_Line/EPO_ReceiptLine_New' is present

2017-11-15 15:01:58 - [TEST_STEP][PASSED] - click: Object: 'Object Repository/Equipment/EquipmentPurchase/EPO_Receipt_Line/EPO_ReceiptLine_New' is clicked on

2017-11-15 15:01:58 - [MESSAGE][PASSED] - Object: 'Object Repository/Equipment/EquipmentPurchase/EPO_Receipt_Line/EPO_ReceiptLine_New' is clicked on

2017-11-15 15:01:58 - [TEST_STEP][PASSED] - waitForElementPresent: Object 'Object Repository/Equipment/EquipmentPurchase/EPO_Receipt_Line/EPO_RecieptLine_Select' is present

2017-11-15 15:01:59 - [MESSAGE][PASSED] - Object 'Object Repository/Equipment/EquipmentPurchase/EPO_Receipt_Line/EPO_RecieptLine_Select' is present

2017-11-15 15:01:59 - [TEST_STEP][PASSED] - click: Object: 'Object Repository/Equipment/EquipmentPurchase/EPO_Receipt_Line/EPO_RecieptLine_Select' is clicked on

2017-11-15 15:02:00 - [MESSAGE][PASSED] - Object: 'Object Repository/Equipment/EquipmentPurchase/EPO_Receipt_Line/EPO_RecieptLine_Select' is clicked on

2017-11-15 15:02:00 - [TEST_STEP][PASSED] - delay: Delayed 3 second(s)

2017-11-15 15:02:03 - [MESSAGE][PASSED] - Delayed 3 second(s)

2017-11-15 15:02:03 - [TEST_STEP][PASSED] - click: Object: 'Object Repository/Equipment/EquipmentPurchase/EPO_Receipt_Line/EPO_ReceiptLine_SavenClose' is clicked on

2017-11-15 15:02:03 - [MESSAGE][PASSED] - Object: 'Object Repository/Equipment/EquipmentPurchase/EPO_Receipt_Line/EPO_ReceiptLine_SavenClose' is clicked on

2017-11-15 15:02:03 - [TEST_STEP][PASSED] - waitForElementPresent: Object 'Object Repository/Equipment/EquipmentPurchase/EPO_Receipt_Line/EPO_RecieptLineAction' is present

2017-11-15 15:02:03 - [MESSAGE][PASSED] - Object 'Object Repository/Equipment/EquipmentPurchase/EPO_Receipt_Line/EPO_RecieptLineAction' is present

2017-11-15 15:02:03 - [TEST_STEP][PASSED] - Statement - G_Unit = com.kms.katalon.core.webui.keyword.WebUiBuiltInKeywords.getText(com.kms.katalon.core.testobject.ObjectRepository.findTestObject(Equipment/EquipmentPurchase/EPO_Receipt/EPO_Reciept_Unit)): Text of object 'Object Repository/Equipment/EquipmentPurchase/EPO_Receipt/EPO_Reciept_Unit' is: 'MD0018318'

2017-11-15 15:02:04 - [MESSAGE][PASSED] - Text of object 'Object Repository/Equipment/EquipmentPurchase/EPO_Receipt/EPO_Reciept_Unit' is: 'MD0018318'

2017-11-15 15:02:04 - [TEST_STEP][PASSED] - click: Object: 'Object Repository/Equipment/EquipmentPurchase/EPO_Receipt_Line/EPO_RecieptLineAction' is clicked on

2017-11-15 15:02:04 - [MESSAGE][PASSED] - Object: 'Object Repository/Equipment/EquipmentPurchase/EPO_Receipt_Line/EPO_RecieptLineAction' is clicked on

2017-11-15 15:02:04 - [TEST_STEP][PASSED] - click: Object: 'Object Repository/Equipment/EquipmentPurchase/EPO_Receipt/EPO_Action_Confirm' is clicked on

2017-11-15 15:02:04 - [MESSAGE][PASSED] - Object: 'Object Repository/Equipment/EquipmentPurchase/EPO_Receipt/EPO_Action_Confirm' is clicked on

2017-11-15 15:02:04 - [TEST_STEP][PASSED] - click: Object: 'Object Repository/Equipment/EquipmentPurchase/EPO_Receipt/EPO_Reciept_MeterOK' is clicked on

2017-11-15 15:02:05 - [MESSAGE][PASSED] - Object: 'Object Repository/Equipment/EquipmentPurchase/EPO_Receipt/EPO_Reciept_MeterOK' is clicked on

2017-11-15 15:02:05 - [TEST_STEP][PASSED] - waitForElementPresent: Object 'Object Repository/Equipment/EquipmentPurchase/EPO_Receipt/EPO_RecieptPrint_Device' is present

2017-11-15 15:02:06 - [MESSAGE][PASSED] - Object 'Object Repository/Equipment/EquipmentPurchase/EPO_Receipt/EPO_RecieptPrint_Device' is present

2017-11-15 15:02:06 - [TEST_STEP][PASSED] - click: Object: 'Object Repository/Equipment/EquipmentPurchase/EPO_Receipt/EPO_RecieptPrint_Device' is clicked on

2017-11-15 15:02:06 - [MESSAGE][PASSED] - Object: 'Object Repository/Equipment/EquipmentPurchase/EPO_Receipt/EPO_RecieptPrint_Device' is clicked on

2017-11-15 15:02:06 - [TEST_STEP][PASSED] - setText: Text 'D' is set on object 'Object Repository/Equipment/EquipmentPurchase/EPO_Receipt/EPO_RecieptPrint_Device'

2017-11-15 15:02:06 - [MESSAGE][PASSED] - Text 'D' is set on object 'Object Repository/Equipment/EquipmentPurchase/EPO_Receipt/EPO_RecieptPrint_Device'

2017-11-15 15:02:06 - [TEST_STEP][PASSED] - click: Object: 'Object Repository/Equipment/EquipmentPurchase/EPO_Receipt/EPO_RecieptPrint_Continue' is clicked on

2017-11-15 15:02:06 - [MESSAGE][PASSED] - Object: 'Object Repository/Equipment/EquipmentPurchase/EPO_Receipt/EPO_RecieptPrint_Continue' is clicked on

2017-11-15 15:02:06 - [TEST_STEP][PASSED] - delay: Delayed 3 second(s)

2017-11-15 15:02:09 - [MESSAGE][PASSED] - Delayed 3 second(s)

2017-11-15 15:02:09 - [TEST_STEP][PASSED] - click: Object: 'Object Repository/Equipment/EquipmentPurchase/EPO_Receipt/EPO_RecieptPrint_ProcessCompleted' is clicked on

2017-11-15 15:02:10 - [MESSAGE][PASSED] - Object: 'Object Repository/Equipment/EquipmentPurchase/EPO_Receipt/EPO_RecieptPrint_ProcessCompleted' is clicked on

2017-11-15 15:02:10 - [TEST_STEP][PASSED] - delay: Delayed 10 second(s)

2017-11-15 15:02:20 - [MESSAGE][PASSED] - Delayed 10 second(s)

2017-11-15 15:02:20 - [MESSAGE][PASSED] - Call Test Case 'Test Cases/Equipment/Base_EquipmentPurchase/Base_EPO_Reciept' successfully

2017-11-15 15:02:20 - [MESSAGE][PASSED] - Call Test Case 'Test Cases/Equipment/Base_EquipmentPurchase/EPO_CreateNrecieve' successfully

2017-11-15 15:02:20 - [TEST_STEP][PASSED] - callTestCase: Call Test Case 'Test Cases/Rental/Base_RentalContract/Base_CreateRentalInvoice_HeaderlineInvoice_SplitTender' successfully

2017-11-15 15:02:20 - [TEST_CASE][PASSED] - Test Cases/Rental/Base_RentalContract/Base_CreateRentalInvoice_HeaderlineInvoice_SplitTender: Test Cases/Rental/Base_RentalContract/Base_CreateRentalInvoice_HeaderlineInvoice_SplitTender

2017-11-15 15:02:20 - [TEST_STEP][PASSED] - callTestCase: Call Test Case 'Test Cases/Rental/Base_RentalContract/Base_CreateRentalHeader' successfully

2017-11-15 15:02:20 - [TEST_CASE][PASSED] - Test Cases/Rental/Base_RentalContract/Base_CreateRentalHeader: Test Cases/Rental/Base_RentalContract/Base_CreateRentalHeader

2017-11-15 15:02:21 - [TEST_STEP][PASSED] - callTestCase: Call Test Case 'Test Cases/Common/Base_Common_OpenSession' successfully

2017-11-15 15:02:21 - [TEST_CASE][PASSED] - Test Cases/Common/Base_Common_OpenSession: Test Cases/Common/Base_Common_OpenSession

2017-11-15 15:02:21 - [TEST_STEP][PASSED] - openBrowser: Browser is opened with url: 'https://rgajbhiye:Robin$123@proxima-ln4.e-emphasys.com:8441/webui/servlet/login'

2017-11-15 15:02:21 - [MESSAGE][WARNING] - A browser is already opened. Closing browser and opening a new one

2017-11-15 15:02:29 - [MESSAGE][PASSED] - Browser is opened with url: 'https://rgajbhiye:Robin$123@proxima-ln4.e-emphasys.com:8441/webui/servlet/login'

2017-11-15 15:02:29 - [TEST_STEP][PASSED] - waitForPageLoad: Wait for page load successfully

2017-11-15 15:02:29 - [MESSAGE][PASSED] - Wait for page load successfully

2017-11-15 15:02:29 - [TEST_STEP][PASSED] - maximizeWindow: Current window maximized

2017-11-15 15:02:29 - [MESSAGE][PASSED] - Current window maximized

2017-11-15 15:02:29 - [TEST_STEP][PASSED] - click: Object: 'Object Repository/Common/HomePage/HomePage_more' is clicked on

2017-11-15 15:02:33 - [MESSAGE][PASSED] - Object: 'Object Repository/Common/HomePage/HomePage_more' is clicked on

2017-11-15 15:02:33 - [TEST_STEP][PASSED] - click: Object: 'Object Repository/Common/HomePage/HomePage_Option' is clicked on

2017-11-15 15:02:33 - [MESSAGE][PASSED] - Object: 'Object Repository/Common/HomePage/HomePage_Option' is clicked on

2017-11-15 15:02:33 - [TEST_STEP][PASSED] - click: Object: 'Object Repository/Common/HomePage/HomePage_RunProgram_' is clicked on

2017-11-15 15:02:34 - [MESSAGE][PASSED] - Object: 'Object Repository/Common/HomePage/HomePage_RunProgram_' is clicked on

2017-11-15 15:02:34 - [TEST_STEP][PASSED] - sendKeys: Keys 'erext4100s004' sent to object: 'Object Repository/Common/HomePage/HomePage_Session_ID'

2017-11-15 15:02:34 - [MESSAGE][PASSED] - Keys 'erext4100s004' sent to object: 'Object Repository/Common/HomePage/HomePage_Session_ID'

2017-11-15 15:02:34 - [TEST_STEP][PASSED] - click: Object: 'Object Repository/Common/HomePage/HomePage_OkButton' is clicked on

2017-11-15 15:02:34 - [MESSAGE][PASSED] - Object: 'Object Repository/Common/HomePage/HomePage_OkButton' is clicked on

2017-11-15 15:02:34 - [MESSAGE][PASSED] - Call Test Case 'Test Cases/Common/Base_Common_OpenSession' successfully

2017-11-15 15:02:34 - [TEST_STEP][PASSED] - click: Object: 'Object Repository/Rental/RentalHeader/RentalContract.Customer' is clicked on

2017-11-15 15:02:38 - [MESSAGE][PASSED] - Object: 'Object Repository/Rental/RentalHeader/RentalContract.Customer' is clicked on

2017-11-15 15:02:38 - [TEST_STEP][PASSED] - setText: Text 'M00000010' is set on object 'Object Repository/Rental/RentalHeader/RentalContract.Customer'

2017-11-15 15:02:38 - [MESSAGE][PASSED] - Text 'M00000010' is set on object 'Object Repository/Rental/RentalHeader/RentalContract.Customer'

2017-11-15 15:02:38 - [TEST_STEP][PASSED] - delay: Delayed 2 second(s)

2017-11-15 15:02:40 - [MESSAGE][PASSED] - Delayed 2 second(s)

2017-11-15 15:02:40 - [TEST_STEP][PASSED] - click: Object: 'Object Repository/Rental/RentalHeader/RentalContract.CustPO' is clicked on

2017-11-15 15:02:41 - [MESSAGE][PASSED] - Object: 'Object Repository/Rental/RentalHeader/RentalContract.CustPO' is clicked on

2017-11-15 15:02:41 - [TEST_STEP][PASSED] - delay: Delayed 3 second(s)

2017-11-15 15:02:44 - [MESSAGE][PASSED] - Delayed 3 second(s)

2017-11-15 15:02:44 - [TEST_STEP][PASSED] - click: Object: 'Object Repository/Rental/RentalHeader/RentalContract.OtherDetailsTab' is clicked on

2017-11-15 15:02:44 - [MESSAGE][PASSED] - Object: 'Object Repository/Rental/RentalHeader/RentalContract.OtherDetailsTab' is clicked on

2017-11-15 15:02:44 - [TEST_STEP][PASSED] - delay: Delayed 5 second(s)

2017-11-15 15:02:49 - [MESSAGE][PASSED] - Delayed 5 second(s)

2017-11-15 15:02:49 - [TEST_STEP][PASSED] - click: Object: 'Object Repository/Rental/RentalHeader/Rental Contract.ModeOfPayment' is clicked on

2017-11-15 15:02:49 - [MESSAGE][PASSED] - Object: 'Object Repository/Rental/RentalHeader/Rental Contract.ModeOfPayment' is clicked on

2017-11-15 15:02:49 - [TEST_STEP][PASSED] - delay: Delayed 2 second(s)

2017-11-15 15:02:51 - [MESSAGE][PASSED] - Delayed 2 second(s)

2017-11-15 15:02:51 - [TEST_STEP][PASSED] - click: Object: 'Object Repository/Rental/RentalHeader/RentalContract.CreditCardoption' is clicked on

2017-11-15 15:02:51 - [MESSAGE][PASSED] - Object: 'Object Repository/Rental/RentalHeader/RentalContract.CreditCardoption' is clicked on

2017-11-15 15:02:51 - [TEST_STEP][PASSED] - delay: Delayed 3 second(s)

2017-11-15 15:02:54 - [MESSAGE][PASSED] - Delayed 3 second(s)

2017-11-15 15:02:54 - [TEST_STEP][PASSED] - click: Object: 'Object Repository/Rental/RentalHeader/RentalContract.GeneralTab' is clicked on

2017-11-15 15:02:54 - [MESSAGE][PASSED] - Object: 'Object Repository/Rental/RentalHeader/RentalContract.GeneralTab' is clicked on

2017-11-15 15:02:54 - [TEST_STEP][PASSED] - delay: Delayed 5 second(s)

2017-11-15 15:02:59 - [MESSAGE][PASSED] - Delayed 5 second(s)

2017-11-15 15:02:59 - [TEST_STEP][PASSED] - click: Object: 'Object Repository/Rental/RentalHeader/RentalContract.Newbuttonline' is clicked on

2017-11-15 15:03:00 - [MESSAGE][PASSED] - Object: 'Object Repository/Rental/RentalHeader/RentalContract.Newbuttonline' is clicked on

2017-11-15 15:03:00 - [TEST_STEP][PASSED] - delay: Delayed 5 second(s)

2017-11-15 15:03:05 - [MESSAGE][PASSED] - Delayed 5 second(s)

2017-11-15 15:03:05 - [TEST_STEP][PASSED] - click: Object: 'Object Repository/Rental/RentalHeader/RentalContract.SetLine' is clicked on

2017-11-15 15:03:05 - [MESSAGE][PASSED] - Object: 'Object Repository/Rental/RentalHeader/RentalContract.SetLine' is clicked on

2017-11-15 15:03:05 - [TEST_STEP][PASSED] - delay: Delayed 5 second(s)

2017-11-15 15:03:10 - [MESSAGE][PASSED] - Delayed 5 second(s)

2017-11-15 15:03:10 - [TEST_STEP][PASSED] - scrollToElement: Scroll to object 'Object Repository/Rental/RentalHeader/RentalContract.Unit' successfully

2017-11-15 15:03:13 - [MESSAGE][PASSED] - Scroll to object 'Object Repository/Rental/RentalHeader/RentalContract.Unit' successfully

2017-11-15 15:03:13 - [TEST_STEP][PASSED] - delay: Delayed 3 second(s)

2017-11-15 15:03:16 - [MESSAGE][PASSED] - Delayed 3 second(s)

2017-11-15 15:03:16 - [TEST_STEP][NOT_RUN] - getText: NOT_RUN: getText

2017-11-15 15:03:16 - [MESSAGE][NOT_RUN] - NOT_RUN: getText

2017-11-15 15:03:16 - [TEST_STEP][PASSED] - click: Object: 'Object Repository/Rental/RentalHeader/RentalContract.Unit' is clicked on

2017-11-15 15:03:16 - [MESSAGE][PASSED] - Object: 'Object Repository/Rental/RentalHeader/RentalContract.Unit' is clicked on

2017-11-15 15:03:16 - [TEST_STEP][PASSED] - delay: Delayed 5 second(s)

2017-11-15 15:03:21 - [MESSAGE][PASSED] - Delayed 5 second(s)

2017-11-15 15:03:21 - [TEST_STEP][PASSED] - setText: Text 'MD0018318' is set on object 'Object Repository/Rental/RentalHeader/RentalContract.Unit'

2017-11-15 15:03:22 - [MESSAGE][PASSED] - Text 'MD0018318' is set on object 'Object Repository/Rental/RentalHeader/RentalContract.Unit'

2017-11-15 15:03:22 - [TEST_STEP][PASSED] - delay: Delayed 5 second(s)

2017-11-15 15:03:27 - [MESSAGE][PASSED] - Delayed 5 second(s)

2017-11-15 15:03:27 - [TEST_STEP][PASSED] - scrollToElement: Scroll to object 'Object Repository/Rental/RentalHeader/RentalContract.MultipleInsurence' successfully

2017-11-15 15:03:27 - [MESSAGE][PASSED] - Scroll to object 'Object Repository/Rental/RentalHeader/RentalContract.MultipleInsurence' successfully

2017-11-15 15:03:27 - [TEST_STEP][PASSED] - delay: Delayed 5 second(s)

2017-11-15 15:03:32 - [MESSAGE][PASSED] - Delayed 5 second(s)

2017-11-15 15:03:32 - [TEST_STEP][PASSED] - doubleClick: Object: 'Object Repository/Rental/RentalHeader/RentalContract.MultipleInsurence' is double clicked on

2017-11-15 15:03:32 - [MESSAGE][PASSED] - Object: 'Object Repository/Rental/RentalHeader/RentalContract.MultipleInsurence' is double clicked on

2017-11-15 15:03:32 - [TEST_STEP][PASSED] - delay: Delayed 5 second(s)

2017-11-15 15:03:37 - [MESSAGE][PASSED] - Delayed 5 second(s)

2017-11-15 15:03:37 - [TEST_STEP][PASSED] - click: Object: 'Object Repository/Rental/RentalHeader/RentalContract.MultipleInsurence' is clicked on

2017-11-15 15:03:37 - [MESSAGE][PASSED] - Object: 'Object Repository/Rental/RentalHeader/RentalContract.MultipleInsurence' is clicked on

2017-11-15 15:03:37 - [TEST_STEP][PASSED] - click: Object: 'Object Repository/Rental/RentalHeader/RentalContract.MultiInsNO' is clicked on

2017-11-15 15:03:37 - [MESSAGE][PASSED] - Object: 'Object Repository/Rental/RentalHeader/RentalContract.MultiInsNO' is clicked on

2017-11-15 15:03:37 - [TEST_STEP][PASSED] - delay: Delayed 5 second(s)

2017-11-15 15:03:42 - [MESSAGE][PASSED] - Delayed 5 second(s)

2017-11-15 15:03:42 - [TEST_STEP][PASSED] - scrollToElement: Scroll to object 'Object Repository/Rental/RentalHeader/RentalContract.GrossRateline' successfully

2017-11-15 15:03:43 - [MESSAGE][PASSED] - Scroll to object 'Object Repository/Rental/RentalHeader/RentalContract.GrossRateline' successfully

2017-11-15 15:03:43 - [TEST_STEP][NOT_RUN] - delay: NOT_RUN: delay

2017-11-15 15:03:43 - [MESSAGE][NOT_RUN] - NOT_RUN: delay

2017-11-15 15:03:43 - [TEST_STEP][PASSED] - doubleClick: Object: 'Object Repository/Rental/RentalHeader/RentalContract.GrossRateline' is double clicked on

2017-11-15 15:03:43 - [MESSAGE][PASSED] - Object: 'Object Repository/Rental/RentalHeader/RentalContract.GrossRateline' is double clicked on

2017-11-15 15:03:43 - [TEST_STEP][PASSED] - delay: Delayed 2 second(s)

2017-11-15 15:03:45 - [MESSAGE][PASSED] - Delayed 2 second(s)

2017-11-15 15:03:45 - [TEST_STEP][PASSED] - click: Object: 'Object Repository/Rental/RentalHeader/RentalContract.GrossRateline' is clicked on

2017-11-15 15:03:45 - [MESSAGE][PASSED] - Object: 'Object Repository/Rental/RentalHeader/RentalContract.GrossRateline' is clicked on

2017-11-15 15:03:45 - [TEST_STEP][PASSED] - delay: Delayed 2 second(s)

2017-11-15 15:03:47 - [MESSAGE][PASSED] - Delayed 2 second(s)

2017-11-15 15:03:47 - [TEST_STEP][PASSED] - setText: Text '100' is set on object 'Object Repository/Rental/RentalHeader/RentalContract.GrossRateline'

2017-11-15 15:03:47 - [MESSAGE][PASSED] - Text '100' is set on object 'Object Repository/Rental/RentalHeader/RentalContract.GrossRateline'

2017-11-15 15:03:47 - [TEST_STEP][PASSED] - delay: Delayed 4 second(s)

2017-11-15 15:03:51 - [MESSAGE][PASSED] - Delayed 4 second(s)

2017-11-15 15:03:51 - [TEST_STEP][PASSED] - click: Object: 'Object Repository/Rental/RentalHeader/RentalContract.SaveHeader' is clicked on

2017-11-15 15:03:52 - [MESSAGE][PASSED] - Object: 'Object Repository/Rental/RentalHeader/RentalContract.SaveHeader' is clicked on

2017-11-15 15:03:52 - [TEST_STEP][PASSED] - delay: Delayed 5 second(s)

2017-11-15 15:03:57 - [MESSAGE][PASSED] - Delayed 5 second(s)

2017-11-15 15:03:57 - [TEST_STEP][PASSED] - click: Object: 'Object Repository/Rental/RentalHeader/RentalContract.Action' is clicked on

2017-11-15 15:03:57 - [MESSAGE][PASSED] - Object: 'Object Repository/Rental/RentalHeader/RentalContract.Action' is clicked on

2017-11-15 15:03:57 - [TEST_STEP][PASSED] - delay: Delayed 8 second(s)

2017-11-15 15:04:05 - [MESSAGE][PASSED] - Delayed 8 second(s)

2017-11-15 15:04:05 - [TEST_STEP][PASSED] - click: Object: 'Object Repository/Rental/RentalHeader/RentalContract.Release' is clicked on

2017-11-15 15:04:05 - [MESSAGE][PASSED] - Object: 'Object Repository/Rental/RentalHeader/RentalContract.Release' is clicked on

2017-11-15 15:04:05 - [TEST_STEP][PASSED] - delay: Delayed 12 second(s)

2017-11-15 15:04:17 - [MESSAGE][PASSED] - Delayed 12 second(s)

2017-11-15 15:04:17 - [TEST_STEP][PASSED] - click: Object: 'Object Repository/Rental/RentalHeader/RentalContract.ActionDelivery' is clicked on

2017-11-15 15:04:17 - [MESSAGE][PASSED] - Object: 'Object Repository/Rental/RentalHeader/RentalContract.ActionDelivery' is clicked on

2017-11-15 15:04:17 - [TEST_STEP][PASSED] - delay: Delayed 6 second(s)

2017-11-15 15:04:23 - [MESSAGE][PASSED] - Delayed 6 second(s)

2017-11-15 15:04:23 - [TEST_STEP][PASSED] - click: Object: 'Object Repository/Rental/RentalHeader/RentalContract.ConfirmDelivery' is clicked on

2017-11-15 15:04:24 - [MESSAGE][PASSED] - Object: 'Object Repository/Rental/RentalHeader/RentalContract.ConfirmDelivery' is clicked on

2017-11-15 15:04:24 - [TEST_STEP][PASSED] - delay: Delayed 8 second(s)

2017-11-15 15:04:32 - [MESSAGE][PASSED] - Delayed 8 second(s)

2017-11-15 15:04:32 - [TEST_STEP][NOT_RUN] - waitForElementPresent: NOT_RUN: waitForElementPresent

2017-11-15 15:04:32 - [MESSAGE][NOT_RUN] - NOT_RUN: waitForElementPresent

2017-11-15 15:04:32 - [TEST_STEP][NOT_RUN] - delay: NOT_RUN: delay

2017-11-15 15:04:32 - [MESSAGE][NOT_RUN] - NOT_RUN: delay

2017-11-15 15:04:32 - [TEST_STEP][PASSED] - click: Object: 'Object Repository/Rental/RentalHeader/RentalContract.DeliveryProceed' is clicked on

2017-11-15 15:04:32 - [MESSAGE][PASSED] - Object: 'Object Repository/Rental/RentalHeader/RentalContract.DeliveryProceed' is clicked on

2017-11-15 15:04:32 - [TEST_STEP][PASSED] - delay: Delayed 12 second(s)

2017-11-15 15:04:44 - [MESSAGE][PASSED] - Delayed 12 second(s)

2017-11-15 15:04:44 - [TEST_STEP][NOT_RUN] - waitForElementPresent: NOT_RUN: waitForElementPresent

2017-11-15 15:04:44 - [MESSAGE][NOT_RUN] - NOT_RUN: waitForElementPresent

2017-11-15 15:04:44 - [TEST_STEP][NOT_RUN] - delay: NOT_RUN: delay

2017-11-15 15:04:44 - [MESSAGE][NOT_RUN] - NOT_RUN: delay

2017-11-15 15:04:44 - [TEST_STEP][NOT_RUN] - click: NOT_RUN: click

2017-11-15 15:04:44 - [MESSAGE][NOT_RUN] - NOT_RUN: click

2017-11-15 15:04:44 - [TEST_STEP][PASSED] - delay: Delayed 8 second(s)

2017-11-15 15:04:52 - [MESSAGE][PASSED] - Delayed 8 second(s)

2017-11-15 15:04:52 - [TEST_STEP][PASSED] - click: Object: 'Object Repository/Rental/RentalHeader/RentalContract.InspetionReportClose' is clicked on

2017-11-15 15:04:52 - [MESSAGE][PASSED] - Object: 'Object Repository/Rental/RentalHeader/RentalContract.InspetionReportClose' is clicked on

2017-11-15 15:04:52 - [TEST_STEP][PASSED] - delay: Delayed 5 second(s)

2017-11-15 15:04:57 - [MESSAGE][PASSED] - Delayed 5 second(s)

2017-11-15 15:04:57 - [TEST_STEP][PASSED] - click: Object: 'Object Repository/Rental/RentalHeader/RentalContract.BillofLaddingClosed' is clicked on

2017-11-15 15:04:57 - [MESSAGE][PASSED] - Object: 'Object Repository/Rental/RentalHeader/RentalContract.BillofLaddingClosed' is clicked on

2017-11-15 15:04:57 - [TEST_STEP][PASSED] - delay: Delayed 5 second(s)

2017-11-15 15:05:02 - [MESSAGE][PASSED] - Delayed 5 second(s)

2017-11-15 15:05:02 - [TEST_STEP][PASSED] - click: Object: 'Object Repository/Rental/RentalHeader/RentalContract.EqipRentalMemoclosed' is clicked on

2017-11-15 15:05:03 - [MESSAGE][PASSED] - Object: 'Object Repository/Rental/RentalHeader/RentalContract.EqipRentalMemoclosed' is clicked on

2017-11-15 15:05:03 - [TEST_STEP][PASSED] - delay: Delayed 5 second(s)

2017-11-15 15:05:08 - [MESSAGE][PASSED] - Delayed 5 second(s)

2017-11-15 15:05:08 - [TEST_STEP][PASSED] - click: Object: 'Object Repository/Rental/RentalHeader/RentalContract.InspectionOrdergnerated' is clicked on

2017-11-15 15:05:08 - [MESSAGE][PASSED] - Object: 'Object Repository/Rental/RentalHeader/RentalContract.InspectionOrdergnerated' is clicked on

2017-11-15 15:05:08 - [MESSAGE][PASSED] - Call Test Case 'Test Cases/Rental/Base_RentalContract/Base_CreateRentalHeader' successfully

2017-11-15 15:05:08 - [TEST_STEP][PASSED] - delay: Delayed 4 second(s)

2017-11-15 15:05:12 - [MESSAGE][PASSED] - Delayed 4 second(s)

2017-11-15 15:05:12 - [TEST_STEP][PASSED] - click: Object: 'Object Repository/Rental/RentalHeader/RentalInvoice/RentalInvoice.InvoicingscheduleTab' is clicked on

2017-11-15 15:05:12 - [MESSAGE][PASSED] - Object: 'Object Repository/Rental/RentalHeader/RentalInvoice/RentalInvoice.InvoicingscheduleTab' is clicked on

2017-11-15 15:05:12 - [TEST_STEP][PASSED] - delay: Delayed 4 second(s)

2017-11-15 15:05:16 - [MESSAGE][PASSED] - Delayed 4 second(s)

2017-11-15 15:05:16 - [TEST_STEP][PASSED] - click: Object: 'Object Repository/Rental/RentalHeader/RentalInvoice/RentalInvoice.Action' is clicked on

2017-11-15 15:05:17 - [MESSAGE][PASSED] - Object: 'Object Repository/Rental/RentalHeader/RentalInvoice/RentalInvoice.Action' is clicked on

2017-11-15 15:05:17 - [TEST_STEP][PASSED] - delay: Delayed 4 second(s)

2017-11-15 15:05:21 - [MESSAGE][PASSED] - Delayed 4 second(s)

2017-11-15 15:05:21 - [TEST_STEP][PASSED] - click: Object: 'Object Repository/Rental/RentalHeader/RentalInvoice/RentalInvoice.ProcessInvoice' is clicked on

2017-11-15 15:05:21 - [MESSAGE][PASSED] - Object: 'Object Repository/Rental/RentalHeader/RentalInvoice/RentalInvoice.ProcessInvoice' is clicked on

2017-11-15 15:05:21 - [TEST_STEP][PASSED] - delay: Delayed 4 second(s)

2017-11-15 15:05:25 - [MESSAGE][PASSED] - Delayed 4 second(s)

2017-11-15 15:05:25 - [TEST_STEP][PASSED] - click: Object: 'Object Repository/Rental/RentalHeader/RentalInvoice/RentalInvoice.ProcessInvoice2' is clicked on

2017-11-15 15:05:25 - [MESSAGE][PASSED] - Object: 'Object Repository/Rental/RentalHeader/RentalInvoice/RentalInvoice.ProcessInvoice2' is clicked on

2017-11-15 15:05:25 - [TEST_STEP][PASSED] - delay: Delayed 0 second(s)

2017-11-15 15:05:25 - [MESSAGE][PASSED] - Delayed 0 second(s)

2017-11-15 15:05:25 - [TEST_STEP][PASSED] - click: Object: 'Object Repository/Rental/RentalHeader/RentalInvoice/RentalInvoice.InvoiceProcessYES' is clicked on

2017-11-15 15:05:26 - [MESSAGE][PASSED] - Object: 'Object Repository/Rental/RentalHeader/RentalInvoice/RentalInvoice.InvoiceProcessYES' is clicked on

2017-11-15 15:05:26 - [TEST_STEP][PASSED] - delay: Delayed 0 second(s)

2017-11-15 15:05:26 - [MESSAGE][PASSED] - Delayed 0 second(s)

2017-11-15 15:05:26 - [TEST_STEP][PASSED] - setText: Text 'PUBL' is set on object 'Object Repository/Rental/RentalHeader/RentalInvoice/ServiceCreditCard.PaymentGateway'

2017-11-15 15:05:27 - [MESSAGE][PASSED] - Text 'PUBL' is set on object 'Object Repository/Rental/RentalHeader/RentalInvoice/ServiceCreditCard.PaymentGateway'

2017-11-15 15:05:27 - [TEST_STEP][NOT_RUN] - sendKeys: NOT_RUN: sendKeys

2017-11-15 15:05:27 - [MESSAGE][NOT_RUN] - NOT_RUN: sendKeys

2017-11-15 15:05:27 - [TEST_STEP][PASSED] - doubleClick: Object: 'Object Repository/Rental/RentalHeader/RentalInvoice/ServiceCreditCard.CardType' is double clicked on

2017-11-15 15:05:27 - [MESSAGE][PASSED] - Object: 'Object Repository/Rental/RentalHeader/RentalInvoice/ServiceCreditCard.CardType' is double clicked on

2017-11-15 15:05:27 - [TEST_STEP][PASSED] - setText: Text 'Visa Card' is set on object 'Object Repository/Rental/RentalHeader/RentalInvoice/ServiceCreditCard.CardType'

2017-11-15 15:05:28 - [MESSAGE][PASSED] - Text 'Visa Card' is set on object 'Object Repository/Rental/RentalHeader/RentalInvoice/ServiceCreditCard.CardType'

2017-11-15 15:05:28 - [TEST_STEP][PASSED] - delay: Delayed 2 second(s)

2017-11-15 15:05:30 - [MESSAGE][PASSED] - Delayed 2 second(s)

2017-11-15 15:05:30 - [TEST_STEP][PASSED] - doubleClick: Object: 'Object Repository/Rental/RentalHeader/RentalInvoice/ServiceCreditCard.Enter CC No' is double clicked on

2017-11-15 15:05:30 - [MESSAGE][PASSED] - Object: 'Object Repository/Rental/RentalHeader/RentalInvoice/ServiceCreditCard.Enter CC No' is double clicked on

2017-11-15 15:05:30 - [TEST_STEP][PASSED] - sendKeys: Keys '4012000033330026' sent to object: 'Object Repository/Rental/RentalHeader/RentalInvoice/ServiceCreditCard.Enter CC No'

2017-11-15 15:05:30 - [MESSAGE][PASSED] - Keys '4012000033330026' sent to object: 'Object Repository/Rental/RentalHeader/RentalInvoice/ServiceCreditCard.Enter CC No'

2017-11-15 15:05:30 - [TEST_STEP][PASSED] - delay: Delayed 2 second(s)

2017-11-15 15:05:32 - [MESSAGE][PASSED] - Delayed 2 second(s)

2017-11-15 15:05:32 - [TEST_STEP][PASSED] - click: Object: 'Object Repository/Rental/RentalHeader/RentalInvoice/ServiceCreditCard.CVV2' is clicked on

2017-11-15 15:05:32 - [MESSAGE][PASSED] - Object: 'Object Repository/Rental/RentalHeader/RentalInvoice/ServiceCreditCard.CVV2' is clicked on

2017-11-15 15:05:32 - [TEST_STEP][PASSED] - sendKeys: Keys '865' sent to object: 'Object Repository/Rental/RentalHeader/RentalInvoice/ServiceCreditCard.CVV2'

2017-11-15 15:05:32 - [MESSAGE][PASSED] - Keys '865' sent to object: 'Object Repository/Rental/RentalHeader/RentalInvoice/ServiceCreditCard.CVV2'

2017-11-15 15:05:32 - [TEST_STEP][NOT_RUN] - sendKeys: NOT_RUN: sendKeys

2017-11-15 15:05:32 - [MESSAGE][NOT_RUN] - NOT_RUN: sendKeys

2017-11-15 15:05:32 - [TEST_STEP][NOT_RUN] - delay: NOT_RUN: delay

2017-11-15 15:05:32 - [MESSAGE][NOT_RUN] - NOT_RUN: delay

2017-11-15 15:05:32 - [TEST_STEP][PASSED] - delay: Delayed 3 second(s)

2017-11-15 15:05:35 - [MESSAGE][PASSED] - Delayed 3 second(s)

2017-11-15 15:05:35 - [TEST_STEP][PASSED] - setText: Text '09' is set on object 'Object Repository/Rental/RentalHeader/RentalInvoice/ServiceCreditCard.ExpiryMonth'

2017-11-15 15:05:36 - [MESSAGE][PASSED] - Text '09' is set on object 'Object Repository/Rental/RentalHeader/RentalInvoice/ServiceCreditCard.ExpiryMonth'

2017-11-15 15:05:36 - [TEST_STEP][PASSED] - setText: Text '99' is set on object 'Object Repository/Rental/RentalHeader/RentalInvoice/ServiceCreditCard.ExpiryYear'

2017-11-15 15:05:36 - [MESSAGE][PASSED] - Text '99' is set on object 'Object Repository/Rental/RentalHeader/RentalInvoice/ServiceCreditCard.ExpiryYear'

2017-11-15 15:05:36 - [TEST_STEP][NOT_RUN] - click: NOT_RUN: click

2017-11-15 15:05:36 - [MESSAGE][NOT_RUN] - NOT_RUN: click

2017-11-15 15:05:36 - [TEST_STEP][NOT_RUN] - delay: NOT_RUN: delay

2017-11-15 15:05:36 - [MESSAGE][NOT_RUN] - NOT_RUN: delay

2017-11-15 15:05:36 - [TEST_STEP][NOT_RUN] - click: NOT_RUN: click

2017-11-15 15:05:36 - [MESSAGE][NOT_RUN] - NOT_RUN: click

2017-11-15 15:05:36 - [TEST_STEP][NOT_RUN] - delay: NOT_RUN: delay

2017-11-15 15:05:36 - [MESSAGE][NOT_RUN] - NOT_RUN: delay

2017-11-15 15:05:36 - [TEST_STEP][NOT_RUN] - click: NOT_RUN: click

2017-11-15 15:05:36 - [MESSAGE][NOT_RUN] - NOT_RUN: click

2017-11-15 15:05:36 - [TEST_STEP][NOT_RUN] - delay: NOT_RUN: delay

2017-11-15 15:05:36 - [MESSAGE][NOT_RUN] - NOT_RUN: delay

2017-11-15 15:05:36 - [TEST_STEP][NOT_RUN] - click: NOT_RUN: click

2017-11-15 15:05:36 - [MESSAGE][NOT_RUN] - NOT_RUN: click

2017-11-15 15:05:36 - [TEST_STEP][NOT_RUN] - delay: NOT_RUN: delay

2017-11-15 15:05:36 - [MESSAGE][NOT_RUN] - NOT_RUN: delay

2017-11-15 15:05:36 - [TEST_STEP][NOT_RUN] - closeBrowser: NOT_RUN: closeBrowser

2017-11-15 15:05:36 - [MESSAGE][NOT_RUN] - NOT_RUN: closeBrowser

2017-11-15 15:05:36 - [MESSAGE][PASSED] - Call Test Case 'Test Cases/Rental/Base_RentalContract/Base_CreateRentalInvoice_HeaderlineInvoice_SplitTender' successfully

2017-11-15 15:05:36 - [TEST_STEP][FAILED] - callTestCase: Unable to call Test Case with id 'Test Cases/Rental/Base_RentalContract/Base_CreateRentalInvoicewithSpitTenderDetails_SplitTender' (Root cause: Call Test Case 'Test Cases/Rental/Base_RentalContract/Base_CreateRentalInvoicewithSpitTenderDetails_SplitTender' failed)

2017-11-15 15:05:36 - [TEST_CASE][FAILED] - Test Cases/Rental/Base_RentalContract/Base_CreateRentalInvoicewithSpitTenderDetails_SplitTender: Test Cases/Rental/Base_RentalContract/Base_CreateRentalInvoicewithSpitTenderDetails_SplitTender FAILED because (of) Unable to get text of object 'Object Repository/Service/ServiceOrder/CreditCardSplitTender/SplitTender.OrderAmtHeader' (Root cause: com.kms.katalon.core.webui.exception.WebElementNotFoundException: Web element with id: 'Object Repository/Service/ServiceOrder/CreditCardSplitTender/SplitTender.OrderAmtHeader' located by 'By.xpath: //*[@id = 'xiext8105m000-4-c.amount-4']' not found)

2017-11-15 15:05:36 - [TEST_STEP][PASSED] - delay: Delayed 5 second(s)

2017-11-15 15:05:41 - [MESSAGE][PASSED] - Delayed 5 second(s)

2017-11-15 15:05:41 - [TEST_STEP][PASSED] - doubleClick: Object: 'Object Repository/Rental/Rental_SplitTenderDetails/SplitTenderDetails' is double clicked on

2017-11-15 15:05:42 - [MESSAGE][PASSED] - Object: 'Object Repository/Rental/Rental_SplitTenderDetails/SplitTenderDetails' is double clicked on

2017-11-15 15:05:42 - [TEST_STEP][PASSED] - click: Object: 'Object Repository/Rental/Rental_SplitTenderDetails/SplitTenderDetails.Yes' is clicked on

2017-11-15 15:05:42 - [MESSAGE][PASSED] - Object: 'Object Repository/Rental/Rental_SplitTenderDetails/SplitTenderDetails.Yes' is clicked on

2017-11-15 15:05:42 - [TEST_STEP][PASSED] - delay: Delayed 3 second(s)

2017-11-15 15:05:45 - [MESSAGE][PASSED] - Delayed 3 second(s)

2017-11-15 15:05:45 - [TEST_STEP][PASSED] - click: Object: 'Object Repository/Rental/Rental_SplitTenderDetails/SplitTender.LineSession' is clicked on

2017-11-15 15:05:45 - [MESSAGE][PASSED] - Object: 'Object Repository/Rental/Rental_SplitTenderDetails/SplitTender.LineSession' is clicked on

2017-11-15 15:05:45 - [TEST_STEP][PASSED] - delay: Delayed 2 second(s)

2017-11-15 15:05:47 - [MESSAGE][PASSED] - Delayed 2 second(s)

2017-11-15 15:05:47 - [TEST_STEP][FAILED] - Statement - G_OrderAmt = com.kms.katalon.core.webui.keyword.WebUiBuiltInKeywords.getText(com.kms.katalon.core.testobject.ObjectRepository.findTestObject(Service/ServiceOrder/CreditCardSplitTender/SplitTender.OrderAmtHeader)): Unable to get text of object 'Object Repository/Service/ServiceOrder/CreditCardSplitTender/SplitTender.OrderAmtHeader' (Root cause: com.kms.katalon.core.webui.exception.WebElementNotFoundException: Web element with id: 'Object Repository/Service/ServiceOrder/CreditCardSplitTender/SplitTender.OrderAmtHeader' located by 'By.xpath: //*[@id = 'xiext8105m000-4-c.amount-4']' not found)

2017-11-15 15:06:20 - [MESSAGE][FAILED] - Unable to get text of object 'Object Repository/Service/ServiceOrder/CreditCardSplitTender/SplitTender.OrderAmtHeader' (Root cause: com.kms.katalon.core.webui.exception.WebElementNotFoundException: Web element with id: 'Object Repository/Service/ServiceOrder/CreditCardSplitTender/SplitTender.OrderAmtHeader' located by 'By.xpath: //*[@id = 'xiext8105m000-4-c.amount-4']' not found)
[[ATTACHMENT|C:\\Users\\agawhande\\git\\CreditCard\\Reports\\CC_RentalInvoicewithSplitTenderTestSuite\\20171115_150045\\1510738580624.png]]

2017-11-15 15:06:20 - [MESSAGE][FAILED] - Unable to call Test Case with id 'Test Cases/Rental/Base_RentalContract/Base_CreateRentalInvoicewithSpitTenderDetails_SplitTender' (Root cause: Call Test Case 'Test Cases/Rental/Base_RentalContract/Base_CreateRentalInvoicewithSpitTenderDetails_SplitTender' failed)]]></system-out>
         <system-err><![CDATA[2017-11-15 15:00:53 - [TEST_CASE][FAILED] - Test Cases/Rental/Base_RentalContract/CreditCardRegression/TC004_RentalContractInvoice_SplitTender - Iteration 1: Test Cases/Rental/Base_RentalContract/CreditCardRegression/TC004_RentalContractInvoice_SplitTender FAILED because (of) Unable to get text of object 'Object Repository/Service/ServiceOrder/CreditCardSplitTender/SplitTender.OrderAmtHeader' (Root cause: com.kms.katalon.core.webui.exception.WebElementNotFoundException: Web element with id: 'Object Repository/Service/ServiceOrder/CreditCardSplitTender/SplitTender.OrderAmtHeader' located by 'By.xpath: //*[@id = 'xiext8105m000-4-c.amount-4']' not found)]]></system-err>
      </testcase>
      <testcase name="Test Cases/Rental/Base_RentalContract/CreditCardRegression/TC004_RentalContractInvoice_SplitTender - Iteration 2" classname="Test Cases/Rental/Base_RentalContract/CreditCardRegression/TC004_RentalContractInvoice_SplitTender" status="FAILED">
         <failure type="FAILED" message="Test Cases/Rental/Base_RentalContract/CreditCardRegression/TC004_RentalContractInvoice_SplitTender FAILED because (of) Unable to get text of object 'Object Repository/Service/ServiceOrder/CreditCardSplitTender/SplitTender.OrderAmtHeader' (Root cause: com.kms.katalon.core.webui.exception.WebElementNotFoundException: Web element with id: 'Object Repository/Service/ServiceOrder/CreditCardSplitTender/SplitTender.OrderAmtHeader' located by 'By.xpath: //*[@id = 'xiext8105m000-4-c.amount-4']' not found)"/>
         <system-out><![CDATA[2017-11-15 15:06:21 - [TEST_CASE][FAILED] - Test Cases/Rental/Base_RentalContract/CreditCardRegression/TC004_RentalContractInvoice_SplitTender - Iteration 2: Test Cases/Rental/Base_RentalContract/CreditCardRegression/TC004_RentalContractInvoice_SplitTender FAILED because (of) Unable to get text of object 'Object Repository/Service/ServiceOrder/CreditCardSplitTender/SplitTender.OrderAmtHeader' (Root cause: com.kms.katalon.core.webui.exception.WebElementNotFoundException: Web element with id: 'Object Repository/Service/ServiceOrder/CreditCardSplitTender/SplitTender.OrderAmtHeader' located by 'By.xpath: //*[@id = 'xiext8105m000-4-c.amount-4']' not found)

2017-11-15 15:06:21 - [TEST_STEP][PASSED] - callTestCase: Call Test Case 'Test Cases/Equipment/Base_EquipmentPurchase/EPO_CreateNrecieve' successfully

2017-11-15 15:06:21 - [TEST_CASE][PASSED] - Test Cases/Equipment/Base_EquipmentPurchase/EPO_CreateNrecieve: Test Cases/Equipment/Base_EquipmentPurchase/EPO_CreateNrecieve

2017-11-15 15:06:21 - [TEST_STEP][PASSED] - callTestCase: Call Test Case 'Test Cases/Equipment/Base_EquipmentPurchase/Base_EPO_CreateHeaderNline' successfully

2017-11-15 15:06:21 - [TEST_CASE][PASSED] - Test Cases/Equipment/Base_EquipmentPurchase/Base_EPO_CreateHeaderNline: Test Cases/Equipment/Base_EquipmentPurchase/Base_EPO_CreateHeaderNline

2017-11-15 15:06:21 - [TEST_STEP][PASSED] - callTestCase: Call Test Case 'Test Cases/Common/Base_Common_OpenSession' successfully

2017-11-15 15:06:21 - [TEST_CASE][PASSED] - Test Cases/Common/Base_Common_OpenSession: Test Cases/Common/Base_Common_OpenSession

2017-11-15 15:06:21 - [TEST_STEP][PASSED] - openBrowser: Browser is opened with url: 'https://rgajbhiye:Robin$123@proxima-ln4.e-emphasys.com:8441/webui/servlet/login'

2017-11-15 15:06:21 - [MESSAGE][WARNING] - A browser is already opened. Closing browser and opening a new one

2017-11-15 15:06:27 - [MESSAGE][PASSED] - Browser is opened with url: 'https://rgajbhiye:Robin$123@proxima-ln4.e-emphasys.com:8441/webui/servlet/login'

2017-11-15 15:06:27 - [TEST_STEP][PASSED] - waitForPageLoad: Wait for page load successfully

2017-11-15 15:06:27 - [MESSAGE][PASSED] - Wait for page load successfully

2017-11-15 15:06:27 - [TEST_STEP][PASSED] - maximizeWindow: Current window maximized

2017-11-15 15:06:27 - [MESSAGE][PASSED] - Current window maximized

2017-11-15 15:06:27 - [TEST_STEP][PASSED] - click: Object: 'Object Repository/Common/HomePage/HomePage_more' is clicked on

2017-11-15 15:06:30 - [MESSAGE][PASSED] - Object: 'Object Repository/Common/HomePage/HomePage_more' is clicked on

2017-11-15 15:06:30 - [TEST_STEP][PASSED] - click: Object: 'Object Repository/Common/HomePage/HomePage_Option' is clicked on

2017-11-15 15:06:30 - [MESSAGE][PASSED] - Object: 'Object Repository/Common/HomePage/HomePage_Option' is clicked on

2017-11-15 15:06:30 - [TEST_STEP][PASSED] - click: Object: 'Object Repository/Common/HomePage/HomePage_RunProgram_' is clicked on

2017-11-15 15:06:30 - [MESSAGE][PASSED] - Object: 'Object Repository/Common/HomePage/HomePage_RunProgram_' is clicked on

2017-11-15 15:06:30 - [TEST_STEP][PASSED] - sendKeys: Keys 'tdext8150s000' sent to object: 'Object Repository/Common/HomePage/HomePage_Session_ID'

2017-11-15 15:06:30 - [MESSAGE][PASSED] - Keys 'tdext8150s000' sent to object: 'Object Repository/Common/HomePage/HomePage_Session_ID'

2017-11-15 15:06:30 - [TEST_STEP][PASSED] - click: Object: 'Object Repository/Common/HomePage/HomePage_OkButton' is clicked on

2017-11-15 15:06:31 - [MESSAGE][PASSED] - Object: 'Object Repository/Common/HomePage/HomePage_OkButton' is clicked on

2017-11-15 15:06:31 - [MESSAGE][PASSED] - Call Test Case 'Test Cases/Common/Base_Common_OpenSession' successfully

2017-11-15 15:06:31 - [TEST_STEP][PASSED] - waitForElementPresent: Object 'Object Repository/Equipment/EquipmentPurchase/EPO_Header/EPO_Header_New' is present

2017-11-15 15:06:33 - [MESSAGE][PASSED] - Object 'Object Repository/Equipment/EquipmentPurchase/EPO_Header/EPO_Header_New' is present

2017-11-15 15:06:33 - [TEST_STEP][PASSED] - click: Object: 'Object Repository/Equipment/EquipmentPurchase/EPO_Header/EPO_Header_New' is clicked on

2017-11-15 15:06:34 - [MESSAGE][PASSED] - Object: 'Object Repository/Equipment/EquipmentPurchase/EPO_Header/EPO_Header_New' is clicked on

2017-11-15 15:06:34 - [TEST_STEP][PASSED] - click: Object: 'Object Repository/Equipment/EquipmentPurchase/EPO_Header/EPO_Header_Customer' is clicked on

2017-11-15 15:06:34 - [MESSAGE][PASSED] - Object: 'Object Repository/Equipment/EquipmentPurchase/EPO_Header/EPO_Header_Customer' is clicked on

2017-11-15 15:06:34 - [TEST_STEP][PASSED] - setText: Text 'M00000010' is set on object 'Object Repository/Equipment/EquipmentPurchase/EPO_Header/EPO_Header_Customer'

2017-11-15 15:06:34 - [MESSAGE][PASSED] - Text 'M00000010' is set on object 'Object Repository/Equipment/EquipmentPurchase/EPO_Header/EPO_Header_Customer'

2017-11-15 15:06:34 - [TEST_STEP][PASSED] - click: Object: 'Object Repository/Equipment/EquipmentPurchase/EPO_Header/EPO_Header_Save' is clicked on

2017-11-15 15:06:34 - [MESSAGE][PASSED] - Object: 'Object Repository/Equipment/EquipmentPurchase/EPO_Header/EPO_Header_Save' is clicked on

2017-11-15 15:06:34 - [TEST_STEP][PASSED] - delay: Delayed 5 second(s)

2017-11-15 15:06:39 - [MESSAGE][PASSED] - Delayed 5 second(s)

2017-11-15 15:06:39 - [TEST_STEP][PASSED] - click: Object: 'Object Repository/Equipment/EquipmentPurchase/EPO_Header/EPO_Header_Action' is clicked on

2017-11-15 15:06:39 - [MESSAGE][PASSED] - Object: 'Object Repository/Equipment/EquipmentPurchase/EPO_Header/EPO_Header_Action' is clicked on

2017-11-15 15:06:39 - [TEST_STEP][PASSED] - click: Object: 'Object Repository/Equipment/EquipmentPurchase/EPO_Header/EPO_Header_Action_OrderLines' is clicked on

2017-11-15 15:06:40 - [MESSAGE][PASSED] - Object: 'Object Repository/Equipment/EquipmentPurchase/EPO_Header/EPO_Header_Action_OrderLines' is clicked on

2017-11-15 15:06:40 - [TEST_STEP][PASSED] - waitForElementPresent: Object 'Object Repository/Equipment/EquipmentPurchase/EPO_Line/EPO_MultiLine_New' is present

2017-11-15 15:06:41 - [MESSAGE][PASSED] - Object 'Object Repository/Equipment/EquipmentPurchase/EPO_Line/EPO_MultiLine_New' is present

2017-11-15 15:06:41 - [TEST_STEP][PASSED] - click: Object: 'Object Repository/Equipment/EquipmentPurchase/EPO_Line/EPO_MultiLine_New' is clicked on

2017-11-15 15:06:41 - [MESSAGE][PASSED] - Object: 'Object Repository/Equipment/EquipmentPurchase/EPO_Line/EPO_MultiLine_New' is clicked on

2017-11-15 15:06:41 - [TEST_STEP][PASSED] - waitForElementPresent: Object 'Object Repository/Equipment/EquipmentPurchase/EPO_Line/EPO_Line_Model' is present

2017-11-15 15:06:42 - [MESSAGE][PASSED] - Object 'Object Repository/Equipment/EquipmentPurchase/EPO_Line/EPO_Line_Model' is present

2017-11-15 15:06:42 - [TEST_STEP][PASSED] - click: Object: 'Object Repository/Equipment/EquipmentPurchase/EPO_Line/EPO_Line_Model' is clicked on

2017-11-15 15:06:42 - [MESSAGE][PASSED] - Object: 'Object Repository/Equipment/EquipmentPurchase/EPO_Line/EPO_Line_Model' is clicked on

2017-11-15 15:06:42 - [TEST_STEP][PASSED] - delay: Delayed 2 second(s)

2017-11-15 15:06:44 - [MESSAGE][PASSED] - Delayed 2 second(s)

2017-11-15 15:06:44 - [TEST_STEP][PASSED] - setText: Text '1032' is set on object 'Object Repository/Equipment/EquipmentPurchase/EPO_Line/EPO_Line_Model'

2017-11-15 15:06:44 - [MESSAGE][PASSED] - Text '1032' is set on object 'Object Repository/Equipment/EquipmentPurchase/EPO_Line/EPO_Line_Model'

2017-11-15 15:06:44 - [TEST_STEP][PASSED] - click: Object: 'Object Repository/Equipment/EquipmentPurchase/EPO_Line/EPO_Line_NeworUsed' is clicked on

2017-11-15 15:06:45 - [MESSAGE][PASSED] - Object: 'Object Repository/Equipment/EquipmentPurchase/EPO_Line/EPO_Line_NeworUsed' is clicked on

2017-11-15 15:06:45 - [TEST_STEP][PASSED] - click: Object: 'Object Repository/Equipment/EquipmentPurchase/EPO_Line/EPO_Line_NewEquipOption' is clicked on

2017-11-15 15:06:45 - [MESSAGE][PASSED] - Object: 'Object Repository/Equipment/EquipmentPurchase/EPO_Line/EPO_Line_NewEquipOption' is clicked on

2017-11-15 15:06:45 - [TEST_STEP][PASSED] - click: Object: 'Object Repository/Equipment/EquipmentPurchase/EPO_Line/EPO_Line_PlannedDate' is clicked on

2017-11-15 15:06:45 - [MESSAGE][PASSED] - Object: 'Object Repository/Equipment/EquipmentPurchase/EPO_Line/EPO_Line_PlannedDate' is clicked on

2017-11-15 15:06:45 - [TEST_STEP][PASSED] - delay: Delayed 2 second(s)

2017-11-15 15:06:47 - [MESSAGE][PASSED] - Delayed 2 second(s)

2017-11-15 15:06:47 - [TEST_STEP][PASSED] - setText: Text '+10' is set on object 'Object Repository/Equipment/EquipmentPurchase/EPO_Line/EPO_Line_PlannedDate'

2017-11-15 15:06:47 - [MESSAGE][PASSED] - Text '+10' is set on object 'Object Repository/Equipment/EquipmentPurchase/EPO_Line/EPO_Line_PlannedDate'

2017-11-15 15:06:47 - [TEST_STEP][PASSED] - click: Object: 'Object Repository/Equipment/EquipmentPurchase/EPO_Line/EPO_Line_Price' is clicked on

2017-11-15 15:06:47 - [MESSAGE][PASSED] - Object: 'Object Repository/Equipment/EquipmentPurchase/EPO_Line/EPO_Line_Price' is clicked on

2017-11-15 15:06:47 - [TEST_STEP][PASSED] - delay: Delayed 2 second(s)

2017-11-15 15:06:49 - [MESSAGE][PASSED] - Delayed 2 second(s)

2017-11-15 15:06:49 - [TEST_STEP][PASSED] - setText: Text '100' is set on object 'Object Repository/Equipment/EquipmentPurchase/EPO_Line/EPO_Line_Price'

2017-11-15 15:06:49 - [MESSAGE][PASSED] - Text '100' is set on object 'Object Repository/Equipment/EquipmentPurchase/EPO_Line/EPO_Line_Price'

2017-11-15 15:06:49 - [TEST_STEP][PASSED] - click: Object: 'Object Repository/Equipment/EquipmentPurchase/EPO_Line/EPO_Line_Save' is clicked on

2017-11-15 15:06:50 - [MESSAGE][PASSED] - Object: 'Object Repository/Equipment/EquipmentPurchase/EPO_Line/EPO_Line_Save' is clicked on

2017-11-15 15:06:50 - [TEST_STEP][PASSED] - click: Object: 'Object Repository/Equipment/EquipmentPurchase/EPO_Line/EPO_Line_importNO' is clicked on

2017-11-15 15:06:50 - [MESSAGE][PASSED] - Object: 'Object Repository/Equipment/EquipmentPurchase/EPO_Line/EPO_Line_importNO' is clicked on

2017-11-15 15:06:50 - [TEST_STEP][PASSED] - click: Object: 'Object Repository/Equipment/EquipmentPurchase/EPO_Line/EPO_Line_SaveNclose' is clicked on

2017-11-15 15:06:51 - [MESSAGE][PASSED] - Object: 'Object Repository/Equipment/EquipmentPurchase/EPO_Line/EPO_Line_SaveNclose' is clicked on

2017-11-15 15:06:51 - [TEST_STEP][PASSED] - delay: Delayed 2 second(s)

2017-11-15 15:06:53 - [MESSAGE][PASSED] - Delayed 2 second(s)

2017-11-15 15:06:53 - [TEST_STEP][PASSED] - click: Object: 'Object Repository/Equipment/EquipmentPurchase/EPO_Line/EPO_MultiLine_SavenClose' is clicked on

2017-11-15 15:06:53 - [MESSAGE][PASSED] - Object: 'Object Repository/Equipment/EquipmentPurchase/EPO_Line/EPO_MultiLine_SavenClose' is clicked on

2017-11-15 15:06:53 - [MESSAGE][PASSED] - Call Test Case 'Test Cases/Equipment/Base_EquipmentPurchase/Base_EPO_CreateHeaderNline' successfully

2017-11-15 15:06:53 - [TEST_STEP][PASSED] - callTestCase: Call Test Case 'Test Cases/Equipment/Base_EquipmentPurchase/Base_EPO_Reciept' successfully

2017-11-15 15:06:53 - [TEST_CASE][PASSED] - Test Cases/Equipment/Base_EquipmentPurchase/Base_EPO_Reciept: Test Cases/Equipment/Base_EquipmentPurchase/Base_EPO_Reciept

2017-11-15 15:06:53 - [TEST_STEP][PASSED] - click: Object: 'Object Repository/Equipment/EquipmentPurchase/EPO_Header/EPO_Header_Action' is clicked on

2017-11-15 15:06:53 - [MESSAGE][PASSED] - Object: 'Object Repository/Equipment/EquipmentPurchase/EPO_Header/EPO_Header_Action' is clicked on

2017-11-15 15:06:53 - [TEST_STEP][PASSED] - click: Object: 'Object Repository/Equipment/EquipmentPurchase/EPO_Header/EPO_Header_Action_SendForApproval' is clicked on

2017-11-15 15:06:53 - [MESSAGE][PASSED] - Object: 'Object Repository/Equipment/EquipmentPurchase/EPO_Header/EPO_Header_Action_SendForApproval' is clicked on

2017-11-15 15:06:53 - [TEST_STEP][PASSED] - delay: Delayed 5 second(s)

2017-11-15 15:06:58 - [MESSAGE][PASSED] - Delayed 5 second(s)

2017-11-15 15:06:58 - [TEST_STEP][PASSED] - click: Object: 'Object Repository/Equipment/EquipmentPurchase/EPO_Header/EPO_Header_Action' is clicked on

2017-11-15 15:06:58 - [MESSAGE][PASSED] - Object: 'Object Repository/Equipment/EquipmentPurchase/EPO_Header/EPO_Header_Action' is clicked on

2017-11-15 15:06:58 - [TEST_STEP][PASSED] - click: Object: 'Object Repository/Equipment/EquipmentPurchase/EPO_Header/EPO_Header_Apporve' is clicked on

2017-11-15 15:06:59 - [MESSAGE][PASSED] - Object: 'Object Repository/Equipment/EquipmentPurchase/EPO_Header/EPO_Header_Apporve' is clicked on

2017-11-15 15:06:59 - [TEST_STEP][PASSED] - delay: Delayed 5 second(s)

2017-11-15 15:07:04 - [MESSAGE][PASSED] - Delayed 5 second(s)

2017-11-15 15:07:04 - [TEST_STEP][PASSED] - click: Object: 'Object Repository/Equipment/EquipmentPurchase/EPO_Header/EPO_Header_Print' is clicked on

2017-11-15 15:07:04 - [MESSAGE][PASSED] - Object: 'Object Repository/Equipment/EquipmentPurchase/EPO_Header/EPO_Header_Print' is clicked on

2017-11-15 15:07:04 - [TEST_STEP][PASSED] - click: Object: 'Object Repository/Equipment/EquipmentPurchase/EPO_Header/EPO_Print_FinalPrint' is clicked on

2017-11-15 15:07:04 - [MESSAGE][PASSED] - Object: 'Object Repository/Equipment/EquipmentPurchase/EPO_Header/EPO_Print_FinalPrint' is clicked on

2017-11-15 15:07:04 - [TEST_STEP][PASSED] - click: Object: 'Object Repository/Equipment/EquipmentPurchase/EPO_Header/EPO_Print_PrintOption' is clicked on

2017-11-15 15:07:05 - [MESSAGE][PASSED] - Object: 'Object Repository/Equipment/EquipmentPurchase/EPO_Header/EPO_Print_PrintOption' is clicked on

2017-11-15 15:07:05 - [TEST_STEP][PASSED] - click: Object: 'Object Repository/Equipment/EquipmentPurchase/EPO_Header/EPO_Print_Device' is clicked on

2017-11-15 15:07:07 - [MESSAGE][PASSED] - Object: 'Object Repository/Equipment/EquipmentPurchase/EPO_Header/EPO_Print_Device' is clicked on

2017-11-15 15:07:07 - [TEST_STEP][PASSED] - setText: Text 'D' is set on object 'Object Repository/Equipment/EquipmentPurchase/EPO_Header/EPO_Print_Device'

2017-11-15 15:07:07 - [MESSAGE][PASSED] - Text 'D' is set on object 'Object Repository/Equipment/EquipmentPurchase/EPO_Header/EPO_Print_Device'

2017-11-15 15:07:07 - [TEST_STEP][PASSED] - click: Object: 'Object Repository/Equipment/EquipmentPurchase/EPO_Header/EPO_Print_Continue' is clicked on

2017-11-15 15:07:07 - [MESSAGE][PASSED] - Object: 'Object Repository/Equipment/EquipmentPurchase/EPO_Header/EPO_Print_Continue' is clicked on

2017-11-15 15:07:07 - [TEST_STEP][PASSED] - delay: Delayed 5 second(s)

2017-11-15 15:07:12 - [MESSAGE][PASSED] - Delayed 5 second(s)

2017-11-15 15:07:12 - [TEST_STEP][PASSED] - click: Object: 'Object Repository/Equipment/EquipmentPurchase/EPO_Header/EPO_Header_EPOtab' is clicked on

2017-11-15 15:07:13 - [MESSAGE][PASSED] - Object: 'Object Repository/Equipment/EquipmentPurchase/EPO_Header/EPO_Header_EPOtab' is clicked on

2017-11-15 15:07:13 - [TEST_STEP][PASSED] - click: Object: 'Object Repository/Equipment/EquipmentPurchase/EPO_Header/EPO_Print_Close' is clicked on

2017-11-15 15:07:13 - [MESSAGE][PASSED] - Object: 'Object Repository/Equipment/EquipmentPurchase/EPO_Header/EPO_Print_Close' is clicked on

2017-11-15 15:07:13 - [TEST_STEP][PASSED] - delay: Delayed 3 second(s)

2017-11-15 15:07:16 - [MESSAGE][PASSED] - Delayed 3 second(s)

2017-11-15 15:07:16 - [TEST_STEP][PASSED] - click: Object: 'Object Repository/Equipment/EquipmentPurchase/EPO_Header/EPO_Header_Action' is clicked on

2017-11-15 15:07:16 - [MESSAGE][PASSED] - Object: 'Object Repository/Equipment/EquipmentPurchase/EPO_Header/EPO_Header_Action' is clicked on

2017-11-15 15:07:16 - [TEST_STEP][PASSED] - click: Object: 'Object Repository/Equipment/EquipmentPurchase/EPO_Header/EPO_Action_Reciept' is clicked on

2017-11-15 15:07:16 - [MESSAGE][PASSED] - Object: 'Object Repository/Equipment/EquipmentPurchase/EPO_Header/EPO_Action_Reciept' is clicked on

2017-11-15 15:07:16 - [TEST_STEP][PASSED] - waitForElementPresent: Object 'Object Repository/Equipment/EquipmentPurchase/EPO_Receipt/EPO_Reciept_Save' is present

2017-11-15 15:07:18 - [MESSAGE][PASSED] - Object 'Object Repository/Equipment/EquipmentPurchase/EPO_Receipt/EPO_Reciept_Save' is present

2017-11-15 15:07:18 - [TEST_STEP][PASSED] - click: Object: 'Object Repository/Equipment/EquipmentPurchase/EPO_Receipt/EPO_Reciept_Save' is clicked on

2017-11-15 15:07:18 - [MESSAGE][PASSED] - Object: 'Object Repository/Equipment/EquipmentPurchase/EPO_Receipt/EPO_Reciept_Save' is clicked on

2017-11-15 15:07:18 - [TEST_STEP][PASSED] - delay: Delayed 3 second(s)

2017-11-15 15:07:21 - [MESSAGE][PASSED] - Delayed 3 second(s)

2017-11-15 15:07:21 - [TEST_STEP][PASSED] - click: Object: 'Object Repository/Equipment/EquipmentPurchase/EPO_Receipt/EPO_Receipt_Action' is clicked on

2017-11-15 15:07:22 - [MESSAGE][PASSED] - Object: 'Object Repository/Equipment/EquipmentPurchase/EPO_Receipt/EPO_Receipt_Action' is clicked on

2017-11-15 15:07:22 - [TEST_STEP][PASSED] - click: Object: 'Object Repository/Equipment/EquipmentPurchase/EPO_Receipt/EPO_Receipt_Action_ReceiptLine' is clicked on

2017-11-15 15:07:22 - [MESSAGE][PASSED] - Object: 'Object Repository/Equipment/EquipmentPurchase/EPO_Receipt/EPO_Receipt_Action_ReceiptLine' is clicked on

2017-11-15 15:07:22 - [TEST_STEP][PASSED] - waitForElementPresent: Object 'Object Repository/Equipment/EquipmentPurchase/EPO_Receipt_Line/EPO_ReceiptLine_New' is present

2017-11-15 15:07:23 - [MESSAGE][PASSED] - Object 'Object Repository/Equipment/EquipmentPurchase/EPO_Receipt_Line/EPO_ReceiptLine_New' is present

2017-11-15 15:07:23 - [TEST_STEP][PASSED] - click: Object: 'Object Repository/Equipment/EquipmentPurchase/EPO_Receipt_Line/EPO_ReceiptLine_New' is clicked on

2017-11-15 15:07:23 - [MESSAGE][PASSED] - Object: 'Object Repository/Equipment/EquipmentPurchase/EPO_Receipt_Line/EPO_ReceiptLine_New' is clicked on

2017-11-15 15:07:23 - [TEST_STEP][PASSED] - waitForElementPresent: Object 'Object Repository/Equipment/EquipmentPurchase/EPO_Receipt_Line/EPO_RecieptLine_Select' is present

2017-11-15 15:07:24 - [MESSAGE][PASSED] - Object 'Object Repository/Equipment/EquipmentPurchase/EPO_Receipt_Line/EPO_RecieptLine_Select' is present

2017-11-15 15:07:24 - [TEST_STEP][PASSED] - click: Object: 'Object Repository/Equipment/EquipmentPurchase/EPO_Receipt_Line/EPO_RecieptLine_Select' is clicked on

2017-11-15 15:07:24 - [MESSAGE][PASSED] - Object: 'Object Repository/Equipment/EquipmentPurchase/EPO_Receipt_Line/EPO_RecieptLine_Select' is clicked on

2017-11-15 15:07:24 - [TEST_STEP][PASSED] - delay: Delayed 3 second(s)

2017-11-15 15:07:27 - [MESSAGE][PASSED] - Delayed 3 second(s)

2017-11-15 15:07:27 - [TEST_STEP][PASSED] - click: Object: 'Object Repository/Equipment/EquipmentPurchase/EPO_Receipt_Line/EPO_ReceiptLine_SavenClose' is clicked on

2017-11-15 15:07:27 - [MESSAGE][PASSED] - Object: 'Object Repository/Equipment/EquipmentPurchase/EPO_Receipt_Line/EPO_ReceiptLine_SavenClose' is clicked on

2017-11-15 15:07:27 - [TEST_STEP][PASSED] - waitForElementPresent: Object 'Object Repository/Equipment/EquipmentPurchase/EPO_Receipt_Line/EPO_RecieptLineAction' is present

2017-11-15 15:07:27 - [MESSAGE][PASSED] - Object 'Object Repository/Equipment/EquipmentPurchase/EPO_Receipt_Line/EPO_RecieptLineAction' is present

2017-11-15 15:07:27 - [TEST_STEP][PASSED] - Statement - G_Unit = com.kms.katalon.core.webui.keyword.WebUiBuiltInKeywords.getText(com.kms.katalon.core.testobject.ObjectRepository.findTestObject(Equipment/EquipmentPurchase/EPO_Receipt/EPO_Reciept_Unit)): Text of object 'Object Repository/Equipment/EquipmentPurchase/EPO_Receipt/EPO_Reciept_Unit' is: 'MD0018319'

2017-11-15 15:07:28 - [MESSAGE][PASSED] - Text of object 'Object Repository/Equipment/EquipmentPurchase/EPO_Receipt/EPO_Reciept_Unit' is: 'MD0018319'

2017-11-15 15:07:28 - [TEST_STEP][PASSED] - click: Object: 'Object Repository/Equipment/EquipmentPurchase/EPO_Receipt_Line/EPO_RecieptLineAction' is clicked on

2017-11-15 15:07:28 - [MESSAGE][PASSED] - Object: 'Object Repository/Equipment/EquipmentPurchase/EPO_Receipt_Line/EPO_RecieptLineAction' is clicked on

2017-11-15 15:07:28 - [TEST_STEP][PASSED] - click: Object: 'Object Repository/Equipment/EquipmentPurchase/EPO_Receipt/EPO_Action_Confirm' is clicked on

2017-11-15 15:07:28 - [MESSAGE][PASSED] - Object: 'Object Repository/Equipment/EquipmentPurchase/EPO_Receipt/EPO_Action_Confirm' is clicked on

2017-11-15 15:07:28 - [TEST_STEP][PASSED] - click: Object: 'Object Repository/Equipment/EquipmentPurchase/EPO_Receipt/EPO_Reciept_MeterOK' is clicked on

2017-11-15 15:07:29 - [MESSAGE][PASSED] - Object: 'Object Repository/Equipment/EquipmentPurchase/EPO_Receipt/EPO_Reciept_MeterOK' is clicked on

2017-11-15 15:07:29 - [TEST_STEP][PASSED] - waitForElementPresent: Object 'Object Repository/Equipment/EquipmentPurchase/EPO_Receipt/EPO_RecieptPrint_Device' is present

2017-11-15 15:07:32 - [MESSAGE][PASSED] - Object 'Object Repository/Equipment/EquipmentPurchase/EPO_Receipt/EPO_RecieptPrint_Device' is present

2017-11-15 15:07:32 - [TEST_STEP][PASSED] - click: Object: 'Object Repository/Equipment/EquipmentPurchase/EPO_Receipt/EPO_RecieptPrint_Device' is clicked on

2017-11-15 15:07:32 - [MESSAGE][PASSED] - Object: 'Object Repository/Equipment/EquipmentPurchase/EPO_Receipt/EPO_RecieptPrint_Device' is clicked on

2017-11-15 15:07:32 - [TEST_STEP][PASSED] - setText: Text 'D' is set on object 'Object Repository/Equipment/EquipmentPurchase/EPO_Receipt/EPO_RecieptPrint_Device'

2017-11-15 15:07:32 - [MESSAGE][PASSED] - Text 'D' is set on object 'Object Repository/Equipment/EquipmentPurchase/EPO_Receipt/EPO_RecieptPrint_Device'

2017-11-15 15:07:32 - [TEST_STEP][PASSED] - click: Object: 'Object Repository/Equipment/EquipmentPurchase/EPO_Receipt/EPO_RecieptPrint_Continue' is clicked on

2017-11-15 15:07:33 - [MESSAGE][PASSED] - Object: 'Object Repository/Equipment/EquipmentPurchase/EPO_Receipt/EPO_RecieptPrint_Continue' is clicked on

2017-11-15 15:07:33 - [TEST_STEP][PASSED] - delay: Delayed 3 second(s)

2017-11-15 15:07:36 - [MESSAGE][PASSED] - Delayed 3 second(s)

2017-11-15 15:07:36 - [TEST_STEP][PASSED] - click: Object: 'Object Repository/Equipment/EquipmentPurchase/EPO_Receipt/EPO_RecieptPrint_ProcessCompleted' is clicked on

2017-11-15 15:07:36 - [MESSAGE][PASSED] - Object: 'Object Repository/Equipment/EquipmentPurchase/EPO_Receipt/EPO_RecieptPrint_ProcessCompleted' is clicked on

2017-11-15 15:07:36 - [TEST_STEP][PASSED] - delay: Delayed 10 second(s)

2017-11-15 15:07:46 - [MESSAGE][PASSED] - Delayed 10 second(s)

2017-11-15 15:07:46 - [MESSAGE][PASSED] - Call Test Case 'Test Cases/Equipment/Base_EquipmentPurchase/Base_EPO_Reciept' successfully

2017-11-15 15:07:46 - [MESSAGE][PASSED] - Call Test Case 'Test Cases/Equipment/Base_EquipmentPurchase/EPO_CreateNrecieve' successfully

2017-11-15 15:07:46 - [TEST_STEP][PASSED] - callTestCase: Call Test Case 'Test Cases/Rental/Base_RentalContract/Base_CreateRentalInvoice_HeaderlineInvoice_SplitTender' successfully

2017-11-15 15:07:46 - [TEST_CASE][PASSED] - Test Cases/Rental/Base_RentalContract/Base_CreateRentalInvoice_HeaderlineInvoice_SplitTender: Test Cases/Rental/Base_RentalContract/Base_CreateRentalInvoice_HeaderlineInvoice_SplitTender

2017-11-15 15:07:46 - [TEST_STEP][PASSED] - callTestCase: Call Test Case 'Test Cases/Rental/Base_RentalContract/Base_CreateRentalHeader' successfully

2017-11-15 15:07:46 - [TEST_CASE][PASSED] - Test Cases/Rental/Base_RentalContract/Base_CreateRentalHeader: Test Cases/Rental/Base_RentalContract/Base_CreateRentalHeader

2017-11-15 15:07:46 - [TEST_STEP][PASSED] - callTestCase: Call Test Case 'Test Cases/Common/Base_Common_OpenSession' successfully

2017-11-15 15:07:46 - [TEST_CASE][PASSED] - Test Cases/Common/Base_Common_OpenSession: Test Cases/Common/Base_Common_OpenSession

2017-11-15 15:07:46 - [TEST_STEP][PASSED] - openBrowser: Browser is opened with url: 'https://rgajbhiye:Robin$123@proxima-ln4.e-emphasys.com:8441/webui/servlet/login'

2017-11-15 15:07:46 - [MESSAGE][WARNING] - A browser is already opened. Closing browser and opening a new one

2017-11-15 15:07:53 - [MESSAGE][PASSED] - Browser is opened with url: 'https://rgajbhiye:Robin$123@proxima-ln4.e-emphasys.com:8441/webui/servlet/login'

2017-11-15 15:07:53 - [TEST_STEP][PASSED] - waitForPageLoad: Wait for page load successfully

2017-11-15 15:07:53 - [MESSAGE][PASSED] - Wait for page load successfully

2017-11-15 15:07:53 - [TEST_STEP][PASSED] - maximizeWindow: Current window maximized

2017-11-15 15:07:53 - [MESSAGE][PASSED] - Current window maximized

2017-11-15 15:07:53 - [TEST_STEP][PASSED] - click: Object: 'Object Repository/Common/HomePage/HomePage_more' is clicked on

2017-11-15 15:07:56 - [MESSAGE][PASSED] - Object: 'Object Repository/Common/HomePage/HomePage_more' is clicked on

2017-11-15 15:07:56 - [TEST_STEP][PASSED] - click: Object: 'Object Repository/Common/HomePage/HomePage_Option' is clicked on

2017-11-15 15:07:56 - [MESSAGE][PASSED] - Object: 'Object Repository/Common/HomePage/HomePage_Option' is clicked on

2017-11-15 15:07:56 - [TEST_STEP][PASSED] - click: Object: 'Object Repository/Common/HomePage/HomePage_RunProgram_' is clicked on

2017-11-15 15:07:56 - [MESSAGE][PASSED] - Object: 'Object Repository/Common/HomePage/HomePage_RunProgram_' is clicked on

2017-11-15 15:07:56 - [TEST_STEP][PASSED] - sendKeys: Keys 'erext4100s004' sent to object: 'Object Repository/Common/HomePage/HomePage_Session_ID'

2017-11-15 15:07:57 - [MESSAGE][PASSED] - Keys 'erext4100s004' sent to object: 'Object Repository/Common/HomePage/HomePage_Session_ID'

2017-11-15 15:07:57 - [TEST_STEP][PASSED] - click: Object: 'Object Repository/Common/HomePage/HomePage_OkButton' is clicked on

2017-11-15 15:07:57 - [MESSAGE][PASSED] - Object: 'Object Repository/Common/HomePage/HomePage_OkButton' is clicked on

2017-11-15 15:07:57 - [MESSAGE][PASSED] - Call Test Case 'Test Cases/Common/Base_Common_OpenSession' successfully

2017-11-15 15:07:57 - [TEST_STEP][PASSED] - click: Object: 'Object Repository/Rental/RentalHeader/RentalContract.Customer' is clicked on

2017-11-15 15:08:02 - [MESSAGE][PASSED] - Object: 'Object Repository/Rental/RentalHeader/RentalContract.Customer' is clicked on

2017-11-15 15:08:02 - [TEST_STEP][PASSED] - setText: Text 'M00000010' is set on object 'Object Repository/Rental/RentalHeader/RentalContract.Customer'

2017-11-15 15:08:02 - [MESSAGE][PASSED] - Text 'M00000010' is set on object 'Object Repository/Rental/RentalHeader/RentalContract.Customer'

2017-11-15 15:08:02 - [TEST_STEP][PASSED] - delay: Delayed 2 second(s)

2017-11-15 15:08:04 - [MESSAGE][PASSED] - Delayed 2 second(s)

2017-11-15 15:08:04 - [TEST_STEP][PASSED] - click: Object: 'Object Repository/Rental/RentalHeader/RentalContract.CustPO' is clicked on

2017-11-15 15:08:04 - [MESSAGE][PASSED] - Object: 'Object Repository/Rental/RentalHeader/RentalContract.CustPO' is clicked on

2017-11-15 15:08:04 - [TEST_STEP][PASSED] - delay: Delayed 3 second(s)

2017-11-15 15:08:07 - [MESSAGE][PASSED] - Delayed 3 second(s)

2017-11-15 15:08:07 - [TEST_STEP][PASSED] - click: Object: 'Object Repository/Rental/RentalHeader/RentalContract.OtherDetailsTab' is clicked on

2017-11-15 15:08:07 - [MESSAGE][PASSED] - Object: 'Object Repository/Rental/RentalHeader/RentalContract.OtherDetailsTab' is clicked on

2017-11-15 15:08:07 - [TEST_STEP][PASSED] - delay: Delayed 5 second(s)

2017-11-15 15:08:12 - [MESSAGE][PASSED] - Delayed 5 second(s)

2017-11-15 15:08:12 - [TEST_STEP][PASSED] - click: Object: 'Object Repository/Rental/RentalHeader/Rental Contract.ModeOfPayment' is clicked on

2017-11-15 15:08:13 - [MESSAGE][PASSED] - Object: 'Object Repository/Rental/RentalHeader/Rental Contract.ModeOfPayment' is clicked on

2017-11-15 15:08:13 - [TEST_STEP][PASSED] - delay: Delayed 2 second(s)

2017-11-15 15:08:15 - [MESSAGE][PASSED] - Delayed 2 second(s)

2017-11-15 15:08:15 - [TEST_STEP][PASSED] - click: Object: 'Object Repository/Rental/RentalHeader/RentalContract.CreditCardoption' is clicked on

2017-11-15 15:08:15 - [MESSAGE][PASSED] - Object: 'Object Repository/Rental/RentalHeader/RentalContract.CreditCardoption' is clicked on

2017-11-15 15:08:15 - [TEST_STEP][PASSED] - delay: Delayed 3 second(s)

2017-11-15 15:08:18 - [MESSAGE][PASSED] - Delayed 3 second(s)

2017-11-15 15:08:18 - [TEST_STEP][PASSED] - click: Object: 'Object Repository/Rental/RentalHeader/RentalContract.GeneralTab' is clicked on

2017-11-15 15:08:18 - [MESSAGE][PASSED] - Object: 'Object Repository/Rental/RentalHeader/RentalContract.GeneralTab' is clicked on

2017-11-15 15:08:18 - [TEST_STEP][PASSED] - delay: Delayed 5 second(s)

2017-11-15 15:08:23 - [MESSAGE][PASSED] - Delayed 5 second(s)

2017-11-15 15:08:23 - [TEST_STEP][PASSED] - click: Object: 'Object Repository/Rental/RentalHeader/RentalContract.Newbuttonline' is clicked on

2017-11-15 15:08:23 - [MESSAGE][PASSED] - Object: 'Object Repository/Rental/RentalHeader/RentalContract.Newbuttonline' is clicked on

2017-11-15 15:08:23 - [TEST_STEP][PASSED] - delay: Delayed 5 second(s)

2017-11-15 15:08:28 - [MESSAGE][PASSED] - Delayed 5 second(s)

2017-11-15 15:08:28 - [TEST_STEP][PASSED] - click: Object: 'Object Repository/Rental/RentalHeader/RentalContract.SetLine' is clicked on

2017-11-15 15:08:29 - [MESSAGE][PASSED] - Object: 'Object Repository/Rental/RentalHeader/RentalContract.SetLine' is clicked on

2017-11-15 15:08:29 - [TEST_STEP][PASSED] - delay: Delayed 5 second(s)

2017-11-15 15:08:34 - [MESSAGE][PASSED] - Delayed 5 second(s)

2017-11-15 15:08:34 - [TEST_STEP][PASSED] - scrollToElement: Scroll to object 'Object Repository/Rental/RentalHeader/RentalContract.Unit' successfully

2017-11-15 15:08:34 - [MESSAGE][PASSED] - Scroll to object 'Object Repository/Rental/RentalHeader/RentalContract.Unit' successfully

2017-11-15 15:08:34 - [TEST_STEP][PASSED] - delay: Delayed 3 second(s)

2017-11-15 15:08:37 - [MESSAGE][PASSED] - Delayed 3 second(s)

2017-11-15 15:08:37 - [TEST_STEP][NOT_RUN] - getText: NOT_RUN: getText

2017-11-15 15:08:37 - [MESSAGE][NOT_RUN] - NOT_RUN: getText

2017-11-15 15:08:37 - [TEST_STEP][PASSED] - click: Object: 'Object Repository/Rental/RentalHeader/RentalContract.Unit' is clicked on

2017-11-15 15:08:37 - [MESSAGE][PASSED] - Object: 'Object Repository/Rental/RentalHeader/RentalContract.Unit' is clicked on

2017-11-15 15:08:37 - [TEST_STEP][PASSED] - delay: Delayed 5 second(s)

2017-11-15 15:08:42 - [MESSAGE][PASSED] - Delayed 5 second(s)

2017-11-15 15:08:42 - [TEST_STEP][PASSED] - setText: Text 'MD0018319' is set on object 'Object Repository/Rental/RentalHeader/RentalContract.Unit'

2017-11-15 15:08:42 - [MESSAGE][PASSED] - Text 'MD0018319' is set on object 'Object Repository/Rental/RentalHeader/RentalContract.Unit'

2017-11-15 15:08:42 - [TEST_STEP][PASSED] - delay: Delayed 5 second(s)

2017-11-15 15:08:47 - [MESSAGE][PASSED] - Delayed 5 second(s)

2017-11-15 15:08:47 - [TEST_STEP][PASSED] - scrollToElement: Scroll to object 'Object Repository/Rental/RentalHeader/RentalContract.MultipleInsurence' successfully

2017-11-15 15:08:47 - [MESSAGE][PASSED] - Scroll to object 'Object Repository/Rental/RentalHeader/RentalContract.MultipleInsurence' successfully

2017-11-15 15:08:47 - [TEST_STEP][PASSED] - delay: Delayed 5 second(s)

2017-11-15 15:08:52 - [MESSAGE][PASSED] - Delayed 5 second(s)

2017-11-15 15:08:52 - [TEST_STEP][PASSED] - doubleClick: Object: 'Object Repository/Rental/RentalHeader/RentalContract.MultipleInsurence' is double clicked on

2017-11-15 15:08:53 - [MESSAGE][PASSED] - Object: 'Object Repository/Rental/RentalHeader/RentalContract.MultipleInsurence' is double clicked on

2017-11-15 15:08:53 - [TEST_STEP][PASSED] - delay: Delayed 5 second(s)

2017-11-15 15:08:58 - [MESSAGE][PASSED] - Delayed 5 second(s)

2017-11-15 15:08:58 - [TEST_STEP][PASSED] - click: Object: 'Object Repository/Rental/RentalHeader/RentalContract.MultipleInsurence' is clicked on

2017-11-15 15:08:58 - [MESSAGE][PASSED] - Object: 'Object Repository/Rental/RentalHeader/RentalContract.MultipleInsurence' is clicked on

2017-11-15 15:08:58 - [TEST_STEP][PASSED] - click: Object: 'Object Repository/Rental/RentalHeader/RentalContract.MultiInsNO' is clicked on

2017-11-15 15:08:58 - [MESSAGE][PASSED] - Object: 'Object Repository/Rental/RentalHeader/RentalContract.MultiInsNO' is clicked on

2017-11-15 15:08:58 - [TEST_STEP][PASSED] - delay: Delayed 5 second(s)

2017-11-15 15:09:03 - [MESSAGE][PASSED] - Delayed 5 second(s)

2017-11-15 15:09:03 - [TEST_STEP][PASSED] - scrollToElement: Scroll to object 'Object Repository/Rental/RentalHeader/RentalContract.GrossRateline' successfully

2017-11-15 15:09:03 - [MESSAGE][PASSED] - Scroll to object 'Object Repository/Rental/RentalHeader/RentalContract.GrossRateline' successfully

2017-11-15 15:09:03 - [TEST_STEP][NOT_RUN] - delay: NOT_RUN: delay

2017-11-15 15:09:03 - [MESSAGE][NOT_RUN] - NOT_RUN: delay

2017-11-15 15:09:03 - [TEST_STEP][PASSED] - doubleClick: Object: 'Object Repository/Rental/RentalHeader/RentalContract.GrossRateline' is double clicked on

2017-11-15 15:09:03 - [MESSAGE][PASSED] - Object: 'Object Repository/Rental/RentalHeader/RentalContract.GrossRateline' is double clicked on

2017-11-15 15:09:03 - [TEST_STEP][PASSED] - delay: Delayed 2 second(s)

2017-11-15 15:09:05 - [MESSAGE][PASSED] - Delayed 2 second(s)

2017-11-15 15:09:05 - [TEST_STEP][PASSED] - click: Object: 'Object Repository/Rental/RentalHeader/RentalContract.GrossRateline' is clicked on

2017-11-15 15:09:06 - [MESSAGE][PASSED] - Object: 'Object Repository/Rental/RentalHeader/RentalContract.GrossRateline' is clicked on

2017-11-15 15:09:06 - [TEST_STEP][PASSED] - delay: Delayed 2 second(s)

2017-11-15 15:09:08 - [MESSAGE][PASSED] - Delayed 2 second(s)

2017-11-15 15:09:08 - [TEST_STEP][PASSED] - setText: Text '100' is set on object 'Object Repository/Rental/RentalHeader/RentalContract.GrossRateline'

2017-11-15 15:09:08 - [MESSAGE][PASSED] - Text '100' is set on object 'Object Repository/Rental/RentalHeader/RentalContract.GrossRateline'

2017-11-15 15:09:08 - [TEST_STEP][PASSED] - delay: Delayed 4 second(s)

2017-11-15 15:09:12 - [MESSAGE][PASSED] - Delayed 4 second(s)

2017-11-15 15:09:12 - [TEST_STEP][PASSED] - click: Object: 'Object Repository/Rental/RentalHeader/RentalContract.SaveHeader' is clicked on

2017-11-15 15:09:12 - [MESSAGE][PASSED] - Object: 'Object Repository/Rental/RentalHeader/RentalContract.SaveHeader' is clicked on

2017-11-15 15:09:12 - [TEST_STEP][PASSED] - delay: Delayed 5 second(s)

2017-11-15 15:09:17 - [MESSAGE][PASSED] - Delayed 5 second(s)

2017-11-15 15:09:17 - [TEST_STEP][PASSED] - click: Object: 'Object Repository/Rental/RentalHeader/RentalContract.Action' is clicked on

2017-11-15 15:09:17 - [MESSAGE][PASSED] - Object: 'Object Repository/Rental/RentalHeader/RentalContract.Action' is clicked on

2017-11-15 15:09:17 - [TEST_STEP][PASSED] - delay: Delayed 8 second(s)

2017-11-15 15:09:25 - [MESSAGE][PASSED] - Delayed 8 second(s)

2017-11-15 15:09:25 - [TEST_STEP][PASSED] - click: Object: 'Object Repository/Rental/RentalHeader/RentalContract.Release' is clicked on

2017-11-15 15:09:26 - [MESSAGE][PASSED] - Object: 'Object Repository/Rental/RentalHeader/RentalContract.Release' is clicked on

2017-11-15 15:09:26 - [TEST_STEP][PASSED] - delay: Delayed 12 second(s)

2017-11-15 15:09:38 - [MESSAGE][PASSED] - Delayed 12 second(s)

2017-11-15 15:09:38 - [TEST_STEP][PASSED] - click: Object: 'Object Repository/Rental/RentalHeader/RentalContract.ActionDelivery' is clicked on

2017-11-15 15:09:38 - [MESSAGE][PASSED] - Object: 'Object Repository/Rental/RentalHeader/RentalContract.ActionDelivery' is clicked on

2017-11-15 15:09:38 - [TEST_STEP][PASSED] - delay: Delayed 6 second(s)

2017-11-15 15:09:44 - [MESSAGE][PASSED] - Delayed 6 second(s)

2017-11-15 15:09:44 - [TEST_STEP][PASSED] - click: Object: 'Object Repository/Rental/RentalHeader/RentalContract.ConfirmDelivery' is clicked on

2017-11-15 15:09:44 - [MESSAGE][PASSED] - Object: 'Object Repository/Rental/RentalHeader/RentalContract.ConfirmDelivery' is clicked on

2017-11-15 15:09:44 - [TEST_STEP][PASSED] - delay: Delayed 8 second(s)

2017-11-15 15:09:52 - [MESSAGE][PASSED] - Delayed 8 second(s)

2017-11-15 15:09:52 - [TEST_STEP][NOT_RUN] - waitForElementPresent: NOT_RUN: waitForElementPresent

2017-11-15 15:09:52 - [MESSAGE][NOT_RUN] - NOT_RUN: waitForElementPresent

2017-11-15 15:09:52 - [TEST_STEP][NOT_RUN] - delay: NOT_RUN: delay

2017-11-15 15:09:52 - [MESSAGE][NOT_RUN] - NOT_RUN: delay

2017-11-15 15:09:52 - [TEST_STEP][PASSED] - click: Object: 'Object Repository/Rental/RentalHeader/RentalContract.DeliveryProceed' is clicked on

2017-11-15 15:09:52 - [MESSAGE][PASSED] - Object: 'Object Repository/Rental/RentalHeader/RentalContract.DeliveryProceed' is clicked on

2017-11-15 15:09:52 - [TEST_STEP][PASSED] - delay: Delayed 12 second(s)

2017-11-15 15:10:04 - [MESSAGE][PASSED] - Delayed 12 second(s)

2017-11-15 15:10:04 - [TEST_STEP][NOT_RUN] - waitForElementPresent: NOT_RUN: waitForElementPresent

2017-11-15 15:10:04 - [MESSAGE][NOT_RUN] - NOT_RUN: waitForElementPresent

2017-11-15 15:10:04 - [TEST_STEP][NOT_RUN] - delay: NOT_RUN: delay

2017-11-15 15:10:04 - [MESSAGE][NOT_RUN] - NOT_RUN: delay

2017-11-15 15:10:04 - [TEST_STEP][NOT_RUN] - click: NOT_RUN: click

2017-11-15 15:10:04 - [MESSAGE][NOT_RUN] - NOT_RUN: click

2017-11-15 15:10:04 - [TEST_STEP][PASSED] - delay: Delayed 8 second(s)

2017-11-15 15:10:12 - [MESSAGE][PASSED] - Delayed 8 second(s)

2017-11-15 15:10:12 - [TEST_STEP][PASSED] - click: Object: 'Object Repository/Rental/RentalHeader/RentalContract.InspetionReportClose' is clicked on

2017-11-15 15:10:13 - [MESSAGE][PASSED] - Object: 'Object Repository/Rental/RentalHeader/RentalContract.InspetionReportClose' is clicked on

2017-11-15 15:10:13 - [TEST_STEP][PASSED] - delay: Delayed 5 second(s)

2017-11-15 15:10:18 - [MESSAGE][PASSED] - Delayed 5 second(s)

2017-11-15 15:10:18 - [TEST_STEP][PASSED] - click: Object: 'Object Repository/Rental/RentalHeader/RentalContract.BillofLaddingClosed' is clicked on

2017-11-15 15:10:18 - [MESSAGE][PASSED] - Object: 'Object Repository/Rental/RentalHeader/RentalContract.BillofLaddingClosed' is clicked on

2017-11-15 15:10:18 - [TEST_STEP][PASSED] - delay: Delayed 5 second(s)

2017-11-15 15:10:23 - [MESSAGE][PASSED] - Delayed 5 second(s)

2017-11-15 15:10:23 - [TEST_STEP][PASSED] - click: Object: 'Object Repository/Rental/RentalHeader/RentalContract.EqipRentalMemoclosed' is clicked on

2017-11-15 15:10:23 - [MESSAGE][PASSED] - Object: 'Object Repository/Rental/RentalHeader/RentalContract.EqipRentalMemoclosed' is clicked on

2017-11-15 15:10:23 - [TEST_STEP][PASSED] - delay: Delayed 5 second(s)

2017-11-15 15:10:28 - [MESSAGE][PASSED] - Delayed 5 second(s)

2017-11-15 15:10:28 - [TEST_STEP][PASSED] - click: Object: 'Object Repository/Rental/RentalHeader/RentalContract.InspectionOrdergnerated' is clicked on

2017-11-15 15:10:28 - [MESSAGE][PASSED] - Object: 'Object Repository/Rental/RentalHeader/RentalContract.InspectionOrdergnerated' is clicked on

2017-11-15 15:10:28 - [MESSAGE][PASSED] - Call Test Case 'Test Cases/Rental/Base_RentalContract/Base_CreateRentalHeader' successfully

2017-11-15 15:10:28 - [TEST_STEP][PASSED] - delay: Delayed 4 second(s)

2017-11-15 15:10:32 - [MESSAGE][PASSED] - Delayed 4 second(s)

2017-11-15 15:10:32 - [TEST_STEP][PASSED] - click: Object: 'Object Repository/Rental/RentalHeader/RentalInvoice/RentalInvoice.InvoicingscheduleTab' is clicked on

2017-11-15 15:10:33 - [MESSAGE][PASSED] - Object: 'Object Repository/Rental/RentalHeader/RentalInvoice/RentalInvoice.InvoicingscheduleTab' is clicked on

2017-11-15 15:10:33 - [TEST_STEP][PASSED] - delay: Delayed 4 second(s)

2017-11-15 15:10:37 - [MESSAGE][PASSED] - Delayed 4 second(s)

2017-11-15 15:10:37 - [TEST_STEP][PASSED] - click: Object: 'Object Repository/Rental/RentalHeader/RentalInvoice/RentalInvoice.Action' is clicked on

2017-11-15 15:10:37 - [MESSAGE][PASSED] - Object: 'Object Repository/Rental/RentalHeader/RentalInvoice/RentalInvoice.Action' is clicked on

2017-11-15 15:10:37 - [TEST_STEP][PASSED] - delay: Delayed 4 second(s)

2017-11-15 15:10:41 - [MESSAGE][PASSED] - Delayed 4 second(s)

2017-11-15 15:10:41 - [TEST_STEP][PASSED] - click: Object: 'Object Repository/Rental/RentalHeader/RentalInvoice/RentalInvoice.ProcessInvoice' is clicked on

2017-11-15 15:10:41 - [MESSAGE][PASSED] - Object: 'Object Repository/Rental/RentalHeader/RentalInvoice/RentalInvoice.ProcessInvoice' is clicked on

2017-11-15 15:10:41 - [TEST_STEP][PASSED] - delay: Delayed 4 second(s)

2017-11-15 15:10:45 - [MESSAGE][PASSED] - Delayed 4 second(s)

2017-11-15 15:10:45 - [TEST_STEP][PASSED] - click: Object: 'Object Repository/Rental/RentalHeader/RentalInvoice/RentalInvoice.ProcessInvoice2' is clicked on

2017-11-15 15:10:45 - [MESSAGE][PASSED] - Object: 'Object Repository/Rental/RentalHeader/RentalInvoice/RentalInvoice.ProcessInvoice2' is clicked on

2017-11-15 15:10:45 - [TEST_STEP][PASSED] - delay: Delayed 0 second(s)

2017-11-15 15:10:45 - [MESSAGE][PASSED] - Delayed 0 second(s)

2017-11-15 15:10:45 - [TEST_STEP][PASSED] - click: Object: 'Object Repository/Rental/RentalHeader/RentalInvoice/RentalInvoice.InvoiceProcessYES' is clicked on

2017-11-15 15:10:46 - [MESSAGE][PASSED] - Object: 'Object Repository/Rental/RentalHeader/RentalInvoice/RentalInvoice.InvoiceProcessYES' is clicked on

2017-11-15 15:10:46 - [TEST_STEP][PASSED] - delay: Delayed 0 second(s)

2017-11-15 15:10:46 - [MESSAGE][PASSED] - Delayed 0 second(s)

2017-11-15 15:10:46 - [TEST_STEP][PASSED] - setText: Text 'GLOBAL' is set on object 'Object Repository/Rental/RentalHeader/RentalInvoice/ServiceCreditCard.PaymentGateway'

2017-11-15 15:10:48 - [MESSAGE][PASSED] - Text 'GLOBAL' is set on object 'Object Repository/Rental/RentalHeader/RentalInvoice/ServiceCreditCard.PaymentGateway'

2017-11-15 15:10:48 - [TEST_STEP][NOT_RUN] - sendKeys: NOT_RUN: sendKeys

2017-11-15 15:10:48 - [MESSAGE][NOT_RUN] - NOT_RUN: sendKeys

2017-11-15 15:10:48 - [TEST_STEP][PASSED] - doubleClick: Object: 'Object Repository/Rental/RentalHeader/RentalInvoice/ServiceCreditCard.CardType' is double clicked on

2017-11-15 15:10:48 - [MESSAGE][PASSED] - Object: 'Object Repository/Rental/RentalHeader/RentalInvoice/ServiceCreditCard.CardType' is double clicked on

2017-11-15 15:10:48 - [TEST_STEP][PASSED] - setText: Text 'DEBIT MASTERCARD' is set on object 'Object Repository/Rental/RentalHeader/RentalInvoice/ServiceCreditCard.CardType'

2017-11-15 15:10:49 - [MESSAGE][PASSED] - Text 'DEBIT MASTERCARD' is set on object 'Object Repository/Rental/RentalHeader/RentalInvoice/ServiceCreditCard.CardType'

2017-11-15 15:10:49 - [TEST_STEP][PASSED] - delay: Delayed 2 second(s)

2017-11-15 15:10:51 - [MESSAGE][PASSED] - Delayed 2 second(s)

2017-11-15 15:10:51 - [TEST_STEP][PASSED] - doubleClick: Object: 'Object Repository/Rental/RentalHeader/RentalInvoice/ServiceCreditCard.Enter CC No' is double clicked on

2017-11-15 15:10:51 - [MESSAGE][PASSED] - Object: 'Object Repository/Rental/RentalHeader/RentalInvoice/ServiceCreditCard.Enter CC No' is double clicked on

2017-11-15 15:10:51 - [TEST_STEP][PASSED] - sendKeys: Keys '5100270000000007' sent to object: 'Object Repository/Rental/RentalHeader/RentalInvoice/ServiceCreditCard.Enter CC No'

2017-11-15 15:10:51 - [MESSAGE][PASSED] - Keys '5100270000000007' sent to object: 'Object Repository/Rental/RentalHeader/RentalInvoice/ServiceCreditCard.Enter CC No'

2017-11-15 15:10:51 - [TEST_STEP][PASSED] - delay: Delayed 2 second(s)

2017-11-15 15:10:53 - [MESSAGE][PASSED] - Delayed 2 second(s)

2017-11-15 15:10:53 - [TEST_STEP][PASSED] - click: Object: 'Object Repository/Rental/RentalHeader/RentalInvoice/ServiceCreditCard.CVV2' is clicked on

2017-11-15 15:10:53 - [MESSAGE][PASSED] - Object: 'Object Repository/Rental/RentalHeader/RentalInvoice/ServiceCreditCard.CVV2' is clicked on

2017-11-15 15:10:53 - [TEST_STEP][PASSED] - sendKeys: Keys '865' sent to object: 'Object Repository/Rental/RentalHeader/RentalInvoice/ServiceCreditCard.CVV2'

2017-11-15 15:10:53 - [MESSAGE][PASSED] - Keys '865' sent to object: 'Object Repository/Rental/RentalHeader/RentalInvoice/ServiceCreditCard.CVV2'

2017-11-15 15:10:53 - [TEST_STEP][NOT_RUN] - sendKeys: NOT_RUN: sendKeys

2017-11-15 15:10:53 - [MESSAGE][NOT_RUN] - NOT_RUN: sendKeys

2017-11-15 15:10:53 - [TEST_STEP][NOT_RUN] - delay: NOT_RUN: delay

2017-11-15 15:10:53 - [MESSAGE][NOT_RUN] - NOT_RUN: delay

2017-11-15 15:10:53 - [TEST_STEP][PASSED] - delay: Delayed 3 second(s)

2017-11-15 15:10:56 - [MESSAGE][PASSED] - Delayed 3 second(s)

2017-11-15 15:10:56 - [TEST_STEP][PASSED] - setText: Text '09' is set on object 'Object Repository/Rental/RentalHeader/RentalInvoice/ServiceCreditCard.ExpiryMonth'

2017-11-15 15:10:57 - [MESSAGE][PASSED] - Text '09' is set on object 'Object Repository/Rental/RentalHeader/RentalInvoice/ServiceCreditCard.ExpiryMonth'

2017-11-15 15:10:57 - [TEST_STEP][PASSED] - setText: Text '99' is set on object 'Object Repository/Rental/RentalHeader/RentalInvoice/ServiceCreditCard.ExpiryYear'

2017-11-15 15:10:57 - [MESSAGE][PASSED] - Text '99' is set on object 'Object Repository/Rental/RentalHeader/RentalInvoice/ServiceCreditCard.ExpiryYear'

2017-11-15 15:10:57 - [TEST_STEP][NOT_RUN] - click: NOT_RUN: click

2017-11-15 15:10:57 - [MESSAGE][NOT_RUN] - NOT_RUN: click

2017-11-15 15:10:57 - [TEST_STEP][NOT_RUN] - delay: NOT_RUN: delay

2017-11-15 15:10:57 - [MESSAGE][NOT_RUN] - NOT_RUN: delay

2017-11-15 15:10:57 - [TEST_STEP][NOT_RUN] - click: NOT_RUN: click

2017-11-15 15:10:57 - [MESSAGE][NOT_RUN] - NOT_RUN: click

2017-11-15 15:10:57 - [TEST_STEP][NOT_RUN] - delay: NOT_RUN: delay

2017-11-15 15:10:57 - [MESSAGE][NOT_RUN] - NOT_RUN: delay

2017-11-15 15:10:57 - [TEST_STEP][NOT_RUN] - click: NOT_RUN: click

2017-11-15 15:10:57 - [MESSAGE][NOT_RUN] - NOT_RUN: click

2017-11-15 15:10:57 - [TEST_STEP][NOT_RUN] - delay: NOT_RUN: delay

2017-11-15 15:10:57 - [MESSAGE][NOT_RUN] - NOT_RUN: delay

2017-11-15 15:10:57 - [TEST_STEP][NOT_RUN] - click: NOT_RUN: click

2017-11-15 15:10:57 - [MESSAGE][NOT_RUN] - NOT_RUN: click

2017-11-15 15:10:57 - [TEST_STEP][NOT_RUN] - delay: NOT_RUN: delay

2017-11-15 15:10:57 - [MESSAGE][NOT_RUN] - NOT_RUN: delay

2017-11-15 15:10:57 - [TEST_STEP][NOT_RUN] - closeBrowser: NOT_RUN: closeBrowser

2017-11-15 15:10:57 - [MESSAGE][NOT_RUN] - NOT_RUN: closeBrowser

2017-11-15 15:10:57 - [MESSAGE][PASSED] - Call Test Case 'Test Cases/Rental/Base_RentalContract/Base_CreateRentalInvoice_HeaderlineInvoice_SplitTender' successfully

2017-11-15 15:10:57 - [TEST_STEP][FAILED] - callTestCase: Unable to call Test Case with id 'Test Cases/Rental/Base_RentalContract/Base_CreateRentalInvoicewithSpitTenderDetails_SplitTender' (Root cause: Call Test Case 'Test Cases/Rental/Base_RentalContract/Base_CreateRentalInvoicewithSpitTenderDetails_SplitTender' failed)

2017-11-15 15:10:57 - [TEST_CASE][FAILED] - Test Cases/Rental/Base_RentalContract/Base_CreateRentalInvoicewithSpitTenderDetails_SplitTender: Test Cases/Rental/Base_RentalContract/Base_CreateRentalInvoicewithSpitTenderDetails_SplitTender FAILED because (of) Unable to get text of object 'Object Repository/Service/ServiceOrder/CreditCardSplitTender/SplitTender.OrderAmtHeader' (Root cause: com.kms.katalon.core.webui.exception.WebElementNotFoundException: Web element with id: 'Object Repository/Service/ServiceOrder/CreditCardSplitTender/SplitTender.OrderAmtHeader' located by 'By.xpath: //*[@id = 'xiext8105m000-4-c.amount-4']' not found)

2017-11-15 15:10:57 - [TEST_STEP][PASSED] - delay: Delayed 5 second(s)

2017-11-15 15:11:02 - [MESSAGE][PASSED] - Delayed 5 second(s)

2017-11-15 15:11:02 - [TEST_STEP][PASSED] - doubleClick: Object: 'Object Repository/Rental/Rental_SplitTenderDetails/SplitTenderDetails' is double clicked on

2017-11-15 15:11:02 - [MESSAGE][PASSED] - Object: 'Object Repository/Rental/Rental_SplitTenderDetails/SplitTenderDetails' is double clicked on

2017-11-15 15:11:02 - [TEST_STEP][PASSED] - click: Object: 'Object Repository/Rental/Rental_SplitTenderDetails/SplitTenderDetails.Yes' is clicked on

2017-11-15 15:11:03 - [MESSAGE][PASSED] - Object: 'Object Repository/Rental/Rental_SplitTenderDetails/SplitTenderDetails.Yes' is clicked on

2017-11-15 15:11:03 - [TEST_STEP][PASSED] - delay: Delayed 3 second(s)

2017-11-15 15:11:06 - [MESSAGE][PASSED] - Delayed 3 second(s)

2017-11-15 15:11:06 - [TEST_STEP][PASSED] - click: Object: 'Object Repository/Rental/Rental_SplitTenderDetails/SplitTender.LineSession' is clicked on

2017-11-15 15:11:06 - [MESSAGE][PASSED] - Object: 'Object Repository/Rental/Rental_SplitTenderDetails/SplitTender.LineSession' is clicked on

2017-11-15 15:11:06 - [TEST_STEP][PASSED] - delay: Delayed 2 second(s)

2017-11-15 15:11:08 - [MESSAGE][PASSED] - Delayed 2 second(s)

2017-11-15 15:11:08 - [TEST_STEP][FAILED] - Statement - G_OrderAmt = com.kms.katalon.core.webui.keyword.WebUiBuiltInKeywords.getText(com.kms.katalon.core.testobject.ObjectRepository.findTestObject(Service/ServiceOrder/CreditCardSplitTender/SplitTender.OrderAmtHeader)): Unable to get text of object 'Object Repository/Service/ServiceOrder/CreditCardSplitTender/SplitTender.OrderAmtHeader' (Root cause: com.kms.katalon.core.webui.exception.WebElementNotFoundException: Web element with id: 'Object Repository/Service/ServiceOrder/CreditCardSplitTender/SplitTender.OrderAmtHeader' located by 'By.xpath: //*[@id = 'xiext8105m000-4-c.amount-4']' not found)

2017-11-15 15:11:41 - [MESSAGE][FAILED] - Unable to get text of object 'Object Repository/Service/ServiceOrder/CreditCardSplitTender/SplitTender.OrderAmtHeader' (Root cause: com.kms.katalon.core.webui.exception.WebElementNotFoundException: Web element with id: 'Object Repository/Service/ServiceOrder/CreditCardSplitTender/SplitTender.OrderAmtHeader' located by 'By.xpath: //*[@id = 'xiext8105m000-4-c.amount-4']' not found)
[[ATTACHMENT|C:\\Users\\agawhande\\git\\CreditCard\\Reports\\CC_RentalInvoicewithSplitTenderTestSuite\\20171115_150045\\1510738901740.png]]

2017-11-15 15:11:41 - [MESSAGE][FAILED] - Unable to call Test Case with id 'Test Cases/Rental/Base_RentalContract/Base_CreateRentalInvoicewithSpitTenderDetails_SplitTender' (Root cause: Call Test Case 'Test Cases/Rental/Base_RentalContract/Base_CreateRentalInvoicewithSpitTenderDetails_SplitTender' failed)]]></system-out>
         <system-err><![CDATA[2017-11-15 15:06:21 - [TEST_CASE][FAILED] - Test Cases/Rental/Base_RentalContract/CreditCardRegression/TC004_RentalContractInvoice_SplitTender - Iteration 2: Test Cases/Rental/Base_RentalContract/CreditCardRegression/TC004_RentalContractInvoice_SplitTender FAILED because (of) Unable to get text of object 'Object Repository/Service/ServiceOrder/CreditCardSplitTender/SplitTender.OrderAmtHeader' (Root cause: com.kms.katalon.core.webui.exception.WebElementNotFoundException: Web element with id: 'Object Repository/Service/ServiceOrder/CreditCardSplitTender/SplitTender.OrderAmtHeader' located by 'By.xpath: //*[@id = 'xiext8105m000-4-c.amount-4']' not found)]]></system-err>
      </testcase>
      <system-out><![CDATA[2017-11-15 15:00:53 - [TEST_SUITE][FAILED] - CC_RentalInvoicewithSplitTenderTestSuite: Test Cases/Rental/Base_RentalContract/CreditCardRegression/TC004_RentalContractInvoice_SplitTender FAILED because (of) Unable to get text of object 'Object Repository/Service/ServiceOrder/CreditCardSplitTender/SplitTender.OrderAmtHeader' (Root cause: com.kms.katalon.core.webui.exception.WebElementNotFoundException: Web element with id: 'Object Repository/Service/ServiceOrder/CreditCardSplitTender/SplitTender.OrderAmtHeader' located by 'By.xpath: //*[@id = 'xiext8105m000-4-c.amount-4']' not found)]]></system-out>
      <system-err><![CDATA[2017-11-15 15:00:53 - [TEST_SUITE][FAILED] - CC_RentalInvoicewithSplitTenderTestSuite: Test Cases/Rental/Base_RentalContract/CreditCardRegression/TC004_RentalContractInvoice_SplitTender FAILED because (of) Unable to get text of object 'Object Repository/Service/ServiceOrder/CreditCardSplitTender/SplitTender.OrderAmtHeader' (Root cause: com.kms.katalon.core.webui.exception.WebElementNotFoundException: Web element with id: 'Object Repository/Service/ServiceOrder/CreditCardSplitTender/SplitTender.OrderAmtHeader' located by 'By.xpath: //*[@id = 'xiext8105m000-4-c.amount-4']' not found)]]></system-err>
   </testsuite>
</testsuites>
