<?xml version="1.0" encoding="UTF-8"?>
<testsuites name="CC_EquipmentTestSuite" time="959" tests="3" failures="0" errors="0">
   <testsuite name="CC_EquipmentTestSuite" tests="3" failures="0" errors="0" time="959" timestamp="2017-11-22 00:37:12" hostname="rgajbhiye - EET-RG.e-emphasys.com" id="Test Suites/CC_EquipmentTestSuite">
      <properties>
         <property name="deviceName" value=""/>
         <property name="devicePlatform" value=""/>
         <property name="logFolder" value="C:\\Users\\rgajbhiye\\git\\CreditCard\\Reports\\CC_EquipmentTestSuite\\20171122_000057"/>
         <property name="logFiles" value="C:\\Users\\rgajbhiye\\git\\CreditCard\\Reports\\CC_EquipmentTestSuite\\20171122_000057\\execution0.log"/>
         <property name="attachments" value=""/>
         <property name="hostName" value="rgajbhiye - EET-RG.e-emphasys.com"/>
         <property name="os" value="Windows 7 64bit"/>
         <property name="katalonVersion" value="5.0.0.1"/>
         <property name="browser" value="Firefox 43.0"/>
         <property name="hostAddress" value="192.168.25.107"/>
         <property name="sessionId" value="441da512-0fe1-4231-ab71-6d29858564b5"/>
         <property name="seleniumVersion" value="2.53.0"/>
         <property name="proxyInformation" value="ProxyInformation{proxyOption=NO_PROXY, proxyServerType=, password=, proxyServerAddress=, proxyServerPort=0}"/>
         <property name="platform" value="Windows 7"/>
      </properties>
      <testcase name="Test Cases/Equipment/CreditCardRegression/TC001_EquipmentSalesAgreement_DiffGateway - Iteration 1" classname="Test Cases/Equipment/CreditCardRegression/TC001_EquipmentSalesAgreement_DiffGateway" status="PASSED">
         <system-out><![CDATA[2017-11-22 00:37:12 - [TEST_CASE][PASSED] - Test Cases/Equipment/CreditCardRegression/TC001_EquipmentSalesAgreement_DiffGateway - Iteration 1: Test Cases/Equipment/CreditCardRegression/TC001_EquipmentSalesAgreement_DiffGateway

2017-11-22 00:37:13 - [TEST_STEP][PASSED] - callTestCase: Call Test Case 'Test Cases/Equipment/Base_EquipmentPurchase/EPO_CreateNrecieve' successfully

2017-11-22 00:37:13 - [TEST_CASE][PASSED] - Test Cases/Equipment/Base_EquipmentPurchase/EPO_CreateNrecieve: Test Cases/Equipment/Base_EquipmentPurchase/EPO_CreateNrecieve

2017-11-22 00:37:14 - [TEST_STEP][PASSED] - callTestCase: Call Test Case 'Test Cases/Equipment/Base_EquipmentPurchase/Base_EPO_CreateHeaderNline' successfully

2017-11-22 00:37:14 - [TEST_CASE][PASSED] - Test Cases/Equipment/Base_EquipmentPurchase/Base_EPO_CreateHeaderNline: Test Cases/Equipment/Base_EquipmentPurchase/Base_EPO_CreateHeaderNline

2017-11-22 00:37:14 - [TEST_STEP][PASSED] - callTestCase: Call Test Case 'Test Cases/Common/Base_Common_OpenSession' successfully

2017-11-22 00:37:14 - [TEST_CASE][PASSED] - Test Cases/Common/Base_Common_OpenSession: Test Cases/Common/Base_Common_OpenSession

2017-11-22 00:37:14 - [TEST_STEP][PASSED] - openBrowser: Browser is opened with url: 'https://rgajbhiye:Robin$123@proxima-ln4.e-emphasys.com:8441/webui/servlet/login'

2017-11-22 00:37:32 - [MESSAGE][PASSED] - Browser is opened with url: 'https://rgajbhiye:Robin$123@proxima-ln4.e-emphasys.com:8441/webui/servlet/login'

2017-11-22 00:37:32 - [TEST_STEP][PASSED] - waitForPageLoad: Wait for page load successfully

2017-11-22 00:37:32 - [MESSAGE][PASSED] - Wait for page load successfully

2017-11-22 00:37:32 - [TEST_STEP][PASSED] - maximizeWindow: Current window maximized

2017-11-22 00:37:32 - [MESSAGE][PASSED] - Current window maximized

2017-11-22 00:37:32 - [TEST_STEP][PASSED] - click: Object: 'Object Repository/Common/HomePage/HomePage_more' is clicked on

2017-11-22 00:37:36 - [MESSAGE][PASSED] - Object: 'Object Repository/Common/HomePage/HomePage_more' is clicked on

2017-11-22 00:37:36 - [TEST_STEP][PASSED] - click: Object: 'Object Repository/Common/HomePage/HomePage_Option' is clicked on

2017-11-22 00:37:36 - [MESSAGE][PASSED] - Object: 'Object Repository/Common/HomePage/HomePage_Option' is clicked on

2017-11-22 00:37:36 - [TEST_STEP][PASSED] - click: Object: 'Object Repository/Common/HomePage/HomePage_RunProgram_' is clicked on

2017-11-22 00:37:37 - [MESSAGE][PASSED] - Object: 'Object Repository/Common/HomePage/HomePage_RunProgram_' is clicked on

2017-11-22 00:37:37 - [TEST_STEP][PASSED] - sendKeys: Keys 'tdext8150s000' sent to object: 'Object Repository/Common/HomePage/HomePage_Session_ID'

2017-11-22 00:37:37 - [MESSAGE][PASSED] - Keys 'tdext8150s000' sent to object: 'Object Repository/Common/HomePage/HomePage_Session_ID'

2017-11-22 00:37:37 - [TEST_STEP][PASSED] - click: Object: 'Object Repository/Common/HomePage/HomePage_OkButton' is clicked on

2017-11-22 00:37:37 - [MESSAGE][PASSED] - Object: 'Object Repository/Common/HomePage/HomePage_OkButton' is clicked on

2017-11-22 00:37:38 - [MESSAGE][PASSED] - Call Test Case 'Test Cases/Common/Base_Common_OpenSession' successfully

2017-11-22 00:37:38 - [TEST_STEP][PASSED] - waitForElementPresent: Object 'Object Repository/Equipment/EquipmentPurchase/EPO_Header/EPO_Header_New' is present

2017-11-22 00:37:39 - [MESSAGE][PASSED] - Object 'Object Repository/Equipment/EquipmentPurchase/EPO_Header/EPO_Header_New' is present

2017-11-22 00:37:39 - [TEST_STEP][PASSED] - click: Object: 'Object Repository/Equipment/EquipmentPurchase/EPO_Header/EPO_Header_New' is clicked on

2017-11-22 00:37:39 - [MESSAGE][PASSED] - Object: 'Object Repository/Equipment/EquipmentPurchase/EPO_Header/EPO_Header_New' is clicked on

2017-11-22 00:37:39 - [TEST_STEP][PASSED] - click: Object: 'Object Repository/Equipment/EquipmentPurchase/EPO_Header/EPO_Header_Customer' is clicked on

2017-11-22 00:37:40 - [MESSAGE][PASSED] - Object: 'Object Repository/Equipment/EquipmentPurchase/EPO_Header/EPO_Header_Customer' is clicked on

2017-11-22 00:37:40 - [TEST_STEP][PASSED] - setText: Text 'M00000010' is set on object 'Object Repository/Equipment/EquipmentPurchase/EPO_Header/EPO_Header_Customer'

2017-11-22 00:37:40 - [MESSAGE][PASSED] - Text 'M00000010' is set on object 'Object Repository/Equipment/EquipmentPurchase/EPO_Header/EPO_Header_Customer'

2017-11-22 00:37:40 - [TEST_STEP][PASSED] - click: Object: 'Object Repository/Equipment/EquipmentPurchase/EPO_Header/EPO_Header_Save' is clicked on

2017-11-22 00:37:40 - [MESSAGE][PASSED] - Object: 'Object Repository/Equipment/EquipmentPurchase/EPO_Header/EPO_Header_Save' is clicked on

2017-11-22 00:37:40 - [TEST_STEP][PASSED] - delay: Delayed 5 second(s)

2017-11-22 00:37:45 - [MESSAGE][PASSED] - Delayed 5 second(s)

2017-11-22 00:37:45 - [TEST_STEP][PASSED] - click: Object: 'Object Repository/Equipment/EquipmentPurchase/EPO_Header/EPO_Header_Action' is clicked on

2017-11-22 00:37:45 - [MESSAGE][PASSED] - Object: 'Object Repository/Equipment/EquipmentPurchase/EPO_Header/EPO_Header_Action' is clicked on

2017-11-22 00:37:45 - [TEST_STEP][PASSED] - click: Object: 'Object Repository/Equipment/EquipmentPurchase/EPO_Header/EPO_Header_Action_OrderLines' is clicked on

2017-11-22 00:37:46 - [MESSAGE][PASSED] - Object: 'Object Repository/Equipment/EquipmentPurchase/EPO_Header/EPO_Header_Action_OrderLines' is clicked on

2017-11-22 00:37:46 - [TEST_STEP][PASSED] - waitForElementPresent: Object 'Object Repository/Equipment/EquipmentPurchase/EPO_Line/EPO_MultiLine_New' is present

2017-11-22 00:37:47 - [MESSAGE][PASSED] - Object 'Object Repository/Equipment/EquipmentPurchase/EPO_Line/EPO_MultiLine_New' is present

2017-11-22 00:37:47 - [TEST_STEP][PASSED] - click: Object: 'Object Repository/Equipment/EquipmentPurchase/EPO_Line/EPO_MultiLine_New' is clicked on

2017-11-22 00:37:48 - [MESSAGE][PASSED] - Object: 'Object Repository/Equipment/EquipmentPurchase/EPO_Line/EPO_MultiLine_New' is clicked on

2017-11-22 00:37:48 - [TEST_STEP][PASSED] - waitForElementPresent: Object 'Object Repository/Equipment/EquipmentPurchase/EPO_Line/EPO_Line_Model' is present

2017-11-22 00:37:48 - [MESSAGE][PASSED] - Object 'Object Repository/Equipment/EquipmentPurchase/EPO_Line/EPO_Line_Model' is present

2017-11-22 00:37:48 - [TEST_STEP][PASSED] - click: Object: 'Object Repository/Equipment/EquipmentPurchase/EPO_Line/EPO_Line_Model' is clicked on

2017-11-22 00:37:49 - [MESSAGE][PASSED] - Object: 'Object Repository/Equipment/EquipmentPurchase/EPO_Line/EPO_Line_Model' is clicked on

2017-11-22 00:37:49 - [TEST_STEP][PASSED] - delay: Delayed 2 second(s)

2017-11-22 00:37:51 - [MESSAGE][PASSED] - Delayed 2 second(s)

2017-11-22 00:37:51 - [TEST_STEP][PASSED] - setText: Text '1032' is set on object 'Object Repository/Equipment/EquipmentPurchase/EPO_Line/EPO_Line_Model'

2017-11-22 00:37:51 - [MESSAGE][PASSED] - Text '1032' is set on object 'Object Repository/Equipment/EquipmentPurchase/EPO_Line/EPO_Line_Model'

2017-11-22 00:37:51 - [TEST_STEP][PASSED] - click: Object: 'Object Repository/Equipment/EquipmentPurchase/EPO_Line/EPO_Line_NeworUsed' is clicked on

2017-11-22 00:37:51 - [MESSAGE][PASSED] - Object: 'Object Repository/Equipment/EquipmentPurchase/EPO_Line/EPO_Line_NeworUsed' is clicked on

2017-11-22 00:37:51 - [TEST_STEP][PASSED] - click: Object: 'Object Repository/Equipment/EquipmentPurchase/EPO_Line/EPO_Line_NewEquipOption' is clicked on

2017-11-22 00:37:51 - [MESSAGE][PASSED] - Object: 'Object Repository/Equipment/EquipmentPurchase/EPO_Line/EPO_Line_NewEquipOption' is clicked on

2017-11-22 00:37:51 - [TEST_STEP][PASSED] - click: Object: 'Object Repository/Equipment/EquipmentPurchase/EPO_Line/EPO_Line_PlannedDate' is clicked on

2017-11-22 00:37:51 - [MESSAGE][PASSED] - Object: 'Object Repository/Equipment/EquipmentPurchase/EPO_Line/EPO_Line_PlannedDate' is clicked on

2017-11-22 00:37:51 - [TEST_STEP][PASSED] - delay: Delayed 2 second(s)

2017-11-22 00:37:53 - [MESSAGE][PASSED] - Delayed 2 second(s)

2017-11-22 00:37:53 - [TEST_STEP][PASSED] - setText: Text '+10' is set on object 'Object Repository/Equipment/EquipmentPurchase/EPO_Line/EPO_Line_PlannedDate'

2017-11-22 00:37:54 - [MESSAGE][PASSED] - Text '+10' is set on object 'Object Repository/Equipment/EquipmentPurchase/EPO_Line/EPO_Line_PlannedDate'

2017-11-22 00:37:54 - [TEST_STEP][PASSED] - click: Object: 'Object Repository/Equipment/EquipmentPurchase/EPO_Line/EPO_Line_Price' is clicked on

2017-11-22 00:37:54 - [MESSAGE][PASSED] - Object: 'Object Repository/Equipment/EquipmentPurchase/EPO_Line/EPO_Line_Price' is clicked on

2017-11-22 00:37:54 - [TEST_STEP][PASSED] - delay: Delayed 2 second(s)

2017-11-22 00:37:56 - [MESSAGE][PASSED] - Delayed 2 second(s)

2017-11-22 00:37:56 - [TEST_STEP][PASSED] - setText: Text '100' is set on object 'Object Repository/Equipment/EquipmentPurchase/EPO_Line/EPO_Line_Price'

2017-11-22 00:37:56 - [MESSAGE][PASSED] - Text '100' is set on object 'Object Repository/Equipment/EquipmentPurchase/EPO_Line/EPO_Line_Price'

2017-11-22 00:37:56 - [TEST_STEP][PASSED] - click: Object: 'Object Repository/Equipment/EquipmentPurchase/EPO_Line/EPO_Line_Save' is clicked on

2017-11-22 00:37:56 - [MESSAGE][PASSED] - Object: 'Object Repository/Equipment/EquipmentPurchase/EPO_Line/EPO_Line_Save' is clicked on

2017-11-22 00:37:56 - [TEST_STEP][PASSED] - click: Object: 'Object Repository/Equipment/EquipmentPurchase/EPO_Line/EPO_Line_importNO' is clicked on

2017-11-22 00:37:57 - [MESSAGE][PASSED] - Object: 'Object Repository/Equipment/EquipmentPurchase/EPO_Line/EPO_Line_importNO' is clicked on

2017-11-22 00:37:57 - [TEST_STEP][PASSED] - click: Object: 'Object Repository/Equipment/EquipmentPurchase/EPO_Line/EPO_Line_SaveNclose' is clicked on

2017-11-22 00:37:57 - [MESSAGE][PASSED] - Object: 'Object Repository/Equipment/EquipmentPurchase/EPO_Line/EPO_Line_SaveNclose' is clicked on

2017-11-22 00:37:57 - [TEST_STEP][PASSED] - delay: Delayed 2 second(s)

2017-11-22 00:37:59 - [MESSAGE][PASSED] - Delayed 2 second(s)

2017-11-22 00:37:59 - [TEST_STEP][PASSED] - click: Object: 'Object Repository/Equipment/EquipmentPurchase/EPO_Line/EPO_MultiLine_SavenClose' is clicked on

2017-11-22 00:38:00 - [MESSAGE][PASSED] - Object: 'Object Repository/Equipment/EquipmentPurchase/EPO_Line/EPO_MultiLine_SavenClose' is clicked on

2017-11-22 00:38:00 - [MESSAGE][PASSED] - Call Test Case 'Test Cases/Equipment/Base_EquipmentPurchase/Base_EPO_CreateHeaderNline' successfully

2017-11-22 00:38:00 - [TEST_STEP][PASSED] - callTestCase: Call Test Case 'Test Cases/Equipment/Base_EquipmentPurchase/Base_EPO_Reciept' successfully

2017-11-22 00:38:00 - [TEST_CASE][PASSED] - Test Cases/Equipment/Base_EquipmentPurchase/Base_EPO_Reciept: Test Cases/Equipment/Base_EquipmentPurchase/Base_EPO_Reciept

2017-11-22 00:38:00 - [TEST_STEP][PASSED] - click: Object: 'Object Repository/Equipment/EquipmentPurchase/EPO_Header/EPO_Header_Action' is clicked on

2017-11-22 00:38:00 - [MESSAGE][PASSED] - Object: 'Object Repository/Equipment/EquipmentPurchase/EPO_Header/EPO_Header_Action' is clicked on

2017-11-22 00:38:00 - [TEST_STEP][PASSED] - click: Object: 'Object Repository/Equipment/EquipmentPurchase/EPO_Header/EPO_Header_Action_SendForApproval' is clicked on

2017-11-22 00:38:01 - [MESSAGE][PASSED] - Object: 'Object Repository/Equipment/EquipmentPurchase/EPO_Header/EPO_Header_Action_SendForApproval' is clicked on

2017-11-22 00:38:01 - [TEST_STEP][PASSED] - delay: Delayed 5 second(s)

2017-11-22 00:38:06 - [MESSAGE][PASSED] - Delayed 5 second(s)

2017-11-22 00:38:06 - [TEST_STEP][PASSED] - click: Object: 'Object Repository/Equipment/EquipmentPurchase/EPO_Header/EPO_Header_Action' is clicked on

2017-11-22 00:38:06 - [MESSAGE][PASSED] - Object: 'Object Repository/Equipment/EquipmentPurchase/EPO_Header/EPO_Header_Action' is clicked on

2017-11-22 00:38:06 - [TEST_STEP][PASSED] - click: Object: 'Object Repository/Equipment/EquipmentPurchase/EPO_Header/EPO_Header_Apporve' is clicked on

2017-11-22 00:38:06 - [MESSAGE][PASSED] - Object: 'Object Repository/Equipment/EquipmentPurchase/EPO_Header/EPO_Header_Apporve' is clicked on

2017-11-22 00:38:06 - [TEST_STEP][PASSED] - delay: Delayed 5 second(s)

2017-11-22 00:38:11 - [MESSAGE][PASSED] - Delayed 5 second(s)

2017-11-22 00:38:11 - [TEST_STEP][PASSED] - click: Object: 'Object Repository/Equipment/EquipmentPurchase/EPO_Header/EPO_Header_Print' is clicked on

2017-11-22 00:38:11 - [MESSAGE][PASSED] - Object: 'Object Repository/Equipment/EquipmentPurchase/EPO_Header/EPO_Header_Print' is clicked on

2017-11-22 00:38:11 - [TEST_STEP][PASSED] - click: Object: 'Object Repository/Equipment/EquipmentPurchase/EPO_Header/EPO_Print_FinalPrint' is clicked on

2017-11-22 00:38:12 - [MESSAGE][PASSED] - Object: 'Object Repository/Equipment/EquipmentPurchase/EPO_Header/EPO_Print_FinalPrint' is clicked on

2017-11-22 00:38:12 - [TEST_STEP][PASSED] - click: Object: 'Object Repository/Equipment/EquipmentPurchase/EPO_Header/EPO_Print_PrintOption' is clicked on

2017-11-22 00:38:12 - [MESSAGE][PASSED] - Object: 'Object Repository/Equipment/EquipmentPurchase/EPO_Header/EPO_Print_PrintOption' is clicked on

2017-11-22 00:38:12 - [TEST_STEP][PASSED] - click: Object: 'Object Repository/Equipment/EquipmentPurchase/EPO_Header/EPO_Print_Device' is clicked on

2017-11-22 00:38:14 - [MESSAGE][PASSED] - Object: 'Object Repository/Equipment/EquipmentPurchase/EPO_Header/EPO_Print_Device' is clicked on

2017-11-22 00:38:14 - [TEST_STEP][PASSED] - setText: Text 'D' is set on object 'Object Repository/Equipment/EquipmentPurchase/EPO_Header/EPO_Print_Device'

2017-11-22 00:38:15 - [MESSAGE][PASSED] - Text 'D' is set on object 'Object Repository/Equipment/EquipmentPurchase/EPO_Header/EPO_Print_Device'

2017-11-22 00:38:15 - [TEST_STEP][PASSED] - click: Object: 'Object Repository/Equipment/EquipmentPurchase/EPO_Header/EPO_Print_Continue' is clicked on

2017-11-22 00:38:15 - [MESSAGE][PASSED] - Object: 'Object Repository/Equipment/EquipmentPurchase/EPO_Header/EPO_Print_Continue' is clicked on

2017-11-22 00:38:15 - [TEST_STEP][PASSED] - delay: Delayed 5 second(s)

2017-11-22 00:38:20 - [MESSAGE][PASSED] - Delayed 5 second(s)

2017-11-22 00:38:20 - [TEST_STEP][PASSED] - click: Object: 'Object Repository/Equipment/EquipmentPurchase/EPO_Header/EPO_Header_EPOtab' is clicked on

2017-11-22 00:38:20 - [MESSAGE][PASSED] - Object: 'Object Repository/Equipment/EquipmentPurchase/EPO_Header/EPO_Header_EPOtab' is clicked on

2017-11-22 00:38:20 - [TEST_STEP][PASSED] - click: Object: 'Object Repository/Equipment/EquipmentPurchase/EPO_Header/EPO_Print_Close' is clicked on

2017-11-22 00:38:20 - [MESSAGE][PASSED] - Object: 'Object Repository/Equipment/EquipmentPurchase/EPO_Header/EPO_Print_Close' is clicked on

2017-11-22 00:38:20 - [TEST_STEP][PASSED] - delay: Delayed 3 second(s)

2017-11-22 00:38:23 - [MESSAGE][PASSED] - Delayed 3 second(s)

2017-11-22 00:38:23 - [TEST_STEP][PASSED] - click: Object: 'Object Repository/Equipment/EquipmentPurchase/EPO_Header/EPO_Header_Action' is clicked on

2017-11-22 00:38:23 - [MESSAGE][PASSED] - Object: 'Object Repository/Equipment/EquipmentPurchase/EPO_Header/EPO_Header_Action' is clicked on

2017-11-22 00:38:23 - [TEST_STEP][PASSED] - click: Object: 'Object Repository/Equipment/EquipmentPurchase/EPO_Header/EPO_Action_Reciept' is clicked on

2017-11-22 00:38:24 - [MESSAGE][PASSED] - Object: 'Object Repository/Equipment/EquipmentPurchase/EPO_Header/EPO_Action_Reciept' is clicked on

2017-11-22 00:38:24 - [TEST_STEP][PASSED] - waitForElementPresent: Object 'Object Repository/Equipment/EquipmentPurchase/EPO_Receipt/EPO_Reciept_Save' is present

2017-11-22 00:38:25 - [MESSAGE][PASSED] - Object 'Object Repository/Equipment/EquipmentPurchase/EPO_Receipt/EPO_Reciept_Save' is present

2017-11-22 00:38:25 - [TEST_STEP][PASSED] - click: Object: 'Object Repository/Equipment/EquipmentPurchase/EPO_Receipt/EPO_Reciept_Save' is clicked on

2017-11-22 00:38:25 - [MESSAGE][PASSED] - Object: 'Object Repository/Equipment/EquipmentPurchase/EPO_Receipt/EPO_Reciept_Save' is clicked on

2017-11-22 00:38:25 - [TEST_STEP][PASSED] - delay: Delayed 3 second(s)

2017-11-22 00:38:28 - [MESSAGE][PASSED] - Delayed 3 second(s)

2017-11-22 00:38:28 - [TEST_STEP][PASSED] - click: Object: 'Object Repository/Equipment/EquipmentPurchase/EPO_Receipt/EPO_Receipt_Action' is clicked on

2017-11-22 00:38:29 - [MESSAGE][PASSED] - Object: 'Object Repository/Equipment/EquipmentPurchase/EPO_Receipt/EPO_Receipt_Action' is clicked on

2017-11-22 00:38:29 - [TEST_STEP][PASSED] - click: Object: 'Object Repository/Equipment/EquipmentPurchase/EPO_Receipt/EPO_Receipt_Action_ReceiptLine' is clicked on

2017-11-22 00:38:29 - [MESSAGE][PASSED] - Object: 'Object Repository/Equipment/EquipmentPurchase/EPO_Receipt/EPO_Receipt_Action_ReceiptLine' is clicked on

2017-11-22 00:38:29 - [TEST_STEP][PASSED] - waitForElementPresent: Object 'Object Repository/Equipment/EquipmentPurchase/EPO_Receipt_Line/EPO_ReceiptLine_New' is present

2017-11-22 00:38:30 - [MESSAGE][PASSED] - Object 'Object Repository/Equipment/EquipmentPurchase/EPO_Receipt_Line/EPO_ReceiptLine_New' is present

2017-11-22 00:38:30 - [TEST_STEP][PASSED] - click: Object: 'Object Repository/Equipment/EquipmentPurchase/EPO_Receipt_Line/EPO_ReceiptLine_New' is clicked on

2017-11-22 00:38:30 - [MESSAGE][PASSED] - Object: 'Object Repository/Equipment/EquipmentPurchase/EPO_Receipt_Line/EPO_ReceiptLine_New' is clicked on

2017-11-22 00:38:30 - [TEST_STEP][PASSED] - waitForElementPresent: Object 'Object Repository/Equipment/EquipmentPurchase/EPO_Receipt_Line/EPO_RecieptLine_Select' is present

2017-11-22 00:38:31 - [MESSAGE][PASSED] - Object 'Object Repository/Equipment/EquipmentPurchase/EPO_Receipt_Line/EPO_RecieptLine_Select' is present

2017-11-22 00:38:31 - [TEST_STEP][PASSED] - click: Object: 'Object Repository/Equipment/EquipmentPurchase/EPO_Receipt_Line/EPO_RecieptLine_Select' is clicked on

2017-11-22 00:38:31 - [MESSAGE][PASSED] - Object: 'Object Repository/Equipment/EquipmentPurchase/EPO_Receipt_Line/EPO_RecieptLine_Select' is clicked on

2017-11-22 00:38:31 - [TEST_STEP][PASSED] - delay: Delayed 3 second(s)

2017-11-22 00:38:34 - [MESSAGE][PASSED] - Delayed 3 second(s)

2017-11-22 00:38:34 - [TEST_STEP][PASSED] - click: Object: 'Object Repository/Equipment/EquipmentPurchase/EPO_Receipt_Line/EPO_ReceiptLine_SavenClose' is clicked on

2017-11-22 00:38:34 - [MESSAGE][PASSED] - Object: 'Object Repository/Equipment/EquipmentPurchase/EPO_Receipt_Line/EPO_ReceiptLine_SavenClose' is clicked on

2017-11-22 00:38:34 - [TEST_STEP][PASSED] - waitForElementPresent: Object 'Object Repository/Equipment/EquipmentPurchase/EPO_Receipt_Line/EPO_RecieptLineAction' is present

2017-11-22 00:38:35 - [MESSAGE][PASSED] - Object 'Object Repository/Equipment/EquipmentPurchase/EPO_Receipt_Line/EPO_RecieptLineAction' is present

2017-11-22 00:38:35 - [TEST_STEP][PASSED] - Statement - G_Unit = com.kms.katalon.core.webui.keyword.WebUiBuiltInKeywords.getText(com.kms.katalon.core.testobject.ObjectRepository.findTestObject(Equipment/EquipmentPurchase/EPO_Receipt/EPO_Reciept_Unit)): Text of object 'Object Repository/Equipment/EquipmentPurchase/EPO_Receipt/EPO_Reciept_Unit' is: 'MD0018353'

2017-11-22 00:38:35 - [MESSAGE][PASSED] - Text of object 'Object Repository/Equipment/EquipmentPurchase/EPO_Receipt/EPO_Reciept_Unit' is: 'MD0018353'

2017-11-22 00:38:35 - [TEST_STEP][PASSED] - click: Object: 'Object Repository/Equipment/EquipmentPurchase/EPO_Receipt_Line/EPO_RecieptLineAction' is clicked on

2017-11-22 00:38:35 - [MESSAGE][PASSED] - Object: 'Object Repository/Equipment/EquipmentPurchase/EPO_Receipt_Line/EPO_RecieptLineAction' is clicked on

2017-11-22 00:38:35 - [TEST_STEP][PASSED] - click: Object: 'Object Repository/Equipment/EquipmentPurchase/EPO_Receipt/EPO_Action_Confirm' is clicked on

2017-11-22 00:38:36 - [MESSAGE][PASSED] - Object: 'Object Repository/Equipment/EquipmentPurchase/EPO_Receipt/EPO_Action_Confirm' is clicked on

2017-11-22 00:38:36 - [TEST_STEP][PASSED] - click: Object: 'Object Repository/Equipment/EquipmentPurchase/EPO_Receipt/EPO_Reciept_MeterOK' is clicked on

2017-11-22 00:38:37 - [MESSAGE][PASSED] - Object: 'Object Repository/Equipment/EquipmentPurchase/EPO_Receipt/EPO_Reciept_MeterOK' is clicked on

2017-11-22 00:38:37 - [TEST_STEP][PASSED] - waitForElementPresent: Object 'Object Repository/Equipment/EquipmentPurchase/EPO_Receipt/EPO_RecieptPrint_Device' is present

2017-11-22 00:38:37 - [MESSAGE][PASSED] - Object 'Object Repository/Equipment/EquipmentPurchase/EPO_Receipt/EPO_RecieptPrint_Device' is present

2017-11-22 00:38:37 - [TEST_STEP][PASSED] - click: Object: 'Object Repository/Equipment/EquipmentPurchase/EPO_Receipt/EPO_RecieptPrint_Device' is clicked on

2017-11-22 00:38:37 - [MESSAGE][PASSED] - Object: 'Object Repository/Equipment/EquipmentPurchase/EPO_Receipt/EPO_RecieptPrint_Device' is clicked on

2017-11-22 00:38:37 - [TEST_STEP][PASSED] - setText: Text 'D' is set on object 'Object Repository/Equipment/EquipmentPurchase/EPO_Receipt/EPO_RecieptPrint_Device'

2017-11-22 00:38:37 - [MESSAGE][PASSED] - Text 'D' is set on object 'Object Repository/Equipment/EquipmentPurchase/EPO_Receipt/EPO_RecieptPrint_Device'

2017-11-22 00:38:37 - [TEST_STEP][PASSED] - click: Object: 'Object Repository/Equipment/EquipmentPurchase/EPO_Receipt/EPO_RecieptPrint_Continue' is clicked on

2017-11-22 00:38:38 - [MESSAGE][PASSED] - Object: 'Object Repository/Equipment/EquipmentPurchase/EPO_Receipt/EPO_RecieptPrint_Continue' is clicked on

2017-11-22 00:38:38 - [TEST_STEP][PASSED] - delay: Delayed 3 second(s)

2017-11-22 00:38:41 - [MESSAGE][PASSED] - Delayed 3 second(s)

2017-11-22 00:38:41 - [TEST_STEP][PASSED] - click: Object: 'Object Repository/Equipment/EquipmentPurchase/EPO_Receipt/EPO_RecieptPrint_ProcessCompleted' is clicked on

2017-11-22 00:38:41 - [MESSAGE][PASSED] - Object: 'Object Repository/Equipment/EquipmentPurchase/EPO_Receipt/EPO_RecieptPrint_ProcessCompleted' is clicked on

2017-11-22 00:38:41 - [TEST_STEP][PASSED] - delay: Delayed 10 second(s)

2017-11-22 00:38:51 - [MESSAGE][PASSED] - Delayed 10 second(s)

2017-11-22 00:38:51 - [MESSAGE][PASSED] - Call Test Case 'Test Cases/Equipment/Base_EquipmentPurchase/Base_EPO_Reciept' successfully

2017-11-22 00:38:51 - [MESSAGE][PASSED] - Call Test Case 'Test Cases/Equipment/Base_EquipmentPurchase/EPO_CreateNrecieve' successfully

2017-11-22 00:38:51 - [TEST_STEP][PASSED] - callTestCase: Call Test Case 'Test Cases/Equipment/Base_EquipmentSales/Base_Equipement_CreateHeader' successfully

2017-11-22 00:38:51 - [TEST_CASE][PASSED] - Test Cases/Equipment/Base_EquipmentSales/Base_Equipement_CreateHeader: Test Cases/Equipment/Base_EquipmentSales/Base_Equipement_CreateHeader

2017-11-22 00:38:51 - [TEST_STEP][PASSED] - callTestCase: Call Test Case 'Test Cases/Common/Base_Common_OpenSession' successfully

2017-11-22 00:38:51 - [TEST_CASE][PASSED] - Test Cases/Common/Base_Common_OpenSession: Test Cases/Common/Base_Common_OpenSession

2017-11-22 00:38:51 - [TEST_STEP][PASSED] - openBrowser: Browser is opened with url: 'https://rgajbhiye:Robin$123@proxima-ln4.e-emphasys.com:8441/webui/servlet/login'

2017-11-22 00:38:51 - [MESSAGE][WARNING] - A browser is already opened. Closing browser and opening a new one

2017-11-22 00:39:00 - [MESSAGE][PASSED] - Browser is opened with url: 'https://rgajbhiye:Robin$123@proxima-ln4.e-emphasys.com:8441/webui/servlet/login'

2017-11-22 00:39:00 - [TEST_STEP][PASSED] - waitForPageLoad: Wait for page load successfully

2017-11-22 00:39:00 - [MESSAGE][PASSED] - Wait for page load successfully

2017-11-22 00:39:00 - [TEST_STEP][PASSED] - maximizeWindow: Current window maximized

2017-11-22 00:39:00 - [MESSAGE][PASSED] - Current window maximized

2017-11-22 00:39:00 - [TEST_STEP][PASSED] - click: Object: 'Object Repository/Common/HomePage/HomePage_more' is clicked on

2017-11-22 00:39:04 - [MESSAGE][PASSED] - Object: 'Object Repository/Common/HomePage/HomePage_more' is clicked on

2017-11-22 00:39:04 - [TEST_STEP][PASSED] - click: Object: 'Object Repository/Common/HomePage/HomePage_Option' is clicked on

2017-11-22 00:39:04 - [MESSAGE][PASSED] - Object: 'Object Repository/Common/HomePage/HomePage_Option' is clicked on

2017-11-22 00:39:04 - [TEST_STEP][PASSED] - click: Object: 'Object Repository/Common/HomePage/HomePage_RunProgram_' is clicked on

2017-11-22 00:39:05 - [MESSAGE][PASSED] - Object: 'Object Repository/Common/HomePage/HomePage_RunProgram_' is clicked on

2017-11-22 00:39:05 - [TEST_STEP][PASSED] - sendKeys: Keys 'tdext8570m000' sent to object: 'Object Repository/Common/HomePage/HomePage_Session_ID'

2017-11-22 00:39:05 - [MESSAGE][PASSED] - Keys 'tdext8570m000' sent to object: 'Object Repository/Common/HomePage/HomePage_Session_ID'

2017-11-22 00:39:05 - [TEST_STEP][PASSED] - click: Object: 'Object Repository/Common/HomePage/HomePage_OkButton' is clicked on

2017-11-22 00:39:05 - [MESSAGE][PASSED] - Object: 'Object Repository/Common/HomePage/HomePage_OkButton' is clicked on

2017-11-22 00:39:05 - [MESSAGE][PASSED] - Call Test Case 'Test Cases/Common/Base_Common_OpenSession' successfully

2017-11-22 00:39:05 - [TEST_STEP][PASSED] - waitForElementPresent: Object 'Object Repository/Equipment/EquipmentSales/EquipmentSalesAgreementHeader/EquipmentSalesOrder_MMT_New' is present

2017-11-22 00:39:12 - [MESSAGE][PASSED] - Object 'Object Repository/Equipment/EquipmentSales/EquipmentSalesAgreementHeader/EquipmentSalesOrder_MMT_New' is present

2017-11-22 00:39:12 - [TEST_STEP][PASSED] - click: Object: 'Object Repository/Equipment/EquipmentSales/EquipmentSalesAgreementHeader/EquipmentSalesOrder_MMT_New' is clicked on

2017-11-22 00:39:15 - [MESSAGE][PASSED] - Object: 'Object Repository/Equipment/EquipmentSales/EquipmentSalesAgreementHeader/EquipmentSalesOrder_MMT_New' is clicked on

2017-11-22 00:39:15 - [TEST_STEP][PASSED] - setText: Text 'M00000010' is set on object 'Object Repository/Equipment/EquipmentSales/EquipmentSalesAgreementHeader/EquipmentSalesOrder_Customer'

2017-11-22 00:39:17 - [MESSAGE][PASSED] - Text 'M00000010' is set on object 'Object Repository/Equipment/EquipmentSales/EquipmentSalesAgreementHeader/EquipmentSalesOrder_Customer'

2017-11-22 00:39:17 - [TEST_STEP][PASSED] - doubleClick: Object: 'Object Repository/Equipment/EquipmentSales/EquipmentSalesAgreementHeader/EquipmentSalesOrder_DeliveryDate' is double clicked on

2017-11-22 00:39:18 - [MESSAGE][PASSED] - Object: 'Object Repository/Equipment/EquipmentSales/EquipmentSalesAgreementHeader/EquipmentSalesOrder_DeliveryDate' is double clicked on

2017-11-22 00:39:18 - [TEST_STEP][PASSED] - setText: Text '+10' is set on object 'Object Repository/Equipment/EquipmentSales/EquipmentSalesAgreementHeader/EquipmentSalesOrder_DeliveryDate'

2017-11-22 00:39:18 - [MESSAGE][PASSED] - Text '+10' is set on object 'Object Repository/Equipment/EquipmentSales/EquipmentSalesAgreementHeader/EquipmentSalesOrder_DeliveryDate'

2017-11-22 00:39:18 - [TEST_STEP][PASSED] - click: Object: 'Object Repository/Equipment/EquipmentSales/EquipmentSalesAgreementHeader/ESO_Header_Tax' is clicked on

2017-11-22 00:39:19 - [MESSAGE][PASSED] - Object: 'Object Repository/Equipment/EquipmentSales/EquipmentSalesAgreementHeader/ESO_Header_Tax' is clicked on

2017-11-22 00:39:19 - [TEST_STEP][PASSED] - click: Object: 'Object Repository/Equipment/EquipmentSales/EquipmentSalesAgreementHeader/EquipmentSalesOrder_OtherDetailsTab' is clicked on

2017-11-22 00:39:20 - [MESSAGE][PASSED] - Object: 'Object Repository/Equipment/EquipmentSales/EquipmentSalesAgreementHeader/EquipmentSalesOrder_OtherDetailsTab' is clicked on

2017-11-22 00:39:20 - [TEST_STEP][PASSED] - delay: Delayed 3 second(s)

2017-11-22 00:39:23 - [MESSAGE][PASSED] - Delayed 3 second(s)

2017-11-22 00:39:23 - [TEST_STEP][PASSED] - click: Object: 'Object Repository/Equipment/EquipmentSales/EquipmentSalesAgreementHeader/EquipmentSalesOrder_PaymentMethod' is clicked on

2017-11-22 00:39:26 - [MESSAGE][PASSED] - Object: 'Object Repository/Equipment/EquipmentSales/EquipmentSalesAgreementHeader/EquipmentSalesOrder_PaymentMethod' is clicked on

2017-11-22 00:39:26 - [TEST_STEP][PASSED] - click: Object: 'Object Repository/Equipment/EquipmentSales/EquipmentSalesAgreementHeader/EquimentSalesOrder_CreditCardOption' is clicked on

2017-11-22 00:39:30 - [MESSAGE][PASSED] - Object: 'Object Repository/Equipment/EquipmentSales/EquipmentSalesAgreementHeader/EquimentSalesOrder_CreditCardOption' is clicked on

2017-11-22 00:39:30 - [TEST_STEP][PASSED] - click: Object: 'Object Repository/Equipment/EquipmentSales/EquipmentSalesAgreementHeader/EquipmentSaleOrder_Save' is clicked on

2017-11-22 00:39:33 - [MESSAGE][PASSED] - Object: 'Object Repository/Equipment/EquipmentSales/EquipmentSalesAgreementHeader/EquipmentSaleOrder_Save' is clicked on

2017-11-22 00:39:33 - [TEST_STEP][PASSED] - click: Object: 'Object Repository/Equipment/EquipmentSales/EquipmentSalesAgreementHeader/EquipmentSalesOrder_DetailsTab' is clicked on

2017-11-22 00:39:33 - [MESSAGE][PASSED] - Object: 'Object Repository/Equipment/EquipmentSales/EquipmentSalesAgreementHeader/EquipmentSalesOrder_DetailsTab' is clicked on

2017-11-22 00:39:33 - [TEST_STEP][PASSED] - delay: Delayed 5 second(s)

2017-11-22 00:39:38 - [MESSAGE][PASSED] - Delayed 5 second(s)

2017-11-22 00:39:38 - [TEST_STEP][PASSED] - Statement - G_Part_PSO = com.kms.katalon.core.webui.keyword.WebUiBuiltInKeywords.getAttribute(com.kms.katalon.core.testobject.ObjectRepository.findTestObject(Equipment/EquipmentSales/EquipmentSalesAgreementHeader/EquipmentSaleOrder_OrderNo), "value"): Attribute 'value' of object 'Object Repository/Equipment/EquipmentSales/EquipmentSalesAgreementHeader/EquipmentSaleOrder_OrderNo' is: 'ESA016765'

2017-11-22 00:39:38 - [MESSAGE][PASSED] - Attribute 'value' of object 'Object Repository/Equipment/EquipmentSales/EquipmentSalesAgreementHeader/EquipmentSaleOrder_OrderNo' is: 'ESA016765'

2017-11-22 00:39:38 - [MESSAGE][PASSED] - Call Test Case 'Test Cases/Equipment/Base_EquipmentSales/Base_Equipement_CreateHeader' successfully

2017-11-22 00:39:38 - [TEST_STEP][PASSED] - callTestCase: Call Test Case 'Test Cases/Equipment/Base_EquipmentSales/Base_EquipmentSalesAddLine' successfully

2017-11-22 00:39:38 - [TEST_CASE][PASSED] - Test Cases/Equipment/Base_EquipmentSales/Base_EquipmentSalesAddLine: Test Cases/Equipment/Base_EquipmentSales/Base_EquipmentSalesAddLine

2017-11-22 00:39:38 - [TEST_STEP][PASSED] - click: Object: 'Object Repository/Equipment/EquipmentSales/EquipmentSalesAgreementHeader/EquipSalesOrder_Action' is clicked on

2017-11-22 00:39:39 - [MESSAGE][PASSED] - Object: 'Object Repository/Equipment/EquipmentSales/EquipmentSalesAgreementHeader/EquipSalesOrder_Action' is clicked on

2017-11-22 00:39:39 - [TEST_STEP][PASSED] - click: Object: 'Object Repository/Equipment/EquipmentSales/EquipmentSalesAgreementHeader/EquipSalesOrder_SalesOrderLine' is clicked on

2017-11-22 00:39:39 - [MESSAGE][PASSED] - Object: 'Object Repository/Equipment/EquipmentSales/EquipmentSalesAgreementHeader/EquipSalesOrder_SalesOrderLine' is clicked on

2017-11-22 00:39:39 - [TEST_STEP][PASSED] - waitForElementPresent: Object 'Object Repository/Equipment/EquipmentSales/EquipSalesOrderLines/EquipSaleOrderLine_New' is present

2017-11-22 00:39:41 - [MESSAGE][PASSED] - Object 'Object Repository/Equipment/EquipmentSales/EquipSalesOrderLines/EquipSaleOrderLine_New' is present

2017-11-22 00:39:41 - [TEST_STEP][PASSED] - click: Object: 'Object Repository/Equipment/EquipmentSales/EquipSalesOrderLines/EquipSaleOrderLine_New' is clicked on

2017-11-22 00:39:41 - [MESSAGE][PASSED] - Object: 'Object Repository/Equipment/EquipmentSales/EquipSalesOrderLines/EquipSaleOrderLine_New' is clicked on

2017-11-22 00:39:41 - [TEST_STEP][PASSED] - waitForElementPresent: Object 'Object Repository/Equipment/EquipmentSales/EquipSalesOrderLines/EquipSalesOrder_Model' is present

2017-11-22 00:39:43 - [MESSAGE][PASSED] - Object 'Object Repository/Equipment/EquipmentSales/EquipSalesOrderLines/EquipSalesOrder_Model' is present

2017-11-22 00:39:43 - [TEST_STEP][PASSED] - click: Object: 'Object Repository/Equipment/EquipmentSales/EquipSalesOrderLines/EquipSalesOrder_Model' is clicked on

2017-11-22 00:39:43 - [MESSAGE][PASSED] - Object: 'Object Repository/Equipment/EquipmentSales/EquipSalesOrderLines/EquipSalesOrder_Model' is clicked on

2017-11-22 00:39:43 - [TEST_STEP][PASSED] - setText: Text '1032' is set on object 'Object Repository/Equipment/EquipmentSales/EquipSalesOrderLines/EquipSalesOrder_Model'

2017-11-22 00:39:43 - [MESSAGE][PASSED] - Text '1032' is set on object 'Object Repository/Equipment/EquipmentSales/EquipSalesOrderLines/EquipSalesOrder_Model'

2017-11-22 00:39:43 - [TEST_STEP][PASSED] - doubleClick: Object: 'Object Repository/Equipment/EquipmentSales/EquipSalesOrderLines/ESO_Line_Unit' is double clicked on

2017-11-22 00:39:43 - [MESSAGE][PASSED] - Object: 'Object Repository/Equipment/EquipmentSales/EquipSalesOrderLines/ESO_Line_Unit' is double clicked on

2017-11-22 00:39:43 - [TEST_STEP][PASSED] - delay: Delayed 2 second(s)

2017-11-22 00:39:45 - [MESSAGE][PASSED] - Delayed 2 second(s)

2017-11-22 00:39:45 - [TEST_STEP][PASSED] - setText: Text 'MD0018353' is set on object 'Object Repository/Equipment/EquipmentSales/EquipSalesOrderLines/ESO_Line_Unit'

2017-11-22 00:39:46 - [MESSAGE][PASSED] - Text 'MD0018353' is set on object 'Object Repository/Equipment/EquipmentSales/EquipSalesOrderLines/ESO_Line_Unit'

2017-11-22 00:39:46 - [TEST_STEP][PASSED] - doubleClick: Object: 'Object Repository/Equipment/EquipmentSales/EquipSalesOrderLines/EquipSalesOrder_Price' is double clicked on

2017-11-22 00:39:46 - [MESSAGE][PASSED] - Object: 'Object Repository/Equipment/EquipmentSales/EquipSalesOrderLines/EquipSalesOrder_Price' is double clicked on

2017-11-22 00:39:46 - [TEST_STEP][PASSED] - delay: Delayed 2 second(s)

2017-11-22 00:39:48 - [MESSAGE][PASSED] - Delayed 2 second(s)

2017-11-22 00:39:48 - [TEST_STEP][PASSED] - setText: Text '10' is set on object 'Object Repository/Equipment/EquipmentSales/EquipSalesOrderLines/EquipSalesOrder_Price'

2017-11-22 00:39:48 - [MESSAGE][PASSED] - Text '10' is set on object 'Object Repository/Equipment/EquipmentSales/EquipSalesOrderLines/EquipSalesOrder_Price'

2017-11-22 00:39:48 - [TEST_STEP][PASSED] - click: Object: 'Object Repository/Equipment/EquipmentSales/EquipSalesOrderLines/EquipSaleOrder_Save' is clicked on

2017-11-22 00:39:48 - [MESSAGE][PASSED] - Object: 'Object Repository/Equipment/EquipmentSales/EquipSalesOrderLines/EquipSaleOrder_Save' is clicked on

2017-11-22 00:39:48 - [TEST_STEP][PASSED] - waitForElementPresent: Object 'Object Repository/Equipment/EquipmentSales/EquipSalesOrderLines/EquipSalesOrder_taxok' is present

2017-11-22 00:39:49 - [MESSAGE][PASSED] - Object 'Object Repository/Equipment/EquipmentSales/EquipSalesOrderLines/EquipSalesOrder_taxok' is present

2017-11-22 00:39:49 - [TEST_STEP][PASSED] - click: Object: 'Object Repository/Equipment/EquipmentSales/EquipSalesOrderLines/EquipSalesOrder_taxok' is clicked on

2017-11-22 00:39:49 - [MESSAGE][PASSED] - Object: 'Object Repository/Equipment/EquipmentSales/EquipSalesOrderLines/EquipSalesOrder_taxok' is clicked on

2017-11-22 00:39:49 - [TEST_STEP][NOT_RUN] - click: NOT_RUN: click

2017-11-22 00:39:49 - [MESSAGE][NOT_RUN] - NOT_RUN: click

2017-11-22 00:39:49 - [TEST_STEP][PASSED] - delay: Delayed 2 second(s)

2017-11-22 00:39:51 - [MESSAGE][PASSED] - Delayed 2 second(s)

2017-11-22 00:39:51 - [TEST_STEP][PASSED] - click: Object: 'Object Repository/Equipment/EquipmentSales/EquipSalesOrderLines/EquipSaleOrder_SavenClose' is clicked on

2017-11-22 00:39:51 - [MESSAGE][PASSED] - Object: 'Object Repository/Equipment/EquipmentSales/EquipSalesOrderLines/EquipSaleOrder_SavenClose' is clicked on

2017-11-22 00:39:51 - [TEST_STEP][PASSED] - delay: Delayed 2 second(s)

2017-11-22 00:39:53 - [MESSAGE][PASSED] - Delayed 2 second(s)

2017-11-22 00:39:53 - [TEST_STEP][PASSED] - click: Object: 'Object Repository/Equipment/EquipmentSales/EquipmentSalesAgreementHeader/EquipSalesOrder_MMTsavenClose' is clicked on

2017-11-22 00:39:53 - [MESSAGE][PASSED] - Object: 'Object Repository/Equipment/EquipmentSales/EquipmentSalesAgreementHeader/EquipSalesOrder_MMTsavenClose' is clicked on

2017-11-22 00:39:53 - [MESSAGE][PASSED] - Call Test Case 'Test Cases/Equipment/Base_EquipmentSales/Base_EquipmentSalesAddLine' successfully

2017-11-22 00:39:53 - [TEST_STEP][PASSED] - callTestCase: Call Test Case 'Test Cases/Equipment/Base_EquipmentSales/Base_EquipSaleOrderProcessing' successfully

2017-11-22 00:39:53 - [TEST_CASE][PASSED] - Test Cases/Equipment/Base_EquipmentSales/Base_EquipSaleOrderProcessing: Test Cases/Equipment/Base_EquipmentSales/Base_EquipSaleOrderProcessing

2017-11-22 00:39:54 - [TEST_STEP][PASSED] - click: Object: 'Object Repository/Equipment/EquipmentSales/EquipmentSalesAgreementHeader/EquipSalesOrder_Action' is clicked on

2017-11-22 00:39:54 - [MESSAGE][PASSED] - Object: 'Object Repository/Equipment/EquipmentSales/EquipmentSalesAgreementHeader/EquipSalesOrder_Action' is clicked on

2017-11-22 00:39:54 - [TEST_STEP][PASSED] - delay: Delayed 2 second(s)

2017-11-22 00:39:56 - [MESSAGE][PASSED] - Delayed 2 second(s)

2017-11-22 00:39:56 - [TEST_STEP][PASSED] - click: Object: 'Object Repository/Equipment/EquipmentSales/EquipSalesOrder_Process/EquipSalesOrder_SendForApproval' is clicked on

2017-11-22 00:39:56 - [MESSAGE][PASSED] - Object: 'Object Repository/Equipment/EquipmentSales/EquipSalesOrder_Process/EquipSalesOrder_SendForApproval' is clicked on

2017-11-22 00:39:56 - [TEST_STEP][PASSED] - delay: Delayed 2 second(s)

2017-11-22 00:39:58 - [MESSAGE][PASSED] - Delayed 2 second(s)

2017-11-22 00:39:58 - [TEST_STEP][PASSED] - verifyElementText: Actual text and expected text of test object 'Object Repository/Equipment/EquipmentSales/EquipSalesOrder_Process/EquipSalesOrder_Status' are matched.

2017-11-22 00:39:58 - [MESSAGE][PASSED] - Actual text and expected text of test object 'Object Repository/Equipment/EquipmentSales/EquipSalesOrder_Process/EquipSalesOrder_Status' are matched.

2017-11-22 00:39:58 - [TEST_STEP][PASSED] - click: Object: 'Object Repository/Equipment/EquipmentSales/EquipmentSalesAgreementHeader/EquipSalesOrder_Action' is clicked on

2017-11-22 00:39:59 - [MESSAGE][PASSED] - Object: 'Object Repository/Equipment/EquipmentSales/EquipmentSalesAgreementHeader/EquipSalesOrder_Action' is clicked on

2017-11-22 00:39:59 - [TEST_STEP][PASSED] - delay: Delayed 2 second(s)

2017-11-22 00:40:01 - [MESSAGE][PASSED] - Delayed 2 second(s)

2017-11-22 00:40:01 - [TEST_STEP][PASSED] - click: Object: 'Object Repository/Equipment/EquipmentSales/EquipSalesOrder_Process/EquipSalesOrder_Action_Approve' is clicked on

2017-11-22 00:40:01 - [MESSAGE][PASSED] - Object: 'Object Repository/Equipment/EquipmentSales/EquipSalesOrder_Process/EquipSalesOrder_Action_Approve' is clicked on

2017-11-22 00:40:01 - [TEST_STEP][PASSED] - delay: Delayed 2 second(s)

2017-11-22 00:40:03 - [MESSAGE][PASSED] - Delayed 2 second(s)

2017-11-22 00:40:03 - [TEST_STEP][PASSED] - click: Object: 'Object Repository/Equipment/EquipmentSales/EquipmentSalesAgreementHeader/EquipSalesOrder_Action' is clicked on

2017-11-22 00:40:03 - [MESSAGE][PASSED] - Object: 'Object Repository/Equipment/EquipmentSales/EquipmentSalesAgreementHeader/EquipSalesOrder_Action' is clicked on

2017-11-22 00:40:03 - [TEST_STEP][PASSED] - delay: Delayed 2 second(s)

2017-11-22 00:40:05 - [MESSAGE][PASSED] - Delayed 2 second(s)

2017-11-22 00:40:05 - [TEST_STEP][PASSED] - verifyElementText: Actual text and expected text of test object 'Object Repository/Equipment/EquipmentSales/EquipSalesOrder_Process/EquipSalesOrder_Status' are matched.

2017-11-22 00:40:05 - [MESSAGE][PASSED] - Actual text and expected text of test object 'Object Repository/Equipment/EquipmentSales/EquipSalesOrder_Process/EquipSalesOrder_Status' are matched.

2017-11-22 00:40:05 - [TEST_STEP][PASSED] - delay: Delayed 2 second(s)

2017-11-22 00:40:07 - [MESSAGE][PASSED] - Delayed 2 second(s)

2017-11-22 00:40:07 - [TEST_STEP][PASSED] - click: Object: 'Object Repository/Equipment/EquipmentSales/EquipmentSalesAgreementHeader/ESO_Header_Print' is clicked on

2017-11-22 00:40:07 - [MESSAGE][PASSED] - Object: 'Object Repository/Equipment/EquipmentSales/EquipmentSalesAgreementHeader/ESO_Header_Print' is clicked on

2017-11-22 00:40:07 - [TEST_STEP][PASSED] - click: Object: 'Object Repository/Equipment/EquipmentSales/EquipmentSalesAgreementHeader/ESO_Header_Print_FinalPrint' is clicked on

2017-11-22 00:40:08 - [MESSAGE][PASSED] - Object: 'Object Repository/Equipment/EquipmentSales/EquipmentSalesAgreementHeader/ESO_Header_Print_FinalPrint' is clicked on

2017-11-22 00:40:08 - [TEST_STEP][PASSED] - click: Object: 'Object Repository/Equipment/EquipmentSales/EquipmentSalesAgreementHeader/ESO_Header_Print_Print' is clicked on

2017-11-22 00:40:09 - [MESSAGE][PASSED] - Object: 'Object Repository/Equipment/EquipmentSales/EquipmentSalesAgreementHeader/ESO_Header_Print_Print' is clicked on

2017-11-22 00:40:09 - [TEST_STEP][PASSED] - click: Object: 'Object Repository/Equipment/EquipmentSales/EquipmentSalesAgreementHeader/ESO_Header_Print_ESOOK' is clicked on

2017-11-22 00:40:09 - [MESSAGE][PASSED] - Object: 'Object Repository/Equipment/EquipmentSales/EquipmentSalesAgreementHeader/ESO_Header_Print_ESOOK' is clicked on

2017-11-22 00:40:09 - [TEST_STEP][PASSED] - delay: Delayed 2 second(s)

2017-11-22 00:40:11 - [MESSAGE][PASSED] - Delayed 2 second(s)

2017-11-22 00:40:11 - [TEST_STEP][PASSED] - click: Object: 'Object Repository/Equipment/EquipmentSales/EquipmentSalesAgreementHeader/ESO_Print_Device' is clicked on

2017-11-22 00:40:12 - [MESSAGE][PASSED] - Object: 'Object Repository/Equipment/EquipmentSales/EquipmentSalesAgreementHeader/ESO_Print_Device' is clicked on

2017-11-22 00:40:12 - [TEST_STEP][PASSED] - delay: Delayed 2 second(s)

2017-11-22 00:40:14 - [MESSAGE][PASSED] - Delayed 2 second(s)

2017-11-22 00:40:14 - [TEST_STEP][PASSED] - setText: Text 'D' is set on object 'Object Repository/Equipment/EquipmentSales/EquipmentSalesAgreementHeader/ESO_Print_Device'

2017-11-22 00:40:14 - [MESSAGE][PASSED] - Text 'D' is set on object 'Object Repository/Equipment/EquipmentSales/EquipmentSalesAgreementHeader/ESO_Print_Device'

2017-11-22 00:40:14 - [TEST_STEP][PASSED] - click: Object: 'Object Repository/Equipment/EquipmentSales/EquipmentSalesAgreementHeader/ESO_Header_Print_Continue' is clicked on

2017-11-22 00:40:14 - [MESSAGE][PASSED] - Object: 'Object Repository/Equipment/EquipmentSales/EquipmentSalesAgreementHeader/ESO_Header_Print_Continue' is clicked on

2017-11-22 00:40:14 - [TEST_STEP][PASSED] - delay: Delayed 3 second(s)

2017-11-22 00:40:17 - [MESSAGE][PASSED] - Delayed 3 second(s)

2017-11-22 00:40:17 - [TEST_STEP][PASSED] - click: Object: 'Object Repository/Equipment/EquipmentSales/EquipmentSalesAgreementHeader/ESO_Tab' is clicked on

2017-11-22 00:40:17 - [MESSAGE][PASSED] - Object: 'Object Repository/Equipment/EquipmentSales/EquipmentSalesAgreementHeader/ESO_Tab' is clicked on

2017-11-22 00:40:17 - [TEST_STEP][PASSED] - click: Object: 'Object Repository/Equipment/EquipmentSales/EquipmentSalesAgreementHeader/ESO_Print_Close' is clicked on

2017-11-22 00:40:17 - [MESSAGE][PASSED] - Object: 'Object Repository/Equipment/EquipmentSales/EquipmentSalesAgreementHeader/ESO_Print_Close' is clicked on

2017-11-22 00:40:17 - [TEST_STEP][PASSED] - delay: Delayed 3 second(s)

2017-11-22 00:40:20 - [MESSAGE][PASSED] - Delayed 3 second(s)

2017-11-22 00:40:20 - [TEST_STEP][PASSED] - click: Object: 'Object Repository/Equipment/EquipmentSales/EquipmentSalesAgreementHeader/EquipSalesOrder_Action' is clicked on

2017-11-22 00:40:21 - [MESSAGE][PASSED] - Object: 'Object Repository/Equipment/EquipmentSales/EquipmentSalesAgreementHeader/EquipSalesOrder_Action' is clicked on

2017-11-22 00:40:21 - [TEST_STEP][PASSED] - click: Object: 'Object Repository/Equipment/EquipmentSales/EquipmentSalesAgreementHeader/ESO_Header_Action_EquipmentDelivery' is clicked on

2017-11-22 00:40:21 - [MESSAGE][PASSED] - Object: 'Object Repository/Equipment/EquipmentSales/EquipmentSalesAgreementHeader/ESO_Header_Action_EquipmentDelivery' is clicked on

2017-11-22 00:40:21 - [TEST_STEP][PASSED] - waitForElementPresent: Object 'Object Repository/Equipment/EquipmentSales/EquipmentDelivery/ESO_Delivery_Agreement' is present

2017-11-22 00:40:22 - [MESSAGE][PASSED] - Object 'Object Repository/Equipment/EquipmentSales/EquipmentDelivery/ESO_Delivery_Agreement' is present

2017-11-22 00:40:22 - [TEST_STEP][PASSED] - click: Object: 'Object Repository/Equipment/EquipmentSales/EquipmentDelivery/ESO_Delivery_Agreement' is clicked on

2017-11-22 00:40:23 - [MESSAGE][PASSED] - Object: 'Object Repository/Equipment/EquipmentSales/EquipmentDelivery/ESO_Delivery_Agreement' is clicked on

2017-11-22 00:40:23 - [TEST_STEP][PASSED] - click: Object: 'Object Repository/Equipment/EquipmentSales/EquipmentDelivery/ESO_Delivery_Save' is clicked on

2017-11-22 00:40:23 - [MESSAGE][PASSED] - Object: 'Object Repository/Equipment/EquipmentSales/EquipmentDelivery/ESO_Delivery_Save' is clicked on

2017-11-22 00:40:23 - [TEST_STEP][PASSED] - delay: Delayed 3 second(s)

2017-11-22 00:40:26 - [MESSAGE][PASSED] - Delayed 3 second(s)

2017-11-22 00:40:26 - [TEST_STEP][PASSED] - click: Object: 'Object Repository/Equipment/EquipmentSales/EquipmentDelivery/ESO_Delivery_Action' is clicked on

2017-11-22 00:40:26 - [MESSAGE][PASSED] - Object: 'Object Repository/Equipment/EquipmentSales/EquipmentDelivery/ESO_Delivery_Action' is clicked on

2017-11-22 00:40:26 - [TEST_STEP][PASSED] - click: Object: 'Object Repository/Equipment/EquipmentSales/EquipmentDelivery/ESO_Delivery_Action_Line' is clicked on

2017-11-22 00:40:26 - [MESSAGE][PASSED] - Object: 'Object Repository/Equipment/EquipmentSales/EquipmentDelivery/ESO_Delivery_Action_Line' is clicked on

2017-11-22 00:40:26 - [TEST_STEP][PASSED] - waitForElementPresent: Object 'Object Repository/Equipment/EquipmentSales/EquipmentDelivery/ESO_DeliveryLine_New' is present

2017-11-22 00:40:28 - [MESSAGE][PASSED] - Object 'Object Repository/Equipment/EquipmentSales/EquipmentDelivery/ESO_DeliveryLine_New' is present

2017-11-22 00:40:28 - [TEST_STEP][PASSED] - click: Object: 'Object Repository/Equipment/EquipmentSales/EquipmentDelivery/ESO_DeliveryLine_New' is clicked on

2017-11-22 00:40:28 - [MESSAGE][PASSED] - Object: 'Object Repository/Equipment/EquipmentSales/EquipmentDelivery/ESO_DeliveryLine_New' is clicked on

2017-11-22 00:40:28 - [TEST_STEP][PASSED] - delay: Delayed 2 second(s)

2017-11-22 00:40:30 - [MESSAGE][PASSED] - Delayed 2 second(s)

2017-11-22 00:40:30 - [TEST_STEP][PASSED] - click: Object: 'Object Repository/Equipment/EquipmentSales/EquipmentDelivery/ESO_DeliveryLine_SelectLine' is clicked on

2017-11-22 00:40:30 - [MESSAGE][PASSED] - Object: 'Object Repository/Equipment/EquipmentSales/EquipmentDelivery/ESO_DeliveryLine_SelectLine' is clicked on

2017-11-22 00:40:30 - [TEST_STEP][PASSED] - delay: Delayed 2 second(s)

2017-11-22 00:40:32 - [MESSAGE][PASSED] - Delayed 2 second(s)

2017-11-22 00:40:32 - [TEST_STEP][PASSED] - click: Object: 'Object Repository/Equipment/EquipmentSales/EquipmentDelivery/ESO_SelectDeliveryLine_SaveNclose' is clicked on

2017-11-22 00:40:32 - [MESSAGE][PASSED] - Object: 'Object Repository/Equipment/EquipmentSales/EquipmentDelivery/ESO_SelectDeliveryLine_SaveNclose' is clicked on

2017-11-22 00:40:32 - [TEST_STEP][PASSED] - delay: Delayed 2 second(s)

2017-11-22 00:40:34 - [MESSAGE][PASSED] - Delayed 2 second(s)

2017-11-22 00:40:34 - [TEST_STEP][PASSED] - click: Object: 'Object Repository/Equipment/EquipmentSales/EquipmentDelivery/ESO_DeliveryLine_Action' is clicked on

2017-11-22 00:40:35 - [MESSAGE][PASSED] - Object: 'Object Repository/Equipment/EquipmentSales/EquipmentDelivery/ESO_DeliveryLine_Action' is clicked on

2017-11-22 00:40:35 - [TEST_STEP][PASSED] - click: Object: 'Object Repository/Equipment/EquipmentSales/EquipmentDelivery/ESO_Delivery_ActionConfirm' is clicked on

2017-11-22 00:40:35 - [MESSAGE][PASSED] - Object: 'Object Repository/Equipment/EquipmentSales/EquipmentDelivery/ESO_Delivery_ActionConfirm' is clicked on

2017-11-22 00:40:35 - [TEST_STEP][PASSED] - delay: Delayed 3 second(s)

2017-11-22 00:40:38 - [MESSAGE][PASSED] - Delayed 3 second(s)

2017-11-22 00:40:38 - [TEST_STEP][PASSED] - click: Object: 'Object Repository/Equipment/EquipmentSales/EquipmentDelivery/ESO_Delivery_ConfirmYes' is clicked on

2017-11-22 00:40:56 - [MESSAGE][PASSED] - Object: 'Object Repository/Equipment/EquipmentSales/EquipmentDelivery/ESO_Delivery_ConfirmYes' is clicked on

2017-11-22 00:40:56 - [TEST_STEP][NOT_RUN] - click: NOT_RUN: click

2017-11-22 00:40:56 - [MESSAGE][NOT_RUN] - NOT_RUN: click

2017-11-22 00:40:56 - [TEST_STEP][PASSED] - setText: Text 'D' is set on object 'Object Repository/Equipment/EquipmentSales/EquipmentDelivery/ESO_Delivery_Device'

2017-11-22 00:40:56 - [MESSAGE][PASSED] - Text 'D' is set on object 'Object Repository/Equipment/EquipmentSales/EquipmentDelivery/ESO_Delivery_Device'

2017-11-22 00:40:56 - [TEST_STEP][PASSED] - click: Object: 'Object Repository/Equipment/EquipmentSales/EquipmentDelivery/ESO_Delivery_printContinue' is clicked on

2017-11-22 00:40:56 - [MESSAGE][PASSED] - Object: 'Object Repository/Equipment/EquipmentSales/EquipmentDelivery/ESO_Delivery_printContinue' is clicked on

2017-11-22 00:40:56 - [TEST_STEP][PASSED] - delay: Delayed 5 second(s)

2017-11-22 00:41:01 - [MESSAGE][PASSED] - Delayed 5 second(s)

2017-11-22 00:41:01 - [MESSAGE][PASSED] - Call Test Case 'Test Cases/Equipment/Base_EquipmentSales/Base_EquipSaleOrderProcessing' successfully

2017-11-22 00:41:01 - [TEST_STEP][PASSED] - callTestCase: Call Test Case 'Test Cases/Equipment/Base_EquipmentSales/Base_EquipSaleOrder_Invoice_cc' successfully

2017-11-22 00:41:01 - [TEST_CASE][PASSED] - Test Cases/Equipment/Base_EquipmentSales/Base_EquipSaleOrder_Invoice_cc: Test Cases/Equipment/Base_EquipmentSales/Base_EquipSaleOrder_Invoice_cc

2017-11-22 00:41:02 - [TEST_STEP][PASSED] - delay: Delayed 5 second(s)

2017-11-22 00:41:07 - [MESSAGE][PASSED] - Delayed 5 second(s)

2017-11-22 00:41:07 - [TEST_STEP][PASSED] - click: Object: 'Object Repository/Equipment/EquipmentSales/EquipmentDelivery/ESO_EquipDeliveryTab' is clicked on

2017-11-22 00:41:07 - [MESSAGE][PASSED] - Object: 'Object Repository/Equipment/EquipmentSales/EquipmentDelivery/ESO_EquipDeliveryTab' is clicked on

2017-11-22 00:41:07 - [TEST_STEP][PASSED] - delay: Delayed 3 second(s)

2017-11-22 00:41:10 - [MESSAGE][PASSED] - Delayed 3 second(s)

2017-11-22 00:41:10 - [TEST_STEP][PASSED] - click: Object: 'Object Repository/Equipment/EquipmentSales/EquipmentDelivery/ESO_Delivery_Action' is clicked on

2017-11-22 00:41:10 - [MESSAGE][PASSED] - Object: 'Object Repository/Equipment/EquipmentSales/EquipmentDelivery/ESO_Delivery_Action' is clicked on

2017-11-22 00:41:10 - [TEST_STEP][PASSED] - click: Object: 'Object Repository/Equipment/EquipmentSales/EquipmentDelivery/ESO_Delivery_Action_SaleInvoice' is clicked on

2017-11-22 00:41:10 - [MESSAGE][PASSED] - Object: 'Object Repository/Equipment/EquipmentSales/EquipmentDelivery/ESO_Delivery_Action_SaleInvoice' is clicked on

2017-11-22 00:41:10 - [TEST_STEP][PASSED] - delay: Delayed 3 second(s)

2017-11-22 00:41:13 - [MESSAGE][PASSED] - Delayed 3 second(s)

2017-11-22 00:41:13 - [TEST_STEP][PASSED] - click: Object: 'Object Repository/Equipment/EquipmentSales/EquipmentSalesInvoiceCC/ESO_CC_ContinueInvoice' is clicked on

2017-11-22 00:41:14 - [MESSAGE][PASSED] - Object: 'Object Repository/Equipment/EquipmentSales/EquipmentSalesInvoiceCC/ESO_CC_ContinueInvoice' is clicked on

2017-11-22 00:41:14 - [TEST_STEP][PASSED] - delay: Delayed 3 second(s)

2017-11-22 00:41:17 - [MESSAGE][PASSED] - Delayed 3 second(s)

2017-11-22 00:41:17 - [TEST_STEP][PASSED] - setText: Text 'PUBL' is set on object 'Object Repository/Equipment/EquipmentSales/EquipmentSalesInvoiceCC/CCInterface_PaymentGateway'

2017-11-22 00:41:17 - [MESSAGE][PASSED] - Text 'PUBL' is set on object 'Object Repository/Equipment/EquipmentSales/EquipmentSalesInvoiceCC/CCInterface_PaymentGateway'

2017-11-22 00:41:17 - [TEST_STEP][PASSED] - doubleClick: Object: 'Object Repository/Equipment/EquipmentSales/EquipmentSalesInvoiceCC/CCInterface_CardType' is double clicked on

2017-11-22 00:41:17 - [MESSAGE][PASSED] - Object: 'Object Repository/Equipment/EquipmentSales/EquipmentSalesInvoiceCC/CCInterface_CardType' is double clicked on

2017-11-22 00:41:17 - [TEST_STEP][PASSED] - setText: Text 'Visa Card' is set on object 'Object Repository/Equipment/EquipmentSales/EquipmentSalesInvoiceCC/CCInterface_CardType'

2017-11-22 00:41:17 - [MESSAGE][PASSED] - Text 'Visa Card' is set on object 'Object Repository/Equipment/EquipmentSales/EquipmentSalesInvoiceCC/CCInterface_CardType'

2017-11-22 00:41:17 - [TEST_STEP][PASSED] - delay: Delayed 3 second(s)

2017-11-22 00:41:20 - [MESSAGE][PASSED] - Delayed 3 second(s)

2017-11-22 00:41:20 - [TEST_STEP][PASSED] - doubleClick: Object: 'Object Repository/Equipment/EquipmentSales/EquipmentSalesInvoiceCC/CCInterface_CardNo' is double clicked on

2017-11-22 00:41:20 - [MESSAGE][PASSED] - Object: 'Object Repository/Equipment/EquipmentSales/EquipmentSalesInvoiceCC/CCInterface_CardNo' is double clicked on

2017-11-22 00:41:20 - [TEST_STEP][PASSED] - setText: Text '4012000033330026' is set on object 'Object Repository/Equipment/EquipmentSales/EquipmentSalesInvoiceCC/CCInterface_CardNo'

2017-11-22 00:41:21 - [MESSAGE][PASSED] - Text '4012000033330026' is set on object 'Object Repository/Equipment/EquipmentSales/EquipmentSalesInvoiceCC/CCInterface_CardNo'

2017-11-22 00:41:21 - [TEST_STEP][PASSED] - setText: Text '456' is set on object 'Object Repository/Equipment/EquipmentSales/EquipmentSalesInvoiceCC/CCInterface_CVV'

2017-11-22 00:41:21 - [MESSAGE][PASSED] - Text '456' is set on object 'Object Repository/Equipment/EquipmentSales/EquipmentSalesInvoiceCC/CCInterface_CVV'

2017-11-22 00:41:21 - [TEST_STEP][PASSED] - setText: Text '09' is set on object 'Object Repository/Equipment/EquipmentSales/EquipmentSalesInvoiceCC/CCInterface_MM'

2017-11-22 00:41:21 - [MESSAGE][PASSED] - Text '09' is set on object 'Object Repository/Equipment/EquipmentSales/EquipmentSalesInvoiceCC/CCInterface_MM'

2017-11-22 00:41:21 - [TEST_STEP][PASSED] - setText: Text '99' is set on object 'Object Repository/Equipment/EquipmentSales/EquipmentSalesInvoiceCC/CCInterface_YY'

2017-11-22 00:41:21 - [MESSAGE][PASSED] - Text '99' is set on object 'Object Repository/Equipment/EquipmentSales/EquipmentSalesInvoiceCC/CCInterface_YY'

2017-11-22 00:41:21 - [TEST_STEP][PASSED] - click: Object: 'Object Repository/Equipment/EquipmentSales/EquipmentSalesInvoiceCC/CCInterface_Process' is clicked on

2017-11-22 00:41:21 - [MESSAGE][PASSED] - Object: 'Object Repository/Equipment/EquipmentSales/EquipmentSalesInvoiceCC/CCInterface_Process' is clicked on

2017-11-22 00:41:21 - [TEST_STEP][PASSED] - delay: Delayed 5 second(s)

2017-11-22 00:41:26 - [MESSAGE][PASSED] - Delayed 5 second(s)

2017-11-22 00:41:26 - [TEST_STEP][PASSED] - waitForElementPresent: Object 'Object Repository/Equipment/EquipmentSales/EquipmentSalesInvoiceCC/EPO_Invoice_TextSelection' is present

2017-11-22 00:41:32 - [MESSAGE][PASSED] - Object 'Object Repository/Equipment/EquipmentSales/EquipmentSalesInvoiceCC/EPO_Invoice_TextSelection' is present

2017-11-22 00:41:32 - [TEST_STEP][PASSED] - click: Object: 'Object Repository/Equipment/EquipmentSales/EquipmentSalesInvoiceCC/EPO_Invoice_TextSelection' is clicked on

2017-11-22 00:41:32 - [MESSAGE][PASSED] - Object: 'Object Repository/Equipment/EquipmentSales/EquipmentSalesInvoiceCC/EPO_Invoice_TextSelection' is clicked on

2017-11-22 00:41:32 - [TEST_STEP][PASSED] - setText: Text 'D' is set on object 'Object Repository/Equipment/EquipmentSales/EquipmentSalesInvoiceCC/EPO_Invoice_Device'

2017-11-22 00:41:34 - [MESSAGE][PASSED] - Text 'D' is set on object 'Object Repository/Equipment/EquipmentSales/EquipmentSalesInvoiceCC/EPO_Invoice_Device'

2017-11-22 00:41:34 - [TEST_STEP][PASSED] - click: Object: 'Object Repository/Equipment/EquipmentSales/EquipmentSalesInvoiceCC/EPO_Invoice_Continue' is clicked on

2017-11-22 00:41:34 - [MESSAGE][PASSED] - Object: 'Object Repository/Equipment/EquipmentSales/EquipmentSalesInvoiceCC/EPO_Invoice_Continue' is clicked on

2017-11-22 00:41:34 - [TEST_STEP][PASSED] - delay: Delayed 10 second(s)

2017-11-22 00:41:44 - [MESSAGE][PASSED] - Delayed 10 second(s)

2017-11-22 00:41:44 - [MESSAGE][PASSED] - Call Test Case 'Test Cases/Equipment/Base_EquipmentSales/Base_EquipSaleOrder_Invoice_cc' successfully

2017-11-22 00:41:44 - [TEST_STEP][PASSED] - callTestCase: Call Test Case 'Test Cases/Parts/BaseTestCases/Base_Part_GetInvoiceDetails' successfully

2017-11-22 00:41:44 - [TEST_CASE][PASSED] - Test Cases/Parts/BaseTestCases/Base_Part_GetInvoiceDetails: Test Cases/Parts/BaseTestCases/Base_Part_GetInvoiceDetails

2017-11-22 00:41:44 - [TEST_STEP][PASSED] - callTestCase: Call Test Case 'Test Cases/Common/Base_Common_OpenSession' successfully

2017-11-22 00:41:44 - [TEST_CASE][PASSED] - Test Cases/Common/Base_Common_OpenSession: Test Cases/Common/Base_Common_OpenSession

2017-11-22 00:41:44 - [TEST_STEP][PASSED] - openBrowser: Browser is opened with url: 'https://rgajbhiye:Robin$123@proxima-ln4.e-emphasys.com:8441/webui/servlet/login'

2017-11-22 00:41:44 - [MESSAGE][WARNING] - A browser is already opened. Closing browser and opening a new one

2017-11-22 00:41:53 - [MESSAGE][PASSED] - Browser is opened with url: 'https://rgajbhiye:Robin$123@proxima-ln4.e-emphasys.com:8441/webui/servlet/login'

2017-11-22 00:41:53 - [TEST_STEP][PASSED] - waitForPageLoad: Wait for page load successfully

2017-11-22 00:41:53 - [MESSAGE][PASSED] - Wait for page load successfully

2017-11-22 00:41:53 - [TEST_STEP][PASSED] - maximizeWindow: Current window maximized

2017-11-22 00:41:53 - [MESSAGE][PASSED] - Current window maximized

2017-11-22 00:41:53 - [TEST_STEP][PASSED] - click: Object: 'Object Repository/Common/HomePage/HomePage_more' is clicked on

2017-11-22 00:41:57 - [MESSAGE][PASSED] - Object: 'Object Repository/Common/HomePage/HomePage_more' is clicked on

2017-11-22 00:41:57 - [TEST_STEP][PASSED] - click: Object: 'Object Repository/Common/HomePage/HomePage_Option' is clicked on

2017-11-22 00:41:57 - [MESSAGE][PASSED] - Object: 'Object Repository/Common/HomePage/HomePage_Option' is clicked on

2017-11-22 00:41:57 - [TEST_STEP][PASSED] - click: Object: 'Object Repository/Common/HomePage/HomePage_RunProgram_' is clicked on

2017-11-22 00:41:57 - [MESSAGE][PASSED] - Object: 'Object Repository/Common/HomePage/HomePage_RunProgram_' is clicked on

2017-11-22 00:41:57 - [TEST_STEP][PASSED] - sendKeys: Keys 'ttaad4500' sent to object: 'Object Repository/Common/HomePage/HomePage_Session_ID'

2017-11-22 00:41:57 - [MESSAGE][PASSED] - Keys 'ttaad4500' sent to object: 'Object Repository/Common/HomePage/HomePage_Session_ID'

2017-11-22 00:41:57 - [TEST_STEP][PASSED] - click: Object: 'Object Repository/Common/HomePage/HomePage_OkButton' is clicked on

2017-11-22 00:41:58 - [MESSAGE][PASSED] - Object: 'Object Repository/Common/HomePage/HomePage_OkButton' is clicked on

2017-11-22 00:41:58 - [MESSAGE][PASSED] - Call Test Case 'Test Cases/Common/Base_Common_OpenSession' successfully

2017-11-22 00:41:58 - [TEST_STEP][PASSED] - doubleClick: Object: 'Object Repository/Parts/cisli245/cisli245_package' is double clicked on

2017-11-22 00:41:58 - [MESSAGE][PASSED] - Object: 'Object Repository/Parts/cisli245/cisli245_package' is double clicked on

2017-11-22 00:41:58 - [TEST_STEP][PASSED] - setText: Text 'ci' is set on object 'Object Repository/Parts/cisli245/cisli245_package'

2017-11-22 00:41:58 - [MESSAGE][PASSED] - Text 'ci' is set on object 'Object Repository/Parts/cisli245/cisli245_package'

2017-11-22 00:41:58 - [TEST_STEP][PASSED] - doubleClick: Object: 'Object Repository/Parts/cisli245/cisli245_module' is double clicked on

2017-11-22 00:41:58 - [MESSAGE][PASSED] - Object: 'Object Repository/Parts/cisli245/cisli245_module' is double clicked on

2017-11-22 00:41:58 - [TEST_STEP][PASSED] - setText: Text 'sli' is set on object 'Object Repository/Parts/cisli245/cisli245_module'

2017-11-22 00:41:59 - [MESSAGE][PASSED] - Text 'sli' is set on object 'Object Repository/Parts/cisli245/cisli245_module'

2017-11-22 00:41:59 - [TEST_STEP][PASSED] - delay: Delayed 2 second(s)

2017-11-22 00:42:01 - [MESSAGE][PASSED] - Delayed 2 second(s)

2017-11-22 00:42:01 - [TEST_STEP][PASSED] - doubleClick: Object: 'Object Repository/Parts/cisli245/cisli245_table' is double clicked on

2017-11-22 00:42:01 - [MESSAGE][PASSED] - Object: 'Object Repository/Parts/cisli245/cisli245_table' is double clicked on

2017-11-22 00:42:01 - [TEST_STEP][PASSED] - setText: Text '245' is set on object 'Object Repository/Parts/cisli245/cisli245_table'

2017-11-22 00:42:01 - [MESSAGE][PASSED] - Text '245' is set on object 'Object Repository/Parts/cisli245/cisli245_table'

2017-11-22 00:42:01 - [TEST_STEP][PASSED] - click: Object: 'Object Repository/Parts/cisli245/cisli245_ok' is clicked on

2017-11-22 00:42:01 - [MESSAGE][PASSED] - Object: 'Object Repository/Parts/cisli245/cisli245_ok' is clicked on

2017-11-22 00:42:01 - [TEST_STEP][NOT_RUN] - doubleClick: NOT_RUN: doubleClick

2017-11-22 00:42:01 - [MESSAGE][NOT_RUN] - NOT_RUN: doubleClick

2017-11-22 00:42:01 - [TEST_STEP][PASSED] - click: Object: 'Object Repository/Parts/cisli245/cisli245_find' is clicked on

2017-11-22 00:42:03 - [MESSAGE][PASSED] - Object: 'Object Repository/Parts/cisli245/cisli245_find' is clicked on

2017-11-22 00:42:03 - [TEST_STEP][PASSED] - doubleClick: Object: 'Object Repository/Parts/cisli245/cisli245_SaleOrder' is double clicked on

2017-11-22 00:42:03 - [MESSAGE][PASSED] - Object: 'Object Repository/Parts/cisli245/cisli245_SaleOrder' is double clicked on

2017-11-22 00:42:03 - [TEST_STEP][PASSED] - setText: Text 'ESA016765' is set on object 'Object Repository/Parts/cisli245/cisli245_SaleOrder'

2017-11-22 00:42:03 - [MESSAGE][PASSED] - Text 'ESA016765' is set on object 'Object Repository/Parts/cisli245/cisli245_SaleOrder'

2017-11-22 00:42:03 - [TEST_STEP][PASSED] - click: Object: 'Object Repository/Parts/cisli245/cisli245_oksearch' is clicked on

2017-11-22 00:42:04 - [MESSAGE][PASSED] - Object: 'Object Repository/Parts/cisli245/cisli245_oksearch' is clicked on

2017-11-22 00:42:04 - [TEST_STEP][PASSED] - delay: Delayed 3 second(s)

2017-11-22 00:42:07 - [MESSAGE][PASSED] - Delayed 3 second(s)

2017-11-22 00:42:07 - [TEST_STEP][PASSED] - getAttribute: Attribute 'value' of object 'Object Repository/Parts/cisli245/cisli245_OrderNo' is: 'ESA016765'

2017-11-22 00:42:07 - [MESSAGE][PASSED] - Attribute 'value' of object 'Object Repository/Parts/cisli245/cisli245_OrderNo' is: 'ESA016765'

2017-11-22 00:42:07 - [TEST_STEP][PASSED] - Statement - G_InvoiceTnxType = com.kms.katalon.core.webui.keyword.WebUiBuiltInKeywords.getAttribute(com.kms.katalon.core.testobject.ObjectRepository.findTestObject(Parts/cisli245/cisli245_invoice1), "value"): Attribute 'value' of object 'Object Repository/Parts/cisli245/cisli245_invoice1' is: 'SIE'

2017-11-22 00:42:07 - [MESSAGE][PASSED] - Attribute 'value' of object 'Object Repository/Parts/cisli245/cisli245_invoice1' is: 'SIE'

2017-11-22 00:42:07 - [TEST_STEP][PASSED] - Statement - G_InvoiceTnxNo = com.kms.katalon.core.webui.keyword.WebUiBuiltInKeywords.getAttribute(com.kms.katalon.core.testobject.ObjectRepository.findTestObject(Parts/cisli245/cisli245_invoice2), "value"): Attribute 'value' of object 'Object Repository/Parts/cisli245/cisli245_invoice2' is: '10002804'

2017-11-22 00:42:07 - [MESSAGE][PASSED] - Attribute 'value' of object 'Object Repository/Parts/cisli245/cisli245_invoice2' is: '10002804'

2017-11-22 00:42:07 - [TEST_STEP][PASSED] - Statement - G_InvoiceAmt = com.kms.katalon.core.webui.keyword.WebUiBuiltInKeywords.getAttribute(com.kms.katalon.core.testobject.ObjectRepository.findTestObject(Parts/cisli245/cisli245_amount), "value"): Attribute 'value' of object 'Object Repository/Parts/cisli245/cisli245_amount' is: '10'

2017-11-22 00:42:07 - [MESSAGE][PASSED] - Attribute 'value' of object 'Object Repository/Parts/cisli245/cisli245_amount' is: '10'

2017-11-22 00:42:07 - [MESSAGE][PASSED] - Call Test Case 'Test Cases/Parts/BaseTestCases/Base_Part_GetInvoiceDetails' successfully

2017-11-22 00:42:07 - [TEST_STEP][PASSED] - callTestCase: Call Test Case 'Test Cases/Finance/BaseTestCases/Base_Finance_CheckOpenEntriesForCCInvoice1' successfully

2017-11-22 00:42:07 - [TEST_CASE][PASSED] - Test Cases/Finance/BaseTestCases/Base_Finance_CheckOpenEntriesForCCInvoice1: Test Cases/Finance/BaseTestCases/Base_Finance_CheckOpenEntriesForCCInvoice1

2017-11-22 00:42:07 - [TEST_STEP][PASSED] - callTestCase: Call Test Case 'Test Cases/Common/Base_Common_OpenSession' successfully

2017-11-22 00:42:07 - [TEST_CASE][PASSED] - Test Cases/Common/Base_Common_OpenSession: Test Cases/Common/Base_Common_OpenSession

2017-11-22 00:42:07 - [TEST_STEP][PASSED] - openBrowser: Browser is opened with url: 'https://rgajbhiye:Robin$123@proxima-ln4.e-emphasys.com:8441/webui/servlet/login'

2017-11-22 00:42:07 - [MESSAGE][WARNING] - A browser is already opened. Closing browser and opening a new one

2017-11-22 00:42:14 - [MESSAGE][PASSED] - Browser is opened with url: 'https://rgajbhiye:Robin$123@proxima-ln4.e-emphasys.com:8441/webui/servlet/login'

2017-11-22 00:42:14 - [TEST_STEP][PASSED] - waitForPageLoad: Wait for page load successfully

2017-11-22 00:42:14 - [MESSAGE][PASSED] - Wait for page load successfully

2017-11-22 00:42:14 - [TEST_STEP][PASSED] - maximizeWindow: Current window maximized

2017-11-22 00:42:14 - [MESSAGE][PASSED] - Current window maximized

2017-11-22 00:42:14 - [TEST_STEP][PASSED] - click: Object: 'Object Repository/Common/HomePage/HomePage_more' is clicked on

2017-11-22 00:42:17 - [MESSAGE][PASSED] - Object: 'Object Repository/Common/HomePage/HomePage_more' is clicked on

2017-11-22 00:42:17 - [TEST_STEP][PASSED] - click: Object: 'Object Repository/Common/HomePage/HomePage_Option' is clicked on

2017-11-22 00:42:17 - [MESSAGE][PASSED] - Object: 'Object Repository/Common/HomePage/HomePage_Option' is clicked on

2017-11-22 00:42:17 - [TEST_STEP][PASSED] - click: Object: 'Object Repository/Common/HomePage/HomePage_RunProgram_' is clicked on

2017-11-22 00:42:18 - [MESSAGE][PASSED] - Object: 'Object Repository/Common/HomePage/HomePage_RunProgram_' is clicked on

2017-11-22 00:42:18 - [TEST_STEP][PASSED] - sendKeys: Keys 'tfacr2520m000' sent to object: 'Object Repository/Common/HomePage/HomePage_Session_ID'

2017-11-22 00:42:18 - [MESSAGE][PASSED] - Keys 'tfacr2520m000' sent to object: 'Object Repository/Common/HomePage/HomePage_Session_ID'

2017-11-22 00:42:18 - [TEST_STEP][PASSED] - click: Object: 'Object Repository/Common/HomePage/HomePage_OkButton' is clicked on

2017-11-22 00:42:18 - [MESSAGE][PASSED] - Object: 'Object Repository/Common/HomePage/HomePage_OkButton' is clicked on

2017-11-22 00:42:18 - [MESSAGE][PASSED] - Call Test Case 'Test Cases/Common/Base_Common_OpenSession' successfully

2017-11-22 00:42:18 - [TEST_STEP][PASSED] - click: Object: 'Object Repository/Finance/BaseTestCases_OpenEntries_Service/OpenEntries_DocumentType' is clicked on

2017-11-22 00:42:21 - [MESSAGE][PASSED] - Object: 'Object Repository/Finance/BaseTestCases_OpenEntries_Service/OpenEntries_DocumentType' is clicked on

2017-11-22 00:42:21 - [TEST_STEP][PASSED] - click: Object: 'Object Repository/Finance/BaseTestCases_OpenEntries_Service/OpenEntries_DocumentNo' is clicked on

2017-11-22 00:42:22 - [MESSAGE][PASSED] - Object: 'Object Repository/Finance/BaseTestCases_OpenEntries_Service/OpenEntries_DocumentNo' is clicked on

2017-11-22 00:42:22 - [TEST_STEP][PASSED] - setText: Text 'SIE' is set on object 'Object Repository/Finance/BaseTestCases_OpenEntries_Service/OpenEntries_DocumentType'

2017-11-22 00:42:22 - [MESSAGE][PASSED] - Text 'SIE' is set on object 'Object Repository/Finance/BaseTestCases_OpenEntries_Service/OpenEntries_DocumentType'

2017-11-22 00:42:22 - [TEST_STEP][NOT_RUN] - sendKeys: NOT_RUN: sendKeys

2017-11-22 00:42:22 - [MESSAGE][NOT_RUN] - NOT_RUN: sendKeys

2017-11-22 00:42:22 - [TEST_STEP][NOT_RUN] - delay: NOT_RUN: delay

2017-11-22 00:42:22 - [MESSAGE][NOT_RUN] - NOT_RUN: delay

2017-11-22 00:42:22 - [TEST_STEP][PASSED] - setText: Text '10002804' is set on object 'Object Repository/Finance/BaseTestCases_OpenEntries_Service/OpenEntries_DocumentNo'

2017-11-22 00:42:22 - [MESSAGE][PASSED] - Text '10002804' is set on object 'Object Repository/Finance/BaseTestCases_OpenEntries_Service/OpenEntries_DocumentNo'

2017-11-22 00:42:22 - [TEST_STEP][NOT_RUN] - delay: NOT_RUN: delay

2017-11-22 00:42:22 - [MESSAGE][NOT_RUN] - NOT_RUN: delay

2017-11-22 00:42:22 - [TEST_STEP][NOT_RUN] - sendKeys: NOT_RUN: sendKeys

2017-11-22 00:42:22 - [MESSAGE][NOT_RUN] - NOT_RUN: sendKeys

2017-11-22 00:42:22 - [TEST_STEP][PASSED] - click: Object: 'Object Repository/Finance/BaseTestCases_OpenEntries_Service/OpenEntries_Action' is clicked on

2017-11-22 00:42:23 - [MESSAGE][PASSED] - Object: 'Object Repository/Finance/BaseTestCases_OpenEntries_Service/OpenEntries_Action' is clicked on

2017-11-22 00:42:23 - [TEST_STEP][PASSED] - click: Object: 'Object Repository/Finance/BaseTestCases_OpenEntries_Service/OpenEntries.FullyPaid' is clicked on

2017-11-22 00:42:24 - [MESSAGE][PASSED] - Object: 'Object Repository/Finance/BaseTestCases_OpenEntries_Service/OpenEntries.FullyPaid' is clicked on

2017-11-22 00:42:24 - [TEST_STEP][PASSED] - delay: Delayed 5 second(s)

2017-11-22 00:42:29 - [MESSAGE][PASSED] - Delayed 5 second(s)

2017-11-22 00:42:29 - [TEST_STEP][PASSED] - scrollToElement: Scroll to object 'Object Repository/Finance/BaseTestCases_OpenEntries_Service/OpenEntries.InvoiceAmt' successfully

2017-11-22 00:42:29 - [MESSAGE][PASSED] - Scroll to object 'Object Repository/Finance/BaseTestCases_OpenEntries_Service/OpenEntries.InvoiceAmt' successfully

2017-11-22 00:42:29 - [TEST_STEP][PASSED] - delay: Delayed 5 second(s)

2017-11-22 00:42:34 - [MESSAGE][PASSED] - Delayed 5 second(s)

2017-11-22 00:42:34 - [TEST_STEP][PASSED] - Statement - BalanceAmount = com.kms.katalon.core.webui.keyword.WebUiBuiltInKeywords.getText(com.kms.katalon.core.testobject.ObjectRepository.findTestObject(Finance/BaseTestCases_OpenEntries_Service/OpenEntries.BalanceAmt)): Text of object 'Object Repository/Finance/BaseTestCases_OpenEntries_Service/OpenEntries.BalanceAmt' is: '0.00'

2017-11-22 00:42:34 - [MESSAGE][PASSED] - Text of object 'Object Repository/Finance/BaseTestCases_OpenEntries_Service/OpenEntries.BalanceAmt' is: '0.00'

2017-11-22 00:42:34 - [TEST_STEP][PASSED] - verifyEqual: Actual object '0.00' and expected object '0.00' are equal

2017-11-22 00:42:34 - [MESSAGE][PASSED] - Actual object '0.00' and expected object '0.00' are equal

2017-11-22 00:42:34 - [TEST_STEP][PASSED] - click: Object: 'Object Repository/Finance/BaseTestCases_OpenEntries_Service/OpenEntries.Reference' is clicked on

2017-11-22 00:42:34 - [MESSAGE][PASSED] - Object: 'Object Repository/Finance/BaseTestCases_OpenEntries_Service/OpenEntries.Reference' is clicked on

2017-11-22 00:42:34 - [TEST_STEP][PASSED] - setText: Text '' is set on object 'Object Repository/Finance/BaseTestCases_OpenEntries_Service/OpenEntries_DocumentType'

2017-11-22 00:42:34 - [MESSAGE][PASSED] - Text '' is set on object 'Object Repository/Finance/BaseTestCases_OpenEntries_Service/OpenEntries_DocumentType'

2017-11-22 00:42:34 - [TEST_STEP][PASSED] - setText: Text '' is set on object 'Object Repository/Finance/BaseTestCases_OpenEntries_Service/OpenEntries_DocumentNo'

2017-11-22 00:42:34 - [MESSAGE][PASSED] - Text '' is set on object 'Object Repository/Finance/BaseTestCases_OpenEntries_Service/OpenEntries_DocumentNo'

2017-11-22 00:42:34 - [TEST_STEP][PASSED] - sendKeys: Keys 'TAB + ' sent to object: 'Object Repository/Finance/BaseTestCases_OpenEntries_Service/OpenEntries_DocumentType'

2017-11-22 00:42:35 - [MESSAGE][PASSED] - Keys 'TAB + ' sent to object: 'Object Repository/Finance/BaseTestCases_OpenEntries_Service/OpenEntries_DocumentType'

2017-11-22 00:42:35 - [TEST_STEP][PASSED] - sendKeys: Keys 'TAB + ' sent to object: 'Object Repository/Finance/BaseTestCases_OpenEntries_Service/OpenEntries_DocumentNo'

2017-11-22 00:42:36 - [MESSAGE][PASSED] - Keys 'TAB + ' sent to object: 'Object Repository/Finance/BaseTestCases_OpenEntries_Service/OpenEntries_DocumentNo'

2017-11-22 00:42:36 - [TEST_STEP][PASSED] - sendKeys: Keys 'M00000010 (SIE/10002804)' sent to object: 'Object Repository/Finance/BaseTestCases_OpenEntries_Service/OpenEntries.Reference'

2017-11-22 00:42:36 - [MESSAGE][PASSED] - Keys 'M00000010 (SIE/10002804)' sent to object: 'Object Repository/Finance/BaseTestCases_OpenEntries_Service/OpenEntries.Reference'

2017-11-22 00:42:36 - [TEST_STEP][PASSED] - click: Object: 'Object Repository/Finance/BaseTestCases_OpenEntries_Service/OpenEntries_DocumentNo' is clicked on

2017-11-22 00:42:36 - [MESSAGE][PASSED] - Object: 'Object Repository/Finance/BaseTestCases_OpenEntries_Service/OpenEntries_DocumentNo' is clicked on

2017-11-22 00:42:36 - [TEST_STEP][PASSED] - delay: Delayed 3 second(s)

2017-11-22 00:42:39 - [MESSAGE][PASSED] - Delayed 3 second(s)

2017-11-22 00:42:39 - [TEST_STEP][PASSED] - scrollToElement: Scroll to object 'Object Repository/Finance/BaseTestCases_OpenEntries_Service/OpenEntries.BalanceAmt' successfully

2017-11-22 00:42:39 - [MESSAGE][PASSED] - Scroll to object 'Object Repository/Finance/BaseTestCases_OpenEntries_Service/OpenEntries.BalanceAmt' successfully

2017-11-22 00:42:39 - [TEST_STEP][PASSED] - Statement - BalanceAmount = com.kms.katalon.core.webui.keyword.WebUiBuiltInKeywords.getText(com.kms.katalon.core.testobject.ObjectRepository.findTestObject(Finance/BaseTestCases_OpenEntries_Service/OpenEntries.BalanceAmt)): Text of object 'Object Repository/Finance/BaseTestCases_OpenEntries_Service/OpenEntries.BalanceAmt' is: '10.00'

2017-11-22 00:42:39 - [MESSAGE][PASSED] - Text of object 'Object Repository/Finance/BaseTestCases_OpenEntries_Service/OpenEntries.BalanceAmt' is: '10.00'

2017-11-22 00:42:39 - [TEST_STEP][PASSED] - Statement - InvoiceAmount = com.kms.katalon.core.webui.keyword.WebUiBuiltInKeywords.getText(com.kms.katalon.core.testobject.ObjectRepository.findTestObject(Finance/BaseTestCases_OpenEntries_Service/OpenEntries.InvoiceAmt)): Text of object 'Object Repository/Finance/BaseTestCases_OpenEntries_Service/OpenEntries.InvoiceAmt' is: '10.00'

2017-11-22 00:42:39 - [MESSAGE][PASSED] - Text of object 'Object Repository/Finance/BaseTestCases_OpenEntries_Service/OpenEntries.InvoiceAmt' is: '10.00'

2017-11-22 00:42:39 - [TEST_STEP][PASSED] - verifyEqual: Actual object '10.00' and expected object '10.00' are equal

2017-11-22 00:42:39 - [MESSAGE][PASSED] - Actual object '10.00' and expected object '10.00' are equal

2017-11-22 00:42:39 - [TEST_STEP][NOT_RUN] - closeBrowser: NOT_RUN: closeBrowser

2017-11-22 00:42:39 - [MESSAGE][NOT_RUN] - NOT_RUN: closeBrowser

2017-11-22 00:42:39 - [MESSAGE][PASSED] - Call Test Case 'Test Cases/Finance/BaseTestCases/Base_Finance_CheckOpenEntriesForCCInvoice1' successfully]]></system-out>
         <system-err><![CDATA[]]></system-err>
      </testcase>
      <testcase name="Test Cases/Equipment/CreditCardRegression/TC001_EquipmentSalesAgreement_DiffGateway - Iteration 2" classname="Test Cases/Equipment/CreditCardRegression/TC001_EquipmentSalesAgreement_DiffGateway" status="PASSED">
         <system-out><![CDATA[2017-11-22 00:42:39 - [TEST_CASE][PASSED] - Test Cases/Equipment/CreditCardRegression/TC001_EquipmentSalesAgreement_DiffGateway - Iteration 2: Test Cases/Equipment/CreditCardRegression/TC001_EquipmentSalesAgreement_DiffGateway

2017-11-22 00:42:39 - [TEST_STEP][PASSED] - callTestCase: Call Test Case 'Test Cases/Equipment/Base_EquipmentPurchase/EPO_CreateNrecieve' successfully

2017-11-22 00:42:39 - [TEST_CASE][PASSED] - Test Cases/Equipment/Base_EquipmentPurchase/EPO_CreateNrecieve: Test Cases/Equipment/Base_EquipmentPurchase/EPO_CreateNrecieve

2017-11-22 00:42:40 - [TEST_STEP][PASSED] - callTestCase: Call Test Case 'Test Cases/Equipment/Base_EquipmentPurchase/Base_EPO_CreateHeaderNline' successfully

2017-11-22 00:42:40 - [TEST_CASE][PASSED] - Test Cases/Equipment/Base_EquipmentPurchase/Base_EPO_CreateHeaderNline: Test Cases/Equipment/Base_EquipmentPurchase/Base_EPO_CreateHeaderNline

2017-11-22 00:42:40 - [TEST_STEP][PASSED] - callTestCase: Call Test Case 'Test Cases/Common/Base_Common_OpenSession' successfully

2017-11-22 00:42:40 - [TEST_CASE][PASSED] - Test Cases/Common/Base_Common_OpenSession: Test Cases/Common/Base_Common_OpenSession

2017-11-22 00:42:40 - [TEST_STEP][PASSED] - openBrowser: Browser is opened with url: 'https://rgajbhiye:Robin$123@proxima-ln4.e-emphasys.com:8441/webui/servlet/login'

2017-11-22 00:42:40 - [MESSAGE][WARNING] - A browser is already opened. Closing browser and opening a new one

2017-11-22 00:42:46 - [MESSAGE][PASSED] - Browser is opened with url: 'https://rgajbhiye:Robin$123@proxima-ln4.e-emphasys.com:8441/webui/servlet/login'

2017-11-22 00:42:46 - [TEST_STEP][PASSED] - waitForPageLoad: Wait for page load successfully

2017-11-22 00:42:46 - [MESSAGE][PASSED] - Wait for page load successfully

2017-11-22 00:42:46 - [TEST_STEP][PASSED] - maximizeWindow: Current window maximized

2017-11-22 00:42:46 - [MESSAGE][PASSED] - Current window maximized

2017-11-22 00:42:46 - [TEST_STEP][PASSED] - click: Object: 'Object Repository/Common/HomePage/HomePage_more' is clicked on

2017-11-22 00:42:50 - [MESSAGE][PASSED] - Object: 'Object Repository/Common/HomePage/HomePage_more' is clicked on

2017-11-22 00:42:50 - [TEST_STEP][PASSED] - click: Object: 'Object Repository/Common/HomePage/HomePage_Option' is clicked on

2017-11-22 00:42:50 - [MESSAGE][PASSED] - Object: 'Object Repository/Common/HomePage/HomePage_Option' is clicked on

2017-11-22 00:42:50 - [TEST_STEP][PASSED] - click: Object: 'Object Repository/Common/HomePage/HomePage_RunProgram_' is clicked on

2017-11-22 00:42:51 - [MESSAGE][PASSED] - Object: 'Object Repository/Common/HomePage/HomePage_RunProgram_' is clicked on

2017-11-22 00:42:51 - [TEST_STEP][PASSED] - sendKeys: Keys 'tdext8150s000' sent to object: 'Object Repository/Common/HomePage/HomePage_Session_ID'

2017-11-22 00:42:51 - [MESSAGE][PASSED] - Keys 'tdext8150s000' sent to object: 'Object Repository/Common/HomePage/HomePage_Session_ID'

2017-11-22 00:42:51 - [TEST_STEP][PASSED] - click: Object: 'Object Repository/Common/HomePage/HomePage_OkButton' is clicked on

2017-11-22 00:42:51 - [MESSAGE][PASSED] - Object: 'Object Repository/Common/HomePage/HomePage_OkButton' is clicked on

2017-11-22 00:42:51 - [MESSAGE][PASSED] - Call Test Case 'Test Cases/Common/Base_Common_OpenSession' successfully

2017-11-22 00:42:51 - [TEST_STEP][PASSED] - waitForElementPresent: Object 'Object Repository/Equipment/EquipmentPurchase/EPO_Header/EPO_Header_New' is present

2017-11-22 00:42:53 - [MESSAGE][PASSED] - Object 'Object Repository/Equipment/EquipmentPurchase/EPO_Header/EPO_Header_New' is present

2017-11-22 00:42:53 - [TEST_STEP][PASSED] - click: Object: 'Object Repository/Equipment/EquipmentPurchase/EPO_Header/EPO_Header_New' is clicked on

2017-11-22 00:42:53 - [MESSAGE][PASSED] - Object: 'Object Repository/Equipment/EquipmentPurchase/EPO_Header/EPO_Header_New' is clicked on

2017-11-22 00:42:53 - [TEST_STEP][PASSED] - click: Object: 'Object Repository/Equipment/EquipmentPurchase/EPO_Header/EPO_Header_Customer' is clicked on

2017-11-22 00:42:53 - [MESSAGE][PASSED] - Object: 'Object Repository/Equipment/EquipmentPurchase/EPO_Header/EPO_Header_Customer' is clicked on

2017-11-22 00:42:53 - [TEST_STEP][PASSED] - setText: Text 'M00000010' is set on object 'Object Repository/Equipment/EquipmentPurchase/EPO_Header/EPO_Header_Customer'

2017-11-22 00:42:54 - [MESSAGE][PASSED] - Text 'M00000010' is set on object 'Object Repository/Equipment/EquipmentPurchase/EPO_Header/EPO_Header_Customer'

2017-11-22 00:42:54 - [TEST_STEP][PASSED] - click: Object: 'Object Repository/Equipment/EquipmentPurchase/EPO_Header/EPO_Header_Save' is clicked on

2017-11-22 00:42:54 - [MESSAGE][PASSED] - Object: 'Object Repository/Equipment/EquipmentPurchase/EPO_Header/EPO_Header_Save' is clicked on

2017-11-22 00:42:54 - [TEST_STEP][PASSED] - delay: Delayed 5 second(s)

2017-11-22 00:42:59 - [MESSAGE][PASSED] - Delayed 5 second(s)

2017-11-22 00:42:59 - [TEST_STEP][PASSED] - click: Object: 'Object Repository/Equipment/EquipmentPurchase/EPO_Header/EPO_Header_Action' is clicked on

2017-11-22 00:42:59 - [MESSAGE][PASSED] - Object: 'Object Repository/Equipment/EquipmentPurchase/EPO_Header/EPO_Header_Action' is clicked on

2017-11-22 00:42:59 - [TEST_STEP][PASSED] - click: Object: 'Object Repository/Equipment/EquipmentPurchase/EPO_Header/EPO_Header_Action_OrderLines' is clicked on

2017-11-22 00:42:59 - [MESSAGE][PASSED] - Object: 'Object Repository/Equipment/EquipmentPurchase/EPO_Header/EPO_Header_Action_OrderLines' is clicked on

2017-11-22 00:42:59 - [TEST_STEP][PASSED] - waitForElementPresent: Object 'Object Repository/Equipment/EquipmentPurchase/EPO_Line/EPO_MultiLine_New' is present

2017-11-22 00:43:01 - [MESSAGE][PASSED] - Object 'Object Repository/Equipment/EquipmentPurchase/EPO_Line/EPO_MultiLine_New' is present

2017-11-22 00:43:01 - [TEST_STEP][PASSED] - click: Object: 'Object Repository/Equipment/EquipmentPurchase/EPO_Line/EPO_MultiLine_New' is clicked on

2017-11-22 00:43:01 - [MESSAGE][PASSED] - Object: 'Object Repository/Equipment/EquipmentPurchase/EPO_Line/EPO_MultiLine_New' is clicked on

2017-11-22 00:43:01 - [TEST_STEP][PASSED] - waitForElementPresent: Object 'Object Repository/Equipment/EquipmentPurchase/EPO_Line/EPO_Line_Model' is present

2017-11-22 00:43:02 - [MESSAGE][PASSED] - Object 'Object Repository/Equipment/EquipmentPurchase/EPO_Line/EPO_Line_Model' is present

2017-11-22 00:43:02 - [TEST_STEP][PASSED] - click: Object: 'Object Repository/Equipment/EquipmentPurchase/EPO_Line/EPO_Line_Model' is clicked on

2017-11-22 00:43:02 - [MESSAGE][PASSED] - Object: 'Object Repository/Equipment/EquipmentPurchase/EPO_Line/EPO_Line_Model' is clicked on

2017-11-22 00:43:02 - [TEST_STEP][PASSED] - delay: Delayed 2 second(s)

2017-11-22 00:43:04 - [MESSAGE][PASSED] - Delayed 2 second(s)

2017-11-22 00:43:04 - [TEST_STEP][PASSED] - setText: Text '1032' is set on object 'Object Repository/Equipment/EquipmentPurchase/EPO_Line/EPO_Line_Model'

2017-11-22 00:43:04 - [MESSAGE][PASSED] - Text '1032' is set on object 'Object Repository/Equipment/EquipmentPurchase/EPO_Line/EPO_Line_Model'

2017-11-22 00:43:04 - [TEST_STEP][PASSED] - click: Object: 'Object Repository/Equipment/EquipmentPurchase/EPO_Line/EPO_Line_NeworUsed' is clicked on

2017-11-22 00:43:05 - [MESSAGE][PASSED] - Object: 'Object Repository/Equipment/EquipmentPurchase/EPO_Line/EPO_Line_NeworUsed' is clicked on

2017-11-22 00:43:05 - [TEST_STEP][PASSED] - click: Object: 'Object Repository/Equipment/EquipmentPurchase/EPO_Line/EPO_Line_NewEquipOption' is clicked on

2017-11-22 00:43:05 - [MESSAGE][PASSED] - Object: 'Object Repository/Equipment/EquipmentPurchase/EPO_Line/EPO_Line_NewEquipOption' is clicked on

2017-11-22 00:43:05 - [TEST_STEP][PASSED] - click: Object: 'Object Repository/Equipment/EquipmentPurchase/EPO_Line/EPO_Line_PlannedDate' is clicked on

2017-11-22 00:43:05 - [MESSAGE][PASSED] - Object: 'Object Repository/Equipment/EquipmentPurchase/EPO_Line/EPO_Line_PlannedDate' is clicked on

2017-11-22 00:43:05 - [TEST_STEP][PASSED] - delay: Delayed 2 second(s)

2017-11-22 00:43:07 - [MESSAGE][PASSED] - Delayed 2 second(s)

2017-11-22 00:43:07 - [TEST_STEP][PASSED] - setText: Text '+10' is set on object 'Object Repository/Equipment/EquipmentPurchase/EPO_Line/EPO_Line_PlannedDate'

2017-11-22 00:43:07 - [MESSAGE][PASSED] - Text '+10' is set on object 'Object Repository/Equipment/EquipmentPurchase/EPO_Line/EPO_Line_PlannedDate'

2017-11-22 00:43:07 - [TEST_STEP][PASSED] - click: Object: 'Object Repository/Equipment/EquipmentPurchase/EPO_Line/EPO_Line_Price' is clicked on

2017-11-22 00:43:07 - [MESSAGE][PASSED] - Object: 'Object Repository/Equipment/EquipmentPurchase/EPO_Line/EPO_Line_Price' is clicked on

2017-11-22 00:43:07 - [TEST_STEP][PASSED] - delay: Delayed 2 second(s)

2017-11-22 00:43:09 - [MESSAGE][PASSED] - Delayed 2 second(s)

2017-11-22 00:43:09 - [TEST_STEP][PASSED] - setText: Text '100' is set on object 'Object Repository/Equipment/EquipmentPurchase/EPO_Line/EPO_Line_Price'

2017-11-22 00:43:09 - [MESSAGE][PASSED] - Text '100' is set on object 'Object Repository/Equipment/EquipmentPurchase/EPO_Line/EPO_Line_Price'

2017-11-22 00:43:09 - [TEST_STEP][PASSED] - click: Object: 'Object Repository/Equipment/EquipmentPurchase/EPO_Line/EPO_Line_Save' is clicked on

2017-11-22 00:43:09 - [MESSAGE][PASSED] - Object: 'Object Repository/Equipment/EquipmentPurchase/EPO_Line/EPO_Line_Save' is clicked on

2017-11-22 00:43:09 - [TEST_STEP][PASSED] - click: Object: 'Object Repository/Equipment/EquipmentPurchase/EPO_Line/EPO_Line_importNO' is clicked on

2017-11-22 00:43:10 - [MESSAGE][PASSED] - Object: 'Object Repository/Equipment/EquipmentPurchase/EPO_Line/EPO_Line_importNO' is clicked on

2017-11-22 00:43:10 - [TEST_STEP][PASSED] - click: Object: 'Object Repository/Equipment/EquipmentPurchase/EPO_Line/EPO_Line_SaveNclose' is clicked on

2017-11-22 00:43:10 - [MESSAGE][PASSED] - Object: 'Object Repository/Equipment/EquipmentPurchase/EPO_Line/EPO_Line_SaveNclose' is clicked on

2017-11-22 00:43:10 - [TEST_STEP][PASSED] - delay: Delayed 2 second(s)

2017-11-22 00:43:12 - [MESSAGE][PASSED] - Delayed 2 second(s)

2017-11-22 00:43:12 - [TEST_STEP][PASSED] - click: Object: 'Object Repository/Equipment/EquipmentPurchase/EPO_Line/EPO_MultiLine_SavenClose' is clicked on

2017-11-22 00:43:13 - [MESSAGE][PASSED] - Object: 'Object Repository/Equipment/EquipmentPurchase/EPO_Line/EPO_MultiLine_SavenClose' is clicked on

2017-11-22 00:43:13 - [MESSAGE][PASSED] - Call Test Case 'Test Cases/Equipment/Base_EquipmentPurchase/Base_EPO_CreateHeaderNline' successfully

2017-11-22 00:43:13 - [TEST_STEP][PASSED] - callTestCase: Call Test Case 'Test Cases/Equipment/Base_EquipmentPurchase/Base_EPO_Reciept' successfully

2017-11-22 00:43:13 - [TEST_CASE][PASSED] - Test Cases/Equipment/Base_EquipmentPurchase/Base_EPO_Reciept: Test Cases/Equipment/Base_EquipmentPurchase/Base_EPO_Reciept

2017-11-22 00:43:13 - [TEST_STEP][PASSED] - click: Object: 'Object Repository/Equipment/EquipmentPurchase/EPO_Header/EPO_Header_Action' is clicked on

2017-11-22 00:43:13 - [MESSAGE][PASSED] - Object: 'Object Repository/Equipment/EquipmentPurchase/EPO_Header/EPO_Header_Action' is clicked on

2017-11-22 00:43:13 - [TEST_STEP][PASSED] - click: Object: 'Object Repository/Equipment/EquipmentPurchase/EPO_Header/EPO_Header_Action_SendForApproval' is clicked on

2017-11-22 00:43:13 - [MESSAGE][PASSED] - Object: 'Object Repository/Equipment/EquipmentPurchase/EPO_Header/EPO_Header_Action_SendForApproval' is clicked on

2017-11-22 00:43:13 - [TEST_STEP][PASSED] - delay: Delayed 5 second(s)

2017-11-22 00:43:18 - [MESSAGE][PASSED] - Delayed 5 second(s)

2017-11-22 00:43:18 - [TEST_STEP][PASSED] - click: Object: 'Object Repository/Equipment/EquipmentPurchase/EPO_Header/EPO_Header_Action' is clicked on

2017-11-22 00:43:19 - [MESSAGE][PASSED] - Object: 'Object Repository/Equipment/EquipmentPurchase/EPO_Header/EPO_Header_Action' is clicked on

2017-11-22 00:43:19 - [TEST_STEP][PASSED] - click: Object: 'Object Repository/Equipment/EquipmentPurchase/EPO_Header/EPO_Header_Apporve' is clicked on

2017-11-22 00:43:19 - [MESSAGE][PASSED] - Object: 'Object Repository/Equipment/EquipmentPurchase/EPO_Header/EPO_Header_Apporve' is clicked on

2017-11-22 00:43:19 - [TEST_STEP][PASSED] - delay: Delayed 5 second(s)

2017-11-22 00:43:24 - [MESSAGE][PASSED] - Delayed 5 second(s)

2017-11-22 00:43:24 - [TEST_STEP][PASSED] - click: Object: 'Object Repository/Equipment/EquipmentPurchase/EPO_Header/EPO_Header_Print' is clicked on

2017-11-22 00:43:24 - [MESSAGE][PASSED] - Object: 'Object Repository/Equipment/EquipmentPurchase/EPO_Header/EPO_Header_Print' is clicked on

2017-11-22 00:43:24 - [TEST_STEP][PASSED] - click: Object: 'Object Repository/Equipment/EquipmentPurchase/EPO_Header/EPO_Print_FinalPrint' is clicked on

2017-11-22 00:43:25 - [MESSAGE][PASSED] - Object: 'Object Repository/Equipment/EquipmentPurchase/EPO_Header/EPO_Print_FinalPrint' is clicked on

2017-11-22 00:43:25 - [TEST_STEP][PASSED] - click: Object: 'Object Repository/Equipment/EquipmentPurchase/EPO_Header/EPO_Print_PrintOption' is clicked on

2017-11-22 00:43:25 - [MESSAGE][PASSED] - Object: 'Object Repository/Equipment/EquipmentPurchase/EPO_Header/EPO_Print_PrintOption' is clicked on

2017-11-22 00:43:25 - [TEST_STEP][PASSED] - click: Object: 'Object Repository/Equipment/EquipmentPurchase/EPO_Header/EPO_Print_Device' is clicked on

2017-11-22 00:43:27 - [MESSAGE][PASSED] - Object: 'Object Repository/Equipment/EquipmentPurchase/EPO_Header/EPO_Print_Device' is clicked on

2017-11-22 00:43:27 - [TEST_STEP][PASSED] - setText: Text 'D' is set on object 'Object Repository/Equipment/EquipmentPurchase/EPO_Header/EPO_Print_Device'

2017-11-22 00:43:27 - [MESSAGE][PASSED] - Text 'D' is set on object 'Object Repository/Equipment/EquipmentPurchase/EPO_Header/EPO_Print_Device'

2017-11-22 00:43:27 - [TEST_STEP][PASSED] - click: Object: 'Object Repository/Equipment/EquipmentPurchase/EPO_Header/EPO_Print_Continue' is clicked on

2017-11-22 00:43:28 - [MESSAGE][PASSED] - Object: 'Object Repository/Equipment/EquipmentPurchase/EPO_Header/EPO_Print_Continue' is clicked on

2017-11-22 00:43:28 - [TEST_STEP][PASSED] - delay: Delayed 5 second(s)

2017-11-22 00:43:33 - [MESSAGE][PASSED] - Delayed 5 second(s)

2017-11-22 00:43:33 - [TEST_STEP][PASSED] - click: Object: 'Object Repository/Equipment/EquipmentPurchase/EPO_Header/EPO_Header_EPOtab' is clicked on

2017-11-22 00:43:33 - [MESSAGE][PASSED] - Object: 'Object Repository/Equipment/EquipmentPurchase/EPO_Header/EPO_Header_EPOtab' is clicked on

2017-11-22 00:43:33 - [TEST_STEP][PASSED] - click: Object: 'Object Repository/Equipment/EquipmentPurchase/EPO_Header/EPO_Print_Close' is clicked on

2017-11-22 00:43:33 - [MESSAGE][PASSED] - Object: 'Object Repository/Equipment/EquipmentPurchase/EPO_Header/EPO_Print_Close' is clicked on

2017-11-22 00:43:33 - [TEST_STEP][PASSED] - delay: Delayed 3 second(s)

2017-11-22 00:43:36 - [MESSAGE][PASSED] - Delayed 3 second(s)

2017-11-22 00:43:36 - [TEST_STEP][PASSED] - click: Object: 'Object Repository/Equipment/EquipmentPurchase/EPO_Header/EPO_Header_Action' is clicked on

2017-11-22 00:43:36 - [MESSAGE][PASSED] - Object: 'Object Repository/Equipment/EquipmentPurchase/EPO_Header/EPO_Header_Action' is clicked on

2017-11-22 00:43:36 - [TEST_STEP][PASSED] - click: Object: 'Object Repository/Equipment/EquipmentPurchase/EPO_Header/EPO_Action_Reciept' is clicked on

2017-11-22 00:43:36 - [MESSAGE][PASSED] - Object: 'Object Repository/Equipment/EquipmentPurchase/EPO_Header/EPO_Action_Reciept' is clicked on

2017-11-22 00:43:36 - [TEST_STEP][PASSED] - waitForElementPresent: Object 'Object Repository/Equipment/EquipmentPurchase/EPO_Receipt/EPO_Reciept_Save' is present

2017-11-22 00:43:38 - [MESSAGE][PASSED] - Object 'Object Repository/Equipment/EquipmentPurchase/EPO_Receipt/EPO_Reciept_Save' is present

2017-11-22 00:43:38 - [TEST_STEP][PASSED] - click: Object: 'Object Repository/Equipment/EquipmentPurchase/EPO_Receipt/EPO_Reciept_Save' is clicked on

2017-11-22 00:43:38 - [MESSAGE][PASSED] - Object: 'Object Repository/Equipment/EquipmentPurchase/EPO_Receipt/EPO_Reciept_Save' is clicked on

2017-11-22 00:43:38 - [TEST_STEP][PASSED] - delay: Delayed 3 second(s)

2017-11-22 00:43:41 - [MESSAGE][PASSED] - Delayed 3 second(s)

2017-11-22 00:43:41 - [TEST_STEP][PASSED] - click: Object: 'Object Repository/Equipment/EquipmentPurchase/EPO_Receipt/EPO_Receipt_Action' is clicked on

2017-11-22 00:43:41 - [MESSAGE][PASSED] - Object: 'Object Repository/Equipment/EquipmentPurchase/EPO_Receipt/EPO_Receipt_Action' is clicked on

2017-11-22 00:43:41 - [TEST_STEP][PASSED] - click: Object: 'Object Repository/Equipment/EquipmentPurchase/EPO_Receipt/EPO_Receipt_Action_ReceiptLine' is clicked on

2017-11-22 00:43:41 - [MESSAGE][PASSED] - Object: 'Object Repository/Equipment/EquipmentPurchase/EPO_Receipt/EPO_Receipt_Action_ReceiptLine' is clicked on

2017-11-22 00:43:41 - [TEST_STEP][PASSED] - waitForElementPresent: Object 'Object Repository/Equipment/EquipmentPurchase/EPO_Receipt_Line/EPO_ReceiptLine_New' is present

2017-11-22 00:43:43 - [MESSAGE][PASSED] - Object 'Object Repository/Equipment/EquipmentPurchase/EPO_Receipt_Line/EPO_ReceiptLine_New' is present

2017-11-22 00:43:43 - [TEST_STEP][PASSED] - click: Object: 'Object Repository/Equipment/EquipmentPurchase/EPO_Receipt_Line/EPO_ReceiptLine_New' is clicked on

2017-11-22 00:43:43 - [MESSAGE][PASSED] - Object: 'Object Repository/Equipment/EquipmentPurchase/EPO_Receipt_Line/EPO_ReceiptLine_New' is clicked on

2017-11-22 00:43:43 - [TEST_STEP][PASSED] - waitForElementPresent: Object 'Object Repository/Equipment/EquipmentPurchase/EPO_Receipt_Line/EPO_RecieptLine_Select' is present

2017-11-22 00:43:44 - [MESSAGE][PASSED] - Object 'Object Repository/Equipment/EquipmentPurchase/EPO_Receipt_Line/EPO_RecieptLine_Select' is present

2017-11-22 00:43:44 - [TEST_STEP][PASSED] - click: Object: 'Object Repository/Equipment/EquipmentPurchase/EPO_Receipt_Line/EPO_RecieptLine_Select' is clicked on

2017-11-22 00:43:44 - [MESSAGE][PASSED] - Object: 'Object Repository/Equipment/EquipmentPurchase/EPO_Receipt_Line/EPO_RecieptLine_Select' is clicked on

2017-11-22 00:43:44 - [TEST_STEP][PASSED] - delay: Delayed 3 second(s)

2017-11-22 00:43:47 - [MESSAGE][PASSED] - Delayed 3 second(s)

2017-11-22 00:43:47 - [TEST_STEP][PASSED] - click: Object: 'Object Repository/Equipment/EquipmentPurchase/EPO_Receipt_Line/EPO_ReceiptLine_SavenClose' is clicked on

2017-11-22 00:43:47 - [MESSAGE][PASSED] - Object: 'Object Repository/Equipment/EquipmentPurchase/EPO_Receipt_Line/EPO_ReceiptLine_SavenClose' is clicked on

2017-11-22 00:43:47 - [TEST_STEP][PASSED] - waitForElementPresent: Object 'Object Repository/Equipment/EquipmentPurchase/EPO_Receipt_Line/EPO_RecieptLineAction' is present

2017-11-22 00:43:47 - [MESSAGE][PASSED] - Object 'Object Repository/Equipment/EquipmentPurchase/EPO_Receipt_Line/EPO_RecieptLineAction' is present

2017-11-22 00:43:47 - [TEST_STEP][PASSED] - Statement - G_Unit = com.kms.katalon.core.webui.keyword.WebUiBuiltInKeywords.getText(com.kms.katalon.core.testobject.ObjectRepository.findTestObject(Equipment/EquipmentPurchase/EPO_Receipt/EPO_Reciept_Unit)): Text of object 'Object Repository/Equipment/EquipmentPurchase/EPO_Receipt/EPO_Reciept_Unit' is: 'MD0018354'

2017-11-22 00:43:48 - [MESSAGE][PASSED] - Text of object 'Object Repository/Equipment/EquipmentPurchase/EPO_Receipt/EPO_Reciept_Unit' is: 'MD0018354'

2017-11-22 00:43:48 - [TEST_STEP][PASSED] - click: Object: 'Object Repository/Equipment/EquipmentPurchase/EPO_Receipt_Line/EPO_RecieptLineAction' is clicked on

2017-11-22 00:43:48 - [MESSAGE][PASSED] - Object: 'Object Repository/Equipment/EquipmentPurchase/EPO_Receipt_Line/EPO_RecieptLineAction' is clicked on

2017-11-22 00:43:48 - [TEST_STEP][PASSED] - click: Object: 'Object Repository/Equipment/EquipmentPurchase/EPO_Receipt/EPO_Action_Confirm' is clicked on

2017-11-22 00:43:48 - [MESSAGE][PASSED] - Object: 'Object Repository/Equipment/EquipmentPurchase/EPO_Receipt/EPO_Action_Confirm' is clicked on

2017-11-22 00:43:48 - [TEST_STEP][PASSED] - click: Object: 'Object Repository/Equipment/EquipmentPurchase/EPO_Receipt/EPO_Reciept_MeterOK' is clicked on

2017-11-22 00:43:49 - [MESSAGE][PASSED] - Object: 'Object Repository/Equipment/EquipmentPurchase/EPO_Receipt/EPO_Reciept_MeterOK' is clicked on

2017-11-22 00:43:49 - [TEST_STEP][PASSED] - waitForElementPresent: Object 'Object Repository/Equipment/EquipmentPurchase/EPO_Receipt/EPO_RecieptPrint_Device' is present

2017-11-22 00:43:51 - [MESSAGE][PASSED] - Object 'Object Repository/Equipment/EquipmentPurchase/EPO_Receipt/EPO_RecieptPrint_Device' is present

2017-11-22 00:43:51 - [TEST_STEP][PASSED] - click: Object: 'Object Repository/Equipment/EquipmentPurchase/EPO_Receipt/EPO_RecieptPrint_Device' is clicked on

2017-11-22 00:43:51 - [MESSAGE][PASSED] - Object: 'Object Repository/Equipment/EquipmentPurchase/EPO_Receipt/EPO_RecieptPrint_Device' is clicked on

2017-11-22 00:43:51 - [TEST_STEP][PASSED] - setText: Text 'D' is set on object 'Object Repository/Equipment/EquipmentPurchase/EPO_Receipt/EPO_RecieptPrint_Device'

2017-11-22 00:43:51 - [MESSAGE][PASSED] - Text 'D' is set on object 'Object Repository/Equipment/EquipmentPurchase/EPO_Receipt/EPO_RecieptPrint_Device'

2017-11-22 00:43:51 - [TEST_STEP][PASSED] - click: Object: 'Object Repository/Equipment/EquipmentPurchase/EPO_Receipt/EPO_RecieptPrint_Continue' is clicked on

2017-11-22 00:43:51 - [MESSAGE][PASSED] - Object: 'Object Repository/Equipment/EquipmentPurchase/EPO_Receipt/EPO_RecieptPrint_Continue' is clicked on

2017-11-22 00:43:51 - [TEST_STEP][PASSED] - delay: Delayed 3 second(s)

2017-11-22 00:43:54 - [MESSAGE][PASSED] - Delayed 3 second(s)

2017-11-22 00:43:54 - [TEST_STEP][PASSED] - click: Object: 'Object Repository/Equipment/EquipmentPurchase/EPO_Receipt/EPO_RecieptPrint_ProcessCompleted' is clicked on

2017-11-22 00:43:54 - [MESSAGE][PASSED] - Object: 'Object Repository/Equipment/EquipmentPurchase/EPO_Receipt/EPO_RecieptPrint_ProcessCompleted' is clicked on

2017-11-22 00:43:54 - [TEST_STEP][PASSED] - delay: Delayed 10 second(s)

2017-11-22 00:44:04 - [MESSAGE][PASSED] - Delayed 10 second(s)

2017-11-22 00:44:04 - [MESSAGE][PASSED] - Call Test Case 'Test Cases/Equipment/Base_EquipmentPurchase/Base_EPO_Reciept' successfully

2017-11-22 00:44:04 - [MESSAGE][PASSED] - Call Test Case 'Test Cases/Equipment/Base_EquipmentPurchase/EPO_CreateNrecieve' successfully

2017-11-22 00:44:04 - [TEST_STEP][PASSED] - callTestCase: Call Test Case 'Test Cases/Equipment/Base_EquipmentSales/Base_Equipement_CreateHeader' successfully

2017-11-22 00:44:04 - [TEST_CASE][PASSED] - Test Cases/Equipment/Base_EquipmentSales/Base_Equipement_CreateHeader: Test Cases/Equipment/Base_EquipmentSales/Base_Equipement_CreateHeader

2017-11-22 00:44:05 - [TEST_STEP][PASSED] - callTestCase: Call Test Case 'Test Cases/Common/Base_Common_OpenSession' successfully

2017-11-22 00:44:05 - [TEST_CASE][PASSED] - Test Cases/Common/Base_Common_OpenSession: Test Cases/Common/Base_Common_OpenSession

2017-11-22 00:44:05 - [TEST_STEP][PASSED] - openBrowser: Browser is opened with url: 'https://rgajbhiye:Robin$123@proxima-ln4.e-emphasys.com:8441/webui/servlet/login'

2017-11-22 00:44:05 - [MESSAGE][WARNING] - A browser is already opened. Closing browser and opening a new one

2017-11-22 00:44:12 - [MESSAGE][PASSED] - Browser is opened with url: 'https://rgajbhiye:Robin$123@proxima-ln4.e-emphasys.com:8441/webui/servlet/login'

2017-11-22 00:44:12 - [TEST_STEP][PASSED] - waitForPageLoad: Wait for page load successfully

2017-11-22 00:44:12 - [MESSAGE][PASSED] - Wait for page load successfully

2017-11-22 00:44:12 - [TEST_STEP][PASSED] - maximizeWindow: Current window maximized

2017-11-22 00:44:12 - [MESSAGE][PASSED] - Current window maximized

2017-11-22 00:44:12 - [TEST_STEP][PASSED] - click: Object: 'Object Repository/Common/HomePage/HomePage_more' is clicked on

2017-11-22 00:44:16 - [MESSAGE][PASSED] - Object: 'Object Repository/Common/HomePage/HomePage_more' is clicked on

2017-11-22 00:44:16 - [TEST_STEP][PASSED] - click: Object: 'Object Repository/Common/HomePage/HomePage_Option' is clicked on

2017-11-22 00:44:16 - [MESSAGE][PASSED] - Object: 'Object Repository/Common/HomePage/HomePage_Option' is clicked on

2017-11-22 00:44:16 - [TEST_STEP][PASSED] - click: Object: 'Object Repository/Common/HomePage/HomePage_RunProgram_' is clicked on

2017-11-22 00:44:16 - [MESSAGE][PASSED] - Object: 'Object Repository/Common/HomePage/HomePage_RunProgram_' is clicked on

2017-11-22 00:44:16 - [TEST_STEP][PASSED] - sendKeys: Keys 'tdext8570m000' sent to object: 'Object Repository/Common/HomePage/HomePage_Session_ID'

2017-11-22 00:44:17 - [MESSAGE][PASSED] - Keys 'tdext8570m000' sent to object: 'Object Repository/Common/HomePage/HomePage_Session_ID'

2017-11-22 00:44:17 - [TEST_STEP][PASSED] - click: Object: 'Object Repository/Common/HomePage/HomePage_OkButton' is clicked on

2017-11-22 00:44:17 - [MESSAGE][PASSED] - Object: 'Object Repository/Common/HomePage/HomePage_OkButton' is clicked on

2017-11-22 00:44:17 - [MESSAGE][PASSED] - Call Test Case 'Test Cases/Common/Base_Common_OpenSession' successfully

2017-11-22 00:44:17 - [TEST_STEP][PASSED] - waitForElementPresent: Object 'Object Repository/Equipment/EquipmentSales/EquipmentSalesAgreementHeader/EquipmentSalesOrder_MMT_New' is present

2017-11-22 00:44:22 - [MESSAGE][PASSED] - Object 'Object Repository/Equipment/EquipmentSales/EquipmentSalesAgreementHeader/EquipmentSalesOrder_MMT_New' is present

2017-11-22 00:44:22 - [TEST_STEP][PASSED] - click: Object: 'Object Repository/Equipment/EquipmentSales/EquipmentSalesAgreementHeader/EquipmentSalesOrder_MMT_New' is clicked on

2017-11-22 00:44:26 - [MESSAGE][PASSED] - Object: 'Object Repository/Equipment/EquipmentSales/EquipmentSalesAgreementHeader/EquipmentSalesOrder_MMT_New' is clicked on

2017-11-22 00:44:26 - [TEST_STEP][PASSED] - setText: Text 'M00000010' is set on object 'Object Repository/Equipment/EquipmentSales/EquipmentSalesAgreementHeader/EquipmentSalesOrder_Customer'

2017-11-22 00:44:28 - [MESSAGE][PASSED] - Text 'M00000010' is set on object 'Object Repository/Equipment/EquipmentSales/EquipmentSalesAgreementHeader/EquipmentSalesOrder_Customer'

2017-11-22 00:44:28 - [TEST_STEP][PASSED] - doubleClick: Object: 'Object Repository/Equipment/EquipmentSales/EquipmentSalesAgreementHeader/EquipmentSalesOrder_DeliveryDate' is double clicked on

2017-11-22 00:44:28 - [MESSAGE][PASSED] - Object: 'Object Repository/Equipment/EquipmentSales/EquipmentSalesAgreementHeader/EquipmentSalesOrder_DeliveryDate' is double clicked on

2017-11-22 00:44:28 - [TEST_STEP][PASSED] - setText: Text '+10' is set on object 'Object Repository/Equipment/EquipmentSales/EquipmentSalesAgreementHeader/EquipmentSalesOrder_DeliveryDate'

2017-11-22 00:44:29 - [MESSAGE][PASSED] - Text '+10' is set on object 'Object Repository/Equipment/EquipmentSales/EquipmentSalesAgreementHeader/EquipmentSalesOrder_DeliveryDate'

2017-11-22 00:44:29 - [TEST_STEP][PASSED] - click: Object: 'Object Repository/Equipment/EquipmentSales/EquipmentSalesAgreementHeader/ESO_Header_Tax' is clicked on

2017-11-22 00:44:29 - [MESSAGE][PASSED] - Object: 'Object Repository/Equipment/EquipmentSales/EquipmentSalesAgreementHeader/ESO_Header_Tax' is clicked on

2017-11-22 00:44:29 - [TEST_STEP][PASSED] - click: Object: 'Object Repository/Equipment/EquipmentSales/EquipmentSalesAgreementHeader/EquipmentSalesOrder_OtherDetailsTab' is clicked on

2017-11-22 00:44:30 - [MESSAGE][PASSED] - Object: 'Object Repository/Equipment/EquipmentSales/EquipmentSalesAgreementHeader/EquipmentSalesOrder_OtherDetailsTab' is clicked on

2017-11-22 00:44:30 - [TEST_STEP][PASSED] - delay: Delayed 3 second(s)

2017-11-22 00:44:33 - [MESSAGE][PASSED] - Delayed 3 second(s)

2017-11-22 00:44:33 - [TEST_STEP][PASSED] - click: Object: 'Object Repository/Equipment/EquipmentSales/EquipmentSalesAgreementHeader/EquipmentSalesOrder_PaymentMethod' is clicked on

2017-11-22 00:44:36 - [MESSAGE][PASSED] - Object: 'Object Repository/Equipment/EquipmentSales/EquipmentSalesAgreementHeader/EquipmentSalesOrder_PaymentMethod' is clicked on

2017-11-22 00:44:36 - [TEST_STEP][PASSED] - click: Object: 'Object Repository/Equipment/EquipmentSales/EquipmentSalesAgreementHeader/EquimentSalesOrder_CreditCardOption' is clicked on

2017-11-22 00:44:39 - [MESSAGE][PASSED] - Object: 'Object Repository/Equipment/EquipmentSales/EquipmentSalesAgreementHeader/EquimentSalesOrder_CreditCardOption' is clicked on

2017-11-22 00:44:39 - [TEST_STEP][PASSED] - click: Object: 'Object Repository/Equipment/EquipmentSales/EquipmentSalesAgreementHeader/EquipmentSaleOrder_Save' is clicked on

2017-11-22 00:44:43 - [MESSAGE][PASSED] - Object: 'Object Repository/Equipment/EquipmentSales/EquipmentSalesAgreementHeader/EquipmentSaleOrder_Save' is clicked on

2017-11-22 00:44:43 - [TEST_STEP][PASSED] - click: Object: 'Object Repository/Equipment/EquipmentSales/EquipmentSalesAgreementHeader/EquipmentSalesOrder_DetailsTab' is clicked on

2017-11-22 00:44:43 - [MESSAGE][PASSED] - Object: 'Object Repository/Equipment/EquipmentSales/EquipmentSalesAgreementHeader/EquipmentSalesOrder_DetailsTab' is clicked on

2017-11-22 00:44:43 - [TEST_STEP][PASSED] - delay: Delayed 5 second(s)

2017-11-22 00:44:48 - [MESSAGE][PASSED] - Delayed 5 second(s)

2017-11-22 00:44:48 - [TEST_STEP][PASSED] - Statement - G_Part_PSO = com.kms.katalon.core.webui.keyword.WebUiBuiltInKeywords.getAttribute(com.kms.katalon.core.testobject.ObjectRepository.findTestObject(Equipment/EquipmentSales/EquipmentSalesAgreementHeader/EquipmentSaleOrder_OrderNo), "value"): Attribute 'value' of object 'Object Repository/Equipment/EquipmentSales/EquipmentSalesAgreementHeader/EquipmentSaleOrder_OrderNo' is: 'ESA016766'

2017-11-22 00:44:48 - [MESSAGE][PASSED] - Attribute 'value' of object 'Object Repository/Equipment/EquipmentSales/EquipmentSalesAgreementHeader/EquipmentSaleOrder_OrderNo' is: 'ESA016766'

2017-11-22 00:44:48 - [MESSAGE][PASSED] - Call Test Case 'Test Cases/Equipment/Base_EquipmentSales/Base_Equipement_CreateHeader' successfully

2017-11-22 00:44:48 - [TEST_STEP][PASSED] - callTestCase: Call Test Case 'Test Cases/Equipment/Base_EquipmentSales/Base_EquipmentSalesAddLine' successfully

2017-11-22 00:44:48 - [TEST_CASE][PASSED] - Test Cases/Equipment/Base_EquipmentSales/Base_EquipmentSalesAddLine: Test Cases/Equipment/Base_EquipmentSales/Base_EquipmentSalesAddLine

2017-11-22 00:44:48 - [TEST_STEP][PASSED] - click: Object: 'Object Repository/Equipment/EquipmentSales/EquipmentSalesAgreementHeader/EquipSalesOrder_Action' is clicked on

2017-11-22 00:44:48 - [MESSAGE][PASSED] - Object: 'Object Repository/Equipment/EquipmentSales/EquipmentSalesAgreementHeader/EquipSalesOrder_Action' is clicked on

2017-11-22 00:44:48 - [TEST_STEP][PASSED] - click: Object: 'Object Repository/Equipment/EquipmentSales/EquipmentSalesAgreementHeader/EquipSalesOrder_SalesOrderLine' is clicked on

2017-11-22 00:44:48 - [MESSAGE][PASSED] - Object: 'Object Repository/Equipment/EquipmentSales/EquipmentSalesAgreementHeader/EquipSalesOrder_SalesOrderLine' is clicked on

2017-11-22 00:44:48 - [TEST_STEP][PASSED] - waitForElementPresent: Object 'Object Repository/Equipment/EquipmentSales/EquipSalesOrderLines/EquipSaleOrderLine_New' is present

2017-11-22 00:44:50 - [MESSAGE][PASSED] - Object 'Object Repository/Equipment/EquipmentSales/EquipSalesOrderLines/EquipSaleOrderLine_New' is present

2017-11-22 00:44:50 - [TEST_STEP][PASSED] - click: Object: 'Object Repository/Equipment/EquipmentSales/EquipSalesOrderLines/EquipSaleOrderLine_New' is clicked on

2017-11-22 00:44:50 - [MESSAGE][PASSED] - Object: 'Object Repository/Equipment/EquipmentSales/EquipSalesOrderLines/EquipSaleOrderLine_New' is clicked on

2017-11-22 00:44:50 - [TEST_STEP][PASSED] - waitForElementPresent: Object 'Object Repository/Equipment/EquipmentSales/EquipSalesOrderLines/EquipSalesOrder_Model' is present

2017-11-22 00:44:51 - [MESSAGE][PASSED] - Object 'Object Repository/Equipment/EquipmentSales/EquipSalesOrderLines/EquipSalesOrder_Model' is present

2017-11-22 00:44:51 - [TEST_STEP][PASSED] - click: Object: 'Object Repository/Equipment/EquipmentSales/EquipSalesOrderLines/EquipSalesOrder_Model' is clicked on

2017-11-22 00:44:51 - [MESSAGE][PASSED] - Object: 'Object Repository/Equipment/EquipmentSales/EquipSalesOrderLines/EquipSalesOrder_Model' is clicked on

2017-11-22 00:44:51 - [TEST_STEP][PASSED] - setText: Text '1032' is set on object 'Object Repository/Equipment/EquipmentSales/EquipSalesOrderLines/EquipSalesOrder_Model'

2017-11-22 00:44:51 - [MESSAGE][PASSED] - Text '1032' is set on object 'Object Repository/Equipment/EquipmentSales/EquipSalesOrderLines/EquipSalesOrder_Model'

2017-11-22 00:44:51 - [TEST_STEP][PASSED] - doubleClick: Object: 'Object Repository/Equipment/EquipmentSales/EquipSalesOrderLines/ESO_Line_Unit' is double clicked on

2017-11-22 00:44:52 - [MESSAGE][PASSED] - Object: 'Object Repository/Equipment/EquipmentSales/EquipSalesOrderLines/ESO_Line_Unit' is double clicked on

2017-11-22 00:44:52 - [TEST_STEP][PASSED] - delay: Delayed 2 second(s)

2017-11-22 00:44:54 - [MESSAGE][PASSED] - Delayed 2 second(s)

2017-11-22 00:44:54 - [TEST_STEP][PASSED] - setText: Text 'MD0018354' is set on object 'Object Repository/Equipment/EquipmentSales/EquipSalesOrderLines/ESO_Line_Unit'

2017-11-22 00:44:54 - [MESSAGE][PASSED] - Text 'MD0018354' is set on object 'Object Repository/Equipment/EquipmentSales/EquipSalesOrderLines/ESO_Line_Unit'

2017-11-22 00:44:54 - [TEST_STEP][PASSED] - doubleClick: Object: 'Object Repository/Equipment/EquipmentSales/EquipSalesOrderLines/EquipSalesOrder_Price' is double clicked on

2017-11-22 00:44:54 - [MESSAGE][PASSED] - Object: 'Object Repository/Equipment/EquipmentSales/EquipSalesOrderLines/EquipSalesOrder_Price' is double clicked on

2017-11-22 00:44:54 - [TEST_STEP][PASSED] - delay: Delayed 2 second(s)

2017-11-22 00:44:56 - [MESSAGE][PASSED] - Delayed 2 second(s)

2017-11-22 00:44:56 - [TEST_STEP][PASSED] - setText: Text '10' is set on object 'Object Repository/Equipment/EquipmentSales/EquipSalesOrderLines/EquipSalesOrder_Price'

2017-11-22 00:44:56 - [MESSAGE][PASSED] - Text '10' is set on object 'Object Repository/Equipment/EquipmentSales/EquipSalesOrderLines/EquipSalesOrder_Price'

2017-11-22 00:44:56 - [TEST_STEP][PASSED] - click: Object: 'Object Repository/Equipment/EquipmentSales/EquipSalesOrderLines/EquipSaleOrder_Save' is clicked on

2017-11-22 00:44:56 - [MESSAGE][PASSED] - Object: 'Object Repository/Equipment/EquipmentSales/EquipSalesOrderLines/EquipSaleOrder_Save' is clicked on

2017-11-22 00:44:56 - [TEST_STEP][PASSED] - waitForElementPresent: Object 'Object Repository/Equipment/EquipmentSales/EquipSalesOrderLines/EquipSalesOrder_taxok' is present

2017-11-22 00:44:57 - [MESSAGE][PASSED] - Object 'Object Repository/Equipment/EquipmentSales/EquipSalesOrderLines/EquipSalesOrder_taxok' is present

2017-11-22 00:44:57 - [TEST_STEP][PASSED] - click: Object: 'Object Repository/Equipment/EquipmentSales/EquipSalesOrderLines/EquipSalesOrder_taxok' is clicked on

2017-11-22 00:44:57 - [MESSAGE][PASSED] - Object: 'Object Repository/Equipment/EquipmentSales/EquipSalesOrderLines/EquipSalesOrder_taxok' is clicked on

2017-11-22 00:44:57 - [TEST_STEP][NOT_RUN] - click: NOT_RUN: click

2017-11-22 00:44:57 - [MESSAGE][NOT_RUN] - NOT_RUN: click

2017-11-22 00:44:57 - [TEST_STEP][PASSED] - delay: Delayed 2 second(s)

2017-11-22 00:44:59 - [MESSAGE][PASSED] - Delayed 2 second(s)

2017-11-22 00:44:59 - [TEST_STEP][PASSED] - click: Object: 'Object Repository/Equipment/EquipmentSales/EquipSalesOrderLines/EquipSaleOrder_SavenClose' is clicked on

2017-11-22 00:44:59 - [MESSAGE][PASSED] - Object: 'Object Repository/Equipment/EquipmentSales/EquipSalesOrderLines/EquipSaleOrder_SavenClose' is clicked on

2017-11-22 00:44:59 - [TEST_STEP][PASSED] - delay: Delayed 2 second(s)

2017-11-22 00:45:01 - [MESSAGE][PASSED] - Delayed 2 second(s)

2017-11-22 00:45:01 - [TEST_STEP][PASSED] - click: Object: 'Object Repository/Equipment/EquipmentSales/EquipmentSalesAgreementHeader/EquipSalesOrder_MMTsavenClose' is clicked on

2017-11-22 00:45:01 - [MESSAGE][PASSED] - Object: 'Object Repository/Equipment/EquipmentSales/EquipmentSalesAgreementHeader/EquipSalesOrder_MMTsavenClose' is clicked on

2017-11-22 00:45:01 - [MESSAGE][PASSED] - Call Test Case 'Test Cases/Equipment/Base_EquipmentSales/Base_EquipmentSalesAddLine' successfully

2017-11-22 00:45:01 - [TEST_STEP][PASSED] - callTestCase: Call Test Case 'Test Cases/Equipment/Base_EquipmentSales/Base_EquipSaleOrderProcessing' successfully

2017-11-22 00:45:01 - [TEST_CASE][PASSED] - Test Cases/Equipment/Base_EquipmentSales/Base_EquipSaleOrderProcessing: Test Cases/Equipment/Base_EquipmentSales/Base_EquipSaleOrderProcessing

2017-11-22 00:45:02 - [TEST_STEP][PASSED] - click: Object: 'Object Repository/Equipment/EquipmentSales/EquipmentSalesAgreementHeader/EquipSalesOrder_Action' is clicked on

2017-11-22 00:45:02 - [MESSAGE][PASSED] - Object: 'Object Repository/Equipment/EquipmentSales/EquipmentSalesAgreementHeader/EquipSalesOrder_Action' is clicked on

2017-11-22 00:45:02 - [TEST_STEP][PASSED] - delay: Delayed 2 second(s)

2017-11-22 00:45:04 - [MESSAGE][PASSED] - Delayed 2 second(s)

2017-11-22 00:45:04 - [TEST_STEP][PASSED] - click: Object: 'Object Repository/Equipment/EquipmentSales/EquipSalesOrder_Process/EquipSalesOrder_SendForApproval' is clicked on

2017-11-22 00:45:04 - [MESSAGE][PASSED] - Object: 'Object Repository/Equipment/EquipmentSales/EquipSalesOrder_Process/EquipSalesOrder_SendForApproval' is clicked on

2017-11-22 00:45:04 - [TEST_STEP][PASSED] - delay: Delayed 2 second(s)

2017-11-22 00:45:06 - [MESSAGE][PASSED] - Delayed 2 second(s)

2017-11-22 00:45:06 - [TEST_STEP][PASSED] - verifyElementText: Actual text and expected text of test object 'Object Repository/Equipment/EquipmentSales/EquipSalesOrder_Process/EquipSalesOrder_Status' are matched.

2017-11-22 00:45:06 - [MESSAGE][PASSED] - Actual text and expected text of test object 'Object Repository/Equipment/EquipmentSales/EquipSalesOrder_Process/EquipSalesOrder_Status' are matched.

2017-11-22 00:45:06 - [TEST_STEP][PASSED] - click: Object: 'Object Repository/Equipment/EquipmentSales/EquipmentSalesAgreementHeader/EquipSalesOrder_Action' is clicked on

2017-11-22 00:45:06 - [MESSAGE][PASSED] - Object: 'Object Repository/Equipment/EquipmentSales/EquipmentSalesAgreementHeader/EquipSalesOrder_Action' is clicked on

2017-11-22 00:45:06 - [TEST_STEP][PASSED] - delay: Delayed 2 second(s)

2017-11-22 00:45:08 - [MESSAGE][PASSED] - Delayed 2 second(s)

2017-11-22 00:45:08 - [TEST_STEP][PASSED] - click: Object: 'Object Repository/Equipment/EquipmentSales/EquipSalesOrder_Process/EquipSalesOrder_Action_Approve' is clicked on

2017-11-22 00:45:09 - [MESSAGE][PASSED] - Object: 'Object Repository/Equipment/EquipmentSales/EquipSalesOrder_Process/EquipSalesOrder_Action_Approve' is clicked on

2017-11-22 00:45:09 - [TEST_STEP][PASSED] - delay: Delayed 2 second(s)

2017-11-22 00:45:11 - [MESSAGE][PASSED] - Delayed 2 second(s)

2017-11-22 00:45:11 - [TEST_STEP][PASSED] - click: Object: 'Object Repository/Equipment/EquipmentSales/EquipmentSalesAgreementHeader/EquipSalesOrder_Action' is clicked on

2017-11-22 00:45:11 - [MESSAGE][PASSED] - Object: 'Object Repository/Equipment/EquipmentSales/EquipmentSalesAgreementHeader/EquipSalesOrder_Action' is clicked on

2017-11-22 00:45:11 - [TEST_STEP][PASSED] - delay: Delayed 2 second(s)

2017-11-22 00:45:13 - [MESSAGE][PASSED] - Delayed 2 second(s)

2017-11-22 00:45:13 - [TEST_STEP][PASSED] - verifyElementText: Actual text and expected text of test object 'Object Repository/Equipment/EquipmentSales/EquipSalesOrder_Process/EquipSalesOrder_Status' are matched.

2017-11-22 00:45:13 - [MESSAGE][PASSED] - Actual text and expected text of test object 'Object Repository/Equipment/EquipmentSales/EquipSalesOrder_Process/EquipSalesOrder_Status' are matched.

2017-11-22 00:45:13 - [TEST_STEP][PASSED] - delay: Delayed 2 second(s)

2017-11-22 00:45:15 - [MESSAGE][PASSED] - Delayed 2 second(s)

2017-11-22 00:45:15 - [TEST_STEP][PASSED] - click: Object: 'Object Repository/Equipment/EquipmentSales/EquipmentSalesAgreementHeader/ESO_Header_Print' is clicked on

2017-11-22 00:45:15 - [MESSAGE][PASSED] - Object: 'Object Repository/Equipment/EquipmentSales/EquipmentSalesAgreementHeader/ESO_Header_Print' is clicked on

2017-11-22 00:45:15 - [TEST_STEP][PASSED] - click: Object: 'Object Repository/Equipment/EquipmentSales/EquipmentSalesAgreementHeader/ESO_Header_Print_FinalPrint' is clicked on

2017-11-22 00:45:16 - [MESSAGE][PASSED] - Object: 'Object Repository/Equipment/EquipmentSales/EquipmentSalesAgreementHeader/ESO_Header_Print_FinalPrint' is clicked on

2017-11-22 00:45:16 - [TEST_STEP][PASSED] - click: Object: 'Object Repository/Equipment/EquipmentSales/EquipmentSalesAgreementHeader/ESO_Header_Print_Print' is clicked on

2017-11-22 00:45:16 - [MESSAGE][PASSED] - Object: 'Object Repository/Equipment/EquipmentSales/EquipmentSalesAgreementHeader/ESO_Header_Print_Print' is clicked on

2017-11-22 00:45:16 - [TEST_STEP][PASSED] - click: Object: 'Object Repository/Equipment/EquipmentSales/EquipmentSalesAgreementHeader/ESO_Header_Print_ESOOK' is clicked on

2017-11-22 00:45:17 - [MESSAGE][PASSED] - Object: 'Object Repository/Equipment/EquipmentSales/EquipmentSalesAgreementHeader/ESO_Header_Print_ESOOK' is clicked on

2017-11-22 00:45:17 - [TEST_STEP][PASSED] - delay: Delayed 2 second(s)

2017-11-22 00:45:19 - [MESSAGE][PASSED] - Delayed 2 second(s)

2017-11-22 00:45:19 - [TEST_STEP][PASSED] - click: Object: 'Object Repository/Equipment/EquipmentSales/EquipmentSalesAgreementHeader/ESO_Print_Device' is clicked on

2017-11-22 00:45:19 - [MESSAGE][PASSED] - Object: 'Object Repository/Equipment/EquipmentSales/EquipmentSalesAgreementHeader/ESO_Print_Device' is clicked on

2017-11-22 00:45:19 - [TEST_STEP][PASSED] - delay: Delayed 2 second(s)

2017-11-22 00:45:21 - [MESSAGE][PASSED] - Delayed 2 second(s)

2017-11-22 00:45:21 - [TEST_STEP][PASSED] - setText: Text 'D' is set on object 'Object Repository/Equipment/EquipmentSales/EquipmentSalesAgreementHeader/ESO_Print_Device'

2017-11-22 00:45:22 - [MESSAGE][PASSED] - Text 'D' is set on object 'Object Repository/Equipment/EquipmentSales/EquipmentSalesAgreementHeader/ESO_Print_Device'

2017-11-22 00:45:22 - [TEST_STEP][PASSED] - click: Object: 'Object Repository/Equipment/EquipmentSales/EquipmentSalesAgreementHeader/ESO_Header_Print_Continue' is clicked on

2017-11-22 00:45:22 - [MESSAGE][PASSED] - Object: 'Object Repository/Equipment/EquipmentSales/EquipmentSalesAgreementHeader/ESO_Header_Print_Continue' is clicked on

2017-11-22 00:45:22 - [TEST_STEP][PASSED] - delay: Delayed 3 second(s)

2017-11-22 00:45:25 - [MESSAGE][PASSED] - Delayed 3 second(s)

2017-11-22 00:45:25 - [TEST_STEP][PASSED] - click: Object: 'Object Repository/Equipment/EquipmentSales/EquipmentSalesAgreementHeader/ESO_Tab' is clicked on

2017-11-22 00:45:25 - [MESSAGE][PASSED] - Object: 'Object Repository/Equipment/EquipmentSales/EquipmentSalesAgreementHeader/ESO_Tab' is clicked on

2017-11-22 00:45:25 - [TEST_STEP][PASSED] - click: Object: 'Object Repository/Equipment/EquipmentSales/EquipmentSalesAgreementHeader/ESO_Print_Close' is clicked on

2017-11-22 00:45:25 - [MESSAGE][PASSED] - Object: 'Object Repository/Equipment/EquipmentSales/EquipmentSalesAgreementHeader/ESO_Print_Close' is clicked on

2017-11-22 00:45:25 - [TEST_STEP][PASSED] - delay: Delayed 3 second(s)

2017-11-22 00:45:28 - [MESSAGE][PASSED] - Delayed 3 second(s)

2017-11-22 00:45:28 - [TEST_STEP][PASSED] - click: Object: 'Object Repository/Equipment/EquipmentSales/EquipmentSalesAgreementHeader/EquipSalesOrder_Action' is clicked on

2017-11-22 00:45:28 - [MESSAGE][PASSED] - Object: 'Object Repository/Equipment/EquipmentSales/EquipmentSalesAgreementHeader/EquipSalesOrder_Action' is clicked on

2017-11-22 00:45:28 - [TEST_STEP][PASSED] - click: Object: 'Object Repository/Equipment/EquipmentSales/EquipmentSalesAgreementHeader/ESO_Header_Action_EquipmentDelivery' is clicked on

2017-11-22 00:45:28 - [MESSAGE][PASSED] - Object: 'Object Repository/Equipment/EquipmentSales/EquipmentSalesAgreementHeader/ESO_Header_Action_EquipmentDelivery' is clicked on

2017-11-22 00:45:28 - [TEST_STEP][PASSED] - waitForElementPresent: Object 'Object Repository/Equipment/EquipmentSales/EquipmentDelivery/ESO_Delivery_Agreement' is present

2017-11-22 00:45:30 - [MESSAGE][PASSED] - Object 'Object Repository/Equipment/EquipmentSales/EquipmentDelivery/ESO_Delivery_Agreement' is present

2017-11-22 00:45:30 - [TEST_STEP][PASSED] - click: Object: 'Object Repository/Equipment/EquipmentSales/EquipmentDelivery/ESO_Delivery_Agreement' is clicked on

2017-11-22 00:45:30 - [MESSAGE][PASSED] - Object: 'Object Repository/Equipment/EquipmentSales/EquipmentDelivery/ESO_Delivery_Agreement' is clicked on

2017-11-22 00:45:30 - [TEST_STEP][PASSED] - click: Object: 'Object Repository/Equipment/EquipmentSales/EquipmentDelivery/ESO_Delivery_Save' is clicked on

2017-11-22 00:45:30 - [MESSAGE][PASSED] - Object: 'Object Repository/Equipment/EquipmentSales/EquipmentDelivery/ESO_Delivery_Save' is clicked on

2017-11-22 00:45:30 - [TEST_STEP][PASSED] - delay: Delayed 3 second(s)

2017-11-22 00:45:33 - [MESSAGE][PASSED] - Delayed 3 second(s)

2017-11-22 00:45:33 - [TEST_STEP][PASSED] - click: Object: 'Object Repository/Equipment/EquipmentSales/EquipmentDelivery/ESO_Delivery_Action' is clicked on

2017-11-22 00:45:33 - [MESSAGE][PASSED] - Object: 'Object Repository/Equipment/EquipmentSales/EquipmentDelivery/ESO_Delivery_Action' is clicked on

2017-11-22 00:45:33 - [TEST_STEP][PASSED] - click: Object: 'Object Repository/Equipment/EquipmentSales/EquipmentDelivery/ESO_Delivery_Action_Line' is clicked on

2017-11-22 00:45:33 - [MESSAGE][PASSED] - Object: 'Object Repository/Equipment/EquipmentSales/EquipmentDelivery/ESO_Delivery_Action_Line' is clicked on

2017-11-22 00:45:33 - [TEST_STEP][PASSED] - waitForElementPresent: Object 'Object Repository/Equipment/EquipmentSales/EquipmentDelivery/ESO_DeliveryLine_New' is present

2017-11-22 00:45:35 - [MESSAGE][PASSED] - Object 'Object Repository/Equipment/EquipmentSales/EquipmentDelivery/ESO_DeliveryLine_New' is present

2017-11-22 00:45:35 - [TEST_STEP][PASSED] - click: Object: 'Object Repository/Equipment/EquipmentSales/EquipmentDelivery/ESO_DeliveryLine_New' is clicked on

2017-11-22 00:45:35 - [MESSAGE][PASSED] - Object: 'Object Repository/Equipment/EquipmentSales/EquipmentDelivery/ESO_DeliveryLine_New' is clicked on

2017-11-22 00:45:35 - [TEST_STEP][PASSED] - delay: Delayed 2 second(s)

2017-11-22 00:45:37 - [MESSAGE][PASSED] - Delayed 2 second(s)

2017-11-22 00:45:37 - [TEST_STEP][PASSED] - click: Object: 'Object Repository/Equipment/EquipmentSales/EquipmentDelivery/ESO_DeliveryLine_SelectLine' is clicked on

2017-11-22 00:45:37 - [MESSAGE][PASSED] - Object: 'Object Repository/Equipment/EquipmentSales/EquipmentDelivery/ESO_DeliveryLine_SelectLine' is clicked on

2017-11-22 00:45:37 - [TEST_STEP][PASSED] - delay: Delayed 2 second(s)

2017-11-22 00:45:39 - [MESSAGE][PASSED] - Delayed 2 second(s)

2017-11-22 00:45:39 - [TEST_STEP][PASSED] - click: Object: 'Object Repository/Equipment/EquipmentSales/EquipmentDelivery/ESO_SelectDeliveryLine_SaveNclose' is clicked on

2017-11-22 00:45:39 - [MESSAGE][PASSED] - Object: 'Object Repository/Equipment/EquipmentSales/EquipmentDelivery/ESO_SelectDeliveryLine_SaveNclose' is clicked on

2017-11-22 00:45:39 - [TEST_STEP][PASSED] - delay: Delayed 2 second(s)

2017-11-22 00:45:41 - [MESSAGE][PASSED] - Delayed 2 second(s)

2017-11-22 00:45:41 - [TEST_STEP][PASSED] - click: Object: 'Object Repository/Equipment/EquipmentSales/EquipmentDelivery/ESO_DeliveryLine_Action' is clicked on

2017-11-22 00:45:42 - [MESSAGE][PASSED] - Object: 'Object Repository/Equipment/EquipmentSales/EquipmentDelivery/ESO_DeliveryLine_Action' is clicked on

2017-11-22 00:45:42 - [TEST_STEP][PASSED] - click: Object: 'Object Repository/Equipment/EquipmentSales/EquipmentDelivery/ESO_Delivery_ActionConfirm' is clicked on

2017-11-22 00:45:42 - [MESSAGE][PASSED] - Object: 'Object Repository/Equipment/EquipmentSales/EquipmentDelivery/ESO_Delivery_ActionConfirm' is clicked on

2017-11-22 00:45:42 - [TEST_STEP][PASSED] - delay: Delayed 3 second(s)

2017-11-22 00:45:45 - [MESSAGE][PASSED] - Delayed 3 second(s)

2017-11-22 00:45:45 - [TEST_STEP][PASSED] - click: Object: 'Object Repository/Equipment/EquipmentSales/EquipmentDelivery/ESO_Delivery_ConfirmYes' is clicked on

2017-11-22 00:45:45 - [MESSAGE][PASSED] - Object: 'Object Repository/Equipment/EquipmentSales/EquipmentDelivery/ESO_Delivery_ConfirmYes' is clicked on

2017-11-22 00:45:45 - [TEST_STEP][NOT_RUN] - click: NOT_RUN: click

2017-11-22 00:45:45 - [MESSAGE][NOT_RUN] - NOT_RUN: click

2017-11-22 00:45:45 - [TEST_STEP][PASSED] - setText: Text 'D' is set on object 'Object Repository/Equipment/EquipmentSales/EquipmentDelivery/ESO_Delivery_Device'

2017-11-22 00:45:46 - [MESSAGE][PASSED] - Text 'D' is set on object 'Object Repository/Equipment/EquipmentSales/EquipmentDelivery/ESO_Delivery_Device'

2017-11-22 00:45:46 - [TEST_STEP][PASSED] - click: Object: 'Object Repository/Equipment/EquipmentSales/EquipmentDelivery/ESO_Delivery_printContinue' is clicked on

2017-11-22 00:45:46 - [MESSAGE][PASSED] - Object: 'Object Repository/Equipment/EquipmentSales/EquipmentDelivery/ESO_Delivery_printContinue' is clicked on

2017-11-22 00:45:46 - [TEST_STEP][PASSED] - delay: Delayed 5 second(s)

2017-11-22 00:45:51 - [MESSAGE][PASSED] - Delayed 5 second(s)

2017-11-22 00:45:51 - [MESSAGE][PASSED] - Call Test Case 'Test Cases/Equipment/Base_EquipmentSales/Base_EquipSaleOrderProcessing' successfully

2017-11-22 00:45:51 - [TEST_STEP][PASSED] - callTestCase: Call Test Case 'Test Cases/Equipment/Base_EquipmentSales/Base_EquipSaleOrder_Invoice_cc' successfully

2017-11-22 00:45:51 - [TEST_CASE][PASSED] - Test Cases/Equipment/Base_EquipmentSales/Base_EquipSaleOrder_Invoice_cc: Test Cases/Equipment/Base_EquipmentSales/Base_EquipSaleOrder_Invoice_cc

2017-11-22 00:45:51 - [TEST_STEP][PASSED] - delay: Delayed 5 second(s)

2017-11-22 00:45:56 - [MESSAGE][PASSED] - Delayed 5 second(s)

2017-11-22 00:45:56 - [TEST_STEP][PASSED] - click: Object: 'Object Repository/Equipment/EquipmentSales/EquipmentDelivery/ESO_EquipDeliveryTab' is clicked on

2017-11-22 00:45:56 - [MESSAGE][PASSED] - Object: 'Object Repository/Equipment/EquipmentSales/EquipmentDelivery/ESO_EquipDeliveryTab' is clicked on

2017-11-22 00:45:56 - [TEST_STEP][PASSED] - delay: Delayed 3 second(s)

2017-11-22 00:45:59 - [MESSAGE][PASSED] - Delayed 3 second(s)

2017-11-22 00:45:59 - [TEST_STEP][PASSED] - click: Object: 'Object Repository/Equipment/EquipmentSales/EquipmentDelivery/ESO_Delivery_Action' is clicked on

2017-11-22 00:46:00 - [MESSAGE][PASSED] - Object: 'Object Repository/Equipment/EquipmentSales/EquipmentDelivery/ESO_Delivery_Action' is clicked on

2017-11-22 00:46:00 - [TEST_STEP][PASSED] - click: Object: 'Object Repository/Equipment/EquipmentSales/EquipmentDelivery/ESO_Delivery_Action_SaleInvoice' is clicked on

2017-11-22 00:46:00 - [MESSAGE][PASSED] - Object: 'Object Repository/Equipment/EquipmentSales/EquipmentDelivery/ESO_Delivery_Action_SaleInvoice' is clicked on

2017-11-22 00:46:00 - [TEST_STEP][PASSED] - delay: Delayed 3 second(s)

2017-11-22 00:46:03 - [MESSAGE][PASSED] - Delayed 3 second(s)

2017-11-22 00:46:03 - [TEST_STEP][PASSED] - click: Object: 'Object Repository/Equipment/EquipmentSales/EquipmentSalesInvoiceCC/ESO_CC_ContinueInvoice' is clicked on

2017-11-22 00:46:03 - [MESSAGE][PASSED] - Object: 'Object Repository/Equipment/EquipmentSales/EquipmentSalesInvoiceCC/ESO_CC_ContinueInvoice' is clicked on

2017-11-22 00:46:03 - [TEST_STEP][PASSED] - delay: Delayed 3 second(s)

2017-11-22 00:46:06 - [MESSAGE][PASSED] - Delayed 3 second(s)

2017-11-22 00:46:06 - [TEST_STEP][PASSED] - setText: Text 'GLOBAL' is set on object 'Object Repository/Equipment/EquipmentSales/EquipmentSalesInvoiceCC/CCInterface_PaymentGateway'

2017-11-22 00:46:06 - [MESSAGE][PASSED] - Text 'GLOBAL' is set on object 'Object Repository/Equipment/EquipmentSales/EquipmentSalesInvoiceCC/CCInterface_PaymentGateway'

2017-11-22 00:46:06 - [TEST_STEP][PASSED] - doubleClick: Object: 'Object Repository/Equipment/EquipmentSales/EquipmentSalesInvoiceCC/CCInterface_CardType' is double clicked on

2017-11-22 00:46:06 - [MESSAGE][PASSED] - Object: 'Object Repository/Equipment/EquipmentSales/EquipmentSalesInvoiceCC/CCInterface_CardType' is double clicked on

2017-11-22 00:46:06 - [TEST_STEP][PASSED] - setText: Text 'DEBIT MASTERCARD' is set on object 'Object Repository/Equipment/EquipmentSales/EquipmentSalesInvoiceCC/CCInterface_CardType'

2017-11-22 00:46:07 - [MESSAGE][PASSED] - Text 'DEBIT MASTERCARD' is set on object 'Object Repository/Equipment/EquipmentSales/EquipmentSalesInvoiceCC/CCInterface_CardType'

2017-11-22 00:46:07 - [TEST_STEP][PASSED] - delay: Delayed 3 second(s)

2017-11-22 00:46:10 - [MESSAGE][PASSED] - Delayed 3 second(s)

2017-11-22 00:46:10 - [TEST_STEP][PASSED] - doubleClick: Object: 'Object Repository/Equipment/EquipmentSales/EquipmentSalesInvoiceCC/CCInterface_CardNo' is double clicked on

2017-11-22 00:46:10 - [MESSAGE][PASSED] - Object: 'Object Repository/Equipment/EquipmentSales/EquipmentSalesInvoiceCC/CCInterface_CardNo' is double clicked on

2017-11-22 00:46:10 - [TEST_STEP][PASSED] - setText: Text '5100270000000007' is set on object 'Object Repository/Equipment/EquipmentSales/EquipmentSalesInvoiceCC/CCInterface_CardNo'

2017-11-22 00:46:10 - [MESSAGE][PASSED] - Text '5100270000000007' is set on object 'Object Repository/Equipment/EquipmentSales/EquipmentSalesInvoiceCC/CCInterface_CardNo'

2017-11-22 00:46:10 - [TEST_STEP][PASSED] - setText: Text '456' is set on object 'Object Repository/Equipment/EquipmentSales/EquipmentSalesInvoiceCC/CCInterface_CVV'

2017-11-22 00:46:10 - [MESSAGE][PASSED] - Text '456' is set on object 'Object Repository/Equipment/EquipmentSales/EquipmentSalesInvoiceCC/CCInterface_CVV'

2017-11-22 00:46:10 - [TEST_STEP][PASSED] - setText: Text '09' is set on object 'Object Repository/Equipment/EquipmentSales/EquipmentSalesInvoiceCC/CCInterface_MM'

2017-11-22 00:46:11 - [MESSAGE][PASSED] - Text '09' is set on object 'Object Repository/Equipment/EquipmentSales/EquipmentSalesInvoiceCC/CCInterface_MM'

2017-11-22 00:46:11 - [TEST_STEP][PASSED] - setText: Text '99' is set on object 'Object Repository/Equipment/EquipmentSales/EquipmentSalesInvoiceCC/CCInterface_YY'

2017-11-22 00:46:11 - [MESSAGE][PASSED] - Text '99' is set on object 'Object Repository/Equipment/EquipmentSales/EquipmentSalesInvoiceCC/CCInterface_YY'

2017-11-22 00:46:11 - [TEST_STEP][PASSED] - click: Object: 'Object Repository/Equipment/EquipmentSales/EquipmentSalesInvoiceCC/CCInterface_Process' is clicked on

2017-11-22 00:46:11 - [MESSAGE][PASSED] - Object: 'Object Repository/Equipment/EquipmentSales/EquipmentSalesInvoiceCC/CCInterface_Process' is clicked on

2017-11-22 00:46:11 - [TEST_STEP][PASSED] - delay: Delayed 5 second(s)

2017-11-22 00:46:16 - [MESSAGE][PASSED] - Delayed 5 second(s)

2017-11-22 00:46:16 - [TEST_STEP][PASSED] - waitForElementPresent: Object 'Object Repository/Equipment/EquipmentSales/EquipmentSalesInvoiceCC/EPO_Invoice_TextSelection' is present

2017-11-22 00:46:19 - [MESSAGE][PASSED] - Object 'Object Repository/Equipment/EquipmentSales/EquipmentSalesInvoiceCC/EPO_Invoice_TextSelection' is present

2017-11-22 00:46:19 - [TEST_STEP][PASSED] - click: Object: 'Object Repository/Equipment/EquipmentSales/EquipmentSalesInvoiceCC/EPO_Invoice_TextSelection' is clicked on

2017-11-22 00:46:19 - [MESSAGE][PASSED] - Object: 'Object Repository/Equipment/EquipmentSales/EquipmentSalesInvoiceCC/EPO_Invoice_TextSelection' is clicked on

2017-11-22 00:46:19 - [TEST_STEP][PASSED] - setText: Text 'D' is set on object 'Object Repository/Equipment/EquipmentSales/EquipmentSalesInvoiceCC/EPO_Invoice_Device'

2017-11-22 00:46:21 - [MESSAGE][PASSED] - Text 'D' is set on object 'Object Repository/Equipment/EquipmentSales/EquipmentSalesInvoiceCC/EPO_Invoice_Device'

2017-11-22 00:46:21 - [TEST_STEP][PASSED] - click: Object: 'Object Repository/Equipment/EquipmentSales/EquipmentSalesInvoiceCC/EPO_Invoice_Continue' is clicked on

2017-11-22 00:46:21 - [MESSAGE][PASSED] - Object: 'Object Repository/Equipment/EquipmentSales/EquipmentSalesInvoiceCC/EPO_Invoice_Continue' is clicked on

2017-11-22 00:46:21 - [TEST_STEP][PASSED] - delay: Delayed 10 second(s)

2017-11-22 00:46:31 - [MESSAGE][PASSED] - Delayed 10 second(s)

2017-11-22 00:46:31 - [MESSAGE][PASSED] - Call Test Case 'Test Cases/Equipment/Base_EquipmentSales/Base_EquipSaleOrder_Invoice_cc' successfully

2017-11-22 00:46:31 - [TEST_STEP][PASSED] - callTestCase: Call Test Case 'Test Cases/Parts/BaseTestCases/Base_Part_GetInvoiceDetails' successfully

2017-11-22 00:46:31 - [TEST_CASE][PASSED] - Test Cases/Parts/BaseTestCases/Base_Part_GetInvoiceDetails: Test Cases/Parts/BaseTestCases/Base_Part_GetInvoiceDetails

2017-11-22 00:46:31 - [TEST_STEP][PASSED] - callTestCase: Call Test Case 'Test Cases/Common/Base_Common_OpenSession' successfully

2017-11-22 00:46:31 - [TEST_CASE][PASSED] - Test Cases/Common/Base_Common_OpenSession: Test Cases/Common/Base_Common_OpenSession

2017-11-22 00:46:31 - [TEST_STEP][PASSED] - openBrowser: Browser is opened with url: 'https://rgajbhiye:Robin$123@proxima-ln4.e-emphasys.com:8441/webui/servlet/login'

2017-11-22 00:46:31 - [MESSAGE][WARNING] - A browser is already opened. Closing browser and opening a new one

2017-11-22 00:46:39 - [MESSAGE][PASSED] - Browser is opened with url: 'https://rgajbhiye:Robin$123@proxima-ln4.e-emphasys.com:8441/webui/servlet/login'

2017-11-22 00:46:39 - [TEST_STEP][PASSED] - waitForPageLoad: Wait for page load successfully

2017-11-22 00:46:39 - [MESSAGE][PASSED] - Wait for page load successfully

2017-11-22 00:46:39 - [TEST_STEP][PASSED] - maximizeWindow: Current window maximized

2017-11-22 00:46:39 - [MESSAGE][PASSED] - Current window maximized

2017-11-22 00:46:39 - [TEST_STEP][PASSED] - click: Object: 'Object Repository/Common/HomePage/HomePage_more' is clicked on

2017-11-22 00:46:43 - [MESSAGE][PASSED] - Object: 'Object Repository/Common/HomePage/HomePage_more' is clicked on

2017-11-22 00:46:43 - [TEST_STEP][PASSED] - click: Object: 'Object Repository/Common/HomePage/HomePage_Option' is clicked on

2017-11-22 00:46:43 - [MESSAGE][PASSED] - Object: 'Object Repository/Common/HomePage/HomePage_Option' is clicked on

2017-11-22 00:46:43 - [TEST_STEP][PASSED] - click: Object: 'Object Repository/Common/HomePage/HomePage_RunProgram_' is clicked on

2017-11-22 00:46:43 - [MESSAGE][PASSED] - Object: 'Object Repository/Common/HomePage/HomePage_RunProgram_' is clicked on

2017-11-22 00:46:43 - [TEST_STEP][PASSED] - sendKeys: Keys 'ttaad4500' sent to object: 'Object Repository/Common/HomePage/HomePage_Session_ID'

2017-11-22 00:46:44 - [MESSAGE][PASSED] - Keys 'ttaad4500' sent to object: 'Object Repository/Common/HomePage/HomePage_Session_ID'

2017-11-22 00:46:44 - [TEST_STEP][PASSED] - click: Object: 'Object Repository/Common/HomePage/HomePage_OkButton' is clicked on

2017-11-22 00:46:44 - [MESSAGE][PASSED] - Object: 'Object Repository/Common/HomePage/HomePage_OkButton' is clicked on

2017-11-22 00:46:44 - [MESSAGE][PASSED] - Call Test Case 'Test Cases/Common/Base_Common_OpenSession' successfully

2017-11-22 00:46:44 - [TEST_STEP][PASSED] - doubleClick: Object: 'Object Repository/Parts/cisli245/cisli245_package' is double clicked on

2017-11-22 00:46:44 - [MESSAGE][PASSED] - Object: 'Object Repository/Parts/cisli245/cisli245_package' is double clicked on

2017-11-22 00:46:44 - [TEST_STEP][PASSED] - setText: Text 'ci' is set on object 'Object Repository/Parts/cisli245/cisli245_package'

2017-11-22 00:46:44 - [MESSAGE][PASSED] - Text 'ci' is set on object 'Object Repository/Parts/cisli245/cisli245_package'

2017-11-22 00:46:44 - [TEST_STEP][PASSED] - doubleClick: Object: 'Object Repository/Parts/cisli245/cisli245_module' is double clicked on

2017-11-22 00:46:45 - [MESSAGE][PASSED] - Object: 'Object Repository/Parts/cisli245/cisli245_module' is double clicked on

2017-11-22 00:46:45 - [TEST_STEP][PASSED] - setText: Text 'sli' is set on object 'Object Repository/Parts/cisli245/cisli245_module'

2017-11-22 00:46:45 - [MESSAGE][PASSED] - Text 'sli' is set on object 'Object Repository/Parts/cisli245/cisli245_module'

2017-11-22 00:46:45 - [TEST_STEP][PASSED] - delay: Delayed 2 second(s)

2017-11-22 00:46:47 - [MESSAGE][PASSED] - Delayed 2 second(s)

2017-11-22 00:46:47 - [TEST_STEP][PASSED] - doubleClick: Object: 'Object Repository/Parts/cisli245/cisli245_table' is double clicked on

2017-11-22 00:46:47 - [MESSAGE][PASSED] - Object: 'Object Repository/Parts/cisli245/cisli245_table' is double clicked on

2017-11-22 00:46:47 - [TEST_STEP][PASSED] - setText: Text '245' is set on object 'Object Repository/Parts/cisli245/cisli245_table'

2017-11-22 00:46:47 - [MESSAGE][PASSED] - Text '245' is set on object 'Object Repository/Parts/cisli245/cisli245_table'

2017-11-22 00:46:47 - [TEST_STEP][PASSED] - click: Object: 'Object Repository/Parts/cisli245/cisli245_ok' is clicked on

2017-11-22 00:46:47 - [MESSAGE][PASSED] - Object: 'Object Repository/Parts/cisli245/cisli245_ok' is clicked on

2017-11-22 00:46:47 - [TEST_STEP][NOT_RUN] - doubleClick: NOT_RUN: doubleClick

2017-11-22 00:46:47 - [MESSAGE][NOT_RUN] - NOT_RUN: doubleClick

2017-11-22 00:46:47 - [TEST_STEP][PASSED] - click: Object: 'Object Repository/Parts/cisli245/cisli245_find' is clicked on

2017-11-22 00:46:49 - [MESSAGE][PASSED] - Object: 'Object Repository/Parts/cisli245/cisli245_find' is clicked on

2017-11-22 00:46:49 - [TEST_STEP][PASSED] - doubleClick: Object: 'Object Repository/Parts/cisli245/cisli245_SaleOrder' is double clicked on

2017-11-22 00:46:50 - [MESSAGE][PASSED] - Object: 'Object Repository/Parts/cisli245/cisli245_SaleOrder' is double clicked on

2017-11-22 00:46:50 - [TEST_STEP][PASSED] - setText: Text 'ESA016766' is set on object 'Object Repository/Parts/cisli245/cisli245_SaleOrder'

2017-11-22 00:46:50 - [MESSAGE][PASSED] - Text 'ESA016766' is set on object 'Object Repository/Parts/cisli245/cisli245_SaleOrder'

2017-11-22 00:46:50 - [TEST_STEP][PASSED] - click: Object: 'Object Repository/Parts/cisli245/cisli245_oksearch' is clicked on

2017-11-22 00:46:50 - [MESSAGE][PASSED] - Object: 'Object Repository/Parts/cisli245/cisli245_oksearch' is clicked on

2017-11-22 00:46:50 - [TEST_STEP][PASSED] - delay: Delayed 3 second(s)

2017-11-22 00:46:53 - [MESSAGE][PASSED] - Delayed 3 second(s)

2017-11-22 00:46:53 - [TEST_STEP][PASSED] - getAttribute: Attribute 'value' of object 'Object Repository/Parts/cisli245/cisli245_OrderNo' is: 'ESA016766'

2017-11-22 00:46:53 - [MESSAGE][PASSED] - Attribute 'value' of object 'Object Repository/Parts/cisli245/cisli245_OrderNo' is: 'ESA016766'

2017-11-22 00:46:53 - [TEST_STEP][PASSED] - Statement - G_InvoiceTnxType = com.kms.katalon.core.webui.keyword.WebUiBuiltInKeywords.getAttribute(com.kms.katalon.core.testobject.ObjectRepository.findTestObject(Parts/cisli245/cisli245_invoice1), "value"): Attribute 'value' of object 'Object Repository/Parts/cisli245/cisli245_invoice1' is: 'SIE'

2017-11-22 00:46:53 - [MESSAGE][PASSED] - Attribute 'value' of object 'Object Repository/Parts/cisli245/cisli245_invoice1' is: 'SIE'

2017-11-22 00:46:53 - [TEST_STEP][PASSED] - Statement - G_InvoiceTnxNo = com.kms.katalon.core.webui.keyword.WebUiBuiltInKeywords.getAttribute(com.kms.katalon.core.testobject.ObjectRepository.findTestObject(Parts/cisli245/cisli245_invoice2), "value"): Attribute 'value' of object 'Object Repository/Parts/cisli245/cisli245_invoice2' is: '10002805'

2017-11-22 00:46:53 - [MESSAGE][PASSED] - Attribute 'value' of object 'Object Repository/Parts/cisli245/cisli245_invoice2' is: '10002805'

2017-11-22 00:46:53 - [TEST_STEP][PASSED] - Statement - G_InvoiceAmt = com.kms.katalon.core.webui.keyword.WebUiBuiltInKeywords.getAttribute(com.kms.katalon.core.testobject.ObjectRepository.findTestObject(Parts/cisli245/cisli245_amount), "value"): Attribute 'value' of object 'Object Repository/Parts/cisli245/cisli245_amount' is: '10'

2017-11-22 00:46:53 - [MESSAGE][PASSED] - Attribute 'value' of object 'Object Repository/Parts/cisli245/cisli245_amount' is: '10'

2017-11-22 00:46:53 - [MESSAGE][PASSED] - Call Test Case 'Test Cases/Parts/BaseTestCases/Base_Part_GetInvoiceDetails' successfully

2017-11-22 00:46:53 - [TEST_STEP][PASSED] - callTestCase: Call Test Case 'Test Cases/Finance/BaseTestCases/Base_Finance_CheckOpenEntriesForCCInvoice1' successfully

2017-11-22 00:46:53 - [TEST_CASE][PASSED] - Test Cases/Finance/BaseTestCases/Base_Finance_CheckOpenEntriesForCCInvoice1: Test Cases/Finance/BaseTestCases/Base_Finance_CheckOpenEntriesForCCInvoice1

2017-11-22 00:46:53 - [TEST_STEP][PASSED] - callTestCase: Call Test Case 'Test Cases/Common/Base_Common_OpenSession' successfully

2017-11-22 00:46:53 - [TEST_CASE][PASSED] - Test Cases/Common/Base_Common_OpenSession: Test Cases/Common/Base_Common_OpenSession

2017-11-22 00:46:53 - [TEST_STEP][PASSED] - openBrowser: Browser is opened with url: 'https://rgajbhiye:Robin$123@proxima-ln4.e-emphasys.com:8441/webui/servlet/login'

2017-11-22 00:46:53 - [MESSAGE][WARNING] - A browser is already opened. Closing browser and opening a new one

2017-11-22 00:46:59 - [MESSAGE][PASSED] - Browser is opened with url: 'https://rgajbhiye:Robin$123@proxima-ln4.e-emphasys.com:8441/webui/servlet/login'

2017-11-22 00:46:59 - [TEST_STEP][PASSED] - waitForPageLoad: Wait for page load successfully

2017-11-22 00:46:59 - [MESSAGE][PASSED] - Wait for page load successfully

2017-11-22 00:46:59 - [TEST_STEP][PASSED] - maximizeWindow: Current window maximized

2017-11-22 00:46:59 - [MESSAGE][PASSED] - Current window maximized

2017-11-22 00:46:59 - [TEST_STEP][PASSED] - click: Object: 'Object Repository/Common/HomePage/HomePage_more' is clicked on

2017-11-22 00:47:03 - [MESSAGE][PASSED] - Object: 'Object Repository/Common/HomePage/HomePage_more' is clicked on

2017-11-22 00:47:03 - [TEST_STEP][PASSED] - click: Object: 'Object Repository/Common/HomePage/HomePage_Option' is clicked on

2017-11-22 00:47:03 - [MESSAGE][PASSED] - Object: 'Object Repository/Common/HomePage/HomePage_Option' is clicked on

2017-11-22 00:47:03 - [TEST_STEP][PASSED] - click: Object: 'Object Repository/Common/HomePage/HomePage_RunProgram_' is clicked on

2017-11-22 00:47:03 - [MESSAGE][PASSED] - Object: 'Object Repository/Common/HomePage/HomePage_RunProgram_' is clicked on

2017-11-22 00:47:03 - [TEST_STEP][PASSED] - sendKeys: Keys 'tfacr2520m000' sent to object: 'Object Repository/Common/HomePage/HomePage_Session_ID'

2017-11-22 00:47:03 - [MESSAGE][PASSED] - Keys 'tfacr2520m000' sent to object: 'Object Repository/Common/HomePage/HomePage_Session_ID'

2017-11-22 00:47:03 - [TEST_STEP][PASSED] - click: Object: 'Object Repository/Common/HomePage/HomePage_OkButton' is clicked on

2017-11-22 00:47:04 - [MESSAGE][PASSED] - Object: 'Object Repository/Common/HomePage/HomePage_OkButton' is clicked on

2017-11-22 00:47:04 - [MESSAGE][PASSED] - Call Test Case 'Test Cases/Common/Base_Common_OpenSession' successfully

2017-11-22 00:47:04 - [TEST_STEP][PASSED] - click: Object: 'Object Repository/Finance/BaseTestCases_OpenEntries_Service/OpenEntries_DocumentType' is clicked on

2017-11-22 00:47:07 - [MESSAGE][PASSED] - Object: 'Object Repository/Finance/BaseTestCases_OpenEntries_Service/OpenEntries_DocumentType' is clicked on

2017-11-22 00:47:07 - [TEST_STEP][PASSED] - click: Object: 'Object Repository/Finance/BaseTestCases_OpenEntries_Service/OpenEntries_DocumentNo' is clicked on

2017-11-22 00:47:08 - [MESSAGE][PASSED] - Object: 'Object Repository/Finance/BaseTestCases_OpenEntries_Service/OpenEntries_DocumentNo' is clicked on

2017-11-22 00:47:08 - [TEST_STEP][PASSED] - setText: Text 'SIE' is set on object 'Object Repository/Finance/BaseTestCases_OpenEntries_Service/OpenEntries_DocumentType'

2017-11-22 00:47:08 - [MESSAGE][PASSED] - Text 'SIE' is set on object 'Object Repository/Finance/BaseTestCases_OpenEntries_Service/OpenEntries_DocumentType'

2017-11-22 00:47:08 - [TEST_STEP][NOT_RUN] - sendKeys: NOT_RUN: sendKeys

2017-11-22 00:47:08 - [MESSAGE][NOT_RUN] - NOT_RUN: sendKeys

2017-11-22 00:47:08 - [TEST_STEP][NOT_RUN] - delay: NOT_RUN: delay

2017-11-22 00:47:08 - [MESSAGE][NOT_RUN] - NOT_RUN: delay

2017-11-22 00:47:08 - [TEST_STEP][PASSED] - setText: Text '10002805' is set on object 'Object Repository/Finance/BaseTestCases_OpenEntries_Service/OpenEntries_DocumentNo'

2017-11-22 00:47:08 - [MESSAGE][PASSED] - Text '10002805' is set on object 'Object Repository/Finance/BaseTestCases_OpenEntries_Service/OpenEntries_DocumentNo'

2017-11-22 00:47:08 - [TEST_STEP][NOT_RUN] - delay: NOT_RUN: delay

2017-11-22 00:47:08 - [MESSAGE][NOT_RUN] - NOT_RUN: delay

2017-11-22 00:47:08 - [TEST_STEP][NOT_RUN] - sendKeys: NOT_RUN: sendKeys

2017-11-22 00:47:08 - [MESSAGE][NOT_RUN] - NOT_RUN: sendKeys

2017-11-22 00:47:08 - [TEST_STEP][PASSED] - click: Object: 'Object Repository/Finance/BaseTestCases_OpenEntries_Service/OpenEntries_Action' is clicked on

2017-11-22 00:47:09 - [MESSAGE][PASSED] - Object: 'Object Repository/Finance/BaseTestCases_OpenEntries_Service/OpenEntries_Action' is clicked on

2017-11-22 00:47:09 - [TEST_STEP][PASSED] - click: Object: 'Object Repository/Finance/BaseTestCases_OpenEntries_Service/OpenEntries.FullyPaid' is clicked on

2017-11-22 00:47:09 - [MESSAGE][PASSED] - Object: 'Object Repository/Finance/BaseTestCases_OpenEntries_Service/OpenEntries.FullyPaid' is clicked on

2017-11-22 00:47:09 - [TEST_STEP][PASSED] - delay: Delayed 5 second(s)

2017-11-22 00:47:14 - [MESSAGE][PASSED] - Delayed 5 second(s)

2017-11-22 00:47:14 - [TEST_STEP][PASSED] - scrollToElement: Scroll to object 'Object Repository/Finance/BaseTestCases_OpenEntries_Service/OpenEntries.InvoiceAmt' successfully

2017-11-22 00:47:15 - [MESSAGE][PASSED] - Scroll to object 'Object Repository/Finance/BaseTestCases_OpenEntries_Service/OpenEntries.InvoiceAmt' successfully

2017-11-22 00:47:15 - [TEST_STEP][PASSED] - delay: Delayed 5 second(s)

2017-11-22 00:47:20 - [MESSAGE][PASSED] - Delayed 5 second(s)

2017-11-22 00:47:20 - [TEST_STEP][PASSED] - Statement - BalanceAmount = com.kms.katalon.core.webui.keyword.WebUiBuiltInKeywords.getText(com.kms.katalon.core.testobject.ObjectRepository.findTestObject(Finance/BaseTestCases_OpenEntries_Service/OpenEntries.BalanceAmt)): Text of object 'Object Repository/Finance/BaseTestCases_OpenEntries_Service/OpenEntries.BalanceAmt' is: '0.00'

2017-11-22 00:47:20 - [MESSAGE][PASSED] - Text of object 'Object Repository/Finance/BaseTestCases_OpenEntries_Service/OpenEntries.BalanceAmt' is: '0.00'

2017-11-22 00:47:20 - [TEST_STEP][PASSED] - verifyEqual: Actual object '0.00' and expected object '0.00' are equal

2017-11-22 00:47:20 - [MESSAGE][PASSED] - Actual object '0.00' and expected object '0.00' are equal

2017-11-22 00:47:20 - [TEST_STEP][PASSED] - click: Object: 'Object Repository/Finance/BaseTestCases_OpenEntries_Service/OpenEntries.Reference' is clicked on

2017-11-22 00:47:20 - [MESSAGE][PASSED] - Object: 'Object Repository/Finance/BaseTestCases_OpenEntries_Service/OpenEntries.Reference' is clicked on

2017-11-22 00:47:20 - [TEST_STEP][PASSED] - setText: Text '' is set on object 'Object Repository/Finance/BaseTestCases_OpenEntries_Service/OpenEntries_DocumentType'

2017-11-22 00:47:20 - [MESSAGE][PASSED] - Text '' is set on object 'Object Repository/Finance/BaseTestCases_OpenEntries_Service/OpenEntries_DocumentType'

2017-11-22 00:47:20 - [TEST_STEP][PASSED] - setText: Text '' is set on object 'Object Repository/Finance/BaseTestCases_OpenEntries_Service/OpenEntries_DocumentNo'

2017-11-22 00:47:21 - [MESSAGE][PASSED] - Text '' is set on object 'Object Repository/Finance/BaseTestCases_OpenEntries_Service/OpenEntries_DocumentNo'

2017-11-22 00:47:21 - [TEST_STEP][PASSED] - sendKeys: Keys 'TAB + ' sent to object: 'Object Repository/Finance/BaseTestCases_OpenEntries_Service/OpenEntries_DocumentType'

2017-11-22 00:47:21 - [MESSAGE][PASSED] - Keys 'TAB + ' sent to object: 'Object Repository/Finance/BaseTestCases_OpenEntries_Service/OpenEntries_DocumentType'

2017-11-22 00:47:21 - [TEST_STEP][PASSED] - sendKeys: Keys 'TAB + ' sent to object: 'Object Repository/Finance/BaseTestCases_OpenEntries_Service/OpenEntries_DocumentNo'

2017-11-22 00:47:21 - [MESSAGE][PASSED] - Keys 'TAB + ' sent to object: 'Object Repository/Finance/BaseTestCases_OpenEntries_Service/OpenEntries_DocumentNo'

2017-11-22 00:47:21 - [TEST_STEP][PASSED] - sendKeys: Keys 'M00000010 (SIE/10002805)' sent to object: 'Object Repository/Finance/BaseTestCases_OpenEntries_Service/OpenEntries.Reference'

2017-11-22 00:47:22 - [MESSAGE][PASSED] - Keys 'M00000010 (SIE/10002805)' sent to object: 'Object Repository/Finance/BaseTestCases_OpenEntries_Service/OpenEntries.Reference'

2017-11-22 00:47:22 - [TEST_STEP][PASSED] - click: Object: 'Object Repository/Finance/BaseTestCases_OpenEntries_Service/OpenEntries_DocumentNo' is clicked on

2017-11-22 00:47:22 - [MESSAGE][PASSED] - Object: 'Object Repository/Finance/BaseTestCases_OpenEntries_Service/OpenEntries_DocumentNo' is clicked on

2017-11-22 00:47:22 - [TEST_STEP][PASSED] - delay: Delayed 3 second(s)

2017-11-22 00:47:25 - [MESSAGE][PASSED] - Delayed 3 second(s)

2017-11-22 00:47:25 - [TEST_STEP][PASSED] - scrollToElement: Scroll to object 'Object Repository/Finance/BaseTestCases_OpenEntries_Service/OpenEntries.BalanceAmt' successfully

2017-11-22 00:47:25 - [MESSAGE][PASSED] - Scroll to object 'Object Repository/Finance/BaseTestCases_OpenEntries_Service/OpenEntries.BalanceAmt' successfully

2017-11-22 00:47:25 - [TEST_STEP][PASSED] - Statement - BalanceAmount = com.kms.katalon.core.webui.keyword.WebUiBuiltInKeywords.getText(com.kms.katalon.core.testobject.ObjectRepository.findTestObject(Finance/BaseTestCases_OpenEntries_Service/OpenEntries.BalanceAmt)): Text of object 'Object Repository/Finance/BaseTestCases_OpenEntries_Service/OpenEntries.BalanceAmt' is: '10.00'

2017-11-22 00:47:25 - [MESSAGE][PASSED] - Text of object 'Object Repository/Finance/BaseTestCases_OpenEntries_Service/OpenEntries.BalanceAmt' is: '10.00'

2017-11-22 00:47:25 - [TEST_STEP][PASSED] - Statement - InvoiceAmount = com.kms.katalon.core.webui.keyword.WebUiBuiltInKeywords.getText(com.kms.katalon.core.testobject.ObjectRepository.findTestObject(Finance/BaseTestCases_OpenEntries_Service/OpenEntries.InvoiceAmt)): Text of object 'Object Repository/Finance/BaseTestCases_OpenEntries_Service/OpenEntries.InvoiceAmt' is: '10.00'

2017-11-22 00:47:25 - [MESSAGE][PASSED] - Text of object 'Object Repository/Finance/BaseTestCases_OpenEntries_Service/OpenEntries.InvoiceAmt' is: '10.00'

2017-11-22 00:47:25 - [TEST_STEP][PASSED] - verifyEqual: Actual object '10.00' and expected object '10.00' are equal

2017-11-22 00:47:25 - [MESSAGE][PASSED] - Actual object '10.00' and expected object '10.00' are equal

2017-11-22 00:47:25 - [TEST_STEP][NOT_RUN] - closeBrowser: NOT_RUN: closeBrowser

2017-11-22 00:47:25 - [MESSAGE][NOT_RUN] - NOT_RUN: closeBrowser

2017-11-22 00:47:25 - [MESSAGE][PASSED] - Call Test Case 'Test Cases/Finance/BaseTestCases/Base_Finance_CheckOpenEntriesForCCInvoice1' successfully]]></system-out>
         <system-err><![CDATA[]]></system-err>
      </testcase>
      <testcase name="Test Cases/Equipment/CreditCardRegression/TC002_EquipmentSalesAgreement_Split" classname="Test Cases/Equipment/CreditCardRegression/TC002_EquipmentSalesAgreement_Split" status="PASSED">
         <system-out><![CDATA[2017-11-22 00:47:25 - [TEST_CASE][PASSED] - Test Cases/Equipment/CreditCardRegression/TC002_EquipmentSalesAgreement_Split: Test Cases/Equipment/CreditCardRegression/TC002_EquipmentSalesAgreement_Split

2017-11-22 00:47:26 - [TEST_STEP][PASSED] - callTestCase: Call Test Case 'Test Cases/Equipment/Base_EquipmentPurchase/EPO_CreateNrecieve' successfully

2017-11-22 00:47:26 - [TEST_CASE][PASSED] - Test Cases/Equipment/Base_EquipmentPurchase/EPO_CreateNrecieve: Test Cases/Equipment/Base_EquipmentPurchase/EPO_CreateNrecieve

2017-11-22 00:47:26 - [TEST_STEP][PASSED] - callTestCase: Call Test Case 'Test Cases/Equipment/Base_EquipmentPurchase/Base_EPO_CreateHeaderNline' successfully

2017-11-22 00:47:26 - [TEST_CASE][PASSED] - Test Cases/Equipment/Base_EquipmentPurchase/Base_EPO_CreateHeaderNline: Test Cases/Equipment/Base_EquipmentPurchase/Base_EPO_CreateHeaderNline

2017-11-22 00:47:26 - [TEST_STEP][PASSED] - callTestCase: Call Test Case 'Test Cases/Common/Base_Common_OpenSession' successfully

2017-11-22 00:47:26 - [TEST_CASE][PASSED] - Test Cases/Common/Base_Common_OpenSession: Test Cases/Common/Base_Common_OpenSession

2017-11-22 00:47:26 - [TEST_STEP][PASSED] - openBrowser: Browser is opened with url: 'https://rgajbhiye:Robin$123@proxima-ln4.e-emphasys.com:8441/webui/servlet/login'

2017-11-22 00:47:26 - [MESSAGE][WARNING] - A browser is already opened. Closing browser and opening a new one

2017-11-22 00:47:32 - [MESSAGE][PASSED] - Browser is opened with url: 'https://rgajbhiye:Robin$123@proxima-ln4.e-emphasys.com:8441/webui/servlet/login'

2017-11-22 00:47:32 - [TEST_STEP][PASSED] - waitForPageLoad: Wait for page load successfully

2017-11-22 00:47:32 - [MESSAGE][PASSED] - Wait for page load successfully

2017-11-22 00:47:32 - [TEST_STEP][PASSED] - maximizeWindow: Current window maximized

2017-11-22 00:47:32 - [MESSAGE][PASSED] - Current window maximized

2017-11-22 00:47:32 - [TEST_STEP][PASSED] - click: Object: 'Object Repository/Common/HomePage/HomePage_more' is clicked on

2017-11-22 00:47:36 - [MESSAGE][PASSED] - Object: 'Object Repository/Common/HomePage/HomePage_more' is clicked on

2017-11-22 00:47:36 - [TEST_STEP][PASSED] - click: Object: 'Object Repository/Common/HomePage/HomePage_Option' is clicked on

2017-11-22 00:47:36 - [MESSAGE][PASSED] - Object: 'Object Repository/Common/HomePage/HomePage_Option' is clicked on

2017-11-22 00:47:36 - [TEST_STEP][PASSED] - click: Object: 'Object Repository/Common/HomePage/HomePage_RunProgram_' is clicked on

2017-11-22 00:47:36 - [MESSAGE][PASSED] - Object: 'Object Repository/Common/HomePage/HomePage_RunProgram_' is clicked on

2017-11-22 00:47:36 - [TEST_STEP][PASSED] - sendKeys: Keys 'tdext8150s000' sent to object: 'Object Repository/Common/HomePage/HomePage_Session_ID'

2017-11-22 00:47:36 - [MESSAGE][PASSED] - Keys 'tdext8150s000' sent to object: 'Object Repository/Common/HomePage/HomePage_Session_ID'

2017-11-22 00:47:36 - [TEST_STEP][PASSED] - click: Object: 'Object Repository/Common/HomePage/HomePage_OkButton' is clicked on

2017-11-22 00:47:36 - [MESSAGE][PASSED] - Object: 'Object Repository/Common/HomePage/HomePage_OkButton' is clicked on

2017-11-22 00:47:36 - [MESSAGE][PASSED] - Call Test Case 'Test Cases/Common/Base_Common_OpenSession' successfully

2017-11-22 00:47:36 - [TEST_STEP][PASSED] - waitForElementPresent: Object 'Object Repository/Equipment/EquipmentPurchase/EPO_Header/EPO_Header_New' is present

2017-11-22 00:47:38 - [MESSAGE][PASSED] - Object 'Object Repository/Equipment/EquipmentPurchase/EPO_Header/EPO_Header_New' is present

2017-11-22 00:47:38 - [TEST_STEP][PASSED] - click: Object: 'Object Repository/Equipment/EquipmentPurchase/EPO_Header/EPO_Header_New' is clicked on

2017-11-22 00:47:38 - [MESSAGE][PASSED] - Object: 'Object Repository/Equipment/EquipmentPurchase/EPO_Header/EPO_Header_New' is clicked on

2017-11-22 00:47:38 - [TEST_STEP][PASSED] - click: Object: 'Object Repository/Equipment/EquipmentPurchase/EPO_Header/EPO_Header_Customer' is clicked on

2017-11-22 00:47:39 - [MESSAGE][PASSED] - Object: 'Object Repository/Equipment/EquipmentPurchase/EPO_Header/EPO_Header_Customer' is clicked on

2017-11-22 00:47:39 - [TEST_STEP][PASSED] - setText: Text 'M00000010' is set on object 'Object Repository/Equipment/EquipmentPurchase/EPO_Header/EPO_Header_Customer'

2017-11-22 00:47:39 - [MESSAGE][PASSED] - Text 'M00000010' is set on object 'Object Repository/Equipment/EquipmentPurchase/EPO_Header/EPO_Header_Customer'

2017-11-22 00:47:39 - [TEST_STEP][PASSED] - click: Object: 'Object Repository/Equipment/EquipmentPurchase/EPO_Header/EPO_Header_Save' is clicked on

2017-11-22 00:47:39 - [MESSAGE][PASSED] - Object: 'Object Repository/Equipment/EquipmentPurchase/EPO_Header/EPO_Header_Save' is clicked on

2017-11-22 00:47:39 - [TEST_STEP][PASSED] - delay: Delayed 5 second(s)

2017-11-22 00:47:44 - [MESSAGE][PASSED] - Delayed 5 second(s)

2017-11-22 00:47:44 - [TEST_STEP][PASSED] - click: Object: 'Object Repository/Equipment/EquipmentPurchase/EPO_Header/EPO_Header_Action' is clicked on

2017-11-22 00:47:44 - [MESSAGE][PASSED] - Object: 'Object Repository/Equipment/EquipmentPurchase/EPO_Header/EPO_Header_Action' is clicked on

2017-11-22 00:47:44 - [TEST_STEP][PASSED] - click: Object: 'Object Repository/Equipment/EquipmentPurchase/EPO_Header/EPO_Header_Action_OrderLines' is clicked on

2017-11-22 00:47:44 - [MESSAGE][PASSED] - Object: 'Object Repository/Equipment/EquipmentPurchase/EPO_Header/EPO_Header_Action_OrderLines' is clicked on

2017-11-22 00:47:44 - [TEST_STEP][PASSED] - waitForElementPresent: Object 'Object Repository/Equipment/EquipmentPurchase/EPO_Line/EPO_MultiLine_New' is present

2017-11-22 00:47:46 - [MESSAGE][PASSED] - Object 'Object Repository/Equipment/EquipmentPurchase/EPO_Line/EPO_MultiLine_New' is present

2017-11-22 00:47:46 - [TEST_STEP][PASSED] - click: Object: 'Object Repository/Equipment/EquipmentPurchase/EPO_Line/EPO_MultiLine_New' is clicked on

2017-11-22 00:47:46 - [MESSAGE][PASSED] - Object: 'Object Repository/Equipment/EquipmentPurchase/EPO_Line/EPO_MultiLine_New' is clicked on

2017-11-22 00:47:46 - [TEST_STEP][PASSED] - waitForElementPresent: Object 'Object Repository/Equipment/EquipmentPurchase/EPO_Line/EPO_Line_Model' is present

2017-11-22 00:47:47 - [MESSAGE][PASSED] - Object 'Object Repository/Equipment/EquipmentPurchase/EPO_Line/EPO_Line_Model' is present

2017-11-22 00:47:47 - [TEST_STEP][PASSED] - click: Object: 'Object Repository/Equipment/EquipmentPurchase/EPO_Line/EPO_Line_Model' is clicked on

2017-11-22 00:47:47 - [MESSAGE][PASSED] - Object: 'Object Repository/Equipment/EquipmentPurchase/EPO_Line/EPO_Line_Model' is clicked on

2017-11-22 00:47:47 - [TEST_STEP][PASSED] - delay: Delayed 2 second(s)

2017-11-22 00:47:49 - [MESSAGE][PASSED] - Delayed 2 second(s)

2017-11-22 00:47:49 - [TEST_STEP][PASSED] - setText: Text '1032' is set on object 'Object Repository/Equipment/EquipmentPurchase/EPO_Line/EPO_Line_Model'

2017-11-22 00:47:49 - [MESSAGE][PASSED] - Text '1032' is set on object 'Object Repository/Equipment/EquipmentPurchase/EPO_Line/EPO_Line_Model'

2017-11-22 00:47:49 - [TEST_STEP][PASSED] - click: Object: 'Object Repository/Equipment/EquipmentPurchase/EPO_Line/EPO_Line_NeworUsed' is clicked on

2017-11-22 00:47:50 - [MESSAGE][PASSED] - Object: 'Object Repository/Equipment/EquipmentPurchase/EPO_Line/EPO_Line_NeworUsed' is clicked on

2017-11-22 00:47:50 - [TEST_STEP][PASSED] - click: Object: 'Object Repository/Equipment/EquipmentPurchase/EPO_Line/EPO_Line_NewEquipOption' is clicked on

2017-11-22 00:47:50 - [MESSAGE][PASSED] - Object: 'Object Repository/Equipment/EquipmentPurchase/EPO_Line/EPO_Line_NewEquipOption' is clicked on

2017-11-22 00:47:50 - [TEST_STEP][PASSED] - click: Object: 'Object Repository/Equipment/EquipmentPurchase/EPO_Line/EPO_Line_PlannedDate' is clicked on

2017-11-22 00:47:50 - [MESSAGE][PASSED] - Object: 'Object Repository/Equipment/EquipmentPurchase/EPO_Line/EPO_Line_PlannedDate' is clicked on

2017-11-22 00:47:50 - [TEST_STEP][PASSED] - delay: Delayed 2 second(s)

2017-11-22 00:47:52 - [MESSAGE][PASSED] - Delayed 2 second(s)

2017-11-22 00:47:52 - [TEST_STEP][PASSED] - setText: Text '+10' is set on object 'Object Repository/Equipment/EquipmentPurchase/EPO_Line/EPO_Line_PlannedDate'

2017-11-22 00:47:52 - [MESSAGE][PASSED] - Text '+10' is set on object 'Object Repository/Equipment/EquipmentPurchase/EPO_Line/EPO_Line_PlannedDate'

2017-11-22 00:47:52 - [TEST_STEP][PASSED] - click: Object: 'Object Repository/Equipment/EquipmentPurchase/EPO_Line/EPO_Line_Price' is clicked on

2017-11-22 00:47:53 - [MESSAGE][PASSED] - Object: 'Object Repository/Equipment/EquipmentPurchase/EPO_Line/EPO_Line_Price' is clicked on

2017-11-22 00:47:53 - [TEST_STEP][PASSED] - delay: Delayed 2 second(s)

2017-11-22 00:47:55 - [MESSAGE][PASSED] - Delayed 2 second(s)

2017-11-22 00:47:55 - [TEST_STEP][PASSED] - setText: Text '100' is set on object 'Object Repository/Equipment/EquipmentPurchase/EPO_Line/EPO_Line_Price'

2017-11-22 00:47:55 - [MESSAGE][PASSED] - Text '100' is set on object 'Object Repository/Equipment/EquipmentPurchase/EPO_Line/EPO_Line_Price'

2017-11-22 00:47:55 - [TEST_STEP][PASSED] - click: Object: 'Object Repository/Equipment/EquipmentPurchase/EPO_Line/EPO_Line_Save' is clicked on

2017-11-22 00:47:55 - [MESSAGE][PASSED] - Object: 'Object Repository/Equipment/EquipmentPurchase/EPO_Line/EPO_Line_Save' is clicked on

2017-11-22 00:47:55 - [TEST_STEP][PASSED] - click: Object: 'Object Repository/Equipment/EquipmentPurchase/EPO_Line/EPO_Line_importNO' is clicked on

2017-11-22 00:47:56 - [MESSAGE][PASSED] - Object: 'Object Repository/Equipment/EquipmentPurchase/EPO_Line/EPO_Line_importNO' is clicked on

2017-11-22 00:47:56 - [TEST_STEP][PASSED] - click: Object: 'Object Repository/Equipment/EquipmentPurchase/EPO_Line/EPO_Line_SaveNclose' is clicked on

2017-11-22 00:47:56 - [MESSAGE][PASSED] - Object: 'Object Repository/Equipment/EquipmentPurchase/EPO_Line/EPO_Line_SaveNclose' is clicked on

2017-11-22 00:47:56 - [TEST_STEP][PASSED] - delay: Delayed 2 second(s)

2017-11-22 00:47:58 - [MESSAGE][PASSED] - Delayed 2 second(s)

2017-11-22 00:47:58 - [TEST_STEP][PASSED] - click: Object: 'Object Repository/Equipment/EquipmentPurchase/EPO_Line/EPO_MultiLine_SavenClose' is clicked on

2017-11-22 00:47:58 - [MESSAGE][PASSED] - Object: 'Object Repository/Equipment/EquipmentPurchase/EPO_Line/EPO_MultiLine_SavenClose' is clicked on

2017-11-22 00:47:58 - [MESSAGE][PASSED] - Call Test Case 'Test Cases/Equipment/Base_EquipmentPurchase/Base_EPO_CreateHeaderNline' successfully

2017-11-22 00:47:58 - [TEST_STEP][PASSED] - callTestCase: Call Test Case 'Test Cases/Equipment/Base_EquipmentPurchase/Base_EPO_Reciept' successfully

2017-11-22 00:47:58 - [TEST_CASE][PASSED] - Test Cases/Equipment/Base_EquipmentPurchase/Base_EPO_Reciept: Test Cases/Equipment/Base_EquipmentPurchase/Base_EPO_Reciept

2017-11-22 00:47:58 - [TEST_STEP][PASSED] - click: Object: 'Object Repository/Equipment/EquipmentPurchase/EPO_Header/EPO_Header_Action' is clicked on

2017-11-22 00:47:58 - [MESSAGE][PASSED] - Object: 'Object Repository/Equipment/EquipmentPurchase/EPO_Header/EPO_Header_Action' is clicked on

2017-11-22 00:47:58 - [TEST_STEP][PASSED] - click: Object: 'Object Repository/Equipment/EquipmentPurchase/EPO_Header/EPO_Header_Action_SendForApproval' is clicked on

2017-11-22 00:47:59 - [MESSAGE][PASSED] - Object: 'Object Repository/Equipment/EquipmentPurchase/EPO_Header/EPO_Header_Action_SendForApproval' is clicked on

2017-11-22 00:47:59 - [TEST_STEP][PASSED] - delay: Delayed 5 second(s)

2017-11-22 00:48:04 - [MESSAGE][PASSED] - Delayed 5 second(s)

2017-11-22 00:48:04 - [TEST_STEP][PASSED] - click: Object: 'Object Repository/Equipment/EquipmentPurchase/EPO_Header/EPO_Header_Action' is clicked on

2017-11-22 00:48:04 - [MESSAGE][PASSED] - Object: 'Object Repository/Equipment/EquipmentPurchase/EPO_Header/EPO_Header_Action' is clicked on

2017-11-22 00:48:04 - [TEST_STEP][PASSED] - click: Object: 'Object Repository/Equipment/EquipmentPurchase/EPO_Header/EPO_Header_Apporve' is clicked on

2017-11-22 00:48:04 - [MESSAGE][PASSED] - Object: 'Object Repository/Equipment/EquipmentPurchase/EPO_Header/EPO_Header_Apporve' is clicked on

2017-11-22 00:48:04 - [TEST_STEP][PASSED] - delay: Delayed 5 second(s)

2017-11-22 00:48:09 - [MESSAGE][PASSED] - Delayed 5 second(s)

2017-11-22 00:48:09 - [TEST_STEP][PASSED] - click: Object: 'Object Repository/Equipment/EquipmentPurchase/EPO_Header/EPO_Header_Print' is clicked on

2017-11-22 00:48:09 - [MESSAGE][PASSED] - Object: 'Object Repository/Equipment/EquipmentPurchase/EPO_Header/EPO_Header_Print' is clicked on

2017-11-22 00:48:09 - [TEST_STEP][PASSED] - click: Object: 'Object Repository/Equipment/EquipmentPurchase/EPO_Header/EPO_Print_FinalPrint' is clicked on

2017-11-22 00:48:10 - [MESSAGE][PASSED] - Object: 'Object Repository/Equipment/EquipmentPurchase/EPO_Header/EPO_Print_FinalPrint' is clicked on

2017-11-22 00:48:10 - [TEST_STEP][PASSED] - click: Object: 'Object Repository/Equipment/EquipmentPurchase/EPO_Header/EPO_Print_PrintOption' is clicked on

2017-11-22 00:48:10 - [MESSAGE][PASSED] - Object: 'Object Repository/Equipment/EquipmentPurchase/EPO_Header/EPO_Print_PrintOption' is clicked on

2017-11-22 00:48:10 - [TEST_STEP][PASSED] - click: Object: 'Object Repository/Equipment/EquipmentPurchase/EPO_Header/EPO_Print_Device' is clicked on

2017-11-22 00:48:13 - [MESSAGE][PASSED] - Object: 'Object Repository/Equipment/EquipmentPurchase/EPO_Header/EPO_Print_Device' is clicked on

2017-11-22 00:48:13 - [TEST_STEP][PASSED] - setText: Text 'D' is set on object 'Object Repository/Equipment/EquipmentPurchase/EPO_Header/EPO_Print_Device'

2017-11-22 00:48:13 - [MESSAGE][PASSED] - Text 'D' is set on object 'Object Repository/Equipment/EquipmentPurchase/EPO_Header/EPO_Print_Device'

2017-11-22 00:48:13 - [TEST_STEP][PASSED] - click: Object: 'Object Repository/Equipment/EquipmentPurchase/EPO_Header/EPO_Print_Continue' is clicked on

2017-11-22 00:48:13 - [MESSAGE][PASSED] - Object: 'Object Repository/Equipment/EquipmentPurchase/EPO_Header/EPO_Print_Continue' is clicked on

2017-11-22 00:48:13 - [TEST_STEP][PASSED] - delay: Delayed 5 second(s)

2017-11-22 00:48:18 - [MESSAGE][PASSED] - Delayed 5 second(s)

2017-11-22 00:48:18 - [TEST_STEP][PASSED] - click: Object: 'Object Repository/Equipment/EquipmentPurchase/EPO_Header/EPO_Header_EPOtab' is clicked on

2017-11-22 00:48:18 - [MESSAGE][PASSED] - Object: 'Object Repository/Equipment/EquipmentPurchase/EPO_Header/EPO_Header_EPOtab' is clicked on

2017-11-22 00:48:18 - [TEST_STEP][PASSED] - click: Object: 'Object Repository/Equipment/EquipmentPurchase/EPO_Header/EPO_Print_Close' is clicked on

2017-11-22 00:48:18 - [MESSAGE][PASSED] - Object: 'Object Repository/Equipment/EquipmentPurchase/EPO_Header/EPO_Print_Close' is clicked on

2017-11-22 00:48:18 - [TEST_STEP][PASSED] - delay: Delayed 3 second(s)

2017-11-22 00:48:21 - [MESSAGE][PASSED] - Delayed 3 second(s)

2017-11-22 00:48:21 - [TEST_STEP][PASSED] - click: Object: 'Object Repository/Equipment/EquipmentPurchase/EPO_Header/EPO_Header_Action' is clicked on

2017-11-22 00:48:22 - [MESSAGE][PASSED] - Object: 'Object Repository/Equipment/EquipmentPurchase/EPO_Header/EPO_Header_Action' is clicked on

2017-11-22 00:48:22 - [TEST_STEP][PASSED] - click: Object: 'Object Repository/Equipment/EquipmentPurchase/EPO_Header/EPO_Action_Reciept' is clicked on

2017-11-22 00:48:22 - [MESSAGE][PASSED] - Object: 'Object Repository/Equipment/EquipmentPurchase/EPO_Header/EPO_Action_Reciept' is clicked on

2017-11-22 00:48:22 - [TEST_STEP][PASSED] - waitForElementPresent: Object 'Object Repository/Equipment/EquipmentPurchase/EPO_Receipt/EPO_Reciept_Save' is present

2017-11-22 00:48:23 - [MESSAGE][PASSED] - Object 'Object Repository/Equipment/EquipmentPurchase/EPO_Receipt/EPO_Reciept_Save' is present

2017-11-22 00:48:23 - [TEST_STEP][PASSED] - click: Object: 'Object Repository/Equipment/EquipmentPurchase/EPO_Receipt/EPO_Reciept_Save' is clicked on

2017-11-22 00:48:23 - [MESSAGE][PASSED] - Object: 'Object Repository/Equipment/EquipmentPurchase/EPO_Receipt/EPO_Reciept_Save' is clicked on

2017-11-22 00:48:23 - [TEST_STEP][PASSED] - delay: Delayed 3 second(s)

2017-11-22 00:48:26 - [MESSAGE][PASSED] - Delayed 3 second(s)

2017-11-22 00:48:26 - [TEST_STEP][PASSED] - click: Object: 'Object Repository/Equipment/EquipmentPurchase/EPO_Receipt/EPO_Receipt_Action' is clicked on

2017-11-22 00:48:27 - [MESSAGE][PASSED] - Object: 'Object Repository/Equipment/EquipmentPurchase/EPO_Receipt/EPO_Receipt_Action' is clicked on

2017-11-22 00:48:27 - [TEST_STEP][PASSED] - click: Object: 'Object Repository/Equipment/EquipmentPurchase/EPO_Receipt/EPO_Receipt_Action_ReceiptLine' is clicked on

2017-11-22 00:48:27 - [MESSAGE][PASSED] - Object: 'Object Repository/Equipment/EquipmentPurchase/EPO_Receipt/EPO_Receipt_Action_ReceiptLine' is clicked on

2017-11-22 00:48:27 - [TEST_STEP][PASSED] - waitForElementPresent: Object 'Object Repository/Equipment/EquipmentPurchase/EPO_Receipt_Line/EPO_ReceiptLine_New' is present

2017-11-22 00:48:28 - [MESSAGE][PASSED] - Object 'Object Repository/Equipment/EquipmentPurchase/EPO_Receipt_Line/EPO_ReceiptLine_New' is present

2017-11-22 00:48:28 - [TEST_STEP][PASSED] - click: Object: 'Object Repository/Equipment/EquipmentPurchase/EPO_Receipt_Line/EPO_ReceiptLine_New' is clicked on

2017-11-22 00:48:28 - [MESSAGE][PASSED] - Object: 'Object Repository/Equipment/EquipmentPurchase/EPO_Receipt_Line/EPO_ReceiptLine_New' is clicked on

2017-11-22 00:48:28 - [TEST_STEP][PASSED] - waitForElementPresent: Object 'Object Repository/Equipment/EquipmentPurchase/EPO_Receipt_Line/EPO_RecieptLine_Select' is present

2017-11-22 00:48:29 - [MESSAGE][PASSED] - Object 'Object Repository/Equipment/EquipmentPurchase/EPO_Receipt_Line/EPO_RecieptLine_Select' is present

2017-11-22 00:48:29 - [TEST_STEP][PASSED] - click: Object: 'Object Repository/Equipment/EquipmentPurchase/EPO_Receipt_Line/EPO_RecieptLine_Select' is clicked on

2017-11-22 00:48:29 - [MESSAGE][PASSED] - Object: 'Object Repository/Equipment/EquipmentPurchase/EPO_Receipt_Line/EPO_RecieptLine_Select' is clicked on

2017-11-22 00:48:29 - [TEST_STEP][PASSED] - delay: Delayed 3 second(s)

2017-11-22 00:48:32 - [MESSAGE][PASSED] - Delayed 3 second(s)

2017-11-22 00:48:32 - [TEST_STEP][PASSED] - click: Object: 'Object Repository/Equipment/EquipmentPurchase/EPO_Receipt_Line/EPO_ReceiptLine_SavenClose' is clicked on

2017-11-22 00:48:32 - [MESSAGE][PASSED] - Object: 'Object Repository/Equipment/EquipmentPurchase/EPO_Receipt_Line/EPO_ReceiptLine_SavenClose' is clicked on

2017-11-22 00:48:32 - [TEST_STEP][PASSED] - waitForElementPresent: Object 'Object Repository/Equipment/EquipmentPurchase/EPO_Receipt_Line/EPO_RecieptLineAction' is present

2017-11-22 00:48:32 - [MESSAGE][PASSED] - Object 'Object Repository/Equipment/EquipmentPurchase/EPO_Receipt_Line/EPO_RecieptLineAction' is present

2017-11-22 00:48:32 - [TEST_STEP][PASSED] - Statement - G_Unit = com.kms.katalon.core.webui.keyword.WebUiBuiltInKeywords.getText(com.kms.katalon.core.testobject.ObjectRepository.findTestObject(Equipment/EquipmentPurchase/EPO_Receipt/EPO_Reciept_Unit)): Text of object 'Object Repository/Equipment/EquipmentPurchase/EPO_Receipt/EPO_Reciept_Unit' is: 'MD0018355'

2017-11-22 00:48:33 - [MESSAGE][PASSED] - Text of object 'Object Repository/Equipment/EquipmentPurchase/EPO_Receipt/EPO_Reciept_Unit' is: 'MD0018355'

2017-11-22 00:48:33 - [TEST_STEP][PASSED] - click: Object: 'Object Repository/Equipment/EquipmentPurchase/EPO_Receipt_Line/EPO_RecieptLineAction' is clicked on

2017-11-22 00:48:33 - [MESSAGE][PASSED] - Object: 'Object Repository/Equipment/EquipmentPurchase/EPO_Receipt_Line/EPO_RecieptLineAction' is clicked on

2017-11-22 00:48:33 - [TEST_STEP][PASSED] - click: Object: 'Object Repository/Equipment/EquipmentPurchase/EPO_Receipt/EPO_Action_Confirm' is clicked on

2017-11-22 00:48:33 - [MESSAGE][PASSED] - Object: 'Object Repository/Equipment/EquipmentPurchase/EPO_Receipt/EPO_Action_Confirm' is clicked on

2017-11-22 00:48:33 - [TEST_STEP][PASSED] - click: Object: 'Object Repository/Equipment/EquipmentPurchase/EPO_Receipt/EPO_Reciept_MeterOK' is clicked on

2017-11-22 00:48:34 - [MESSAGE][PASSED] - Object: 'Object Repository/Equipment/EquipmentPurchase/EPO_Receipt/EPO_Reciept_MeterOK' is clicked on

2017-11-22 00:48:34 - [TEST_STEP][PASSED] - waitForElementPresent: Object 'Object Repository/Equipment/EquipmentPurchase/EPO_Receipt/EPO_RecieptPrint_Device' is present

2017-11-22 00:48:36 - [MESSAGE][PASSED] - Object 'Object Repository/Equipment/EquipmentPurchase/EPO_Receipt/EPO_RecieptPrint_Device' is present

2017-11-22 00:48:36 - [TEST_STEP][PASSED] - click: Object: 'Object Repository/Equipment/EquipmentPurchase/EPO_Receipt/EPO_RecieptPrint_Device' is clicked on

2017-11-22 00:48:36 - [MESSAGE][PASSED] - Object: 'Object Repository/Equipment/EquipmentPurchase/EPO_Receipt/EPO_RecieptPrint_Device' is clicked on

2017-11-22 00:48:36 - [TEST_STEP][PASSED] - setText: Text 'D' is set on object 'Object Repository/Equipment/EquipmentPurchase/EPO_Receipt/EPO_RecieptPrint_Device'

2017-11-22 00:48:36 - [MESSAGE][PASSED] - Text 'D' is set on object 'Object Repository/Equipment/EquipmentPurchase/EPO_Receipt/EPO_RecieptPrint_Device'

2017-11-22 00:48:36 - [TEST_STEP][PASSED] - click: Object: 'Object Repository/Equipment/EquipmentPurchase/EPO_Receipt/EPO_RecieptPrint_Continue' is clicked on

2017-11-22 00:48:36 - [MESSAGE][PASSED] - Object: 'Object Repository/Equipment/EquipmentPurchase/EPO_Receipt/EPO_RecieptPrint_Continue' is clicked on

2017-11-22 00:48:36 - [TEST_STEP][PASSED] - delay: Delayed 3 second(s)

2017-11-22 00:48:39 - [MESSAGE][PASSED] - Delayed 3 second(s)

2017-11-22 00:48:39 - [TEST_STEP][PASSED] - click: Object: 'Object Repository/Equipment/EquipmentPurchase/EPO_Receipt/EPO_RecieptPrint_ProcessCompleted' is clicked on

2017-11-22 00:48:39 - [MESSAGE][PASSED] - Object: 'Object Repository/Equipment/EquipmentPurchase/EPO_Receipt/EPO_RecieptPrint_ProcessCompleted' is clicked on

2017-11-22 00:48:39 - [TEST_STEP][PASSED] - delay: Delayed 10 second(s)

2017-11-22 00:48:49 - [MESSAGE][PASSED] - Delayed 10 second(s)

2017-11-22 00:48:49 - [MESSAGE][PASSED] - Call Test Case 'Test Cases/Equipment/Base_EquipmentPurchase/Base_EPO_Reciept' successfully

2017-11-22 00:48:49 - [MESSAGE][PASSED] - Call Test Case 'Test Cases/Equipment/Base_EquipmentPurchase/EPO_CreateNrecieve' successfully

2017-11-22 00:48:49 - [TEST_STEP][PASSED] - callTestCase: Call Test Case 'Test Cases/Equipment/Base_EquipmentSales/Base_Equipement_CreateHeader' successfully

2017-11-22 00:48:49 - [TEST_CASE][PASSED] - Test Cases/Equipment/Base_EquipmentSales/Base_Equipement_CreateHeader: Test Cases/Equipment/Base_EquipmentSales/Base_Equipement_CreateHeader

2017-11-22 00:48:49 - [TEST_STEP][PASSED] - callTestCase: Call Test Case 'Test Cases/Common/Base_Common_OpenSession' successfully

2017-11-22 00:48:50 - [TEST_CASE][PASSED] - Test Cases/Common/Base_Common_OpenSession: Test Cases/Common/Base_Common_OpenSession

2017-11-22 00:48:50 - [TEST_STEP][PASSED] - openBrowser: Browser is opened with url: 'https://rgajbhiye:Robin$123@proxima-ln4.e-emphasys.com:8441/webui/servlet/login'

2017-11-22 00:48:50 - [MESSAGE][WARNING] - A browser is already opened. Closing browser and opening a new one

2017-11-22 00:48:55 - [MESSAGE][PASSED] - Browser is opened with url: 'https://rgajbhiye:Robin$123@proxima-ln4.e-emphasys.com:8441/webui/servlet/login'

2017-11-22 00:48:55 - [TEST_STEP][PASSED] - waitForPageLoad: Wait for page load successfully

2017-11-22 00:48:55 - [MESSAGE][PASSED] - Wait for page load successfully

2017-11-22 00:48:55 - [TEST_STEP][PASSED] - maximizeWindow: Current window maximized

2017-11-22 00:48:55 - [MESSAGE][PASSED] - Current window maximized

2017-11-22 00:48:55 - [TEST_STEP][PASSED] - click: Object: 'Object Repository/Common/HomePage/HomePage_more' is clicked on

2017-11-22 00:48:59 - [MESSAGE][PASSED] - Object: 'Object Repository/Common/HomePage/HomePage_more' is clicked on

2017-11-22 00:48:59 - [TEST_STEP][PASSED] - click: Object: 'Object Repository/Common/HomePage/HomePage_Option' is clicked on

2017-11-22 00:48:59 - [MESSAGE][PASSED] - Object: 'Object Repository/Common/HomePage/HomePage_Option' is clicked on

2017-11-22 00:48:59 - [TEST_STEP][PASSED] - click: Object: 'Object Repository/Common/HomePage/HomePage_RunProgram_' is clicked on

2017-11-22 00:49:00 - [MESSAGE][PASSED] - Object: 'Object Repository/Common/HomePage/HomePage_RunProgram_' is clicked on

2017-11-22 00:49:00 - [TEST_STEP][PASSED] - sendKeys: Keys 'tdext8570m000' sent to object: 'Object Repository/Common/HomePage/HomePage_Session_ID'

2017-11-22 00:49:00 - [MESSAGE][PASSED] - Keys 'tdext8570m000' sent to object: 'Object Repository/Common/HomePage/HomePage_Session_ID'

2017-11-22 00:49:00 - [TEST_STEP][PASSED] - click: Object: 'Object Repository/Common/HomePage/HomePage_OkButton' is clicked on

2017-11-22 00:49:00 - [MESSAGE][PASSED] - Object: 'Object Repository/Common/HomePage/HomePage_OkButton' is clicked on

2017-11-22 00:49:00 - [MESSAGE][PASSED] - Call Test Case 'Test Cases/Common/Base_Common_OpenSession' successfully

2017-11-22 00:49:00 - [TEST_STEP][PASSED] - waitForElementPresent: Object 'Object Repository/Equipment/EquipmentSales/EquipmentSalesAgreementHeader/EquipmentSalesOrder_MMT_New' is present

2017-11-22 00:49:05 - [MESSAGE][PASSED] - Object 'Object Repository/Equipment/EquipmentSales/EquipmentSalesAgreementHeader/EquipmentSalesOrder_MMT_New' is present

2017-11-22 00:49:05 - [TEST_STEP][PASSED] - click: Object: 'Object Repository/Equipment/EquipmentSales/EquipmentSalesAgreementHeader/EquipmentSalesOrder_MMT_New' is clicked on

2017-11-22 00:49:09 - [MESSAGE][PASSED] - Object: 'Object Repository/Equipment/EquipmentSales/EquipmentSalesAgreementHeader/EquipmentSalesOrder_MMT_New' is clicked on

2017-11-22 00:49:09 - [TEST_STEP][PASSED] - setText: Text 'M00000010' is set on object 'Object Repository/Equipment/EquipmentSales/EquipmentSalesAgreementHeader/EquipmentSalesOrder_Customer'

2017-11-22 00:49:11 - [MESSAGE][PASSED] - Text 'M00000010' is set on object 'Object Repository/Equipment/EquipmentSales/EquipmentSalesAgreementHeader/EquipmentSalesOrder_Customer'

2017-11-22 00:49:11 - [TEST_STEP][PASSED] - doubleClick: Object: 'Object Repository/Equipment/EquipmentSales/EquipmentSalesAgreementHeader/EquipmentSalesOrder_DeliveryDate' is double clicked on

2017-11-22 00:49:11 - [MESSAGE][PASSED] - Object: 'Object Repository/Equipment/EquipmentSales/EquipmentSalesAgreementHeader/EquipmentSalesOrder_DeliveryDate' is double clicked on

2017-11-22 00:49:11 - [TEST_STEP][PASSED] - setText: Text '+10' is set on object 'Object Repository/Equipment/EquipmentSales/EquipmentSalesAgreementHeader/EquipmentSalesOrder_DeliveryDate'

2017-11-22 00:49:12 - [MESSAGE][PASSED] - Text '+10' is set on object 'Object Repository/Equipment/EquipmentSales/EquipmentSalesAgreementHeader/EquipmentSalesOrder_DeliveryDate'

2017-11-22 00:49:12 - [TEST_STEP][PASSED] - click: Object: 'Object Repository/Equipment/EquipmentSales/EquipmentSalesAgreementHeader/ESO_Header_Tax' is clicked on

2017-11-22 00:49:12 - [MESSAGE][PASSED] - Object: 'Object Repository/Equipment/EquipmentSales/EquipmentSalesAgreementHeader/ESO_Header_Tax' is clicked on

2017-11-22 00:49:12 - [TEST_STEP][PASSED] - click: Object: 'Object Repository/Equipment/EquipmentSales/EquipmentSalesAgreementHeader/EquipmentSalesOrder_OtherDetailsTab' is clicked on

2017-11-22 00:49:13 - [MESSAGE][PASSED] - Object: 'Object Repository/Equipment/EquipmentSales/EquipmentSalesAgreementHeader/EquipmentSalesOrder_OtherDetailsTab' is clicked on

2017-11-22 00:49:13 - [TEST_STEP][PASSED] - delay: Delayed 3 second(s)

2017-11-22 00:49:16 - [MESSAGE][PASSED] - Delayed 3 second(s)

2017-11-22 00:49:16 - [TEST_STEP][PASSED] - click: Object: 'Object Repository/Equipment/EquipmentSales/EquipmentSalesAgreementHeader/EquipmentSalesOrder_PaymentMethod' is clicked on

2017-11-22 00:49:19 - [MESSAGE][PASSED] - Object: 'Object Repository/Equipment/EquipmentSales/EquipmentSalesAgreementHeader/EquipmentSalesOrder_PaymentMethod' is clicked on

2017-11-22 00:49:19 - [TEST_STEP][PASSED] - click: Object: 'Object Repository/Equipment/EquipmentSales/EquipmentSalesAgreementHeader/EquimentSalesOrder_CreditCardOption' is clicked on

2017-11-22 00:49:23 - [MESSAGE][PASSED] - Object: 'Object Repository/Equipment/EquipmentSales/EquipmentSalesAgreementHeader/EquimentSalesOrder_CreditCardOption' is clicked on

2017-11-22 00:49:23 - [TEST_STEP][PASSED] - click: Object: 'Object Repository/Equipment/EquipmentSales/EquipmentSalesAgreementHeader/EquipmentSaleOrder_Save' is clicked on

2017-11-22 00:49:26 - [MESSAGE][PASSED] - Object: 'Object Repository/Equipment/EquipmentSales/EquipmentSalesAgreementHeader/EquipmentSaleOrder_Save' is clicked on

2017-11-22 00:49:26 - [TEST_STEP][PASSED] - click: Object: 'Object Repository/Equipment/EquipmentSales/EquipmentSalesAgreementHeader/EquipmentSalesOrder_DetailsTab' is clicked on

2017-11-22 00:49:26 - [MESSAGE][PASSED] - Object: 'Object Repository/Equipment/EquipmentSales/EquipmentSalesAgreementHeader/EquipmentSalesOrder_DetailsTab' is clicked on

2017-11-22 00:49:26 - [TEST_STEP][PASSED] - delay: Delayed 5 second(s)

2017-11-22 00:49:31 - [MESSAGE][PASSED] - Delayed 5 second(s)

2017-11-22 00:49:31 - [TEST_STEP][PASSED] - Statement - G_Part_PSO = com.kms.katalon.core.webui.keyword.WebUiBuiltInKeywords.getAttribute(com.kms.katalon.core.testobject.ObjectRepository.findTestObject(Equipment/EquipmentSales/EquipmentSalesAgreementHeader/EquipmentSaleOrder_OrderNo), "value"): Attribute 'value' of object 'Object Repository/Equipment/EquipmentSales/EquipmentSalesAgreementHeader/EquipmentSaleOrder_OrderNo' is: 'ESA016767'

2017-11-22 00:49:31 - [MESSAGE][PASSED] - Attribute 'value' of object 'Object Repository/Equipment/EquipmentSales/EquipmentSalesAgreementHeader/EquipmentSaleOrder_OrderNo' is: 'ESA016767'

2017-11-22 00:49:31 - [MESSAGE][PASSED] - Call Test Case 'Test Cases/Equipment/Base_EquipmentSales/Base_Equipement_CreateHeader' successfully

2017-11-22 00:49:31 - [TEST_STEP][PASSED] - callTestCase: Call Test Case 'Test Cases/Equipment/Base_EquipmentSales/Base_EquipmentSalesAddLine' successfully

2017-11-22 00:49:31 - [TEST_CASE][PASSED] - Test Cases/Equipment/Base_EquipmentSales/Base_EquipmentSalesAddLine: Test Cases/Equipment/Base_EquipmentSales/Base_EquipmentSalesAddLine

2017-11-22 00:49:31 - [TEST_STEP][PASSED] - click: Object: 'Object Repository/Equipment/EquipmentSales/EquipmentSalesAgreementHeader/EquipSalesOrder_Action' is clicked on

2017-11-22 00:49:31 - [MESSAGE][PASSED] - Object: 'Object Repository/Equipment/EquipmentSales/EquipmentSalesAgreementHeader/EquipSalesOrder_Action' is clicked on

2017-11-22 00:49:31 - [TEST_STEP][PASSED] - click: Object: 'Object Repository/Equipment/EquipmentSales/EquipmentSalesAgreementHeader/EquipSalesOrder_SalesOrderLine' is clicked on

2017-11-22 00:49:31 - [MESSAGE][PASSED] - Object: 'Object Repository/Equipment/EquipmentSales/EquipmentSalesAgreementHeader/EquipSalesOrder_SalesOrderLine' is clicked on

2017-11-22 00:49:31 - [TEST_STEP][PASSED] - waitForElementPresent: Object 'Object Repository/Equipment/EquipmentSales/EquipSalesOrderLines/EquipSaleOrderLine_New' is present

2017-11-22 00:49:33 - [MESSAGE][PASSED] - Object 'Object Repository/Equipment/EquipmentSales/EquipSalesOrderLines/EquipSaleOrderLine_New' is present

2017-11-22 00:49:33 - [TEST_STEP][PASSED] - click: Object: 'Object Repository/Equipment/EquipmentSales/EquipSalesOrderLines/EquipSaleOrderLine_New' is clicked on

2017-11-22 00:49:33 - [MESSAGE][PASSED] - Object: 'Object Repository/Equipment/EquipmentSales/EquipSalesOrderLines/EquipSaleOrderLine_New' is clicked on

2017-11-22 00:49:33 - [TEST_STEP][PASSED] - waitForElementPresent: Object 'Object Repository/Equipment/EquipmentSales/EquipSalesOrderLines/EquipSalesOrder_Model' is present

2017-11-22 00:49:34 - [MESSAGE][PASSED] - Object 'Object Repository/Equipment/EquipmentSales/EquipSalesOrderLines/EquipSalesOrder_Model' is present

2017-11-22 00:49:34 - [TEST_STEP][PASSED] - click: Object: 'Object Repository/Equipment/EquipmentSales/EquipSalesOrderLines/EquipSalesOrder_Model' is clicked on

2017-11-22 00:49:34 - [MESSAGE][PASSED] - Object: 'Object Repository/Equipment/EquipmentSales/EquipSalesOrderLines/EquipSalesOrder_Model' is clicked on

2017-11-22 00:49:34 - [TEST_STEP][PASSED] - setText: Text '1032' is set on object 'Object Repository/Equipment/EquipmentSales/EquipSalesOrderLines/EquipSalesOrder_Model'

2017-11-22 00:49:34 - [MESSAGE][PASSED] - Text '1032' is set on object 'Object Repository/Equipment/EquipmentSales/EquipSalesOrderLines/EquipSalesOrder_Model'

2017-11-22 00:49:34 - [TEST_STEP][PASSED] - doubleClick: Object: 'Object Repository/Equipment/EquipmentSales/EquipSalesOrderLines/ESO_Line_Unit' is double clicked on

2017-11-22 00:49:35 - [MESSAGE][PASSED] - Object: 'Object Repository/Equipment/EquipmentSales/EquipSalesOrderLines/ESO_Line_Unit' is double clicked on

2017-11-22 00:49:35 - [TEST_STEP][PASSED] - delay: Delayed 2 second(s)

2017-11-22 00:49:37 - [MESSAGE][PASSED] - Delayed 2 second(s)

2017-11-22 00:49:37 - [TEST_STEP][PASSED] - setText: Text 'MD0018355' is set on object 'Object Repository/Equipment/EquipmentSales/EquipSalesOrderLines/ESO_Line_Unit'

2017-11-22 00:49:37 - [MESSAGE][PASSED] - Text 'MD0018355' is set on object 'Object Repository/Equipment/EquipmentSales/EquipSalesOrderLines/ESO_Line_Unit'

2017-11-22 00:49:37 - [TEST_STEP][PASSED] - doubleClick: Object: 'Object Repository/Equipment/EquipmentSales/EquipSalesOrderLines/EquipSalesOrder_Price' is double clicked on

2017-11-22 00:49:37 - [MESSAGE][PASSED] - Object: 'Object Repository/Equipment/EquipmentSales/EquipSalesOrderLines/EquipSalesOrder_Price' is double clicked on

2017-11-22 00:49:37 - [TEST_STEP][PASSED] - delay: Delayed 2 second(s)

2017-11-22 00:49:39 - [MESSAGE][PASSED] - Delayed 2 second(s)

2017-11-22 00:49:39 - [TEST_STEP][PASSED] - setText: Text '10' is set on object 'Object Repository/Equipment/EquipmentSales/EquipSalesOrderLines/EquipSalesOrder_Price'

2017-11-22 00:49:39 - [MESSAGE][PASSED] - Text '10' is set on object 'Object Repository/Equipment/EquipmentSales/EquipSalesOrderLines/EquipSalesOrder_Price'

2017-11-22 00:49:39 - [TEST_STEP][PASSED] - click: Object: 'Object Repository/Equipment/EquipmentSales/EquipSalesOrderLines/EquipSaleOrder_Save' is clicked on

2017-11-22 00:49:39 - [MESSAGE][PASSED] - Object: 'Object Repository/Equipment/EquipmentSales/EquipSalesOrderLines/EquipSaleOrder_Save' is clicked on

2017-11-22 00:49:39 - [TEST_STEP][PASSED] - waitForElementPresent: Object 'Object Repository/Equipment/EquipmentSales/EquipSalesOrderLines/EquipSalesOrder_taxok' is present

2017-11-22 00:49:40 - [MESSAGE][PASSED] - Object 'Object Repository/Equipment/EquipmentSales/EquipSalesOrderLines/EquipSalesOrder_taxok' is present

2017-11-22 00:49:40 - [TEST_STEP][PASSED] - click: Object: 'Object Repository/Equipment/EquipmentSales/EquipSalesOrderLines/EquipSalesOrder_taxok' is clicked on

2017-11-22 00:49:40 - [MESSAGE][PASSED] - Object: 'Object Repository/Equipment/EquipmentSales/EquipSalesOrderLines/EquipSalesOrder_taxok' is clicked on

2017-11-22 00:49:40 - [TEST_STEP][NOT_RUN] - click: NOT_RUN: click

2017-11-22 00:49:40 - [MESSAGE][NOT_RUN] - NOT_RUN: click

2017-11-22 00:49:40 - [TEST_STEP][PASSED] - delay: Delayed 2 second(s)

2017-11-22 00:49:42 - [MESSAGE][PASSED] - Delayed 2 second(s)

2017-11-22 00:49:42 - [TEST_STEP][PASSED] - click: Object: 'Object Repository/Equipment/EquipmentSales/EquipSalesOrderLines/EquipSaleOrder_SavenClose' is clicked on

2017-11-22 00:49:42 - [MESSAGE][PASSED] - Object: 'Object Repository/Equipment/EquipmentSales/EquipSalesOrderLines/EquipSaleOrder_SavenClose' is clicked on

2017-11-22 00:49:42 - [TEST_STEP][PASSED] - delay: Delayed 2 second(s)

2017-11-22 00:49:44 - [MESSAGE][PASSED] - Delayed 2 second(s)

2017-11-22 00:49:44 - [TEST_STEP][PASSED] - click: Object: 'Object Repository/Equipment/EquipmentSales/EquipmentSalesAgreementHeader/EquipSalesOrder_MMTsavenClose' is clicked on

2017-11-22 00:49:44 - [MESSAGE][PASSED] - Object: 'Object Repository/Equipment/EquipmentSales/EquipmentSalesAgreementHeader/EquipSalesOrder_MMTsavenClose' is clicked on

2017-11-22 00:49:44 - [MESSAGE][PASSED] - Call Test Case 'Test Cases/Equipment/Base_EquipmentSales/Base_EquipmentSalesAddLine' successfully

2017-11-22 00:49:44 - [TEST_STEP][PASSED] - callTestCase: Call Test Case 'Test Cases/Equipment/Base_EquipmentSales/Base_EquipSaleOrderProcessing' successfully

2017-11-22 00:49:44 - [TEST_CASE][PASSED] - Test Cases/Equipment/Base_EquipmentSales/Base_EquipSaleOrderProcessing: Test Cases/Equipment/Base_EquipmentSales/Base_EquipSaleOrderProcessing

2017-11-22 00:49:45 - [TEST_STEP][PASSED] - click: Object: 'Object Repository/Equipment/EquipmentSales/EquipmentSalesAgreementHeader/EquipSalesOrder_Action' is clicked on

2017-11-22 00:49:45 - [MESSAGE][PASSED] - Object: 'Object Repository/Equipment/EquipmentSales/EquipmentSalesAgreementHeader/EquipSalesOrder_Action' is clicked on

2017-11-22 00:49:45 - [TEST_STEP][PASSED] - delay: Delayed 2 second(s)

2017-11-22 00:49:47 - [MESSAGE][PASSED] - Delayed 2 second(s)

2017-11-22 00:49:47 - [TEST_STEP][PASSED] - click: Object: 'Object Repository/Equipment/EquipmentSales/EquipSalesOrder_Process/EquipSalesOrder_SendForApproval' is clicked on

2017-11-22 00:49:47 - [MESSAGE][PASSED] - Object: 'Object Repository/Equipment/EquipmentSales/EquipSalesOrder_Process/EquipSalesOrder_SendForApproval' is clicked on

2017-11-22 00:49:47 - [TEST_STEP][PASSED] - delay: Delayed 2 second(s)

2017-11-22 00:49:49 - [MESSAGE][PASSED] - Delayed 2 second(s)

2017-11-22 00:49:49 - [TEST_STEP][PASSED] - verifyElementText: Actual text and expected text of test object 'Object Repository/Equipment/EquipmentSales/EquipSalesOrder_Process/EquipSalesOrder_Status' are matched.

2017-11-22 00:49:49 - [MESSAGE][PASSED] - Actual text and expected text of test object 'Object Repository/Equipment/EquipmentSales/EquipSalesOrder_Process/EquipSalesOrder_Status' are matched.

2017-11-22 00:49:49 - [TEST_STEP][PASSED] - click: Object: 'Object Repository/Equipment/EquipmentSales/EquipmentSalesAgreementHeader/EquipSalesOrder_Action' is clicked on

2017-11-22 00:49:49 - [MESSAGE][PASSED] - Object: 'Object Repository/Equipment/EquipmentSales/EquipmentSalesAgreementHeader/EquipSalesOrder_Action' is clicked on

2017-11-22 00:49:49 - [TEST_STEP][PASSED] - delay: Delayed 2 second(s)

2017-11-22 00:49:51 - [MESSAGE][PASSED] - Delayed 2 second(s)

2017-11-22 00:49:51 - [TEST_STEP][PASSED] - click: Object: 'Object Repository/Equipment/EquipmentSales/EquipSalesOrder_Process/EquipSalesOrder_Action_Approve' is clicked on

2017-11-22 00:49:52 - [MESSAGE][PASSED] - Object: 'Object Repository/Equipment/EquipmentSales/EquipSalesOrder_Process/EquipSalesOrder_Action_Approve' is clicked on

2017-11-22 00:49:52 - [TEST_STEP][PASSED] - delay: Delayed 2 second(s)

2017-11-22 00:49:54 - [MESSAGE][PASSED] - Delayed 2 second(s)

2017-11-22 00:49:54 - [TEST_STEP][PASSED] - click: Object: 'Object Repository/Equipment/EquipmentSales/EquipmentSalesAgreementHeader/EquipSalesOrder_Action' is clicked on

2017-11-22 00:49:54 - [MESSAGE][PASSED] - Object: 'Object Repository/Equipment/EquipmentSales/EquipmentSalesAgreementHeader/EquipSalesOrder_Action' is clicked on

2017-11-22 00:49:54 - [TEST_STEP][PASSED] - delay: Delayed 2 second(s)

2017-11-22 00:49:56 - [MESSAGE][PASSED] - Delayed 2 second(s)

2017-11-22 00:49:56 - [TEST_STEP][PASSED] - verifyElementText: Actual text and expected text of test object 'Object Repository/Equipment/EquipmentSales/EquipSalesOrder_Process/EquipSalesOrder_Status' are matched.

2017-11-22 00:49:56 - [MESSAGE][PASSED] - Actual text and expected text of test object 'Object Repository/Equipment/EquipmentSales/EquipSalesOrder_Process/EquipSalesOrder_Status' are matched.

2017-11-22 00:49:56 - [TEST_STEP][PASSED] - delay: Delayed 2 second(s)

2017-11-22 00:49:58 - [MESSAGE][PASSED] - Delayed 2 second(s)

2017-11-22 00:49:58 - [TEST_STEP][PASSED] - click: Object: 'Object Repository/Equipment/EquipmentSales/EquipmentSalesAgreementHeader/ESO_Header_Print' is clicked on

2017-11-22 00:49:58 - [MESSAGE][PASSED] - Object: 'Object Repository/Equipment/EquipmentSales/EquipmentSalesAgreementHeader/ESO_Header_Print' is clicked on

2017-11-22 00:49:58 - [TEST_STEP][PASSED] - click: Object: 'Object Repository/Equipment/EquipmentSales/EquipmentSalesAgreementHeader/ESO_Header_Print_FinalPrint' is clicked on

2017-11-22 00:49:59 - [MESSAGE][PASSED] - Object: 'Object Repository/Equipment/EquipmentSales/EquipmentSalesAgreementHeader/ESO_Header_Print_FinalPrint' is clicked on

2017-11-22 00:49:59 - [TEST_STEP][PASSED] - click: Object: 'Object Repository/Equipment/EquipmentSales/EquipmentSalesAgreementHeader/ESO_Header_Print_Print' is clicked on

2017-11-22 00:49:59 - [MESSAGE][PASSED] - Object: 'Object Repository/Equipment/EquipmentSales/EquipmentSalesAgreementHeader/ESO_Header_Print_Print' is clicked on

2017-11-22 00:49:59 - [TEST_STEP][PASSED] - click: Object: 'Object Repository/Equipment/EquipmentSales/EquipmentSalesAgreementHeader/ESO_Header_Print_ESOOK' is clicked on

2017-11-22 00:50:00 - [MESSAGE][PASSED] - Object: 'Object Repository/Equipment/EquipmentSales/EquipmentSalesAgreementHeader/ESO_Header_Print_ESOOK' is clicked on

2017-11-22 00:50:00 - [TEST_STEP][PASSED] - delay: Delayed 2 second(s)

2017-11-22 00:50:02 - [MESSAGE][PASSED] - Delayed 2 second(s)

2017-11-22 00:50:02 - [TEST_STEP][PASSED] - click: Object: 'Object Repository/Equipment/EquipmentSales/EquipmentSalesAgreementHeader/ESO_Print_Device' is clicked on

2017-11-22 00:50:02 - [MESSAGE][PASSED] - Object: 'Object Repository/Equipment/EquipmentSales/EquipmentSalesAgreementHeader/ESO_Print_Device' is clicked on

2017-11-22 00:50:02 - [TEST_STEP][PASSED] - delay: Delayed 2 second(s)

2017-11-22 00:50:04 - [MESSAGE][PASSED] - Delayed 2 second(s)

2017-11-22 00:50:04 - [TEST_STEP][PASSED] - setText: Text 'D' is set on object 'Object Repository/Equipment/EquipmentSales/EquipmentSalesAgreementHeader/ESO_Print_Device'

2017-11-22 00:50:04 - [MESSAGE][PASSED] - Text 'D' is set on object 'Object Repository/Equipment/EquipmentSales/EquipmentSalesAgreementHeader/ESO_Print_Device'

2017-11-22 00:50:04 - [TEST_STEP][PASSED] - click: Object: 'Object Repository/Equipment/EquipmentSales/EquipmentSalesAgreementHeader/ESO_Header_Print_Continue' is clicked on

2017-11-22 00:50:04 - [MESSAGE][PASSED] - Object: 'Object Repository/Equipment/EquipmentSales/EquipmentSalesAgreementHeader/ESO_Header_Print_Continue' is clicked on

2017-11-22 00:50:04 - [TEST_STEP][PASSED] - delay: Delayed 3 second(s)

2017-11-22 00:50:07 - [MESSAGE][PASSED] - Delayed 3 second(s)

2017-11-22 00:50:07 - [TEST_STEP][PASSED] - click: Object: 'Object Repository/Equipment/EquipmentSales/EquipmentSalesAgreementHeader/ESO_Tab' is clicked on

2017-11-22 00:50:08 - [MESSAGE][PASSED] - Object: 'Object Repository/Equipment/EquipmentSales/EquipmentSalesAgreementHeader/ESO_Tab' is clicked on

2017-11-22 00:50:08 - [TEST_STEP][PASSED] - click: Object: 'Object Repository/Equipment/EquipmentSales/EquipmentSalesAgreementHeader/ESO_Print_Close' is clicked on

2017-11-22 00:50:08 - [MESSAGE][PASSED] - Object: 'Object Repository/Equipment/EquipmentSales/EquipmentSalesAgreementHeader/ESO_Print_Close' is clicked on

2017-11-22 00:50:08 - [TEST_STEP][PASSED] - delay: Delayed 3 second(s)

2017-11-22 00:50:11 - [MESSAGE][PASSED] - Delayed 3 second(s)

2017-11-22 00:50:11 - [TEST_STEP][PASSED] - click: Object: 'Object Repository/Equipment/EquipmentSales/EquipmentSalesAgreementHeader/EquipSalesOrder_Action' is clicked on

2017-11-22 00:50:11 - [MESSAGE][PASSED] - Object: 'Object Repository/Equipment/EquipmentSales/EquipmentSalesAgreementHeader/EquipSalesOrder_Action' is clicked on

2017-11-22 00:50:11 - [TEST_STEP][PASSED] - click: Object: 'Object Repository/Equipment/EquipmentSales/EquipmentSalesAgreementHeader/ESO_Header_Action_EquipmentDelivery' is clicked on

2017-11-22 00:50:11 - [MESSAGE][PASSED] - Object: 'Object Repository/Equipment/EquipmentSales/EquipmentSalesAgreementHeader/ESO_Header_Action_EquipmentDelivery' is clicked on

2017-11-22 00:50:11 - [TEST_STEP][PASSED] - waitForElementPresent: Object 'Object Repository/Equipment/EquipmentSales/EquipmentDelivery/ESO_Delivery_Agreement' is present

2017-11-22 00:50:12 - [MESSAGE][PASSED] - Object 'Object Repository/Equipment/EquipmentSales/EquipmentDelivery/ESO_Delivery_Agreement' is present

2017-11-22 00:50:12 - [TEST_STEP][PASSED] - click: Object: 'Object Repository/Equipment/EquipmentSales/EquipmentDelivery/ESO_Delivery_Agreement' is clicked on

2017-11-22 00:50:13 - [MESSAGE][PASSED] - Object: 'Object Repository/Equipment/EquipmentSales/EquipmentDelivery/ESO_Delivery_Agreement' is clicked on

2017-11-22 00:50:13 - [TEST_STEP][PASSED] - click: Object: 'Object Repository/Equipment/EquipmentSales/EquipmentDelivery/ESO_Delivery_Save' is clicked on

2017-11-22 00:50:13 - [MESSAGE][PASSED] - Object: 'Object Repository/Equipment/EquipmentSales/EquipmentDelivery/ESO_Delivery_Save' is clicked on

2017-11-22 00:50:13 - [TEST_STEP][PASSED] - delay: Delayed 3 second(s)

2017-11-22 00:50:16 - [MESSAGE][PASSED] - Delayed 3 second(s)

2017-11-22 00:50:16 - [TEST_STEP][PASSED] - click: Object: 'Object Repository/Equipment/EquipmentSales/EquipmentDelivery/ESO_Delivery_Action' is clicked on

2017-11-22 00:50:16 - [MESSAGE][PASSED] - Object: 'Object Repository/Equipment/EquipmentSales/EquipmentDelivery/ESO_Delivery_Action' is clicked on

2017-11-22 00:50:16 - [TEST_STEP][PASSED] - click: Object: 'Object Repository/Equipment/EquipmentSales/EquipmentDelivery/ESO_Delivery_Action_Line' is clicked on

2017-11-22 00:50:16 - [MESSAGE][PASSED] - Object: 'Object Repository/Equipment/EquipmentSales/EquipmentDelivery/ESO_Delivery_Action_Line' is clicked on

2017-11-22 00:50:16 - [TEST_STEP][PASSED] - waitForElementPresent: Object 'Object Repository/Equipment/EquipmentSales/EquipmentDelivery/ESO_DeliveryLine_New' is present

2017-11-22 00:50:17 - [MESSAGE][PASSED] - Object 'Object Repository/Equipment/EquipmentSales/EquipmentDelivery/ESO_DeliveryLine_New' is present

2017-11-22 00:50:17 - [TEST_STEP][PASSED] - click: Object: 'Object Repository/Equipment/EquipmentSales/EquipmentDelivery/ESO_DeliveryLine_New' is clicked on

2017-11-22 00:50:17 - [MESSAGE][PASSED] - Object: 'Object Repository/Equipment/EquipmentSales/EquipmentDelivery/ESO_DeliveryLine_New' is clicked on

2017-11-22 00:50:17 - [TEST_STEP][PASSED] - delay: Delayed 2 second(s)

2017-11-22 00:50:19 - [MESSAGE][PASSED] - Delayed 2 second(s)

2017-11-22 00:50:19 - [TEST_STEP][PASSED] - click: Object: 'Object Repository/Equipment/EquipmentSales/EquipmentDelivery/ESO_DeliveryLine_SelectLine' is clicked on

2017-11-22 00:50:20 - [MESSAGE][PASSED] - Object: 'Object Repository/Equipment/EquipmentSales/EquipmentDelivery/ESO_DeliveryLine_SelectLine' is clicked on

2017-11-22 00:50:20 - [TEST_STEP][PASSED] - delay: Delayed 2 second(s)

2017-11-22 00:50:22 - [MESSAGE][PASSED] - Delayed 2 second(s)

2017-11-22 00:50:22 - [TEST_STEP][PASSED] - click: Object: 'Object Repository/Equipment/EquipmentSales/EquipmentDelivery/ESO_SelectDeliveryLine_SaveNclose' is clicked on

2017-11-22 00:50:22 - [MESSAGE][PASSED] - Object: 'Object Repository/Equipment/EquipmentSales/EquipmentDelivery/ESO_SelectDeliveryLine_SaveNclose' is clicked on

2017-11-22 00:50:22 - [TEST_STEP][PASSED] - delay: Delayed 2 second(s)

2017-11-22 00:50:24 - [MESSAGE][PASSED] - Delayed 2 second(s)

2017-11-22 00:50:24 - [TEST_STEP][PASSED] - click: Object: 'Object Repository/Equipment/EquipmentSales/EquipmentDelivery/ESO_DeliveryLine_Action' is clicked on

2017-11-22 00:50:24 - [MESSAGE][PASSED] - Object: 'Object Repository/Equipment/EquipmentSales/EquipmentDelivery/ESO_DeliveryLine_Action' is clicked on

2017-11-22 00:50:24 - [TEST_STEP][PASSED] - click: Object: 'Object Repository/Equipment/EquipmentSales/EquipmentDelivery/ESO_Delivery_ActionConfirm' is clicked on

2017-11-22 00:50:24 - [MESSAGE][PASSED] - Object: 'Object Repository/Equipment/EquipmentSales/EquipmentDelivery/ESO_Delivery_ActionConfirm' is clicked on

2017-11-22 00:50:24 - [TEST_STEP][PASSED] - delay: Delayed 3 second(s)

2017-11-22 00:50:27 - [MESSAGE][PASSED] - Delayed 3 second(s)

2017-11-22 00:50:27 - [TEST_STEP][PASSED] - click: Object: 'Object Repository/Equipment/EquipmentSales/EquipmentDelivery/ESO_Delivery_ConfirmYes' is clicked on

2017-11-22 00:50:28 - [MESSAGE][PASSED] - Object: 'Object Repository/Equipment/EquipmentSales/EquipmentDelivery/ESO_Delivery_ConfirmYes' is clicked on

2017-11-22 00:50:28 - [TEST_STEP][NOT_RUN] - click: NOT_RUN: click

2017-11-22 00:50:28 - [MESSAGE][NOT_RUN] - NOT_RUN: click

2017-11-22 00:50:28 - [TEST_STEP][PASSED] - setText: Text 'D' is set on object 'Object Repository/Equipment/EquipmentSales/EquipmentDelivery/ESO_Delivery_Device'

2017-11-22 00:50:29 - [MESSAGE][PASSED] - Text 'D' is set on object 'Object Repository/Equipment/EquipmentSales/EquipmentDelivery/ESO_Delivery_Device'

2017-11-22 00:50:29 - [TEST_STEP][PASSED] - click: Object: 'Object Repository/Equipment/EquipmentSales/EquipmentDelivery/ESO_Delivery_printContinue' is clicked on

2017-11-22 00:50:29 - [MESSAGE][PASSED] - Object: 'Object Repository/Equipment/EquipmentSales/EquipmentDelivery/ESO_Delivery_printContinue' is clicked on

2017-11-22 00:50:29 - [TEST_STEP][PASSED] - delay: Delayed 5 second(s)

2017-11-22 00:50:34 - [MESSAGE][PASSED] - Delayed 5 second(s)

2017-11-22 00:50:34 - [MESSAGE][PASSED] - Call Test Case 'Test Cases/Equipment/Base_EquipmentSales/Base_EquipSaleOrderProcessing' successfully

2017-11-22 00:50:34 - [TEST_STEP][PASSED] - callTestCase: Call Test Case 'Test Cases/Equipment/Base_EquipmentSales/Base_EquipSaleOrder_Invoice_Split' successfully

2017-11-22 00:50:34 - [TEST_CASE][PASSED] - Test Cases/Equipment/Base_EquipmentSales/Base_EquipSaleOrder_Invoice_Split: Test Cases/Equipment/Base_EquipmentSales/Base_EquipSaleOrder_Invoice_Split

2017-11-22 00:50:34 - [TEST_STEP][PASSED] - delay: Delayed 5 second(s)

2017-11-22 00:50:39 - [MESSAGE][PASSED] - Delayed 5 second(s)

2017-11-22 00:50:39 - [TEST_STEP][PASSED] - click: Object: 'Object Repository/Equipment/EquipmentSales/EquipmentDelivery/ESO_EquipDeliveryTab' is clicked on

2017-11-22 00:50:39 - [MESSAGE][PASSED] - Object: 'Object Repository/Equipment/EquipmentSales/EquipmentDelivery/ESO_EquipDeliveryTab' is clicked on

2017-11-22 00:50:39 - [TEST_STEP][PASSED] - delay: Delayed 3 second(s)

2017-11-22 00:50:42 - [MESSAGE][PASSED] - Delayed 3 second(s)

2017-11-22 00:50:42 - [TEST_STEP][PASSED] - click: Object: 'Object Repository/Equipment/EquipmentSales/EquipmentDelivery/ESO_Delivery_Action' is clicked on

2017-11-22 00:50:43 - [MESSAGE][PASSED] - Object: 'Object Repository/Equipment/EquipmentSales/EquipmentDelivery/ESO_Delivery_Action' is clicked on

2017-11-22 00:50:43 - [TEST_STEP][PASSED] - click: Object: 'Object Repository/Equipment/EquipmentSales/EquipmentDelivery/ESO_Delivery_Action_SaleInvoice' is clicked on

2017-11-22 00:50:43 - [MESSAGE][PASSED] - Object: 'Object Repository/Equipment/EquipmentSales/EquipmentDelivery/ESO_Delivery_Action_SaleInvoice' is clicked on

2017-11-22 00:50:43 - [TEST_STEP][PASSED] - delay: Delayed 3 second(s)

2017-11-22 00:50:46 - [MESSAGE][PASSED] - Delayed 3 second(s)

2017-11-22 00:50:46 - [TEST_STEP][PASSED] - click: Object: 'Object Repository/Equipment/EquipmentSales/EquipmentSalesInvoiceCC/ESO_CC_ContinueInvoice' is clicked on

2017-11-22 00:50:46 - [MESSAGE][PASSED] - Object: 'Object Repository/Equipment/EquipmentSales/EquipmentSalesInvoiceCC/ESO_CC_ContinueInvoice' is clicked on

2017-11-22 00:50:46 - [TEST_STEP][PASSED] - delay: Delayed 3 second(s)

2017-11-22 00:50:49 - [MESSAGE][PASSED] - Delayed 3 second(s)

2017-11-22 00:50:49 - [TEST_STEP][PASSED] - setText: Text 'PUBL' is set on object 'Object Repository/Equipment/EquipmentSales/EquipmentSalesInvoiceCC/CCInterface_PaymentGateway'

2017-11-22 00:50:49 - [MESSAGE][PASSED] - Text 'PUBL' is set on object 'Object Repository/Equipment/EquipmentSales/EquipmentSalesInvoiceCC/CCInterface_PaymentGateway'

2017-11-22 00:50:49 - [TEST_STEP][PASSED] - doubleClick: Object: 'Object Repository/Equipment/EquipmentSales/EquipmentSalesInvoiceCC/CCInterface_CardType' is double clicked on

2017-11-22 00:50:49 - [MESSAGE][PASSED] - Object: 'Object Repository/Equipment/EquipmentSales/EquipmentSalesInvoiceCC/CCInterface_CardType' is double clicked on

2017-11-22 00:50:49 - [TEST_STEP][PASSED] - setText: Text 'Visa Card' is set on object 'Object Repository/Equipment/EquipmentSales/EquipmentSalesInvoiceCC/CCInterface_CardType'

2017-11-22 00:50:50 - [MESSAGE][PASSED] - Text 'Visa Card' is set on object 'Object Repository/Equipment/EquipmentSales/EquipmentSalesInvoiceCC/CCInterface_CardType'

2017-11-22 00:50:50 - [TEST_STEP][PASSED] - delay: Delayed 3 second(s)

2017-11-22 00:50:53 - [MESSAGE][PASSED] - Delayed 3 second(s)

2017-11-22 00:50:53 - [TEST_STEP][PASSED] - doubleClick: Object: 'Object Repository/Equipment/EquipmentSales/EquipmentSalesInvoiceCC/CCInterface_CardNo' is double clicked on

2017-11-22 00:50:53 - [MESSAGE][PASSED] - Object: 'Object Repository/Equipment/EquipmentSales/EquipmentSalesInvoiceCC/CCInterface_CardNo' is double clicked on

2017-11-22 00:50:53 - [TEST_STEP][PASSED] - setText: Text '4012000033330026' is set on object 'Object Repository/Equipment/EquipmentSales/EquipmentSalesInvoiceCC/CCInterface_CardNo'

2017-11-22 00:50:53 - [MESSAGE][PASSED] - Text '4012000033330026' is set on object 'Object Repository/Equipment/EquipmentSales/EquipmentSalesInvoiceCC/CCInterface_CardNo'

2017-11-22 00:50:53 - [TEST_STEP][PASSED] - setText: Text '456' is set on object 'Object Repository/Equipment/EquipmentSales/EquipmentSalesInvoiceCC/CCInterface_CVV'

2017-11-22 00:50:53 - [MESSAGE][PASSED] - Text '456' is set on object 'Object Repository/Equipment/EquipmentSales/EquipmentSalesInvoiceCC/CCInterface_CVV'

2017-11-22 00:50:53 - [TEST_STEP][PASSED] - setText: Text '09' is set on object 'Object Repository/Equipment/EquipmentSales/EquipmentSalesInvoiceCC/CCInterface_MM'

2017-11-22 00:50:53 - [MESSAGE][PASSED] - Text '09' is set on object 'Object Repository/Equipment/EquipmentSales/EquipmentSalesInvoiceCC/CCInterface_MM'

2017-11-22 00:50:53 - [TEST_STEP][PASSED] - setText: Text '99' is set on object 'Object Repository/Equipment/EquipmentSales/EquipmentSalesInvoiceCC/CCInterface_YY'

2017-11-22 00:50:54 - [MESSAGE][PASSED] - Text '99' is set on object 'Object Repository/Equipment/EquipmentSales/EquipmentSalesInvoiceCC/CCInterface_YY'

2017-11-22 00:50:54 - [TEST_STEP][PASSED] - click: Object: 'Object Repository/Equipment/EquipmentSales/EquipmentSalesInvoiceCC/CCInterface_SplitPayment' is clicked on

2017-11-22 00:50:54 - [MESSAGE][PASSED] - Object: 'Object Repository/Equipment/EquipmentSales/EquipmentSalesInvoiceCC/CCInterface_SplitPayment' is clicked on

2017-11-22 00:50:54 - [TEST_STEP][PASSED] - click: Object: 'Object Repository/Equipment/EquipmentSales/EquipmentSalesInvoiceCC/CCInterface_SplitTenderYes' is clicked on

2017-11-22 00:50:54 - [MESSAGE][PASSED] - Object: 'Object Repository/Equipment/EquipmentSales/EquipmentSalesInvoiceCC/CCInterface_SplitTenderYes' is clicked on

2017-11-22 00:50:54 - [TEST_STEP][PASSED] - click: Object: 'Object Repository/Equipment/EquipmentSales/EquipmentSalesInvoiceCC/CCInterface_SplitPaymentPlus' is clicked on

2017-11-22 00:50:54 - [MESSAGE][PASSED] - Object: 'Object Repository/Equipment/EquipmentSales/EquipmentSalesInvoiceCC/CCInterface_SplitPaymentPlus' is clicked on

2017-11-22 00:50:54 - [TEST_STEP][PASSED] - delay: Delayed 5 second(s)

2017-11-22 00:50:59 - [MESSAGE][PASSED] - Delayed 5 second(s)

2017-11-22 00:50:59 - [TEST_STEP][PASSED] - Statement - G_OrderAmt = com.kms.katalon.core.webui.keyword.WebUiBuiltInKeywords.getText(com.kms.katalon.core.testobject.ObjectRepository.findTestObject(Object Repository/Equipment/EquipmentSales/EquipmentSalesInvoiceCC/CCInterface_OrderTotal)): Text of object 'Object Repository/Equipment/EquipmentSales/EquipmentSalesInvoiceCC/CCInterface_OrderTotal' is: '10.00'

2017-11-22 00:50:59 - [MESSAGE][PASSED] - Text of object 'Object Repository/Equipment/EquipmentSales/EquipmentSalesInvoiceCC/CCInterface_OrderTotal' is: '10.00'

2017-11-22 00:50:59 - [TEST_STEP][PASSED] - Statement - G_SplitOrderAmt2 = G_OrderAmt - 2: null

2017-11-22 00:50:59 - [TEST_STEP][PASSED] - Statement - println(G_SplitOrderAmt1): null

2017-11-22 00:50:59 - [TEST_STEP][PASSED] - Statement - println(G_SplitOrderAmt2): null

2017-11-22 00:50:59 - [TEST_STEP][PASSED] - delay: Delayed 2 second(s)

2017-11-22 00:51:01 - [MESSAGE][PASSED] - Delayed 2 second(s)

2017-11-22 00:51:01 - [TEST_STEP][PASSED] - comment: *********Line 1: Credit Card Started***********************

2017-11-22 00:51:01 - [TEST_STEP][PASSED] - click: Object: 'Object Repository/Equipment/EquipmentSales/SplitPayment/Page_Infor LN UI (1)/CCInterface_Split_New' is clicked on

2017-11-22 00:51:01 - [MESSAGE][PASSED] - Object: 'Object Repository/Equipment/EquipmentSales/SplitPayment/Page_Infor LN UI (1)/CCInterface_Split_New' is clicked on

2017-11-22 00:51:01 - [TEST_STEP][PASSED] - delay: Delayed 2 second(s)

2017-11-22 00:51:03 - [MESSAGE][PASSED] - Delayed 2 second(s)

2017-11-22 00:51:03 - [TEST_STEP][PASSED] - click: Object: 'Object Repository/Equipment/EquipmentSales/SplitPayment/Page_Infor LN UI (1)/CC_Interface_Split_CC1_add' is clicked on

2017-11-22 00:51:04 - [MESSAGE][PASSED] - Object: 'Object Repository/Equipment/EquipmentSales/SplitPayment/Page_Infor LN UI (1)/CC_Interface_Split_CC1_add' is clicked on

2017-11-22 00:51:04 - [TEST_STEP][PASSED] - delay: Delayed 2 second(s)

2017-11-22 00:51:06 - [MESSAGE][PASSED] - Delayed 2 second(s)

2017-11-22 00:51:06 - [TEST_STEP][PASSED] - sendKeys: Keys '4012000033330026' sent to object: 'Object Repository/Equipment/EquipmentSales/SplitPayment/Page_Infor LN UI (1)/CC_Interface_Split_CC1_add'

2017-11-22 00:51:06 - [MESSAGE][PASSED] - Keys '4012000033330026' sent to object: 'Object Repository/Equipment/EquipmentSales/SplitPayment/Page_Infor LN UI (1)/CC_Interface_Split_CC1_add'

2017-11-22 00:51:06 - [TEST_STEP][PASSED] - click: Object: 'Object Repository/Equipment/EquipmentSales/SplitPayment/Page_Infor LN UI (1)/CC_Interface_Split_CC1_add' is clicked on

2017-11-22 00:51:06 - [MESSAGE][PASSED] - Object: 'Object Repository/Equipment/EquipmentSales/SplitPayment/Page_Infor LN UI (1)/CC_Interface_Split_CC1_add' is clicked on

2017-11-22 00:51:06 - [TEST_STEP][PASSED] - delay: Delayed 2 second(s)

2017-11-22 00:51:08 - [MESSAGE][PASSED] - Delayed 2 second(s)

2017-11-22 00:51:08 - [TEST_STEP][PASSED] - sendKeys: Keys '456' sent to object: 'Object Repository/Equipment/EquipmentSales/SplitPayment/Page_Infor LN UI (1)/CCInterface_Split_CVV1_add'

2017-11-22 00:51:08 - [MESSAGE][PASSED] - Keys '456' sent to object: 'Object Repository/Equipment/EquipmentSales/SplitPayment/Page_Infor LN UI (1)/CCInterface_Split_CVV1_add'

2017-11-22 00:51:08 - [TEST_STEP][PASSED] - click: Object: 'Object Repository/Equipment/EquipmentSales/SplitPayment/Page_Infor LN UI (1)/CCInterface_Split_Order1_add' is clicked on

2017-11-22 00:51:08 - [MESSAGE][PASSED] - Object: 'Object Repository/Equipment/EquipmentSales/SplitPayment/Page_Infor LN UI (1)/CCInterface_Split_Order1_add' is clicked on

2017-11-22 00:51:08 - [TEST_STEP][PASSED] - delay: Delayed 2 second(s)

2017-11-22 00:51:10 - [MESSAGE][PASSED] - Delayed 2 second(s)

2017-11-22 00:51:10 - [TEST_STEP][PASSED] - sendKeys: Keys '1.00' sent to object: 'Object Repository/Equipment/EquipmentSales/SplitPayment/Page_Infor LN UI (1)/CCInterface_Split_Order1_add'

2017-11-22 00:51:11 - [MESSAGE][PASSED] - Keys '1.00' sent to object: 'Object Repository/Equipment/EquipmentSales/SplitPayment/Page_Infor LN UI (1)/CCInterface_Split_Order1_add'

2017-11-22 00:51:11 - [TEST_STEP][PASSED] - click: Object: 'Object Repository/Equipment/EquipmentSales/SplitPayment/Page_Infor LN UI (1)/CCInterface_Split_Save' is clicked on

2017-11-22 00:51:11 - [MESSAGE][PASSED] - Object: 'Object Repository/Equipment/EquipmentSales/SplitPayment/Page_Infor LN UI (1)/CCInterface_Split_Save' is clicked on

2017-11-22 00:51:11 - [TEST_STEP][PASSED] - comment: *********Line 2: Credit Card Started***********************

2017-11-22 00:51:11 - [TEST_STEP][PASSED] - click: Object: 'Object Repository/Equipment/EquipmentSales/SplitPayment/Page_Infor LN UI (1)/CCInterface_Split_New' is clicked on

2017-11-22 00:51:11 - [MESSAGE][PASSED] - Object: 'Object Repository/Equipment/EquipmentSales/SplitPayment/Page_Infor LN UI (1)/CCInterface_Split_New' is clicked on

2017-11-22 00:51:11 - [TEST_STEP][PASSED] - delay: Delayed 2 second(s)

2017-11-22 00:51:13 - [MESSAGE][PASSED] - Delayed 2 second(s)

2017-11-22 00:51:13 - [TEST_STEP][PASSED] - click: Object: 'Object Repository/Equipment/EquipmentSales/SplitPayment/Page_Infor LN UI (1)/CCInterface_Split_CC2add' is clicked on

2017-11-22 00:51:13 - [MESSAGE][PASSED] - Object: 'Object Repository/Equipment/EquipmentSales/SplitPayment/Page_Infor LN UI (1)/CCInterface_Split_CC2add' is clicked on

2017-11-22 00:51:13 - [TEST_STEP][PASSED] - delay: Delayed 2 second(s)

2017-11-22 00:51:15 - [MESSAGE][PASSED] - Delayed 2 second(s)

2017-11-22 00:51:15 - [TEST_STEP][PASSED] - setText: Text '4111123400062020' is set on object 'Object Repository/Equipment/EquipmentSales/SplitPayment/Page_Infor LN UI (1)/CCInterface_Split_CC2add'

2017-11-22 00:51:15 - [MESSAGE][PASSED] - Text '4111123400062020' is set on object 'Object Repository/Equipment/EquipmentSales/SplitPayment/Page_Infor LN UI (1)/CCInterface_Split_CC2add'

2017-11-22 00:51:15 - [TEST_STEP][PASSED] - delay: Delayed 2 second(s)

2017-11-22 00:51:17 - [MESSAGE][PASSED] - Delayed 2 second(s)

2017-11-22 00:51:17 - [TEST_STEP][PASSED] - click: Object: 'Object Repository/Equipment/EquipmentSales/SplitPayment/Page_Infor LN UI (1)/CCInterface_Split_CVV2add' is clicked on

2017-11-22 00:51:18 - [MESSAGE][PASSED] - Object: 'Object Repository/Equipment/EquipmentSales/SplitPayment/Page_Infor LN UI (1)/CCInterface_Split_CVV2add' is clicked on

2017-11-22 00:51:18 - [TEST_STEP][PASSED] - delay: Delayed 2 second(s)

2017-11-22 00:51:20 - [MESSAGE][PASSED] - Delayed 2 second(s)

2017-11-22 00:51:20 - [TEST_STEP][PASSED] - setText: Text '456' is set on object 'Object Repository/Equipment/EquipmentSales/SplitPayment/Page_Infor LN UI (1)/CCInterface_Split_CVV2add'

2017-11-22 00:51:20 - [MESSAGE][PASSED] - Text '456' is set on object 'Object Repository/Equipment/EquipmentSales/SplitPayment/Page_Infor LN UI (1)/CCInterface_Split_CVV2add'

2017-11-22 00:51:20 - [TEST_STEP][PASSED] - click: Object: 'Object Repository/Equipment/EquipmentSales/SplitPayment/Page_Infor LN UI (1)/CCInterface_Split_CardType2' is clicked on

2017-11-22 00:51:20 - [MESSAGE][PASSED] - Object: 'Object Repository/Equipment/EquipmentSales/SplitPayment/Page_Infor LN UI (1)/CCInterface_Split_CardType2' is clicked on

2017-11-22 00:51:20 - [TEST_STEP][PASSED] - click: Object: 'Object Repository/Equipment/EquipmentSales/SplitPayment/Page_Infor LN UI (1)/CCInterface_Split_Name2' is clicked on

2017-11-22 00:51:20 - [MESSAGE][PASSED] - Object: 'Object Repository/Equipment/EquipmentSales/SplitPayment/Page_Infor LN UI (1)/CCInterface_Split_Name2' is clicked on

2017-11-22 00:51:20 - [TEST_STEP][PASSED] - delay: Delayed 2 second(s)

2017-11-22 00:51:22 - [MESSAGE][PASSED] - Delayed 2 second(s)

2017-11-22 00:51:22 - [TEST_STEP][PASSED] - setText: Text 'Robin' is set on object 'Object Repository/Equipment/EquipmentSales/SplitPayment/Page_Infor LN UI (1)/CCInterface_Split_Name2'

2017-11-22 00:51:23 - [MESSAGE][PASSED] - Text 'Robin' is set on object 'Object Repository/Equipment/EquipmentSales/SplitPayment/Page_Infor LN UI (1)/CCInterface_Split_Name2'

2017-11-22 00:51:23 - [TEST_STEP][PASSED] - click: Object: 'Object Repository/Equipment/EquipmentSales/SplitPayment/Page_Infor LN UI (1)/CCInterface_Split_Month2' is clicked on

2017-11-22 00:51:23 - [MESSAGE][PASSED] - Object: 'Object Repository/Equipment/EquipmentSales/SplitPayment/Page_Infor LN UI (1)/CCInterface_Split_Month2' is clicked on

2017-11-22 00:51:23 - [TEST_STEP][PASSED] - delay: Delayed 2 second(s)

2017-11-22 00:51:25 - [MESSAGE][PASSED] - Delayed 2 second(s)

2017-11-22 00:51:25 - [TEST_STEP][PASSED] - setText: Text '09' is set on object 'Object Repository/Equipment/EquipmentSales/SplitPayment/Page_Infor LN UI (1)/CCInterface_Split_Month2'

2017-11-22 00:51:25 - [MESSAGE][PASSED] - Text '09' is set on object 'Object Repository/Equipment/EquipmentSales/SplitPayment/Page_Infor LN UI (1)/CCInterface_Split_Month2'

2017-11-22 00:51:25 - [TEST_STEP][PASSED] - click: Object: 'Object Repository/Equipment/EquipmentSales/SplitPayment/Page_Infor LN UI (1)/CCInterface_Split_Year2' is clicked on

2017-11-22 00:51:25 - [MESSAGE][PASSED] - Object: 'Object Repository/Equipment/EquipmentSales/SplitPayment/Page_Infor LN UI (1)/CCInterface_Split_Year2' is clicked on

2017-11-22 00:51:25 - [TEST_STEP][PASSED] - delay: Delayed 2 second(s)

2017-11-22 00:51:27 - [MESSAGE][PASSED] - Delayed 2 second(s)

2017-11-22 00:51:27 - [TEST_STEP][PASSED] - setText: Text '99' is set on object 'Object Repository/Equipment/EquipmentSales/SplitPayment/Page_Infor LN UI (1)/CCInterface_Split_Year2'

2017-11-22 00:51:27 - [MESSAGE][PASSED] - Text '99' is set on object 'Object Repository/Equipment/EquipmentSales/SplitPayment/Page_Infor LN UI (1)/CCInterface_Split_Year2'

2017-11-22 00:51:27 - [TEST_STEP][PASSED] - click: Object: 'Object Repository/Equipment/EquipmentSales/SplitPayment/Page_Infor LN UI (1)/CCInterface_Split_Order2add' is clicked on

2017-11-22 00:51:28 - [MESSAGE][PASSED] - Object: 'Object Repository/Equipment/EquipmentSales/SplitPayment/Page_Infor LN UI (1)/CCInterface_Split_Order2add' is clicked on

2017-11-22 00:51:28 - [TEST_STEP][PASSED] - delay: Delayed 2 second(s)

2017-11-22 00:51:30 - [MESSAGE][PASSED] - Delayed 2 second(s)

2017-11-22 00:51:30 - [TEST_STEP][PASSED] - setText: Text '1.00' is set on object 'Object Repository/Equipment/EquipmentSales/SplitPayment/Page_Infor LN UI (1)/CCInterface_Split_Order2add'

2017-11-22 00:51:30 - [MESSAGE][PASSED] - Text '1.00' is set on object 'Object Repository/Equipment/EquipmentSales/SplitPayment/Page_Infor LN UI (1)/CCInterface_Split_Order2add'

2017-11-22 00:51:30 - [TEST_STEP][PASSED] - click: Object: 'Object Repository/Equipment/EquipmentSales/SplitPayment/Page_Infor LN UI (1)/CCInterface_Split_Save' is clicked on

2017-11-22 00:51:30 - [MESSAGE][PASSED] - Object: 'Object Repository/Equipment/EquipmentSales/SplitPayment/Page_Infor LN UI (1)/CCInterface_Split_Save' is clicked on

2017-11-22 00:51:30 - [TEST_STEP][PASSED] - comment: *********Line 3: Cash Started***********************

2017-11-22 00:51:30 - [TEST_STEP][PASSED] - click: Object: 'Object Repository/Equipment/EquipmentSales/SplitPayment/Page_Infor LN UI (1)/CCInterface_Split_New' is clicked on

2017-11-22 00:51:30 - [MESSAGE][PASSED] - Object: 'Object Repository/Equipment/EquipmentSales/SplitPayment/Page_Infor LN UI (1)/CCInterface_Split_New' is clicked on

2017-11-22 00:51:30 - [TEST_STEP][PASSED] - delay: Delayed 2 second(s)

2017-11-22 00:51:32 - [MESSAGE][PASSED] - Delayed 2 second(s)

2017-11-22 00:51:32 - [TEST_STEP][PASSED] - click: Object: 'Object Repository/Equipment/EquipmentSales/SplitPayment/Line3_Cash/Split_3_ModeOfPayment' is clicked on

2017-11-22 00:51:33 - [MESSAGE][PASSED] - Object: 'Object Repository/Equipment/EquipmentSales/SplitPayment/Line3_Cash/Split_3_ModeOfPayment' is clicked on

2017-11-22 00:51:33 - [TEST_STEP][PASSED] - click: Object: 'Object Repository/Equipment/EquipmentSales/SplitPayment/Line3_Cash/Split_3_Cashoption' is clicked on

2017-11-22 00:51:33 - [MESSAGE][PASSED] - Object: 'Object Repository/Equipment/EquipmentSales/SplitPayment/Line3_Cash/Split_3_Cashoption' is clicked on

2017-11-22 00:51:33 - [TEST_STEP][PASSED] - click: Object: 'Object Repository/Equipment/EquipmentSales/SplitPayment/Line3_Cash/Split_3_OrderAmt' is clicked on

2017-11-22 00:51:33 - [MESSAGE][PASSED] - Object: 'Object Repository/Equipment/EquipmentSales/SplitPayment/Line3_Cash/Split_3_OrderAmt' is clicked on

2017-11-22 00:51:33 - [TEST_STEP][PASSED] - delay: Delayed 2 second(s)

2017-11-22 00:51:35 - [MESSAGE][PASSED] - Delayed 2 second(s)

2017-11-22 00:51:35 - [TEST_STEP][PASSED] - setText: Text '8.0' is set on object 'Object Repository/Equipment/EquipmentSales/SplitPayment/Line3_Cash/Split_3_OrderAmt'

2017-11-22 00:51:35 - [MESSAGE][PASSED] - Text '8.0' is set on object 'Object Repository/Equipment/EquipmentSales/SplitPayment/Line3_Cash/Split_3_OrderAmt'

2017-11-22 00:51:35 - [TEST_STEP][PASSED] - click: Object: 'Object Repository/Equipment/EquipmentSales/SplitPayment/Page_Infor LN UI (1)/CCInterface_Split_Save' is clicked on

2017-11-22 00:51:36 - [MESSAGE][PASSED] - Object: 'Object Repository/Equipment/EquipmentSales/SplitPayment/Page_Infor LN UI (1)/CCInterface_Split_Save' is clicked on

2017-11-22 00:51:36 - [TEST_STEP][PASSED] - click: Object: 'Object Repository/Equipment/EquipmentSales/SplitPayment/Spilt_Action' is clicked on

2017-11-22 00:51:36 - [MESSAGE][PASSED] - Object: 'Object Repository/Equipment/EquipmentSales/SplitPayment/Spilt_Action' is clicked on

2017-11-22 00:51:36 - [TEST_STEP][PASSED] - click: Object: 'Object Repository/Equipment/EquipmentSales/SplitPayment/Split_ApplyTax' is clicked on

2017-11-22 00:51:36 - [MESSAGE][PASSED] - Object: 'Object Repository/Equipment/EquipmentSales/SplitPayment/Split_ApplyTax' is clicked on

2017-11-22 00:51:36 - [TEST_STEP][PASSED] - delay: Delayed 5 second(s)

2017-11-22 00:51:41 - [MESSAGE][PASSED] - Delayed 5 second(s)

2017-11-22 00:51:41 - [TEST_STEP][PASSED] - click: Object: 'Object Repository/Equipment/EquipmentSales/SplitPayment/Page_Infor LN UI (1)/Split_Scrollup' is clicked on

2017-11-22 00:51:41 - [MESSAGE][PASSED] - Object: 'Object Repository/Equipment/EquipmentSales/SplitPayment/Page_Infor LN UI (1)/Split_Scrollup' is clicked on

2017-11-22 00:51:41 - [TEST_STEP][PASSED] - scrollToElement: Scroll to object 'Object Repository/Equipment/EquipmentSales/SplitPayment/Page_Infor LN UI (1)/Split_InvoiceAmt1' successfully

2017-11-22 00:51:42 - [MESSAGE][PASSED] - Scroll to object 'Object Repository/Equipment/EquipmentSales/SplitPayment/Page_Infor LN UI (1)/Split_InvoiceAmt1' successfully

2017-11-22 00:51:42 - [TEST_STEP][PASSED] - Statement - G_SplitInvoiceAmt1 = com.kms.katalon.core.webui.keyword.WebUiBuiltInKeywords.getText(com.kms.katalon.core.testobject.ObjectRepository.findTestObject(Equipment/EquipmentSales/SplitPayment/Page_Infor LN UI (1)/Split_InvoiceAmt1)): Text of object 'Object Repository/Equipment/EquipmentSales/SplitPayment/Page_Infor LN UI (1)/Split_InvoiceAmt1' is: '1.00'

2017-11-22 00:51:42 - [MESSAGE][PASSED] - Text of object 'Object Repository/Equipment/EquipmentSales/SplitPayment/Page_Infor LN UI (1)/Split_InvoiceAmt1' is: '1.00'

2017-11-22 00:51:42 - [TEST_STEP][PASSED] - scrollToElement: Scroll to object 'Object Repository/Equipment/EquipmentSales/SplitPayment/Page_Infor LN UI (1)/Split_InvoiceAmt2' successfully

2017-11-22 00:51:42 - [MESSAGE][PASSED] - Scroll to object 'Object Repository/Equipment/EquipmentSales/SplitPayment/Page_Infor LN UI (1)/Split_InvoiceAmt2' successfully

2017-11-22 00:51:42 - [TEST_STEP][PASSED] - Statement - G_SplitInvoiceAmt2 = com.kms.katalon.core.webui.keyword.WebUiBuiltInKeywords.getText(com.kms.katalon.core.testobject.ObjectRepository.findTestObject(Equipment/EquipmentSales/SplitPayment/Page_Infor LN UI (1)/Split_InvoiceAmt2)): Text of object 'Object Repository/Equipment/EquipmentSales/SplitPayment/Page_Infor LN UI (1)/Split_InvoiceAmt2' is: '8.00'

2017-11-22 00:51:42 - [MESSAGE][PASSED] - Text of object 'Object Repository/Equipment/EquipmentSales/SplitPayment/Page_Infor LN UI (1)/Split_InvoiceAmt2' is: '8.00'

2017-11-22 00:51:42 - [TEST_STEP][PASSED] - delay: Delayed 5 second(s)

2017-11-22 00:51:47 - [MESSAGE][PASSED] - Delayed 5 second(s)

2017-11-22 00:51:47 - [TEST_STEP][PASSED] - click: Object: 'Object Repository/Equipment/EquipmentSales/SplitPayment/Split_SaveNclose' is clicked on

2017-11-22 00:51:47 - [MESSAGE][PASSED] - Object: 'Object Repository/Equipment/EquipmentSales/SplitPayment/Split_SaveNclose' is clicked on

2017-11-22 00:51:47 - [TEST_STEP][PASSED] - click: Object: 'Object Repository/Equipment/EquipmentSales/EquipmentSalesInvoiceCC/CCInterface_Process' is clicked on

2017-11-22 00:51:47 - [MESSAGE][PASSED] - Object: 'Object Repository/Equipment/EquipmentSales/EquipmentSalesInvoiceCC/CCInterface_Process' is clicked on

2017-11-22 00:51:47 - [TEST_STEP][PASSED] - delay: Delayed 5 second(s)

2017-11-22 00:51:52 - [MESSAGE][PASSED] - Delayed 5 second(s)

2017-11-22 00:51:52 - [TEST_STEP][PASSED] - waitForElementPresent: Object 'Object Repository/Equipment/EquipmentSales/EquipmentSalesInvoiceCC/EPO_SplitInvoice_TextSelection' is present

2017-11-22 00:52:09 - [MESSAGE][PASSED] - Object 'Object Repository/Equipment/EquipmentSales/EquipmentSalesInvoiceCC/EPO_SplitInvoice_TextSelection' is present

2017-11-22 00:52:09 - [TEST_STEP][PASSED] - click: Object: 'Object Repository/Equipment/EquipmentSales/EquipmentSalesInvoiceCC/EPO_SplitInvoice_TextSelection' is clicked on

2017-11-22 00:52:09 - [MESSAGE][PASSED] - Object: 'Object Repository/Equipment/EquipmentSales/EquipmentSalesInvoiceCC/EPO_SplitInvoice_TextSelection' is clicked on

2017-11-22 00:52:09 - [TEST_STEP][PASSED] - setText: Text 'D' is set on object 'Object Repository/Equipment/EquipmentSales/EquipmentSalesInvoiceCC/EPO_SplitInvoice_Device '

2017-11-22 00:52:10 - [MESSAGE][PASSED] - Text 'D' is set on object 'Object Repository/Equipment/EquipmentSales/EquipmentSalesInvoiceCC/EPO_SplitInvoice_Device '

2017-11-22 00:52:10 - [TEST_STEP][PASSED] - click: Object: 'Object Repository/Equipment/EquipmentSales/EquipmentSalesInvoiceCC/EPO_SplitInvoice_Continue ' is clicked on

2017-11-22 00:52:10 - [MESSAGE][PASSED] - Object: 'Object Repository/Equipment/EquipmentSales/EquipmentSalesInvoiceCC/EPO_SplitInvoice_Continue ' is clicked on

2017-11-22 00:52:10 - [TEST_STEP][PASSED] - delay: Delayed 10 second(s)

2017-11-22 00:52:20 - [MESSAGE][PASSED] - Delayed 10 second(s)

2017-11-22 00:52:20 - [MESSAGE][PASSED] - Call Test Case 'Test Cases/Equipment/Base_EquipmentSales/Base_EquipSaleOrder_Invoice_Split' successfully

2017-11-22 00:52:20 - [TEST_STEP][PASSED] - callTestCase: Call Test Case 'Test Cases/Parts/BaseTestCases/Base_Part_GetInvoiceDetails' successfully

2017-11-22 00:52:21 - [TEST_CASE][PASSED] - Test Cases/Parts/BaseTestCases/Base_Part_GetInvoiceDetails: Test Cases/Parts/BaseTestCases/Base_Part_GetInvoiceDetails

2017-11-22 00:52:21 - [TEST_STEP][PASSED] - callTestCase: Call Test Case 'Test Cases/Common/Base_Common_OpenSession' successfully

2017-11-22 00:52:21 - [TEST_CASE][PASSED] - Test Cases/Common/Base_Common_OpenSession: Test Cases/Common/Base_Common_OpenSession

2017-11-22 00:52:21 - [TEST_STEP][PASSED] - openBrowser: Browser is opened with url: 'https://rgajbhiye:Robin$123@proxima-ln4.e-emphasys.com:8441/webui/servlet/login'

2017-11-22 00:52:21 - [MESSAGE][WARNING] - A browser is already opened. Closing browser and opening a new one

2017-11-22 00:52:28 - [MESSAGE][PASSED] - Browser is opened with url: 'https://rgajbhiye:Robin$123@proxima-ln4.e-emphasys.com:8441/webui/servlet/login'

2017-11-22 00:52:28 - [TEST_STEP][PASSED] - waitForPageLoad: Wait for page load successfully

2017-11-22 00:52:28 - [MESSAGE][PASSED] - Wait for page load successfully

2017-11-22 00:52:28 - [TEST_STEP][PASSED] - maximizeWindow: Current window maximized

2017-11-22 00:52:28 - [MESSAGE][PASSED] - Current window maximized

2017-11-22 00:52:28 - [TEST_STEP][PASSED] - click: Object: 'Object Repository/Common/HomePage/HomePage_more' is clicked on

2017-11-22 00:52:31 - [MESSAGE][PASSED] - Object: 'Object Repository/Common/HomePage/HomePage_more' is clicked on

2017-11-22 00:52:31 - [TEST_STEP][PASSED] - click: Object: 'Object Repository/Common/HomePage/HomePage_Option' is clicked on

2017-11-22 00:52:31 - [MESSAGE][PASSED] - Object: 'Object Repository/Common/HomePage/HomePage_Option' is clicked on

2017-11-22 00:52:31 - [TEST_STEP][PASSED] - click: Object: 'Object Repository/Common/HomePage/HomePage_RunProgram_' is clicked on

2017-11-22 00:52:31 - [MESSAGE][PASSED] - Object: 'Object Repository/Common/HomePage/HomePage_RunProgram_' is clicked on

2017-11-22 00:52:31 - [TEST_STEP][PASSED] - sendKeys: Keys 'ttaad4500' sent to object: 'Object Repository/Common/HomePage/HomePage_Session_ID'

2017-11-22 00:52:31 - [MESSAGE][PASSED] - Keys 'ttaad4500' sent to object: 'Object Repository/Common/HomePage/HomePage_Session_ID'

2017-11-22 00:52:31 - [TEST_STEP][PASSED] - click: Object: 'Object Repository/Common/HomePage/HomePage_OkButton' is clicked on

2017-11-22 00:52:32 - [MESSAGE][PASSED] - Object: 'Object Repository/Common/HomePage/HomePage_OkButton' is clicked on

2017-11-22 00:52:32 - [MESSAGE][PASSED] - Call Test Case 'Test Cases/Common/Base_Common_OpenSession' successfully

2017-11-22 00:52:32 - [TEST_STEP][PASSED] - doubleClick: Object: 'Object Repository/Parts/cisli245/cisli245_package' is double clicked on

2017-11-22 00:52:32 - [MESSAGE][PASSED] - Object: 'Object Repository/Parts/cisli245/cisli245_package' is double clicked on

2017-11-22 00:52:32 - [TEST_STEP][PASSED] - setText: Text 'ci' is set on object 'Object Repository/Parts/cisli245/cisli245_package'

2017-11-22 00:52:32 - [MESSAGE][PASSED] - Text 'ci' is set on object 'Object Repository/Parts/cisli245/cisli245_package'

2017-11-22 00:52:32 - [TEST_STEP][PASSED] - doubleClick: Object: 'Object Repository/Parts/cisli245/cisli245_module' is double clicked on

2017-11-22 00:52:32 - [MESSAGE][PASSED] - Object: 'Object Repository/Parts/cisli245/cisli245_module' is double clicked on

2017-11-22 00:52:32 - [TEST_STEP][PASSED] - setText: Text 'sli' is set on object 'Object Repository/Parts/cisli245/cisli245_module'

2017-11-22 00:52:33 - [MESSAGE][PASSED] - Text 'sli' is set on object 'Object Repository/Parts/cisli245/cisli245_module'

2017-11-22 00:52:33 - [TEST_STEP][PASSED] - delay: Delayed 2 second(s)

2017-11-22 00:52:35 - [MESSAGE][PASSED] - Delayed 2 second(s)

2017-11-22 00:52:35 - [TEST_STEP][PASSED] - doubleClick: Object: 'Object Repository/Parts/cisli245/cisli245_table' is double clicked on

2017-11-22 00:52:35 - [MESSAGE][PASSED] - Object: 'Object Repository/Parts/cisli245/cisli245_table' is double clicked on

2017-11-22 00:52:35 - [TEST_STEP][PASSED] - setText: Text '245' is set on object 'Object Repository/Parts/cisli245/cisli245_table'

2017-11-22 00:52:35 - [MESSAGE][PASSED] - Text '245' is set on object 'Object Repository/Parts/cisli245/cisli245_table'

2017-11-22 00:52:35 - [TEST_STEP][PASSED] - click: Object: 'Object Repository/Parts/cisli245/cisli245_ok' is clicked on

2017-11-22 00:52:35 - [MESSAGE][PASSED] - Object: 'Object Repository/Parts/cisli245/cisli245_ok' is clicked on

2017-11-22 00:52:35 - [TEST_STEP][NOT_RUN] - doubleClick: NOT_RUN: doubleClick

2017-11-22 00:52:35 - [MESSAGE][NOT_RUN] - NOT_RUN: doubleClick

2017-11-22 00:52:35 - [TEST_STEP][PASSED] - click: Object: 'Object Repository/Parts/cisli245/cisli245_find' is clicked on

2017-11-22 00:52:37 - [MESSAGE][PASSED] - Object: 'Object Repository/Parts/cisli245/cisli245_find' is clicked on

2017-11-22 00:52:37 - [TEST_STEP][PASSED] - doubleClick: Object: 'Object Repository/Parts/cisli245/cisli245_SaleOrder' is double clicked on

2017-11-22 00:52:37 - [MESSAGE][PASSED] - Object: 'Object Repository/Parts/cisli245/cisli245_SaleOrder' is double clicked on

2017-11-22 00:52:37 - [TEST_STEP][PASSED] - setText: Text 'ESA016767' is set on object 'Object Repository/Parts/cisli245/cisli245_SaleOrder'

2017-11-22 00:52:37 - [MESSAGE][PASSED] - Text 'ESA016767' is set on object 'Object Repository/Parts/cisli245/cisli245_SaleOrder'

2017-11-22 00:52:37 - [TEST_STEP][PASSED] - click: Object: 'Object Repository/Parts/cisli245/cisli245_oksearch' is clicked on

2017-11-22 00:52:37 - [MESSAGE][PASSED] - Object: 'Object Repository/Parts/cisli245/cisli245_oksearch' is clicked on

2017-11-22 00:52:37 - [TEST_STEP][PASSED] - delay: Delayed 3 second(s)

2017-11-22 00:52:40 - [MESSAGE][PASSED] - Delayed 3 second(s)

2017-11-22 00:52:40 - [TEST_STEP][PASSED] - getAttribute: Attribute 'value' of object 'Object Repository/Parts/cisli245/cisli245_OrderNo' is: 'ESA016767'

2017-11-22 00:52:40 - [MESSAGE][PASSED] - Attribute 'value' of object 'Object Repository/Parts/cisli245/cisli245_OrderNo' is: 'ESA016767'

2017-11-22 00:52:40 - [TEST_STEP][PASSED] - Statement - G_InvoiceTnxType = com.kms.katalon.core.webui.keyword.WebUiBuiltInKeywords.getAttribute(com.kms.katalon.core.testobject.ObjectRepository.findTestObject(Parts/cisli245/cisli245_invoice1), "value"): Attribute 'value' of object 'Object Repository/Parts/cisli245/cisli245_invoice1' is: 'SIE'

2017-11-22 00:52:41 - [MESSAGE][PASSED] - Attribute 'value' of object 'Object Repository/Parts/cisli245/cisli245_invoice1' is: 'SIE'

2017-11-22 00:52:41 - [TEST_STEP][PASSED] - Statement - G_InvoiceTnxNo = com.kms.katalon.core.webui.keyword.WebUiBuiltInKeywords.getAttribute(com.kms.katalon.core.testobject.ObjectRepository.findTestObject(Parts/cisli245/cisli245_invoice2), "value"): Attribute 'value' of object 'Object Repository/Parts/cisli245/cisli245_invoice2' is: '10002806'

2017-11-22 00:52:41 - [MESSAGE][PASSED] - Attribute 'value' of object 'Object Repository/Parts/cisli245/cisli245_invoice2' is: '10002806'

2017-11-22 00:52:41 - [TEST_STEP][PASSED] - Statement - G_InvoiceAmt = com.kms.katalon.core.webui.keyword.WebUiBuiltInKeywords.getAttribute(com.kms.katalon.core.testobject.ObjectRepository.findTestObject(Parts/cisli245/cisli245_amount), "value"): Attribute 'value' of object 'Object Repository/Parts/cisli245/cisli245_amount' is: '10'

2017-11-22 00:52:41 - [MESSAGE][PASSED] - Attribute 'value' of object 'Object Repository/Parts/cisli245/cisli245_amount' is: '10'

2017-11-22 00:52:41 - [MESSAGE][PASSED] - Call Test Case 'Test Cases/Parts/BaseTestCases/Base_Part_GetInvoiceDetails' successfully

2017-11-22 00:52:41 - [TEST_STEP][PASSED] - callTestCase: Call Test Case 'Test Cases/Finance/BaseTestCases/Base_Finance_CheckOpenEntriesForCCSplitPayments' successfully

2017-11-22 00:52:41 - [TEST_CASE][PASSED] - Test Cases/Finance/BaseTestCases/Base_Finance_CheckOpenEntriesForCCSplitPayments: Test Cases/Finance/BaseTestCases/Base_Finance_CheckOpenEntriesForCCSplitPayments

2017-11-22 00:52:41 - [TEST_STEP][PASSED] - callTestCase: Call Test Case 'Test Cases/Common/Base_Common_OpenSession' successfully

2017-11-22 00:52:41 - [TEST_CASE][PASSED] - Test Cases/Common/Base_Common_OpenSession: Test Cases/Common/Base_Common_OpenSession

2017-11-22 00:52:41 - [TEST_STEP][PASSED] - openBrowser: Browser is opened with url: 'https://rgajbhiye:Robin$123@proxima-ln4.e-emphasys.com:8441/webui/servlet/login'

2017-11-22 00:52:41 - [MESSAGE][WARNING] - A browser is already opened. Closing browser and opening a new one

2017-11-22 00:52:47 - [MESSAGE][PASSED] - Browser is opened with url: 'https://rgajbhiye:Robin$123@proxima-ln4.e-emphasys.com:8441/webui/servlet/login'

2017-11-22 00:52:47 - [TEST_STEP][PASSED] - waitForPageLoad: Wait for page load successfully

2017-11-22 00:52:47 - [MESSAGE][PASSED] - Wait for page load successfully

2017-11-22 00:52:47 - [TEST_STEP][PASSED] - maximizeWindow: Current window maximized

2017-11-22 00:52:47 - [MESSAGE][PASSED] - Current window maximized

2017-11-22 00:52:47 - [TEST_STEP][PASSED] - click: Object: 'Object Repository/Common/HomePage/HomePage_more' is clicked on

2017-11-22 00:52:51 - [MESSAGE][PASSED] - Object: 'Object Repository/Common/HomePage/HomePage_more' is clicked on

2017-11-22 00:52:51 - [TEST_STEP][PASSED] - click: Object: 'Object Repository/Common/HomePage/HomePage_Option' is clicked on

2017-11-22 00:52:51 - [MESSAGE][PASSED] - Object: 'Object Repository/Common/HomePage/HomePage_Option' is clicked on

2017-11-22 00:52:51 - [TEST_STEP][PASSED] - click: Object: 'Object Repository/Common/HomePage/HomePage_RunProgram_' is clicked on

2017-11-22 00:52:51 - [MESSAGE][PASSED] - Object: 'Object Repository/Common/HomePage/HomePage_RunProgram_' is clicked on

2017-11-22 00:52:51 - [TEST_STEP][PASSED] - sendKeys: Keys 'tfacr2520m000' sent to object: 'Object Repository/Common/HomePage/HomePage_Session_ID'

2017-11-22 00:52:51 - [MESSAGE][PASSED] - Keys 'tfacr2520m000' sent to object: 'Object Repository/Common/HomePage/HomePage_Session_ID'

2017-11-22 00:52:51 - [TEST_STEP][PASSED] - click: Object: 'Object Repository/Common/HomePage/HomePage_OkButton' is clicked on

2017-11-22 00:52:52 - [MESSAGE][PASSED] - Object: 'Object Repository/Common/HomePage/HomePage_OkButton' is clicked on

2017-11-22 00:52:52 - [MESSAGE][PASSED] - Call Test Case 'Test Cases/Common/Base_Common_OpenSession' successfully

2017-11-22 00:52:52 - [TEST_STEP][PASSED] - click: Object: 'Object Repository/Finance/BaseTestCases_OpenEntries_Service/OpenEntries_DocumentType' is clicked on

2017-11-22 00:52:55 - [MESSAGE][PASSED] - Object: 'Object Repository/Finance/BaseTestCases_OpenEntries_Service/OpenEntries_DocumentType' is clicked on

2017-11-22 00:52:55 - [TEST_STEP][PASSED] - click: Object: 'Object Repository/Finance/BaseTestCases_OpenEntries_Service/OpenEntries_DocumentNo' is clicked on

2017-11-22 00:52:55 - [MESSAGE][PASSED] - Object: 'Object Repository/Finance/BaseTestCases_OpenEntries_Service/OpenEntries_DocumentNo' is clicked on

2017-11-22 00:52:55 - [TEST_STEP][PASSED] - setText: Text 'SIE' is set on object 'Object Repository/Finance/BaseTestCases_OpenEntries_Service/OpenEntries_DocumentType'

2017-11-22 00:52:55 - [MESSAGE][PASSED] - Text 'SIE' is set on object 'Object Repository/Finance/BaseTestCases_OpenEntries_Service/OpenEntries_DocumentType'

2017-11-22 00:52:55 - [TEST_STEP][NOT_RUN] - sendKeys: NOT_RUN: sendKeys

2017-11-22 00:52:55 - [MESSAGE][NOT_RUN] - NOT_RUN: sendKeys

2017-11-22 00:52:55 - [TEST_STEP][NOT_RUN] - delay: NOT_RUN: delay

2017-11-22 00:52:55 - [MESSAGE][NOT_RUN] - NOT_RUN: delay

2017-11-22 00:52:55 - [TEST_STEP][PASSED] - setText: Text '10002806' is set on object 'Object Repository/Finance/BaseTestCases_OpenEntries_Service/OpenEntries_DocumentNo'

2017-11-22 00:52:56 - [MESSAGE][PASSED] - Text '10002806' is set on object 'Object Repository/Finance/BaseTestCases_OpenEntries_Service/OpenEntries_DocumentNo'

2017-11-22 00:52:56 - [TEST_STEP][NOT_RUN] - delay: NOT_RUN: delay

2017-11-22 00:52:56 - [MESSAGE][NOT_RUN] - NOT_RUN: delay

2017-11-22 00:52:56 - [TEST_STEP][NOT_RUN] - sendKeys: NOT_RUN: sendKeys

2017-11-22 00:52:56 - [MESSAGE][NOT_RUN] - NOT_RUN: sendKeys

2017-11-22 00:52:56 - [TEST_STEP][PASSED] - click: Object: 'Object Repository/Finance/BaseTestCases_OpenEntries_Service/OpenEntries_Action' is clicked on

2017-11-22 00:52:57 - [MESSAGE][PASSED] - Object: 'Object Repository/Finance/BaseTestCases_OpenEntries_Service/OpenEntries_Action' is clicked on

2017-11-22 00:52:57 - [TEST_STEP][PASSED] - click: Object: 'Object Repository/Finance/BaseTestCases_OpenEntries_Service/OpenEntries.FullyPaid' is clicked on

2017-11-22 00:52:57 - [MESSAGE][PASSED] - Object: 'Object Repository/Finance/BaseTestCases_OpenEntries_Service/OpenEntries.FullyPaid' is clicked on

2017-11-22 00:52:57 - [TEST_STEP][PASSED] - delay: Delayed 2 second(s)

2017-11-22 00:52:59 - [MESSAGE][PASSED] - Delayed 2 second(s)

2017-11-22 00:52:59 - [TEST_STEP][PASSED] - scrollToElement: Scroll to object 'Object Repository/Finance/BaseTestCases_OpenEntries_Service/OpenEntries.BalanceAmt' successfully

2017-11-22 00:52:59 - [MESSAGE][PASSED] - Scroll to object 'Object Repository/Finance/BaseTestCases_OpenEntries_Service/OpenEntries.BalanceAmt' successfully

2017-11-22 00:52:59 - [TEST_STEP][PASSED] - delay: Delayed 3 second(s)

2017-11-22 00:53:02 - [MESSAGE][PASSED] - Delayed 3 second(s)

2017-11-22 00:53:02 - [TEST_STEP][PASSED] - Statement - BalanceAmount = com.kms.katalon.core.webui.keyword.WebUiBuiltInKeywords.getText(com.kms.katalon.core.testobject.ObjectRepository.findTestObject(Finance/BaseTestCases_OpenEntries_Service/OpenEntries.BalanceAmt)): Text of object 'Object Repository/Finance/BaseTestCases_OpenEntries_Service/OpenEntries.BalanceAmt' is: '8.00'

2017-11-22 00:53:02 - [MESSAGE][PASSED] - Text of object 'Object Repository/Finance/BaseTestCases_OpenEntries_Service/OpenEntries.BalanceAmt' is: '8.00'

2017-11-22 00:53:02 - [TEST_STEP][PASSED] - verifyEqual: Actual object '8.00' and expected object '8.00' are equal

2017-11-22 00:53:02 - [MESSAGE][PASSED] - Actual object '8.00' and expected object '8.00' are equal

2017-11-22 00:53:02 - [TEST_STEP][PASSED] - click: Object: 'Object Repository/Finance/BaseTestCases_OpenEntries_Service/OpenEntries.Reference' is clicked on

2017-11-22 00:53:02 - [MESSAGE][PASSED] - Object: 'Object Repository/Finance/BaseTestCases_OpenEntries_Service/OpenEntries.Reference' is clicked on

2017-11-22 00:53:02 - [TEST_STEP][PASSED] - setText: Text '' is set on object 'Object Repository/Finance/BaseTestCases_OpenEntries_Service/OpenEntries_DocumentType'

2017-11-22 00:53:03 - [MESSAGE][PASSED] - Text '' is set on object 'Object Repository/Finance/BaseTestCases_OpenEntries_Service/OpenEntries_DocumentType'

2017-11-22 00:53:03 - [TEST_STEP][PASSED] - setText: Text '' is set on object 'Object Repository/Finance/BaseTestCases_OpenEntries_Service/OpenEntries_DocumentNo'

2017-11-22 00:53:04 - [MESSAGE][PASSED] - Text '' is set on object 'Object Repository/Finance/BaseTestCases_OpenEntries_Service/OpenEntries_DocumentNo'

2017-11-22 00:53:04 - [TEST_STEP][PASSED] - sendKeys: Keys 'TAB + ' sent to object: 'Object Repository/Finance/BaseTestCases_OpenEntries_Service/OpenEntries_DocumentType'

2017-11-22 00:53:04 - [MESSAGE][PASSED] - Keys 'TAB + ' sent to object: 'Object Repository/Finance/BaseTestCases_OpenEntries_Service/OpenEntries_DocumentType'

2017-11-22 00:53:04 - [TEST_STEP][PASSED] - sendKeys: Keys 'TAB + ' sent to object: 'Object Repository/Finance/BaseTestCases_OpenEntries_Service/OpenEntries_DocumentNo'

2017-11-22 00:53:04 - [MESSAGE][PASSED] - Keys 'TAB + ' sent to object: 'Object Repository/Finance/BaseTestCases_OpenEntries_Service/OpenEntries_DocumentNo'

2017-11-22 00:53:04 - [TEST_STEP][PASSED] - sendKeys: Keys 'M00000010 (SIE/10002806)' sent to object: 'Object Repository/Finance/BaseTestCases_OpenEntries_Service/OpenEntries.Reference'

2017-11-22 00:53:04 - [MESSAGE][PASSED] - Keys 'M00000010 (SIE/10002806)' sent to object: 'Object Repository/Finance/BaseTestCases_OpenEntries_Service/OpenEntries.Reference'

2017-11-22 00:53:04 - [TEST_STEP][PASSED] - click: Object: 'Object Repository/Finance/BaseTestCases_OpenEntries_Service/OpenEntries_DocumentNo' is clicked on

2017-11-22 00:53:04 - [MESSAGE][PASSED] - Object: 'Object Repository/Finance/BaseTestCases_OpenEntries_Service/OpenEntries_DocumentNo' is clicked on

2017-11-22 00:53:04 - [TEST_STEP][PASSED] - delay: Delayed 3 second(s)

2017-11-22 00:53:07 - [MESSAGE][PASSED] - Delayed 3 second(s)

2017-11-22 00:53:07 - [TEST_STEP][PASSED] - scrollToElement: Scroll to object 'Object Repository/Finance/BaseTestCases_OpenEntries_Service/OpenEntries.BalanceAmt' successfully

2017-11-22 00:53:08 - [MESSAGE][PASSED] - Scroll to object 'Object Repository/Finance/BaseTestCases_OpenEntries_Service/OpenEntries.BalanceAmt' successfully

2017-11-22 00:53:08 - [TEST_STEP][PASSED] - Statement - BalanceAmount = com.kms.katalon.core.webui.keyword.WebUiBuiltInKeywords.getText(com.kms.katalon.core.testobject.ObjectRepository.findTestObject(Finance/BaseTestCases_OpenEntries_Service/OpenEntries.BalanceAmt)): Text of object 'Object Repository/Finance/BaseTestCases_OpenEntries_Service/OpenEntries.BalanceAmt' is: '1.00'

2017-11-22 00:53:08 - [MESSAGE][PASSED] - Text of object 'Object Repository/Finance/BaseTestCases_OpenEntries_Service/OpenEntries.BalanceAmt' is: '1.00'

2017-11-22 00:53:08 - [TEST_STEP][PASSED] - verifyEqual: Actual object '1.00' and expected object '1.00' are equal

2017-11-22 00:53:08 - [MESSAGE][PASSED] - Actual object '1.00' and expected object '1.00' are equal

2017-11-22 00:53:08 - [TEST_STEP][PASSED] - Statement - BalanceAmount = com.kms.katalon.core.webui.keyword.WebUiBuiltInKeywords.getText(com.kms.katalon.core.testobject.ObjectRepository.findTestObject(Finance/BaseTestCases_OpenEntries_Service/OpenEntries_BalanceAmtLine2)): Text of object 'Object Repository/Finance/BaseTestCases_OpenEntries_Service/OpenEntries_BalanceAmtLine2' is: '1.00'

2017-11-22 00:53:08 - [MESSAGE][PASSED] - Text of object 'Object Repository/Finance/BaseTestCases_OpenEntries_Service/OpenEntries_BalanceAmtLine2' is: '1.00'

2017-11-22 00:53:08 - [TEST_STEP][PASSED] - verifyEqual: Actual object '1.00' and expected object '1.00' are equal

2017-11-22 00:53:08 - [MESSAGE][PASSED] - Actual object '1.00' and expected object '1.00' are equal

2017-11-22 00:53:08 - [TEST_STEP][PASSED] - delay: Delayed 3 second(s)

2017-11-22 00:53:11 - [MESSAGE][PASSED] - Delayed 3 second(s)

2017-11-22 00:53:11 - [TEST_STEP][PASSED] - closeBrowser: Browser is closed

2017-11-22 00:53:11 - [MESSAGE][PASSED] - Browser is closed

2017-11-22 00:53:11 - [MESSAGE][PASSED] - Call Test Case 'Test Cases/Finance/BaseTestCases/Base_Finance_CheckOpenEntriesForCCSplitPayments' successfully]]></system-out>
         <system-err><![CDATA[]]></system-err>
      </testcase>
      <system-out><![CDATA[2017-11-22 00:37:12 - [TEST_SUITE][PASSED] - CC_EquipmentTestSuite: Test Cases/Equipment/CreditCardRegression/TC002_EquipmentSalesAgreement_Split]]></system-out>
      <system-err><![CDATA[]]></system-err>
   </testsuite>
</testsuites>
